nohup: ignoring input
[I 2025-11-19 23:11:31,007] A new study created in memory with name: no-name-0175e2db-61aa-46d4-811e-f88692c3ffa8
[I 2025-11-19 23:12:23,342] Trial 0 finished with value: 162623.4012451172 and parameters: {'n_units': 1000, 'alpha': 1.0, 'sigma_in': 0.9, 'rho': 0.9, 'tikh': 0.01, 'option': 2, 'N_train': 20000, 'out_dim': 3, 'Normalization': 1}. Best is trial 0 with value: 162623.4012451172.
[I 2025-11-19 23:13:43,661] Trial 1 finished with value: 0.5247977992519737 and parameters: {'n_units': 1000, 'alpha': 0.8, 'sigma_in': 0.2, 'rho': 0.6, 'tikh': 0.1, 'option': 2, 'N_train': 20000, 'out_dim': 3, 'Normalization': 1}. Best is trial 1 with value: 0.5247977992519737.
[I 2025-11-19 23:29:29,110] Trial 2 finished with value: 3132766.5507749557 and parameters: {'n_units': 2000, 'alpha': 0.4, 'sigma_in': 0.4, 'rho': 0.30000000000000004, 'tikh': 0.001, 'option': 3, 'N_train': 20000, 'out_dim': 3, 'Normalization': 1}. Best is trial 1 with value: 0.5247977992519737.
[I 2025-11-19 23:58:28,160] Trial 3 finished with value: 80481.83943333625 and parameters: {'n_units': 3000, 'alpha': 0.4, 'sigma_in': 0.5, 'rho': 0.6, 'tikh': 1e-05, 'option': 4, 'N_train': 20000, 'out_dim': 3, 'Normalization': 1}. Best is trial 1 with value: 0.5247977992519737.
[I 2025-11-20 00:05:17,200] Trial 4 finished with value: 1184.5217317581178 and parameters: {'n_units': 1000, 'alpha': 0.7000000000000001, 'sigma_in': 0.5, 'rho': 0.5, 'tikh': 0.0001, 'option': 5, 'N_train': 20000, 'out_dim': 3, 'Normalization': 1}. Best is trial 1 with value: 0.5247977992519737.
[I 2025-11-20 00:12:11,301] Trial 5 finished with value: 1780.1016662597656 and parameters: {'n_units': 1000, 'alpha': 0.30000000000000004, 'sigma_in': 0.5, 'rho': 0.9, 'tikh': 1e-10, 'option': 2, 'N_train': 20000, 'out_dim': 3, 'Normalization': 1}. Best is trial 1 with value: 0.5247977992519737.
[I 2025-11-20 00:18:48,006] Trial 6 finished with value: 3106.472107410431 and parameters: {'n_units': 1000, 'alpha': 0.8, 'sigma_in': 0.9, 'rho': 0.7000000000000001, 'tikh': 0.0001, 'option': 4, 'N_train': 20000, 'out_dim': 3, 'Normalization': 1}. Best is trial 1 with value: 0.5247977992519737.
[I 2025-11-20 00:36:50,673] Trial 7 finished with value: 463.7075283050537 and parameters: {'n_units': 2000, 'alpha': 0.5, 'sigma_in': 0.1, 'rho': 0.9, 'tikh': 1e-08, 'option': 2, 'N_train': 20000, 'out_dim': 3, 'Normalization': 1}. Best is trial 1 with value: 0.5247977992519737.
[I 2025-11-20 00:43:42,017] Trial 8 finished with value: 7913.978745269776 and parameters: {'n_units': 1000, 'alpha': 0.2, 'sigma_in': 0.4, 'rho': 0.9, 'tikh': 1e-05, 'option': 5, 'N_train': 20000, 'out_dim': 3, 'Normalization': 1}. Best is trial 1 with value: 0.5247977992519737.
[I 2025-11-20 01:00:33,770] Trial 9 finished with value: 8340101.444567871 and parameters: {'n_units': 2000, 'alpha': 1.0, 'sigma_in': 0.6, 'rho': 0.9, 'tikh': 1e-07, 'option': 2, 'N_train': 20000, 'out_dim': 3, 'Normalization': 1}. Best is trial 1 with value: 0.5247977992519737.
[I 2025-11-20 01:25:54,218] Trial 10 finished with value: 0.22010327726602555 and parameters: {'n_units': 3000, 'alpha': 0.7000000000000001, 'sigma_in': 0.1, 'rho': 0.1, 'tikh': 0.1, 'option': 3, 'N_train': 20000, 'out_dim': 3, 'Normalization': 1}. Best is trial 10 with value: 0.22010327726602555.
[I 2025-11-20 01:50:57,253] Trial 11 finished with value: 0.22223810404539107 and parameters: {'n_units': 3000, 'alpha': 0.7000000000000001, 'sigma_in': 0.1, 'rho': 0.1, 'tikh': 0.1, 'option': 3, 'N_train': 20000, 'out_dim': 3, 'Normalization': 1}. Best is trial 10 with value: 0.22010327726602555.
[I 2025-11-20 02:17:56,883] Trial 12 finished with value: 0.23346794694662093 and parameters: {'n_units': 3000, 'alpha': 0.6, 'sigma_in': 0.1, 'rho': 0.1, 'tikh': 0.1, 'option': 3, 'N_train': 20000, 'out_dim': 3, 'Normalization': 1}. Best is trial 10 with value: 0.22010327726602555.
[I 2025-11-20 02:44:40,852] Trial 13 finished with value: 12.815618832409381 and parameters: {'n_units': 3000, 'alpha': 0.8, 'sigma_in': 0.30000000000000004, 'rho': 0.1, 'tikh': 0.1, 'option': 3, 'N_train': 20000, 'out_dim': 3, 'Normalization': 1}. Best is trial 10 with value: 0.22010327726602555.
[I 2025-11-20 03:09:09,328] Trial 14 finished with value: 920.880354309082 and parameters: {'n_units': 3000, 'alpha': 0.6, 'sigma_in': 0.7000000000000001, 'rho': 0.30000000000000004, 'tikh': 1e-06, 'option': 3, 'N_train': 20000, 'out_dim': 3, 'Normalization': 1}. Best is trial 10 with value: 0.22010327726602555.
[I 2025-11-20 03:32:30,089] Trial 15 finished with value: 1547.7404438018798 and parameters: {'n_units': 3000, 'alpha': 0.7000000000000001, 'sigma_in': 0.2, 'rho': 0.30000000000000004, 'tikh': 1e-09, 'option': 3, 'N_train': 20000, 'out_dim': 3, 'Normalization': 1}. Best is trial 10 with value: 0.22010327726602555.
[I 2025-11-20 03:55:42,923] Trial 16 finished with value: 4.019342792034149 and parameters: {'n_units': 3000, 'alpha': 0.9, 'sigma_in': 0.1, 'rho': 0.2, 'tikh': 0.1, 'option': 3, 'N_train': 20000, 'out_dim': 3, 'Normalization': 1}. Best is trial 10 with value: 0.22010327726602555.
[I 2025-11-20 04:11:34,021] Trial 17 finished with value: 80.76078371540643 and parameters: {'n_units': 2000, 'alpha': 0.1, 'sigma_in': 0.30000000000000004, 'rho': 0.4, 'tikh': 0.1, 'option': 3, 'N_train': 20000, 'out_dim': 3, 'Normalization': 1}. Best is trial 10 with value: 0.22010327726602555.
[I 2025-11-20 04:34:52,437] Trial 18 finished with value: 15436827.546271896 and parameters: {'n_units': 3000, 'alpha': 0.5, 'sigma_in': 0.7000000000000001, 'rho': 0.1, 'tikh': 1e-08, 'option': 3, 'N_train': 20000, 'out_dim': 3, 'Normalization': 1}. Best is trial 10 with value: 0.22010327726602555.
[I 2025-11-20 04:52:00,645] Trial 19 finished with value: 31657.83899383545 and parameters: {'n_units': 2000, 'alpha': 0.7000000000000001, 'sigma_in': 0.30000000000000004, 'rho': 0.4, 'tikh': 1e-07, 'option': 5, 'N_train': 20000, 'out_dim': 3, 'Normalization': 1}. Best is trial 10 with value: 0.22010327726602555.
[I 2025-11-20 05:16:18,231] Trial 20 finished with value: 3105.9570556640624 and parameters: {'n_units': 3000, 'alpha': 0.9, 'sigma_in': 0.2, 'rho': 0.2, 'tikh': 0.001, 'option': 4, 'N_train': 20000, 'out_dim': 3, 'Normalization': 1}. Best is trial 10 with value: 0.22010327726602555.
[I 2025-11-20 05:39:53,369] Trial 21 finished with value: 0.2395764708518982 and parameters: {'n_units': 3000, 'alpha': 0.6, 'sigma_in': 0.1, 'rho': 0.1, 'tikh': 0.1, 'option': 3, 'N_train': 20000, 'out_dim': 3, 'Normalization': 1}. Best is trial 10 with value: 0.22010327726602555.
[I 2025-11-20 06:01:42,358] Trial 22 finished with value: 0.9715233385562897 and parameters: {'n_units': 3000, 'alpha': 0.6, 'sigma_in': 0.1, 'rho': 0.2, 'tikh': 0.1, 'option': 3, 'N_train': 20000, 'out_dim': 3, 'Normalization': 1}. Best is trial 10 with value: 0.22010327726602555.
[I 2025-11-20 06:25:33,648] Trial 23 finished with value: 0.006758394232019782 and parameters: {'n_units': 3000, 'alpha': 0.7000000000000001, 'sigma_in': 0.2, 'rho': 0.1, 'tikh': 0.1, 'option': 3, 'N_train': 20000, 'out_dim': 3, 'Normalization': 1}. Best is trial 23 with value: 0.006758394232019782.
[I 2025-11-20 06:44:30,477] Trial 24 finished with value: 16451.459158325197 and parameters: {'n_units': 2000, 'alpha': 0.7000000000000001, 'sigma_in': 0.2, 'rho': 0.2, 'tikh': 1e-06, 'option': 3, 'N_train': 20000, 'out_dim': 3, 'Normalization': 1}. Best is trial 23 with value: 0.006758394232019782.
[I 2025-11-20 07:11:34,729] Trial 25 finished with value: 5459.5984558105465 and parameters: {'n_units': 3000, 'alpha': 0.9, 'sigma_in': 0.30000000000000004, 'rho': 0.4, 'tikh': 0.01, 'option': 3, 'N_train': 20000, 'out_dim': 3, 'Normalization': 1}. Best is trial 23 with value: 0.006758394232019782.
[I 2025-11-20 07:38:10,475] Trial 26 finished with value: 324.1100420951843 and parameters: {'n_units': 3000, 'alpha': 0.8, 'sigma_in': 0.2, 'rho': 0.1, 'tikh': 1e-10, 'option': 3, 'N_train': 20000, 'out_dim': 3, 'Normalization': 1}. Best is trial 23 with value: 0.006758394232019782.
[I 2025-11-20 07:56:40,652] Trial 27 finished with value: 3004.945436477661 and parameters: {'n_units': 2000, 'alpha': 0.5, 'sigma_in': 1.0, 'rho': 0.2, 'tikh': 1e-09, 'option': 3, 'N_train': 20000, 'out_dim': 3, 'Normalization': 1}. Best is trial 23 with value: 0.006758394232019782.
[I 2025-11-20 08:24:39,177] Trial 28 finished with value: 300.21569442749023 and parameters: {'n_units': 3000, 'alpha': 0.7000000000000001, 'sigma_in': 0.4, 'rho': 0.30000000000000004, 'tikh': 0.1, 'option': 5, 'N_train': 20000, 'out_dim': 3, 'Normalization': 1}. Best is trial 23 with value: 0.006758394232019782.
[I 2025-11-20 08:50:55,249] Trial 29 finished with value: 54751.63671264648 and parameters: {'n_units': 3000, 'alpha': 1.0, 'sigma_in': 0.1, 'rho': 0.7000000000000001, 'tikh': 0.01, 'option': 4, 'N_train': 20000, 'out_dim': 3, 'Normalization': 1}. Best is trial 23 with value: 0.006758394232019782.
[I 2025-11-20 09:08:50,955] Trial 30 finished with value: 0.01880944154690951 and parameters: {'n_units': 2000, 'alpha': 0.4, 'sigma_in': 0.2, 'rho': 0.1, 'tikh': 0.1, 'option': 3, 'N_train': 20000, 'out_dim': 3, 'Normalization': 1}. Best is trial 23 with value: 0.006758394232019782.
[I 2025-11-20 09:25:44,053] Trial 31 finished with value: 25.233895168453454 and parameters: {'n_units': 2000, 'alpha': 0.4, 'sigma_in': 0.2, 'rho': 0.1, 'tikh': 0.1, 'option': 3, 'N_train': 20000, 'out_dim': 3, 'Normalization': 1}. Best is trial 23 with value: 0.006758394232019782.
[I 2025-11-20 09:44:08,481] Trial 32 finished with value: 0.8686108742142096 and parameters: {'n_units': 2000, 'alpha': 0.30000000000000004, 'sigma_in': 0.2, 'rho': 0.2, 'tikh': 0.1, 'option': 3, 'N_train': 20000, 'out_dim': 3, 'Normalization': 1}. Best is trial 23 with value: 0.006758394232019782.
[I 2025-11-20 10:02:17,920] Trial 33 finished with value: 101.05643359273672 and parameters: {'n_units': 2000, 'alpha': 0.8, 'sigma_in': 0.30000000000000004, 'rho': 0.1, 'tikh': 0.1, 'option': 3, 'N_train': 20000, 'out_dim': 3, 'Normalization': 1}. Best is trial 23 with value: 0.006758394232019782.
[I 2025-11-20 10:29:30,357] Trial 34 finished with value: 0.4392934709787369 and parameters: {'n_units': 3000, 'alpha': 0.5, 'sigma_in': 0.1, 'rho': 0.2, 'tikh': 0.1, 'option': 3, 'N_train': 20000, 'out_dim': 3, 'Normalization': 1}. Best is trial 23 with value: 0.006758394232019782.
[I 2025-11-20 10:47:33,163] Trial 35 finished with value: 1009.0790153503418 and parameters: {'n_units': 2000, 'alpha': 0.4, 'sigma_in': 0.4, 'rho': 0.30000000000000004, 'tikh': 0.001, 'option': 2, 'N_train': 20000, 'out_dim': 3, 'Normalization': 1}. Best is trial 23 with value: 0.006758394232019782.
[I 2025-11-20 11:14:57,708] Trial 36 finished with value: 0.013323892862536013 and parameters: {'n_units': 3000, 'alpha': 0.30000000000000004, 'sigma_in': 0.2, 'rho': 0.5, 'tikh': 0.1, 'option': 3, 'N_train': 20000, 'out_dim': 3, 'Normalization': 1}. Best is trial 23 with value: 0.006758394232019782.
[I 2025-11-20 11:32:31,656] Trial 37 finished with value: 312.0969596862793 and parameters: {'n_units': 2000, 'alpha': 0.30000000000000004, 'sigma_in': 0.4, 'rho': 0.8, 'tikh': 1e-05, 'option': 4, 'N_train': 20000, 'out_dim': 3, 'Normalization': 1}. Best is trial 23 with value: 0.006758394232019782.
[I 2025-11-20 11:58:37,496] Trial 38 finished with value: 124.5089827299118 and parameters: {'n_units': 3000, 'alpha': 0.2, 'sigma_in': 0.30000000000000004, 'rho': 0.5, 'tikh': 0.1, 'option': 3, 'N_train': 20000, 'out_dim': 3, 'Normalization': 1}. Best is trial 23 with value: 0.006758394232019782.
[I 2025-11-20 12:04:50,636] Trial 39 finished with value: 5592665.914078522 and parameters: {'n_units': 1000, 'alpha': 0.30000000000000004, 'sigma_in': 0.2, 'rho': 1.0, 'tikh': 0.0001, 'option': 5, 'N_train': 20000, 'out_dim': 3, 'Normalization': 1}. Best is trial 23 with value: 0.006758394232019782.
[I 2025-11-20 12:19:33,498] Trial 40 finished with value: 344.26702938079836 and parameters: {'n_units': 2000, 'alpha': 0.2, 'sigma_in': 0.6, 'rho': 0.7000000000000001, 'tikh': 1e-10, 'option': 2, 'N_train': 20000, 'out_dim': 3, 'Normalization': 1}. Best is trial 23 with value: 0.006758394232019782.
[I 2025-11-20 12:39:34,853] Trial 41 finished with value: 23.47630367279053 and parameters: {'n_units': 3000, 'alpha': 0.4, 'sigma_in': 0.1, 'rho': 0.6, 'tikh': 0.1, 'option': 3, 'N_train': 20000, 'out_dim': 3, 'Normalization': 1}. Best is trial 23 with value: 0.006758394232019782.
[I 2025-11-20 13:01:32,899] Trial 42 finished with value: 0.005647279345430434 and parameters: {'n_units': 3000, 'alpha': 0.7000000000000001, 'sigma_in': 0.2, 'rho': 0.1, 'tikh': 0.1, 'option': 3, 'N_train': 20000, 'out_dim': 3, 'Normalization': 1}. Best is trial 42 with value: 0.005647279345430434.
[I 2025-11-20 13:26:54,045] Trial 43 finished with value: 8005.840066528321 and parameters: {'n_units': 3000, 'alpha': 0.6, 'sigma_in': 0.2, 'rho': 0.1, 'tikh': 1e-08, 'option': 3, 'N_train': 20000, 'out_dim': 3, 'Normalization': 1}. Best is trial 42 with value: 0.005647279345430434.
[I 2025-11-20 13:52:21,706] Trial 44 finished with value: 133.48904305920004 and parameters: {'n_units': 3000, 'alpha': 0.4, 'sigma_in': 0.30000000000000004, 'rho': 0.30000000000000004, 'tikh': 0.1, 'option': 3, 'N_train': 20000, 'out_dim': 3, 'Normalization': 1}. Best is trial 42 with value: 0.005647279345430434.
[I 2025-11-20 14:16:54,629] Trial 45 finished with value: 5254.207409667969 and parameters: {'n_units': 3000, 'alpha': 0.30000000000000004, 'sigma_in': 0.2, 'rho': 0.5, 'tikh': 1e-07, 'option': 3, 'N_train': 20000, 'out_dim': 3, 'Normalization': 1}. Best is trial 42 with value: 0.005647279345430434.
[I 2025-11-20 14:45:43,632] Trial 46 finished with value: 6625.746276855469 and parameters: {'n_units': 3000, 'alpha': 0.1, 'sigma_in': 0.4, 'rho': 0.8, 'tikh': 0.0001, 'option': 2, 'N_train': 20000, 'out_dim': 3, 'Normalization': 1}. Best is trial 42 with value: 0.005647279345430434.
[I 2025-11-20 15:11:40,682] Trial 47 finished with value: 530.5929782867431 and parameters: {'n_units': 3000, 'alpha': 0.8, 'sigma_in': 0.5, 'rho': 0.2, 'tikh': 1e-05, 'option': 3, 'N_train': 20000, 'out_dim': 3, 'Normalization': 1}. Best is trial 42 with value: 0.005647279345430434.
[I 2025-11-20 15:29:29,054] Trial 48 finished with value: 0.09602412506937981 and parameters: {'n_units': 2000, 'alpha': 0.5, 'sigma_in': 0.1, 'rho': 0.1, 'tikh': 0.1, 'option': 4, 'N_train': 20000, 'out_dim': 3, 'Normalization': 1}. Best is trial 42 with value: 0.005647279345430434.
[I 2025-11-20 15:36:06,616] Trial 49 finished with value: 568.8876810073853 and parameters: {'n_units': 1000, 'alpha': 0.5, 'sigma_in': 0.30000000000000004, 'rho': 0.1, 'tikh': 1e-06, 'option': 4, 'N_train': 20000, 'out_dim': 3, 'Normalization': 1}. Best is trial 42 with value: 0.005647279345430434.
[I 2025-11-20 15:54:10,748] Trial 50 finished with value: 10638.994006347657 and parameters: {'n_units': 2000, 'alpha': 0.5, 'sigma_in': 0.2, 'rho': 0.4, 'tikh': 1e-09, 'option': 4, 'N_train': 20000, 'out_dim': 3, 'Normalization': 1}. Best is trial 42 with value: 0.005647279345430434.
[I 2025-11-20 16:14:04,538] Trial 51 finished with value: 0.0957574114203453 and parameters: {'n_units': 2000, 'alpha': 0.7000000000000001, 'sigma_in': 0.1, 'rho': 0.1, 'tikh': 0.1, 'option': 4, 'N_train': 20000, 'out_dim': 3, 'Normalization': 1}. Best is trial 42 with value: 0.005647279345430434.
[I 2025-11-20 16:29:34,322] Trial 52 finished with value: 0.09527012705802917 and parameters: {'n_units': 2000, 'alpha': 0.6, 'sigma_in': 0.1, 'rho': 0.1, 'tikh': 0.1, 'option': 4, 'N_train': 20000, 'out_dim': 3, 'Normalization': 1}. Best is trial 42 with value: 0.005647279345430434.
[I 2025-11-20 16:44:29,888] Trial 53 finished with value: 0.10334776863455772 and parameters: {'n_units': 2000, 'alpha': 0.7000000000000001, 'sigma_in': 0.1, 'rho': 0.2, 'tikh': 0.1, 'option': 4, 'N_train': 20000, 'out_dim': 3, 'Normalization': 1}. Best is trial 42 with value: 0.005647279345430434.
[I 2025-11-20 16:56:04,693] Trial 54 finished with value: 3358.2741848856213 and parameters: {'n_units': 2000, 'alpha': 0.6, 'sigma_in': 0.8, 'rho': 0.1, 'tikh': 0.1, 'option': 4, 'N_train': 20000, 'out_dim': 3, 'Normalization': 1}. Best is trial 42 with value: 0.005647279345430434.
[I 2025-11-20 17:08:35,753] Trial 55 finished with value: 32.5170730561018 and parameters: {'n_units': 2000, 'alpha': 0.7000000000000001, 'sigma_in': 0.2, 'rho': 0.2, 'tikh': 0.1, 'option': 4, 'N_train': 20000, 'out_dim': 3, 'Normalization': 1}. Best is trial 42 with value: 0.005647279345430434.
[I 2025-11-20 17:20:39,463] Trial 56 finished with value: 144.30892705917358 and parameters: {'n_units': 2000, 'alpha': 0.6, 'sigma_in': 0.1, 'rho': 0.1, 'tikh': 0.001, 'option': 4, 'N_train': 20000, 'out_dim': 3, 'Normalization': 1}. Best is trial 42 with value: 0.005647279345430434.
[I 2025-11-20 17:28:21,985] Trial 57 finished with value: 1454.8143220901488 and parameters: {'n_units': 2000, 'alpha': 0.8, 'sigma_in': 0.2, 'rho': 0.30000000000000004, 'tikh': 0.1, 'option': 5, 'N_train': 20000, 'out_dim': 3, 'Normalization': 1}. Best is trial 42 with value: 0.005647279345430434.
[I 2025-11-20 17:33:03,855] Trial 58 finished with value: 0.11224654391407966 and parameters: {'n_units': 1000, 'alpha': 0.6, 'sigma_in': 0.1, 'rho': 0.1, 'tikh': 0.01, 'option': 4, 'N_train': 20000, 'out_dim': 3, 'Normalization': 1}. Best is trial 42 with value: 0.005647279345430434.
[I 2025-11-20 17:43:53,170] Trial 59 finished with value: 80119.4952758789 and parameters: {'n_units': 2000, 'alpha': 0.7000000000000001, 'sigma_in': 0.30000000000000004, 'rho': 0.6, 'tikh': 1e-08, 'option': 4, 'N_train': 20000, 'out_dim': 3, 'Normalization': 1}. Best is trial 42 with value: 0.005647279345430434.
[I 2025-11-20 17:56:43,928] Trial 60 finished with value: 2.0192422358319164 and parameters: {'n_units': 2000, 'alpha': 0.6, 'sigma_in': 0.2, 'rho': 0.2, 'tikh': 0.1, 'option': 2, 'N_train': 20000, 'out_dim': 3, 'Normalization': 1}. Best is trial 42 with value: 0.005647279345430434.
[I 2025-11-20 18:09:29,869] Trial 61 finished with value: 0.09561752304434776 and parameters: {'n_units': 2000, 'alpha': 0.5, 'sigma_in': 0.1, 'rho': 0.1, 'tikh': 0.1, 'option': 4, 'N_train': 20000, 'out_dim': 3, 'Normalization': 1}. Best is trial 42 with value: 0.005647279345430434.
[I 2025-11-20 18:20:30,351] Trial 62 finished with value: 0.11208461672067642 and parameters: {'n_units': 2000, 'alpha': 0.2, 'sigma_in': 0.1, 'rho': 0.1, 'tikh': 0.1, 'option': 4, 'N_train': 20000, 'out_dim': 3, 'Normalization': 1}. Best is trial 42 with value: 0.005647279345430434.
[I 2025-11-20 18:31:42,263] Trial 63 finished with value: 0.09733030796051026 and parameters: {'n_units': 2000, 'alpha': 0.4, 'sigma_in': 0.1, 'rho': 0.1, 'tikh': 0.1, 'option': 4, 'N_train': 20000, 'out_dim': 3, 'Normalization': 1}. Best is trial 42 with value: 0.005647279345430434.
[I 2025-11-20 18:42:55,461] Trial 64 finished with value: 37196.21303710937 and parameters: {'n_units': 2000, 'alpha': 0.7000000000000001, 'sigma_in': 0.2, 'rho': 0.2, 'tikh': 1e-07, 'option': 4, 'N_train': 20000, 'out_dim': 3, 'Normalization': 1}. Best is trial 42 with value: 0.005647279345430434.
[I 2025-11-20 18:52:39,152] Trial 65 finished with value: 0.21424222737550735 and parameters: {'n_units': 2000, 'alpha': 0.8, 'sigma_in': 0.1, 'rho': 0.1, 'tikh': 0.1, 'option': 3, 'N_train': 20000, 'out_dim': 3, 'Normalization': 1}. Best is trial 42 with value: 0.005647279345430434.
[I 2025-11-20 19:06:36,399] Trial 66 finished with value: 6.440285263955593 and parameters: {'n_units': 2000, 'alpha': 0.5, 'sigma_in': 0.2, 'rho': 0.2, 'tikh': 0.1, 'option': 4, 'N_train': 20000, 'out_dim': 3, 'Normalization': 1}. Best is trial 42 with value: 0.005647279345430434.
[I 2025-11-20 19:17:38,044] Trial 67 finished with value: 2064348.3042355538 and parameters: {'n_units': 2000, 'alpha': 0.7000000000000001, 'sigma_in': 0.30000000000000004, 'rho': 0.1, 'tikh': 1e-06, 'option': 3, 'N_train': 20000, 'out_dim': 3, 'Normalization': 1}. Best is trial 42 with value: 0.005647279345430434.
[I 2025-11-20 19:26:21,147] Trial 68 finished with value: 18.68029805123806 and parameters: {'n_units': 2000, 'alpha': 0.4, 'sigma_in': 0.1, 'rho': 0.30000000000000004, 'tikh': 0.1, 'option': 5, 'N_train': 20000, 'out_dim': 3, 'Normalization': 1}. Best is trial 42 with value: 0.005647279345430434.
[I 2025-11-20 19:36:22,353] Trial 69 finished with value: 3748.355358695984 and parameters: {'n_units': 3000, 'alpha': 0.30000000000000004, 'sigma_in': 0.2, 'rho': 0.2, 'tikh': 1e-10, 'option': 3, 'N_train': 20000, 'out_dim': 3, 'Normalization': 1}. Best is trial 42 with value: 0.005647279345430434.
[I 2025-11-20 19:47:48,972] Trial 70 finished with value: 490.9840656280518 and parameters: {'n_units': 2000, 'alpha': 0.6, 'sigma_in': 0.1, 'rho': 0.1, 'tikh': 1e-09, 'option': 4, 'N_train': 20000, 'out_dim': 3, 'Normalization': 1}. Best is trial 42 with value: 0.005647279345430434.
[I 2025-11-20 20:00:35,680] Trial 71 finished with value: 0.09732704907655716 and parameters: {'n_units': 2000, 'alpha': 0.5, 'sigma_in': 0.1, 'rho': 0.1, 'tikh': 0.1, 'option': 4, 'N_train': 20000, 'out_dim': 3, 'Normalization': 1}. Best is trial 42 with value: 0.005647279345430434.
[I 2025-11-20 20:13:52,527] Trial 72 finished with value: 427.86330036744477 and parameters: {'n_units': 2000, 'alpha': 0.5, 'sigma_in': 0.2, 'rho': 0.1, 'tikh': 0.1, 'option': 4, 'N_train': 20000, 'out_dim': 3, 'Normalization': 1}. Best is trial 42 with value: 0.005647279345430434.
[I 2025-11-20 20:26:57,073] Trial 73 finished with value: 0.1072869636118412 and parameters: {'n_units': 2000, 'alpha': 0.6, 'sigma_in': 0.1, 'rho': 0.2, 'tikh': 0.1, 'option': 4, 'N_train': 20000, 'out_dim': 3, 'Normalization': 1}. Best is trial 42 with value: 0.005647279345430434.
