nohup: ignoring input
data already exists, loading from file.
a2:
 [[0.  0.  0. ]
 [0.1 0.  0.1]
 [0.1 0.  0. ]]
a3:
 [[[0.  0.  0. ]
  [0.  0.  0.1]
  [0.  0.  0. ]]

 [[0.  0.  0.1]
  [0.  0.  0. ]
  [0.  0.  0. ]]

 [[0.  0.1 0. ]
  [0.  0.  0. ]
  [0.  0.  0. ]]]
Launching 3 tasks with up to 3 concurrent workers. GPUs: [0, 1, 2, 3]
[I 2025-11-19 19:04:07,771] A new study created in RDB with name: node_0_N_train_20000_N_test_100_study
[I 2025-11-19 19:04:07,781] A new study created in RDB with name: node_2_N_train_20000_N_test_100_study
[I 2025-11-19 19:04:07,803] A new study created in RDB with name: node_1_N_train_20000_N_test_100_study
[I 2025-11-19 19:04:58,894] Trial 0 finished with value: 1448.8286149978637 and parameters: {'n_units': 1000, 'alpha': 0.2, 'sigma_in': 0.1, 'rho': 0.30000000000000004, 'tikh': 0.001, 'option': 3, 'Normalization': 1}. Best is trial 0 with value: 1448.8286149978637.
[I 2025-11-19 19:05:02,514] Trial 0 finished with value: 198.8900210380554 and parameters: {'n_units': 1000, 'alpha': 1.0, 'sigma_in': 0.6, 'rho': 0.30000000000000004, 'tikh': 0.1, 'option': 5, 'Normalization': 1}. Best is trial 0 with value: 198.8900210380554.
[I 2025-11-19 19:05:31,307] Trial 0 finished with value: 2803.1310317993166 and parameters: {'n_units': 3000, 'alpha': 0.8, 'sigma_in': 0.9, 'rho': 0.5, 'tikh': 0.0001, 'option': 5, 'Normalization': 1}. Best is trial 0 with value: 2803.1310317993166.
[I 2025-11-19 19:06:02,795] Trial 1 finished with value: 4570.570403289795 and parameters: {'n_units': 1000, 'alpha': 0.7000000000000001, 'sigma_in': 0.9, 'rho': 0.7000000000000001, 'tikh': 0.01, 'option': 3, 'Normalization': 1}. Best is trial 0 with value: 198.8900210380554.
[I 2025-11-19 19:06:26,223] Trial 1 finished with value: 1294.3872275352478 and parameters: {'n_units': 3000, 'alpha': 0.5, 'sigma_in': 0.5, 'rho': 0.8, 'tikh': 0.01, 'option': 4, 'Normalization': 1}. Best is trial 1 with value: 1294.3872275352478.
[I 2025-11-19 19:06:48,318] Trial 1 finished with value: 4675.087634277344 and parameters: {'n_units': 3000, 'alpha': 0.30000000000000004, 'sigma_in': 1.0, 'rho': 0.4, 'tikh': 0.0001, 'option': 3, 'Normalization': 1}. Best is trial 0 with value: 2803.1310317993166.
[I 2025-11-19 19:06:52,503] Trial 2 finished with value: 5965.630212020874 and parameters: {'n_units': 1000, 'alpha': 0.4, 'sigma_in': 0.9, 'rho': 0.8, 'tikh': 0.001, 'option': 3, 'Normalization': 1}. Best is trial 0 with value: 198.8900210380554.
[I 2025-11-19 19:07:33,203] Trial 2 finished with value: 360335.9071098566 and parameters: {'n_units': 3000, 'alpha': 0.2, 'sigma_in': 0.9, 'rho': 0.2, 'tikh': 0.01, 'option': 3, 'Normalization': 1}. Best is trial 1 with value: 1294.3872275352478.
[I 2025-11-19 19:07:39,145] Trial 2 finished with value: 127.87018966674805 and parameters: {'n_units': 1000, 'alpha': 0.1, 'sigma_in': 1.0, 'rho': 0.9, 'tikh': 0.1, 'option': 3, 'Normalization': 1}. Best is trial 2 with value: 127.87018966674805.
[I 2025-11-19 19:07:42,626] Trial 3 finished with value: 615.8218215942383 and parameters: {'n_units': 1000, 'alpha': 0.6, 'sigma_in': 0.1, 'rho': 0.4, 'tikh': 0.001, 'option': 4, 'Normalization': 1}. Best is trial 0 with value: 198.8900210380554.
[I 2025-11-19 19:08:38,721] Trial 4 finished with value: 19776.049088287353 and parameters: {'n_units': 1000, 'alpha': 0.7000000000000001, 'sigma_in': 0.9, 'rho': 1.0, 'tikh': 0.01, 'option': 5, 'Normalization': 1}. Best is trial 0 with value: 198.8900210380554.
[I 2025-11-19 19:08:49,912] Trial 3 finished with value: 24.444102745130657 and parameters: {'n_units': 3000, 'alpha': 0.1, 'sigma_in': 0.5, 'rho': 0.1, 'tikh': 0.01, 'option': 4, 'Normalization': 1}. Best is trial 3 with value: 24.444102745130657.
[I 2025-11-19 19:08:58,947] Trial 3 finished with value: 799.2741216659546 and parameters: {'n_units': 3000, 'alpha': 0.1, 'sigma_in': 0.2, 'rho': 0.4, 'tikh': 1e-05, 'option': 5, 'Normalization': 1}. Best is trial 2 with value: 127.87018966674805.
[I 2025-11-19 19:09:45,655] Trial 4 finished with value: 744.1476501464844 and parameters: {'n_units': 1000, 'alpha': 0.8, 'sigma_in': 0.7000000000000001, 'rho': 0.5, 'tikh': 0.001, 'option': 3, 'Normalization': 1}. Best is trial 3 with value: 24.444102745130657.
[I 2025-11-19 19:09:55,704] Trial 4 finished with value: 0.5734209651360288 and parameters: {'n_units': 1000, 'alpha': 0.2, 'sigma_in': 0.4, 'rho': 0.1, 'tikh': 0.1, 'option': 5, 'Normalization': 1}. Best is trial 4 with value: 0.5734209651360288.
[I 2025-11-19 19:10:08,947] Trial 5 finished with value: 9395.590232849121 and parameters: {'n_units': 3000, 'alpha': 0.6, 'sigma_in': 0.2, 'rho': 0.5, 'tikh': 0.0001, 'option': 3, 'Normalization': 1}. Best is trial 0 with value: 198.8900210380554.
[I 2025-11-19 19:11:05,124] Trial 6 finished with value: 146.77836389541625 and parameters: {'n_units': 1000, 'alpha': 0.1, 'sigma_in': 0.9, 'rho': 0.30000000000000004, 'tikh': 0.001, 'option': 4, 'Normalization': 1}. Best is trial 6 with value: 146.77836389541625.
[I 2025-11-19 19:11:18,491] Trial 5 finished with value: 5552.775997924805 and parameters: {'n_units': 3000, 'alpha': 0.9, 'sigma_in': 0.30000000000000004, 'rho': 0.4, 'tikh': 1e-05, 'option': 5, 'Normalization': 1}. Best is trial 3 with value: 24.444102745130657.
[I 2025-11-19 19:11:24,706] Trial 5 finished with value: 1034.4479645729066 and parameters: {'n_units': 3000, 'alpha': 0.30000000000000004, 'sigma_in': 0.9, 'rho': 0.30000000000000004, 'tikh': 0.001, 'option': 3, 'Normalization': 1}. Best is trial 4 with value: 0.5734209651360288.
[I 2025-11-19 19:11:57,643] Trial 7 finished with value: 8238.149862670898 and parameters: {'n_units': 1000, 'alpha': 1.0, 'sigma_in': 0.1, 'rho': 0.4, 'tikh': 0.001, 'option': 5, 'Normalization': 1}. Best is trial 6 with value: 146.77836389541625.
[I 2025-11-19 19:12:32,676] Trial 6 finished with value: 996.5599090576172 and parameters: {'n_units': 3000, 'alpha': 0.5, 'sigma_in': 0.1, 'rho': 1.0, 'tikh': 0.001, 'option': 5, 'Normalization': 1}. Best is trial 3 with value: 24.444102745130657.
[I 2025-11-19 19:12:42,824] Trial 6 finished with value: 1287.6534538269043 and parameters: {'n_units': 3000, 'alpha': 0.4, 'sigma_in': 0.1, 'rho': 0.8, 'tikh': 0.0001, 'option': 3, 'Normalization': 1}. Best is trial 4 with value: 0.5734209651360288.
[I 2025-11-19 19:13:14,608] Trial 8 finished with value: 5090.021543884277 and parameters: {'n_units': 3000, 'alpha': 0.2, 'sigma_in': 0.9, 'rho': 0.7000000000000001, 'tikh': 1e-05, 'option': 5, 'Normalization': 1}. Best is trial 6 with value: 146.77836389541625.
[I 2025-11-19 19:13:35,153] Trial 7 finished with value: 3122.5098441123964 and parameters: {'n_units': 1000, 'alpha': 0.7000000000000001, 'sigma_in': 0.9, 'rho': 0.30000000000000004, 'tikh': 0.001, 'option': 4, 'Normalization': 1}. Best is trial 4 with value: 0.5734209651360288.
[I 2025-11-19 19:13:46,747] Trial 7 finished with value: 112807.80408401489 and parameters: {'n_units': 3000, 'alpha': 0.30000000000000004, 'sigma_in': 0.6, 'rho': 0.9, 'tikh': 0.1, 'option': 5, 'Normalization': 1}. Best is trial 3 with value: 24.444102745130657.
[I 2025-11-19 19:14:03,437] Trial 9 finished with value: 21676.243421173094 and parameters: {'n_units': 1000, 'alpha': 0.4, 'sigma_in': 0.5, 'rho': 0.9, 'tikh': 0.01, 'option': 3, 'Normalization': 1}. Best is trial 6 with value: 146.77836389541625.
[I 2025-11-19 19:14:24,990] Trial 8 finished with value: 1228.0643314361573 and parameters: {'n_units': 1000, 'alpha': 0.5, 'sigma_in': 0.5, 'rho': 0.8, 'tikh': 1e-05, 'option': 5, 'Normalization': 1}. Best is trial 4 with value: 0.5734209651360288.
[I 2025-11-19 19:14:35,394] Trial 8 finished with value: 36735.495378255844 and parameters: {'n_units': 1000, 'alpha': 0.9, 'sigma_in': 0.30000000000000004, 'rho': 0.1, 'tikh': 0.0001, 'option': 5, 'Normalization': 1}. Best is trial 3 with value: 24.444102745130657.
[I 2025-11-19 19:15:17,376] Trial 10 finished with value: 11.154570235311985 and parameters: {'n_units': 3000, 'alpha': 0.1, 'sigma_in': 0.6, 'rho': 0.1, 'tikh': 0.1, 'option': 4, 'Normalization': 1}. Best is trial 10 with value: 11.154570235311985.
[I 2025-11-19 19:15:19,281] Trial 9 finished with value: 431.11915321350097 and parameters: {'n_units': 1000, 'alpha': 0.4, 'sigma_in': 0.2, 'rho': 0.8, 'tikh': 0.001, 'option': 5, 'Normalization': 1}. Best is trial 4 with value: 0.5734209651360288.
[I 2025-11-19 19:15:56,095] Trial 9 finished with value: 1866.4638664245606 and parameters: {'n_units': 3000, 'alpha': 0.4, 'sigma_in': 0.1, 'rho': 0.9, 'tikh': 0.001, 'option': 3, 'Normalization': 1}. Best is trial 3 with value: 24.444102745130657.
[I 2025-11-19 19:16:13,733] Trial 10 finished with value: 1.1368535976624117 and parameters: {'n_units': 1000, 'alpha': 1.0, 'sigma_in': 0.5, 'rho': 0.1, 'tikh': 0.1, 'option': 4, 'Normalization': 1}. Best is trial 4 with value: 0.5734209651360288.
[I 2025-11-19 19:16:30,234] Trial 11 finished with value: 643.5595457464457 and parameters: {'n_units': 3000, 'alpha': 0.1, 'sigma_in': 0.6, 'rho': 0.1, 'tikh': 0.1, 'option': 4, 'Normalization': 1}. Best is trial 10 with value: 11.154570235311985.
[I 2025-11-19 19:16:46,395] Trial 10 finished with value: 2586.0863618751987 and parameters: {'n_units': 1000, 'alpha': 0.1, 'sigma_in': 1.0, 'rho': 0.7000000000000001, 'tikh': 0.01, 'option': 4, 'Normalization': 1}. Best is trial 3 with value: 24.444102745130657.
[I 2025-11-19 19:17:04,790] Trial 11 finished with value: 0.23762335190549494 and parameters: {'n_units': 1000, 'alpha': 1.0, 'sigma_in': 0.5, 'rho': 0.1, 'tikh': 0.1, 'option': 4, 'Normalization': 1}. Best is trial 11 with value: 0.23762335190549494.
[I 2025-11-19 19:17:36,194] Trial 12 finished with value: 4.443096308410167 and parameters: {'n_units': 3000, 'alpha': 0.1, 'sigma_in': 0.4, 'rho': 0.1, 'tikh': 0.1, 'option': 4, 'Normalization': 1}. Best is trial 12 with value: 4.443096308410167.
[I 2025-11-19 19:17:37,245] Trial 11 finished with value: 522.681400001049 and parameters: {'n_units': 1000, 'alpha': 0.7000000000000001, 'sigma_in': 0.7000000000000001, 'rho': 0.5, 'tikh': 0.1, 'option': 4, 'Normalization': 1}. Best is trial 3 with value: 24.444102745130657.
[I 2025-11-19 19:17:55,950] Trial 12 finished with value: 307.37983684539796 and parameters: {'n_units': 1000, 'alpha': 1.0, 'sigma_in': 0.4, 'rho': 0.1, 'tikh': 0.01, 'option': 4, 'Normalization': 1}. Best is trial 11 with value: 0.23762335190549494.
[I 2025-11-19 19:18:26,801] Trial 12 finished with value: 22.34611953496933 and parameters: {'n_units': 1000, 'alpha': 0.7000000000000001, 'sigma_in': 0.8, 'rho': 0.6, 'tikh': 0.1, 'option': 4, 'Normalization': 1}. Best is trial 12 with value: 22.34611953496933.
[I 2025-11-19 19:18:45,219] Trial 13 finished with value: 13.224745213985443 and parameters: {'n_units': 3000, 'alpha': 0.30000000000000004, 'sigma_in': 0.4, 'rho': 0.1, 'tikh': 0.1, 'option': 4, 'Normalization': 1}. Best is trial 12 with value: 4.443096308410167.
[I 2025-11-19 19:18:48,885] Trial 13 finished with value: 7.203706322237849 and parameters: {'n_units': 1000, 'alpha': 0.7000000000000001, 'sigma_in': 0.7000000000000001, 'rho': 0.1, 'tikh': 0.1, 'option': 4, 'Normalization': 1}. Best is trial 11 with value: 0.23762335190549494.
[I 2025-11-19 19:19:18,761] Trial 13 finished with value: 1371.3894784271718 and parameters: {'n_units': 1000, 'alpha': 0.7000000000000001, 'sigma_in': 0.8, 'rho': 0.7000000000000001, 'tikh': 0.1, 'option': 4, 'Normalization': 1}. Best is trial 12 with value: 22.34611953496933.
[I 2025-11-19 19:19:42,178] Trial 14 finished with value: 354.85358290672303 and parameters: {'n_units': 1000, 'alpha': 0.8, 'sigma_in': 0.7000000000000001, 'rho': 0.2, 'tikh': 0.1, 'option': 5, 'Normalization': 1}. Best is trial 11 with value: 0.23762335190549494.
[I 2025-11-19 19:19:51,653] Trial 14 finished with value: 136.621719789505 and parameters: {'n_units': 3000, 'alpha': 0.30000000000000004, 'sigma_in': 0.4, 'rho': 0.2, 'tikh': 0.1, 'option': 4, 'Normalization': 1}. Best is trial 12 with value: 4.443096308410167.
[I 2025-11-19 19:20:29,319] Trial 14 finished with value: 1472.3290634155273 and parameters: {'n_units': 3000, 'alpha': 0.6, 'sigma_in': 0.5, 'rho': 0.6, 'tikh': 1e-05, 'option': 4, 'Normalization': 1}. Best is trial 12 with value: 22.34611953496933.
[I 2025-11-19 19:20:37,372] Trial 15 finished with value: 0.38493101741187274 and parameters: {'n_units': 1000, 'alpha': 0.2, 'sigma_in': 0.30000000000000004, 'rho': 0.6, 'tikh': 0.1, 'option': 4, 'Normalization': 1}. Best is trial 11 with value: 0.23762335190549494.
[I 2025-11-19 19:20:59,743] Trial 15 finished with value: 4.431916043162346 and parameters: {'n_units': 3000, 'alpha': 0.1, 'sigma_in': 0.7000000000000001, 'rho': 0.1, 'tikh': 0.1, 'option': 4, 'Normalization': 1}. Best is trial 15 with value: 4.431916043162346.
[I 2025-11-19 19:21:19,993] Trial 15 finished with value: 139397.93013420104 and parameters: {'n_units': 1000, 'alpha': 1.0, 'sigma_in': 0.4, 'rho': 0.1, 'tikh': 0.0001, 'option': 4, 'Normalization': 1}. Best is trial 12 with value: 22.34611953496933.
[I 2025-11-19 19:21:27,430] Trial 16 finished with value: 5016.989836311341 and parameters: {'n_units': 1000, 'alpha': 0.6, 'sigma_in': 0.30000000000000004, 'rho': 0.6, 'tikh': 0.01, 'option': 4, 'Normalization': 1}. Best is trial 11 with value: 0.23762335190549494.
[I 2025-11-19 19:22:10,434] Trial 16 finished with value: 592.8765843629837 and parameters: {'n_units': 3000, 'alpha': 0.30000000000000004, 'sigma_in': 0.7000000000000001, 'rho': 0.2, 'tikh': 0.0001, 'option': 4, 'Normalization': 1}. Best is trial 15 with value: 4.431916043162346.
[I 2025-11-19 19:22:24,512] Trial 17 finished with value: 78.99621317386627 and parameters: {'n_units': 1000, 'alpha': 0.9, 'sigma_in': 0.7000000000000001, 'rho': 0.6, 'tikh': 0.1, 'option': 4, 'Normalization': 1}. Best is trial 11 with value: 0.23762335190549494.
[I 2025-11-19 19:22:31,960] Trial 16 finished with value: 23.819386756420137 and parameters: {'n_units': 3000, 'alpha': 0.4, 'sigma_in': 0.8, 'rho': 0.30000000000000004, 'tikh': 0.01, 'option': 4, 'Normalization': 1}. Best is trial 12 with value: 22.34611953496933.
[I 2025-11-19 19:23:15,268] Trial 18 finished with value: 11.244672763347626 and parameters: {'n_units': 1000, 'alpha': 0.5, 'sigma_in': 0.6, 'rho': 1.0, 'tikh': 0.1, 'option': 4, 'Normalization': 1}. Best is trial 11 with value: 0.23762335190549494.
[I 2025-11-19 19:23:17,269] Trial 17 finished with value: 6109.10341424942 and parameters: {'n_units': 3000, 'alpha': 0.2, 'sigma_in': 0.30000000000000004, 'rho': 0.6, 'tikh': 1e-05, 'option': 4, 'Normalization': 1}. Best is trial 15 with value: 4.431916043162346.
[I 2025-11-19 19:23:21,346] Trial 17 finished with value: 33.687430310249326 and parameters: {'n_units': 1000, 'alpha': 0.4, 'sigma_in': 0.9, 'rho': 0.30000000000000004, 'tikh': 0.1, 'option': 4, 'Normalization': 1}. Best is trial 12 with value: 22.34611953496933.
[I 2025-11-19 19:24:08,816] Trial 19 finished with value: 0.24209650726988913 and parameters: {'n_units': 1000, 'alpha': 0.6, 'sigma_in': 0.30000000000000004, 'rho': 0.7000000000000001, 'tikh': 0.1, 'option': 4, 'Normalization': 1}. Best is trial 11 with value: 0.23762335190549494.
[I 2025-11-19 19:24:11,105] Trial 18 finished with value: 18.030890798568727 and parameters: {'n_units': 1000, 'alpha': 0.6, 'sigma_in': 1.0, 'rho': 0.4, 'tikh': 0.1, 'option': 4, 'Normalization': 1}. Best is trial 18 with value: 18.030890798568727.
[I 2025-11-19 19:24:25,724] Trial 18 finished with value: 101.99786083698272 and parameters: {'n_units': 3000, 'alpha': 0.5, 'sigma_in': 0.7000000000000001, 'rho': 0.30000000000000004, 'tikh': 0.1, 'option': 4, 'Normalization': 1}. Best is trial 15 with value: 4.431916043162346.
[I 2025-11-19 19:25:02,083] Trial 19 finished with value: 290.86957548856736 and parameters: {'n_units': 1000, 'alpha': 0.7000000000000001, 'sigma_in': 1.0, 'rho': 0.6, 'tikh': 0.1, 'option': 4, 'Normalization': 1}. Best is trial 18 with value: 18.030890798568727.
[I 2025-11-19 19:25:02,936] Trial 20 finished with value: 2733.0271030426024 and parameters: {'n_units': 1000, 'alpha': 0.9, 'sigma_in': 0.1, 'rho': 0.7000000000000001, 'tikh': 0.01, 'option': 4, 'Normalization': 1}. Best is trial 11 with value: 0.23762335190549494.
[I 2025-11-19 19:25:35,830] Trial 19 finished with value: 35.68630642965436 and parameters: {'n_units': 3000, 'alpha': 0.8, 'sigma_in': 0.7000000000000001, 'rho': 0.2, 'tikh': 0.1, 'option': 4, 'Normalization': 1}. Best is trial 15 with value: 4.431916043162346.
[I 2025-11-19 19:25:55,435] Trial 21 finished with value: 0.6060465569724329 and parameters: {'n_units': 1000, 'alpha': 0.6, 'sigma_in': 0.30000000000000004, 'rho': 0.7000000000000001, 'tikh': 0.1, 'option': 4, 'Normalization': 1}. Best is trial 11 with value: 0.23762335190549494.
[I 2025-11-19 19:25:56,339] Trial 20 finished with value: 40.930790367163716 and parameters: {'n_units': 1000, 'alpha': 0.7000000000000001, 'sigma_in': 0.9, 'rho': 0.4, 'tikh': 0.1, 'option': 4, 'Normalization': 1}. Best is trial 18 with value: 18.030890798568727.
[I 2025-11-19 19:26:42,327] Trial 20 finished with value: 34.32645461857319 and parameters: {'n_units': 3000, 'alpha': 0.2, 'sigma_in': 0.4, 'rho': 0.4, 'tikh': 0.1, 'option': 4, 'Normalization': 1}. Best is trial 15 with value: 4.431916043162346.
[I 2025-11-19 19:26:46,924] Trial 22 finished with value: 9.031603795289993 and parameters: {'n_units': 1000, 'alpha': 0.30000000000000004, 'sigma_in': 0.4, 'rho': 0.5, 'tikh': 0.1, 'option': 4, 'Normalization': 1}. Best is trial 11 with value: 0.23762335190549494.
[I 2025-11-19 19:26:49,495] Trial 21 finished with value: 52.49866154193878 and parameters: {'n_units': 1000, 'alpha': 0.6, 'sigma_in': 0.8, 'rho': 0.4, 'tikh': 0.1, 'option': 4, 'Normalization': 1}. Best is trial 18 with value: 18.030890798568727.
[I 2025-11-19 19:27:37,731] Trial 23 finished with value: 0.08427375214814674 and parameters: {'n_units': 1000, 'alpha': 0.7000000000000001, 'sigma_in': 0.30000000000000004, 'rho': 0.7000000000000001, 'tikh': 0.1, 'option': 4, 'Normalization': 1}. Best is trial 23 with value: 0.08427375214814674.
[I 2025-11-19 19:27:40,626] Trial 22 finished with value: 3082.8738235652445 and parameters: {'n_units': 1000, 'alpha': 0.4, 'sigma_in': 0.8, 'rho': 0.30000000000000004, 'tikh': 0.01, 'option': 4, 'Normalization': 1}. Best is trial 18 with value: 18.030890798568727.
[I 2025-11-19 19:27:51,786] Trial 21 finished with value: 29.826322647929192 and parameters: {'n_units': 3000, 'alpha': 0.1, 'sigma_in': 0.5, 'rho': 0.1, 'tikh': 0.1, 'option': 4, 'Normalization': 1}. Best is trial 15 with value: 4.431916043162346.
[I 2025-11-19 19:28:33,173] Trial 24 finished with value: 1143.2632302284242 and parameters: {'n_units': 1000, 'alpha': 0.7000000000000001, 'sigma_in': 0.6, 'rho': 0.7000000000000001, 'tikh': 0.1, 'option': 4, 'Normalization': 1}. Best is trial 23 with value: 0.08427375214814674.
[I 2025-11-19 19:28:48,783] Trial 23 finished with value: 226336.74955780507 and parameters: {'n_units': 3000, 'alpha': 0.5, 'sigma_in': 1.0, 'rho': 0.5, 'tikh': 0.1, 'option': 4, 'Normalization': 1}. Best is trial 18 with value: 18.030890798568727.
[I 2025-11-19 19:29:00,458] Trial 22 finished with value: 3.7819950367324053 and parameters: {'n_units': 3000, 'alpha': 0.1, 'sigma_in': 0.8, 'rho': 0.1, 'tikh': 0.1, 'option': 4, 'Normalization': 1}. Best is trial 22 with value: 3.7819950367324053.
[I 2025-11-19 19:29:24,679] Trial 25 finished with value: 6354.364275741577 and parameters: {'n_units': 1000, 'alpha': 0.8, 'sigma_in': 0.2, 'rho': 1.0, 'tikh': 1e-05, 'option': 4, 'Normalization': 1}. Best is trial 23 with value: 0.08427375214814674.
[I 2025-11-19 19:29:39,522] Trial 24 finished with value: 2490.271349334717 and parameters: {'n_units': 1000, 'alpha': 0.6, 'sigma_in': 0.7000000000000001, 'rho': 0.2, 'tikh': 0.0001, 'option': 4, 'Normalization': 1}. Best is trial 18 with value: 18.030890798568727.
[I 2025-11-19 19:30:07,806] Trial 23 finished with value: 35.12052323697135 and parameters: {'n_units': 3000, 'alpha': 0.2, 'sigma_in': 0.8, 'rho': 0.2, 'tikh': 0.1, 'option': 4, 'Normalization': 1}. Best is trial 22 with value: 3.7819950367324053.
[I 2025-11-19 19:30:31,423] Trial 26 finished with value: 420.69984822273256 and parameters: {'n_units': 3000, 'alpha': 0.9, 'sigma_in': 0.4, 'rho': 0.9, 'tikh': 0.1, 'option': 4, 'Normalization': 1}. Best is trial 23 with value: 0.08427375214814674.
[I 2025-11-19 19:30:32,178] Trial 25 finished with value: 86.37054777145386 and parameters: {'n_units': 1000, 'alpha': 0.8, 'sigma_in': 0.9, 'rho': 0.7000000000000001, 'tikh': 0.01, 'option': 4, 'Normalization': 1}. Best is trial 18 with value: 18.030890798568727.
[I 2025-11-19 19:31:19,753] Trial 24 finished with value: 311.56045988670087 and parameters: {'n_units': 3000, 'alpha': 0.4, 'sigma_in': 1.0, 'rho': 0.1, 'tikh': 0.1, 'option': 4, 'Normalization': 1}. Best is trial 22 with value: 3.7819950367324053.
[I 2025-11-19 19:31:24,134] Trial 27 finished with value: 392.0085429191589 and parameters: {'n_units': 1000, 'alpha': 0.6, 'sigma_in': 0.5, 'rho': 0.7000000000000001, 'tikh': 0.1, 'option': 4, 'Normalization': 1}. Best is trial 23 with value: 0.08427375214814674.
[I 2025-11-19 19:31:43,923] Trial 26 finished with value: 716.8066858291626 and parameters: {'n_units': 3000, 'alpha': 0.30000000000000004, 'sigma_in': 0.8, 'rho': 0.4, 'tikh': 1e-05, 'option': 4, 'Normalization': 1}. Best is trial 18 with value: 18.030890798568727.
[I 2025-11-19 19:32:18,017] Trial 28 finished with value: 0.0185442921705544 and parameters: {'n_units': 1000, 'alpha': 1.0, 'sigma_in': 0.30000000000000004, 'rho': 0.4, 'tikh': 0.1, 'option': 4, 'Normalization': 1}. Best is trial 28 with value: 0.0185442921705544.
