[I 2025-11-19 20:27:23,740] Trial 89 finished with value: 0.4476349651813507 and parameters: {'n_units': 1000, 'alpha': 0.9, 'sigma_in': 0.1, 'rho': 0.5, 'tikh': 0.1, 'option': 4, 'Normalization': 1}. Best is trial 66 with value: 0.0032014672469813377.
[I 2025-11-19 20:27:26,606] Trial 84 finished with value: 3994.1197761535645 and parameters: {'n_units': 1000, 'alpha': 0.2, 'sigma_in': 0.4, 'rho': 0.7000000000000001, 'tikh': 0.0001, 'option': 3, 'Normalization': 1}. Best is trial 77 with value: 0.5695048585534096.
[I 2025-11-19 20:27:59,693] Trial 75 finished with value: 0.06543478183448315 and parameters: {'n_units': 1000, 'alpha': 0.7000000000000001, 'sigma_in': 0.1, 'rho': 0.5, 'tikh': 0.1, 'option': 4, 'Normalization': 1}. Best is trial 70 with value: 0.0478117941878736.
[I 2025-11-19 20:28:10,826] Trial 90 finished with value: 0.22903175055980682 and parameters: {'n_units': 1000, 'alpha': 1.0, 'sigma_in': 0.2, 'rho': 0.4, 'tikh': 0.1, 'option': 4, 'Normalization': 1}. Best is trial 66 with value: 0.0032014672469813377.
[I 2025-11-19 20:28:12,370] Trial 85 finished with value: 1.3559060722589493 and parameters: {'n_units': 1000, 'alpha': 0.2, 'sigma_in': 0.4, 'rho': 0.6, 'tikh': 0.1, 'option': 3, 'Normalization': 1}. Best is trial 77 with value: 0.5695048585534096.
[I 2025-11-19 20:28:51,304] Trial 76 finished with value: 53253.76680908203 and parameters: {'n_units': 1000, 'alpha': 0.7000000000000001, 'sigma_in': 0.1, 'rho': 0.5, 'tikh': 0.001, 'option': 4, 'Normalization': 1}. Best is trial 70 with value: 0.0478117941878736.
[I 2025-11-19 20:28:59,551] Trial 91 finished with value: 0.028162873908877374 and parameters: {'n_units': 1000, 'alpha': 0.9, 'sigma_in': 0.30000000000000004, 'rho': 0.30000000000000004, 'tikh': 0.1, 'option': 4, 'Normalization': 1}. Best is trial 66 with value: 0.0032014672469813377.
[I 2025-11-19 20:29:00,030] Trial 86 finished with value: 2967.297785234451 and parameters: {'n_units': 1000, 'alpha': 0.2, 'sigma_in': 0.4, 'rho': 0.6, 'tikh': 0.001, 'option': 3, 'Normalization': 1}. Best is trial 77 with value: 0.5695048585534096.
[I 2025-11-19 20:29:41,469] Trial 77 finished with value: 1.4000221475958825 and parameters: {'n_units': 1000, 'alpha': 0.7000000000000001, 'sigma_in': 0.1, 'rho': 0.6, 'tikh': 0.1, 'option': 4, 'Normalization': 1}. Best is trial 70 with value: 0.0478117941878736.
[I 2025-11-19 20:29:46,585] Trial 87 finished with value: 1.4692743211984634 and parameters: {'n_units': 1000, 'alpha': 0.30000000000000004, 'sigma_in': 0.5, 'rho': 0.6, 'tikh': 0.1, 'option': 3, 'Normalization': 1}. Best is trial 77 with value: 0.5695048585534096.
[I 2025-11-19 20:29:47,279] Trial 92 finished with value: 0.018624716065824033 and parameters: {'n_units': 1000, 'alpha': 0.9, 'sigma_in': 0.30000000000000004, 'rho': 0.4, 'tikh': 0.1, 'option': 4, 'Normalization': 1}. Best is trial 66 with value: 0.0032014672469813377.
[I 2025-11-19 20:30:31,190] Trial 78 finished with value: 0.014859793800860643 and parameters: {'n_units': 1000, 'alpha': 0.7000000000000001, 'sigma_in': 0.2, 'rho': 0.6, 'tikh': 0.1, 'option': 4, 'Normalization': 1}. Best is trial 78 with value: 0.014859793800860643.
[I 2025-11-19 20:30:32,288] Trial 88 finished with value: 1.6845684349536896 and parameters: {'n_units': 1000, 'alpha': 0.1, 'sigma_in': 0.4, 'rho': 0.7000000000000001, 'tikh': 0.1, 'option': 3, 'Normalization': 1}. Best is trial 77 with value: 0.5695048585534096.
[I 2025-11-19 20:30:34,450] Trial 93 finished with value: 0.02019921033643186 and parameters: {'n_units': 1000, 'alpha': 0.9, 'sigma_in': 0.30000000000000004, 'rho': 0.4, 'tikh': 0.1, 'option': 4, 'Normalization': 1}. Best is trial 66 with value: 0.0032014672469813377.
[I 2025-11-19 20:31:17,820] Trial 89 finished with value: 1.2374766290187835 and parameters: {'n_units': 1000, 'alpha': 0.2, 'sigma_in': 0.4, 'rho': 0.7000000000000001, 'tikh': 0.1, 'option': 3, 'Normalization': 1}. Best is trial 77 with value: 0.5695048585534096.
[I 2025-11-19 20:31:19,876] Trial 79 finished with value: 0.01847034441307187 and parameters: {'n_units': 1000, 'alpha': 0.7000000000000001, 'sigma_in': 0.2, 'rho': 0.6, 'tikh': 0.1, 'option': 4, 'Normalization': 1}. Best is trial 78 with value: 0.014859793800860643.
[I 2025-11-19 20:31:21,220] Trial 94 finished with value: 0.016986118722707035 and parameters: {'n_units': 1000, 'alpha': 0.9, 'sigma_in': 0.30000000000000004, 'rho': 0.4, 'tikh': 0.1, 'option': 4, 'Normalization': 1}. Best is trial 66 with value: 0.0032014672469813377.
[I 2025-11-19 20:32:03,613] Trial 90 finished with value: 1.4541441351175308 and parameters: {'n_units': 1000, 'alpha': 0.2, 'sigma_in': 0.4, 'rho': 0.6, 'tikh': 0.1, 'option': 3, 'Normalization': 1}. Best is trial 77 with value: 0.5695048585534096.
[I 2025-11-19 20:32:08,102] Trial 95 finished with value: 0.006470854463987053 and parameters: {'n_units': 1000, 'alpha': 0.8, 'sigma_in': 0.30000000000000004, 'rho': 0.5, 'tikh': 0.1, 'option': 4, 'Normalization': 1}. Best is trial 66 with value: 0.0032014672469813377.
[I 2025-11-19 20:32:08,991] Trial 80 finished with value: 0.04450186910107732 and parameters: {'n_units': 1000, 'alpha': 0.8, 'sigma_in': 0.2, 'rho': 0.4, 'tikh': 0.1, 'option': 4, 'Normalization': 1}. Best is trial 78 with value: 0.014859793800860643.
[I 2025-11-19 20:32:49,909] Trial 91 finished with value: 1.3398884803056716 and parameters: {'n_units': 1000, 'alpha': 0.2, 'sigma_in': 0.4, 'rho': 0.6, 'tikh': 0.1, 'option': 3, 'Normalization': 1}. Best is trial 77 with value: 0.5695048585534096.
[I 2025-11-19 20:32:57,531] Trial 96 finished with value: 27231.630973815918 and parameters: {'n_units': 1000, 'alpha': 0.7000000000000001, 'sigma_in': 0.2, 'rho': 0.5, 'tikh': 0.001, 'option': 4, 'Normalization': 1}. Best is trial 66 with value: 0.0032014672469813377.
[I 2025-11-19 20:32:59,313] Trial 81 finished with value: 0.060145462770015 and parameters: {'n_units': 1000, 'alpha': 0.8, 'sigma_in': 0.2, 'rho': 0.4, 'tikh': 0.1, 'option': 4, 'Normalization': 1}. Best is trial 78 with value: 0.014859793800860643.
[I 2025-11-19 20:33:36,822] Trial 92 finished with value: 1.744442942738533 and parameters: {'n_units': 1000, 'alpha': 0.2, 'sigma_in': 0.5, 'rho': 0.6, 'tikh': 0.1, 'option': 3, 'Normalization': 1}. Best is trial 77 with value: 0.5695048585534096.
[I 2025-11-19 20:33:43,989] Trial 97 finished with value: 61.37670994587243 and parameters: {'n_units': 1000, 'alpha': 0.8, 'sigma_in': 0.4, 'rho': 0.6, 'tikh': 0.1, 'option': 4, 'Normalization': 1}. Best is trial 66 with value: 0.0032014672469813377.
[I 2025-11-19 20:33:48,259] Trial 82 finished with value: 0.07798140970990061 and parameters: {'n_units': 1000, 'alpha': 0.8, 'sigma_in': 0.2, 'rho': 0.4, 'tikh': 0.1, 'option': 4, 'Normalization': 1}. Best is trial 78 with value: 0.014859793800860643.
[I 2025-11-19 20:34:22,512] Trial 93 finished with value: 1.1545671284198762 and parameters: {'n_units': 1000, 'alpha': 0.1, 'sigma_in': 0.4, 'rho': 0.7000000000000001, 'tikh': 0.1, 'option': 3, 'Normalization': 1}. Best is trial 77 with value: 0.5695048585534096.
[I 2025-11-19 20:34:30,868] Trial 98 finished with value: 1.826514345407486 and parameters: {'n_units': 1000, 'alpha': 0.8, 'sigma_in': 0.2, 'rho': 0.5, 'tikh': 0.1, 'option': 5, 'Normalization': 1}. Best is trial 66 with value: 0.0032014672469813377.
[I 2025-11-19 20:34:37,601] Trial 83 finished with value: 0.07035069048870354 and parameters: {'n_units': 1000, 'alpha': 0.9, 'sigma_in': 0.2, 'rho': 0.5, 'tikh': 0.1, 'option': 4, 'Normalization': 1}. Best is trial 78 with value: 0.014859793800860643.
[I 2025-11-19 20:35:08,939] Trial 94 finished with value: 1.346979910135269 and parameters: {'n_units': 1000, 'alpha': 0.1, 'sigma_in': 0.4, 'rho': 0.6, 'tikh': 0.1, 'option': 3, 'Normalization': 1}. Best is trial 77 with value: 0.5695048585534096.
[I 2025-11-19 20:35:18,577] Trial 99 finished with value: 0.012282092683017254 and parameters: {'n_units': 1000, 'alpha': 0.7000000000000001, 'sigma_in': 0.30000000000000004, 'rho': 0.6, 'tikh': 0.1, 'option': 4, 'Normalization': 1}. Best is trial 66 with value: 0.0032014672469813377.
[I 2025-11-19 20:35:27,316] Trial 84 finished with value: 0.02892552511766553 and parameters: {'n_units': 1000, 'alpha': 0.9, 'sigma_in': 0.2, 'rho': 0.7000000000000001, 'tikh': 0.1, 'option': 4, 'Normalization': 1}. Best is trial 78 with value: 0.014859793800860643.
[I 2025-11-19 20:35:58,969] Trial 95 finished with value: 5667.293486022949 and parameters: {'n_units': 1000, 'alpha': 0.1, 'sigma_in': 0.5, 'rho': 0.7000000000000001, 'tikh': 1e-05, 'option': 3, 'Normalization': 1}. Best is trial 77 with value: 0.5695048585534096.
[I 2025-11-19 20:36:19,658] Trial 85 finished with value: 0.1385917394887656 and parameters: {'n_units': 1000, 'alpha': 0.8, 'sigma_in': 0.2, 'rho': 0.7000000000000001, 'tikh': 0.1, 'option': 4, 'Normalization': 1}. Best is trial 78 with value: 0.014859793800860643.
[I 2025-11-19 20:36:28,424] Trial 100 finished with value: 292.42101936340333 and parameters: {'n_units': 3000, 'alpha': 0.7000000000000001, 'sigma_in': 0.4, 'rho': 0.7000000000000001, 'tikh': 0.0001, 'option': 4, 'Normalization': 1}. Best is trial 66 with value: 0.0032014672469813377.
[I 2025-11-19 20:36:48,164] Trial 96 finished with value: 1.6283751010894776 and parameters: {'n_units': 1000, 'alpha': 0.1, 'sigma_in': 0.4, 'rho': 0.7000000000000001, 'tikh': 0.1, 'option': 3, 'Normalization': 1}. Best is trial 77 with value: 0.5695048585534096.
[I 2025-11-19 20:37:08,328] Trial 86 finished with value: 2.9811786890029905 and parameters: {'n_units': 1000, 'alpha': 0.6, 'sigma_in': 0.2, 'rho': 0.4, 'tikh': 0.1, 'option': 3, 'Normalization': 1}. Best is trial 78 with value: 0.014859793800860643.
[I 2025-11-19 20:37:16,639] Trial 101 finished with value: 0.024240692902822047 and parameters: {'n_units': 1000, 'alpha': 0.7000000000000001, 'sigma_in': 0.30000000000000004, 'rho': 0.6, 'tikh': 0.1, 'option': 4, 'Normalization': 1}. Best is trial 66 with value: 0.0032014672469813377.
[I 2025-11-19 20:37:35,881] Trial 97 finished with value: 1.1753408133983612 and parameters: {'n_units': 1000, 'alpha': 0.1, 'sigma_in': 0.4, 'rho': 0.5, 'tikh': 0.1, 'option': 3, 'Normalization': 1}. Best is trial 77 with value: 0.5695048585534096.
[I 2025-11-19 20:37:58,403] Trial 87 finished with value: 116365.77506980897 and parameters: {'n_units': 1000, 'alpha': 0.9, 'sigma_in': 0.30000000000000004, 'rho': 0.7000000000000001, 'tikh': 0.01, 'option': 4, 'Normalization': 1}. Best is trial 78 with value: 0.014859793800860643.
[I 2025-11-19 20:38:04,934] Trial 102 finished with value: 0.014160815312061458 and parameters: {'n_units': 1000, 'alpha': 0.6, 'sigma_in': 0.30000000000000004, 'rho': 0.6, 'tikh': 0.1, 'option': 4, 'Normalization': 1}. Best is trial 66 with value: 0.0032014672469813377.
[I 2025-11-19 20:38:22,264] Trial 98 finished with value: 1.3360156044363976 and parameters: {'n_units': 1000, 'alpha': 0.1, 'sigma_in': 0.5, 'rho': 0.5, 'tikh': 0.1, 'option': 3, 'Normalization': 1}. Best is trial 77 with value: 0.5695048585534096.
[I 2025-11-19 20:38:47,817] Trial 88 finished with value: 17315.0310546875 and parameters: {'n_units': 1000, 'alpha': 0.9, 'sigma_in': 0.2, 'rho': 0.4, 'tikh': 0.0001, 'option': 4, 'Normalization': 1}. Best is trial 78 with value: 0.014859793800860643.
[I 2025-11-19 20:38:52,505] Trial 103 finished with value: 0.015786731545813382 and parameters: {'n_units': 1000, 'alpha': 0.6, 'sigma_in': 0.30000000000000004, 'rho': 0.6, 'tikh': 0.1, 'option': 4, 'Normalization': 1}. Best is trial 66 with value: 0.0032014672469813377.
[I 2025-11-19 20:39:07,829] Trial 99 finished with value: 1.1507660180330277 and parameters: {'n_units': 1000, 'alpha': 0.1, 'sigma_in': 0.5, 'rho': 0.5, 'tikh': 0.1, 'option': 3, 'Normalization': 1}. Best is trial 77 with value: 0.5695048585534096.
[I 2025-11-19 20:39:36,865] Trial 89 finished with value: 0.05704745799303055 and parameters: {'n_units': 1000, 'alpha': 0.8, 'sigma_in': 0.1, 'rho': 0.4, 'tikh': 0.1, 'option': 4, 'Normalization': 1}. Best is trial 78 with value: 0.014859793800860643.
[I 2025-11-19 20:39:39,502] Trial 104 finished with value: 0.30671181103680284 and parameters: {'n_units': 1000, 'alpha': 0.7000000000000001, 'sigma_in': 0.30000000000000004, 'rho': 0.6, 'tikh': 0.1, 'option': 4, 'Normalization': 1}. Best is trial 66 with value: 0.0032014672469813377.
[I 2025-11-19 20:39:54,905] Trial 100 finished with value: 456.63476433753965 and parameters: {'n_units': 1000, 'alpha': 0.1, 'sigma_in': 0.5, 'rho': 0.5, 'tikh': 0.001, 'option': 5, 'Normalization': 1}. Best is trial 77 with value: 0.5695048585534096.
[I 2025-11-19 20:40:25,865] Trial 90 finished with value: 0.01539301611483097 and parameters: {'n_units': 1000, 'alpha': 0.8, 'sigma_in': 0.30000000000000004, 'rho': 0.4, 'tikh': 0.1, 'option': 4, 'Normalization': 1}. Best is trial 78 with value: 0.014859793800860643.
[I 2025-11-19 20:40:25,989] Trial 105 finished with value: 1887.004266166687 and parameters: {'n_units': 1000, 'alpha': 0.6, 'sigma_in': 0.8, 'rho': 0.7000000000000001, 'tikh': 1e-05, 'option': 4, 'Normalization': 1}. Best is trial 66 with value: 0.0032014672469813377.
[I 2025-11-19 20:40:40,769] Trial 101 finished with value: 1.6233599066734314 and parameters: {'n_units': 1000, 'alpha': 0.1, 'sigma_in': 0.5, 'rho': 0.5, 'tikh': 0.1, 'option': 3, 'Normalization': 1}. Best is trial 77 with value: 0.5695048585534096.
[I 2025-11-19 20:41:14,469] Trial 106 finished with value: 0.1603034039027989 and parameters: {'n_units': 1000, 'alpha': 0.5, 'sigma_in': 0.30000000000000004, 'rho': 0.6, 'tikh': 0.1, 'option': 4, 'Normalization': 1}. Best is trial 66 with value: 0.0032014672469813377.
[I 2025-11-19 20:41:16,130] Trial 91 finished with value: 0.014209776464849711 and parameters: {'n_units': 1000, 'alpha': 0.8, 'sigma_in': 0.30000000000000004, 'rho': 0.4, 'tikh': 0.1, 'option': 4, 'Normalization': 1}. Best is trial 91 with value: 0.014209776464849711.
[I 2025-11-19 20:41:27,898] Trial 102 finished with value: 1.230720791220665 and parameters: {'n_units': 1000, 'alpha': 0.1, 'sigma_in': 0.5, 'rho': 0.5, 'tikh': 0.1, 'option': 3, 'Normalization': 1}. Best is trial 77 with value: 0.5695048585534096.
[I 2025-11-19 20:42:01,196] Trial 107 finished with value: 0.06710314899682998 and parameters: {'n_units': 1000, 'alpha': 0.7000000000000001, 'sigma_in': 0.2, 'rho': 0.6, 'tikh': 0.1, 'option': 4, 'Normalization': 1}. Best is trial 66 with value: 0.0032014672469813377.
[I 2025-11-19 20:42:05,332] Trial 92 finished with value: 0.018092322163283825 and parameters: {'n_units': 1000, 'alpha': 0.8, 'sigma_in': 0.30000000000000004, 'rho': 0.4, 'tikh': 0.1, 'option': 4, 'Normalization': 1}. Best is trial 91 with value: 0.014209776464849711.
[I 2025-11-19 20:42:13,264] Trial 103 finished with value: 267.596890693903 and parameters: {'n_units': 1000, 'alpha': 0.1, 'sigma_in': 0.6, 'rho': 0.5, 'tikh': 0.1, 'option': 3, 'Normalization': 1}. Best is trial 77 with value: 0.5695048585534096.
[I 2025-11-19 20:42:47,439] Trial 108 finished with value: 0.006204905128106475 and parameters: {'n_units': 1000, 'alpha': 0.6, 'sigma_in': 0.30000000000000004, 'rho': 0.5, 'tikh': 0.1, 'option': 4, 'Normalization': 1}. Best is trial 66 with value: 0.0032014672469813377.
[I 2025-11-19 20:42:54,714] Trial 93 finished with value: 0.021187160938279704 and parameters: {'n_units': 1000, 'alpha': 0.8, 'sigma_in': 0.30000000000000004, 'rho': 0.8, 'tikh': 0.1, 'option': 4, 'Normalization': 1}. Best is trial 91 with value: 0.014209776464849711.
[I 2025-11-19 20:42:58,790] Trial 104 finished with value: 0.8653623133897781 and parameters: {'n_units': 1000, 'alpha': 0.1, 'sigma_in': 0.4, 'rho': 0.5, 'tikh': 0.1, 'option': 3, 'Normalization': 1}. Best is trial 77 with value: 0.5695048585534096.
[I 2025-11-19 20:43:33,908] Trial 109 finished with value: 0.007313395640812815 and parameters: {'n_units': 1000, 'alpha': 0.8, 'sigma_in': 0.30000000000000004, 'rho': 0.5, 'tikh': 0.1, 'option': 4, 'Normalization': 1}. Best is trial 66 with value: 0.0032014672469813377.
[I 2025-11-19 20:43:43,570] Trial 94 finished with value: 0.0037233955343253912 and parameters: {'n_units': 1000, 'alpha': 0.9, 'sigma_in': 0.30000000000000004, 'rho': 0.8, 'tikh': 0.1, 'option': 4, 'Normalization': 1}. Best is trial 94 with value: 0.0037233955343253912.
[I 2025-11-19 20:43:44,102] Trial 105 finished with value: 1.305861496925354 and parameters: {'n_units': 1000, 'alpha': 0.1, 'sigma_in': 0.4, 'rho': 0.5, 'tikh': 0.1, 'option': 3, 'Normalization': 1}. Best is trial 77 with value: 0.5695048585534096.
[I 2025-11-19 20:44:20,335] Trial 110 finished with value: 6.735589407244698 and parameters: {'n_units': 1000, 'alpha': 0.8, 'sigma_in': 0.4, 'rho': 0.5, 'tikh': 0.1, 'option': 4, 'Normalization': 1}. Best is trial 66 with value: 0.0032014672469813377.
[I 2025-11-19 20:44:29,977] Trial 106 finished with value: 1.054554545879364 and parameters: {'n_units': 1000, 'alpha': 0.1, 'sigma_in': 0.30000000000000004, 'rho': 0.4, 'tikh': 0.1, 'option': 3, 'Normalization': 1}. Best is trial 77 with value: 0.5695048585534096.
[I 2025-11-19 20:44:32,336] Trial 95 finished with value: 72030.4293952942 and parameters: {'n_units': 1000, 'alpha': 0.9, 'sigma_in': 0.30000000000000004, 'rho': 0.8, 'tikh': 1e-05, 'option': 4, 'Normalization': 1}. Best is trial 94 with value: 0.0037233955343253912.
[I 2025-11-19 20:45:07,749] Trial 111 finished with value: 0.011968719167634844 and parameters: {'n_units': 1000, 'alpha': 0.7000000000000001, 'sigma_in': 0.30000000000000004, 'rho': 0.5, 'tikh': 0.1, 'option': 4, 'Normalization': 1}. Best is trial 66 with value: 0.0032014672469813377.
[I 2025-11-19 20:45:16,126] Trial 107 finished with value: 9491.407009458542 and parameters: {'n_units': 1000, 'alpha': 0.1, 'sigma_in': 0.5, 'rho': 0.4, 'tikh': 0.0001, 'option': 3, 'Normalization': 1}. Best is trial 77 with value: 0.5695048585534096.
[I 2025-11-19 20:45:22,171] Trial 96 finished with value: 2818.156058883667 and parameters: {'n_units': 1000, 'alpha': 0.8, 'sigma_in': 0.30000000000000004, 'rho': 0.7000000000000001, 'tikh': 0.001, 'option': 4, 'Normalization': 1}. Best is trial 94 with value: 0.0037233955343253912.
[I 2025-11-19 20:45:54,378] Trial 112 finished with value: 0.006396335846511647 and parameters: {'n_units': 1000, 'alpha': 0.7000000000000001, 'sigma_in': 0.30000000000000004, 'rho': 0.5, 'tikh': 0.1, 'option': 4, 'Normalization': 1}. Best is trial 66 with value: 0.0032014672469813377.
[I 2025-11-19 20:46:01,638] Trial 108 finished with value: 1.1621138244867324 and parameters: {'n_units': 1000, 'alpha': 0.1, 'sigma_in': 0.4, 'rho': 0.5, 'tikh': 0.1, 'option': 3, 'Normalization': 1}. Best is trial 77 with value: 0.5695048585534096.
[I 2025-11-19 20:46:11,749] Trial 97 finished with value: 0.9153196738858241 and parameters: {'n_units': 1000, 'alpha': 0.9, 'sigma_in': 0.30000000000000004, 'rho': 0.8, 'tikh': 0.1, 'option': 4, 'Normalization': 1}. Best is trial 94 with value: 0.0037233955343253912.
[I 2025-11-19 20:46:41,069] Trial 113 finished with value: 0.04859433358651586 and parameters: {'n_units': 1000, 'alpha': 0.7000000000000001, 'sigma_in': 0.30000000000000004, 'rho': 0.5, 'tikh': 0.1, 'option': 4, 'Normalization': 1}. Best is trial 66 with value: 0.0032014672469813377.
[I 2025-11-19 20:46:46,959] Trial 109 finished with value: 1.2593190371990204 and parameters: {'n_units': 1000, 'alpha': 0.1, 'sigma_in': 0.4, 'rho': 0.5, 'tikh': 0.1, 'option': 3, 'Normalization': 1}. Best is trial 77 with value: 0.5695048585534096.
[I 2025-11-19 20:47:01,095] Trial 98 finished with value: 1338.4940812110901 and parameters: {'n_units': 1000, 'alpha': 1.0, 'sigma_in': 0.30000000000000004, 'rho': 0.8, 'tikh': 0.1, 'option': 5, 'Normalization': 1}. Best is trial 94 with value: 0.0037233955343253912.
[I 2025-11-19 20:47:27,467] Trial 114 finished with value: 0.01107114318292588 and parameters: {'n_units': 1000, 'alpha': 0.7000000000000001, 'sigma_in': 0.30000000000000004, 'rho': 0.5, 'tikh': 0.1, 'option': 4, 'Normalization': 1}. Best is trial 66 with value: 0.0032014672469813377.
[I 2025-11-19 20:47:32,607] Trial 110 finished with value: 0.6929211482405663 and parameters: {'n_units': 1000, 'alpha': 0.1, 'sigma_in': 0.5, 'rho': 0.4, 'tikh': 0.1, 'option': 3, 'Normalization': 1}. Best is trial 77 with value: 0.5695048585534096.
[I 2025-11-19 20:47:49,967] Trial 99 finished with value: 0.683303127263207 and parameters: {'n_units': 1000, 'alpha': 0.8, 'sigma_in': 0.2, 'rho': 0.9, 'tikh': 0.1, 'option': 4, 'Normalization': 1}. Best is trial 94 with value: 0.0037233955343253912.
[I 2025-11-19 20:48:14,820] Trial 115 finished with value: 509.773194694519 and parameters: {'n_units': 1000, 'alpha': 0.7000000000000001, 'sigma_in': 0.4, 'rho': 0.5, 'tikh': 0.01, 'option': 4, 'Normalization': 1}. Best is trial 66 with value: 0.0032014672469813377.
[I 2025-11-19 20:48:18,666] Trial 111 finished with value: 1.103814572095871 and parameters: {'n_units': 1000, 'alpha': 0.1, 'sigma_in': 0.5, 'rho': 0.4, 'tikh': 0.1, 'option': 3, 'Normalization': 1}. Best is trial 77 with value: 0.5695048585534096.
[I 2025-11-19 20:48:39,064] Trial 100 finished with value: 0.04470001189038157 and parameters: {'n_units': 1000, 'alpha': 0.9, 'sigma_in': 0.4, 'rho': 0.6, 'tikh': 0.1, 'option': 3, 'Normalization': 1}. Best is trial 94 with value: 0.0037233955343253912.
[I 2025-11-19 20:49:01,363] Trial 116 finished with value: 0.006645282055251301 and parameters: {'n_units': 1000, 'alpha': 0.7000000000000001, 'sigma_in': 0.30000000000000004, 'rho': 0.5, 'tikh': 0.1, 'option': 4, 'Normalization': 1}. Best is trial 66 with value: 0.0032014672469813377.
[I 2025-11-19 20:49:04,231] Trial 112 finished with value: 1.1607501268386842 and parameters: {'n_units': 1000, 'alpha': 0.1, 'sigma_in': 0.5, 'rho': 0.4, 'tikh': 0.1, 'option': 3, 'Normalization': 1}. Best is trial 77 with value: 0.5695048585534096.
