[I 2025-11-21 00:25:46,698] Trial 229 finished with value: 1742.1220043182373 and parameters: {'n_units': 1000, 'alpha': 1.0, 'sigma_in': 0.5, 'rho': 0.4, 'tikh': 0.001, 'option': 3, 'Normalization': 1}. Best is trial 40 with value: 0.0005719184021472756.
[I 2025-11-21 00:26:32,262] Trial 241 finished with value: 0.0005009532600524835 and parameters: {'n_units': 1000, 'alpha': 0.8, 'sigma_in': 0.30000000000000004, 'rho': 0.1, 'tikh': 0.1, 'option': 3, 'Normalization': 1}. Best is trial 225 with value: 0.00013852912506990834.
[I 2025-11-21 00:26:36,193] Trial 230 finished with value: 0.005027948273345828 and parameters: {'n_units': 1000, 'alpha': 1.0, 'sigma_in': 0.4, 'rho': 0.4, 'tikh': 0.1, 'option': 3, 'Normalization': 1}. Best is trial 40 with value: 0.0005719184021472756.
[I 2025-11-21 00:27:20,529] Trial 242 finished with value: 0.0004758632458106149 and parameters: {'n_units': 1000, 'alpha': 0.8, 'sigma_in': 0.30000000000000004, 'rho': 0.1, 'tikh': 0.1, 'option': 3, 'Normalization': 1}. Best is trial 225 with value: 0.00013852912506990834.
[I 2025-11-21 00:27:23,905] Trial 231 finished with value: 0.002329739194829017 and parameters: {'n_units': 1000, 'alpha': 1.0, 'sigma_in': 0.5, 'rho': 0.30000000000000004, 'tikh': 0.1, 'option': 3, 'Normalization': 1}. Best is trial 40 with value: 0.0005719184021472756.
[I 2025-11-21 00:28:07,058] Trial 243 finished with value: 0.00034183709904027636 and parameters: {'n_units': 1000, 'alpha': 0.8, 'sigma_in': 0.30000000000000004, 'rho': 0.1, 'tikh': 0.1, 'option': 3, 'Normalization': 1}. Best is trial 225 with value: 0.00013852912506990834.
[I 2025-11-21 00:28:07,685] Trial 232 finished with value: 0.0026578223856631666 and parameters: {'n_units': 1000, 'alpha': 1.0, 'sigma_in': 0.5, 'rho': 0.30000000000000004, 'tikh': 0.1, 'option': 3, 'Normalization': 1}. Best is trial 40 with value: 0.0005719184021472756.
[I 2025-11-21 00:28:55,713] Trial 233 finished with value: 0.0022372880252078176 and parameters: {'n_units': 1000, 'alpha': 1.0, 'sigma_in': 0.5, 'rho': 0.30000000000000004, 'tikh': 0.1, 'option': 3, 'Normalization': 1}. Best is trial 40 with value: 0.0005719184021472756.
[I 2025-11-21 00:28:59,088] Trial 244 finished with value: 0.00041392450589228247 and parameters: {'n_units': 1000, 'alpha': 0.8, 'sigma_in': 0.30000000000000004, 'rho': 0.1, 'tikh': 0.1, 'option': 3, 'Normalization': 1}. Best is trial 225 with value: 0.00013852912506990834.
[I 2025-11-21 00:29:45,392] Trial 234 finished with value: 0.00245637142797932 and parameters: {'n_units': 1000, 'alpha': 1.0, 'sigma_in': 0.5, 'rho': 0.30000000000000004, 'tikh': 0.1, 'option': 3, 'Normalization': 1}. Best is trial 40 with value: 0.0005719184021472756.
[I 2025-11-21 00:29:48,428] Trial 245 finished with value: 0.00020183555061521475 and parameters: {'n_units': 1000, 'alpha': 0.8, 'sigma_in': 0.30000000000000004, 'rho': 0.1, 'tikh': 0.1, 'option': 3, 'Normalization': 1}. Best is trial 225 with value: 0.00013852912506990834.
[I 2025-11-21 00:30:30,079] Trial 235 finished with value: 0.011990423157112674 and parameters: {'n_units': 1000, 'alpha': 1.0, 'sigma_in': 0.5, 'rho': 0.5, 'tikh': 0.1, 'option': 3, 'Normalization': 1}. Best is trial 40 with value: 0.0005719184021472756.
[I 2025-11-21 00:30:35,178] Trial 246 finished with value: 0.00044522281168610787 and parameters: {'n_units': 1000, 'alpha': 0.8, 'sigma_in': 0.30000000000000004, 'rho': 0.1, 'tikh': 0.1, 'option': 3, 'Normalization': 1}. Best is trial 225 with value: 0.00013852912506990834.
[I 2025-11-21 00:31:18,973] Trial 236 finished with value: 0.002327256373973796 and parameters: {'n_units': 1000, 'alpha': 1.0, 'sigma_in': 0.5, 'rho': 0.5, 'tikh': 0.1, 'option': 3, 'Normalization': 1}. Best is trial 40 with value: 0.0005719184021472756.
[I 2025-11-21 00:31:27,462] Trial 247 finished with value: 0.00040846654374036004 and parameters: {'n_units': 1000, 'alpha': 0.8, 'sigma_in': 0.30000000000000004, 'rho': 0.1, 'tikh': 0.1, 'option': 3, 'Normalization': 1}. Best is trial 225 with value: 0.00013852912506990834.
[I 2025-11-21 00:32:05,787] Trial 237 finished with value: 0.0025698707904666662 and parameters: {'n_units': 1000, 'alpha': 1.0, 'sigma_in': 0.5, 'rho': 0.30000000000000004, 'tikh': 0.1, 'option': 3, 'Normalization': 1}. Best is trial 40 with value: 0.0005719184021472756.
[I 2025-11-21 00:32:16,159] Trial 248 finished with value: 0.00019068634437644505 and parameters: {'n_units': 1000, 'alpha': 0.8, 'sigma_in': 0.30000000000000004, 'rho': 0.1, 'tikh': 0.1, 'option': 3, 'Normalization': 1}. Best is trial 225 with value: 0.00013852912506990834.
[I 2025-11-21 00:32:51,429] Trial 238 finished with value: 0.0007521891879150644 and parameters: {'n_units': 1000, 'alpha': 1.0, 'sigma_in': 0.5, 'rho': 0.5, 'tikh': 0.1, 'option': 3, 'Normalization': 1}. Best is trial 40 with value: 0.0005719184021472756.
[I 2025-11-21 00:33:04,409] Trial 249 finished with value: 27888.5615578413 and parameters: {'n_units': 1000, 'alpha': 0.8, 'sigma_in': 0.30000000000000004, 'rho': 0.1, 'tikh': 0.001, 'option': 3, 'Normalization': 1}. Best is trial 225 with value: 0.00013852912506990834.
[I 2025-11-21 00:33:51,647] Trial 239 finished with value: 0.0021796816945425235 and parameters: {'n_units': 1000, 'alpha': 1.0, 'sigma_in': 0.5, 'rho': 0.5, 'tikh': 0.1, 'option': 3, 'Normalization': 1}. Best is trial 40 with value: 0.0005719184021472756.
[I 2025-11-21 00:34:04,553] Trial 250 finished with value: 0.0002979053351737093 and parameters: {'n_units': 1000, 'alpha': 0.8, 'sigma_in': 0.30000000000000004, 'rho': 0.1, 'tikh': 0.1, 'option': 3, 'Normalization': 1}. Best is trial 225 with value: 0.00013852912506990834.
[I 2025-11-21 00:34:38,162] Trial 240 finished with value: 0.0037835705472389234 and parameters: {'n_units': 1000, 'alpha': 1.0, 'sigma_in': 0.5, 'rho': 0.5, 'tikh': 0.1, 'option': 3, 'Normalization': 1}. Best is trial 40 with value: 0.0005719184021472756.
[I 2025-11-21 00:34:52,940] Trial 251 finished with value: 0.0001836796533098095 and parameters: {'n_units': 1000, 'alpha': 0.7000000000000001, 'sigma_in': 0.30000000000000004, 'rho': 0.1, 'tikh': 0.1, 'option': 3, 'Normalization': 1}. Best is trial 225 with value: 0.00013852912506990834.
[I 2025-11-21 00:35:27,751] Trial 241 finished with value: 0.13992106574805802 and parameters: {'n_units': 1000, 'alpha': 1.0, 'sigma_in': 0.5, 'rho': 0.5, 'tikh': 0.1, 'option': 3, 'Normalization': 1}. Best is trial 40 with value: 0.0005719184021472756.
[I 2025-11-21 00:35:44,629] Trial 252 finished with value: 0.0005163905072549824 and parameters: {'n_units': 1000, 'alpha': 0.7000000000000001, 'sigma_in': 0.30000000000000004, 'rho': 0.1, 'tikh': 0.1, 'option': 3, 'Normalization': 1}. Best is trial 225 with value: 0.00013852912506990834.
[I 2025-11-21 00:36:12,761] Trial 242 finished with value: 0.08717097124099382 and parameters: {'n_units': 1000, 'alpha': 1.0, 'sigma_in': 0.5, 'rho': 0.5, 'tikh': 0.1, 'option': 3, 'Normalization': 1}. Best is trial 40 with value: 0.0005719184021472756.
[I 2025-11-21 00:36:33,558] Trial 253 finished with value: 0.00044847208264400253 and parameters: {'n_units': 1000, 'alpha': 0.7000000000000001, 'sigma_in': 0.30000000000000004, 'rho': 0.1, 'tikh': 0.1, 'option': 3, 'Normalization': 1}. Best is trial 225 with value: 0.00013852912506990834.
[I 2025-11-21 00:37:00,638] Trial 243 finished with value: 0.0013524933929147664 and parameters: {'n_units': 1000, 'alpha': 1.0, 'sigma_in': 0.5, 'rho': 0.5, 'tikh': 0.1, 'option': 3, 'Normalization': 1}. Best is trial 40 with value: 0.0005719184021472756.
[I 2025-11-21 00:37:23,306] Trial 254 finished with value: 0.00044252802435948977 and parameters: {'n_units': 1000, 'alpha': 0.8, 'sigma_in': 0.4, 'rho': 0.1, 'tikh': 0.1, 'option': 3, 'Normalization': 1}. Best is trial 225 with value: 0.00013852912506990834.
[I 2025-11-21 00:37:47,658] Trial 244 finished with value: 0.5572662558872252 and parameters: {'n_units': 1000, 'alpha': 1.0, 'sigma_in': 0.5, 'rho': 0.5, 'tikh': 0.1, 'option': 3, 'Normalization': 1}. Best is trial 40 with value: 0.0005719184021472756.
[I 2025-11-21 00:38:11,497] Trial 255 finished with value: 1280440.5392044068 and parameters: {'n_units': 1000, 'alpha': 0.8, 'sigma_in': 0.30000000000000004, 'rho': 0.1, 'tikh': 0.01, 'option': 3, 'Normalization': 1}. Best is trial 225 with value: 0.00013852912506990834.
[I 2025-11-21 00:38:42,421] Trial 245 finished with value: 0.0021562826790614054 and parameters: {'n_units': 1000, 'alpha': 1.0, 'sigma_in': 0.5, 'rho': 0.5, 'tikh': 0.1, 'option': 3, 'Normalization': 1}. Best is trial 40 with value: 0.0005719184021472756.
[I 2025-11-21 00:39:31,445] Trial 246 finished with value: 0.00820028092548455 and parameters: {'n_units': 1000, 'alpha': 1.0, 'sigma_in': 0.5, 'rho': 0.5, 'tikh': 0.1, 'option': 3, 'Normalization': 1}. Best is trial 40 with value: 0.0005719184021472756.
[I 2025-11-21 00:39:45,204] Trial 256 finished with value: 23.124444527021843 and parameters: {'n_units': 3000, 'alpha': 0.8, 'sigma_in': 0.30000000000000004, 'rho': 0.1, 'tikh': 0.1, 'option': 3, 'Normalization': 1}. Best is trial 225 with value: 0.00013852912506990834.
[I 2025-11-21 00:40:17,890] Trial 247 finished with value: 25842.259420013426 and parameters: {'n_units': 1000, 'alpha': 1.0, 'sigma_in': 0.5, 'rho': 0.5, 'tikh': 0.01, 'option': 3, 'Normalization': 1}. Best is trial 40 with value: 0.0005719184021472756.
[I 2025-11-21 00:40:32,849] Trial 257 finished with value: 0.00030684046978421973 and parameters: {'n_units': 1000, 'alpha': 0.7000000000000001, 'sigma_in': 0.30000000000000004, 'rho': 0.1, 'tikh': 0.1, 'option': 3, 'Normalization': 1}. Best is trial 225 with value: 0.00013852912506990834.
[I 2025-11-21 00:41:29,042] Trial 258 finished with value: 0.0002586729438917246 and parameters: {'n_units': 1000, 'alpha': 0.8, 'sigma_in': 0.30000000000000004, 'rho': 0.1, 'tikh': 0.1, 'option': 3, 'Normalization': 1}. Best is trial 225 with value: 0.00013852912506990834.
[I 2025-11-21 00:41:44,991] Trial 248 finished with value: 1907.1054620742798 and parameters: {'n_units': 3000, 'alpha': 0.5, 'sigma_in': 0.5, 'rho': 0.5, 'tikh': 0.1, 'option': 5, 'Normalization': 1}. Best is trial 40 with value: 0.0005719184021472756.
[I 2025-11-21 00:42:15,745] Trial 259 finished with value: 0.0007899486779933795 and parameters: {'n_units': 1000, 'alpha': 0.8, 'sigma_in': 0.4, 'rho': 0.1, 'tikh': 0.1, 'option': 3, 'Normalization': 1}. Best is trial 225 with value: 0.00013852912506990834.
[I 2025-11-21 00:42:33,008] Trial 249 finished with value: 0.002565765551480581 and parameters: {'n_units': 1000, 'alpha': 1.0, 'sigma_in': 0.5, 'rho': 0.5, 'tikh': 0.1, 'option': 3, 'Normalization': 1}. Best is trial 40 with value: 0.0005719184021472756.
[I 2025-11-21 00:43:06,887] Trial 260 finished with value: 0.0003347959434904624 and parameters: {'n_units': 1000, 'alpha': 0.8, 'sigma_in': 0.30000000000000004, 'rho': 0.1, 'tikh': 0.1, 'option': 3, 'Normalization': 1}. Best is trial 225 with value: 0.00013852912506990834.
[I 2025-11-21 00:43:22,097] Trial 250 finished with value: 0.014221884807921015 and parameters: {'n_units': 1000, 'alpha': 0.7000000000000001, 'sigma_in': 0.5, 'rho': 0.5, 'tikh': 0.1, 'option': 3, 'Normalization': 1}. Best is trial 40 with value: 0.0005719184021472756.
[I 2025-11-21 00:43:55,613] Trial 261 finished with value: 0.8777317878440953 and parameters: {'n_units': 1000, 'alpha': 0.8, 'sigma_in': 0.2, 'rho': 0.9, 'tikh': 0.1, 'option': 3, 'Normalization': 1}. Best is trial 225 with value: 0.00013852912506990834.
[I 2025-11-21 00:44:08,413] Trial 251 finished with value: 0.4291390687227249 and parameters: {'n_units': 1000, 'alpha': 0.4, 'sigma_in': 0.5, 'rho': 0.6, 'tikh': 0.1, 'option': 3, 'Normalization': 1}. Best is trial 40 with value: 0.0005719184021472756.
[I 2025-11-21 00:44:42,906] Trial 262 finished with value: 0.0003913159525836818 and parameters: {'n_units': 1000, 'alpha': 0.8, 'sigma_in': 0.30000000000000004, 'rho': 0.1, 'tikh': 0.1, 'option': 3, 'Normalization': 1}. Best is trial 225 with value: 0.00013852912506990834.
[I 2025-11-21 00:44:55,929] Trial 252 finished with value: 0.0024426341926300664 and parameters: {'n_units': 1000, 'alpha': 1.0, 'sigma_in': 0.5, 'rho': 0.5, 'tikh': 0.1, 'option': 3, 'Normalization': 1}. Best is trial 40 with value: 0.0005719184021472756.
[I 2025-11-21 00:45:34,078] Trial 263 finished with value: 0.000185043760939152 and parameters: {'n_units': 1000, 'alpha': 0.8, 'sigma_in': 0.30000000000000004, 'rho': 0.1, 'tikh': 0.1, 'option': 3, 'Normalization': 1}. Best is trial 225 with value: 0.00013852912506990834.
[I 2025-11-21 00:45:43,899] Trial 253 finished with value: 17.156560075635205 and parameters: {'n_units': 1000, 'alpha': 1.0, 'sigma_in': 0.5, 'rho': 0.5, 'tikh': 0.1, 'option': 3, 'Normalization': 1}. Best is trial 40 with value: 0.0005719184021472756.
[I 2025-11-21 00:46:40,276] Trial 264 finished with value: 0.00033781240381358657 and parameters: {'n_units': 1000, 'alpha': 0.8, 'sigma_in': 0.30000000000000004, 'rho': 0.1, 'tikh': 0.1, 'option': 3, 'Normalization': 1}. Best is trial 225 with value: 0.00013852912506990834.
[I 2025-11-21 00:46:44,930] Trial 254 finished with value: 0.003155950766813476 and parameters: {'n_units': 1000, 'alpha': 1.0, 'sigma_in': 0.5, 'rho': 0.5, 'tikh': 0.1, 'option': 3, 'Normalization': 1}. Best is trial 40 with value: 0.0005719184021472756.
[I 2025-11-21 00:47:33,407] Trial 265 finished with value: 0.23691402636468412 and parameters: {'n_units': 1000, 'alpha': 0.8, 'sigma_in': 0.30000000000000004, 'rho': 0.1, 'tikh': 0.1, 'option': 5, 'Normalization': 1}. Best is trial 225 with value: 0.00013852912506990834.
[I 2025-11-21 00:47:35,173] Trial 255 finished with value: 53009.99468688965 and parameters: {'n_units': 1000, 'alpha': 1.0, 'sigma_in': 0.5, 'rho': 0.5, 'tikh': 1e-05, 'option': 3, 'Normalization': 1}. Best is trial 40 with value: 0.0005719184021472756.
[I 2025-11-21 00:48:19,152] Trial 266 finished with value: 4448.478816223144 and parameters: {'n_units': 1000, 'alpha': 0.5, 'sigma_in': 0.2, 'rho': 0.8, 'tikh': 1e-05, 'option': 3, 'Normalization': 1}. Best is trial 225 with value: 0.00013852912506990834.
[I 2025-11-21 00:48:19,372] Trial 256 finished with value: 262.3158485352993 and parameters: {'n_units': 1000, 'alpha': 1.0, 'sigma_in': 0.5, 'rho': 0.5, 'tikh': 0.1, 'option': 4, 'Normalization': 1}. Best is trial 40 with value: 0.0005719184021472756.
[I 2025-11-21 00:49:03,974] Trial 257 finished with value: 0.004233546456089243 and parameters: {'n_units': 1000, 'alpha': 1.0, 'sigma_in': 0.5, 'rho': 0.5, 'tikh': 0.1, 'option': 3, 'Normalization': 1}. Best is trial 40 with value: 0.0005719184021472756.
[I 2025-11-21 00:49:06,540] Trial 267 finished with value: 1.6434034393285402 and parameters: {'n_units': 1000, 'alpha': 0.8, 'sigma_in': 0.9, 'rho': 0.1, 'tikh': 0.1, 'option': 3, 'Normalization': 1}. Best is trial 225 with value: 0.00013852912506990834.
[I 2025-11-21 00:49:53,645] Trial 258 finished with value: 0.021456024964572863 and parameters: {'n_units': 1000, 'alpha': 0.6, 'sigma_in': 0.5, 'rho': 0.5, 'tikh': 0.1, 'option': 3, 'Normalization': 1}. Best is trial 40 with value: 0.0005719184021472756.
[I 2025-11-21 00:49:56,673] Trial 268 finished with value: 0.0004879901593085378 and parameters: {'n_units': 1000, 'alpha': 0.7000000000000001, 'sigma_in': 0.30000000000000004, 'rho': 0.1, 'tikh': 0.1, 'option': 3, 'Normalization': 1}. Best is trial 225 with value: 0.00013852912506990834.
[I 2025-11-21 00:50:40,168] Trial 259 finished with value: 86693.46283416748 and parameters: {'n_units': 1000, 'alpha': 1.0, 'sigma_in': 0.4, 'rho': 0.6, 'tikh': 0.0001, 'option': 3, 'Normalization': 1}. Best is trial 40 with value: 0.0005719184021472756.
[I 2025-11-21 00:50:46,103] Trial 269 finished with value: 0.00026087083388119935 and parameters: {'n_units': 1000, 'alpha': 0.8, 'sigma_in': 0.30000000000000004, 'rho': 0.1, 'tikh': 0.1, 'option': 3, 'Normalization': 1}. Best is trial 225 with value: 0.00013852912506990834.
[I 2025-11-21 00:51:25,946] Trial 260 finished with value: 0.0023590457916725428 and parameters: {'n_units': 1000, 'alpha': 1.0, 'sigma_in': 0.5, 'rho': 0.5, 'tikh': 0.1, 'option': 3, 'Normalization': 1}. Best is trial 40 with value: 0.0005719184021472756.
[I 2025-11-21 00:51:34,358] Trial 270 finished with value: 0.0003085002312218421 and parameters: {'n_units': 1000, 'alpha': 0.8, 'sigma_in': 0.30000000000000004, 'rho': 0.1, 'tikh': 0.1, 'option': 3, 'Normalization': 1}. Best is trial 225 with value: 0.00013852912506990834.
[I 2025-11-21 00:52:13,104] Trial 261 finished with value: 0.00227851314120926 and parameters: {'n_units': 1000, 'alpha': 1.0, 'sigma_in': 0.5, 'rho': 0.5, 'tikh': 0.1, 'option': 3, 'Normalization': 1}. Best is trial 40 with value: 0.0005719184021472756.
[I 2025-11-21 00:52:21,618] Trial 271 finished with value: 0.00038997720530460357 and parameters: {'n_units': 1000, 'alpha': 0.8, 'sigma_in': 0.30000000000000004, 'rho': 0.1, 'tikh': 0.1, 'option': 3, 'Normalization': 1}. Best is trial 225 with value: 0.00013852912506990834.
[I 2025-11-21 00:52:59,512] Trial 262 finished with value: 104.99503801913234 and parameters: {'n_units': 1000, 'alpha': 1.0, 'sigma_in': 0.6, 'rho': 0.5, 'tikh': 0.1, 'option': 3, 'Normalization': 1}. Best is trial 40 with value: 0.0005719184021472756.
[I 2025-11-21 00:53:11,433] Trial 272 finished with value: 0.00034346281718171666 and parameters: {'n_units': 1000, 'alpha': 0.8, 'sigma_in': 0.30000000000000004, 'rho': 0.1, 'tikh': 0.1, 'option': 3, 'Normalization': 1}. Best is trial 225 with value: 0.00013852912506990834.
[I 2025-11-21 00:53:45,832] Trial 263 finished with value: 0.19181621498137247 and parameters: {'n_units': 1000, 'alpha': 1.0, 'sigma_in': 0.5, 'rho': 0.5, 'tikh': 0.1, 'option': 3, 'Normalization': 1}. Best is trial 40 with value: 0.0005719184021472756.
[I 2025-11-21 00:53:58,066] Trial 273 finished with value: 3411.5028480529786 and parameters: {'n_units': 1000, 'alpha': 0.8, 'sigma_in': 0.30000000000000004, 'rho': 0.1, 'tikh': 0.0001, 'option': 3, 'Normalization': 1}. Best is trial 225 with value: 0.00013852912506990834.
[I 2025-11-21 00:54:34,140] Trial 264 finished with value: 4180.4894954681395 and parameters: {'n_units': 1000, 'alpha': 1.0, 'sigma_in': 0.5, 'rho': 0.4, 'tikh': 0.001, 'option': 3, 'Normalization': 1}. Best is trial 40 with value: 0.0005719184021472756.
[I 2025-11-21 00:54:48,848] Trial 274 finished with value: 0.0005706454496248626 and parameters: {'n_units': 1000, 'alpha': 0.7000000000000001, 'sigma_in': 0.4, 'rho': 0.1, 'tikh': 0.1, 'option': 3, 'Normalization': 1}. Best is trial 225 with value: 0.00013852912506990834.
[I 2025-11-21 00:55:18,005] Trial 265 finished with value: 0.0023741898214211686 and parameters: {'n_units': 1000, 'alpha': 1.0, 'sigma_in': 0.5, 'rho': 0.5, 'tikh': 0.1, 'option': 3, 'Normalization': 1}. Best is trial 40 with value: 0.0005719184021472756.
[I 2025-11-21 00:55:34,770] Trial 275 finished with value: 226.0481015700847 and parameters: {'n_units': 1000, 'alpha': 0.8, 'sigma_in': 0.30000000000000004, 'rho': 0.1, 'tikh': 0.001, 'option': 3, 'Normalization': 1}. Best is trial 225 with value: 0.00013852912506990834.
[I 2025-11-21 00:56:07,034] Trial 266 finished with value: 0.003026370779844001 and parameters: {'n_units': 1000, 'alpha': 0.9, 'sigma_in': 0.5, 'rho': 0.5, 'tikh': 0.1, 'option': 3, 'Normalization': 1}. Best is trial 40 with value: 0.0005719184021472756.
[I 2025-11-21 00:57:00,243] Trial 276 finished with value: 251.72214571470394 and parameters: {'n_units': 3000, 'alpha': 0.8, 'sigma_in': 0.30000000000000004, 'rho': 0.1, 'tikh': 0.1, 'option': 3, 'Normalization': 1}. Best is trial 225 with value: 0.00013852912506990834.
[I 2025-11-21 00:57:28,805] Trial 267 finished with value: 1769.1661087036132 and parameters: {'n_units': 3000, 'alpha': 1.0, 'sigma_in': 0.5, 'rho': 0.5, 'tikh': 0.1, 'option': 3, 'Normalization': 1}. Best is trial 40 with value: 0.0005719184021472756.
[I 2025-11-21 00:57:49,108] Trial 277 finished with value: 0.002871044451603666 and parameters: {'n_units': 1000, 'alpha': 0.8, 'sigma_in': 0.2, 'rho': 0.1, 'tikh': 0.1, 'option': 3, 'Normalization': 1}. Best is trial 225 with value: 0.00013852912506990834.
[I 2025-11-21 00:58:13,540] Trial 268 finished with value: 0.008376275922637432 and parameters: {'n_units': 1000, 'alpha': 1.0, 'sigma_in': 0.4, 'rho': 0.6, 'tikh': 0.1, 'option': 3, 'Normalization': 1}. Best is trial 40 with value: 0.0005719184021472756.
[I 2025-11-21 00:58:43,649] Trial 278 finished with value: 0.000305369612215145 and parameters: {'n_units': 1000, 'alpha': 0.8, 'sigma_in': 0.30000000000000004, 'rho': 0.1, 'tikh': 0.1, 'option': 3, 'Normalization': 1}. Best is trial 225 with value: 0.00013852912506990834.
[I 2025-11-21 00:59:08,292] Trial 269 finished with value: 0.0015966121995006689 and parameters: {'n_units': 1000, 'alpha': 1.0, 'sigma_in': 0.5, 'rho': 0.5, 'tikh': 0.1, 'option': 3, 'Normalization': 1}. Best is trial 40 with value: 0.0005719184021472756.
[I 2025-11-21 00:59:33,802] Trial 279 finished with value: 0.0003118906764939311 and parameters: {'n_units': 1000, 'alpha': 0.8, 'sigma_in': 0.30000000000000004, 'rho': 0.1, 'tikh': 0.1, 'option': 3, 'Normalization': 1}. Best is trial 225 with value: 0.00013852912506990834.
[I 2025-11-21 00:59:56,529] Trial 270 finished with value: 638.2185142040253 and parameters: {'n_units': 1000, 'alpha': 1.0, 'sigma_in': 0.6, 'rho': 0.4, 'tikh': 0.1, 'option': 5, 'Normalization': 1}. Best is trial 40 with value: 0.0005719184021472756.
[I 2025-11-21 01:00:21,334] Trial 280 finished with value: 0.0006425997386031668 and parameters: {'n_units': 1000, 'alpha': 0.8, 'sigma_in': 0.30000000000000004, 'rho': 0.1, 'tikh': 0.1, 'option': 3, 'Normalization': 1}. Best is trial 225 with value: 0.00013852912506990834.
