[I 2025-11-21 02:25:26,073] Trial 226 finished with value: 482.4261632919312 and parameters: {'n_units': 3000, 'alpha': 0.9, 'sigma_in': 0.1, 'rho': 0.1, 'tikh': 0.01, 'option': 5, 'N_train': 20000, 'out_dim': 3, 'Normalization': 1}. Best is trial 145 with value: 0.009504025103524327.
[I 2025-11-21 02:26:35,475] Trial 227 finished with value: 17.779722738265992 and parameters: {'n_units': 3000, 'alpha': 0.9, 'sigma_in': 0.1, 'rho': 0.7000000000000001, 'tikh': 0.1, 'option': 5, 'N_train': 20000, 'out_dim': 3, 'Normalization': 1}. Best is trial 145 with value: 0.009504025103524327.
[I 2025-11-21 02:27:48,255] Trial 228 finished with value: 2510.949150848389 and parameters: {'n_units': 3000, 'alpha': 1.0, 'sigma_in': 0.1, 'rho': 0.1, 'tikh': 1e-07, 'option': 5, 'N_train': 20000, 'out_dim': 3, 'Normalization': 1}. Best is trial 145 with value: 0.009504025103524327.
[I 2025-11-21 02:28:58,871] Trial 229 finished with value: 0.008367051323875784 and parameters: {'n_units': 3000, 'alpha': 0.9, 'sigma_in': 0.1, 'rho': 0.1, 'tikh': 0.1, 'option': 5, 'N_train': 20000, 'out_dim': 3, 'Normalization': 1}. Best is trial 229 with value: 0.008367051323875784.
[I 2025-11-21 02:30:08,314] Trial 230 finished with value: 0.011707621440291405 and parameters: {'n_units': 3000, 'alpha': 0.9, 'sigma_in': 0.1, 'rho': 0.1, 'tikh': 0.1, 'option': 5, 'N_train': 20000, 'out_dim': 3, 'Normalization': 1}. Best is trial 229 with value: 0.008367051323875784.
[I 2025-11-21 02:31:17,606] Trial 231 finished with value: 0.012512556021101772 and parameters: {'n_units': 3000, 'alpha': 0.9, 'sigma_in': 0.1, 'rho': 0.1, 'tikh': 0.1, 'option': 5, 'N_train': 20000, 'out_dim': 3, 'Normalization': 1}. Best is trial 229 with value: 0.008367051323875784.
[I 2025-11-21 02:32:34,386] Trial 232 finished with value: 1.8319880325812847 and parameters: {'n_units': 3000, 'alpha': 0.9, 'sigma_in': 0.1, 'rho': 0.1, 'tikh': 0.1, 'option': 5, 'N_train': 20000, 'out_dim': 3, 'Normalization': 1}. Best is trial 229 with value: 0.008367051323875784.
[I 2025-11-21 02:33:52,505] Trial 233 finished with value: 0.012469451176002622 and parameters: {'n_units': 3000, 'alpha': 0.9, 'sigma_in': 0.1, 'rho': 0.1, 'tikh': 0.1, 'option': 5, 'N_train': 20000, 'out_dim': 3, 'Normalization': 1}. Best is trial 229 with value: 0.008367051323875784.
[I 2025-11-21 02:35:02,879] Trial 234 finished with value: 12.315886878967286 and parameters: {'n_units': 3000, 'alpha': 0.8, 'sigma_in': 0.1, 'rho': 0.6, 'tikh': 0.1, 'option': 5, 'N_train': 20000, 'out_dim': 3, 'Normalization': 1}. Best is trial 229 with value: 0.008367051323875784.
[I 2025-11-21 02:36:17,556] Trial 235 finished with value: 0.010799888288602233 and parameters: {'n_units': 3000, 'alpha': 0.9, 'sigma_in': 0.1, 'rho': 0.1, 'tikh': 0.1, 'option': 5, 'N_train': 20000, 'out_dim': 3, 'Normalization': 1}. Best is trial 229 with value: 0.008367051323875784.
[I 2025-11-21 02:37:34,298] Trial 236 finished with value: 0.013290643272921444 and parameters: {'n_units': 3000, 'alpha': 0.9, 'sigma_in': 0.1, 'rho': 0.1, 'tikh': 0.1, 'option': 5, 'N_train': 20000, 'out_dim': 3, 'Normalization': 1}. Best is trial 229 with value: 0.008367051323875784.
[I 2025-11-21 02:38:45,481] Trial 237 finished with value: 0.012881517829373478 and parameters: {'n_units': 3000, 'alpha': 1.0, 'sigma_in': 0.1, 'rho': 0.1, 'tikh': 0.1, 'option': 5, 'N_train': 20000, 'out_dim': 3, 'Normalization': 1}. Best is trial 229 with value: 0.008367051323875784.
[I 2025-11-21 02:39:59,088] Trial 238 finished with value: 0.09001926332712173 and parameters: {'n_units': 3000, 'alpha': 0.9, 'sigma_in': 0.1, 'rho': 0.1, 'tikh': 0.1, 'option': 5, 'N_train': 20000, 'out_dim': 3, 'Normalization': 1}. Best is trial 229 with value: 0.008367051323875784.
[I 2025-11-21 02:41:37,634] Trial 239 finished with value: 1425.4527039527893 and parameters: {'n_units': 3000, 'alpha': 0.7000000000000001, 'sigma_in': 0.1, 'rho': 1.0, 'tikh': 0.1, 'option': 5, 'N_train': 20000, 'out_dim': 3, 'Normalization': 1}. Best is trial 229 with value: 0.008367051323875784.
[I 2025-11-21 02:42:58,962] Trial 240 finished with value: 0.010230915527790785 and parameters: {'n_units': 3000, 'alpha': 0.8, 'sigma_in': 0.1, 'rho': 0.1, 'tikh': 0.1, 'option': 5, 'N_train': 20000, 'out_dim': 3, 'Normalization': 1}. Best is trial 229 with value: 0.008367051323875784.
[I 2025-11-21 02:44:16,091] Trial 241 finished with value: 0.011871301574865356 and parameters: {'n_units': 3000, 'alpha': 0.8, 'sigma_in': 0.1, 'rho': 0.1, 'tikh': 0.1, 'option': 5, 'N_train': 20000, 'out_dim': 3, 'Normalization': 1}. Best is trial 229 with value: 0.008367051323875784.
[I 2025-11-21 02:45:33,142] Trial 242 finished with value: 0.18321405730675905 and parameters: {'n_units': 3000, 'alpha': 0.8, 'sigma_in': 0.1, 'rho': 0.1, 'tikh': 0.1, 'option': 5, 'N_train': 20000, 'out_dim': 3, 'Normalization': 1}. Best is trial 229 with value: 0.008367051323875784.
[I 2025-11-21 02:46:47,601] Trial 243 finished with value: 0.012173429457470774 and parameters: {'n_units': 3000, 'alpha': 0.8, 'sigma_in': 0.1, 'rho': 0.1, 'tikh': 0.1, 'option': 5, 'N_train': 20000, 'out_dim': 3, 'Normalization': 1}. Best is trial 229 with value: 0.008367051323875784.
[I 2025-11-21 02:48:02,594] Trial 244 finished with value: 0.011437149299308658 and parameters: {'n_units': 3000, 'alpha': 0.8, 'sigma_in': 0.1, 'rho': 0.1, 'tikh': 0.1, 'option': 5, 'N_train': 20000, 'out_dim': 3, 'Normalization': 1}. Best is trial 229 with value: 0.008367051323875784.
[I 2025-11-21 02:49:24,164] Trial 245 finished with value: 53808165.641010284 and parameters: {'n_units': 3000, 'alpha': 0.8, 'sigma_in': 0.1, 'rho': 0.1, 'tikh': 1e-10, 'option': 5, 'N_train': 20000, 'out_dim': 3, 'Normalization': 1}. Best is trial 229 with value: 0.008367051323875784.
[I 2025-11-21 02:50:49,057] Trial 246 finished with value: 5.2745081901550295 and parameters: {'n_units': 3000, 'alpha': 0.8, 'sigma_in': 0.1, 'rho': 0.1, 'tikh': 0.1, 'option': 2, 'N_train': 20000, 'out_dim': 3, 'Normalization': 1}. Best is trial 229 with value: 0.008367051323875784.
[I 2025-11-21 02:52:10,531] Trial 247 finished with value: 6165.535426902771 and parameters: {'n_units': 3000, 'alpha': 0.8, 'sigma_in': 0.1, 'rho': 0.1, 'tikh': 1e-09, 'option': 5, 'N_train': 20000, 'out_dim': 3, 'Normalization': 1}. Best is trial 229 with value: 0.008367051323875784.
[I 2025-11-21 02:53:33,125] Trial 248 finished with value: 0.01285048802383244 and parameters: {'n_units': 3000, 'alpha': 0.8, 'sigma_in': 0.1, 'rho': 0.1, 'tikh': 0.1, 'option': 5, 'N_train': 20000, 'out_dim': 3, 'Normalization': 1}. Best is trial 229 with value: 0.008367051323875784.
[I 2025-11-21 02:54:45,093] Trial 249 finished with value: 301.7927397086285 and parameters: {'n_units': 3000, 'alpha': 0.9, 'sigma_in': 0.1, 'rho': 0.1, 'tikh': 0.1, 'option': 5, 'N_train': 20000, 'out_dim': 3, 'Normalization': 1}. Best is trial 229 with value: 0.008367051323875784.
[I 2025-11-21 02:56:00,100] Trial 250 finished with value: 5.137261629104614 and parameters: {'n_units': 3000, 'alpha': 0.9, 'sigma_in': 0.1, 'rho': 0.1, 'tikh': 0.1, 'option': 3, 'N_train': 20000, 'out_dim': 3, 'Normalization': 1}. Best is trial 229 with value: 0.008367051323875784.
[I 2025-11-21 02:57:17,572] Trial 251 finished with value: 21044.926004981993 and parameters: {'n_units': 3000, 'alpha': 0.8, 'sigma_in': 0.1, 'rho': 0.1, 'tikh': 1e-08, 'option': 5, 'N_train': 20000, 'out_dim': 3, 'Normalization': 1}. Best is trial 229 with value: 0.008367051323875784.
[I 2025-11-21 02:58:33,542] Trial 252 finished with value: 4.523610502947122 and parameters: {'n_units': 3000, 'alpha': 1.0, 'sigma_in': 0.1, 'rho': 0.1, 'tikh': 0.1, 'option': 5, 'N_train': 20000, 'out_dim': 3, 'Normalization': 1}. Best is trial 229 with value: 0.008367051323875784.
[I 2025-11-21 02:59:49,787] Trial 253 finished with value: 208.78644132614136 and parameters: {'n_units': 3000, 'alpha': 0.9, 'sigma_in': 1.0, 'rho': 0.1, 'tikh': 0.1, 'option': 5, 'N_train': 20000, 'out_dim': 3, 'Normalization': 1}. Best is trial 229 with value: 0.008367051323875784.
[I 2025-11-21 03:01:13,122] Trial 254 finished with value: 14629.794689941406 and parameters: {'n_units': 3000, 'alpha': 0.8, 'sigma_in': 0.1, 'rho': 0.1, 'tikh': 0.001, 'option': 5, 'N_train': 20000, 'out_dim': 3, 'Normalization': 1}. Best is trial 229 with value: 0.008367051323875784.
[I 2025-11-21 03:02:40,775] Trial 255 finished with value: 8790.020606994629 and parameters: {'n_units': 3000, 'alpha': 0.9, 'sigma_in': 0.1, 'rho': 0.1, 'tikh': 1e-05, 'option': 5, 'N_train': 20000, 'out_dim': 3, 'Normalization': 1}. Best is trial 229 with value: 0.008367051323875784.
[I 2025-11-21 03:03:34,290] Trial 256 finished with value: 5.179100131988525 and parameters: {'n_units': 1000, 'alpha': 1.0, 'sigma_in': 0.1, 'rho': 0.1, 'tikh': 0.1, 'option': 4, 'N_train': 20000, 'out_dim': 3, 'Normalization': 1}. Best is trial 229 with value: 0.008367051323875784.
[I 2025-11-21 03:04:49,626] Trial 257 finished with value: 7908.280585575104 and parameters: {'n_units': 3000, 'alpha': 0.9, 'sigma_in': 0.9, 'rho': 0.1, 'tikh': 0.1, 'option': 5, 'N_train': 20000, 'out_dim': 3, 'Normalization': 1}. Best is trial 229 with value: 0.008367051323875784.
[I 2025-11-21 03:06:05,972] Trial 258 finished with value: 0.10486938126850873 and parameters: {'n_units': 3000, 'alpha': 0.8, 'sigma_in': 0.1, 'rho': 0.1, 'tikh': 0.1, 'option': 5, 'N_train': 20000, 'out_dim': 3, 'Normalization': 1}. Best is trial 229 with value: 0.008367051323875784.
[I 2025-11-21 03:07:20,847] Trial 259 finished with value: 14267.342175292968 and parameters: {'n_units': 3000, 'alpha': 0.9, 'sigma_in': 0.1, 'rho': 0.2, 'tikh': 0.0001, 'option': 5, 'N_train': 20000, 'out_dim': 3, 'Normalization': 1}. Best is trial 229 with value: 0.008367051323875784.
[I 2025-11-21 03:08:38,252] Trial 260 finished with value: 30.501563680171966 and parameters: {'n_units': 3000, 'alpha': 0.9, 'sigma_in': 0.2, 'rho': 0.1, 'tikh': 0.1, 'option': 5, 'N_train': 20000, 'out_dim': 3, 'Normalization': 1}. Best is trial 229 with value: 0.008367051323875784.
[I 2025-11-21 03:09:53,283] Trial 261 finished with value: 0.011445118649862706 and parameters: {'n_units': 3000, 'alpha': 1.0, 'sigma_in': 0.1, 'rho': 0.1, 'tikh': 0.1, 'option': 5, 'N_train': 20000, 'out_dim': 3, 'Normalization': 1}. Best is trial 229 with value: 0.008367051323875784.
[I 2025-11-21 03:11:08,287] Trial 262 finished with value: 1504.516047668457 and parameters: {'n_units': 3000, 'alpha': 0.7000000000000001, 'sigma_in': 0.1, 'rho': 0.1, 'tikh': 1e-06, 'option': 5, 'N_train': 20000, 'out_dim': 3, 'Normalization': 1}. Best is trial 229 with value: 0.008367051323875784.
[I 2025-11-21 03:12:23,824] Trial 263 finished with value: 0.01028775458689779 and parameters: {'n_units': 3000, 'alpha': 0.8, 'sigma_in': 0.1, 'rho': 0.1, 'tikh': 0.1, 'option': 5, 'N_train': 20000, 'out_dim': 3, 'Normalization': 1}. Best is trial 229 with value: 0.008367051323875784.
[I 2025-11-21 03:13:39,994] Trial 264 finished with value: 0.011936478409916162 and parameters: {'n_units': 3000, 'alpha': 0.9, 'sigma_in': 0.1, 'rho': 0.1, 'tikh': 0.1, 'option': 5, 'N_train': 20000, 'out_dim': 3, 'Normalization': 1}. Best is trial 229 with value: 0.008367051323875784.
[I 2025-11-21 03:14:57,164] Trial 265 finished with value: 0.012299604387953878 and parameters: {'n_units': 3000, 'alpha': 0.8, 'sigma_in': 0.1, 'rho': 0.1, 'tikh': 0.1, 'option': 5, 'N_train': 20000, 'out_dim': 3, 'Normalization': 1}. Best is trial 229 with value: 0.008367051323875784.
[I 2025-11-21 03:16:07,587] Trial 266 finished with value: 1.1450183322653174 and parameters: {'n_units': 3000, 'alpha': 1.0, 'sigma_in': 0.1, 'rho': 0.2, 'tikh': 0.1, 'option': 5, 'N_train': 20000, 'out_dim': 3, 'Normalization': 1}. Best is trial 229 with value: 0.008367051323875784.
[I 2025-11-21 03:17:21,945] Trial 267 finished with value: 0.012861995957791805 and parameters: {'n_units': 3000, 'alpha': 0.9, 'sigma_in': 0.1, 'rho': 0.1, 'tikh': 0.1, 'option': 5, 'N_train': 20000, 'out_dim': 3, 'Normalization': 1}. Best is trial 229 with value: 0.008367051323875784.
[I 2025-11-21 03:18:43,723] Trial 268 finished with value: 203.27954468615354 and parameters: {'n_units': 3000, 'alpha': 0.7000000000000001, 'sigma_in': 0.2, 'rho': 0.1, 'tikh': 0.1, 'option': 5, 'N_train': 20000, 'out_dim': 3, 'Normalization': 1}. Best is trial 229 with value: 0.008367051323875784.
[I 2025-11-21 03:19:57,278] Trial 269 finished with value: 1571.767456626892 and parameters: {'n_units': 3000, 'alpha': 0.9, 'sigma_in': 0.1, 'rho': 0.1, 'tikh': 0.01, 'option': 5, 'N_train': 20000, 'out_dim': 3, 'Normalization': 1}. Best is trial 229 with value: 0.008367051323875784.
[I 2025-11-21 03:21:12,228] Trial 270 finished with value: 62786.58858642578 and parameters: {'n_units': 3000, 'alpha': 0.8, 'sigma_in': 0.1, 'rho': 0.1, 'tikh': 1e-07, 'option': 5, 'N_train': 20000, 'out_dim': 3, 'Normalization': 1}. Best is trial 229 with value: 0.008367051323875784.
[I 2025-11-21 03:22:27,793] Trial 271 finished with value: 0.22702296376228331 and parameters: {'n_units': 3000, 'alpha': 0.7000000000000001, 'sigma_in': 0.1, 'rho': 0.1, 'tikh': 0.1, 'option': 5, 'N_train': 20000, 'out_dim': 3, 'Normalization': 1}. Best is trial 229 with value: 0.008367051323875784.
[I 2025-11-21 03:23:46,790] Trial 272 finished with value: 0.00970627679489553 and parameters: {'n_units': 2000, 'alpha': 0.9, 'sigma_in': 0.1, 'rho': 0.1, 'tikh': 0.1, 'option': 5, 'N_train': 20000, 'out_dim': 3, 'Normalization': 1}. Best is trial 229 with value: 0.008367051323875784.
[I 2025-11-21 03:24:54,237] Trial 273 finished with value: 5.27483868598938 and parameters: {'n_units': 2000, 'alpha': 0.9, 'sigma_in': 0.1, 'rho': 0.1, 'tikh': 0.1, 'option': 2, 'N_train': 20000, 'out_dim': 3, 'Normalization': 1}. Best is trial 229 with value: 0.008367051323875784.
[I 2025-11-21 03:26:12,339] Trial 274 finished with value: 0.012263997551053762 and parameters: {'n_units': 3000, 'alpha': 0.9, 'sigma_in': 0.1, 'rho': 0.1, 'tikh': 0.1, 'option': 5, 'N_train': 20000, 'out_dim': 3, 'Normalization': 1}. Best is trial 229 with value: 0.008367051323875784.
[I 2025-11-21 03:27:24,212] Trial 275 finished with value: 5.127995109558105 and parameters: {'n_units': 2000, 'alpha': 0.9, 'sigma_in': 0.1, 'rho': 0.1, 'tikh': 0.1, 'option': 3, 'N_train': 20000, 'out_dim': 3, 'Normalization': 1}. Best is trial 229 with value: 0.008367051323875784.
[I 2025-11-21 03:28:16,466] Trial 276 finished with value: 0.02543927696533501 and parameters: {'n_units': 1000, 'alpha': 0.9, 'sigma_in': 0.1, 'rho': 0.2, 'tikh': 0.1, 'option': 5, 'N_train': 20000, 'out_dim': 3, 'Normalization': 1}. Best is trial 229 with value: 0.008367051323875784.
[I 2025-11-21 03:29:28,757] Trial 277 finished with value: 0.014474079851061106 and parameters: {'n_units': 3000, 'alpha': 0.9, 'sigma_in': 0.1, 'rho': 0.1, 'tikh': 0.1, 'option': 5, 'N_train': 20000, 'out_dim': 3, 'Normalization': 1}. Best is trial 229 with value: 0.008367051323875784.
[I 2025-11-21 03:30:48,305] Trial 278 finished with value: 3254.965936279297 and parameters: {'n_units': 2000, 'alpha': 1.0, 'sigma_in': 0.1, 'rho': 0.1, 'tikh': 1e-10, 'option': 5, 'N_train': 20000, 'out_dim': 3, 'Normalization': 1}. Best is trial 229 with value: 0.008367051323875784.
[I 2025-11-21 03:32:13,103] Trial 279 finished with value: 594.6062369409949 and parameters: {'n_units': 3000, 'alpha': 0.8, 'sigma_in': 0.2, 'rho': 0.1, 'tikh': 0.1, 'option': 5, 'N_train': 20000, 'out_dim': 3, 'Normalization': 1}. Best is trial 229 with value: 0.008367051323875784.
[I 2025-11-21 03:33:09,172] Trial 280 finished with value: 3697.3545524597166 and parameters: {'n_units': 1000, 'alpha': 0.8, 'sigma_in': 0.1, 'rho': 0.1, 'tikh': 1e-09, 'option': 5, 'N_train': 20000, 'out_dim': 3, 'Normalization': 1}. Best is trial 229 with value: 0.008367051323875784.
[I 2025-11-21 03:34:18,799] Trial 281 finished with value: 5.218715858459473 and parameters: {'n_units': 3000, 'alpha': 0.9, 'sigma_in': 0.1, 'rho': 0.1, 'tikh': 0.1, 'option': 4, 'N_train': 20000, 'out_dim': 3, 'Normalization': 1}. Best is trial 229 with value: 0.008367051323875784.
[I 2025-11-21 03:35:31,692] Trial 282 finished with value: 0.013832452148199082 and parameters: {'n_units': 3000, 'alpha': 1.0, 'sigma_in': 0.1, 'rho': 0.1, 'tikh': 0.1, 'option': 5, 'N_train': 20000, 'out_dim': 3, 'Normalization': 1}. Best is trial 229 with value: 0.008367051323875784.
[I 2025-11-21 03:36:49,244] Trial 283 finished with value: 0.011381933791562915 and parameters: {'n_units': 3000, 'alpha': 0.9, 'sigma_in': 0.1, 'rho': 0.1, 'tikh': 0.1, 'option': 5, 'N_train': 20000, 'out_dim': 3, 'Normalization': 1}. Best is trial 229 with value: 0.008367051323875784.
[I 2025-11-21 03:38:07,568] Trial 284 finished with value: 0.011460628546774387 and parameters: {'n_units': 3000, 'alpha': 0.9, 'sigma_in': 0.1, 'rho': 0.1, 'tikh': 0.1, 'option': 5, 'N_train': 20000, 'out_dim': 3, 'Normalization': 1}. Best is trial 229 with value: 0.008367051323875784.
[I 2025-11-21 03:39:29,376] Trial 285 finished with value: 7544.96413230896 and parameters: {'n_units': 3000, 'alpha': 0.9, 'sigma_in': 0.1, 'rho': 0.1, 'tikh': 1e-08, 'option': 5, 'N_train': 20000, 'out_dim': 3, 'Normalization': 1}. Best is trial 229 with value: 0.008367051323875784.
[I 2025-11-21 03:40:59,366] Trial 286 finished with value: 0.6675430841743946 and parameters: {'n_units': 3000, 'alpha': 0.9, 'sigma_in': 0.1, 'rho': 0.2, 'tikh': 0.1, 'option': 5, 'N_train': 20000, 'out_dim': 3, 'Normalization': 1}. Best is trial 229 with value: 0.008367051323875784.
[I 2025-11-21 03:42:20,804] Trial 287 finished with value: 5.223379161255434 and parameters: {'n_units': 3000, 'alpha': 0.9, 'sigma_in': 0.1, 'rho': 0.1, 'tikh': 0.1, 'option': 5, 'N_train': 20000, 'out_dim': 3, 'Normalization': 1}. Best is trial 229 with value: 0.008367051323875784.
[I 2025-11-21 03:43:31,657] Trial 288 finished with value: 6784.651232910156 and parameters: {'n_units': 3000, 'alpha': 0.8, 'sigma_in': 0.1, 'rho': 0.1, 'tikh': 1e-05, 'option': 5, 'N_train': 20000, 'out_dim': 3, 'Normalization': 1}. Best is trial 229 with value: 0.008367051323875784.
[I 2025-11-21 03:44:45,499] Trial 289 finished with value: 27.885067158937453 and parameters: {'n_units': 3000, 'alpha': 0.9, 'sigma_in': 0.2, 'rho': 0.1, 'tikh': 0.1, 'option': 5, 'N_train': 20000, 'out_dim': 3, 'Normalization': 1}. Best is trial 229 with value: 0.008367051323875784.
[I 2025-11-21 03:46:04,152] Trial 290 finished with value: 0.010726442513987421 and parameters: {'n_units': 3000, 'alpha': 0.7000000000000001, 'sigma_in': 0.1, 'rho': 0.1, 'tikh': 0.1, 'option': 5, 'N_train': 20000, 'out_dim': 3, 'Normalization': 1}. Best is trial 229 with value: 0.008367051323875784.
[I 2025-11-21 03:47:22,818] Trial 291 finished with value: 7144.2809772491455 and parameters: {'n_units': 2000, 'alpha': 0.7000000000000001, 'sigma_in': 0.1, 'rho': 0.1, 'tikh': 0.001, 'option': 5, 'N_train': 20000, 'out_dim': 3, 'Normalization': 1}. Best is trial 229 with value: 0.008367051323875784.
[I 2025-11-21 03:48:38,999] Trial 292 finished with value: 0.05146419890224933 and parameters: {'n_units': 3000, 'alpha': 0.7000000000000001, 'sigma_in': 0.1, 'rho': 0.1, 'tikh': 0.1, 'option': 5, 'N_train': 20000, 'out_dim': 3, 'Normalization': 1}. Best is trial 229 with value: 0.008367051323875784.
[I 2025-11-21 03:49:51,256] Trial 293 finished with value: 197.0903785943985 and parameters: {'n_units': 3000, 'alpha': 0.7000000000000001, 'sigma_in': 0.8, 'rho': 0.1, 'tikh': 0.1, 'option': 5, 'N_train': 20000, 'out_dim': 3, 'Normalization': 1}. Best is trial 229 with value: 0.008367051323875784.
[I 2025-11-21 03:51:02,852] Trial 294 finished with value: 3902.9949996948244 and parameters: {'n_units': 3000, 'alpha': 0.7000000000000001, 'sigma_in': 0.1, 'rho': 0.2, 'tikh': 0.0001, 'option': 5, 'N_train': 20000, 'out_dim': 3, 'Normalization': 1}. Best is trial 229 with value: 0.008367051323875784.
[I 2025-11-21 03:52:19,106] Trial 295 finished with value: 35.74533793926239 and parameters: {'n_units': 3000, 'alpha': 0.9, 'sigma_in': 0.30000000000000004, 'rho': 0.1, 'tikh': 0.1, 'option': 5, 'N_train': 20000, 'out_dim': 3, 'Normalization': 1}. Best is trial 229 with value: 0.008367051323875784.
[I 2025-11-21 03:53:33,538] Trial 296 finished with value: 5.271841669082642 and parameters: {'n_units': 3000, 'alpha': 0.7000000000000001, 'sigma_in': 0.1, 'rho': 0.1, 'tikh': 0.1, 'option': 2, 'N_train': 20000, 'out_dim': 3, 'Normalization': 1}. Best is trial 229 with value: 0.008367051323875784.
[I 2025-11-21 03:54:57,536] Trial 297 finished with value: 1152.1681686401366 and parameters: {'n_units': 3000, 'alpha': 0.9, 'sigma_in': 0.1, 'rho': 0.1, 'tikh': 1e-06, 'option': 5, 'N_train': 20000, 'out_dim': 3, 'Normalization': 1}. Best is trial 229 with value: 0.008367051323875784.
[I 2025-11-21 03:56:12,495] Trial 298 finished with value: 0.0121863785199821 and parameters: {'n_units': 3000, 'alpha': 0.7000000000000001, 'sigma_in': 0.1, 'rho': 0.1, 'tikh': 0.1, 'option': 5, 'N_train': 20000, 'out_dim': 3, 'Normalization': 1}. Best is trial 229 with value: 0.008367051323875784.
[I 2025-11-21 03:57:33,281] Trial 299 finished with value: 0.015551923494786023 and parameters: {'n_units': 3000, 'alpha': 0.9, 'sigma_in': 0.1, 'rho': 0.1, 'tikh': 0.1, 'option': 5, 'N_train': 20000, 'out_dim': 3, 'Normalization': 1}. Best is trial 229 with value: 0.008367051323875784.
[I 2025-11-21 03:58:50,392] Trial 300 finished with value: 0.011728801717981695 and parameters: {'n_units': 3000, 'alpha': 0.9, 'sigma_in': 0.1, 'rho': 0.1, 'tikh': 0.1, 'option': 5, 'N_train': 20000, 'out_dim': 3, 'Normalization': 1}. Best is trial 229 with value: 0.008367051323875784.
