[I 2025-11-21 03:45:50,240] Trial 472 finished with value: 0.0029799359617754817 and parameters: {'n_units': 1000, 'alpha': 0.9, 'sigma_in': 0.5, 'rho': 0.5, 'tikh': 0.1, 'option': 3, 'Normalization': 1}. Best is trial 40 with value: 0.0005719184021472756.
[I 2025-11-21 03:46:41,012] Trial 473 finished with value: 0.5961227968524326 and parameters: {'n_units': 1000, 'alpha': 1.0, 'sigma_in': 0.5, 'rho': 0.6, 'tikh': 0.1, 'option': 3, 'Normalization': 1}. Best is trial 40 with value: 0.0005719184021472756.
[I 2025-11-21 03:47:31,583] Trial 474 finished with value: 892.8214831352234 and parameters: {'n_units': 1000, 'alpha': 1.0, 'sigma_in': 0.6, 'rho': 0.5, 'tikh': 0.1, 'option': 5, 'Normalization': 1}. Best is trial 40 with value: 0.0005719184021472756.
[I 2025-11-21 03:48:16,546] Trial 475 finished with value: 0.0029321818161406553 and parameters: {'n_units': 1000, 'alpha': 1.0, 'sigma_in': 0.5, 'rho': 0.5, 'tikh': 0.1, 'option': 3, 'Normalization': 1}. Best is trial 40 with value: 0.0005719184021472756.
[I 2025-11-21 03:49:03,707] Trial 476 finished with value: 25427.86248168945 and parameters: {'n_units': 1000, 'alpha': 1.0, 'sigma_in': 0.5, 'rho': 0.5, 'tikh': 0.0001, 'option': 3, 'Normalization': 1}. Best is trial 40 with value: 0.0005719184021472756.
[I 2025-11-21 03:49:52,396] Trial 477 finished with value: 77.08625159859658 and parameters: {'n_units': 1000, 'alpha': 1.0, 'sigma_in': 0.7000000000000001, 'rho': 0.5, 'tikh': 0.1, 'option': 3, 'Normalization': 1}. Best is trial 40 with value: 0.0005719184021472756.
[I 2025-11-21 03:50:39,300] Trial 478 finished with value: 0.0031637120409868658 and parameters: {'n_units': 1000, 'alpha': 1.0, 'sigma_in': 0.5, 'rho': 0.5, 'tikh': 0.1, 'option': 3, 'Normalization': 1}. Best is trial 40 with value: 0.0005719184021472756.
[I 2025-11-21 03:51:28,968] Trial 479 finished with value: 0.011725466698408127 and parameters: {'n_units': 1000, 'alpha': 0.9, 'sigma_in': 0.4, 'rho': 0.5, 'tikh': 0.1, 'option': 3, 'Normalization': 1}. Best is trial 40 with value: 0.0005719184021472756.
[I 2025-11-21 03:52:18,425] Trial 480 finished with value: 514685.5776374817 and parameters: {'n_units': 1000, 'alpha': 1.0, 'sigma_in': 0.5, 'rho': 0.4, 'tikh': 0.001, 'option': 3, 'Normalization': 1}. Best is trial 40 with value: 0.0005719184021472756.
[I 2025-11-21 03:53:06,531] Trial 481 finished with value: 0.0018011120460869278 and parameters: {'n_units': 1000, 'alpha': 1.0, 'sigma_in': 0.5, 'rho': 0.5, 'tikh': 0.1, 'option': 3, 'Normalization': 1}. Best is trial 40 with value: 0.0005719184021472756.
[I 2025-11-21 03:53:54,210] Trial 482 finished with value: 0.37596974076750483 and parameters: {'n_units': 1000, 'alpha': 1.0, 'sigma_in': 0.5, 'rho': 0.6, 'tikh': 0.1, 'option': 3, 'Normalization': 1}. Best is trial 40 with value: 0.0005719184021472756.
[I 2025-11-21 03:55:12,806] Trial 483 finished with value: 2035.794155883789 and parameters: {'n_units': 3000, 'alpha': 1.0, 'sigma_in': 0.6, 'rho': 0.5, 'tikh': 0.1, 'option': 3, 'Normalization': 1}. Best is trial 40 with value: 0.0005719184021472756.
[I 2025-11-21 03:56:03,775] Trial 484 finished with value: 3.2622366555845472 and parameters: {'n_units': 1000, 'alpha': 1.0, 'sigma_in': 0.5, 'rho': 0.5, 'tikh': 0.1, 'option': 3, 'Normalization': 1}. Best is trial 40 with value: 0.0005719184021472756.
[I 2025-11-21 03:56:53,412] Trial 485 finished with value: 0.002519336383556947 and parameters: {'n_units': 1000, 'alpha': 1.0, 'sigma_in': 0.5, 'rho': 0.5, 'tikh': 0.1, 'option': 3, 'Normalization': 1}. Best is trial 40 with value: 0.0005719184021472756.
[I 2025-11-21 03:57:42,346] Trial 486 finished with value: 32.52659681709774 and parameters: {'n_units': 1000, 'alpha': 1.0, 'sigma_in': 0.5, 'rho': 0.5, 'tikh': 0.1, 'option': 4, 'Normalization': 1}. Best is trial 40 with value: 0.0005719184021472756.
[I 2025-11-21 03:58:32,258] Trial 487 finished with value: 0.004167319758562371 and parameters: {'n_units': 1000, 'alpha': 1.0, 'sigma_in': 0.5, 'rho': 0.5, 'tikh': 0.1, 'option': 3, 'Normalization': 1}. Best is trial 40 with value: 0.0005719184021472756.
[I 2025-11-21 03:59:20,229] Trial 488 finished with value: 0.002478817442897707 and parameters: {'n_units': 1000, 'alpha': 1.0, 'sigma_in': 0.5, 'rho': 0.4, 'tikh': 0.1, 'option': 3, 'Normalization': 1}. Best is trial 40 with value: 0.0005719184021472756.
[I 2025-11-21 04:00:07,702] Trial 489 finished with value: 480892.3196613312 and parameters: {'n_units': 1000, 'alpha': 1.0, 'sigma_in': 0.5, 'rho': 0.5, 'tikh': 0.01, 'option': 3, 'Normalization': 1}. Best is trial 40 with value: 0.0005719184021472756.
[I 2025-11-21 04:00:57,199] Trial 490 finished with value: 0.02317251596250571 and parameters: {'n_units': 1000, 'alpha': 0.9, 'sigma_in': 0.5, 'rho': 0.5, 'tikh': 0.1, 'option': 3, 'Normalization': 1}. Best is trial 40 with value: 0.0005719184021472756.
[I 2025-11-21 04:01:50,302] Trial 491 finished with value: 0.0020857722962318802 and parameters: {'n_units': 1000, 'alpha': 1.0, 'sigma_in': 0.5, 'rho': 0.5, 'tikh': 0.1, 'option': 3, 'Normalization': 1}. Best is trial 40 with value: 0.0005719184021472756.
[I 2025-11-21 04:02:39,339] Trial 492 finished with value: 39.08289371902356 and parameters: {'n_units': 1000, 'alpha': 1.0, 'sigma_in': 0.6, 'rho': 0.6, 'tikh': 0.1, 'option': 3, 'Normalization': 1}. Best is trial 40 with value: 0.0005719184021472756.
[I 2025-11-21 04:03:27,666] Trial 493 finished with value: 0.0018395220260572387 and parameters: {'n_units': 1000, 'alpha': 1.0, 'sigma_in': 0.5, 'rho': 0.5, 'tikh': 0.1, 'option': 3, 'Normalization': 1}. Best is trial 40 with value: 0.0005719184021472756.
[I 2025-11-21 04:04:15,485] Trial 494 finished with value: 0.002300134789766162 and parameters: {'n_units': 1000, 'alpha': 1.0, 'sigma_in': 0.5, 'rho': 0.5, 'tikh': 0.1, 'option': 3, 'Normalization': 1}. Best is trial 40 with value: 0.0005719184021472756.
[I 2025-11-21 04:05:03,976] Trial 495 finished with value: 6464.3976997375485 and parameters: {'n_units': 1000, 'alpha': 0.30000000000000004, 'sigma_in': 0.5, 'rho': 0.5, 'tikh': 1e-05, 'option': 3, 'Normalization': 1}. Best is trial 40 with value: 0.0005719184021472756.
[I 2025-11-21 04:05:51,593] Trial 496 finished with value: 0.10692315213382245 and parameters: {'n_units': 1000, 'alpha': 0.5, 'sigma_in': 0.4, 'rho': 0.5, 'tikh': 0.1, 'option': 3, 'Normalization': 1}. Best is trial 40 with value: 0.0005719184021472756.
[I 2025-11-21 04:06:43,098] Trial 497 finished with value: 0.0019515285443048925 and parameters: {'n_units': 1000, 'alpha': 1.0, 'sigma_in': 0.5, 'rho': 0.5, 'tikh': 0.1, 'option': 3, 'Normalization': 1}. Best is trial 40 with value: 0.0005719184021472756.
[I 2025-11-21 04:07:31,746] Trial 498 finished with value: 0.0018751192641502713 and parameters: {'n_units': 1000, 'alpha': 1.0, 'sigma_in': 0.5, 'rho': 0.5, 'tikh': 0.1, 'option': 3, 'Normalization': 1}. Best is trial 40 with value: 0.0005719184021472756.
[I 2025-11-21 04:08:23,881] Trial 499 finished with value: 2126.5787095069886 and parameters: {'n_units': 1000, 'alpha': 1.0, 'sigma_in': 0.5, 'rho': 0.5, 'tikh': 0.1, 'option': 5, 'Normalization': 1}. Best is trial 40 with value: 0.0005719184021472756.
Early stopping: best_value=8.863e-05 < 1.000e-04 -> stopping study.
Early stopping: best_value=5.971e-05 < 1.000e-04 -> stopping study.
[Main] Finished node 0 on GPU 0: best_value=5.970683428131451e-05
[Main] Finished node 2 on GPU 2: best_value=8.862922768457793e-05
[Main] Finished node 1 on GPU 1: best_value=0.0005719184021472756
All tasks completed. Summary:
{'node_id': 0, 'gpu_id': 0, 'best_value': 5.970683428131451e-05, 'best_params': {'n_units': 3000, 'alpha': 0.2, 'sigma_in': 0.2, 'rho': 0.1, 'tikh': 0.1, 'option': 4, 'Normalization': 1, 'N_train': 20000, 'out_dim': 3}, 'status': 'ok'}
{'node_id': 2, 'gpu_id': 2, 'best_value': 8.862922768457793e-05, 'best_params': {'n_units': 1000, 'alpha': 0.8, 'sigma_in': 0.30000000000000004, 'rho': 0.1, 'tikh': 0.1, 'option': 3, 'Normalization': 1, 'N_train': 20000, 'out_dim': 3}, 'status': 'ok'}
{'node_id': 1, 'gpu_id': 1, 'best_value': 0.0005719184021472756, 'best_params': {'n_units': 1000, 'alpha': 1.0, 'sigma_in': 0.5, 'rho': 0.5, 'tikh': 0.1, 'option': 3, 'Normalization': 1, 'N_train': 20000, 'out_dim': 3}, 'status': 'ok'}
