[I 2025-11-20 17:36:26,250] Trial 422 finished with value: 2668.5365324020386 and parameters: {'n_units': 1000, 'alpha': 0.4, 'sigma_in': 0.4, 'rho': 0.8, 'tikh': 0.01, 'option': 4, 'Normalization': 1}. Best is trial 94 with value: 0.0037233955343253912.
[I 2025-11-20 17:37:13,677] Trial 441 finished with value: 262.6422246932983 and parameters: {'n_units': 1000, 'alpha': 0.7000000000000001, 'sigma_in': 0.4, 'rho': 0.5, 'tikh': 1e-05, 'option': 4, 'Normalization': 1}. Best is trial 66 with value: 0.0032014672469813377.
[I 2025-11-20 17:37:16,801] Trial 447 finished with value: 0.014770094258710741 and parameters: {'n_units': 1000, 'alpha': 0.6, 'sigma_in': 0.2, 'rho': 0.2, 'tikh': 0.1, 'option': 5, 'Normalization': 1}. Best is trial 344 with value: 0.007580025377683342.
[I 2025-11-20 17:42:28,643] Trial 448 finished with value: 0.008295335341244936 and parameters: {'n_units': 1000, 'alpha': 0.5, 'sigma_in': 0.2, 'rho': 0.2, 'tikh': 0.1, 'option': 5, 'Normalization': 1}. Best is trial 344 with value: 0.007580025377683342.
[I 2025-11-20 17:42:29,113] Trial 423 finished with value: 0.014437773171812296 and parameters: {'n_units': 1000, 'alpha': 0.6, 'sigma_in': 0.30000000000000004, 'rho': 0.4, 'tikh': 0.1, 'option': 4, 'Normalization': 1}. Best is trial 94 with value: 0.0037233955343253912.
[I 2025-11-20 17:43:22,517] Trial 442 finished with value: 0.008435894106514751 and parameters: {'n_units': 1000, 'alpha': 0.7000000000000001, 'sigma_in': 0.30000000000000004, 'rho': 0.5, 'tikh': 0.1, 'option': 4, 'Normalization': 1}. Best is trial 66 with value: 0.0032014672469813377.
[I 2025-11-20 17:48:22,546] Trial 449 finished with value: 0.34373399885371325 and parameters: {'n_units': 1000, 'alpha': 0.5, 'sigma_in': 0.2, 'rho': 0.30000000000000004, 'tikh': 0.1, 'option': 5, 'Normalization': 1}. Best is trial 344 with value: 0.007580025377683342.
[I 2025-11-20 17:48:40,882] Trial 424 finished with value: 439.88255100250245 and parameters: {'n_units': 1000, 'alpha': 0.5, 'sigma_in': 0.5, 'rho': 0.6, 'tikh': 0.0001, 'option': 4, 'Normalization': 1}. Best is trial 94 with value: 0.0037233955343253912.
[I 2025-11-20 17:49:23,870] Trial 443 finished with value: 0.022568860650062562 and parameters: {'n_units': 1000, 'alpha': 0.8, 'sigma_in': 0.30000000000000004, 'rho': 0.5, 'tikh': 0.1, 'option': 4, 'Normalization': 1}. Best is trial 66 with value: 0.0032014672469813377.
[I 2025-11-20 17:53:56,480] Trial 450 finished with value: 2.862556769885123 and parameters: {'n_units': 1000, 'alpha': 0.5, 'sigma_in': 0.2, 'rho': 0.2, 'tikh': 0.1, 'option': 5, 'Normalization': 1}. Best is trial 344 with value: 0.007580025377683342.
[I 2025-11-20 17:54:59,709] Trial 425 finished with value: 0.00784110316017177 and parameters: {'n_units': 1000, 'alpha': 0.6, 'sigma_in': 0.4, 'rho': 0.4, 'tikh': 0.1, 'option': 4, 'Normalization': 1}. Best is trial 94 with value: 0.0037233955343253912.
[I 2025-11-20 17:59:01,347] Trial 451 finished with value: 0.3132240541279316 and parameters: {'n_units': 1000, 'alpha': 0.4, 'sigma_in': 0.2, 'rho': 0.2, 'tikh': 0.1, 'option': 5, 'Normalization': 1}. Best is trial 344 with value: 0.007580025377683342.
[I 2025-11-20 18:00:16,455] Trial 426 finished with value: 1.5553126558894292 and parameters: {'n_units': 1000, 'alpha': 0.5, 'sigma_in': 0.4, 'rho': 0.4, 'tikh': 0.1, 'option': 4, 'Normalization': 1}. Best is trial 94 with value: 0.0037233955343253912.
[I 2025-11-20 18:04:48,472] Trial 452 finished with value: 0.00991919576190412 and parameters: {'n_units': 1000, 'alpha': 0.6, 'sigma_in': 0.2, 'rho': 0.2, 'tikh': 0.1, 'option': 5, 'Normalization': 1}. Best is trial 344 with value: 0.007580025377683342.
[I 2025-11-20 18:06:11,119] Trial 427 finished with value: 0.9662345555843785 and parameters: {'n_units': 1000, 'alpha': 0.7000000000000001, 'sigma_in': 0.4, 'rho': 0.5, 'tikh': 0.1, 'option': 4, 'Normalization': 1}. Best is trial 94 with value: 0.0037233955343253912.
[I 2025-11-20 18:08:03,769] Trial 444 finished with value: 3772.7256550237535 and parameters: {'n_units': 3000, 'alpha': 0.7000000000000001, 'sigma_in': 0.2, 'rho': 0.5, 'tikh': 0.1, 'option': 4, 'Normalization': 1}. Best is trial 66 with value: 0.0032014672469813377.
[I 2025-11-20 18:09:27,352] Trial 453 finished with value: 0.5827604164136574 and parameters: {'n_units': 1000, 'alpha': 0.5, 'sigma_in': 0.2, 'rho': 0.2, 'tikh': 0.1, 'option': 5, 'Normalization': 1}. Best is trial 344 with value: 0.007580025377683342.
[I 2025-11-20 18:10:59,051] Trial 428 finished with value: 0.018883739691227676 and parameters: {'n_units': 1000, 'alpha': 0.30000000000000004, 'sigma_in': 0.4, 'rho': 0.4, 'tikh': 0.1, 'option': 3, 'Normalization': 1}. Best is trial 94 with value: 0.0037233955343253912.
[I 2025-11-20 18:13:02,090] Trial 445 finished with value: 0.006895565520972013 and parameters: {'n_units': 1000, 'alpha': 0.5, 'sigma_in': 0.30000000000000004, 'rho': 0.5, 'tikh': 0.1, 'option': 4, 'Normalization': 1}. Best is trial 66 with value: 0.0032014672469813377.
[I 2025-11-20 18:16:57,189] Trial 429 finished with value: 0.12999818872194738 and parameters: {'n_units': 1000, 'alpha': 0.8, 'sigma_in': 0.4, 'rho': 0.4, 'tikh': 0.1, 'option': 4, 'Normalization': 1}. Best is trial 94 with value: 0.0037233955343253912.
[I 2025-11-20 18:18:58,772] Trial 446 finished with value: 0.1030443977448158 and parameters: {'n_units': 1000, 'alpha': 0.6, 'sigma_in': 0.30000000000000004, 'rho': 0.6, 'tikh': 0.1, 'option': 4, 'Normalization': 1}. Best is trial 66 with value: 0.0032014672469813377.
[I 2025-11-20 18:22:23,496] Trial 430 finished with value: 679.9787128448486 and parameters: {'n_units': 1000, 'alpha': 0.7000000000000001, 'sigma_in': 0.4, 'rho': 0.4, 'tikh': 1e-05, 'option': 4, 'Normalization': 1}. Best is trial 94 with value: 0.0037233955343253912.
[I 2025-11-20 18:22:24,249] Trial 454 finished with value: 2.4899266488850116 and parameters: {'n_units': 3000, 'alpha': 0.5, 'sigma_in': 0.1, 'rho': 0.2, 'tikh': 0.1, 'option': 5, 'Normalization': 1}. Best is trial 344 with value: 0.007580025377683342.
[I 2025-11-20 18:24:02,383] Trial 447 finished with value: 2.200593318045139 and parameters: {'n_units': 1000, 'alpha': 0.30000000000000004, 'sigma_in': 0.30000000000000004, 'rho': 0.5, 'tikh': 0.1, 'option': 3, 'Normalization': 1}. Best is trial 66 with value: 0.0032014672469813377.
[I 2025-11-20 18:27:40,510] Trial 455 finished with value: 0.00879888366907835 and parameters: {'n_units': 1000, 'alpha': 0.4, 'sigma_in': 0.2, 'rho': 0.2, 'tikh': 0.1, 'option': 5, 'Normalization': 1}. Best is trial 344 with value: 0.007580025377683342.
[I 2025-11-20 18:30:02,696] Trial 448 finished with value: 1248.5878662109376 and parameters: {'n_units': 1000, 'alpha': 0.7000000000000001, 'sigma_in': 0.30000000000000004, 'rho': 0.5, 'tikh': 0.01, 'option': 4, 'Normalization': 1}. Best is trial 66 with value: 0.0032014672469813377.
[I 2025-11-20 18:33:09,813] Trial 456 finished with value: 0.009875586885027588 and parameters: {'n_units': 1000, 'alpha': 0.4, 'sigma_in': 0.2, 'rho': 0.2, 'tikh': 0.1, 'option': 5, 'Normalization': 1}. Best is trial 344 with value: 0.007580025377683342.
[I 2025-11-20 18:36:08,135] Trial 449 finished with value: 0.007835442130453885 and parameters: {'n_units': 1000, 'alpha': 0.7000000000000001, 'sigma_in': 0.30000000000000004, 'rho': 0.5, 'tikh': 0.1, 'option': 4, 'Normalization': 1}. Best is trial 66 with value: 0.0032014672469813377.
[I 2025-11-20 18:38:44,527] Trial 457 finished with value: 0.3479638408869505 and parameters: {'n_units': 1000, 'alpha': 0.4, 'sigma_in': 0.2, 'rho': 0.2, 'tikh': 0.1, 'option': 5, 'Normalization': 1}. Best is trial 344 with value: 0.007580025377683342.
[I 2025-11-20 18:38:58,274] Trial 431 finished with value: 23872.39436448959 and parameters: {'n_units': 3000, 'alpha': 0.5, 'sigma_in': 0.30000000000000004, 'rho': 0.4, 'tikh': 0.1, 'option': 4, 'Normalization': 1}. Best is trial 94 with value: 0.0037233955343253912.
[I 2025-11-20 18:42:05,975] Trial 450 finished with value: 0.013131834776140749 and parameters: {'n_units': 1000, 'alpha': 0.7000000000000001, 'sigma_in': 0.30000000000000004, 'rho': 0.5, 'tikh': 0.1, 'option': 4, 'Normalization': 1}. Best is trial 66 with value: 0.0032014672469813377.
[I 2025-11-20 18:43:29,386] Trial 458 finished with value: 121.98097295761109 and parameters: {'n_units': 1000, 'alpha': 0.4, 'sigma_in': 0.2, 'rho': 0.2, 'tikh': 0.01, 'option': 5, 'Normalization': 1}. Best is trial 344 with value: 0.007580025377683342.
[I 2025-11-20 18:44:42,508] Trial 432 finished with value: 0.009933643322438002 and parameters: {'n_units': 1000, 'alpha': 0.8, 'sigma_in': 0.4, 'rho': 0.4, 'tikh': 0.1, 'option': 4, 'Normalization': 1}. Best is trial 94 with value: 0.0037233955343253912.
[I 2025-11-20 18:46:34,215] Trial 451 finished with value: 0.012345048552379011 and parameters: {'n_units': 1000, 'alpha': 0.7000000000000001, 'sigma_in': 0.30000000000000004, 'rho': 0.5, 'tikh': 0.1, 'option': 4, 'Normalization': 1}. Best is trial 66 with value: 0.0032014672469813377.
[I 2025-11-20 18:47:48,332] Trial 459 finished with value: 0.009311123890802265 and parameters: {'n_units': 1000, 'alpha': 0.4, 'sigma_in': 0.2, 'rho': 0.30000000000000004, 'tikh': 0.1, 'option': 5, 'Normalization': 1}. Best is trial 344 with value: 0.007580025377683342.
[I 2025-11-20 18:48:34,842] Trial 433 finished with value: 5.354414115613326 and parameters: {'n_units': 1000, 'alpha': 0.7000000000000001, 'sigma_in': 0.4, 'rho': 0.4, 'tikh': 0.1, 'option': 4, 'Normalization': 1}. Best is trial 94 with value: 0.0037233955343253912.
[I 2025-11-20 18:52:25,416] Trial 452 finished with value: 0.16319498643279076 and parameters: {'n_units': 1000, 'alpha': 0.7000000000000001, 'sigma_in': 0.2, 'rho': 0.5, 'tikh': 0.1, 'option': 4, 'Normalization': 1}. Best is trial 66 with value: 0.0032014672469813377.
[I 2025-11-20 18:53:08,459] Trial 460 finished with value: 389743.11730127333 and parameters: {'n_units': 1000, 'alpha': 0.4, 'sigma_in': 0.2, 'rho': 0.30000000000000004, 'tikh': 1e-05, 'option': 5, 'Normalization': 1}. Best is trial 344 with value: 0.007580025377683342.
[I 2025-11-20 18:54:51,303] Trial 434 finished with value: 397832.59125351906 and parameters: {'n_units': 1000, 'alpha': 0.5, 'sigma_in': 0.4, 'rho': 0.4, 'tikh': 0.001, 'option': 4, 'Normalization': 1}. Best is trial 94 with value: 0.0037233955343253912.
[I 2025-11-20 18:58:11,754] Trial 453 finished with value: 0.06696599489077926 and parameters: {'n_units': 1000, 'alpha': 0.6, 'sigma_in': 0.4, 'rho': 0.2, 'tikh': 0.1, 'option': 4, 'Normalization': 1}. Best is trial 66 with value: 0.0032014672469813377.
[I 2025-11-20 18:58:50,667] Trial 461 finished with value: 0.007745802978752181 and parameters: {'n_units': 1000, 'alpha': 0.4, 'sigma_in': 0.2, 'rho': 0.30000000000000004, 'tikh': 0.1, 'option': 5, 'Normalization': 1}. Best is trial 344 with value: 0.007580025377683342.
[I 2025-11-20 19:00:06,802] Trial 435 finished with value: 51.48179806470871 and parameters: {'n_units': 1000, 'alpha': 0.6, 'sigma_in': 0.5, 'rho': 0.5, 'tikh': 0.1, 'option': 4, 'Normalization': 1}. Best is trial 94 with value: 0.0037233955343253912.
[I 2025-11-20 19:04:15,064] Trial 454 finished with value: 0.27781218442250977 and parameters: {'n_units': 1000, 'alpha': 0.7000000000000001, 'sigma_in': 0.30000000000000004, 'rho': 0.6, 'tikh': 0.1, 'option': 4, 'Normalization': 1}. Best is trial 66 with value: 0.0032014672469813377.
[I 2025-11-20 19:04:23,474] Trial 462 finished with value: 0.010957997385412454 and parameters: {'n_units': 1000, 'alpha': 0.4, 'sigma_in': 0.2, 'rho': 0.2, 'tikh': 0.1, 'option': 5, 'Normalization': 1}. Best is trial 344 with value: 0.007580025377683342.
[I 2025-11-20 19:05:44,783] Trial 436 finished with value: 0.38682275471510363 and parameters: {'n_units': 1000, 'alpha': 0.4, 'sigma_in': 0.4, 'rho': 0.4, 'tikh': 0.1, 'option': 4, 'Normalization': 1}. Best is trial 94 with value: 0.0037233955343253912.
[I 2025-11-20 19:09:51,780] Trial 455 finished with value: 0.014432629244402051 and parameters: {'n_units': 1000, 'alpha': 0.4, 'sigma_in': 0.30000000000000004, 'rho': 0.4, 'tikh': 0.1, 'option': 4, 'Normalization': 1}. Best is trial 66 with value: 0.0032014672469813377.
[I 2025-11-20 19:10:01,858] Trial 463 finished with value: 0.01121290426235646 and parameters: {'n_units': 1000, 'alpha': 0.4, 'sigma_in': 0.2, 'rho': 0.30000000000000004, 'tikh': 0.1, 'option': 5, 'Normalization': 1}. Best is trial 344 with value: 0.007580025377683342.
[I 2025-11-20 19:12:07,269] Trial 437 finished with value: 0.010605534911155701 and parameters: {'n_units': 1000, 'alpha': 0.8, 'sigma_in': 0.4, 'rho': 0.30000000000000004, 'tikh': 0.1, 'option': 4, 'Normalization': 1}. Best is trial 94 with value: 0.0037233955343253912.
[I 2025-11-20 19:14:27,877] Trial 464 finished with value: 2.0152231991291045 and parameters: {'n_units': 1000, 'alpha': 0.4, 'sigma_in': 0.2, 'rho': 0.30000000000000004, 'tikh': 0.1, 'option': 4, 'Normalization': 1}. Best is trial 344 with value: 0.007580025377683342.
[I 2025-11-20 19:14:56,357] Trial 456 finished with value: 107.62197755617089 and parameters: {'n_units': 1000, 'alpha': 0.1, 'sigma_in': 0.30000000000000004, 'rho': 0.5, 'tikh': 0.001, 'option': 4, 'Normalization': 1}. Best is trial 66 with value: 0.0032014672469813377.
[I 2025-11-20 19:17:13,256] Trial 438 finished with value: 248.83450465202333 and parameters: {'n_units': 1000, 'alpha': 0.6, 'sigma_in': 0.4, 'rho': 0.4, 'tikh': 0.1, 'option': 5, 'Normalization': 1}. Best is trial 94 with value: 0.0037233955343253912.
[I 2025-11-20 19:19:33,455] Trial 465 finished with value: 3.716376053565182 and parameters: {'n_units': 1000, 'alpha': 0.4, 'sigma_in': 0.2, 'rho': 0.30000000000000004, 'tikh': 0.1, 'option': 5, 'Normalization': 1}. Best is trial 344 with value: 0.007580025377683342.
[I 2025-11-20 19:19:48,221] Trial 457 finished with value: 0.006055576994549483 and parameters: {'n_units': 1000, 'alpha': 0.8, 'sigma_in': 0.30000000000000004, 'rho': 0.5, 'tikh': 0.1, 'option': 4, 'Normalization': 1}. Best is trial 66 with value: 0.0032014672469813377.
[I 2025-11-20 19:21:44,304] Trial 439 finished with value: 0.005582517664879561 and parameters: {'n_units': 1000, 'alpha': 0.4, 'sigma_in': 0.4, 'rho': 0.4, 'tikh': 0.1, 'option': 4, 'Normalization': 1}. Best is trial 94 with value: 0.0037233955343253912.
[I 2025-11-20 19:24:01,714] Trial 466 finished with value: 25365.665050696163 and parameters: {'n_units': 1000, 'alpha': 0.7000000000000001, 'sigma_in': 0.2, 'rho': 0.30000000000000004, 'tikh': 0.1, 'option': 5, 'Normalization': 1}. Best is trial 344 with value: 0.007580025377683342.
[I 2025-11-20 19:25:14,114] Trial 458 finished with value: 0.008480339241214097 and parameters: {'n_units': 1000, 'alpha': 0.7000000000000001, 'sigma_in': 0.30000000000000004, 'rho': 0.5, 'tikh': 0.1, 'option': 4, 'Normalization': 1}. Best is trial 66 with value: 0.0032014672469813377.
[I 2025-11-20 19:27:11,258] Trial 440 finished with value: 0.028010352049022913 and parameters: {'n_units': 1000, 'alpha': 0.4, 'sigma_in': 0.30000000000000004, 'rho': 0.4, 'tikh': 0.1, 'option': 4, 'Normalization': 1}. Best is trial 94 with value: 0.0037233955343253912.
[I 2025-11-20 19:29:21,913] Trial 467 finished with value: 0.1997863904107362 and parameters: {'n_units': 1000, 'alpha': 0.4, 'sigma_in': 0.2, 'rho': 0.4, 'tikh': 0.1, 'option': 5, 'Normalization': 1}. Best is trial 344 with value: 0.007580025377683342.
[I 2025-11-20 19:31:40,878] Trial 459 finished with value: 0.2060994491679594 and parameters: {'n_units': 1000, 'alpha': 0.7000000000000001, 'sigma_in': 0.4, 'rho': 0.5, 'tikh': 0.1, 'option': 3, 'Normalization': 1}. Best is trial 66 with value: 0.0032014672469813377.
[I 2025-11-20 19:32:35,771] Trial 441 finished with value: 0.49778933187481017 and parameters: {'n_units': 1000, 'alpha': 0.7000000000000001, 'sigma_in': 0.4, 'rho': 0.4, 'tikh': 0.1, 'option': 4, 'Normalization': 1}. Best is trial 94 with value: 0.0037233955343253912.
[I 2025-11-20 19:33:52,872] Trial 468 finished with value: 0.29054169030860066 and parameters: {'n_units': 1000, 'alpha': 0.4, 'sigma_in': 0.2, 'rho': 0.30000000000000004, 'tikh': 0.1, 'option': 5, 'Normalization': 1}. Best is trial 344 with value: 0.007580025377683342.
[I 2025-11-20 19:36:26,392] Trial 460 finished with value: 0.01632761540822685 and parameters: {'n_units': 1000, 'alpha': 0.7000000000000001, 'sigma_in': 0.30000000000000004, 'rho': 0.5, 'tikh': 0.1, 'option': 4, 'Normalization': 1}. Best is trial 66 with value: 0.0032014672469813377.
[I 2025-11-20 19:37:46,898] Trial 442 finished with value: 0.11020213504089042 and parameters: {'n_units': 1000, 'alpha': 0.4, 'sigma_in': 0.4, 'rho': 0.4, 'tikh': 0.1, 'option': 4, 'Normalization': 1}. Best is trial 94 with value: 0.0037233955343253912.
[I 2025-11-20 19:37:58,532] Trial 469 finished with value: 10471.780876159668 and parameters: {'n_units': 1000, 'alpha': 0.5, 'sigma_in': 0.1, 'rho': 0.2, 'tikh': 0.001, 'option': 5, 'Normalization': 1}. Best is trial 344 with value: 0.007580025377683342.
[I 2025-11-20 19:41:46,233] Trial 461 finished with value: 0.01424284556414932 and parameters: {'n_units': 1000, 'alpha': 0.6, 'sigma_in': 0.30000000000000004, 'rho': 0.5, 'tikh': 0.1, 'option': 4, 'Normalization': 1}. Best is trial 66 with value: 0.0032014672469813377.
[I 2025-11-20 19:43:06,081] Trial 443 finished with value: 0.018204437219537795 and parameters: {'n_units': 1000, 'alpha': 0.4, 'sigma_in': 0.4, 'rho': 0.4, 'tikh': 0.1, 'option': 4, 'Normalization': 1}. Best is trial 94 with value: 0.0037233955343253912.
[I 2025-11-20 19:43:08,992] Trial 470 finished with value: 0.007444198033772409 and parameters: {'n_units': 1000, 'alpha': 0.4, 'sigma_in': 0.2, 'rho': 0.2, 'tikh': 0.1, 'option': 5, 'Normalization': 1}. Best is trial 470 with value: 0.007444198033772409.
[I 2025-11-20 19:47:44,191] Trial 462 finished with value: 3844.4158687591553 and parameters: {'n_units': 1000, 'alpha': 0.7000000000000001, 'sigma_in': 0.30000000000000004, 'rho': 0.5, 'tikh': 0.0001, 'option': 5, 'Normalization': 1}. Best is trial 66 with value: 0.0032014672469813377.
[I 2025-11-20 19:48:26,191] Trial 471 finished with value: 0.22598817637190222 and parameters: {'n_units': 1000, 'alpha': 0.4, 'sigma_in': 0.2, 'rho': 0.2, 'tikh': 0.1, 'option': 5, 'Normalization': 1}. Best is trial 470 with value: 0.007444198033772409.
[I 2025-11-20 19:48:29,540] Trial 444 finished with value: 0.00431371470913291 and parameters: {'n_units': 1000, 'alpha': 0.4, 'sigma_in': 0.4, 'rho': 0.4, 'tikh': 0.1, 'option': 4, 'Normalization': 1}. Best is trial 94 with value: 0.0037233955343253912.
[I 2025-11-20 19:53:35,701] Trial 472 finished with value: 1094.002402305603 and parameters: {'n_units': 1000, 'alpha': 0.4, 'sigma_in': 0.2, 'rho': 0.2, 'tikh': 0.0001, 'option': 5, 'Normalization': 1}. Best is trial 470 with value: 0.007444198033772409.
[I 2025-11-20 19:54:44,187] Trial 445 finished with value: 0.004305815376574174 and parameters: {'n_units': 1000, 'alpha': 0.4, 'sigma_in': 0.4, 'rho': 0.4, 'tikh': 0.1, 'option': 4, 'Normalization': 1}. Best is trial 94 with value: 0.0037233955343253912.
[I 2025-11-20 19:59:06,283] Trial 473 finished with value: 0.009351698181126267 and parameters: {'n_units': 1000, 'alpha': 0.4, 'sigma_in': 0.2, 'rho': 0.2, 'tikh': 0.1, 'option': 5, 'Normalization': 1}. Best is trial 470 with value: 0.007444198033772409.
[I 2025-11-20 20:00:35,542] Trial 446 finished with value: 25.476327365636827 and parameters: {'n_units': 1000, 'alpha': 0.4, 'sigma_in': 0.5, 'rho': 0.30000000000000004, 'tikh': 0.1, 'option': 4, 'Normalization': 1}. Best is trial 94 with value: 0.0037233955343253912.
[I 2025-11-20 20:06:42,036] Trial 463 finished with value: 15616.563448905945 and parameters: {'n_units': 3000, 'alpha': 0.7000000000000001, 'sigma_in': 0.30000000000000004, 'rho': 0.5, 'tikh': 0.1, 'option': 4, 'Normalization': 1}. Best is trial 66 with value: 0.0032014672469813377.
[I 2025-11-20 20:06:55,068] Trial 447 finished with value: 3.4633488708757794 and parameters: {'n_units': 1000, 'alpha': 0.4, 'sigma_in': 0.4, 'rho': 0.5, 'tikh': 0.1, 'option': 4, 'Normalization': 1}. Best is trial 94 with value: 0.0037233955343253912.
[I 2025-11-20 20:12:40,536] Trial 464 finished with value: 0.014110299665480852 and parameters: {'n_units': 1000, 'alpha': 0.7000000000000001, 'sigma_in': 0.30000000000000004, 'rho': 0.4, 'tikh': 0.1, 'option': 4, 'Normalization': 1}. Best is trial 66 with value: 0.0032014672469813377.
[I 2025-11-20 20:13:06,638] Trial 448 finished with value: 8.341498335072538 and parameters: {'n_units': 1000, 'alpha': 0.4, 'sigma_in': 0.4, 'rho': 0.7000000000000001, 'tikh': 0.1, 'option': 4, 'Normalization': 1}. Best is trial 94 with value: 0.0037233955343253912.
[I 2025-11-20 20:16:46,492] Trial 474 finished with value: 32.677106200315755 and parameters: {'n_units': 3000, 'alpha': 0.4, 'sigma_in': 0.2, 'rho': 0.2, 'tikh': 0.1, 'option': 5, 'Normalization': 1}. Best is trial 470 with value: 0.007444198033772409.
[I 2025-11-20 20:19:03,819] Trial 465 finished with value: 0.003842035576235503 and parameters: {'n_units': 1000, 'alpha': 0.8, 'sigma_in': 0.30000000000000004, 'rho': 0.5, 'tikh': 0.1, 'option': 4, 'Normalization': 1}. Best is trial 66 with value: 0.0032014672469813377.
[I 2025-11-20 20:19:26,500] Trial 449 finished with value: 143.52014288902282 and parameters: {'n_units': 1000, 'alpha': 0.4, 'sigma_in': 0.4, 'rho': 0.4, 'tikh': 0.01, 'option': 4, 'Normalization': 1}. Best is trial 94 with value: 0.0037233955343253912.
[I 2025-11-20 20:22:26,543] Trial 475 finished with value: 0.16537827551364898 and parameters: {'n_units': 1000, 'alpha': 0.4, 'sigma_in': 0.1, 'rho': 0.2, 'tikh': 0.1, 'option': 5, 'Normalization': 1}. Best is trial 470 with value: 0.007444198033772409.
