[I 2025-11-20 14:30:08,950] Trial 415 finished with value: 62260.063977050784 and parameters: {'n_units': 1000, 'alpha': 0.6, 'sigma_in': 0.30000000000000004, 'rho': 0.5, 'tikh': 1e-05, 'option': 5, 'Normalization': 1}. Best is trial 66 with value: 0.0032014672469813377.
[I 2025-11-20 14:32:05,321] Trial 417 finished with value: 0.011633031908422709 and parameters: {'n_units': 1000, 'alpha': 0.5, 'sigma_in': 0.2, 'rho': 0.2, 'tikh': 0.1, 'option': 5, 'Normalization': 1}. Best is trial 344 with value: 0.007580025377683342.
[I 2025-11-20 14:34:25,146] Trial 396 finished with value: 26.176849642489106 and parameters: {'n_units': 1000, 'alpha': 0.6, 'sigma_in': 0.5, 'rho': 0.4, 'tikh': 0.1, 'option': 4, 'Normalization': 1}. Best is trial 94 with value: 0.0037233955343253912.
[I 2025-11-20 14:37:45,598] Trial 416 finished with value: 0.017734999163076283 and parameters: {'n_units': 1000, 'alpha': 0.8, 'sigma_in': 0.30000000000000004, 'rho': 0.4, 'tikh': 0.1, 'option': 4, 'Normalization': 1}. Best is trial 66 with value: 0.0032014672469813377.
[I 2025-11-20 14:38:36,744] Trial 418 finished with value: 3909.907476425171 and parameters: {'n_units': 1000, 'alpha': 0.6, 'sigma_in': 0.2, 'rho': 0.2, 'tikh': 0.0001, 'option': 5, 'Normalization': 1}. Best is trial 344 with value: 0.007580025377683342.
[I 2025-11-20 14:42:46,939] Trial 397 finished with value: 0.013693997263908386 and parameters: {'n_units': 1000, 'alpha': 0.7000000000000001, 'sigma_in': 0.30000000000000004, 'rho': 0.5, 'tikh': 0.1, 'option': 4, 'Normalization': 1}. Best is trial 94 with value: 0.0037233955343253912.
[I 2025-11-20 14:45:21,962] Trial 419 finished with value: 39.86059547816403 and parameters: {'n_units': 1000, 'alpha': 0.5, 'sigma_in': 0.8, 'rho': 0.2, 'tikh': 0.1, 'option': 5, 'Normalization': 1}. Best is trial 344 with value: 0.007580025377683342.
[I 2025-11-20 14:45:59,766] Trial 417 finished with value: 0.006746167363598943 and parameters: {'n_units': 1000, 'alpha': 0.7000000000000001, 'sigma_in': 0.30000000000000004, 'rho': 0.5, 'tikh': 0.1, 'option': 4, 'Normalization': 1}. Best is trial 66 with value: 0.0032014672469813377.
[I 2025-11-20 14:50:55,153] Trial 398 finished with value: 1155.568607711792 and parameters: {'n_units': 1000, 'alpha': 0.7000000000000001, 'sigma_in': 0.4, 'rho': 0.4, 'tikh': 0.0001, 'option': 4, 'Normalization': 1}. Best is trial 94 with value: 0.0037233955343253912.
[I 2025-11-20 14:52:12,193] Trial 420 finished with value: 1.2915901253698394 and parameters: {'n_units': 1000, 'alpha': 0.4, 'sigma_in': 0.2, 'rho': 0.30000000000000004, 'tikh': 0.1, 'option': 5, 'Normalization': 1}. Best is trial 344 with value: 0.007580025377683342.
[I 2025-11-20 14:54:18,530] Trial 418 finished with value: 11.274815435535857 and parameters: {'n_units': 1000, 'alpha': 0.7000000000000001, 'sigma_in': 0.4, 'rho': 0.5, 'tikh': 0.1, 'option': 4, 'Normalization': 1}. Best is trial 66 with value: 0.0032014672469813377.
[I 2025-11-20 14:58:03,052] Trial 399 finished with value: 0.005351518886163831 and parameters: {'n_units': 1000, 'alpha': 0.5, 'sigma_in': 0.4, 'rho': 0.4, 'tikh': 0.1, 'option': 4, 'Normalization': 1}. Best is trial 94 with value: 0.0037233955343253912.
[I 2025-11-20 14:58:15,399] Trial 421 finished with value: 1.8305400907993317 and parameters: {'n_units': 1000, 'alpha': 0.5, 'sigma_in': 0.2, 'rho': 0.2, 'tikh': 0.1, 'option': 4, 'Normalization': 1}. Best is trial 344 with value: 0.007580025377683342.
[I 2025-11-20 15:01:04,692] Trial 419 finished with value: 0.004857701505534351 and parameters: {'n_units': 1000, 'alpha': 0.7000000000000001, 'sigma_in': 0.30000000000000004, 'rho': 0.5, 'tikh': 0.1, 'option': 4, 'Normalization': 1}. Best is trial 66 with value: 0.0032014672469813377.
[I 2025-11-20 15:04:22,364] Trial 422 finished with value: 0.3689656627131626 and parameters: {'n_units': 1000, 'alpha': 0.5, 'sigma_in': 0.2, 'rho': 0.2, 'tikh': 0.1, 'option': 5, 'Normalization': 1}. Best is trial 344 with value: 0.007580025377683342.
[I 2025-11-20 15:05:24,977] Trial 400 finished with value: 261.50044453144073 and parameters: {'n_units': 1000, 'alpha': 0.5, 'sigma_in': 0.4, 'rho': 1.0, 'tikh': 0.1, 'option': 4, 'Normalization': 1}. Best is trial 94 with value: 0.0037233955343253912.
[I 2025-11-20 15:08:22,287] Trial 420 finished with value: 0.004281853779684752 and parameters: {'n_units': 1000, 'alpha': 0.7000000000000001, 'sigma_in': 0.30000000000000004, 'rho': 0.5, 'tikh': 0.1, 'option': 4, 'Normalization': 1}. Best is trial 66 with value: 0.0032014672469813377.
[I 2025-11-20 15:10:31,924] Trial 423 finished with value: 0.2471226771129295 and parameters: {'n_units': 1000, 'alpha': 0.6, 'sigma_in': 0.2, 'rho': 0.30000000000000004, 'tikh': 0.1, 'option': 5, 'Normalization': 1}. Best is trial 344 with value: 0.007580025377683342.
[I 2025-11-20 15:12:44,778] Trial 401 finished with value: 0.006595829024445265 and parameters: {'n_units': 1000, 'alpha': 0.4, 'sigma_in': 0.4, 'rho': 0.4, 'tikh': 0.1, 'option': 4, 'Normalization': 1}. Best is trial 94 with value: 0.0037233955343253912.
[I 2025-11-20 15:15:05,628] Trial 421 finished with value: 0.09680546810850502 and parameters: {'n_units': 1000, 'alpha': 0.7000000000000001, 'sigma_in': 0.30000000000000004, 'rho': 0.5, 'tikh': 0.1, 'option': 3, 'Normalization': 1}. Best is trial 66 with value: 0.0032014672469813377.
[I 2025-11-20 15:16:30,870] Trial 424 finished with value: 0.1379449263215065 and parameters: {'n_units': 1000, 'alpha': 0.4, 'sigma_in': 0.1, 'rho': 0.2, 'tikh': 0.1, 'option': 5, 'Normalization': 1}. Best is trial 344 with value: 0.007580025377683342.
[I 2025-11-20 15:20:09,328] Trial 402 finished with value: 0.322427278291434 and parameters: {'n_units': 1000, 'alpha': 0.4, 'sigma_in': 0.4, 'rho': 0.4, 'tikh': 0.1, 'option': 4, 'Normalization': 1}. Best is trial 94 with value: 0.0037233955343253912.
[I 2025-11-20 15:22:25,420] Trial 422 finished with value: 2093.298506164551 and parameters: {'n_units': 1000, 'alpha': 0.8, 'sigma_in': 0.30000000000000004, 'rho': 0.5, 'tikh': 0.01, 'option': 4, 'Normalization': 1}. Best is trial 66 with value: 0.0032014672469813377.
[I 2025-11-20 15:22:54,363] Trial 425 finished with value: 0.16632839371450245 and parameters: {'n_units': 1000, 'alpha': 0.5, 'sigma_in': 0.2, 'rho': 0.2, 'tikh': 0.1, 'option': 5, 'Normalization': 1}. Best is trial 344 with value: 0.007580025377683342.
[I 2025-11-20 15:27:30,417] Trial 403 finished with value: 1013.5546218872071 and parameters: {'n_units': 1000, 'alpha': 0.4, 'sigma_in': 0.30000000000000004, 'rho': 0.4, 'tikh': 1e-05, 'option': 4, 'Normalization': 1}. Best is trial 94 with value: 0.0037233955343253912.
[I 2025-11-20 15:28:53,545] Trial 426 finished with value: 0.0085689268540591 and parameters: {'n_units': 1000, 'alpha': 0.5, 'sigma_in': 0.2, 'rho': 0.2, 'tikh': 0.1, 'option': 5, 'Normalization': 1}. Best is trial 344 with value: 0.007580025377683342.
[I 2025-11-20 15:29:48,030] Trial 423 finished with value: 0.007356561371125281 and parameters: {'n_units': 1000, 'alpha': 0.7000000000000001, 'sigma_in': 0.30000000000000004, 'rho': 0.5, 'tikh': 0.1, 'option': 4, 'Normalization': 1}. Best is trial 66 with value: 0.0032014672469813377.
[I 2025-11-20 15:33:53,454] Trial 404 finished with value: 0.7781409035378601 and parameters: {'n_units': 1000, 'alpha': 0.5, 'sigma_in': 0.4, 'rho': 0.4, 'tikh': 0.1, 'option': 4, 'Normalization': 1}. Best is trial 94 with value: 0.0037233955343253912.
[I 2025-11-20 15:34:52,576] Trial 427 finished with value: 0.18824344356544315 and parameters: {'n_units': 1000, 'alpha': 0.5, 'sigma_in': 0.2, 'rho': 0.2, 'tikh': 0.1, 'option': 5, 'Normalization': 1}. Best is trial 344 with value: 0.007580025377683342.
[I 2025-11-20 15:36:48,285] Trial 424 finished with value: 0.13590143099427224 and parameters: {'n_units': 1000, 'alpha': 0.7000000000000001, 'sigma_in': 0.2, 'rho': 0.5, 'tikh': 0.1, 'option': 4, 'Normalization': 1}. Best is trial 66 with value: 0.0032014672469813377.
[I 2025-11-20 15:40:38,645] Trial 428 finished with value: 578.5100734710693 and parameters: {'n_units': 1000, 'alpha': 0.5, 'sigma_in': 0.2, 'rho': 0.2, 'tikh': 0.01, 'option': 5, 'Normalization': 1}. Best is trial 344 with value: 0.007580025377683342.
[I 2025-11-20 15:41:24,129] Trial 405 finished with value: 5.857724422216416 and parameters: {'n_units': 1000, 'alpha': 0.4, 'sigma_in': 0.5, 'rho': 0.9, 'tikh': 0.1, 'option': 3, 'Normalization': 1}. Best is trial 94 with value: 0.0037233955343253912.
[I 2025-11-20 15:44:18,305] Trial 425 finished with value: 0.013801059708930552 and parameters: {'n_units': 1000, 'alpha': 0.7000000000000001, 'sigma_in': 0.30000000000000004, 'rho': 0.6, 'tikh': 0.1, 'option': 4, 'Normalization': 1}. Best is trial 66 with value: 0.0032014672469813377.
[I 2025-11-20 15:46:31,439] Trial 429 finished with value: 0.011652953363955021 and parameters: {'n_units': 1000, 'alpha': 0.5, 'sigma_in': 0.2, 'rho': 0.2, 'tikh': 0.1, 'option': 5, 'Normalization': 1}. Best is trial 344 with value: 0.007580025377683342.
[I 2025-11-20 15:48:46,341] Trial 406 finished with value: 3993668.9884853363 and parameters: {'n_units': 1000, 'alpha': 0.4, 'sigma_in': 0.4, 'rho': 0.4, 'tikh': 0.001, 'option': 4, 'Normalization': 1}. Best is trial 94 with value: 0.0037233955343253912.
[I 2025-11-20 15:51:19,032] Trial 426 finished with value: 0.009075707860756666 and parameters: {'n_units': 1000, 'alpha': 0.6, 'sigma_in': 0.30000000000000004, 'rho': 0.5, 'tikh': 0.1, 'option': 4, 'Normalization': 1}. Best is trial 66 with value: 0.0032014672469813377.
[I 2025-11-20 15:52:30,729] Trial 430 finished with value: 0.011091961711645126 and parameters: {'n_units': 1000, 'alpha': 0.5, 'sigma_in': 0.2, 'rho': 0.2, 'tikh': 0.1, 'option': 5, 'Normalization': 1}. Best is trial 344 with value: 0.007580025377683342.
[I 2025-11-20 15:55:33,989] Trial 407 finished with value: 1.4414640174247324 and parameters: {'n_units': 1000, 'alpha': 0.6, 'sigma_in': 0.4, 'rho': 0.4, 'tikh': 0.1, 'option': 4, 'Normalization': 1}. Best is trial 94 with value: 0.0037233955343253912.
[I 2025-11-20 15:58:35,039] Trial 431 finished with value: 0.01152759394608438 and parameters: {'n_units': 1000, 'alpha': 0.5, 'sigma_in': 0.2, 'rho': 0.2, 'tikh': 0.1, 'option': 5, 'Normalization': 1}. Best is trial 344 with value: 0.007580025377683342.
[I 2025-11-20 15:58:35,717] Trial 427 finished with value: 0.013939687982201576 and parameters: {'n_units': 1000, 'alpha': 0.7000000000000001, 'sigma_in': 0.30000000000000004, 'rho': 0.4, 'tikh': 0.1, 'option': 4, 'Normalization': 1}. Best is trial 66 with value: 0.0032014672469813377.
[I 2025-11-20 16:02:47,637] Trial 408 finished with value: 0.7714743584743701 and parameters: {'n_units': 1000, 'alpha': 0.30000000000000004, 'sigma_in': 0.4, 'rho': 0.4, 'tikh': 0.1, 'option': 4, 'Normalization': 1}. Best is trial 94 with value: 0.0037233955343253912.
[I 2025-11-20 16:06:11,174] Trial 432 finished with value: 0.011064155818894505 and parameters: {'n_units': 1000, 'alpha': 0.6, 'sigma_in': 0.2, 'rho': 0.2, 'tikh': 0.1, 'option': 5, 'Normalization': 1}. Best is trial 344 with value: 0.007580025377683342.
[I 2025-11-20 16:10:46,212] Trial 409 finished with value: 1.5941867424582596 and parameters: {'n_units': 1000, 'alpha': 0.4, 'sigma_in': 0.4, 'rho': 0.5, 'tikh': 0.1, 'option': 4, 'Normalization': 1}. Best is trial 94 with value: 0.0037233955343253912.
[I 2025-11-20 16:13:33,023] Trial 433 finished with value: 0.24266529465094208 and parameters: {'n_units': 1000, 'alpha': 0.5, 'sigma_in': 0.2, 'rho': 0.30000000000000004, 'tikh': 0.1, 'option': 5, 'Normalization': 1}. Best is trial 344 with value: 0.007580025377683342.
[I 2025-11-20 16:17:38,358] Trial 410 finished with value: 1.156691665679682 and parameters: {'n_units': 1000, 'alpha': 0.5, 'sigma_in': 0.4, 'rho': 0.4, 'tikh': 0.1, 'option': 4, 'Normalization': 1}. Best is trial 94 with value: 0.0037233955343253912.
[I 2025-11-20 16:18:59,900] Trial 434 finished with value: 17585.165222930907 and parameters: {'n_units': 1000, 'alpha': 0.4, 'sigma_in': 0.2, 'rho': 0.2, 'tikh': 1e-05, 'option': 5, 'Normalization': 1}. Best is trial 344 with value: 0.007580025377683342.
[I 2025-11-20 16:23:21,482] Trial 411 finished with value: 0.007040432700887322 and parameters: {'n_units': 1000, 'alpha': 0.5, 'sigma_in': 0.4, 'rho': 0.4, 'tikh': 0.1, 'option': 4, 'Normalization': 1}. Best is trial 94 with value: 0.0037233955343253912.
[I 2025-11-20 16:23:59,738] Trial 435 finished with value: 0.010449870163574815 and parameters: {'n_units': 1000, 'alpha': 0.5, 'sigma_in': 0.2, 'rho': 0.2, 'tikh': 0.1, 'option': 5, 'Normalization': 1}. Best is trial 344 with value: 0.007580025377683342.
[I 2025-11-20 16:25:01,636] Trial 428 finished with value: 221.17916305065154 and parameters: {'n_units': 3000, 'alpha': 0.7000000000000001, 'sigma_in': 0.30000000000000004, 'rho': 0.5, 'tikh': 0.1, 'option': 4, 'Normalization': 1}. Best is trial 66 with value: 0.0032014672469813377.
[I 2025-11-20 16:31:05,864] Trial 429 finished with value: 5944.615040588379 and parameters: {'n_units': 1000, 'alpha': 0.7000000000000001, 'sigma_in': 0.2, 'rho': 0.5, 'tikh': 0.001, 'option': 4, 'Normalization': 1}. Best is trial 66 with value: 0.0032014672469813377.
[I 2025-11-20 16:37:16,865] Trial 430 finished with value: 0.011778971389867365 and parameters: {'n_units': 1000, 'alpha': 0.7000000000000001, 'sigma_in': 0.30000000000000004, 'rho': 0.5, 'tikh': 0.1, 'option': 4, 'Normalization': 1}. Best is trial 66 with value: 0.0032014672469813377.
[I 2025-11-20 16:42:38,496] Trial 436 finished with value: 6.221625106036663 and parameters: {'n_units': 3000, 'alpha': 0.5, 'sigma_in': 0.1, 'rho': 0.2, 'tikh': 0.1, 'option': 5, 'Normalization': 1}. Best is trial 344 with value: 0.007580025377683342.
[I 2025-11-20 16:43:32,289] Trial 431 finished with value: 0.33978344430797736 and parameters: {'n_units': 1000, 'alpha': 0.7000000000000001, 'sigma_in': 0.4, 'rho': 0.5, 'tikh': 0.1, 'option': 4, 'Normalization': 1}. Best is trial 66 with value: 0.0032014672469813377.
[I 2025-11-20 16:44:40,702] Trial 412 finished with value: 61.400520372390744 and parameters: {'n_units': 3000, 'alpha': 0.7000000000000001, 'sigma_in': 0.30000000000000004, 'rho': 0.4, 'tikh': 0.1, 'option': 4, 'Normalization': 1}. Best is trial 94 with value: 0.0037233955343253912.
[I 2025-11-20 16:47:30,331] Trial 437 finished with value: 0.42483235443942247 and parameters: {'n_units': 1000, 'alpha': 0.6, 'sigma_in': 0.2, 'rho': 0.2, 'tikh': 0.1, 'option': 5, 'Normalization': 1}. Best is trial 344 with value: 0.007580025377683342.
[I 2025-11-20 16:48:22,755] Trial 432 finished with value: 0.007301075221039355 and parameters: {'n_units': 1000, 'alpha': 0.7000000000000001, 'sigma_in': 0.30000000000000004, 'rho': 0.5, 'tikh': 0.1, 'option': 4, 'Normalization': 1}. Best is trial 66 with value: 0.0032014672469813377.
[I 2025-11-20 16:49:15,319] Trial 413 finished with value: 1.46442303028889 and parameters: {'n_units': 1000, 'alpha': 0.6, 'sigma_in': 0.4, 'rho': 0.4, 'tikh': 0.1, 'option': 4, 'Normalization': 1}. Best is trial 94 with value: 0.0037233955343253912.
[I 2025-11-20 16:52:37,909] Trial 438 finished with value: 0.010262270411476492 and parameters: {'n_units': 1000, 'alpha': 0.8, 'sigma_in': 0.2, 'rho': 0.2, 'tikh': 0.1, 'option': 5, 'Normalization': 1}. Best is trial 344 with value: 0.007580025377683342.
[I 2025-11-20 16:54:01,524] Trial 433 finished with value: 0.38019232926890256 and parameters: {'n_units': 1000, 'alpha': 0.6, 'sigma_in': 0.30000000000000004, 'rho': 0.5, 'tikh': 0.1, 'option': 3, 'Normalization': 1}. Best is trial 66 with value: 0.0032014672469813377.
[I 2025-11-20 16:54:43,274] Trial 414 finished with value: 4.8784032594761815 and parameters: {'n_units': 1000, 'alpha': 0.7000000000000001, 'sigma_in': 0.4, 'rho': 0.5, 'tikh': 0.1, 'option': 4, 'Normalization': 1}. Best is trial 94 with value: 0.0037233955343253912.
[I 2025-11-20 16:57:56,780] Trial 439 finished with value: 0.008968008053489029 and parameters: {'n_units': 1000, 'alpha': 0.5, 'sigma_in': 0.2, 'rho': 0.2, 'tikh': 0.1, 'option': 5, 'Normalization': 1}. Best is trial 344 with value: 0.007580025377683342.
[I 2025-11-20 17:00:28,947] Trial 434 finished with value: 0.008323554880917072 and parameters: {'n_units': 1000, 'alpha': 0.8, 'sigma_in': 0.30000000000000004, 'rho': 0.5, 'tikh': 0.1, 'option': 4, 'Normalization': 1}. Best is trial 66 with value: 0.0032014672469813377.
[I 2025-11-20 17:00:32,552] Trial 415 finished with value: 0.003918118809815496 and parameters: {'n_units': 1000, 'alpha': 0.5, 'sigma_in': 0.4, 'rho': 0.4, 'tikh': 0.1, 'option': 4, 'Normalization': 1}. Best is trial 94 with value: 0.0037233955343253912.
[I 2025-11-20 17:03:43,547] Trial 440 finished with value: 0.010610012616962195 and parameters: {'n_units': 1000, 'alpha': 0.5, 'sigma_in': 0.2, 'rho': 0.2, 'tikh': 0.1, 'option': 5, 'Normalization': 1}. Best is trial 344 with value: 0.007580025377683342.
[I 2025-11-20 17:06:22,422] Trial 435 finished with value: 0.44477869272232057 and parameters: {'n_units': 1000, 'alpha': 0.7000000000000001, 'sigma_in': 0.1, 'rho': 0.5, 'tikh': 0.1, 'option': 4, 'Normalization': 1}. Best is trial 66 with value: 0.0032014672469813377.
[I 2025-11-20 17:06:24,192] Trial 416 finished with value: 35.17111277170479 and parameters: {'n_units': 1000, 'alpha': 0.5, 'sigma_in': 0.5, 'rho': 0.4, 'tikh': 0.1, 'option': 4, 'Normalization': 1}. Best is trial 94 with value: 0.0037233955343253912.
[I 2025-11-20 17:08:56,090] Trial 441 finished with value: 0.011348272301256656 and parameters: {'n_units': 1000, 'alpha': 0.5, 'sigma_in': 0.2, 'rho': 0.30000000000000004, 'tikh': 0.1, 'option': 5, 'Normalization': 1}. Best is trial 344 with value: 0.007580025377683342.
[I 2025-11-20 17:11:41,529] Trial 436 finished with value: 0.010483029787428677 and parameters: {'n_units': 1000, 'alpha': 0.7000000000000001, 'sigma_in': 0.30000000000000004, 'rho': 0.5, 'tikh': 0.1, 'option': 4, 'Normalization': 1}. Best is trial 66 with value: 0.0032014672469813377.
[I 2025-11-20 17:11:45,340] Trial 417 finished with value: 13430.746821558476 and parameters: {'n_units': 1000, 'alpha': 0.5, 'sigma_in': 0.4, 'rho': 0.4, 'tikh': 0.1, 'option': 5, 'Normalization': 1}. Best is trial 94 with value: 0.0037233955343253912.
[I 2025-11-20 17:14:18,392] Trial 442 finished with value: 2.2000482082366943 and parameters: {'n_units': 1000, 'alpha': 0.5, 'sigma_in': 0.2, 'rho': 0.2, 'tikh': 0.1, 'option': 4, 'Normalization': 1}. Best is trial 344 with value: 0.007580025377683342.
[I 2025-11-20 17:17:15,309] Trial 437 finished with value: 906.3058319091797 and parameters: {'n_units': 1000, 'alpha': 0.6, 'sigma_in': 0.30000000000000004, 'rho': 0.4, 'tikh': 0.0001, 'option': 4, 'Normalization': 1}. Best is trial 66 with value: 0.0032014672469813377.
[I 2025-11-20 17:17:17,286] Trial 418 finished with value: 0.013789885840378702 and parameters: {'n_units': 1000, 'alpha': 0.5, 'sigma_in': 0.4, 'rho': 0.4, 'tikh': 0.1, 'option': 4, 'Normalization': 1}. Best is trial 94 with value: 0.0037233955343253912.
[I 2025-11-20 17:19:13,366] Trial 443 finished with value: 0.011621537269093096 and parameters: {'n_units': 1000, 'alpha': 0.5, 'sigma_in': 0.2, 'rho': 0.2, 'tikh': 0.1, 'option': 5, 'Normalization': 1}. Best is trial 344 with value: 0.007580025377683342.
[I 2025-11-20 17:23:02,063] Trial 419 finished with value: 0.5579379265313037 and parameters: {'n_units': 1000, 'alpha': 0.30000000000000004, 'sigma_in': 0.4, 'rho': 0.4, 'tikh': 0.1, 'option': 4, 'Normalization': 1}. Best is trial 94 with value: 0.0037233955343253912.
[I 2025-11-20 17:23:02,909] Trial 438 finished with value: 11.857444202899933 and parameters: {'n_units': 1000, 'alpha': 0.7000000000000001, 'sigma_in': 0.30000000000000004, 'rho': 0.6, 'tikh': 0.1, 'option': 5, 'Normalization': 1}. Best is trial 66 with value: 0.0032014672469813377.
[I 2025-11-20 17:23:55,068] Trial 444 finished with value: 14523.981204986572 and parameters: {'n_units': 1000, 'alpha': 0.5, 'sigma_in': 0.1, 'rho': 0.2, 'tikh': 0.001, 'option': 5, 'Normalization': 1}. Best is trial 344 with value: 0.007580025377683342.
[I 2025-11-20 17:26:49,466] Trial 420 finished with value: 0.0798171715810895 and parameters: {'n_units': 1000, 'alpha': 0.5, 'sigma_in': 0.2, 'rho': 0.4, 'tikh': 0.1, 'option': 4, 'Normalization': 1}. Best is trial 94 with value: 0.0037233955343253912.
[I 2025-11-20 17:27:25,117] Trial 439 finished with value: 0.008236940298229457 and parameters: {'n_units': 1000, 'alpha': 0.7000000000000001, 'sigma_in': 0.30000000000000004, 'rho': 0.5, 'tikh': 0.1, 'option': 4, 'Normalization': 1}. Best is trial 66 with value: 0.0032014672469813377.
[I 2025-11-20 17:28:15,195] Trial 445 finished with value: 246040.5118209839 and parameters: {'n_units': 1000, 'alpha': 0.4, 'sigma_in': 0.2, 'rho': 0.2, 'tikh': 0.0001, 'option': 5, 'Normalization': 1}. Best is trial 344 with value: 0.007580025377683342.
[I 2025-11-20 17:31:47,424] Trial 421 finished with value: 0.4164322425611317 and parameters: {'n_units': 1000, 'alpha': 0.5, 'sigma_in': 0.4, 'rho': 0.4, 'tikh': 0.1, 'option': 4, 'Normalization': 1}. Best is trial 94 with value: 0.0037233955343253912.
[I 2025-11-20 17:32:21,244] Trial 440 finished with value: 0.004593718738760799 and parameters: {'n_units': 1000, 'alpha': 0.7000000000000001, 'sigma_in': 0.30000000000000004, 'rho': 0.5, 'tikh': 0.1, 'option': 4, 'Normalization': 1}. Best is trial 66 with value: 0.0032014672469813377.
[I 2025-11-20 17:33:03,774] Trial 446 finished with value: 84.02359046936036 and parameters: {'n_units': 1000, 'alpha': 0.5, 'sigma_in': 0.7000000000000001, 'rho': 0.2, 'tikh': 0.1, 'option': 5, 'Normalization': 1}. Best is trial 344 with value: 0.007580025377683342.
