[I 2025-11-20 20:24:48,302] Trial 466 finished with value: 0.006956040498334914 and parameters: {'n_units': 1000, 'alpha': 0.9, 'sigma_in': 0.30000000000000004, 'rho': 0.5, 'tikh': 0.1, 'option': 4, 'Normalization': 1}. Best is trial 66 with value: 0.0032014672469813377.
[I 2025-11-20 20:25:02,139] Trial 450 finished with value: 787.5028411865235 and parameters: {'n_units': 1000, 'alpha': 0.4, 'sigma_in': 0.30000000000000004, 'rho': 0.4, 'tikh': 0.0001, 'option': 4, 'Normalization': 1}. Best is trial 94 with value: 0.0037233955343253912.
[I 2025-11-20 20:28:04,934] Trial 476 finished with value: 0.2731516341678798 and parameters: {'n_units': 1000, 'alpha': 0.4, 'sigma_in': 0.2, 'rho': 0.2, 'tikh': 0.1, 'option': 5, 'Normalization': 1}. Best is trial 470 with value: 0.007444198033772409.
[I 2025-11-20 20:30:32,348] Trial 467 finished with value: 0.008809225400909781 and parameters: {'n_units': 1000, 'alpha': 0.8, 'sigma_in': 0.30000000000000004, 'rho': 0.6, 'tikh': 0.1, 'option': 4, 'Normalization': 1}. Best is trial 66 with value: 0.0032014672469813377.
[I 2025-11-20 20:33:47,292] Trial 477 finished with value: 0.5228090195567348 and parameters: {'n_units': 1000, 'alpha': 0.4, 'sigma_in': 0.2, 'rho': 0.30000000000000004, 'tikh': 0.1, 'option': 5, 'Normalization': 1}. Best is trial 470 with value: 0.007444198033772409.
[I 2025-11-20 20:36:52,691] Trial 468 finished with value: 2234.3882637023926 and parameters: {'n_units': 1000, 'alpha': 0.9, 'sigma_in': 0.30000000000000004, 'rho': 0.5, 'tikh': 1e-05, 'option': 4, 'Normalization': 1}. Best is trial 66 with value: 0.0032014672469813377.
[I 2025-11-20 20:39:24,677] Trial 478 finished with value: 0.008766745496541262 and parameters: {'n_units': 1000, 'alpha': 0.4, 'sigma_in': 0.2, 'rho': 0.2, 'tikh': 0.1, 'option': 5, 'Normalization': 1}. Best is trial 470 with value: 0.007444198033772409.
[I 2025-11-20 20:42:46,380] Trial 469 finished with value: 92.02325989603996 and parameters: {'n_units': 1000, 'alpha': 0.8, 'sigma_in': 0.7000000000000001, 'rho': 0.5, 'tikh': 0.1, 'option': 4, 'Normalization': 1}. Best is trial 66 with value: 0.0032014672469813377.
[I 2025-11-20 20:45:00,763] Trial 479 finished with value: 1.4578356383368374 and parameters: {'n_units': 1000, 'alpha': 0.4, 'sigma_in': 0.2, 'rho': 0.2, 'tikh': 0.1, 'option': 5, 'Normalization': 1}. Best is trial 470 with value: 0.007444198033772409.
[I 2025-11-20 20:45:41,622] Trial 451 finished with value: 86.94667472839356 and parameters: {'n_units': 3000, 'alpha': 0.5, 'sigma_in': 0.4, 'rho': 0.4, 'tikh': 0.1, 'option': 4, 'Normalization': 1}. Best is trial 94 with value: 0.0037233955343253912.
[I 2025-11-20 20:49:24,059] Trial 470 finished with value: 219.58272812366485 and parameters: {'n_units': 1000, 'alpha': 0.9, 'sigma_in': 0.6, 'rho': 0.5, 'tikh': 0.1, 'option': 4, 'Normalization': 1}. Best is trial 66 with value: 0.0032014672469813377.
[I 2025-11-20 20:50:09,081] Trial 480 finished with value: 0.17958971448242664 and parameters: {'n_units': 1000, 'alpha': 0.4, 'sigma_in': 0.2, 'rho': 0.2, 'tikh': 0.1, 'option': 5, 'Normalization': 1}. Best is trial 470 with value: 0.007444198033772409.
[I 2025-11-20 20:51:35,745] Trial 452 finished with value: 1546.2742479074745 and parameters: {'n_units': 1000, 'alpha': 0.30000000000000004, 'sigma_in': 0.5, 'rho': 0.4, 'tikh': 0.1, 'option': 4, 'Normalization': 1}. Best is trial 94 with value: 0.0037233955343253912.
[I 2025-11-20 20:55:23,838] Trial 471 finished with value: 0.012599180196411907 and parameters: {'n_units': 1000, 'alpha': 0.8, 'sigma_in': 0.30000000000000004, 'rho': 0.5, 'tikh': 0.1, 'option': 4, 'Normalization': 1}. Best is trial 66 with value: 0.0032014672469813377.
[I 2025-11-20 20:55:34,979] Trial 481 finished with value: 0.013798858504742384 and parameters: {'n_units': 1000, 'alpha': 0.4, 'sigma_in': 0.2, 'rho': 0.2, 'tikh': 0.1, 'option': 5, 'Normalization': 1}. Best is trial 470 with value: 0.007444198033772409.
[I 2025-11-20 20:56:48,770] Trial 453 finished with value: 0.007995722291525453 and parameters: {'n_units': 1000, 'alpha': 0.4, 'sigma_in': 0.4, 'rho': 0.4, 'tikh': 0.1, 'option': 4, 'Normalization': 1}. Best is trial 94 with value: 0.0037233955343253912.
[I 2025-11-20 21:00:33,543] Trial 482 finished with value: 0.009572385996580123 and parameters: {'n_units': 1000, 'alpha': 0.4, 'sigma_in': 0.2, 'rho': 0.2, 'tikh': 0.1, 'option': 5, 'Normalization': 1}. Best is trial 470 with value: 0.007444198033772409.
[I 2025-11-20 21:00:42,493] Trial 472 finished with value: 0.0029163093888200818 and parameters: {'n_units': 1000, 'alpha': 0.8, 'sigma_in': 0.4, 'rho': 0.4, 'tikh': 0.1, 'option': 3, 'Normalization': 1}. Best is trial 472 with value: 0.0029163093888200818.
[I 2025-11-20 21:02:30,515] Trial 454 finished with value: 0.014233283651992678 and parameters: {'n_units': 1000, 'alpha': 0.5, 'sigma_in': 0.4, 'rho': 0.4, 'tikh': 0.1, 'option': 3, 'Normalization': 1}. Best is trial 94 with value: 0.0037233955343253912.
[I 2025-11-20 21:05:45,349] Trial 483 finished with value: 0.008037689747288823 and parameters: {'n_units': 1000, 'alpha': 0.6, 'sigma_in': 0.2, 'rho': 0.2, 'tikh': 0.1, 'option': 5, 'Normalization': 1}. Best is trial 470 with value: 0.007444198033772409.
[I 2025-11-20 21:05:49,836] Trial 473 finished with value: 0.1116327368945349 and parameters: {'n_units': 1000, 'alpha': 0.9, 'sigma_in': 0.2, 'rho': 0.30000000000000004, 'tikh': 0.1, 'option': 3, 'Normalization': 1}. Best is trial 472 with value: 0.0029163093888200818.
[I 2025-11-20 21:07:11,288] Trial 455 finished with value: 0.007021470949985087 and parameters: {'n_units': 1000, 'alpha': 0.4, 'sigma_in': 0.4, 'rho': 0.4, 'tikh': 0.1, 'option': 4, 'Normalization': 1}. Best is trial 94 with value: 0.0037233955343253912.
[I 2025-11-20 21:10:36,618] Trial 484 finished with value: 11932.2973903656 and parameters: {'n_units': 1000, 'alpha': 0.6, 'sigma_in': 0.1, 'rho': 0.30000000000000004, 'tikh': 0.01, 'option': 5, 'Normalization': 1}. Best is trial 470 with value: 0.007444198033772409.
[I 2025-11-20 21:11:27,469] Trial 474 finished with value: 0.0023756879847496746 and parameters: {'n_units': 1000, 'alpha': 1.0, 'sigma_in': 0.4, 'rho': 0.30000000000000004, 'tikh': 0.1, 'option': 3, 'Normalization': 1}. Best is trial 474 with value: 0.0023756879847496746.
[I 2025-11-20 21:11:44,386] Trial 456 finished with value: 0.07559185861609877 and parameters: {'n_units': 1000, 'alpha': 0.4, 'sigma_in': 0.4, 'rho': 0.4, 'tikh': 0.1, 'option': 4, 'Normalization': 1}. Best is trial 94 with value: 0.0037233955343253912.
[I 2025-11-20 21:14:28,916] Trial 485 finished with value: 0.9927848781924695 and parameters: {'n_units': 1000, 'alpha': 0.6, 'sigma_in': 0.2, 'rho': 0.4, 'tikh': 0.1, 'option': 5, 'Normalization': 1}. Best is trial 470 with value: 0.007444198033772409.
[I 2025-11-20 21:15:15,415] Trial 475 finished with value: 0.0019702767720445992 and parameters: {'n_units': 1000, 'alpha': 1.0, 'sigma_in': 0.4, 'rho': 0.30000000000000004, 'tikh': 0.1, 'option': 3, 'Normalization': 1}. Best is trial 475 with value: 0.0019702767720445992.
[I 2025-11-20 21:16:38,414] Trial 457 finished with value: 1574.4353584289552 and parameters: {'n_units': 1000, 'alpha': 0.7000000000000001, 'sigma_in': 0.4, 'rho': 0.30000000000000004, 'tikh': 1e-05, 'option': 4, 'Normalization': 1}. Best is trial 94 with value: 0.0037233955343253912.
[I 2025-11-20 21:18:47,428] Trial 486 finished with value: 2.5880981922149657 and parameters: {'n_units': 1000, 'alpha': 0.6, 'sigma_in': 0.2, 'rho': 0.2, 'tikh': 0.1, 'option': 4, 'Normalization': 1}. Best is trial 470 with value: 0.007444198033772409.
[I 2025-11-20 21:20:10,126] Trial 476 finished with value: 210.37578716278077 and parameters: {'n_units': 1000, 'alpha': 1.0, 'sigma_in': 0.5, 'rho': 0.30000000000000004, 'tikh': 0.01, 'option': 3, 'Normalization': 1}. Best is trial 475 with value: 0.0019702767720445992.
[I 2025-11-20 21:21:29,251] Trial 458 finished with value: 0.011507978336885572 and parameters: {'n_units': 1000, 'alpha': 0.5, 'sigma_in': 0.30000000000000004, 'rho': 0.5, 'tikh': 0.1, 'option': 4, 'Normalization': 1}. Best is trial 94 with value: 0.0037233955343253912.
[I 2025-11-20 21:23:26,617] Trial 487 finished with value: 0.011695859534665943 and parameters: {'n_units': 1000, 'alpha': 0.6, 'sigma_in': 0.2, 'rho': 0.2, 'tikh': 0.1, 'option': 5, 'Normalization': 1}. Best is trial 470 with value: 0.007444198033772409.
[I 2025-11-20 21:25:30,233] Trial 477 finished with value: 0.0018980209773872049 and parameters: {'n_units': 1000, 'alpha': 0.9, 'sigma_in': 0.4, 'rho': 0.30000000000000004, 'tikh': 0.1, 'option': 3, 'Normalization': 1}. Best is trial 477 with value: 0.0018980209773872049.
[I 2025-11-20 21:26:47,317] Trial 459 finished with value: 0.443358473200351 and parameters: {'n_units': 1000, 'alpha': 0.7000000000000001, 'sigma_in': 0.4, 'rho': 0.4, 'tikh': 0.1, 'option': 4, 'Normalization': 1}. Best is trial 94 with value: 0.0037233955343253912.
[I 2025-11-20 21:28:01,087] Trial 488 finished with value: 0.011813642922788858 and parameters: {'n_units': 1000, 'alpha': 0.6, 'sigma_in': 0.2, 'rho': 0.2, 'tikh': 0.1, 'option': 5, 'Normalization': 1}. Best is trial 470 with value: 0.007444198033772409.
[I 2025-11-20 21:30:44,839] Trial 478 finished with value: 0.006665561872068793 and parameters: {'n_units': 1000, 'alpha': 1.0, 'sigma_in': 0.5, 'rho': 0.30000000000000004, 'tikh': 0.1, 'option': 3, 'Normalization': 1}. Best is trial 477 with value: 0.0018980209773872049.
[I 2025-11-20 21:31:30,127] Trial 460 finished with value: 0.005413747043348849 and parameters: {'n_units': 1000, 'alpha': 0.4, 'sigma_in': 0.4, 'rho': 0.4, 'tikh': 0.1, 'option': 4, 'Normalization': 1}. Best is trial 94 with value: 0.0037233955343253912.
[I 2025-11-20 21:32:30,429] Trial 489 finished with value: 901.0818817138672 and parameters: {'n_units': 1000, 'alpha': 0.4, 'sigma_in': 0.2, 'rho': 0.2, 'tikh': 1e-05, 'option': 5, 'Normalization': 1}. Best is trial 470 with value: 0.007444198033772409.
[I 2025-11-20 21:36:19,501] Trial 479 finished with value: 0.0026172313839197157 and parameters: {'n_units': 1000, 'alpha': 1.0, 'sigma_in': 0.4, 'rho': 0.30000000000000004, 'tikh': 0.1, 'option': 3, 'Normalization': 1}. Best is trial 477 with value: 0.0018980209773872049.
[I 2025-11-20 21:37:31,319] Trial 461 finished with value: 727.2539682388306 and parameters: {'n_units': 1000, 'alpha': 0.4, 'sigma_in': 0.4, 'rho': 0.4, 'tikh': 0.001, 'option': 4, 'Normalization': 1}. Best is trial 94 with value: 0.0037233955343253912.
[I 2025-11-20 21:38:10,094] Trial 490 finished with value: 0.009053303534165025 and parameters: {'n_units': 1000, 'alpha': 0.6, 'sigma_in': 0.2, 'rho': 0.2, 'tikh': 0.1, 'option': 5, 'Normalization': 1}. Best is trial 470 with value: 0.007444198033772409.
[I 2025-11-20 21:41:43,727] Trial 480 finished with value: 0.0020237661083228886 and parameters: {'n_units': 1000, 'alpha': 1.0, 'sigma_in': 0.4, 'rho': 0.30000000000000004, 'tikh': 0.1, 'option': 3, 'Normalization': 1}. Best is trial 477 with value: 0.0018980209773872049.
[I 2025-11-20 21:43:23,516] Trial 462 finished with value: 4.260740206693299 and parameters: {'n_units': 1000, 'alpha': 0.4, 'sigma_in': 0.4, 'rho': 0.4, 'tikh': 0.1, 'option': 4, 'Normalization': 1}. Best is trial 94 with value: 0.0037233955343253912.
[I 2025-11-20 21:43:48,515] Trial 491 finished with value: 0.013962703011929988 and parameters: {'n_units': 1000, 'alpha': 0.6, 'sigma_in': 0.2, 'rho': 0.2, 'tikh': 0.1, 'option': 5, 'Normalization': 1}. Best is trial 470 with value: 0.007444198033772409.
[I 2025-11-20 21:47:28,125] Trial 481 finished with value: 0.0023078602738678456 and parameters: {'n_units': 1000, 'alpha': 1.0, 'sigma_in': 0.4, 'rho': 0.30000000000000004, 'tikh': 0.1, 'option': 3, 'Normalization': 1}. Best is trial 477 with value: 0.0018980209773872049.
[I 2025-11-20 21:49:15,782] Trial 463 finished with value: 0.06291691102087497 and parameters: {'n_units': 1000, 'alpha': 0.4, 'sigma_in': 0.1, 'rho': 0.4, 'tikh': 0.1, 'option': 4, 'Normalization': 1}. Best is trial 94 with value: 0.0037233955343253912.
[I 2025-11-20 21:49:31,105] Trial 492 finished with value: 69.56217221836559 and parameters: {'n_units': 1000, 'alpha': 0.6, 'sigma_in': 0.2, 'rho': 0.30000000000000004, 'tikh': 0.1, 'option': 5, 'Normalization': 1}. Best is trial 470 with value: 0.007444198033772409.
[I 2025-11-20 21:53:16,453] Trial 482 finished with value: 0.002365303644910455 and parameters: {'n_units': 1000, 'alpha': 1.0, 'sigma_in': 0.4, 'rho': 0.30000000000000004, 'tikh': 0.1, 'option': 3, 'Normalization': 1}. Best is trial 477 with value: 0.0018980209773872049.
[I 2025-11-20 21:55:16,582] Trial 493 finished with value: 0.01167618171311915 and parameters: {'n_units': 1000, 'alpha': 0.7000000000000001, 'sigma_in': 0.2, 'rho': 0.2, 'tikh': 0.1, 'option': 5, 'Normalization': 1}. Best is trial 470 with value: 0.007444198033772409.
[I 2025-11-20 21:55:17,094] Trial 464 finished with value: 6.597357633709907 and parameters: {'n_units': 1000, 'alpha': 0.4, 'sigma_in': 0.4, 'rho': 0.30000000000000004, 'tikh': 0.1, 'option': 5, 'Normalization': 1}. Best is trial 94 with value: 0.0037233955343253912.
[I 2025-11-20 22:00:49,318] Trial 483 finished with value: 0.0019127681793179364 and parameters: {'n_units': 1000, 'alpha': 1.0, 'sigma_in': 0.4, 'rho': 0.30000000000000004, 'tikh': 0.1, 'option': 3, 'Normalization': 1}. Best is trial 477 with value: 0.0018980209773872049.
[I 2025-11-20 22:03:13,680] Trial 465 finished with value: 15.789636215753854 and parameters: {'n_units': 1000, 'alpha': 0.30000000000000004, 'sigma_in': 0.5, 'rho': 0.4, 'tikh': 0.1, 'option': 4, 'Normalization': 1}. Best is trial 94 with value: 0.0037233955343253912.
[I 2025-11-20 22:08:42,001] Trial 484 finished with value: 0.0015410261985380203 and parameters: {'n_units': 1000, 'alpha': 1.0, 'sigma_in': 0.4, 'rho': 0.30000000000000004, 'tikh': 0.1, 'option': 3, 'Normalization': 1}. Best is trial 484 with value: 0.0015410261985380203.
[I 2025-11-20 22:10:32,888] Trial 466 finished with value: 0.21048837343696505 and parameters: {'n_units': 1000, 'alpha': 0.4, 'sigma_in': 0.4, 'rho': 0.4, 'tikh': 0.1, 'option': 4, 'Normalization': 1}. Best is trial 94 with value: 0.0037233955343253912.
[I 2025-11-20 22:14:19,342] Trial 494 finished with value: 2940.1471648216248 and parameters: {'n_units': 3000, 'alpha': 0.6, 'sigma_in': 0.2, 'rho': 0.2, 'tikh': 0.1, 'option': 5, 'Normalization': 1}. Best is trial 470 with value: 0.007444198033772409.
[I 2025-11-20 22:15:19,310] Trial 485 finished with value: 0.002166034921538085 and parameters: {'n_units': 1000, 'alpha': 1.0, 'sigma_in': 0.4, 'rho': 0.30000000000000004, 'tikh': 0.1, 'option': 3, 'Normalization': 1}. Best is trial 484 with value: 0.0015410261985380203.
[I 2025-11-20 22:15:32,277] Trial 467 finished with value: 0.1532338817138225 and parameters: {'n_units': 1000, 'alpha': 0.4, 'sigma_in': 0.30000000000000004, 'rho': 0.6, 'tikh': 0.1, 'option': 4, 'Normalization': 1}. Best is trial 94 with value: 0.0037233955343253912.
[I 2025-11-20 22:17:49,276] Trial 495 finished with value: 0.010274856863543392 and parameters: {'n_units': 1000, 'alpha': 0.6, 'sigma_in': 0.2, 'rho': 0.2, 'tikh': 0.1, 'option': 5, 'Normalization': 1}. Best is trial 470 with value: 0.007444198033772409.
[I 2025-11-20 22:19:09,704] Trial 486 finished with value: 0.0023295989201869817 and parameters: {'n_units': 1000, 'alpha': 1.0, 'sigma_in': 0.4, 'rho': 0.30000000000000004, 'tikh': 0.1, 'option': 3, 'Normalization': 1}. Best is trial 484 with value: 0.0015410261985380203.
[I 2025-11-20 22:20:22,157] Trial 468 finished with value: 0.005476765928324312 and parameters: {'n_units': 1000, 'alpha': 0.5, 'sigma_in': 0.4, 'rho': 0.4, 'tikh': 0.1, 'option': 4, 'Normalization': 1}. Best is trial 94 with value: 0.0037233955343253912.
[I 2025-11-20 22:22:29,679] Trial 496 finished with value: 0.1437566302716732 and parameters: {'n_units': 1000, 'alpha': 0.6, 'sigma_in': 0.1, 'rho': 0.2, 'tikh': 0.1, 'option': 5, 'Normalization': 1}. Best is trial 470 with value: 0.007444198033772409.
[I 2025-11-20 22:24:30,887] Trial 487 finished with value: 0.00227049098466523 and parameters: {'n_units': 1000, 'alpha': 1.0, 'sigma_in': 0.4, 'rho': 0.30000000000000004, 'tikh': 0.1, 'option': 3, 'Normalization': 1}. Best is trial 484 with value: 0.0015410261985380203.
[I 2025-11-20 22:25:20,566] Trial 469 finished with value: 0.006145417783409357 and parameters: {'n_units': 1000, 'alpha': 0.5, 'sigma_in': 0.4, 'rho': 0.4, 'tikh': 0.1, 'option': 4, 'Normalization': 1}. Best is trial 94 with value: 0.0037233955343253912.
[I 2025-11-20 22:28:01,156] Trial 497 finished with value: 20115.307222747804 and parameters: {'n_units': 1000, 'alpha': 0.4, 'sigma_in': 0.2, 'rho': 0.2, 'tikh': 0.001, 'option': 5, 'Normalization': 1}. Best is trial 470 with value: 0.007444198033772409.
[I 2025-11-20 22:31:31,288] Trial 470 finished with value: 0.6036213094601408 and parameters: {'n_units': 1000, 'alpha': 0.5, 'sigma_in': 0.4, 'rho': 0.4, 'tikh': 0.1, 'option': 4, 'Normalization': 1}. Best is trial 94 with value: 0.0037233955343253912.
[I 2025-11-20 22:33:28,657] Trial 498 finished with value: 0.0135369464289397 and parameters: {'n_units': 1000, 'alpha': 0.6, 'sigma_in': 0.2, 'rho': 0.2, 'tikh': 0.1, 'option': 5, 'Normalization': 1}. Best is trial 470 with value: 0.007444198033772409.
[I 2025-11-20 22:37:49,009] Trial 471 finished with value: 0.00575033511267975 and parameters: {'n_units': 1000, 'alpha': 0.5, 'sigma_in': 0.4, 'rho': 0.4, 'tikh': 0.1, 'option': 4, 'Normalization': 1}. Best is trial 94 with value: 0.0037233955343253912.
[I 2025-11-20 22:39:03,971] Trial 499 finished with value: 0.19707591920159756 and parameters: {'n_units': 1000, 'alpha': 0.4, 'sigma_in': 0.2, 'rho': 0.30000000000000004, 'tikh': 0.1, 'option': 5, 'Normalization': 1}. Best is trial 470 with value: 0.007444198033772409.
[I 2025-11-20 22:44:52,479] Trial 488 finished with value: 73.34612939357757 and parameters: {'n_units': 3000, 'alpha': 1.0, 'sigma_in': 0.4, 'rho': 0.30000000000000004, 'tikh': 0.1, 'option': 3, 'Normalization': 1}. Best is trial 484 with value: 0.0015410261985380203.
[I 2025-11-20 22:49:56,674] Trial 489 finished with value: 1436.071621322632 and parameters: {'n_units': 1000, 'alpha': 1.0, 'sigma_in': 0.4, 'rho': 0.30000000000000004, 'tikh': 0.001, 'option': 3, 'Normalization': 1}. Best is trial 484 with value: 0.0015410261985380203.
[I 2025-11-20 22:52:42,803] Trial 472 finished with value: 82.24640636444092 and parameters: {'n_units': 3000, 'alpha': 0.5, 'sigma_in': 0.4, 'rho': 0.4, 'tikh': 0.1, 'option': 4, 'Normalization': 1}. Best is trial 94 with value: 0.0037233955343253912.
[I 2025-11-20 22:54:22,447] Trial 490 finished with value: 0.0018295188085176051 and parameters: {'n_units': 1000, 'alpha': 1.0, 'sigma_in': 0.4, 'rho': 0.30000000000000004, 'tikh': 0.1, 'option': 3, 'Normalization': 1}. Best is trial 484 with value: 0.0015410261985380203.
[I 2025-11-20 22:55:16,176] Trial 473 finished with value: 0.03043345157057047 and parameters: {'n_units': 1000, 'alpha': 0.5, 'sigma_in': 0.4, 'rho': 0.5, 'tikh': 0.1, 'option': 4, 'Normalization': 1}. Best is trial 94 with value: 0.0037233955343253912.
[I 2025-11-20 22:56:40,154] Trial 491 finished with value: 0.0019674852956086397 and parameters: {'n_units': 1000, 'alpha': 1.0, 'sigma_in': 0.4, 'rho': 0.30000000000000004, 'tikh': 0.1, 'option': 3, 'Normalization': 1}. Best is trial 484 with value: 0.0015410261985380203.
[I 2025-11-20 22:57:35,004] Trial 474 finished with value: 0.01766577851958573 and parameters: {'n_units': 1000, 'alpha': 0.5, 'sigma_in': 0.30000000000000004, 'rho': 0.4, 'tikh': 0.1, 'option': 4, 'Normalization': 1}. Best is trial 94 with value: 0.0037233955343253912.
[I 2025-11-20 22:59:58,197] Trial 492 finished with value: 0.00164588273037225 and parameters: {'n_units': 1000, 'alpha': 1.0, 'sigma_in': 0.4, 'rho': 0.30000000000000004, 'tikh': 0.1, 'option': 3, 'Normalization': 1}. Best is trial 484 with value: 0.0015410261985380203.
[I 2025-11-20 23:01:41,747] Trial 475 finished with value: 0.012715160567313432 and parameters: {'n_units': 1000, 'alpha': 0.5, 'sigma_in': 0.4, 'rho': 0.4, 'tikh': 0.1, 'option': 3, 'Normalization': 1}. Best is trial 94 with value: 0.0037233955343253912.
[I 2025-11-20 23:02:51,878] Trial 493 finished with value: 0.001742193120298907 and parameters: {'n_units': 1000, 'alpha': 1.0, 'sigma_in': 0.4, 'rho': 0.30000000000000004, 'tikh': 0.1, 'option': 3, 'Normalization': 1}. Best is trial 484 with value: 0.0015410261985380203.
[I 2025-11-20 23:03:39,345] Trial 476 finished with value: 19.28057875353843 and parameters: {'n_units': 1000, 'alpha': 0.5, 'sigma_in': 0.5, 'rho': 0.4, 'tikh': 0.1, 'option': 4, 'Normalization': 1}. Best is trial 94 with value: 0.0037233955343253912.
[I 2025-11-20 23:05:08,412] Trial 494 finished with value: 0.00142903727828525 and parameters: {'n_units': 1000, 'alpha': 1.0, 'sigma_in': 0.4, 'rho': 0.30000000000000004, 'tikh': 0.1, 'option': 3, 'Normalization': 1}. Best is trial 494 with value: 0.00142903727828525.
[I 2025-11-20 23:06:02,635] Trial 477 finished with value: 963.9155014038085 and parameters: {'n_units': 1000, 'alpha': 0.5, 'sigma_in': 0.4, 'rho': 0.4, 'tikh': 0.01, 'option': 4, 'Normalization': 1}. Best is trial 94 with value: 0.0037233955343253912.
[I 2025-11-20 23:07:38,300] Trial 495 finished with value: 0.0018924637406598777 and parameters: {'n_units': 1000, 'alpha': 1.0, 'sigma_in': 0.4, 'rho': 0.30000000000000004, 'tikh': 0.1, 'option': 3, 'Normalization': 1}. Best is trial 494 with value: 0.00142903727828525.
[I 2025-11-20 23:09:52,310] Trial 478 finished with value: 652.2465497970582 and parameters: {'n_units': 1000, 'alpha': 0.5, 'sigma_in': 0.4, 'rho': 0.4, 'tikh': 0.0001, 'option': 4, 'Normalization': 1}. Best is trial 94 with value: 0.0037233955343253912.
