[I 2025-11-20 10:58:08,841] Trial 386 finished with value: 0.12298585123498924 and parameters: {'n_units': 1000, 'alpha': 0.7000000000000001, 'sigma_in': 0.4, 'rho': 0.5, 'tikh': 0.1, 'option': 4, 'Normalization': 1}. Best is trial 66 with value: 0.0032014672469813377.
[I 2025-11-20 11:02:10,506] Trial 390 finished with value: 0.483020251034759 and parameters: {'n_units': 1000, 'alpha': 0.5, 'sigma_in': 0.2, 'rho': 0.2, 'tikh': 0.1, 'option': 5, 'Normalization': 1}. Best is trial 344 with value: 0.007580025377683342.
[I 2025-11-20 11:03:23,173] Trial 370 finished with value: 10662.059250640868 and parameters: {'n_units': 1000, 'alpha': 0.6, 'sigma_in': 0.4, 'rho': 0.4, 'tikh': 0.0001, 'option': 5, 'Normalization': 1}. Best is trial 94 with value: 0.0037233955343253912.
[I 2025-11-20 11:04:41,944] Trial 387 finished with value: 5292165.950439453 and parameters: {'n_units': 1000, 'alpha': 0.8, 'sigma_in': 0.2, 'rho': 0.5, 'tikh': 1e-05, 'option': 4, 'Normalization': 1}. Best is trial 66 with value: 0.0032014672469813377.
[I 2025-11-20 11:08:37,911] Trial 391 finished with value: 862.8917501449585 and parameters: {'n_units': 1000, 'alpha': 0.5, 'sigma_in': 0.2, 'rho': 0.2, 'tikh': 0.0001, 'option': 5, 'Normalization': 1}. Best is trial 344 with value: 0.007580025377683342.
[I 2025-11-20 11:09:55,916] Trial 371 finished with value: 0.006210481002926827 and parameters: {'n_units': 1000, 'alpha': 0.7000000000000001, 'sigma_in': 0.4, 'rho': 0.4, 'tikh': 0.1, 'option': 4, 'Normalization': 1}. Best is trial 94 with value: 0.0037233955343253912.
[I 2025-11-20 11:11:40,976] Trial 388 finished with value: 0.014176234242040665 and parameters: {'n_units': 1000, 'alpha': 0.6, 'sigma_in': 0.30000000000000004, 'rho': 0.5, 'tikh': 0.1, 'option': 4, 'Normalization': 1}. Best is trial 66 with value: 0.0032014672469813377.
[I 2025-11-20 11:14:45,980] Trial 392 finished with value: 0.009465046273544431 and parameters: {'n_units': 1000, 'alpha': 0.5, 'sigma_in': 0.2, 'rho': 0.2, 'tikh': 0.1, 'option': 5, 'Normalization': 1}. Best is trial 344 with value: 0.007580025377683342.
[I 2025-11-20 11:18:22,572] Trial 389 finished with value: 2.0347975304815917 and parameters: {'n_units': 1000, 'alpha': 0.7000000000000001, 'sigma_in': 0.30000000000000004, 'rho': 0.8, 'tikh': 0.1, 'option': 4, 'Normalization': 1}. Best is trial 66 with value: 0.0032014672469813377.
[I 2025-11-20 11:21:15,547] Trial 393 finished with value: 0.13051071912050247 and parameters: {'n_units': 1000, 'alpha': 0.5, 'sigma_in': 0.1, 'rho': 0.2, 'tikh': 0.1, 'option': 5, 'Normalization': 1}. Best is trial 344 with value: 0.007580025377683342.
[I 2025-11-20 11:25:08,828] Trial 390 finished with value: 0.010669143893755973 and parameters: {'n_units': 1000, 'alpha': 0.7000000000000001, 'sigma_in': 0.30000000000000004, 'rho': 0.5, 'tikh': 0.1, 'option': 4, 'Normalization': 1}. Best is trial 66 with value: 0.0032014672469813377.
[I 2025-11-20 11:27:39,314] Trial 394 finished with value: 193.87711249031128 and parameters: {'n_units': 1000, 'alpha': 0.5, 'sigma_in': 0.9, 'rho': 0.2, 'tikh': 0.1, 'option': 5, 'Normalization': 1}. Best is trial 344 with value: 0.007580025377683342.
[I 2025-11-20 11:32:00,573] Trial 391 finished with value: 0.0069336262647993864 and parameters: {'n_units': 1000, 'alpha': 0.7000000000000001, 'sigma_in': 0.30000000000000004, 'rho': 0.5, 'tikh': 0.1, 'option': 4, 'Normalization': 1}. Best is trial 66 with value: 0.0032014672469813377.
[I 2025-11-20 11:35:04,634] Trial 372 finished with value: 1299.4022514343262 and parameters: {'n_units': 3000, 'alpha': 0.7000000000000001, 'sigma_in': 0.4, 'rho': 0.4, 'tikh': 0.1, 'option': 4, 'Normalization': 1}. Best is trial 94 with value: 0.0037233955343253912.
[I 2025-11-20 11:38:34,718] Trial 392 finished with value: 0.09741652172524481 and parameters: {'n_units': 1000, 'alpha': 0.6, 'sigma_in': 0.30000000000000004, 'rho': 0.6, 'tikh': 0.1, 'option': 4, 'Normalization': 1}. Best is trial 66 with value: 0.0032014672469813377.
[I 2025-11-20 11:41:20,023] Trial 373 finished with value: 0.0058203102089464664 and parameters: {'n_units': 1000, 'alpha': 0.5, 'sigma_in': 0.4, 'rho': 0.4, 'tikh': 0.1, 'option': 4, 'Normalization': 1}. Best is trial 94 with value: 0.0037233955343253912.
[I 2025-11-20 11:45:07,854] Trial 393 finished with value: 209.59872207939625 and parameters: {'n_units': 1000, 'alpha': 0.7000000000000001, 'sigma_in': 0.30000000000000004, 'rho': 0.5, 'tikh': 0.1, 'option': 5, 'Normalization': 1}. Best is trial 66 with value: 0.0032014672469813377.
[I 2025-11-20 11:47:31,863] Trial 374 finished with value: 0.015666826348751783 and parameters: {'n_units': 1000, 'alpha': 0.5, 'sigma_in': 0.30000000000000004, 'rho': 0.4, 'tikh': 0.1, 'option': 4, 'Normalization': 1}. Best is trial 94 with value: 0.0037233955343253912.
[I 2025-11-20 11:51:53,732] Trial 394 finished with value: 528.2271022796631 and parameters: {'n_units': 1000, 'alpha': 0.7000000000000001, 'sigma_in': 0.30000000000000004, 'rho': 0.5, 'tikh': 0.01, 'option': 4, 'Normalization': 1}. Best is trial 66 with value: 0.0032014672469813377.
[I 2025-11-20 11:52:09,950] Trial 395 finished with value: 184.88497039079667 and parameters: {'n_units': 3000, 'alpha': 0.5, 'sigma_in': 0.2, 'rho': 0.2, 'tikh': 0.1, 'option': 5, 'Normalization': 1}. Best is trial 344 with value: 0.007580025377683342.
[I 2025-11-20 11:53:50,782] Trial 375 finished with value: 119.92039556745439 and parameters: {'n_units': 1000, 'alpha': 0.5, 'sigma_in': 0.5, 'rho': 0.4, 'tikh': 0.1, 'option': 4, 'Normalization': 1}. Best is trial 94 with value: 0.0037233955343253912.
[I 2025-11-20 11:58:26,526] Trial 396 finished with value: 0.008507833769544958 and parameters: {'n_units': 1000, 'alpha': 0.5, 'sigma_in': 0.2, 'rho': 0.2, 'tikh': 0.1, 'option': 5, 'Normalization': 1}. Best is trial 344 with value: 0.007580025377683342.
[I 2025-11-20 11:58:35,799] Trial 395 finished with value: 0.013275829347549006 and parameters: {'n_units': 1000, 'alpha': 0.8, 'sigma_in': 0.30000000000000004, 'rho': 0.5, 'tikh': 0.1, 'option': 3, 'Normalization': 1}. Best is trial 66 with value: 0.0032014672469813377.
[I 2025-11-20 12:00:13,041] Trial 376 finished with value: 5.874683311395347 and parameters: {'n_units': 1000, 'alpha': 0.5, 'sigma_in': 0.4, 'rho': 0.7000000000000001, 'tikh': 0.1, 'option': 4, 'Normalization': 1}. Best is trial 94 with value: 0.0037233955343253912.
[I 2025-11-20 12:04:42,694] Trial 397 finished with value: 0.058025499992072585 and parameters: {'n_units': 1000, 'alpha': 0.5, 'sigma_in': 0.2, 'rho': 0.2, 'tikh': 0.1, 'option': 5, 'Normalization': 1}. Best is trial 344 with value: 0.007580025377683342.
[I 2025-11-20 12:05:18,143] Trial 396 finished with value: 1435.4510692358017 and parameters: {'n_units': 1000, 'alpha': 0.7000000000000001, 'sigma_in': 0.8, 'rho': 1.0, 'tikh': 0.1, 'option': 4, 'Normalization': 1}. Best is trial 66 with value: 0.0032014672469813377.
[I 2025-11-20 12:06:53,905] Trial 377 finished with value: 5672.977352905274 and parameters: {'n_units': 1000, 'alpha': 0.5, 'sigma_in': 0.4, 'rho': 0.4, 'tikh': 1e-05, 'option': 4, 'Normalization': 1}. Best is trial 94 with value: 0.0037233955343253912.
[I 2025-11-20 12:11:26,762] Trial 397 finished with value: 0.7742071207845583 and parameters: {'n_units': 1000, 'alpha': 1.0, 'sigma_in': 0.4, 'rho': 0.5, 'tikh': 0.1, 'option': 4, 'Normalization': 1}. Best is trial 66 with value: 0.0032014672469813377.
[I 2025-11-20 12:11:57,118] Trial 398 finished with value: 0.009740529302507638 and parameters: {'n_units': 1000, 'alpha': 0.5, 'sigma_in': 0.2, 'rho': 0.2, 'tikh': 0.1, 'option': 5, 'Normalization': 1}. Best is trial 344 with value: 0.007580025377683342.
[I 2025-11-20 12:14:14,783] Trial 378 finished with value: 2698507140.358554 and parameters: {'n_units': 1000, 'alpha': 0.6, 'sigma_in': 0.4, 'rho': 0.5, 'tikh': 0.001, 'option': 4, 'Normalization': 1}. Best is trial 94 with value: 0.0037233955343253912.
[I 2025-11-20 12:17:43,943] Trial 398 finished with value: 0.005005264235660434 and parameters: {'n_units': 1000, 'alpha': 0.7000000000000001, 'sigma_in': 0.30000000000000004, 'rho': 0.5, 'tikh': 0.1, 'option': 4, 'Normalization': 1}. Best is trial 66 with value: 0.0032014672469813377.
[I 2025-11-20 12:19:16,049] Trial 399 finished with value: 0.014517636294476688 and parameters: {'n_units': 1000, 'alpha': 0.5, 'sigma_in': 0.2, 'rho': 0.2, 'tikh': 0.1, 'option': 5, 'Normalization': 1}. Best is trial 344 with value: 0.007580025377683342.
[I 2025-11-20 12:21:25,159] Trial 379 finished with value: 0.0054193375864997504 and parameters: {'n_units': 1000, 'alpha': 0.7000000000000001, 'sigma_in': 0.4, 'rho': 0.4, 'tikh': 0.1, 'option': 4, 'Normalization': 1}. Best is trial 94 with value: 0.0037233955343253912.
[I 2025-11-20 12:23:31,099] Trial 399 finished with value: 0.007514208718203008 and parameters: {'n_units': 1000, 'alpha': 0.7000000000000001, 'sigma_in': 0.30000000000000004, 'rho': 0.5, 'tikh': 0.1, 'option': 4, 'Normalization': 1}. Best is trial 66 with value: 0.0032014672469813377.
[I 2025-11-20 12:26:20,225] Trial 400 finished with value: 2.543062663078308 and parameters: {'n_units': 1000, 'alpha': 0.5, 'sigma_in': 0.2, 'rho': 0.2, 'tikh': 0.1, 'option': 4, 'Normalization': 1}. Best is trial 344 with value: 0.007580025377683342.
[I 2025-11-20 12:28:32,492] Trial 380 finished with value: 0.008607719070278108 and parameters: {'n_units': 1000, 'alpha': 0.7000000000000001, 'sigma_in': 0.4, 'rho': 0.4, 'tikh': 0.1, 'option': 4, 'Normalization': 1}. Best is trial 94 with value: 0.0037233955343253912.
[I 2025-11-20 12:29:49,859] Trial 400 finished with value: 0.2579767510294914 and parameters: {'n_units': 1000, 'alpha': 0.7000000000000001, 'sigma_in': 0.2, 'rho': 0.4, 'tikh': 0.1, 'option': 4, 'Normalization': 1}. Best is trial 66 with value: 0.0032014672469813377.
[I 2025-11-20 12:33:24,944] Trial 401 finished with value: 88.7127438545227 and parameters: {'n_units': 1000, 'alpha': 0.5, 'sigma_in': 0.2, 'rho': 0.2, 'tikh': 0.01, 'option': 5, 'Normalization': 1}. Best is trial 344 with value: 0.007580025377683342.
[I 2025-11-20 12:34:55,961] Trial 381 finished with value: 2.1960605768210373 and parameters: {'n_units': 1000, 'alpha': 0.7000000000000001, 'sigma_in': 0.4, 'rho': 0.4, 'tikh': 0.1, 'option': 4, 'Normalization': 1}. Best is trial 94 with value: 0.0037233955343253912.
[I 2025-11-20 12:35:41,722] Trial 401 finished with value: 0.005971243139356375 and parameters: {'n_units': 1000, 'alpha': 0.7000000000000001, 'sigma_in': 0.30000000000000004, 'rho': 0.5, 'tikh': 0.1, 'option': 4, 'Normalization': 1}. Best is trial 66 with value: 0.0032014672469813377.
[I 2025-11-20 12:39:55,516] Trial 402 finished with value: 0.22503664906835183 and parameters: {'n_units': 1000, 'alpha': 0.5, 'sigma_in': 0.2, 'rho': 0.2, 'tikh': 0.1, 'option': 5, 'Normalization': 1}. Best is trial 344 with value: 0.007580025377683342.
[I 2025-11-20 12:41:24,976] Trial 382 finished with value: 0.012547430582344532 and parameters: {'n_units': 1000, 'alpha': 0.7000000000000001, 'sigma_in': 0.5, 'rho': 0.4, 'tikh': 0.1, 'option': 3, 'Normalization': 1}. Best is trial 94 with value: 0.0037233955343253912.
[I 2025-11-20 12:41:25,017] Trial 402 finished with value: 0.006162181438412517 and parameters: {'n_units': 1000, 'alpha': 0.6, 'sigma_in': 0.30000000000000004, 'rho': 0.5, 'tikh': 0.1, 'option': 4, 'Normalization': 1}. Best is trial 66 with value: 0.0032014672469813377.
[I 2025-11-20 12:46:18,702] Trial 403 finished with value: 0.008617306035012007 and parameters: {'n_units': 1000, 'alpha': 0.5, 'sigma_in': 0.2, 'rho': 0.2, 'tikh': 0.1, 'option': 5, 'Normalization': 1}. Best is trial 344 with value: 0.007580025377683342.
[I 2025-11-20 12:47:58,604] Trial 403 finished with value: 1780.265089416504 and parameters: {'n_units': 1000, 'alpha': 0.8, 'sigma_in': 0.30000000000000004, 'rho': 0.5, 'tikh': 0.001, 'option': 4, 'Normalization': 1}. Best is trial 66 with value: 0.0032014672469813377.
[I 2025-11-20 12:48:23,675] Trial 383 finished with value: 0.009259285079315305 and parameters: {'n_units': 1000, 'alpha': 0.7000000000000001, 'sigma_in': 0.4, 'rho': 0.4, 'tikh': 0.1, 'option': 4, 'Normalization': 1}. Best is trial 94 with value: 0.0037233955343253912.
[I 2025-11-20 12:52:59,916] Trial 404 finished with value: 0.13206592947244644 and parameters: {'n_units': 1000, 'alpha': 0.6, 'sigma_in': 0.1, 'rho': 0.2, 'tikh': 0.1, 'option': 5, 'Normalization': 1}. Best is trial 344 with value: 0.007580025377683342.
[I 2025-11-20 12:54:30,776] Trial 404 finished with value: 0.012804099288769067 and parameters: {'n_units': 1000, 'alpha': 0.7000000000000001, 'sigma_in': 0.30000000000000004, 'rho': 0.6, 'tikh': 0.1, 'option': 4, 'Normalization': 1}. Best is trial 66 with value: 0.0032014672469813377.
[I 2025-11-20 12:55:03,935] Trial 384 finished with value: 0.008884769910946489 and parameters: {'n_units': 1000, 'alpha': 0.7000000000000001, 'sigma_in': 0.4, 'rho': 0.4, 'tikh': 0.1, 'option': 4, 'Normalization': 1}. Best is trial 94 with value: 0.0037233955343253912.
[I 2025-11-20 12:59:17,287] Trial 405 finished with value: 0.2248683178331703 and parameters: {'n_units': 1000, 'alpha': 0.5, 'sigma_in': 0.2, 'rho': 0.2, 'tikh': 0.1, 'option': 5, 'Normalization': 1}. Best is trial 344 with value: 0.007580025377683342.
[I 2025-11-20 13:01:09,209] Trial 405 finished with value: 0.6157386425184086 and parameters: {'n_units': 1000, 'alpha': 0.7000000000000001, 'sigma_in': 0.4, 'rho': 0.5, 'tikh': 0.1, 'option': 4, 'Normalization': 1}. Best is trial 66 with value: 0.0032014672469813377.
[I 2025-11-20 13:01:57,375] Trial 385 finished with value: 10.96142908220645 and parameters: {'n_units': 1000, 'alpha': 0.7000000000000001, 'sigma_in': 0.4, 'rho': 0.4, 'tikh': 0.1, 'option': 4, 'Normalization': 1}. Best is trial 94 with value: 0.0037233955343253912.
[I 2025-11-20 13:06:01,765] Trial 406 finished with value: 0.01318395701237023 and parameters: {'n_units': 1000, 'alpha': 0.5, 'sigma_in': 0.2, 'rho': 0.2, 'tikh': 0.1, 'option': 5, 'Normalization': 1}. Best is trial 344 with value: 0.007580025377683342.
[I 2025-11-20 13:08:41,236] Trial 386 finished with value: 0.00946761576924473 and parameters: {'n_units': 1000, 'alpha': 0.5, 'sigma_in': 0.4, 'rho': 0.4, 'tikh': 0.1, 'option': 4, 'Normalization': 1}. Best is trial 94 with value: 0.0037233955343253912.
[I 2025-11-20 13:12:58,362] Trial 407 finished with value: 0.3089416319737211 and parameters: {'n_units': 1000, 'alpha': 0.5, 'sigma_in': 0.2, 'rho': 0.2, 'tikh': 0.1, 'option': 5, 'Normalization': 1}. Best is trial 344 with value: 0.007580025377683342.
[I 2025-11-20 13:15:27,361] Trial 387 finished with value: 0.017673204001039267 and parameters: {'n_units': 1000, 'alpha': 0.6, 'sigma_in': 0.30000000000000004, 'rho': 0.4, 'tikh': 0.1, 'option': 4, 'Normalization': 1}. Best is trial 94 with value: 0.0037233955343253912.
[I 2025-11-20 13:19:43,719] Trial 408 finished with value: 14826.776360321044 and parameters: {'n_units': 1000, 'alpha': 0.6, 'sigma_in': 0.2, 'rho': 0.2, 'tikh': 1e-05, 'option': 5, 'Normalization': 1}. Best is trial 344 with value: 0.007580025377683342.
[I 2025-11-20 13:21:58,374] Trial 388 finished with value: 0.5765784880612046 and parameters: {'n_units': 1000, 'alpha': 0.8, 'sigma_in': 0.4, 'rho': 0.5, 'tikh': 0.1, 'option': 4, 'Normalization': 1}. Best is trial 94 with value: 0.0037233955343253912.
[I 2025-11-20 13:25:58,703] Trial 409 finished with value: 0.20826034038327634 and parameters: {'n_units': 1000, 'alpha': 0.5, 'sigma_in': 0.2, 'rho': 0.2, 'tikh': 0.1, 'option': 5, 'Normalization': 1}. Best is trial 344 with value: 0.007580025377683342.
[I 2025-11-20 13:26:52,760] Trial 406 finished with value: 288.20001850128176 and parameters: {'n_units': 3000, 'alpha': 0.7000000000000001, 'sigma_in': 0.30000000000000004, 'rho': 0.5, 'tikh': 0.1, 'option': 4, 'Normalization': 1}. Best is trial 66 with value: 0.0032014672469813377.
[I 2025-11-20 13:28:49,233] Trial 389 finished with value: 4341.233168468345 and parameters: {'n_units': 1000, 'alpha': 0.8, 'sigma_in': 0.4, 'rho': 0.4, 'tikh': 0.1, 'option': 4, 'Normalization': 1}. Best is trial 94 with value: 0.0037233955343253912.
[I 2025-11-20 13:32:22,126] Trial 410 finished with value: 2.2264928076881914 and parameters: {'n_units': 1000, 'alpha': 0.5, 'sigma_in': 0.2, 'rho': 0.2, 'tikh': 0.1, 'option': 5, 'Normalization': 1}. Best is trial 344 with value: 0.007580025377683342.
[I 2025-11-20 13:33:55,089] Trial 407 finished with value: 0.4419349032454193 and parameters: {'n_units': 1000, 'alpha': 0.6, 'sigma_in': 0.30000000000000004, 'rho': 0.5, 'tikh': 0.1, 'option': 3, 'Normalization': 1}. Best is trial 66 with value: 0.0032014672469813377.
[I 2025-11-20 13:35:47,125] Trial 390 finished with value: 0.006160097091924399 and parameters: {'n_units': 1000, 'alpha': 0.7000000000000001, 'sigma_in': 0.4, 'rho': 0.4, 'tikh': 0.1, 'option': 4, 'Normalization': 1}. Best is trial 94 with value: 0.0037233955343253912.
[I 2025-11-20 13:38:39,214] Trial 411 finished with value: 0.009445668710395694 and parameters: {'n_units': 1000, 'alpha': 0.5, 'sigma_in': 0.2, 'rho': 0.2, 'tikh': 0.1, 'option': 5, 'Normalization': 1}. Best is trial 344 with value: 0.007580025377683342.
[I 2025-11-20 13:40:59,277] Trial 408 finished with value: 0.0076755336136557165 and parameters: {'n_units': 1000, 'alpha': 0.7000000000000001, 'sigma_in': 0.30000000000000004, 'rho': 0.5, 'tikh': 0.1, 'option': 4, 'Normalization': 1}. Best is trial 66 with value: 0.0032014672469813377.
[I 2025-11-20 13:42:32,205] Trial 391 finished with value: 88.01066306233406 and parameters: {'n_units': 1000, 'alpha': 0.7000000000000001, 'sigma_in': 0.6, 'rho': 0.4, 'tikh': 0.1, 'option': 4, 'Normalization': 1}. Best is trial 94 with value: 0.0037233955343253912.
[I 2025-11-20 13:44:39,849] Trial 412 finished with value: 0.3747309220954776 and parameters: {'n_units': 1000, 'alpha': 0.5, 'sigma_in': 0.2, 'rho': 0.2, 'tikh': 0.1, 'option': 5, 'Normalization': 1}. Best is trial 344 with value: 0.007580025377683342.
[I 2025-11-20 13:47:34,258] Trial 409 finished with value: 0.018110277038067578 and parameters: {'n_units': 1000, 'alpha': 0.7000000000000001, 'sigma_in': 0.30000000000000004, 'rho': 0.4, 'tikh': 0.1, 'option': 4, 'Normalization': 1}. Best is trial 66 with value: 0.0032014672469813377.
[I 2025-11-20 13:50:44,253] Trial 413 finished with value: 0.14018480777740477 and parameters: {'n_units': 1000, 'alpha': 0.5, 'sigma_in': 0.1, 'rho': 0.2, 'tikh': 0.1, 'option': 5, 'Normalization': 1}. Best is trial 344 with value: 0.007580025377683342.
[I 2025-11-20 13:54:46,918] Trial 410 finished with value: 218.40880546569824 and parameters: {'n_units': 1000, 'alpha': 0.5, 'sigma_in': 0.30000000000000004, 'rho': 0.5, 'tikh': 0.0001, 'option': 4, 'Normalization': 1}. Best is trial 66 with value: 0.0032014672469813377.
[I 2025-11-20 13:56:57,105] Trial 414 finished with value: 0.24194619762711228 and parameters: {'n_units': 1000, 'alpha': 0.6, 'sigma_in': 0.2, 'rho': 0.2, 'tikh': 0.1, 'option': 5, 'Normalization': 1}. Best is trial 344 with value: 0.007580025377683342.
[I 2025-11-20 14:02:00,396] Trial 411 finished with value: 0.03708024008665234 and parameters: {'n_units': 1000, 'alpha': 0.7000000000000001, 'sigma_in': 0.30000000000000004, 'rho': 0.5, 'tikh': 0.1, 'option': 4, 'Normalization': 1}. Best is trial 66 with value: 0.0032014672469813377.
[I 2025-11-20 14:03:09,918] Trial 415 finished with value: 19861.655679559706 and parameters: {'n_units': 1000, 'alpha': 0.4, 'sigma_in': 0.2, 'rho': 0.2, 'tikh': 0.001, 'option': 5, 'Normalization': 1}. Best is trial 344 with value: 0.007580025377683342.
[I 2025-11-20 14:06:20,110] Trial 392 finished with value: 108.12035789489747 and parameters: {'n_units': 3000, 'alpha': 0.7000000000000001, 'sigma_in': 0.4, 'rho': 0.4, 'tikh': 0.1, 'option': 4, 'Normalization': 1}. Best is trial 94 with value: 0.0037233955343253912.
[I 2025-11-20 14:08:58,498] Trial 412 finished with value: 0.007681398815475404 and parameters: {'n_units': 1000, 'alpha': 0.7000000000000001, 'sigma_in': 0.30000000000000004, 'rho': 0.5, 'tikh': 0.1, 'option': 4, 'Normalization': 1}. Best is trial 66 with value: 0.0032014672469813377.
[I 2025-11-20 14:13:14,666] Trial 393 finished with value: 3440.6399260019884 and parameters: {'n_units': 1000, 'alpha': 0.7000000000000001, 'sigma_in': 0.4, 'rho': 0.4, 'tikh': 0.1, 'option': 5, 'Normalization': 1}. Best is trial 94 with value: 0.0037233955343253912.
[I 2025-11-20 14:16:15,641] Trial 413 finished with value: 0.08931374847888947 and parameters: {'n_units': 1000, 'alpha': 0.7000000000000001, 'sigma_in': 0.2, 'rho': 0.6, 'tikh': 0.1, 'option': 4, 'Normalization': 1}. Best is trial 66 with value: 0.0032014672469813377.
[I 2025-11-20 14:20:17,561] Trial 394 finished with value: 0.5093985613435507 and parameters: {'n_units': 1000, 'alpha': 0.6, 'sigma_in': 0.4, 'rho': 0.4, 'tikh': 0.1, 'option': 4, 'Normalization': 1}. Best is trial 94 with value: 0.0037233955343253912.
[I 2025-11-20 14:23:08,540] Trial 414 finished with value: 0.01715672018472105 and parameters: {'n_units': 1000, 'alpha': 0.7000000000000001, 'sigma_in': 0.30000000000000004, 'rho': 0.5, 'tikh': 0.1, 'option': 4, 'Normalization': 1}. Best is trial 66 with value: 0.0032014672469813377.
[I 2025-11-20 14:25:50,838] Trial 416 finished with value: 65.88869988322259 and parameters: {'n_units': 3000, 'alpha': 0.5, 'sigma_in': 0.2, 'rho': 0.2, 'tikh': 0.1, 'option': 5, 'Normalization': 1}. Best is trial 344 with value: 0.007580025377683342.
[I 2025-11-20 14:27:17,194] Trial 395 finished with value: 364.84918727874754 and parameters: {'n_units': 1000, 'alpha': 0.7000000000000001, 'sigma_in': 0.4, 'rho': 0.4, 'tikh': 0.01, 'option': 4, 'Normalization': 1}. Best is trial 94 with value: 0.0037233955343253912.
