[I 2025-11-21 02:34:13,477] Trial 387 finished with value: 0.002291141456225887 and parameters: {'n_units': 1000, 'alpha': 1.0, 'sigma_in': 0.5, 'rho': 0.5, 'tikh': 0.1, 'option': 3, 'Normalization': 1}. Best is trial 40 with value: 0.0005719184021472756.
[I 2025-11-21 02:34:59,676] Trial 388 finished with value: 15.747482535822655 and parameters: {'n_units': 1000, 'alpha': 1.0, 'sigma_in': 0.5, 'rho': 0.6, 'tikh': 0.1, 'option': 3, 'Normalization': 1}. Best is trial 40 with value: 0.0005719184021472756.
[I 2025-11-21 02:35:44,143] Trial 389 finished with value: 5129.248431396484 and parameters: {'n_units': 1000, 'alpha': 1.0, 'sigma_in': 0.5, 'rho': 0.5, 'tikh': 1e-05, 'option': 3, 'Normalization': 1}. Best is trial 40 with value: 0.0005719184021472756.
[I 2025-11-21 02:36:32,424] Trial 390 finished with value: 0.0013266342855786206 and parameters: {'n_units': 1000, 'alpha': 1.0, 'sigma_in': 0.5, 'rho': 0.5, 'tikh': 0.1, 'option': 3, 'Normalization': 1}. Best is trial 40 with value: 0.0005719184021472756.
[I 2025-11-21 02:37:20,412] Trial 391 finished with value: 0.013336917808192083 and parameters: {'n_units': 1000, 'alpha': 0.9, 'sigma_in': 0.5, 'rho': 0.5, 'tikh': 0.1, 'option': 3, 'Normalization': 1}. Best is trial 40 with value: 0.0005719184021472756.
[I 2025-11-21 02:38:07,681] Trial 392 finished with value: 0.0020833357972151133 and parameters: {'n_units': 1000, 'alpha': 1.0, 'sigma_in': 0.5, 'rho': 0.5, 'tikh': 0.1, 'option': 3, 'Normalization': 1}. Best is trial 40 with value: 0.0005719184021472756.
[I 2025-11-21 02:38:53,578] Trial 393 finished with value: 0.001931596003123559 and parameters: {'n_units': 1000, 'alpha': 1.0, 'sigma_in': 0.5, 'rho': 0.4, 'tikh': 0.1, 'option': 3, 'Normalization': 1}. Best is trial 40 with value: 0.0005719184021472756.
[I 2025-11-21 02:39:41,647] Trial 394 finished with value: 409.90492011049065 and parameters: {'n_units': 1000, 'alpha': 1.0, 'sigma_in': 0.4, 'rho': 0.5, 'tikh': 0.1, 'option': 4, 'Normalization': 1}. Best is trial 40 with value: 0.0005719184021472756.
[I 2025-11-21 02:40:32,372] Trial 395 finished with value: 39794.71584243774 and parameters: {'n_units': 1000, 'alpha': 1.0, 'sigma_in': 0.6, 'rho': 0.5, 'tikh': 0.0001, 'option': 3, 'Normalization': 1}. Best is trial 40 with value: 0.0005719184021472756.
[I 2025-11-21 02:41:22,752] Trial 396 finished with value: 0.002840416372055188 and parameters: {'n_units': 1000, 'alpha': 1.0, 'sigma_in': 0.5, 'rho': 0.5, 'tikh': 0.1, 'option': 3, 'Normalization': 1}. Best is trial 40 with value: 0.0005719184021472756.
[I 2025-11-21 02:42:18,050] Trial 397 finished with value: 0.0025361542560858653 and parameters: {'n_units': 1000, 'alpha': 1.0, 'sigma_in': 0.5, 'rho': 0.5, 'tikh': 0.1, 'option': 3, 'Normalization': 1}. Best is trial 40 with value: 0.0005719184021472756.
[I 2025-11-21 02:43:05,521] Trial 398 finished with value: 0.011914518228149974 and parameters: {'n_units': 1000, 'alpha': 1.0, 'sigma_in': 0.5, 'rho': 0.6, 'tikh': 0.1, 'option': 3, 'Normalization': 1}. Best is trial 40 with value: 0.0005719184021472756.
[I 2025-11-21 02:43:54,652] Trial 399 finished with value: 0.0011870304224430583 and parameters: {'n_units': 1000, 'alpha': 1.0, 'sigma_in': 0.5, 'rho': 0.5, 'tikh': 0.1, 'option': 3, 'Normalization': 1}. Best is trial 40 with value: 0.0005719184021472756.
[I 2025-11-21 02:44:43,882] Trial 400 finished with value: 0.0024011074056033976 and parameters: {'n_units': 1000, 'alpha': 1.0, 'sigma_in': 0.5, 'rho': 0.5, 'tikh': 0.1, 'option': 3, 'Normalization': 1}. Best is trial 40 with value: 0.0005719184021472756.
[I 2025-11-21 02:45:33,356] Trial 401 finished with value: 0.016690886448486708 and parameters: {'n_units': 1000, 'alpha': 1.0, 'sigma_in': 0.5, 'rho': 0.5, 'tikh': 0.1, 'option': 3, 'Normalization': 1}. Best is trial 40 with value: 0.0005719184021472756.
[I 2025-11-21 02:46:21,471] Trial 402 finished with value: 0.0073839866556227205 and parameters: {'n_units': 1000, 'alpha': 1.0, 'sigma_in': 0.4, 'rho': 0.5, 'tikh': 0.1, 'option': 3, 'Normalization': 1}. Best is trial 40 with value: 0.0005719184021472756.
[I 2025-11-21 02:47:13,308] Trial 403 finished with value: 36.41590284709819 and parameters: {'n_units': 1000, 'alpha': 1.0, 'sigma_in': 0.6, 'rho': 0.5, 'tikh': 0.1, 'option': 3, 'Normalization': 1}. Best is trial 40 with value: 0.0005719184021472756.
[I 2025-11-21 02:48:03,100] Trial 404 finished with value: 0.00985296492726775 and parameters: {'n_units': 1000, 'alpha': 1.0, 'sigma_in': 0.30000000000000004, 'rho': 0.4, 'tikh': 0.1, 'option': 3, 'Normalization': 1}. Best is trial 40 with value: 0.0005719184021472756.
[I 2025-11-21 02:48:53,680] Trial 405 finished with value: 6368.337208557129 and parameters: {'n_units': 1000, 'alpha': 0.9, 'sigma_in': 0.5, 'rho': 0.5, 'tikh': 0.001, 'option': 3, 'Normalization': 1}. Best is trial 40 with value: 0.0005719184021472756.
[I 2025-11-21 02:49:47,522] Trial 406 finished with value: 1348.749537685501 and parameters: {'n_units': 1000, 'alpha': 0.1, 'sigma_in': 0.8, 'rho': 0.5, 'tikh': 0.1, 'option': 3, 'Normalization': 1}. Best is trial 40 with value: 0.0005719184021472756.
[I 2025-11-21 02:51:13,932] Trial 407 finished with value: 4154.024578666687 and parameters: {'n_units': 3000, 'alpha': 0.8, 'sigma_in': 0.5, 'rho': 0.6, 'tikh': 0.1, 'option': 5, 'Normalization': 1}. Best is trial 40 with value: 0.0005719184021472756.
[I 2025-11-21 02:52:07,053] Trial 408 finished with value: 0.0023474551149774924 and parameters: {'n_units': 1000, 'alpha': 1.0, 'sigma_in': 0.5, 'rho': 0.4, 'tikh': 0.1, 'option': 3, 'Normalization': 1}. Best is trial 40 with value: 0.0005719184021472756.
[I 2025-11-21 02:52:55,518] Trial 409 finished with value: 0.0033475303182058267 and parameters: {'n_units': 1000, 'alpha': 1.0, 'sigma_in': 0.5, 'rho': 0.5, 'tikh': 0.1, 'option': 3, 'Normalization': 1}. Best is trial 40 with value: 0.0005719184021472756.
[I 2025-11-21 02:53:43,618] Trial 410 finished with value: 0.22647546082735062 and parameters: {'n_units': 1000, 'alpha': 0.2, 'sigma_in': 0.5, 'rho': 0.5, 'tikh': 0.1, 'option': 3, 'Normalization': 1}. Best is trial 40 with value: 0.0005719184021472756.
[I 2025-11-21 02:54:31,199] Trial 411 finished with value: 8116.586619186402 and parameters: {'n_units': 1000, 'alpha': 1.0, 'sigma_in': 0.5, 'rho': 0.5, 'tikh': 0.01, 'option': 3, 'Normalization': 1}. Best is trial 40 with value: 0.0005719184021472756.
[I 2025-11-21 02:55:20,999] Trial 412 finished with value: 0.0022588779916986822 and parameters: {'n_units': 1000, 'alpha': 1.0, 'sigma_in': 0.5, 'rho': 0.5, 'tikh': 0.1, 'option': 3, 'Normalization': 1}. Best is trial 40 with value: 0.0005719184021472756.
[I 2025-11-21 02:56:12,760] Trial 413 finished with value: 0.0017940894322237 and parameters: {'n_units': 1000, 'alpha': 1.0, 'sigma_in': 0.5, 'rho': 0.5, 'tikh': 0.1, 'option': 3, 'Normalization': 1}. Best is trial 40 with value: 0.0005719184021472756.
[I 2025-11-21 02:57:03,814] Trial 414 finished with value: 0.022204461600631477 and parameters: {'n_units': 1000, 'alpha': 0.7000000000000001, 'sigma_in': 0.4, 'rho': 0.5, 'tikh': 0.1, 'option': 3, 'Normalization': 1}. Best is trial 40 with value: 0.0005719184021472756.
[I 2025-11-21 02:57:51,541] Trial 415 finished with value: 3.4444728190366734 and parameters: {'n_units': 1000, 'alpha': 1.0, 'sigma_in': 0.5, 'rho': 0.6, 'tikh': 0.1, 'option': 3, 'Normalization': 1}. Best is trial 40 with value: 0.0005719184021472756.
[I 2025-11-21 02:58:40,311] Trial 416 finished with value: 5933.738829040527 and parameters: {'n_units': 1000, 'alpha': 1.0, 'sigma_in': 0.5, 'rho': 0.5, 'tikh': 1e-05, 'option': 4, 'Normalization': 1}. Best is trial 40 with value: 0.0005719184021472756.
[I 2025-11-21 02:59:31,816] Trial 417 finished with value: 0.003680205135606229 and parameters: {'n_units': 1000, 'alpha': 1.0, 'sigma_in': 0.5, 'rho': 0.5, 'tikh': 0.1, 'option': 3, 'Normalization': 1}. Best is trial 40 with value: 0.0005719184021472756.
[I 2025-11-21 03:00:23,992] Trial 418 finished with value: 0.004526964476099238 and parameters: {'n_units': 1000, 'alpha': 0.9, 'sigma_in': 0.5, 'rho': 0.5, 'tikh': 0.1, 'option': 3, 'Normalization': 1}. Best is trial 40 with value: 0.0005719184021472756.
[I 2025-11-21 03:01:19,061] Trial 419 finished with value: 4.357879297960517 and parameters: {'n_units': 1000, 'alpha': 1.0, 'sigma_in': 0.6, 'rho': 0.4, 'tikh': 0.1, 'option': 3, 'Normalization': 1}. Best is trial 40 with value: 0.0005719184021472756.
[I 2025-11-21 03:02:09,665] Trial 420 finished with value: 0.002929617019253783 and parameters: {'n_units': 1000, 'alpha': 1.0, 'sigma_in': 0.5, 'rho': 0.5, 'tikh': 0.1, 'option': 3, 'Normalization': 1}. Best is trial 40 with value: 0.0005719184021472756.
[I 2025-11-21 03:02:56,949] Trial 421 finished with value: 20638398.806115724 and parameters: {'n_units': 1000, 'alpha': 1.0, 'sigma_in': 0.5, 'rho': 0.5, 'tikh': 0.0001, 'option': 3, 'Normalization': 1}. Best is trial 40 with value: 0.0005719184021472756.
[I 2025-11-21 03:03:42,679] Trial 422 finished with value: 0.0072741333686281 and parameters: {'n_units': 1000, 'alpha': 1.0, 'sigma_in': 0.5, 'rho': 0.5, 'tikh': 0.1, 'option': 3, 'Normalization': 1}. Best is trial 40 with value: 0.0005719184021472756.
[I 2025-11-21 03:04:33,721] Trial 423 finished with value: 0.002513175201966078 and parameters: {'n_units': 1000, 'alpha': 1.0, 'sigma_in': 0.5, 'rho': 0.5, 'tikh': 0.1, 'option': 3, 'Normalization': 1}. Best is trial 40 with value: 0.0005719184021472756.
[I 2025-11-21 03:05:21,096] Trial 424 finished with value: 0.0033045688218408032 and parameters: {'n_units': 1000, 'alpha': 1.0, 'sigma_in': 0.5, 'rho': 0.5, 'tikh': 0.1, 'option': 3, 'Normalization': 1}. Best is trial 40 with value: 0.0005719184021472756.
[I 2025-11-21 03:06:39,481] Trial 425 finished with value: 10099.183953475953 and parameters: {'n_units': 3000, 'alpha': 1.0, 'sigma_in': 0.5, 'rho': 0.4, 'tikh': 0.1, 'option': 3, 'Normalization': 1}. Best is trial 40 with value: 0.0005719184021472756.
[I 2025-11-21 03:07:29,856] Trial 426 finished with value: 4.671327593436581 and parameters: {'n_units': 1000, 'alpha': 1.0, 'sigma_in': 0.5, 'rho': 0.5, 'tikh': 0.1, 'option': 3, 'Normalization': 1}. Best is trial 40 with value: 0.0005719184021472756.
[I 2025-11-21 03:08:19,632] Trial 427 finished with value: 2407.7713218688964 and parameters: {'n_units': 1000, 'alpha': 0.9, 'sigma_in': 0.5, 'rho': 0.5, 'tikh': 0.001, 'option': 3, 'Normalization': 1}. Best is trial 40 with value: 0.0005719184021472756.
[I 2025-11-21 03:09:09,200] Trial 428 finished with value: 145.00636969796324 and parameters: {'n_units': 1000, 'alpha': 1.0, 'sigma_in': 0.6, 'rho': 0.6, 'tikh': 0.1, 'option': 3, 'Normalization': 1}. Best is trial 40 with value: 0.0005719184021472756.
[I 2025-11-21 03:09:59,097] Trial 429 finished with value: 8220.564337830758 and parameters: {'n_units': 1000, 'alpha': 1.0, 'sigma_in': 0.5, 'rho': 0.5, 'tikh': 0.1, 'option': 5, 'Normalization': 1}. Best is trial 40 with value: 0.0005719184021472756.
[I 2025-11-21 03:10:46,786] Trial 430 finished with value: 0.006523658777587116 and parameters: {'n_units': 1000, 'alpha': 1.0, 'sigma_in': 0.4, 'rho': 0.5, 'tikh': 0.1, 'option': 3, 'Normalization': 1}. Best is trial 40 with value: 0.0005719184021472756.
[I 2025-11-21 03:11:38,998] Trial 431 finished with value: 0.0023257939639734103 and parameters: {'n_units': 1000, 'alpha': 1.0, 'sigma_in': 0.5, 'rho': 0.5, 'tikh': 0.1, 'option': 3, 'Normalization': 1}. Best is trial 40 with value: 0.0005719184021472756.
[I 2025-11-21 03:12:25,595] Trial 432 finished with value: 0.0010175661787798162 and parameters: {'n_units': 1000, 'alpha': 1.0, 'sigma_in': 0.5, 'rho': 0.5, 'tikh': 0.1, 'option': 3, 'Normalization': 1}. Best is trial 40 with value: 0.0005719184021472756.
[I 2025-11-21 03:13:15,550] Trial 433 finished with value: 0.0018380004452410504 and parameters: {'n_units': 1000, 'alpha': 1.0, 'sigma_in': 0.5, 'rho': 0.5, 'tikh': 0.1, 'option': 3, 'Normalization': 1}. Best is trial 40 with value: 0.0005719184021472756.
[I 2025-11-21 03:14:07,637] Trial 434 finished with value: 0.0020012111905089113 and parameters: {'n_units': 1000, 'alpha': 1.0, 'sigma_in': 0.5, 'rho': 0.5, 'tikh': 0.1, 'option': 3, 'Normalization': 1}. Best is trial 40 with value: 0.0005719184021472756.
[I 2025-11-21 03:14:56,115] Trial 435 finished with value: 0.002982421877095476 and parameters: {'n_units': 1000, 'alpha': 1.0, 'sigma_in': 0.5, 'rho': 0.5, 'tikh': 0.1, 'option': 3, 'Normalization': 1}. Best is trial 40 with value: 0.0005719184021472756.
[I 2025-11-21 03:15:42,769] Trial 436 finished with value: 7697.26982421875 and parameters: {'n_units': 1000, 'alpha': 1.0, 'sigma_in': 0.6, 'rho': 0.5, 'tikh': 0.01, 'option': 3, 'Normalization': 1}. Best is trial 40 with value: 0.0005719184021472756.
[I 2025-11-21 03:16:32,136] Trial 437 finished with value: 0.0015122536668968679 and parameters: {'n_units': 1000, 'alpha': 1.0, 'sigma_in': 0.5, 'rho': 0.5, 'tikh': 0.1, 'option': 3, 'Normalization': 1}. Best is trial 40 with value: 0.0005719184021472756.
[I 2025-11-21 03:17:22,100] Trial 438 finished with value: 0.003471624173107557 and parameters: {'n_units': 1000, 'alpha': 0.9, 'sigma_in': 0.5, 'rho': 0.5, 'tikh': 0.1, 'option': 3, 'Normalization': 1}. Best is trial 40 with value: 0.0005719184021472756.
[I 2025-11-21 03:18:13,934] Trial 439 finished with value: 106.94556682741386 and parameters: {'n_units': 1000, 'alpha': 1.0, 'sigma_in': 0.4, 'rho': 0.5, 'tikh': 0.1, 'option': 4, 'Normalization': 1}. Best is trial 40 with value: 0.0005719184021472756.
[I 2025-11-21 03:18:59,122] Trial 440 finished with value: 0.0025654926721472293 and parameters: {'n_units': 1000, 'alpha': 1.0, 'sigma_in': 0.5, 'rho': 0.5, 'tikh': 0.1, 'option': 3, 'Normalization': 1}. Best is trial 40 with value: 0.0005719184021472756.
[I 2025-11-21 03:19:49,391] Trial 441 finished with value: 0.0021044366934802384 and parameters: {'n_units': 1000, 'alpha': 1.0, 'sigma_in': 0.5, 'rho': 0.5, 'tikh': 0.1, 'option': 3, 'Normalization': 1}. Best is trial 40 with value: 0.0005719184021472756.
[I 2025-11-21 03:20:40,919] Trial 442 finished with value: 0.0022399877198040485 and parameters: {'n_units': 1000, 'alpha': 1.0, 'sigma_in': 0.5, 'rho': 0.5, 'tikh': 0.1, 'option': 3, 'Normalization': 1}. Best is trial 40 with value: 0.0005719184021472756.
[I 2025-11-21 03:21:31,060] Trial 443 finished with value: 0.0017918992671184242 and parameters: {'n_units': 1000, 'alpha': 1.0, 'sigma_in': 0.5, 'rho': 0.5, 'tikh': 0.1, 'option': 3, 'Normalization': 1}. Best is trial 40 with value: 0.0005719184021472756.
[I 2025-11-21 03:22:22,028] Trial 444 finished with value: 0.0023075396224157886 and parameters: {'n_units': 1000, 'alpha': 1.0, 'sigma_in': 0.5, 'rho': 0.5, 'tikh': 0.1, 'option': 3, 'Normalization': 1}. Best is trial 40 with value: 0.0005719184021472756.
[I 2025-11-21 03:23:37,417] Trial 445 finished with value: 54065.61233978272 and parameters: {'n_units': 3000, 'alpha': 1.0, 'sigma_in': 0.5, 'rho': 0.5, 'tikh': 1e-05, 'option': 3, 'Normalization': 1}. Best is trial 40 with value: 0.0005719184021472756.
[I 2025-11-21 03:24:23,135] Trial 446 finished with value: 0.2302842671982944 and parameters: {'n_units': 1000, 'alpha': 0.9, 'sigma_in': 0.5, 'rho': 0.5, 'tikh': 0.1, 'option': 3, 'Normalization': 1}. Best is trial 40 with value: 0.0005719184021472756.
[I 2025-11-21 03:25:11,227] Trial 447 finished with value: 0.003720588210853748 and parameters: {'n_units': 1000, 'alpha': 0.8, 'sigma_in': 0.5, 'rho': 0.5, 'tikh': 0.1, 'option': 3, 'Normalization': 1}. Best is trial 40 with value: 0.0005719184021472756.
[I 2025-11-21 03:26:01,130] Trial 448 finished with value: 161112.3133239746 and parameters: {'n_units': 1000, 'alpha': 1.0, 'sigma_in': 0.5, 'rho': 0.5, 'tikh': 0.0001, 'option': 3, 'Normalization': 1}. Best is trial 40 with value: 0.0005719184021472756.
[I 2025-11-21 03:26:51,366] Trial 449 finished with value: 17.217438256394235 and parameters: {'n_units': 1000, 'alpha': 1.0, 'sigma_in': 0.6, 'rho': 0.5, 'tikh': 0.1, 'option': 3, 'Normalization': 1}. Best is trial 40 with value: 0.0005719184021472756.
[I 2025-11-21 03:27:37,937] Trial 450 finished with value: 0.005114222364500165 and parameters: {'n_units': 1000, 'alpha': 1.0, 'sigma_in': 0.4, 'rho': 0.5, 'tikh': 0.1, 'option': 3, 'Normalization': 1}. Best is trial 40 with value: 0.0005719184021472756.
[I 2025-11-21 03:28:22,714] Trial 451 finished with value: 0.0015680437063565478 and parameters: {'n_units': 1000, 'alpha': 1.0, 'sigma_in': 0.5, 'rho': 0.5, 'tikh': 0.1, 'option': 3, 'Normalization': 1}. Best is trial 40 with value: 0.0005719184021472756.
[I 2025-11-21 03:29:12,070] Trial 452 finished with value: 0.09578271023929119 and parameters: {'n_units': 1000, 'alpha': 1.0, 'sigma_in': 0.2, 'rho': 0.5, 'tikh': 0.1, 'option': 3, 'Normalization': 1}. Best is trial 40 with value: 0.0005719184021472756.
[I 2025-11-21 03:29:59,698] Trial 453 finished with value: 515.5681590557099 and parameters: {'n_units': 1000, 'alpha': 1.0, 'sigma_in': 0.5, 'rho': 0.5, 'tikh': 0.1, 'option': 5, 'Normalization': 1}. Best is trial 40 with value: 0.0005719184021472756.
[I 2025-11-21 03:30:49,996] Trial 454 finished with value: 42824.80288543701 and parameters: {'n_units': 1000, 'alpha': 1.0, 'sigma_in': 0.5, 'rho': 0.5, 'tikh': 0.001, 'option': 3, 'Normalization': 1}. Best is trial 40 with value: 0.0005719184021472756.
[I 2025-11-21 03:31:39,526] Trial 455 finished with value: 0.3748523410846246 and parameters: {'n_units': 1000, 'alpha': 1.0, 'sigma_in': 0.5, 'rho': 0.6, 'tikh': 0.1, 'option': 3, 'Normalization': 1}. Best is trial 40 with value: 0.0005719184021472756.
[I 2025-11-21 03:32:25,577] Trial 456 finished with value: 0.007813550159335136 and parameters: {'n_units': 1000, 'alpha': 1.0, 'sigma_in': 0.5, 'rho': 0.5, 'tikh': 0.1, 'option': 3, 'Normalization': 1}. Best is trial 40 with value: 0.0005719184021472756.
[I 2025-11-21 03:33:11,661] Trial 457 finished with value: 0.00449118472461123 and parameters: {'n_units': 1000, 'alpha': 0.9, 'sigma_in': 0.5, 'rho': 0.5, 'tikh': 0.1, 'option': 3, 'Normalization': 1}. Best is trial 40 with value: 0.0005719184021472756.
[I 2025-11-21 03:33:57,658] Trial 458 finished with value: 0.0025969762937165797 and parameters: {'n_units': 1000, 'alpha': 1.0, 'sigma_in': 0.5, 'rho': 0.5, 'tikh': 0.1, 'option': 3, 'Normalization': 1}. Best is trial 40 with value: 0.0005719184021472756.
[I 2025-11-21 03:34:45,081] Trial 459 finished with value: 0.00823833595495671 and parameters: {'n_units': 1000, 'alpha': 1.0, 'sigma_in': 0.4, 'rho': 0.5, 'tikh': 0.1, 'option': 3, 'Normalization': 1}. Best is trial 40 with value: 0.0005719184021472756.
[I 2025-11-21 03:35:33,502] Trial 460 finished with value: 5.467931728837721 and parameters: {'n_units': 1000, 'alpha': 1.0, 'sigma_in': 0.6, 'rho': 0.5, 'tikh': 0.1, 'option': 3, 'Normalization': 1}. Best is trial 40 with value: 0.0005719184021472756.
[I 2025-11-21 03:36:25,324] Trial 461 finished with value: 0.002945747319608927 and parameters: {'n_units': 1000, 'alpha': 1.0, 'sigma_in': 0.5, 'rho': 0.5, 'tikh': 0.1, 'option': 3, 'Normalization': 1}. Best is trial 40 with value: 0.0005719184021472756.
[I 2025-11-21 03:37:12,989] Trial 462 finished with value: 15.100339758768678 and parameters: {'n_units': 1000, 'alpha': 0.30000000000000004, 'sigma_in': 0.5, 'rho': 0.5, 'tikh': 0.1, 'option': 4, 'Normalization': 1}. Best is trial 40 with value: 0.0005719184021472756.
[I 2025-11-21 03:38:02,460] Trial 463 finished with value: 11810.316162109375 and parameters: {'n_units': 1000, 'alpha': 1.0, 'sigma_in': 0.5, 'rho': 0.6, 'tikh': 0.01, 'option': 3, 'Normalization': 1}. Best is trial 40 with value: 0.0005719184021472756.
[I 2025-11-21 03:38:51,249] Trial 464 finished with value: 0.0021239394382064347 and parameters: {'n_units': 1000, 'alpha': 1.0, 'sigma_in': 0.5, 'rho': 0.5, 'tikh': 0.1, 'option': 3, 'Normalization': 1}. Best is trial 40 with value: 0.0005719184021472756.
[I 2025-11-21 03:39:39,771] Trial 465 finished with value: 0.003092725540045649 and parameters: {'n_units': 1000, 'alpha': 1.0, 'sigma_in': 0.5, 'rho': 0.5, 'tikh': 0.1, 'option': 3, 'Normalization': 1}. Best is trial 40 with value: 0.0005719184021472756.
[I 2025-11-21 03:40:29,565] Trial 466 finished with value: 0.001700618707400281 and parameters: {'n_units': 1000, 'alpha': 1.0, 'sigma_in': 0.5, 'rho': 0.5, 'tikh': 0.1, 'option': 3, 'Normalization': 1}. Best is trial 40 with value: 0.0005719184021472756.
[I 2025-11-21 03:41:47,282] Trial 467 finished with value: 848.4854175567627 and parameters: {'n_units': 3000, 'alpha': 1.0, 'sigma_in': 0.5, 'rho': 0.5, 'tikh': 0.1, 'option': 3, 'Normalization': 1}. Best is trial 40 with value: 0.0005719184021472756.
[I 2025-11-21 03:42:35,314] Trial 468 finished with value: 0.015678957710042594 and parameters: {'n_units': 1000, 'alpha': 0.6, 'sigma_in': 0.5, 'rho': 0.5, 'tikh': 0.1, 'option': 3, 'Normalization': 1}. Best is trial 40 with value: 0.0005719184021472756.
[I 2025-11-21 03:43:22,825] Trial 469 finished with value: 158616.66686019898 and parameters: {'n_units': 1000, 'alpha': 1.0, 'sigma_in': 0.4, 'rho': 0.5, 'tikh': 1e-05, 'option': 3, 'Normalization': 1}. Best is trial 40 with value: 0.0005719184021472756.
[I 2025-11-21 03:44:11,689] Trial 470 finished with value: 0.004543485247995705 and parameters: {'n_units': 1000, 'alpha': 1.0, 'sigma_in': 0.5, 'rho': 0.5, 'tikh': 0.1, 'option': 3, 'Normalization': 1}. Best is trial 40 with value: 0.0005719184021472756.
[I 2025-11-21 03:45:00,250] Trial 471 finished with value: 2.194331670505926 and parameters: {'n_units': 1000, 'alpha': 1.0, 'sigma_in': 0.5, 'rho': 0.5, 'tikh': 0.1, 'option': 3, 'Normalization': 1}. Best is trial 40 with value: 0.0005719184021472756.
