[I 2025-11-20 18:28:23,219] Trial 124 finished with value: 0.001154972135554999 and parameters: {'n_units': 1000, 'alpha': 1.0, 'sigma_in': 0.30000000000000004, 'rho': 0.4, 'tikh': 0.1, 'option': 3, 'Normalization': 1}. Best is trial 98 with value: 0.00044541127354023045.
[I 2025-11-20 18:30:21,411] Trial 100 finished with value: 45.00410710545257 and parameters: {'n_units': 1000, 'alpha': 0.9, 'sigma_in': 0.6, 'rho': 0.5, 'tikh': 0.1, 'option': 4, 'Normalization': 1}. Best is trial 40 with value: 0.0005719184021472756.
[I 2025-11-20 18:34:02,523] Trial 125 finished with value: 0.0018406472270726226 and parameters: {'n_units': 1000, 'alpha': 0.9, 'sigma_in': 0.30000000000000004, 'rho': 0.5, 'tikh': 0.1, 'option': 3, 'Normalization': 1}. Best is trial 98 with value: 0.00044541127354023045.
[I 2025-11-20 18:35:29,073] Trial 101 finished with value: 0.0020852680318057537 and parameters: {'n_units': 1000, 'alpha': 1.0, 'sigma_in': 0.5, 'rho': 0.30000000000000004, 'tikh': 0.1, 'option': 3, 'Normalization': 1}. Best is trial 40 with value: 0.0005719184021472756.
[I 2025-11-20 18:39:30,904] Trial 126 finished with value: 0.0019102357455267338 and parameters: {'n_units': 1000, 'alpha': 1.0, 'sigma_in': 0.30000000000000004, 'rho': 0.4, 'tikh': 0.1, 'option': 3, 'Normalization': 1}. Best is trial 98 with value: 0.00044541127354023045.
[I 2025-11-20 18:40:50,528] Trial 102 finished with value: 0.0026916638773400335 and parameters: {'n_units': 1000, 'alpha': 1.0, 'sigma_in': 0.5, 'rho': 0.30000000000000004, 'tikh': 0.1, 'option': 3, 'Normalization': 1}. Best is trial 40 with value: 0.0005719184021472756.
[I 2025-11-20 18:44:54,153] Trial 127 finished with value: 10565.865171051026 and parameters: {'n_units': 1000, 'alpha': 0.9, 'sigma_in': 0.2, 'rho': 0.4, 'tikh': 0.001, 'option': 3, 'Normalization': 1}. Best is trial 98 with value: 0.00044541127354023045.
[I 2025-11-20 18:45:20,758] Trial 103 finished with value: 0.002187161735491827 and parameters: {'n_units': 1000, 'alpha': 1.0, 'sigma_in': 0.5, 'rho': 0.30000000000000004, 'tikh': 0.1, 'option': 3, 'Normalization': 1}. Best is trial 40 with value: 0.0005719184021472756.
[I 2025-11-20 18:48:59,684] Trial 104 finished with value: 0.003494819684419781 and parameters: {'n_units': 1000, 'alpha': 1.0, 'sigma_in': 0.4, 'rho': 0.2, 'tikh': 0.1, 'option': 3, 'Normalization': 1}. Best is trial 40 with value: 0.0005719184021472756.
[I 2025-11-20 18:49:13,615] Trial 128 finished with value: 0.0018395383580354975 and parameters: {'n_units': 1000, 'alpha': 0.9, 'sigma_in': 0.30000000000000004, 'rho': 0.4, 'tikh': 0.1, 'option': 3, 'Normalization': 1}. Best is trial 98 with value: 0.00044541127354023045.
[I 2025-11-20 18:54:10,236] Trial 105 finished with value: 4425.222354221344 and parameters: {'n_units': 1000, 'alpha': 1.0, 'sigma_in': 0.5, 'rho': 0.2, 'tikh': 0.01, 'option': 3, 'Normalization': 1}. Best is trial 40 with value: 0.0005719184021472756.
[I 2025-11-20 18:59:19,846] Trial 106 finished with value: 0.0024296881281770768 and parameters: {'n_units': 1000, 'alpha': 1.0, 'sigma_in': 0.5, 'rho': 0.30000000000000004, 'tikh': 0.1, 'option': 3, 'Normalization': 1}. Best is trial 40 with value: 0.0005719184021472756.
[I 2025-11-20 19:04:22,778] Trial 107 finished with value: 105.29561496526003 and parameters: {'n_units': 1000, 'alpha': 0.9, 'sigma_in': 0.5, 'rho': 1.0, 'tikh': 0.1, 'option': 3, 'Normalization': 1}. Best is trial 40 with value: 0.0005719184021472756.
[I 2025-11-20 19:08:30,166] Trial 129 finished with value: 566.2531648635864 and parameters: {'n_units': 3000, 'alpha': 1.0, 'sigma_in': 0.30000000000000004, 'rho': 0.5, 'tikh': 0.1, 'option': 3, 'Normalization': 1}. Best is trial 98 with value: 0.00044541127354023045.
[I 2025-11-20 19:09:33,249] Trial 108 finished with value: 153.16106054564662 and parameters: {'n_units': 1000, 'alpha': 1.0, 'sigma_in': 0.6, 'rho': 0.5, 'tikh': 0.1, 'option': 3, 'Normalization': 1}. Best is trial 40 with value: 0.0005719184021472756.
[I 2025-11-20 19:13:35,613] Trial 130 finished with value: 0.0012769951019436121 and parameters: {'n_units': 1000, 'alpha': 0.9, 'sigma_in': 0.30000000000000004, 'rho': 0.4, 'tikh': 0.1, 'option': 3, 'Normalization': 1}. Best is trial 98 with value: 0.00044541127354023045.
[I 2025-11-20 19:14:15,785] Trial 109 finished with value: 8356.315086364746 and parameters: {'n_units': 1000, 'alpha': 1.0, 'sigma_in': 0.4, 'rho': 0.4, 'tikh': 1e-05, 'option': 3, 'Normalization': 1}. Best is trial 40 with value: 0.0005719184021472756.
[I 2025-11-20 19:19:25,021] Trial 131 finished with value: 0.0020622836254915455 and parameters: {'n_units': 1000, 'alpha': 0.9, 'sigma_in': 0.30000000000000004, 'rho': 0.4, 'tikh': 0.1, 'option': 3, 'Normalization': 1}. Best is trial 98 with value: 0.00044541127354023045.
[I 2025-11-20 19:19:25,629] Trial 110 finished with value: 0.002785734440476517 and parameters: {'n_units': 1000, 'alpha': 0.9, 'sigma_in': 0.5, 'rho': 0.5, 'tikh': 0.1, 'option': 3, 'Normalization': 1}. Best is trial 40 with value: 0.0005719184021472756.
[I 2025-11-20 19:23:07,909] Trial 111 finished with value: 0.0025142714264802636 and parameters: {'n_units': 1000, 'alpha': 1.0, 'sigma_in': 0.5, 'rho': 0.30000000000000004, 'tikh': 0.1, 'option': 3, 'Normalization': 1}. Best is trial 40 with value: 0.0005719184021472756.
[I 2025-11-20 19:23:16,028] Trial 132 finished with value: 0.0009651686428696849 and parameters: {'n_units': 1000, 'alpha': 0.9, 'sigma_in': 0.30000000000000004, 'rho': 0.4, 'tikh': 0.1, 'option': 3, 'Normalization': 1}. Best is trial 98 with value: 0.00044541127354023045.
[I 2025-11-20 19:28:24,981] Trial 112 finished with value: 0.0023937159043271095 and parameters: {'n_units': 1000, 'alpha': 1.0, 'sigma_in': 0.5, 'rho': 0.30000000000000004, 'tikh': 0.1, 'option': 3, 'Normalization': 1}. Best is trial 40 with value: 0.0005719184021472756.
[I 2025-11-20 19:29:08,115] Trial 133 finished with value: 0.0008392177256610012 and parameters: {'n_units': 1000, 'alpha': 0.9, 'sigma_in': 0.30000000000000004, 'rho': 0.30000000000000004, 'tikh': 0.1, 'option': 3, 'Normalization': 1}. Best is trial 98 with value: 0.00044541127354023045.
[I 2025-11-20 19:32:41,105] Trial 113 finished with value: 0.0022275662631727755 and parameters: {'n_units': 1000, 'alpha': 1.0, 'sigma_in': 0.5, 'rho': 0.30000000000000004, 'tikh': 0.1, 'option': 3, 'Normalization': 1}. Best is trial 40 with value: 0.0005719184021472756.
[I 2025-11-20 19:34:28,151] Trial 134 finished with value: 0.0030528782430337743 and parameters: {'n_units': 1000, 'alpha': 0.9, 'sigma_in': 0.2, 'rho': 0.30000000000000004, 'tikh': 0.1, 'option': 3, 'Normalization': 1}. Best is trial 98 with value: 0.00044541127354023045.
[I 2025-11-20 19:37:02,788] Trial 114 finished with value: 0.004390492360107601 and parameters: {'n_units': 1000, 'alpha': 1.0, 'sigma_in': 0.4, 'rho': 0.2, 'tikh': 0.1, 'option': 3, 'Normalization': 1}. Best is trial 40 with value: 0.0005719184021472756.
[I 2025-11-20 19:39:12,935] Trial 135 finished with value: 6628.298379182816 and parameters: {'n_units': 1000, 'alpha': 0.9, 'sigma_in': 0.30000000000000004, 'rho': 0.30000000000000004, 'tikh': 0.01, 'option': 3, 'Normalization': 1}. Best is trial 98 with value: 0.00044541127354023045.
[I 2025-11-20 19:41:12,833] Trial 115 finished with value: 0.002918900968506932 and parameters: {'n_units': 1000, 'alpha': 1.0, 'sigma_in': 0.5, 'rho': 0.4, 'tikh': 0.1, 'option': 3, 'Normalization': 1}. Best is trial 40 with value: 0.0005719184021472756.
[I 2025-11-20 19:45:03,942] Trial 136 finished with value: 0.0015330075664678588 and parameters: {'n_units': 1000, 'alpha': 0.9, 'sigma_in': 0.2, 'rho': 0.30000000000000004, 'tikh': 0.1, 'option': 3, 'Normalization': 1}. Best is trial 98 with value: 0.00044541127354023045.
[I 2025-11-20 19:46:27,835] Trial 116 finished with value: 534.432165145874 and parameters: {'n_units': 1000, 'alpha': 1.0, 'sigma_in': 0.6, 'rho': 0.6, 'tikh': 0.1, 'option': 3, 'Normalization': 1}. Best is trial 40 with value: 0.0005719184021472756.
[I 2025-11-20 19:50:23,016] Trial 137 finished with value: 0.0005383998824981973 and parameters: {'n_units': 1000, 'alpha': 0.9, 'sigma_in': 0.30000000000000004, 'rho': 0.2, 'tikh': 0.1, 'option': 3, 'Normalization': 1}. Best is trial 98 with value: 0.00044541127354023045.
[I 2025-11-20 19:51:35,074] Trial 117 finished with value: 221954.36491088866 and parameters: {'n_units': 1000, 'alpha': 1.0, 'sigma_in': 0.5, 'rho': 0.30000000000000004, 'tikh': 0.0001, 'option': 5, 'Normalization': 1}. Best is trial 40 with value: 0.0005719184021472756.
[I 2025-11-20 19:56:06,048] Trial 138 finished with value: 140.68464177846909 and parameters: {'n_units': 1000, 'alpha': 0.9, 'sigma_in': 1.0, 'rho': 0.2, 'tikh': 0.1, 'option': 3, 'Normalization': 1}. Best is trial 98 with value: 0.00044541127354023045.
[I 2025-11-20 19:56:41,655] Trial 118 finished with value: 0.009103691950440407 and parameters: {'n_units': 1000, 'alpha': 0.9, 'sigma_in': 0.4, 'rho': 0.4, 'tikh': 0.1, 'option': 3, 'Normalization': 1}. Best is trial 40 with value: 0.0005719184021472756.
[I 2025-11-20 20:01:56,486] Trial 139 finished with value: 0.03347146259766305 and parameters: {'n_units': 1000, 'alpha': 0.9, 'sigma_in': 0.30000000000000004, 'rho': 0.7000000000000001, 'tikh': 0.1, 'option': 3, 'Normalization': 1}. Best is trial 98 with value: 0.00044541127354023045.
[I 2025-11-20 20:02:19,252] Trial 119 finished with value: 2.1015127667749764 and parameters: {'n_units': 1000, 'alpha': 1.0, 'sigma_in': 0.5, 'rho': 0.5, 'tikh': 0.1, 'option': 3, 'Normalization': 1}. Best is trial 40 with value: 0.0005719184021472756.
[I 2025-11-20 20:07:31,439] Trial 120 finished with value: 1685.9094049453736 and parameters: {'n_units': 1000, 'alpha': 0.2, 'sigma_in': 0.6, 'rho': 0.30000000000000004, 'tikh': 0.001, 'option': 3, 'Normalization': 1}. Best is trial 40 with value: 0.0005719184021472756.
[I 2025-11-20 20:08:03,216] Trial 140 finished with value: 0.5521911602467299 and parameters: {'n_units': 1000, 'alpha': 0.9, 'sigma_in': 0.2, 'rho': 0.2, 'tikh': 0.1, 'option': 5, 'Normalization': 1}. Best is trial 98 with value: 0.00044541127354023045.
[I 2025-11-20 20:12:35,735] Trial 121 finished with value: 0.0024924329190980643 and parameters: {'n_units': 1000, 'alpha': 1.0, 'sigma_in': 0.5, 'rho': 0.30000000000000004, 'tikh': 0.1, 'option': 3, 'Normalization': 1}. Best is trial 40 with value: 0.0005719184021472756.
[I 2025-11-20 20:13:54,562] Trial 141 finished with value: 0.0005851086971233599 and parameters: {'n_units': 1000, 'alpha': 0.9, 'sigma_in': 0.30000000000000004, 'rho': 0.2, 'tikh': 0.1, 'option': 3, 'Normalization': 1}. Best is trial 98 with value: 0.00044541127354023045.
[I 2025-11-20 20:18:00,808] Trial 122 finished with value: 0.14169902093708514 and parameters: {'n_units': 1000, 'alpha': 0.30000000000000004, 'sigma_in': 0.5, 'rho': 0.30000000000000004, 'tikh': 0.1, 'option': 3, 'Normalization': 1}. Best is trial 40 with value: 0.0005719184021472756.
[I 2025-11-20 20:19:45,790] Trial 142 finished with value: 0.0004826240297006734 and parameters: {'n_units': 1000, 'alpha': 0.9, 'sigma_in': 0.30000000000000004, 'rho': 0.2, 'tikh': 0.1, 'option': 3, 'Normalization': 1}. Best is trial 98 with value: 0.00044541127354023045.
[I 2025-11-20 20:23:01,448] Trial 123 finished with value: 0.0016408615934778935 and parameters: {'n_units': 1000, 'alpha': 1.0, 'sigma_in': 0.5, 'rho': 0.5, 'tikh': 0.1, 'option': 3, 'Normalization': 1}. Best is trial 40 with value: 0.0005719184021472756.
[I 2025-11-20 20:25:32,941] Trial 143 finished with value: 0.0009766201459569857 and parameters: {'n_units': 1000, 'alpha': 0.9, 'sigma_in': 0.30000000000000004, 'rho': 0.2, 'tikh': 0.1, 'option': 3, 'Normalization': 1}. Best is trial 98 with value: 0.00044541127354023045.
[I 2025-11-20 20:28:32,825] Trial 124 finished with value: 0.033127560740103944 and parameters: {'n_units': 1000, 'alpha': 1.0, 'sigma_in': 0.5, 'rho': 0.5, 'tikh': 0.1, 'option': 3, 'Normalization': 1}. Best is trial 40 with value: 0.0005719184021472756.
[I 2025-11-20 20:31:40,925] Trial 144 finished with value: 0.00040027984832704535 and parameters: {'n_units': 1000, 'alpha': 0.9, 'sigma_in': 0.30000000000000004, 'rho': 0.2, 'tikh': 0.1, 'option': 3, 'Normalization': 1}. Best is trial 144 with value: 0.00040027984832704535.
[I 2025-11-20 20:33:51,566] Trial 125 finished with value: 0.0027969710645265877 and parameters: {'n_units': 1000, 'alpha': 1.0, 'sigma_in': 0.5, 'rho': 0.5, 'tikh': 0.1, 'option': 3, 'Normalization': 1}. Best is trial 40 with value: 0.0005719184021472756.
[I 2025-11-20 20:37:27,852] Trial 145 finished with value: 0.0007877560958149843 and parameters: {'n_units': 1000, 'alpha': 0.9, 'sigma_in': 0.30000000000000004, 'rho': 0.2, 'tikh': 0.1, 'option': 3, 'Normalization': 1}. Best is trial 144 with value: 0.00040027984832704535.
[I 2025-11-20 20:39:20,414] Trial 126 finished with value: 0.0631405609601643 and parameters: {'n_units': 1000, 'alpha': 0.9, 'sigma_in': 0.5, 'rho': 0.6, 'tikh': 0.1, 'option': 3, 'Normalization': 1}. Best is trial 40 with value: 0.0005719184021472756.
[I 2025-11-20 20:42:50,721] Trial 146 finished with value: 0.000603576664434513 and parameters: {'n_units': 1000, 'alpha': 0.9, 'sigma_in': 0.30000000000000004, 'rho': 0.2, 'tikh': 0.1, 'option': 3, 'Normalization': 1}. Best is trial 144 with value: 0.00040027984832704535.
[I 2025-11-20 20:44:40,407] Trial 127 finished with value: 0.4589374138973653 and parameters: {'n_units': 1000, 'alpha': 1.0, 'sigma_in': 0.4, 'rho': 0.5, 'tikh': 0.1, 'option': 4, 'Normalization': 1}. Best is trial 40 with value: 0.0005719184021472756.
[I 2025-11-20 20:48:53,827] Trial 147 finished with value: 1952.2674184799193 and parameters: {'n_units': 1000, 'alpha': 0.9, 'sigma_in': 0.30000000000000004, 'rho': 0.1, 'tikh': 1e-05, 'option': 3, 'Normalization': 1}. Best is trial 144 with value: 0.00040027984832704535.
[I 2025-11-20 20:49:51,754] Trial 128 finished with value: 325.2614114536671 and parameters: {'n_units': 1000, 'alpha': 1.0, 'sigma_in': 0.6, 'rho': 0.5, 'tikh': 0.1, 'option': 3, 'Normalization': 1}. Best is trial 40 with value: 0.0005719184021472756.
[I 2025-11-20 20:54:48,362] Trial 148 finished with value: 0.0031013803090900183 and parameters: {'n_units': 1000, 'alpha': 0.2, 'sigma_in': 0.30000000000000004, 'rho': 0.2, 'tikh': 0.1, 'option': 3, 'Normalization': 1}. Best is trial 144 with value: 0.00040027984832704535.
[I 2025-11-20 20:55:13,924] Trial 129 finished with value: 10042.082412719727 and parameters: {'n_units': 1000, 'alpha': 1.0, 'sigma_in': 0.5, 'rho': 0.4, 'tikh': 0.01, 'option': 3, 'Normalization': 1}. Best is trial 40 with value: 0.0005719184021472756.
[I 2025-11-20 20:59:23,478] Trial 130 finished with value: 0.002692563779419288 and parameters: {'n_units': 1000, 'alpha': 0.9, 'sigma_in': 0.5, 'rho': 0.5, 'tikh': 0.1, 'option': 3, 'Normalization': 1}. Best is trial 40 with value: 0.0005719184021472756.
[I 2025-11-20 20:59:50,468] Trial 149 finished with value: 0.0006023060837833327 and parameters: {'n_units': 1000, 'alpha': 0.9, 'sigma_in': 0.30000000000000004, 'rho': 0.2, 'tikh': 0.1, 'option': 3, 'Normalization': 1}. Best is trial 144 with value: 0.00040027984832704535.
[I 2025-11-20 21:04:31,579] Trial 131 finished with value: 0.0023174960631877186 and parameters: {'n_units': 1000, 'alpha': 1.0, 'sigma_in': 0.5, 'rho': 0.30000000000000004, 'tikh': 0.1, 'option': 3, 'Normalization': 1}. Best is trial 40 with value: 0.0005719184021472756.
[I 2025-11-20 21:05:42,892] Trial 150 finished with value: 0.002888573636300862 and parameters: {'n_units': 1000, 'alpha': 0.9, 'sigma_in': 0.2, 'rho': 0.2, 'tikh': 0.1, 'option': 3, 'Normalization': 1}. Best is trial 144 with value: 0.00040027984832704535.
[I 2025-11-20 21:08:49,413] Trial 132 finished with value: 0.0034338162862695754 and parameters: {'n_units': 1000, 'alpha': 1.0, 'sigma_in': 0.5, 'rho': 0.30000000000000004, 'tikh': 0.1, 'option': 3, 'Normalization': 1}. Best is trial 40 with value: 0.0005719184021472756.
[I 2025-11-20 21:10:46,328] Trial 151 finished with value: 0.0008214042281906586 and parameters: {'n_units': 1000, 'alpha': 0.9, 'sigma_in': 0.30000000000000004, 'rho': 0.2, 'tikh': 0.1, 'option': 3, 'Normalization': 1}. Best is trial 144 with value: 0.00040027984832704535.
[I 2025-11-20 21:12:26,359] Trial 133 finished with value: 0.0027210967149585486 and parameters: {'n_units': 1000, 'alpha': 1.0, 'sigma_in': 0.5, 'rho': 0.30000000000000004, 'tikh': 0.1, 'option': 3, 'Normalization': 1}. Best is trial 40 with value: 0.0005719184021472756.
[I 2025-11-20 21:14:35,800] Trial 152 finished with value: 0.0006100077509472613 and parameters: {'n_units': 1000, 'alpha': 0.9, 'sigma_in': 0.30000000000000004, 'rho': 0.2, 'tikh': 0.1, 'option': 3, 'Normalization': 1}. Best is trial 144 with value: 0.00040027984832704535.
[I 2025-11-20 21:16:38,406] Trial 134 finished with value: 0.0011476083491288591 and parameters: {'n_units': 1000, 'alpha': 1.0, 'sigma_in': 0.5, 'rho': 0.5, 'tikh': 0.1, 'option': 3, 'Normalization': 1}. Best is trial 40 with value: 0.0005719184021472756.
[I 2025-11-20 21:18:50,630] Trial 153 finished with value: 0.0007300780329387635 and parameters: {'n_units': 1000, 'alpha': 0.9, 'sigma_in': 0.30000000000000004, 'rho': 0.2, 'tikh': 0.1, 'option': 3, 'Normalization': 1}. Best is trial 144 with value: 0.00040027984832704535.
[I 2025-11-20 21:21:06,500] Trial 135 finished with value: 0.007559531883453019 and parameters: {'n_units': 1000, 'alpha': 0.7000000000000001, 'sigma_in': 0.5, 'rho': 0.5, 'tikh': 0.1, 'option': 3, 'Normalization': 1}. Best is trial 40 with value: 0.0005719184021472756.
[I 2025-11-20 21:23:38,762] Trial 154 finished with value: 1639.3130734443664 and parameters: {'n_units': 1000, 'alpha': 0.9, 'sigma_in': 0.30000000000000004, 'rho': 0.2, 'tikh': 0.0001, 'option': 3, 'Normalization': 1}. Best is trial 144 with value: 0.00040027984832704535.
[I 2025-11-20 21:25:26,637] Trial 136 finished with value: 0.008018769463524223 and parameters: {'n_units': 1000, 'alpha': 1.0, 'sigma_in': 0.4, 'rho': 0.5, 'tikh': 0.1, 'option': 3, 'Normalization': 1}. Best is trial 40 with value: 0.0005719184021472756.
[I 2025-11-20 21:29:04,116] Trial 155 finished with value: 0.0004040620471641887 and parameters: {'n_units': 1000, 'alpha': 0.9, 'sigma_in': 0.30000000000000004, 'rho': 0.1, 'tikh': 0.1, 'option': 3, 'Normalization': 1}. Best is trial 144 with value: 0.00040027984832704535.
[I 2025-11-20 21:29:55,127] Trial 137 finished with value: 66.61944787502289 and parameters: {'n_units': 1000, 'alpha': 1.0, 'sigma_in': 0.6, 'rho': 0.6, 'tikh': 0.1, 'option': 3, 'Normalization': 1}. Best is trial 40 with value: 0.0005719184021472756.
[I 2025-11-20 21:34:25,567] Trial 156 finished with value: 0.002025127029082796 and parameters: {'n_units': 1000, 'alpha': 0.9, 'sigma_in': 0.2, 'rho': 0.1, 'tikh': 0.1, 'option': 3, 'Normalization': 1}. Best is trial 144 with value: 0.00040027984832704535.
[I 2025-11-20 21:34:33,649] Trial 138 finished with value: 368855.82722511294 and parameters: {'n_units': 1000, 'alpha': 1.0, 'sigma_in': 0.5, 'rho': 0.4, 'tikh': 1e-05, 'option': 5, 'Normalization': 1}. Best is trial 40 with value: 0.0005719184021472756.
[I 2025-11-20 21:39:48,396] Trial 139 finished with value: 0.004649042172241024 and parameters: {'n_units': 1000, 'alpha': 0.9, 'sigma_in': 0.5, 'rho': 0.5, 'tikh': 0.1, 'option': 3, 'Normalization': 1}. Best is trial 40 with value: 0.0005719184021472756.
[I 2025-11-20 21:45:30,538] Trial 140 finished with value: 6032.168362426758 and parameters: {'n_units': 1000, 'alpha': 1.0, 'sigma_in': 0.4, 'rho': 0.6, 'tikh': 0.0001, 'option': 3, 'Normalization': 1}. Best is trial 40 with value: 0.0005719184021472756.
[I 2025-11-20 21:51:07,634] Trial 141 finished with value: 0.001133916420803871 and parameters: {'n_units': 1000, 'alpha': 1.0, 'sigma_in': 0.5, 'rho': 0.5, 'tikh': 0.1, 'option': 3, 'Normalization': 1}. Best is trial 40 with value: 0.0005719184021472756.
[I 2025-11-20 21:55:37,599] Trial 157 finished with value: 571.5252975358744 and parameters: {'n_units': 3000, 'alpha': 0.9, 'sigma_in': 0.30000000000000004, 'rho': 0.1, 'tikh': 0.1, 'option': 3, 'Normalization': 1}. Best is trial 144 with value: 0.00040027984832704535.
[I 2025-11-20 21:57:00,624] Trial 142 finished with value: 0.0023168872299720532 and parameters: {'n_units': 1000, 'alpha': 1.0, 'sigma_in': 0.5, 'rho': 0.5, 'tikh': 0.1, 'option': 3, 'Normalization': 1}. Best is trial 40 with value: 0.0005719184021472756.
[I 2025-11-20 22:03:09,871] Trial 143 finished with value: 0.002439942154160235 and parameters: {'n_units': 1000, 'alpha': 1.0, 'sigma_in': 0.5, 'rho': 0.5, 'tikh': 0.1, 'option': 3, 'Normalization': 1}. Best is trial 40 with value: 0.0005719184021472756.
[I 2025-11-20 22:03:17,190] Trial 158 finished with value: 655.1955994606018 and parameters: {'n_units': 1000, 'alpha': 0.9, 'sigma_in': 0.30000000000000004, 'rho': 0.2, 'tikh': 0.001, 'option': 3, 'Normalization': 1}. Best is trial 144 with value: 0.00040027984832704535.
[I 2025-11-20 22:08:44,113] Trial 144 finished with value: 86.47432665531524 and parameters: {'n_units': 1000, 'alpha': 1.0, 'sigma_in': 0.5, 'rho': 0.8, 'tikh': 0.1, 'option': 3, 'Normalization': 1}. Best is trial 40 with value: 0.0005719184021472756.
[I 2025-11-20 22:10:05,003] Trial 159 finished with value: 0.00046388833652599715 and parameters: {'n_units': 1000, 'alpha': 0.9, 'sigma_in': 0.30000000000000004, 'rho': 0.2, 'tikh': 0.1, 'option': 3, 'Normalization': 1}. Best is trial 144 with value: 0.00040027984832704535.
[I 2025-11-20 22:13:57,480] Trial 145 finished with value: 0.0025233623760868794 and parameters: {'n_units': 1000, 'alpha': 1.0, 'sigma_in': 0.5, 'rho': 0.5, 'tikh': 0.1, 'option': 3, 'Normalization': 1}. Best is trial 40 with value: 0.0005719184021472756.
