[I 2025-11-20 00:39:11,479] Trial 287 finished with value: 3725.093942260742 and parameters: {'n_units': 1000, 'alpha': 0.9, 'sigma_in': 0.4, 'rho': 0.5, 'tikh': 0.0001, 'option': 4, 'Normalization': 1}. Best is trial 94 with value: 0.0037233955343253912.
[I 2025-11-20 00:40:29,387] Trial 307 finished with value: 9925.368139362336 and parameters: {'n_units': 1000, 'alpha': 0.4, 'sigma_in': 0.2, 'rho': 0.2, 'tikh': 0.0001, 'option': 5, 'Normalization': 1}. Best is trial 302 with value: 0.008882310567423701.
[I 2025-11-20 00:42:57,773] Trial 307 finished with value: 2498.666410064697 and parameters: {'n_units': 1000, 'alpha': 0.7000000000000001, 'sigma_in': 0.4, 'rho': 0.9, 'tikh': 1e-05, 'option': 4, 'Normalization': 1}. Best is trial 66 with value: 0.0032014672469813377.
[I 2025-11-20 00:45:31,868] Trial 288 finished with value: 0.011091506434604525 and parameters: {'n_units': 1000, 'alpha': 0.4, 'sigma_in': 0.4, 'rho': 0.4, 'tikh': 0.1, 'option': 4, 'Normalization': 1}. Best is trial 94 with value: 0.0037233955343253912.
[I 2025-11-20 00:46:50,953] Trial 308 finished with value: 291.96070098876953 and parameters: {'n_units': 1000, 'alpha': 0.30000000000000004, 'sigma_in': 0.1, 'rho': 0.2, 'tikh': 0.001, 'option': 5, 'Normalization': 1}. Best is trial 302 with value: 0.008882310567423701.
[I 2025-11-20 00:52:05,639] Trial 289 finished with value: 0.05351639741566032 and parameters: {'n_units': 1000, 'alpha': 0.9, 'sigma_in': 0.4, 'rho': 0.4, 'tikh': 0.1, 'option': 4, 'Normalization': 1}. Best is trial 94 with value: 0.0037233955343253912.
[I 2025-11-20 00:53:24,931] Trial 309 finished with value: 0.012275479035452008 and parameters: {'n_units': 1000, 'alpha': 0.4, 'sigma_in': 0.2, 'rho': 0.2, 'tikh': 0.1, 'option': 5, 'Normalization': 1}. Best is trial 302 with value: 0.008882310567423701.
[I 2025-11-20 00:58:34,464] Trial 290 finished with value: 0.026355487853288652 and parameters: {'n_units': 1000, 'alpha': 0.9, 'sigma_in': 0.5, 'rho': 0.4, 'tikh': 0.1, 'option': 3, 'Normalization': 1}. Best is trial 94 with value: 0.0037233955343253912.
[I 2025-11-20 00:59:52,469] Trial 310 finished with value: 0.010938411578536034 and parameters: {'n_units': 1000, 'alpha': 0.30000000000000004, 'sigma_in': 0.2, 'rho': 0.2, 'tikh': 0.1, 'option': 5, 'Normalization': 1}. Best is trial 302 with value: 0.008882310567423701.
[I 2025-11-20 01:04:45,520] Trial 291 finished with value: 0.3504646025132388 and parameters: {'n_units': 1000, 'alpha': 0.9, 'sigma_in': 0.4, 'rho': 0.4, 'tikh': 0.1, 'option': 4, 'Normalization': 1}. Best is trial 94 with value: 0.0037233955343253912.
[I 2025-11-20 01:05:56,421] Trial 311 finished with value: 0.5471221423242241 and parameters: {'n_units': 1000, 'alpha': 0.30000000000000004, 'sigma_in': 0.2, 'rho': 0.2, 'tikh': 0.1, 'option': 5, 'Normalization': 1}. Best is trial 302 with value: 0.008882310567423701.
[I 2025-11-20 01:08:53,962] Trial 308 finished with value: 1644.733029127121 and parameters: {'n_units': 3000, 'alpha': 0.7000000000000001, 'sigma_in': 0.30000000000000004, 'rho': 0.5, 'tikh': 0.1, 'option': 4, 'Normalization': 1}. Best is trial 66 with value: 0.0032014672469813377.
[I 2025-11-20 01:10:56,798] Trial 292 finished with value: 0.006783702247776091 and parameters: {'n_units': 1000, 'alpha': 0.9, 'sigma_in': 0.4, 'rho': 0.4, 'tikh': 0.1, 'option': 4, 'Normalization': 1}. Best is trial 94 with value: 0.0037233955343253912.
[I 2025-11-20 01:12:09,229] Trial 312 finished with value: 0.23842346253804864 and parameters: {'n_units': 1000, 'alpha': 0.30000000000000004, 'sigma_in': 0.2, 'rho': 0.2, 'tikh': 0.1, 'option': 5, 'Normalization': 1}. Best is trial 302 with value: 0.008882310567423701.
[I 2025-11-20 01:15:22,839] Trial 309 finished with value: 0.3350146444048733 and parameters: {'n_units': 1000, 'alpha': 0.1, 'sigma_in': 0.30000000000000004, 'rho': 0.5, 'tikh': 0.1, 'option': 4, 'Normalization': 1}. Best is trial 66 with value: 0.0032014672469813377.
[I 2025-11-20 01:17:09,778] Trial 293 finished with value: 0.021357551962137223 and parameters: {'n_units': 1000, 'alpha': 0.9, 'sigma_in': 0.30000000000000004, 'rho': 0.5, 'tikh': 0.1, 'option': 4, 'Normalization': 1}. Best is trial 94 with value: 0.0037233955343253912.
[I 2025-11-20 01:18:30,949] Trial 313 finished with value: 0.011879270477220417 and parameters: {'n_units': 1000, 'alpha': 0.30000000000000004, 'sigma_in': 0.2, 'rho': 0.2, 'tikh': 0.1, 'option': 5, 'Normalization': 1}. Best is trial 302 with value: 0.008882310567423701.
[I 2025-11-20 01:21:40,238] Trial 310 finished with value: 223.6698267042637 and parameters: {'n_units': 1000, 'alpha': 0.7000000000000001, 'sigma_in': 0.7000000000000001, 'rho': 0.5, 'tikh': 0.1, 'option': 4, 'Normalization': 1}. Best is trial 66 with value: 0.0032014672469813377.
[I 2025-11-20 01:27:54,445] Trial 311 finished with value: 0.013910270459018648 and parameters: {'n_units': 1000, 'alpha': 0.5, 'sigma_in': 0.30000000000000004, 'rho': 0.5, 'tikh': 0.1, 'option': 4, 'Normalization': 1}. Best is trial 66 with value: 0.0032014672469813377.
[I 2025-11-20 01:34:15,016] Trial 312 finished with value: 0.015470060892403126 and parameters: {'n_units': 1000, 'alpha': 0.7000000000000001, 'sigma_in': 0.30000000000000004, 'rho': 0.4, 'tikh': 0.1, 'option': 4, 'Normalization': 1}. Best is trial 66 with value: 0.0032014672469813377.
[I 2025-11-20 01:40:29,974] Trial 314 finished with value: 29.88029302385985 and parameters: {'n_units': 3000, 'alpha': 0.4, 'sigma_in': 0.2, 'rho': 0.2, 'tikh': 0.1, 'option': 5, 'Normalization': 1}. Best is trial 302 with value: 0.008882310567423701.
[I 2025-11-20 01:40:31,102] Trial 294 finished with value: 123099.30422363282 and parameters: {'n_units': 3000, 'alpha': 0.9, 'sigma_in': 0.4, 'rho': 0.4, 'tikh': 1e-05, 'option': 4, 'Normalization': 1}. Best is trial 94 with value: 0.0037233955343253912.
[I 2025-11-20 01:40:36,172] Trial 313 finished with value: 0.0061545156058855355 and parameters: {'n_units': 1000, 'alpha': 0.7000000000000001, 'sigma_in': 0.30000000000000004, 'rho': 0.5, 'tikh': 0.1, 'option': 4, 'Normalization': 1}. Best is trial 66 with value: 0.0032014672469813377.
[I 2025-11-20 01:46:19,795] Trial 315 finished with value: 0.011811964539811015 and parameters: {'n_units': 1000, 'alpha': 0.30000000000000004, 'sigma_in': 0.2, 'rho': 0.2, 'tikh': 0.1, 'option': 5, 'Normalization': 1}. Best is trial 302 with value: 0.008882310567423701.
[I 2025-11-20 01:46:29,262] Trial 295 finished with value: 0.13495216311421246 and parameters: {'n_units': 1000, 'alpha': 0.8, 'sigma_in': 0.4, 'rho': 0.4, 'tikh': 0.1, 'option': 4, 'Normalization': 1}. Best is trial 94 with value: 0.0037233955343253912.
[I 2025-11-20 01:47:17,906] Trial 314 finished with value: 0.00662235445342958 and parameters: {'n_units': 1000, 'alpha': 0.7000000000000001, 'sigma_in': 0.30000000000000004, 'rho': 0.5, 'tikh': 0.1, 'option': 4, 'Normalization': 1}. Best is trial 66 with value: 0.0032014672469813377.
[I 2025-11-20 01:52:42,839] Trial 316 finished with value: 0.4522686593234539 and parameters: {'n_units': 1000, 'alpha': 0.30000000000000004, 'sigma_in': 0.1, 'rho': 0.2, 'tikh': 0.1, 'option': 5, 'Normalization': 1}. Best is trial 302 with value: 0.008882310567423701.
[I 2025-11-20 01:52:47,477] Trial 296 finished with value: 0.3635861793998629 and parameters: {'n_units': 1000, 'alpha': 0.9, 'sigma_in': 0.4, 'rho': 0.4, 'tikh': 0.1, 'option': 4, 'Normalization': 1}. Best is trial 94 with value: 0.0037233955343253912.
[I 2025-11-20 01:53:38,590] Trial 315 finished with value: 471.59287853240966 and parameters: {'n_units': 1000, 'alpha': 0.7000000000000001, 'sigma_in': 0.30000000000000004, 'rho': 0.6, 'tikh': 0.01, 'option': 4, 'Normalization': 1}. Best is trial 66 with value: 0.0032014672469813377.
[I 2025-11-20 01:59:13,641] Trial 317 finished with value: 0.3430670011555776 and parameters: {'n_units': 1000, 'alpha': 0.30000000000000004, 'sigma_in': 0.2, 'rho': 0.2, 'tikh': 0.1, 'option': 5, 'Normalization': 1}. Best is trial 302 with value: 0.008882310567423701.
[I 2025-11-20 01:59:19,376] Trial 297 finished with value: 0.006301231565885246 and parameters: {'n_units': 1000, 'alpha': 0.9, 'sigma_in': 0.4, 'rho': 0.4, 'tikh': 0.1, 'option': 4, 'Normalization': 1}. Best is trial 94 with value: 0.0037233955343253912.
[I 2025-11-20 02:00:25,594] Trial 316 finished with value: 0.008402366121299566 and parameters: {'n_units': 1000, 'alpha': 0.7000000000000001, 'sigma_in': 0.30000000000000004, 'rho': 0.5, 'tikh': 0.1, 'option': 4, 'Normalization': 1}. Best is trial 66 with value: 0.0032014672469813377.
[I 2025-11-20 02:05:47,142] Trial 318 finished with value: 13.568175315856934 and parameters: {'n_units': 1000, 'alpha': 0.30000000000000004, 'sigma_in': 0.2, 'rho': 0.2, 'tikh': 0.01, 'option': 5, 'Normalization': 1}. Best is trial 302 with value: 0.008882310567423701.
[I 2025-11-20 02:05:48,224] Trial 298 finished with value: 10483.1335105896 and parameters: {'n_units': 1000, 'alpha': 0.9, 'sigma_in': 0.4, 'rho': 1.0, 'tikh': 0.001, 'option': 4, 'Normalization': 1}. Best is trial 94 with value: 0.0037233955343253912.
[I 2025-11-20 02:07:07,691] Trial 317 finished with value: 0.009148327517323196 and parameters: {'n_units': 1000, 'alpha': 0.8, 'sigma_in': 0.30000000000000004, 'rho': 0.5, 'tikh': 0.1, 'option': 4, 'Normalization': 1}. Best is trial 66 with value: 0.0032014672469813377.
[I 2025-11-20 02:12:24,385] Trial 299 finished with value: 0.013932638429105281 and parameters: {'n_units': 1000, 'alpha': 0.9, 'sigma_in': 0.30000000000000004, 'rho': 0.4, 'tikh': 0.1, 'option': 4, 'Normalization': 1}. Best is trial 94 with value: 0.0037233955343253912.
[I 2025-11-20 02:12:27,176] Trial 319 finished with value: 0.009927068138495088 and parameters: {'n_units': 1000, 'alpha': 0.30000000000000004, 'sigma_in': 0.2, 'rho': 0.2, 'tikh': 0.1, 'option': 5, 'Normalization': 1}. Best is trial 302 with value: 0.008882310567423701.
[I 2025-11-20 02:14:02,222] Trial 318 finished with value: 1.4411975640803576 and parameters: {'n_units': 1000, 'alpha': 0.7000000000000001, 'sigma_in': 0.2, 'rho': 0.5, 'tikh': 0.1, 'option': 3, 'Normalization': 1}. Best is trial 66 with value: 0.0032014672469813377.
[I 2025-11-20 02:18:58,368] Trial 300 finished with value: 0.035308280459139495 and parameters: {'n_units': 1000, 'alpha': 0.8, 'sigma_in': 0.4, 'rho': 0.4, 'tikh': 0.1, 'option': 4, 'Normalization': 1}. Best is trial 94 with value: 0.0037233955343253912.
[I 2025-11-20 02:19:01,151] Trial 320 finished with value: 0.012839668896049261 and parameters: {'n_units': 1000, 'alpha': 0.30000000000000004, 'sigma_in': 0.2, 'rho': 0.2, 'tikh': 0.1, 'option': 5, 'Normalization': 1}. Best is trial 302 with value: 0.008882310567423701.
[I 2025-11-20 02:20:43,713] Trial 319 finished with value: 0.046928849257528785 and parameters: {'n_units': 1000, 'alpha': 0.7000000000000001, 'sigma_in': 0.30000000000000004, 'rho': 0.5, 'tikh': 0.1, 'option': 4, 'Normalization': 1}. Best is trial 66 with value: 0.0032014672469813377.
[I 2025-11-20 02:25:31,425] Trial 301 finished with value: 626.760030555725 and parameters: {'n_units': 1000, 'alpha': 0.9, 'sigma_in': 0.5, 'rho': 0.4, 'tikh': 0.1, 'option': 5, 'Normalization': 1}. Best is trial 94 with value: 0.0037233955343253912.
[I 2025-11-20 02:25:34,682] Trial 321 finished with value: 0.00975034513976425 and parameters: {'n_units': 1000, 'alpha': 0.30000000000000004, 'sigma_in': 0.2, 'rho': 0.2, 'tikh': 0.1, 'option': 5, 'Normalization': 1}. Best is trial 302 with value: 0.008882310567423701.
[I 2025-11-20 02:27:31,704] Trial 320 finished with value: 1.1994197743944823 and parameters: {'n_units': 1000, 'alpha': 0.7000000000000001, 'sigma_in': 0.4, 'rho': 0.5, 'tikh': 0.1, 'option': 4, 'Normalization': 1}. Best is trial 66 with value: 0.0032014672469813377.
[I 2025-11-20 02:31:53,519] Trial 302 finished with value: 4.60884409986902 and parameters: {'n_units': 1000, 'alpha': 0.9, 'sigma_in': 0.4, 'rho': 0.4, 'tikh': 0.1, 'option': 4, 'Normalization': 1}. Best is trial 94 with value: 0.0037233955343253912.
[I 2025-11-20 02:31:54,843] Trial 322 finished with value: 0.014746914943680167 and parameters: {'n_units': 1000, 'alpha': 0.30000000000000004, 'sigma_in': 0.2, 'rho': 0.2, 'tikh': 0.1, 'option': 5, 'Normalization': 1}. Best is trial 302 with value: 0.008882310567423701.
[I 2025-11-20 02:34:06,398] Trial 321 finished with value: 0.006930734938941896 and parameters: {'n_units': 1000, 'alpha': 0.7000000000000001, 'sigma_in': 0.30000000000000004, 'rho': 0.5, 'tikh': 0.1, 'option': 4, 'Normalization': 1}. Best is trial 66 with value: 0.0032014672469813377.
[I 2025-11-20 02:38:26,155] Trial 303 finished with value: 0.029458079850883223 and parameters: {'n_units': 1000, 'alpha': 0.9, 'sigma_in': 0.4, 'rho': 0.5, 'tikh': 0.1, 'option': 4, 'Normalization': 1}. Best is trial 94 with value: 0.0037233955343253912.
[I 2025-11-20 02:38:26,954] Trial 323 finished with value: 0.3378662556409836 and parameters: {'n_units': 1000, 'alpha': 0.30000000000000004, 'sigma_in': 0.1, 'rho': 0.2, 'tikh': 0.1, 'option': 5, 'Normalization': 1}. Best is trial 302 with value: 0.008882310567423701.
[I 2025-11-20 02:40:30,092] Trial 322 finished with value: 0.006457977369427681 and parameters: {'n_units': 1000, 'alpha': 0.7000000000000001, 'sigma_in': 0.30000000000000004, 'rho': 0.6, 'tikh': 0.1, 'option': 4, 'Normalization': 1}. Best is trial 66 with value: 0.0032014672469813377.
[I 2025-11-20 02:45:03,546] Trial 324 finished with value: 799.719220161438 and parameters: {'n_units': 1000, 'alpha': 0.30000000000000004, 'sigma_in': 0.2, 'rho': 0.2, 'tikh': 1e-05, 'option': 5, 'Normalization': 1}. Best is trial 302 with value: 0.008882310567423701.
[I 2025-11-20 02:45:06,807] Trial 304 finished with value: 0.3734488802350825 and parameters: {'n_units': 1000, 'alpha': 0.5, 'sigma_in': 0.4, 'rho': 0.4, 'tikh': 0.1, 'option': 4, 'Normalization': 1}. Best is trial 94 with value: 0.0037233955343253912.
[I 2025-11-20 02:46:50,587] Trial 323 finished with value: 0.1502687193453312 and parameters: {'n_units': 1000, 'alpha': 0.7000000000000001, 'sigma_in': 0.2, 'rho': 0.5, 'tikh': 0.1, 'option': 4, 'Normalization': 1}. Best is trial 66 with value: 0.0032014672469813377.
[I 2025-11-20 02:51:42,910] Trial 325 finished with value: 0.010710605280473828 and parameters: {'n_units': 1000, 'alpha': 0.30000000000000004, 'sigma_in': 0.2, 'rho': 0.2, 'tikh': 0.1, 'option': 5, 'Normalization': 1}. Best is trial 302 with value: 0.008882310567423701.
[I 2025-11-20 02:51:49,545] Trial 305 finished with value: 0.00935357199050486 and parameters: {'n_units': 1000, 'alpha': 0.9, 'sigma_in': 0.4, 'rho': 0.4, 'tikh': 0.1, 'option': 4, 'Normalization': 1}. Best is trial 94 with value: 0.0037233955343253912.
[I 2025-11-20 02:53:11,988] Trial 324 finished with value: 8020.52014465332 and parameters: {'n_units': 1000, 'alpha': 0.7000000000000001, 'sigma_in': 0.30000000000000004, 'rho': 0.5, 'tikh': 0.001, 'option': 4, 'Normalization': 1}. Best is trial 66 with value: 0.0032014672469813377.
[I 2025-11-20 02:58:48,922] Trial 326 finished with value: 0.01198767616879195 and parameters: {'n_units': 1000, 'alpha': 0.30000000000000004, 'sigma_in': 0.2, 'rho': 0.2, 'tikh': 0.1, 'option': 5, 'Normalization': 1}. Best is trial 302 with value: 0.008882310567423701.
[I 2025-11-20 02:58:51,407] Trial 306 finished with value: 0.008107883692719042 and parameters: {'n_units': 1000, 'alpha': 0.9, 'sigma_in': 0.4, 'rho': 0.4, 'tikh': 0.1, 'option': 4, 'Normalization': 1}. Best is trial 94 with value: 0.0037233955343253912.
[I 2025-11-20 02:59:33,777] Trial 325 finished with value: 279.19177183508873 and parameters: {'n_units': 1000, 'alpha': 0.8, 'sigma_in': 0.30000000000000004, 'rho': 0.4, 'tikh': 0.1, 'option': 5, 'Normalization': 1}. Best is trial 66 with value: 0.0032014672469813377.
[I 2025-11-20 03:05:48,531] Trial 307 finished with value: 0.014532223623245955 and parameters: {'n_units': 1000, 'alpha': 0.9, 'sigma_in': 0.30000000000000004, 'rho': 0.4, 'tikh': 0.1, 'option': 4, 'Normalization': 1}. Best is trial 94 with value: 0.0037233955343253912.
[I 2025-11-20 03:05:50,429] Trial 327 finished with value: 0.012116003315895796 and parameters: {'n_units': 1000, 'alpha': 0.30000000000000004, 'sigma_in': 0.2, 'rho': 0.2, 'tikh': 0.1, 'option': 5, 'Normalization': 1}. Best is trial 302 with value: 0.008882310567423701.
[I 2025-11-20 03:05:52,556] Trial 326 finished with value: 0.006208769942168147 and parameters: {'n_units': 1000, 'alpha': 0.7000000000000001, 'sigma_in': 0.30000000000000004, 'rho': 0.5, 'tikh': 0.1, 'option': 4, 'Normalization': 1}. Best is trial 66 with value: 0.0032014672469813377.
[I 2025-11-20 03:12:56,973] Trial 308 finished with value: 0.01335465330630541 and parameters: {'n_units': 1000, 'alpha': 0.9, 'sigma_in': 0.4, 'rho': 0.4, 'tikh': 0.1, 'option': 4, 'Normalization': 1}. Best is trial 94 with value: 0.0037233955343253912.
[I 2025-11-20 03:12:58,553] Trial 328 finished with value: 0.011956523940898477 and parameters: {'n_units': 1000, 'alpha': 0.30000000000000004, 'sigma_in': 0.2, 'rho': 0.2, 'tikh': 0.1, 'option': 5, 'Normalization': 1}. Best is trial 302 with value: 0.008882310567423701.
[I 2025-11-20 03:19:52,388] Trial 309 finished with value: 0.007966576982289553 and parameters: {'n_units': 1000, 'alpha': 0.9, 'sigma_in': 0.4, 'rho': 0.4, 'tikh': 0.1, 'option': 4, 'Normalization': 1}. Best is trial 94 with value: 0.0037233955343253912.
[I 2025-11-20 03:19:55,867] Trial 329 finished with value: 1.0194479669909924 and parameters: {'n_units': 1000, 'alpha': 0.30000000000000004, 'sigma_in': 0.2, 'rho': 0.2, 'tikh': 0.1, 'option': 5, 'Normalization': 1}. Best is trial 302 with value: 0.008882310567423701.
[I 2025-11-20 03:26:39,506] Trial 330 finished with value: 0.016512593952938914 and parameters: {'n_units': 1000, 'alpha': 0.30000000000000004, 'sigma_in': 0.2, 'rho': 0.2, 'tikh': 0.1, 'option': 5, 'Normalization': 1}. Best is trial 302 with value: 0.008882310567423701.
[I 2025-11-20 03:26:40,162] Trial 310 finished with value: 0.06897338738199324 and parameters: {'n_units': 1000, 'alpha': 0.9, 'sigma_in': 0.4, 'rho': 0.5, 'tikh': 0.1, 'option': 4, 'Normalization': 1}. Best is trial 94 with value: 0.0037233955343253912.
[I 2025-11-20 03:28:26,518] Trial 327 finished with value: 2235.920550918579 and parameters: {'n_units': 3000, 'alpha': 0.7000000000000001, 'sigma_in': 0.6, 'rho': 0.5, 'tikh': 0.1, 'option': 4, 'Normalization': 1}. Best is trial 66 with value: 0.0032014672469813377.
[I 2025-11-20 03:33:32,721] Trial 311 finished with value: 55217.72373401886 and parameters: {'n_units': 1000, 'alpha': 0.9, 'sigma_in': 0.5, 'rho': 0.4, 'tikh': 0.1, 'option': 4, 'Normalization': 1}. Best is trial 94 with value: 0.0037233955343253912.
[I 2025-11-20 03:33:37,018] Trial 331 finished with value: 0.11149116144515574 and parameters: {'n_units': 1000, 'alpha': 0.30000000000000004, 'sigma_in': 0.2, 'rho': 0.2, 'tikh': 0.1, 'option': 5, 'Normalization': 1}. Best is trial 302 with value: 0.008882310567423701.
[I 2025-11-20 03:34:37,842] Trial 328 finished with value: 0.009123286977410317 and parameters: {'n_units': 1000, 'alpha': 0.7000000000000001, 'sigma_in': 0.30000000000000004, 'rho': 0.5, 'tikh': 0.1, 'option': 4, 'Normalization': 1}. Best is trial 66 with value: 0.0032014672469813377.
[I 2025-11-20 03:39:53,994] Trial 312 finished with value: 1.2818251702934504 and parameters: {'n_units': 1000, 'alpha': 0.8, 'sigma_in': 0.4, 'rho': 0.4, 'tikh': 0.1, 'option': 4, 'Normalization': 1}. Best is trial 94 with value: 0.0037233955343253912.
[I 2025-11-20 03:40:05,760] Trial 332 finished with value: 1704.2461414813995 and parameters: {'n_units': 1000, 'alpha': 0.30000000000000004, 'sigma_in': 0.2, 'rho': 0.2, 'tikh': 0.001, 'option': 5, 'Normalization': 1}. Best is trial 302 with value: 0.008882310567423701.
[I 2025-11-20 03:40:40,426] Trial 329 finished with value: 22045.835779190063 and parameters: {'n_units': 1000, 'alpha': 0.7000000000000001, 'sigma_in': 0.30000000000000004, 'rho': 0.5, 'tikh': 0.0001, 'option': 4, 'Normalization': 1}. Best is trial 66 with value: 0.0032014672469813377.
[I 2025-11-20 03:46:24,534] Trial 330 finished with value: 0.051715360628440975 and parameters: {'n_units': 1000, 'alpha': 0.7000000000000001, 'sigma_in': 0.4, 'rho': 0.5, 'tikh': 0.1, 'option': 4, 'Normalization': 1}. Best is trial 66 with value: 0.0032014672469813377.
[I 2025-11-20 03:47:12,777] Trial 313 finished with value: 0.012424853758420795 and parameters: {'n_units': 1000, 'alpha': 0.9, 'sigma_in': 0.30000000000000004, 'rho': 0.4, 'tikh': 0.1, 'option': 3, 'Normalization': 1}. Best is trial 94 with value: 0.0037233955343253912.
[I 2025-11-20 03:47:13,350] Trial 333 finished with value: 0.01345193237066269 and parameters: {'n_units': 1000, 'alpha': 0.30000000000000004, 'sigma_in': 0.2, 'rho': 0.2, 'tikh': 0.1, 'option': 5, 'Normalization': 1}. Best is trial 302 with value: 0.008882310567423701.
[I 2025-11-20 03:52:33,828] Trial 331 finished with value: 0.04244933950249106 and parameters: {'n_units': 1000, 'alpha': 0.7000000000000001, 'sigma_in': 0.30000000000000004, 'rho': 0.5, 'tikh': 0.1, 'option': 3, 'Normalization': 1}. Best is trial 66 with value: 0.0032014672469813377.
[I 2025-11-20 03:59:00,260] Trial 332 finished with value: 0.006850924744503573 and parameters: {'n_units': 1000, 'alpha': 0.7000000000000001, 'sigma_in': 0.30000000000000004, 'rho': 0.5, 'tikh': 0.1, 'option': 4, 'Normalization': 1}. Best is trial 66 with value: 0.0032014672469813377.
[I 2025-11-20 04:05:13,709] Trial 333 finished with value: 0.18267020508646964 and parameters: {'n_units': 1000, 'alpha': 0.8, 'sigma_in': 0.2, 'rho': 0.5, 'tikh': 0.1, 'option': 4, 'Normalization': 1}. Best is trial 66 with value: 0.0032014672469813377.
