[I 2025-11-20 04:11:21,268] Trial 334 finished with value: 0.012430382962338626 and parameters: {'n_units': 1000, 'alpha': 0.7000000000000001, 'sigma_in': 0.30000000000000004, 'rho': 0.4, 'tikh': 0.1, 'option': 4, 'Normalization': 1}. Best is trial 66 with value: 0.0032014672469813377.
[I 2025-11-20 04:14:26,964] Trial 334 finished with value: 233.60423974990846 and parameters: {'n_units': 3000, 'alpha': 0.9, 'sigma_in': 0.2, 'rho': 0.2, 'tikh': 0.1, 'option': 5, 'Normalization': 1}. Best is trial 302 with value: 0.008882310567423701.
[I 2025-11-20 04:14:29,254] Trial 314 finished with value: 1286.5084533691406 and parameters: {'n_units': 3000, 'alpha': 0.9, 'sigma_in': 0.4, 'rho': 0.4, 'tikh': 0.0001, 'option': 4, 'Normalization': 1}. Best is trial 94 with value: 0.0037233955343253912.
[I 2025-11-20 04:17:23,724] Trial 335 finished with value: 377762.2139465332 and parameters: {'n_units': 1000, 'alpha': 0.7000000000000001, 'sigma_in': 0.30000000000000004, 'rho': 0.6, 'tikh': 1e-05, 'option': 4, 'Normalization': 1}. Best is trial 66 with value: 0.0032014672469813377.
[I 2025-11-20 04:21:29,627] Trial 315 finished with value: 1112.755124282837 and parameters: {'n_units': 1000, 'alpha': 0.9, 'sigma_in': 0.4, 'rho': 0.4, 'tikh': 0.01, 'option': 4, 'Normalization': 1}. Best is trial 94 with value: 0.0037233955343253912.
[I 2025-11-20 04:21:32,325] Trial 335 finished with value: 27240.835705184938 and parameters: {'n_units': 1000, 'alpha': 0.30000000000000004, 'sigma_in': 0.2, 'rho': 0.2, 'tikh': 0.0001, 'option': 5, 'Normalization': 1}. Best is trial 302 with value: 0.008882310567423701.
[I 2025-11-20 04:23:37,163] Trial 336 finished with value: 0.009269637521356344 and parameters: {'n_units': 1000, 'alpha': 0.7000000000000001, 'sigma_in': 0.30000000000000004, 'rho': 0.5, 'tikh': 0.1, 'option': 4, 'Normalization': 1}. Best is trial 66 with value: 0.0032014672469813377.
[I 2025-11-20 04:27:57,465] Trial 316 finished with value: 0.016039473202545194 and parameters: {'n_units': 1000, 'alpha': 0.9, 'sigma_in': 0.4, 'rho': 0.4, 'tikh': 0.1, 'option': 4, 'Normalization': 1}. Best is trial 94 with value: 0.0037233955343253912.
[I 2025-11-20 04:28:37,073] Trial 336 finished with value: 0.16940539181232453 and parameters: {'n_units': 1000, 'alpha': 0.30000000000000004, 'sigma_in': 0.1, 'rho': 0.2, 'tikh': 0.1, 'option': 5, 'Normalization': 1}. Best is trial 302 with value: 0.008882310567423701.
[I 2025-11-20 04:29:58,462] Trial 337 finished with value: 0.09693298754282295 and parameters: {'n_units': 1000, 'alpha': 0.7000000000000001, 'sigma_in': 0.30000000000000004, 'rho': 0.5, 'tikh': 0.1, 'option': 4, 'Normalization': 1}. Best is trial 66 with value: 0.0032014672469813377.
[I 2025-11-20 04:35:08,119] Trial 317 finished with value: 31.214907228946686 and parameters: {'n_units': 1000, 'alpha': 0.9, 'sigma_in': 0.6, 'rho': 0.4, 'tikh': 0.1, 'option': 4, 'Normalization': 1}. Best is trial 94 with value: 0.0037233955343253912.
[I 2025-11-20 04:35:50,365] Trial 337 finished with value: 0.013564460258930922 and parameters: {'n_units': 1000, 'alpha': 0.30000000000000004, 'sigma_in': 0.2, 'rho': 0.2, 'tikh': 0.1, 'option': 5, 'Normalization': 1}. Best is trial 302 with value: 0.008882310567423701.
[I 2025-11-20 04:36:19,274] Trial 338 finished with value: 0.005489078850951045 and parameters: {'n_units': 1000, 'alpha': 0.6, 'sigma_in': 0.30000000000000004, 'rho': 0.5, 'tikh': 0.1, 'option': 4, 'Normalization': 1}. Best is trial 66 with value: 0.0032014672469813377.
[I 2025-11-20 04:42:31,639] Trial 318 finished with value: 0.8164003961719573 and parameters: {'n_units': 1000, 'alpha': 0.9, 'sigma_in': 0.4, 'rho': 0.5, 'tikh': 0.1, 'option': 4, 'Normalization': 1}. Best is trial 94 with value: 0.0037233955343253912.
[I 2025-11-20 04:42:54,459] Trial 339 finished with value: 0.008788009418640285 and parameters: {'n_units': 1000, 'alpha': 0.6, 'sigma_in': 0.30000000000000004, 'rho': 0.5, 'tikh': 0.1, 'option': 4, 'Normalization': 1}. Best is trial 66 with value: 0.0032014672469813377.
[I 2025-11-20 04:43:14,574] Trial 338 finished with value: 0.012133161490783095 and parameters: {'n_units': 1000, 'alpha': 0.30000000000000004, 'sigma_in': 0.2, 'rho': 0.2, 'tikh': 0.1, 'option': 5, 'Normalization': 1}. Best is trial 302 with value: 0.008882310567423701.
[I 2025-11-20 04:49:08,943] Trial 340 finished with value: 4.7515107431449 and parameters: {'n_units': 1000, 'alpha': 0.6, 'sigma_in': 0.4, 'rho': 0.5, 'tikh': 0.1, 'option': 4, 'Normalization': 1}. Best is trial 66 with value: 0.0032014672469813377.
[I 2025-11-20 04:49:57,576] Trial 319 finished with value: 0.055894656712189315 and parameters: {'n_units': 1000, 'alpha': 0.9, 'sigma_in': 0.4, 'rho': 0.4, 'tikh': 0.1, 'option': 4, 'Normalization': 1}. Best is trial 94 with value: 0.0037233955343253912.
[I 2025-11-20 04:50:39,408] Trial 339 finished with value: 0.009763206541538238 and parameters: {'n_units': 1000, 'alpha': 0.30000000000000004, 'sigma_in': 0.2, 'rho': 0.2, 'tikh': 0.1, 'option': 5, 'Normalization': 1}. Best is trial 302 with value: 0.008882310567423701.
[I 2025-11-20 04:55:51,187] Trial 341 finished with value: 577.7851558685303 and parameters: {'n_units': 1000, 'alpha': 0.6, 'sigma_in': 0.30000000000000004, 'rho': 0.5, 'tikh': 0.01, 'option': 4, 'Normalization': 1}. Best is trial 66 with value: 0.0032014672469813377.
[I 2025-11-20 04:57:07,259] Trial 320 finished with value: 0.00624407323775813 and parameters: {'n_units': 1000, 'alpha': 0.8, 'sigma_in': 0.4, 'rho': 0.4, 'tikh': 0.1, 'option': 4, 'Normalization': 1}. Best is trial 94 with value: 0.0037233955343253912.
[I 2025-11-20 04:57:45,969] Trial 340 finished with value: 0.16987531632184982 and parameters: {'n_units': 1000, 'alpha': 0.30000000000000004, 'sigma_in': 0.1, 'rho': 0.2, 'tikh': 0.1, 'option': 5, 'Normalization': 1}. Best is trial 302 with value: 0.008882310567423701.
[I 2025-11-20 05:02:08,989] Trial 342 finished with value: 0.03728815410286188 and parameters: {'n_units': 1000, 'alpha': 0.6, 'sigma_in': 0.30000000000000004, 'rho': 0.2, 'tikh': 0.1, 'option': 4, 'Normalization': 1}. Best is trial 66 with value: 0.0032014672469813377.
[I 2025-11-20 05:04:11,870] Trial 321 finished with value: 1812.5288944244385 and parameters: {'n_units': 1000, 'alpha': 0.8, 'sigma_in': 0.4, 'rho': 0.4, 'tikh': 1e-05, 'option': 4, 'Normalization': 1}. Best is trial 94 with value: 0.0037233955343253912.
[I 2025-11-20 05:04:53,391] Trial 341 finished with value: 0.008687289454974234 and parameters: {'n_units': 1000, 'alpha': 0.30000000000000004, 'sigma_in': 0.2, 'rho': 0.2, 'tikh': 0.1, 'option': 5, 'Normalization': 1}. Best is trial 341 with value: 0.008687289454974234.
[I 2025-11-20 05:08:48,203] Trial 343 finished with value: 2429.6624367177487 and parameters: {'n_units': 1000, 'alpha': 0.7000000000000001, 'sigma_in': 0.9, 'rho': 0.5, 'tikh': 0.1, 'option': 4, 'Normalization': 1}. Best is trial 66 with value: 0.0032014672469813377.
[I 2025-11-20 05:11:03,757] Trial 322 finished with value: 0.022727963025681676 and parameters: {'n_units': 1000, 'alpha': 0.8, 'sigma_in': 0.4, 'rho': 0.4, 'tikh': 0.1, 'option': 4, 'Normalization': 1}. Best is trial 94 with value: 0.0037233955343253912.
[I 2025-11-20 05:11:46,720] Trial 342 finished with value: 0.011561575252562762 and parameters: {'n_units': 1000, 'alpha': 0.30000000000000004, 'sigma_in': 0.2, 'rho': 0.2, 'tikh': 0.1, 'option': 5, 'Normalization': 1}. Best is trial 341 with value: 0.008687289454974234.
[I 2025-11-20 05:15:18,840] Trial 344 finished with value: 0.04050070319499355 and parameters: {'n_units': 1000, 'alpha': 0.8, 'sigma_in': 0.30000000000000004, 'rho': 0.5, 'tikh': 0.1, 'option': 3, 'Normalization': 1}. Best is trial 66 with value: 0.0032014672469813377.
[I 2025-11-20 05:17:49,580] Trial 323 finished with value: 7021.144349947013 and parameters: {'n_units': 1000, 'alpha': 0.6, 'sigma_in': 0.5, 'rho': 0.4, 'tikh': 0.1, 'option': 4, 'Normalization': 1}. Best is trial 94 with value: 0.0037233955343253912.
[I 2025-11-20 05:18:25,675] Trial 343 finished with value: 0.6460377716924995 and parameters: {'n_units': 1000, 'alpha': 0.30000000000000004, 'sigma_in': 0.2, 'rho': 0.2, 'tikh': 0.1, 'option': 5, 'Normalization': 1}. Best is trial 341 with value: 0.008687289454974234.
[I 2025-11-20 05:21:51,566] Trial 345 finished with value: 0.01073505445383489 and parameters: {'n_units': 1000, 'alpha': 0.7000000000000001, 'sigma_in': 0.30000000000000004, 'rho': 0.4, 'tikh': 0.1, 'option': 4, 'Normalization': 1}. Best is trial 66 with value: 0.0032014672469813377.
[I 2025-11-20 05:24:44,044] Trial 324 finished with value: 0.008283476834185422 and parameters: {'n_units': 1000, 'alpha': 0.9, 'sigma_in': 0.4, 'rho': 0.4, 'tikh': 0.1, 'option': 4, 'Normalization': 1}. Best is trial 94 with value: 0.0037233955343253912.
[I 2025-11-20 05:25:22,755] Trial 344 finished with value: 0.007580025377683342 and parameters: {'n_units': 1000, 'alpha': 0.6, 'sigma_in': 0.2, 'rho': 0.2, 'tikh': 0.1, 'option': 5, 'Normalization': 1}. Best is trial 344 with value: 0.007580025377683342.
[I 2025-11-20 05:31:55,362] Trial 325 finished with value: 13844.337155151366 and parameters: {'n_units': 1000, 'alpha': 0.9, 'sigma_in': 0.4, 'rho': 0.4, 'tikh': 0.001, 'option': 5, 'Normalization': 1}. Best is trial 94 with value: 0.0037233955343253912.
[I 2025-11-20 05:32:34,469] Trial 345 finished with value: 120.07336807250977 and parameters: {'n_units': 1000, 'alpha': 0.6, 'sigma_in': 0.2, 'rho': 0.2, 'tikh': 0.01, 'option': 5, 'Normalization': 1}. Best is trial 344 with value: 0.007580025377683342.
[I 2025-11-20 05:39:06,456] Trial 326 finished with value: 0.01539291748777032 and parameters: {'n_units': 1000, 'alpha': 0.9, 'sigma_in': 0.30000000000000004, 'rho': 0.5, 'tikh': 0.1, 'option': 4, 'Normalization': 1}. Best is trial 94 with value: 0.0037233955343253912.
[I 2025-11-20 05:39:47,433] Trial 346 finished with value: 0.011968261329457164 and parameters: {'n_units': 1000, 'alpha': 0.6, 'sigma_in': 0.2, 'rho': 0.2, 'tikh': 0.1, 'option': 5, 'Normalization': 1}. Best is trial 344 with value: 0.007580025377683342.
[I 2025-11-20 05:44:46,771] Trial 346 finished with value: 39.75398466251791 and parameters: {'n_units': 3000, 'alpha': 0.7000000000000001, 'sigma_in': 0.2, 'rho': 0.5, 'tikh': 0.1, 'option': 4, 'Normalization': 1}. Best is trial 66 with value: 0.0032014672469813377.
[I 2025-11-20 05:45:57,762] Trial 327 finished with value: 0.04168422680813819 and parameters: {'n_units': 1000, 'alpha': 0.9, 'sigma_in': 0.4, 'rho': 0.4, 'tikh': 0.1, 'option': 4, 'Normalization': 1}. Best is trial 94 with value: 0.0037233955343253912.
[I 2025-11-20 05:46:38,534] Trial 347 finished with value: 0.011533498764038086 and parameters: {'n_units': 1000, 'alpha': 0.30000000000000004, 'sigma_in': 0.2, 'rho': 0.2, 'tikh': 0.1, 'option': 5, 'Normalization': 1}. Best is trial 344 with value: 0.007580025377683342.
[I 2025-11-20 05:50:45,029] Trial 347 finished with value: 25.38432025909424 and parameters: {'n_units': 1000, 'alpha': 0.5, 'sigma_in': 0.30000000000000004, 'rho': 0.5, 'tikh': 0.1, 'option': 5, 'Normalization': 1}. Best is trial 66 with value: 0.0032014672469813377.
[I 2025-11-20 05:53:06,724] Trial 328 finished with value: 0.008126436825841665 and parameters: {'n_units': 1000, 'alpha': 0.8, 'sigma_in': 0.4, 'rho': 0.4, 'tikh': 0.1, 'option': 4, 'Normalization': 1}. Best is trial 94 with value: 0.0037233955343253912.
[I 2025-11-20 05:53:50,807] Trial 348 finished with value: 146.55602828951086 and parameters: {'n_units': 1000, 'alpha': 0.6, 'sigma_in': 0.2, 'rho': 0.2, 'tikh': 0.1, 'option': 5, 'Normalization': 1}. Best is trial 344 with value: 0.007580025377683342.
[I 2025-11-20 05:56:18,854] Trial 348 finished with value: 0.0073468966700602325 and parameters: {'n_units': 1000, 'alpha': 0.7000000000000001, 'sigma_in': 0.30000000000000004, 'rho': 0.6, 'tikh': 0.1, 'option': 4, 'Normalization': 1}. Best is trial 66 with value: 0.0032014672469813377.
[I 2025-11-20 06:00:21,394] Trial 329 finished with value: 0.007262890157289803 and parameters: {'n_units': 1000, 'alpha': 0.9, 'sigma_in': 0.4, 'rho': 0.4, 'tikh': 0.1, 'option': 4, 'Normalization': 1}. Best is trial 94 with value: 0.0037233955343253912.
[I 2025-11-20 06:01:06,321] Trial 349 finished with value: 0.18399000487988815 and parameters: {'n_units': 1000, 'alpha': 0.30000000000000004, 'sigma_in': 0.2, 'rho': 0.2, 'tikh': 0.1, 'option': 5, 'Normalization': 1}. Best is trial 344 with value: 0.007580025377683342.
[I 2025-11-20 06:01:57,894] Trial 349 finished with value: 0.007437113369815051 and parameters: {'n_units': 1000, 'alpha': 0.7000000000000001, 'sigma_in': 0.30000000000000004, 'rho': 0.5, 'tikh': 0.1, 'option': 4, 'Normalization': 1}. Best is trial 66 with value: 0.0032014672469813377.
[I 2025-11-20 06:07:46,623] Trial 330 finished with value: 28.867395594716072 and parameters: {'n_units': 1000, 'alpha': 0.9, 'sigma_in': 0.5, 'rho': 0.4, 'tikh': 0.1, 'option': 4, 'Normalization': 1}. Best is trial 94 with value: 0.0037233955343253912.
[I 2025-11-20 06:07:55,398] Trial 350 finished with value: 8828924.961888123 and parameters: {'n_units': 1000, 'alpha': 0.7000000000000001, 'sigma_in': 0.30000000000000004, 'rho': 0.5, 'tikh': 0.001, 'option': 4, 'Normalization': 1}. Best is trial 66 with value: 0.0032014672469813377.
[I 2025-11-20 06:08:28,150] Trial 350 finished with value: 3433.8179191589356 and parameters: {'n_units': 1000, 'alpha': 0.7000000000000001, 'sigma_in': 0.2, 'rho': 0.2, 'tikh': 1e-05, 'option': 5, 'Normalization': 1}. Best is trial 344 with value: 0.007580025377683342.
[I 2025-11-20 06:14:24,814] Trial 351 finished with value: 0.013981118006631732 and parameters: {'n_units': 1000, 'alpha': 0.8, 'sigma_in': 0.30000000000000004, 'rho': 0.4, 'tikh': 0.1, 'option': 4, 'Normalization': 1}. Best is trial 66 with value: 0.0032014672469813377.
[I 2025-11-20 06:14:49,155] Trial 331 finished with value: 0.008743717637844383 and parameters: {'n_units': 1000, 'alpha': 0.9, 'sigma_in': 0.4, 'rho': 0.4, 'tikh': 0.1, 'option': 4, 'Normalization': 1}. Best is trial 94 with value: 0.0037233955343253912.
[I 2025-11-20 06:15:28,563] Trial 351 finished with value: 0.1384381026029587 and parameters: {'n_units': 1000, 'alpha': 0.6, 'sigma_in': 0.1, 'rho': 0.2, 'tikh': 0.1, 'option': 5, 'Normalization': 1}. Best is trial 344 with value: 0.007580025377683342.
[I 2025-11-20 06:20:34,530] Trial 352 finished with value: 0.013062486611306667 and parameters: {'n_units': 1000, 'alpha': 0.7000000000000001, 'sigma_in': 0.30000000000000004, 'rho': 0.5, 'tikh': 0.1, 'option': 4, 'Normalization': 1}. Best is trial 66 with value: 0.0032014672469813377.
[I 2025-11-20 06:21:54,136] Trial 332 finished with value: 0.25316545329988005 and parameters: {'n_units': 1000, 'alpha': 0.9, 'sigma_in': 0.4, 'rho': 0.4, 'tikh': 0.1, 'option': 4, 'Normalization': 1}. Best is trial 94 with value: 0.0037233955343253912.
[I 2025-11-20 06:22:32,040] Trial 352 finished with value: 0.015026708086952566 and parameters: {'n_units': 1000, 'alpha': 0.30000000000000004, 'sigma_in': 0.2, 'rho': 0.2, 'tikh': 0.1, 'option': 5, 'Normalization': 1}. Best is trial 344 with value: 0.007580025377683342.
[I 2025-11-20 06:27:24,789] Trial 353 finished with value: 0.005351505021099001 and parameters: {'n_units': 1000, 'alpha': 0.6, 'sigma_in': 0.30000000000000004, 'rho': 0.5, 'tikh': 0.1, 'option': 4, 'Normalization': 1}. Best is trial 66 with value: 0.0032014672469813377.
[I 2025-11-20 06:28:53,098] Trial 353 finished with value: 0.9825036876602098 and parameters: {'n_units': 1000, 'alpha': 0.7000000000000001, 'sigma_in': 0.2, 'rho': 0.2, 'tikh': 0.1, 'option': 5, 'Normalization': 1}. Best is trial 344 with value: 0.007580025377683342.
[I 2025-11-20 06:34:43,955] Trial 354 finished with value: 0.011214028298854827 and parameters: {'n_units': 1000, 'alpha': 0.30000000000000004, 'sigma_in': 0.2, 'rho': 0.2, 'tikh': 0.1, 'option': 5, 'Normalization': 1}. Best is trial 344 with value: 0.007580025377683342.
[I 2025-11-20 06:34:49,279] Trial 354 finished with value: 171.37874525487422 and parameters: {'n_units': 1000, 'alpha': 0.6, 'sigma_in': 1.0, 'rho': 0.5, 'tikh': 0.1, 'option': 4, 'Normalization': 1}. Best is trial 66 with value: 0.0032014672469813377.
[I 2025-11-20 06:42:09,856] Trial 355 finished with value: 4.784975792979822 and parameters: {'n_units': 1000, 'alpha': 0.6, 'sigma_in': 0.4, 'rho': 0.5, 'tikh': 0.1, 'option': 4, 'Normalization': 1}. Best is trial 66 with value: 0.0032014672469813377.
[I 2025-11-20 06:44:06,277] Trial 333 finished with value: 871.1983171463013 and parameters: {'n_units': 3000, 'alpha': 0.9, 'sigma_in': 1.0, 'rho': 0.5, 'tikh': 0.1, 'option': 4, 'Normalization': 1}. Best is trial 94 with value: 0.0037233955343253912.
[I 2025-11-20 06:49:09,514] Trial 356 finished with value: 105429.18334350587 and parameters: {'n_units': 1000, 'alpha': 0.6, 'sigma_in': 0.30000000000000004, 'rho': 0.5, 'tikh': 0.0001, 'option': 4, 'Normalization': 1}. Best is trial 66 with value: 0.0032014672469813377.
[I 2025-11-20 06:50:10,789] Trial 334 finished with value: 1.239039118704386 and parameters: {'n_units': 1000, 'alpha': 0.9, 'sigma_in': 0.4, 'rho': 0.4, 'tikh': 0.1, 'option': 4, 'Normalization': 1}. Best is trial 94 with value: 0.0037233955343253912.
[I 2025-11-20 06:56:11,453] Trial 335 finished with value: 0.008359593991190194 and parameters: {'n_units': 1000, 'alpha': 0.9, 'sigma_in': 0.4, 'rho': 0.4, 'tikh': 0.1, 'option': 4, 'Normalization': 1}. Best is trial 94 with value: 0.0037233955343253912.
[I 2025-11-20 06:56:22,778] Trial 357 finished with value: 0.07575418762862682 and parameters: {'n_units': 1000, 'alpha': 0.6, 'sigma_in': 0.2, 'rho': 0.6, 'tikh': 0.1, 'option': 4, 'Normalization': 1}. Best is trial 66 with value: 0.0032014672469813377.
[I 2025-11-20 06:57:24,347] Trial 355 finished with value: 9.755604458320885 and parameters: {'n_units': 3000, 'alpha': 0.30000000000000004, 'sigma_in': 0.2, 'rho': 0.2, 'tikh': 0.1, 'option': 5, 'Normalization': 1}. Best is trial 344 with value: 0.007580025377683342.
[I 2025-11-20 07:02:19,861] Trial 336 finished with value: 0.00965652654413134 and parameters: {'n_units': 1000, 'alpha': 0.8, 'sigma_in': 0.4, 'rho': 0.4, 'tikh': 0.1, 'option': 4, 'Normalization': 1}. Best is trial 94 with value: 0.0037233955343253912.
[I 2025-11-20 07:03:25,202] Trial 358 finished with value: 0.5477226784452796 and parameters: {'n_units': 1000, 'alpha': 0.6, 'sigma_in': 0.5, 'rho': 0.5, 'tikh': 0.1, 'option': 3, 'Normalization': 1}. Best is trial 66 with value: 0.0032014672469813377.
[I 2025-11-20 07:03:57,525] Trial 356 finished with value: 0.007659379625692964 and parameters: {'n_units': 1000, 'alpha': 0.30000000000000004, 'sigma_in': 0.2, 'rho': 0.2, 'tikh': 0.1, 'option': 5, 'Normalization': 1}. Best is trial 344 with value: 0.007580025377683342.
[I 2025-11-20 07:08:49,957] Trial 337 finished with value: 0.018986394815146922 and parameters: {'n_units': 1000, 'alpha': 0.9, 'sigma_in': 0.30000000000000004, 'rho': 0.4, 'tikh': 0.1, 'option': 4, 'Normalization': 1}. Best is trial 94 with value: 0.0037233955343253912.
[I 2025-11-20 07:10:33,491] Trial 359 finished with value: 0.01000807578675449 and parameters: {'n_units': 1000, 'alpha': 0.6, 'sigma_in': 0.30000000000000004, 'rho': 0.5, 'tikh': 0.1, 'option': 4, 'Normalization': 1}. Best is trial 66 with value: 0.0032014672469813377.
[I 2025-11-20 07:10:37,883] Trial 357 finished with value: 0.05678586340509355 and parameters: {'n_units': 1000, 'alpha': 0.30000000000000004, 'sigma_in': 0.2, 'rho': 0.2, 'tikh': 0.1, 'option': 5, 'Normalization': 1}. Best is trial 344 with value: 0.007580025377683342.
[I 2025-11-20 07:15:19,621] Trial 338 finished with value: 0.016578522510826588 and parameters: {'n_units': 1000, 'alpha': 0.9, 'sigma_in': 0.4, 'rho': 0.4, 'tikh': 0.1, 'option': 3, 'Normalization': 1}. Best is trial 94 with value: 0.0037233955343253912.
[I 2025-11-20 07:17:09,627] Trial 358 finished with value: 0.018967077322304248 and parameters: {'n_units': 1000, 'alpha': 0.30000000000000004, 'sigma_in': 0.2, 'rho': 0.2, 'tikh': 0.1, 'option': 5, 'Normalization': 1}. Best is trial 344 with value: 0.007580025377683342.
[I 2025-11-20 07:17:44,339] Trial 360 finished with value: 0.11549410792067646 and parameters: {'n_units': 1000, 'alpha': 0.5, 'sigma_in': 0.30000000000000004, 'rho': 0.5, 'tikh': 0.1, 'option': 4, 'Normalization': 1}. Best is trial 66 with value: 0.0032014672469813377.
[I 2025-11-20 07:21:43,037] Trial 339 finished with value: 3.484449641336687 and parameters: {'n_units': 1000, 'alpha': 0.9, 'sigma_in': 0.4, 'rho': 0.4, 'tikh': 0.1, 'option': 4, 'Normalization': 1}. Best is trial 94 with value: 0.0037233955343253912.
[I 2025-11-20 07:23:45,083] Trial 359 finished with value: 0.0183221235871315 and parameters: {'n_units': 1000, 'alpha': 0.30000000000000004, 'sigma_in': 0.2, 'rho': 0.2, 'tikh': 0.1, 'option': 5, 'Normalization': 1}. Best is trial 344 with value: 0.007580025377683342.
[I 2025-11-20 07:24:44,757] Trial 361 finished with value: 26711.719870376586 and parameters: {'n_units': 1000, 'alpha': 0.7000000000000001, 'sigma_in': 0.30000000000000004, 'rho': 0.5, 'tikh': 1e-05, 'option': 4, 'Normalization': 1}. Best is trial 66 with value: 0.0032014672469813377.
[I 2025-11-20 07:28:35,552] Trial 340 finished with value: 3014.301638031006 and parameters: {'n_units': 1000, 'alpha': 0.9, 'sigma_in': 0.4, 'rho': 0.4, 'tikh': 0.0001, 'option': 4, 'Normalization': 1}. Best is trial 94 with value: 0.0037233955343253912.
[I 2025-11-20 07:30:35,424] Trial 360 finished with value: 0.4978733241558075 and parameters: {'n_units': 1000, 'alpha': 0.30000000000000004, 'sigma_in': 0.2, 'rho': 0.2, 'tikh': 0.1, 'option': 5, 'Normalization': 1}. Best is trial 344 with value: 0.007580025377683342.
