[I 2025-11-19 21:54:44,112] Trial 198 finished with value: 0.009193485928699374 and parameters: {'n_units': 1000, 'alpha': 0.7000000000000001, 'sigma_in': 0.30000000000000004, 'rho': 0.5, 'tikh': 0.1, 'option': 4, 'Normalization': 1}. Best is trial 66 with value: 0.0032014672469813377.
[I 2025-11-19 21:55:09,610] Trial 197 finished with value: 1.2672592872753738 and parameters: {'n_units': 1000, 'alpha': 0.2, 'sigma_in': 0.4, 'rho': 0.1, 'tikh': 0.1, 'option': 5, 'Normalization': 1}. Best is trial 174 with value: 0.45870100855827334.
[I 2025-11-19 21:55:30,618] Trial 199 finished with value: 0.008925672504119575 and parameters: {'n_units': 1000, 'alpha': 0.7000000000000001, 'sigma_in': 0.30000000000000004, 'rho': 0.5, 'tikh': 0.1, 'option': 4, 'Normalization': 1}. Best is trial 66 with value: 0.0032014672469813377.
[I 2025-11-19 21:55:33,429] Trial 181 finished with value: 0.007087095477618277 and parameters: {'n_units': 1000, 'alpha': 0.9, 'sigma_in': 0.4, 'rho': 0.4, 'tikh': 0.1, 'option': 4, 'Normalization': 1}. Best is trial 94 with value: 0.0037233955343253912.
[I 2025-11-19 21:55:55,226] Trial 198 finished with value: 0.5505728632211685 and parameters: {'n_units': 1000, 'alpha': 0.2, 'sigma_in': 0.4, 'rho': 0.1, 'tikh': 0.1, 'option': 3, 'Normalization': 1}. Best is trial 174 with value: 0.45870100855827334.
[I 2025-11-19 21:56:17,490] Trial 200 finished with value: 6765.654693222046 and parameters: {'n_units': 1000, 'alpha': 0.7000000000000001, 'sigma_in': 0.7000000000000001, 'rho': 0.4, 'tikh': 0.0001, 'option': 4, 'Normalization': 1}. Best is trial 66 with value: 0.0032014672469813377.
[I 2025-11-19 21:56:22,557] Trial 182 finished with value: 3.1406328652519733 and parameters: {'n_units': 1000, 'alpha': 0.9, 'sigma_in': 0.4, 'rho': 0.4, 'tikh': 0.1, 'option': 4, 'Normalization': 1}. Best is trial 94 with value: 0.0037233955343253912.
[I 2025-11-19 21:56:41,397] Trial 199 finished with value: 1051.66814353168 and parameters: {'n_units': 1000, 'alpha': 0.2, 'sigma_in': 0.30000000000000004, 'rho': 0.1, 'tikh': 0.001, 'option': 3, 'Normalization': 1}. Best is trial 174 with value: 0.45870100855827334.
[I 2025-11-19 21:57:05,244] Trial 201 finished with value: 0.010776454070582985 and parameters: {'n_units': 1000, 'alpha': 0.7000000000000001, 'sigma_in': 0.30000000000000004, 'rho': 0.5, 'tikh': 0.1, 'option': 4, 'Normalization': 1}. Best is trial 66 with value: 0.0032014672469813377.
[I 2025-11-19 21:57:12,630] Trial 183 finished with value: 1.0873639945988542 and parameters: {'n_units': 1000, 'alpha': 0.9, 'sigma_in': 0.4, 'rho': 0.5, 'tikh': 0.1, 'option': 4, 'Normalization': 1}. Best is trial 94 with value: 0.0037233955343253912.
[I 2025-11-19 21:57:27,429] Trial 200 finished with value: 0.521480244398117 and parameters: {'n_units': 1000, 'alpha': 0.2, 'sigma_in': 0.4, 'rho': 0.1, 'tikh': 0.1, 'option': 3, 'Normalization': 1}. Best is trial 174 with value: 0.45870100855827334.
[I 2025-11-19 21:57:51,961] Trial 202 finished with value: 0.006962412234861404 and parameters: {'n_units': 1000, 'alpha': 0.7000000000000001, 'sigma_in': 0.30000000000000004, 'rho': 0.5, 'tikh': 0.1, 'option': 4, 'Normalization': 1}. Best is trial 66 with value: 0.0032014672469813377.
[I 2025-11-19 21:58:01,413] Trial 184 finished with value: 0.006485037563834339 and parameters: {'n_units': 1000, 'alpha': 0.9, 'sigma_in': 0.4, 'rho': 0.4, 'tikh': 0.1, 'option': 4, 'Normalization': 1}. Best is trial 94 with value: 0.0037233955343253912.
[I 2025-11-19 21:58:13,432] Trial 201 finished with value: 0.6870658934116364 and parameters: {'n_units': 1000, 'alpha': 0.2, 'sigma_in': 0.4, 'rho': 0.1, 'tikh': 0.1, 'option': 3, 'Normalization': 1}. Best is trial 174 with value: 0.45870100855827334.
[I 2025-11-19 21:58:38,752] Trial 203 finished with value: 0.010573584772646426 and parameters: {'n_units': 1000, 'alpha': 0.7000000000000001, 'sigma_in': 0.30000000000000004, 'rho': 0.5, 'tikh': 0.1, 'option': 4, 'Normalization': 1}. Best is trial 66 with value: 0.0032014672469813377.
[I 2025-11-19 21:58:49,960] Trial 185 finished with value: 0.008357356954365968 and parameters: {'n_units': 1000, 'alpha': 0.9, 'sigma_in': 0.4, 'rho': 0.4, 'tikh': 0.1, 'option': 4, 'Normalization': 1}. Best is trial 94 with value: 0.0037233955343253912.
[I 2025-11-19 21:58:59,198] Trial 202 finished with value: 0.6333266019821167 and parameters: {'n_units': 1000, 'alpha': 0.2, 'sigma_in': 0.4, 'rho': 0.1, 'tikh': 0.1, 'option': 3, 'Normalization': 1}. Best is trial 174 with value: 0.45870100855827334.
[I 2025-11-19 21:59:25,533] Trial 204 finished with value: 0.009177153639029711 and parameters: {'n_units': 1000, 'alpha': 0.7000000000000001, 'sigma_in': 0.30000000000000004, 'rho': 0.5, 'tikh': 0.1, 'option': 4, 'Normalization': 1}. Best is trial 66 with value: 0.0032014672469813377.
[I 2025-11-19 21:59:39,600] Trial 186 finished with value: 23.584393882751463 and parameters: {'n_units': 1000, 'alpha': 0.9, 'sigma_in': 0.5, 'rho': 0.4, 'tikh': 0.1, 'option': 4, 'Normalization': 1}. Best is trial 94 with value: 0.0037233955343253912.
[I 2025-11-19 21:59:44,905] Trial 203 finished with value: 0.4668261229991913 and parameters: {'n_units': 1000, 'alpha': 0.2, 'sigma_in': 0.4, 'rho': 0.1, 'tikh': 0.1, 'option': 3, 'Normalization': 1}. Best is trial 174 with value: 0.45870100855827334.
[I 2025-11-19 22:00:12,025] Trial 205 finished with value: 0.007836296828463674 and parameters: {'n_units': 1000, 'alpha': 0.7000000000000001, 'sigma_in': 0.30000000000000004, 'rho': 0.5, 'tikh': 0.1, 'option': 4, 'Normalization': 1}. Best is trial 66 with value: 0.0032014672469813377.
[I 2025-11-19 22:00:28,975] Trial 187 finished with value: 0.31589025899302214 and parameters: {'n_units': 1000, 'alpha': 0.9, 'sigma_in': 0.4, 'rho': 0.4, 'tikh': 0.1, 'option': 4, 'Normalization': 1}. Best is trial 94 with value: 0.0037233955343253912.
[I 2025-11-19 22:00:31,225] Trial 204 finished with value: 0.5260127723217011 and parameters: {'n_units': 1000, 'alpha': 0.2, 'sigma_in': 0.4, 'rho': 0.1, 'tikh': 0.1, 'option': 3, 'Normalization': 1}. Best is trial 174 with value: 0.45870100855827334.
[I 2025-11-19 22:00:59,919] Trial 206 finished with value: 0.007599709182977676 and parameters: {'n_units': 1000, 'alpha': 0.7000000000000001, 'sigma_in': 0.30000000000000004, 'rho': 0.5, 'tikh': 0.1, 'option': 4, 'Normalization': 1}. Best is trial 66 with value: 0.0032014672469813377.
[I 2025-11-19 22:01:17,759] Trial 205 finished with value: 0.5016292721033097 and parameters: {'n_units': 1000, 'alpha': 0.2, 'sigma_in': 0.4, 'rho': 0.1, 'tikh': 0.1, 'option': 3, 'Normalization': 1}. Best is trial 174 with value: 0.45870100855827334.
[I 2025-11-19 22:01:19,112] Trial 188 finished with value: 0.6943714488996193 and parameters: {'n_units': 1000, 'alpha': 0.9, 'sigma_in': 0.4, 'rho': 0.4, 'tikh': 0.1, 'option': 4, 'Normalization': 1}. Best is trial 94 with value: 0.0037233955343253912.
[I 2025-11-19 22:01:46,867] Trial 207 finished with value: 0.008122563012875617 and parameters: {'n_units': 1000, 'alpha': 0.7000000000000001, 'sigma_in': 0.30000000000000004, 'rho': 0.5, 'tikh': 0.1, 'option': 4, 'Normalization': 1}. Best is trial 66 with value: 0.0032014672469813377.
[I 2025-11-19 22:02:04,094] Trial 206 finished with value: 627.1448180437088 and parameters: {'n_units': 1000, 'alpha': 0.2, 'sigma_in': 0.4, 'rho': 0.1, 'tikh': 0.0001, 'option': 3, 'Normalization': 1}. Best is trial 174 with value: 0.45870100855827334.
[I 2025-11-19 22:02:08,790] Trial 189 finished with value: 17955.859669494628 and parameters: {'n_units': 1000, 'alpha': 0.9, 'sigma_in': 0.4, 'rho': 0.4, 'tikh': 1e-05, 'option': 4, 'Normalization': 1}. Best is trial 94 with value: 0.0037233955343253912.
[I 2025-11-19 22:02:56,326] Trial 208 finished with value: 1408.5923383831978 and parameters: {'n_units': 3000, 'alpha': 0.6, 'sigma_in': 0.30000000000000004, 'rho': 0.5, 'tikh': 0.1, 'option': 4, 'Normalization': 1}. Best is trial 66 with value: 0.0032014672469813377.
[I 2025-11-19 22:02:57,226] Trial 207 finished with value: 0.6549608647823334 and parameters: {'n_units': 1000, 'alpha': 0.2, 'sigma_in': 0.4, 'rho': 0.1, 'tikh': 0.1, 'option': 3, 'Normalization': 1}. Best is trial 174 with value: 0.45870100855827334.
[I 2025-11-19 22:02:59,910] Trial 190 finished with value: 1578243.4949081421 and parameters: {'n_units': 1000, 'alpha': 0.9, 'sigma_in': 0.4, 'rho': 0.5, 'tikh': 0.001, 'option': 4, 'Normalization': 1}. Best is trial 94 with value: 0.0037233955343253912.
[I 2025-11-19 22:03:45,626] Trial 208 finished with value: 0.5635019779205322 and parameters: {'n_units': 1000, 'alpha': 0.2, 'sigma_in': 0.4, 'rho': 0.1, 'tikh': 0.1, 'option': 3, 'Normalization': 1}. Best is trial 174 with value: 0.45870100855827334.
[I 2025-11-19 22:03:45,707] Trial 209 finished with value: 0.09846566584892572 and parameters: {'n_units': 1000, 'alpha': 0.7000000000000001, 'sigma_in': 0.30000000000000004, 'rho': 0.5, 'tikh': 0.1, 'option': 3, 'Normalization': 1}. Best is trial 66 with value: 0.0032014672469813377.
[I 2025-11-19 22:03:50,811] Trial 191 finished with value: 0.02826867327094078 and parameters: {'n_units': 1000, 'alpha': 1.0, 'sigma_in': 0.4, 'rho': 0.4, 'tikh': 0.1, 'option': 4, 'Normalization': 1}. Best is trial 94 with value: 0.0037233955343253912.
[I 2025-11-19 22:04:32,928] Trial 209 finished with value: 0.6023176431655883 and parameters: {'n_units': 1000, 'alpha': 0.2, 'sigma_in': 0.4, 'rho': 0.1, 'tikh': 0.1, 'option': 3, 'Normalization': 1}. Best is trial 174 with value: 0.45870100855827334.
[I 2025-11-19 22:04:34,318] Trial 210 finished with value: 35447.34748764038 and parameters: {'n_units': 1000, 'alpha': 0.7000000000000001, 'sigma_in': 0.4, 'rho': 0.5, 'tikh': 1e-05, 'option': 4, 'Normalization': 1}. Best is trial 66 with value: 0.0032014672469813377.
[I 2025-11-19 22:04:40,680] Trial 192 finished with value: 0.008155264426022768 and parameters: {'n_units': 1000, 'alpha': 1.0, 'sigma_in': 0.4, 'rho': 0.4, 'tikh': 0.1, 'option': 4, 'Normalization': 1}. Best is trial 94 with value: 0.0037233955343253912.
[I 2025-11-19 22:05:18,494] Trial 210 finished with value: 0.4285071283578873 and parameters: {'n_units': 1000, 'alpha': 0.2, 'sigma_in': 0.30000000000000004, 'rho': 0.1, 'tikh': 0.1, 'option': 3, 'Normalization': 1}. Best is trial 210 with value: 0.4285071283578873.
[I 2025-11-19 22:05:20,638] Trial 211 finished with value: 0.004126691818237304 and parameters: {'n_units': 1000, 'alpha': 0.7000000000000001, 'sigma_in': 0.30000000000000004, 'rho': 0.5, 'tikh': 0.1, 'option': 4, 'Normalization': 1}. Best is trial 66 with value: 0.0032014672469813377.
[I 2025-11-19 22:05:30,082] Trial 193 finished with value: 0.012614103814121336 and parameters: {'n_units': 1000, 'alpha': 1.0, 'sigma_in': 0.4, 'rho': 0.4, 'tikh': 0.1, 'option': 4, 'Normalization': 1}. Best is trial 94 with value: 0.0037233955343253912.
[I 2025-11-19 22:06:04,116] Trial 211 finished with value: 0.40002981424331663 and parameters: {'n_units': 1000, 'alpha': 0.2, 'sigma_in': 0.30000000000000004, 'rho': 0.1, 'tikh': 0.1, 'option': 3, 'Normalization': 1}. Best is trial 211 with value: 0.40002981424331663.
[I 2025-11-19 22:06:07,124] Trial 212 finished with value: 0.007344981003552675 and parameters: {'n_units': 1000, 'alpha': 0.7000000000000001, 'sigma_in': 0.30000000000000004, 'rho': 0.5, 'tikh': 0.1, 'option': 4, 'Normalization': 1}. Best is trial 66 with value: 0.0032014672469813377.
[I 2025-11-19 22:06:19,121] Trial 194 finished with value: 0.008117730007506907 and parameters: {'n_units': 1000, 'alpha': 0.9, 'sigma_in': 0.4, 'rho': 0.4, 'tikh': 0.1, 'option': 4, 'Normalization': 1}. Best is trial 94 with value: 0.0037233955343253912.
[I 2025-11-19 22:06:49,664] Trial 212 finished with value: 0.4125171571969986 and parameters: {'n_units': 1000, 'alpha': 0.2, 'sigma_in': 0.30000000000000004, 'rho': 0.1, 'tikh': 0.1, 'option': 3, 'Normalization': 1}. Best is trial 211 with value: 0.40002981424331663.
[I 2025-11-19 22:06:53,578] Trial 213 finished with value: 0.02261152151040733 and parameters: {'n_units': 1000, 'alpha': 0.7000000000000001, 'sigma_in': 0.30000000000000004, 'rho': 0.5, 'tikh': 0.1, 'option': 4, 'Normalization': 1}. Best is trial 66 with value: 0.0032014672469813377.
[I 2025-11-19 22:07:08,890] Trial 195 finished with value: 0.4150789619423449 and parameters: {'n_units': 1000, 'alpha': 0.9, 'sigma_in': 0.4, 'rho': 0.4, 'tikh': 0.1, 'option': 4, 'Normalization': 1}. Best is trial 94 with value: 0.0037233955343253912.
[I 2025-11-19 22:07:36,682] Trial 213 finished with value: 0.4290375173091888 and parameters: {'n_units': 1000, 'alpha': 0.2, 'sigma_in': 0.30000000000000004, 'rho': 0.1, 'tikh': 0.1, 'option': 3, 'Normalization': 1}. Best is trial 211 with value: 0.40002981424331663.
[I 2025-11-19 22:07:41,664] Trial 214 finished with value: 0.005519870016723871 and parameters: {'n_units': 1000, 'alpha': 0.7000000000000001, 'sigma_in': 0.30000000000000004, 'rho': 0.5, 'tikh': 0.1, 'option': 4, 'Normalization': 1}. Best is trial 66 with value: 0.0032014672469813377.
[I 2025-11-19 22:07:57,553] Trial 196 finished with value: 0.012324042804539203 and parameters: {'n_units': 1000, 'alpha': 0.5, 'sigma_in': 0.4, 'rho': 0.4, 'tikh': 0.1, 'option': 4, 'Normalization': 1}. Best is trial 94 with value: 0.0037233955343253912.
[I 2025-11-19 22:08:22,151] Trial 214 finished with value: 0.4478504121303558 and parameters: {'n_units': 1000, 'alpha': 0.2, 'sigma_in': 0.30000000000000004, 'rho': 0.1, 'tikh': 0.1, 'option': 3, 'Normalization': 1}. Best is trial 211 with value: 0.40002981424331663.
[I 2025-11-19 22:08:28,125] Trial 215 finished with value: 0.007074328139424324 and parameters: {'n_units': 1000, 'alpha': 0.7000000000000001, 'sigma_in': 0.30000000000000004, 'rho': 0.5, 'tikh': 0.1, 'option': 4, 'Normalization': 1}. Best is trial 66 with value: 0.0032014672469813377.
[I 2025-11-19 22:08:46,132] Trial 197 finished with value: 19.342869397439063 and parameters: {'n_units': 1000, 'alpha': 0.9, 'sigma_in': 0.5, 'rho': 0.5, 'tikh': 0.1, 'option': 4, 'Normalization': 1}. Best is trial 94 with value: 0.0037233955343253912.
[I 2025-11-19 22:09:07,753] Trial 215 finished with value: 0.4537692189216614 and parameters: {'n_units': 1000, 'alpha': 0.2, 'sigma_in': 0.30000000000000004, 'rho': 0.1, 'tikh': 0.1, 'option': 3, 'Normalization': 1}. Best is trial 211 with value: 0.40002981424331663.
[I 2025-11-19 22:09:14,515] Trial 216 finished with value: 0.05268942401744425 and parameters: {'n_units': 1000, 'alpha': 0.7000000000000001, 'sigma_in': 0.30000000000000004, 'rho': 0.5, 'tikh': 0.1, 'option': 4, 'Normalization': 1}. Best is trial 66 with value: 0.0032014672469813377.
[I 2025-11-19 22:09:34,985] Trial 198 finished with value: 29.107119801128285 and parameters: {'n_units': 1000, 'alpha': 0.9, 'sigma_in': 0.4, 'rho': 0.4, 'tikh': 0.1, 'option': 4, 'Normalization': 1}. Best is trial 94 with value: 0.0037233955343253912.
[I 2025-11-19 22:09:53,625] Trial 216 finished with value: 0.5524040460586548 and parameters: {'n_units': 1000, 'alpha': 0.2, 'sigma_in': 0.30000000000000004, 'rho': 0.1, 'tikh': 0.1, 'option': 3, 'Normalization': 1}. Best is trial 211 with value: 0.40002981424331663.
[I 2025-11-19 22:10:01,112] Trial 217 finished with value: 0.04209982194006443 and parameters: {'n_units': 1000, 'alpha': 0.7000000000000001, 'sigma_in': 0.30000000000000004, 'rho': 0.5, 'tikh': 0.1, 'option': 4, 'Normalization': 1}. Best is trial 66 with value: 0.0032014672469813377.
[I 2025-11-19 22:10:23,528] Trial 199 finished with value: 0.007914721453562378 and parameters: {'n_units': 1000, 'alpha': 0.9, 'sigma_in': 0.4, 'rho': 0.4, 'tikh': 0.1, 'option': 4, 'Normalization': 1}. Best is trial 94 with value: 0.0037233955343253912.
[I 2025-11-19 22:10:39,987] Trial 217 finished with value: 0.47108997106552125 and parameters: {'n_units': 1000, 'alpha': 0.2, 'sigma_in': 0.30000000000000004, 'rho': 0.1, 'tikh': 0.1, 'option': 3, 'Normalization': 1}. Best is trial 211 with value: 0.40002981424331663.
[I 2025-11-19 22:10:50,938] Trial 218 finished with value: 0.009514774638228118 and parameters: {'n_units': 1000, 'alpha': 0.7000000000000001, 'sigma_in': 0.30000000000000004, 'rho': 0.5, 'tikh': 0.1, 'option': 4, 'Normalization': 1}. Best is trial 66 with value: 0.0032014672469813377.
[I 2025-11-19 22:11:13,639] Trial 200 finished with value: 0.008098404901102186 and parameters: {'n_units': 1000, 'alpha': 0.9, 'sigma_in': 0.4, 'rho': 0.4, 'tikh': 0.1, 'option': 4, 'Normalization': 1}. Best is trial 94 with value: 0.0037233955343253912.
[I 2025-11-19 22:11:47,209] Trial 219 finished with value: 12.774675300344825 and parameters: {'n_units': 1000, 'alpha': 0.5, 'sigma_in': 0.30000000000000004, 'rho': 0.5, 'tikh': 0.1, 'option': 5, 'Normalization': 1}. Best is trial 66 with value: 0.0032014672469813377.
[I 2025-11-19 22:11:47,827] Trial 218 finished with value: 3.583624704927206 and parameters: {'n_units': 3000, 'alpha': 0.2, 'sigma_in': 0.30000000000000004, 'rho': 0.1, 'tikh': 0.1, 'option': 3, 'Normalization': 1}. Best is trial 211 with value: 0.40002981424331663.
[I 2025-11-19 22:12:04,006] Trial 201 finished with value: 0.007139866310171783 and parameters: {'n_units': 1000, 'alpha': 0.9, 'sigma_in': 0.4, 'rho': 0.4, 'tikh': 0.1, 'option': 4, 'Normalization': 1}. Best is trial 94 with value: 0.0037233955343253912.
[I 2025-11-19 22:12:35,350] Trial 220 finished with value: 387.946223449707 and parameters: {'n_units': 1000, 'alpha': 0.7000000000000001, 'sigma_in': 0.2, 'rho': 0.5, 'tikh': 0.01, 'option': 4, 'Normalization': 1}. Best is trial 66 with value: 0.0032014672469813377.
[I 2025-11-19 22:12:35,532] Trial 219 finished with value: 0.45969121158123016 and parameters: {'n_units': 1000, 'alpha': 0.2, 'sigma_in': 0.30000000000000004, 'rho': 0.1, 'tikh': 0.1, 'option': 3, 'Normalization': 1}. Best is trial 211 with value: 0.40002981424331663.
[I 2025-11-19 22:12:55,365] Trial 202 finished with value: 0.5967657459434121 and parameters: {'n_units': 1000, 'alpha': 0.9, 'sigma_in': 0.4, 'rho': 0.4, 'tikh': 0.1, 'option': 4, 'Normalization': 1}. Best is trial 94 with value: 0.0037233955343253912.
[I 2025-11-19 22:13:25,523] Trial 220 finished with value: 0.38815012872219085 and parameters: {'n_units': 1000, 'alpha': 0.2, 'sigma_in': 0.30000000000000004, 'rho': 0.1, 'tikh': 0.1, 'option': 3, 'Normalization': 1}. Best is trial 220 with value: 0.38815012872219085.
[I 2025-11-19 22:13:26,351] Trial 221 finished with value: 0.0042036552214995025 and parameters: {'n_units': 1000, 'alpha': 0.7000000000000001, 'sigma_in': 0.30000000000000004, 'rho': 0.5, 'tikh': 0.1, 'option': 4, 'Normalization': 1}. Best is trial 66 with value: 0.0032014672469813377.
[I 2025-11-19 22:13:46,485] Trial 203 finished with value: 0.005908467783592641 and parameters: {'n_units': 1000, 'alpha': 0.9, 'sigma_in': 0.4, 'rho': 0.4, 'tikh': 0.1, 'option': 4, 'Normalization': 1}. Best is trial 94 with value: 0.0037233955343253912.
[I 2025-11-19 22:14:11,469] Trial 221 finished with value: 0.4556165784597397 and parameters: {'n_units': 1000, 'alpha': 0.2, 'sigma_in': 0.30000000000000004, 'rho': 0.1, 'tikh': 0.1, 'option': 3, 'Normalization': 1}. Best is trial 220 with value: 0.38815012872219085.
[I 2025-11-19 22:14:12,805] Trial 222 finished with value: 0.005938424763735383 and parameters: {'n_units': 1000, 'alpha': 0.7000000000000001, 'sigma_in': 0.30000000000000004, 'rho': 0.5, 'tikh': 0.1, 'option': 4, 'Normalization': 1}. Best is trial 66 with value: 0.0032014672469813377.
[I 2025-11-19 22:14:35,583] Trial 204 finished with value: 0.00895874029956758 and parameters: {'n_units': 1000, 'alpha': 0.9, 'sigma_in': 0.4, 'rho': 0.4, 'tikh': 0.1, 'option': 4, 'Normalization': 1}. Best is trial 94 with value: 0.0037233955343253912.
[I 2025-11-19 22:14:57,246] Trial 222 finished with value: 0.4670785814523697 and parameters: {'n_units': 1000, 'alpha': 0.2, 'sigma_in': 0.30000000000000004, 'rho': 0.1, 'tikh': 0.1, 'option': 3, 'Normalization': 1}. Best is trial 220 with value: 0.38815012872219085.
[I 2025-11-19 22:14:59,253] Trial 223 finished with value: 0.010370700154453516 and parameters: {'n_units': 1000, 'alpha': 0.7000000000000001, 'sigma_in': 0.30000000000000004, 'rho': 0.5, 'tikh': 0.1, 'option': 4, 'Normalization': 1}. Best is trial 66 with value: 0.0032014672469813377.
[I 2025-11-19 22:15:24,922] Trial 205 finished with value: 22.552853596769275 and parameters: {'n_units': 1000, 'alpha': 0.9, 'sigma_in': 0.4, 'rho': 0.4, 'tikh': 0.1, 'option': 4, 'Normalization': 1}. Best is trial 94 with value: 0.0037233955343253912.
[I 2025-11-19 22:15:42,841] Trial 223 finished with value: 0.40039900243282317 and parameters: {'n_units': 1000, 'alpha': 0.2, 'sigma_in': 0.30000000000000004, 'rho': 0.1, 'tikh': 0.1, 'option': 3, 'Normalization': 1}. Best is trial 220 with value: 0.38815012872219085.
[I 2025-11-19 22:15:45,820] Trial 224 finished with value: 0.007673414750024676 and parameters: {'n_units': 1000, 'alpha': 0.7000000000000001, 'sigma_in': 0.30000000000000004, 'rho': 0.5, 'tikh': 0.1, 'option': 4, 'Normalization': 1}. Best is trial 66 with value: 0.0032014672469813377.
[I 2025-11-19 22:16:13,757] Trial 206 finished with value: 0.009579249110538512 and parameters: {'n_units': 1000, 'alpha': 0.9, 'sigma_in': 0.4, 'rho': 0.4, 'tikh': 0.1, 'option': 4, 'Normalization': 1}. Best is trial 94 with value: 0.0037233955343253912.
[I 2025-11-19 22:16:28,470] Trial 224 finished with value: 0.41576080620288847 and parameters: {'n_units': 1000, 'alpha': 0.2, 'sigma_in': 0.30000000000000004, 'rho': 0.1, 'tikh': 0.1, 'option': 3, 'Normalization': 1}. Best is trial 220 with value: 0.38815012872219085.
[I 2025-11-19 22:16:32,903] Trial 225 finished with value: 0.009099542954936623 and parameters: {'n_units': 1000, 'alpha': 0.7000000000000001, 'sigma_in': 0.30000000000000004, 'rho': 0.5, 'tikh': 0.1, 'option': 4, 'Normalization': 1}. Best is trial 66 with value: 0.0032014672469813377.
