[I 2025-11-21 00:27:44,927] Trial 148 finished with value: 5506.564451360702 and parameters: {'n_units': 3000, 'alpha': 1.0, 'sigma_in': 0.4, 'rho': 0.2, 'tikh': 0.1, 'option': 3, 'N_train': 20000, 'out_dim': 3, 'Normalization': 1}. Best is trial 42 with value: 0.005647279345430434.
[I 2025-11-21 00:28:39,421] Trial 149 finished with value: 0.03334331130608916 and parameters: {'n_units': 1000, 'alpha': 1.0, 'sigma_in': 0.4, 'rho': 0.30000000000000004, 'tikh': 0.1, 'option': 3, 'N_train': 20000, 'out_dim': 3, 'Normalization': 1}. Best is trial 42 with value: 0.005647279345430434.
[I 2025-11-21 00:29:42,479] Trial 150 finished with value: 0.011869828356429935 and parameters: {'n_units': 1000, 'alpha': 1.0, 'sigma_in': 0.30000000000000004, 'rho': 0.2, 'tikh': 0.1, 'option': 3, 'N_train': 20000, 'out_dim': 3, 'Normalization': 1}. Best is trial 42 with value: 0.005647279345430434.
[I 2025-11-21 00:30:34,177] Trial 151 finished with value: 0.02408598605543375 and parameters: {'n_units': 1000, 'alpha': 1.0, 'sigma_in': 0.30000000000000004, 'rho': 0.2, 'tikh': 0.1, 'option': 3, 'N_train': 20000, 'out_dim': 3, 'Normalization': 1}. Best is trial 42 with value: 0.005647279345430434.
[I 2025-11-21 00:31:31,015] Trial 152 finished with value: 0.31722012618556616 and parameters: {'n_units': 1000, 'alpha': 1.0, 'sigma_in': 0.30000000000000004, 'rho': 0.2, 'tikh': 0.1, 'option': 3, 'N_train': 20000, 'out_dim': 3, 'Normalization': 1}. Best is trial 42 with value: 0.005647279345430434.
[I 2025-11-21 00:32:28,139] Trial 153 finished with value: 0.01020828103646636 and parameters: {'n_units': 1000, 'alpha': 1.0, 'sigma_in': 0.30000000000000004, 'rho': 0.2, 'tikh': 0.1, 'option': 3, 'N_train': 20000, 'out_dim': 3, 'Normalization': 1}. Best is trial 42 with value: 0.005647279345430434.
[I 2025-11-21 00:33:31,714] Trial 154 finished with value: 0.01327124172821641 and parameters: {'n_units': 1000, 'alpha': 1.0, 'sigma_in': 0.30000000000000004, 'rho': 0.2, 'tikh': 0.1, 'option': 3, 'N_train': 20000, 'out_dim': 3, 'Normalization': 1}. Best is trial 42 with value: 0.005647279345430434.
[I 2025-11-21 00:34:23,727] Trial 155 finished with value: 0.008461155230179429 and parameters: {'n_units': 1000, 'alpha': 1.0, 'sigma_in': 0.30000000000000004, 'rho': 0.2, 'tikh': 0.1, 'option': 3, 'N_train': 20000, 'out_dim': 3, 'Normalization': 1}. Best is trial 42 with value: 0.005647279345430434.
[I 2025-11-21 00:35:19,182] Trial 156 finished with value: 2782.632099533081 and parameters: {'n_units': 1000, 'alpha': 1.0, 'sigma_in': 0.30000000000000004, 'rho': 0.2, 'tikh': 1e-08, 'option': 3, 'N_train': 20000, 'out_dim': 3, 'Normalization': 1}. Best is trial 42 with value: 0.005647279345430434.
[I 2025-11-21 00:36:16,894] Trial 157 finished with value: 0.008984955819323659 and parameters: {'n_units': 1000, 'alpha': 1.0, 'sigma_in': 0.30000000000000004, 'rho': 0.2, 'tikh': 0.1, 'option': 3, 'N_train': 20000, 'out_dim': 3, 'Normalization': 1}. Best is trial 42 with value: 0.005647279345430434.
[I 2025-11-21 00:37:32,700] Trial 158 finished with value: 23.527072128653526 and parameters: {'n_units': 3000, 'alpha': 1.0, 'sigma_in': 0.30000000000000004, 'rho': 0.2, 'tikh': 0.1, 'option': 2, 'N_train': 20000, 'out_dim': 3, 'Normalization': 1}. Best is trial 42 with value: 0.005647279345430434.
[I 2025-11-21 00:38:33,325] Trial 159 finished with value: 1498.321829223633 and parameters: {'n_units': 1000, 'alpha': 1.0, 'sigma_in': 0.30000000000000004, 'rho': 0.2, 'tikh': 1e-07, 'option': 3, 'N_train': 20000, 'out_dim': 3, 'Normalization': 1}. Best is trial 42 with value: 0.005647279345430434.
[I 2025-11-21 00:39:37,355] Trial 160 finished with value: 22842.604309272767 and parameters: {'n_units': 1000, 'alpha': 1.0, 'sigma_in': 0.30000000000000004, 'rho': 0.2, 'tikh': 1e-10, 'option': 3, 'N_train': 20000, 'out_dim': 3, 'Normalization': 1}. Best is trial 42 with value: 0.005647279345430434.
[I 2025-11-21 00:40:33,251] Trial 161 finished with value: 0.010647576488554477 and parameters: {'n_units': 1000, 'alpha': 1.0, 'sigma_in': 0.30000000000000004, 'rho': 0.2, 'tikh': 0.1, 'option': 3, 'N_train': 20000, 'out_dim': 3, 'Normalization': 1}. Best is trial 42 with value: 0.005647279345430434.
[I 2025-11-21 00:41:31,823] Trial 162 finished with value: 0.024366244720295072 and parameters: {'n_units': 1000, 'alpha': 1.0, 'sigma_in': 0.30000000000000004, 'rho': 0.2, 'tikh': 0.1, 'option': 3, 'N_train': 20000, 'out_dim': 3, 'Normalization': 1}. Best is trial 42 with value: 0.005647279345430434.
[I 2025-11-21 00:42:30,444] Trial 163 finished with value: 0.01004977892152965 and parameters: {'n_units': 1000, 'alpha': 1.0, 'sigma_in': 0.30000000000000004, 'rho': 0.2, 'tikh': 0.1, 'option': 3, 'N_train': 20000, 'out_dim': 3, 'Normalization': 1}. Best is trial 42 with value: 0.005647279345430434.
[I 2025-11-21 00:43:23,707] Trial 164 finished with value: 0.009883989207446575 and parameters: {'n_units': 1000, 'alpha': 1.0, 'sigma_in': 0.30000000000000004, 'rho': 0.2, 'tikh': 0.1, 'option': 3, 'N_train': 20000, 'out_dim': 3, 'Normalization': 1}. Best is trial 42 with value: 0.005647279345430434.
[I 2025-11-21 00:44:17,054] Trial 165 finished with value: 0.00932975192554295 and parameters: {'n_units': 1000, 'alpha': 1.0, 'sigma_in': 0.30000000000000004, 'rho': 0.2, 'tikh': 0.1, 'option': 3, 'N_train': 20000, 'out_dim': 3, 'Normalization': 1}. Best is trial 42 with value: 0.005647279345430434.
[I 2025-11-21 00:45:12,675] Trial 166 finished with value: 0.010462924698367715 and parameters: {'n_units': 1000, 'alpha': 1.0, 'sigma_in': 0.30000000000000004, 'rho': 0.2, 'tikh': 0.1, 'option': 3, 'N_train': 20000, 'out_dim': 3, 'Normalization': 1}. Best is trial 42 with value: 0.005647279345430434.
[I 2025-11-21 00:46:08,065] Trial 167 finished with value: 1.946044872025959 and parameters: {'n_units': 1000, 'alpha': 0.2, 'sigma_in': 0.30000000000000004, 'rho': 0.2, 'tikh': 0.1, 'option': 3, 'N_train': 20000, 'out_dim': 3, 'Normalization': 1}. Best is trial 42 with value: 0.005647279345430434.
[I 2025-11-21 00:47:45,775] Trial 168 finished with value: 8160.781176757812 and parameters: {'n_units': 3000, 'alpha': 1.0, 'sigma_in': 0.30000000000000004, 'rho': 0.2, 'tikh': 1e-06, 'option': 3, 'N_train': 20000, 'out_dim': 3, 'Normalization': 1}. Best is trial 42 with value: 0.005647279345430434.
[I 2025-11-21 00:48:39,286] Trial 169 finished with value: 0.6650294772116467 and parameters: {'n_units': 1000, 'alpha': 0.30000000000000004, 'sigma_in': 0.30000000000000004, 'rho': 0.2, 'tikh': 0.1, 'option': 5, 'N_train': 20000, 'out_dim': 3, 'Normalization': 1}. Best is trial 42 with value: 0.005647279345430434.
[I 2025-11-21 00:49:33,157] Trial 170 finished with value: 3416.467821979523 and parameters: {'n_units': 1000, 'alpha': 1.0, 'sigma_in': 0.30000000000000004, 'rho': 0.2, 'tikh': 1e-09, 'option': 3, 'N_train': 20000, 'out_dim': 3, 'Normalization': 1}. Best is trial 42 with value: 0.005647279345430434.
[I 2025-11-21 00:50:29,658] Trial 171 finished with value: 0.009264152031391859 and parameters: {'n_units': 1000, 'alpha': 1.0, 'sigma_in': 0.30000000000000004, 'rho': 0.2, 'tikh': 0.1, 'option': 3, 'N_train': 20000, 'out_dim': 3, 'Normalization': 1}. Best is trial 42 with value: 0.005647279345430434.
[I 2025-11-21 00:51:26,731] Trial 172 finished with value: 0.011700833681970835 and parameters: {'n_units': 1000, 'alpha': 1.0, 'sigma_in': 0.30000000000000004, 'rho': 0.2, 'tikh': 0.1, 'option': 3, 'N_train': 20000, 'out_dim': 3, 'Normalization': 1}. Best is trial 42 with value: 0.005647279345430434.
[I 2025-11-21 00:52:21,974] Trial 173 finished with value: 0.01397500904276967 and parameters: {'n_units': 1000, 'alpha': 1.0, 'sigma_in': 0.30000000000000004, 'rho': 0.2, 'tikh': 0.1, 'option': 3, 'N_train': 20000, 'out_dim': 3, 'Normalization': 1}. Best is trial 42 with value: 0.005647279345430434.
[I 2025-11-21 00:53:18,070] Trial 174 finished with value: 0.009451129147782922 and parameters: {'n_units': 1000, 'alpha': 1.0, 'sigma_in': 0.30000000000000004, 'rho': 0.2, 'tikh': 0.1, 'option': 3, 'N_train': 20000, 'out_dim': 3, 'Normalization': 1}. Best is trial 42 with value: 0.005647279345430434.
[I 2025-11-21 00:54:11,917] Trial 175 finished with value: 0.0110140111297369 and parameters: {'n_units': 1000, 'alpha': 1.0, 'sigma_in': 0.30000000000000004, 'rho': 0.2, 'tikh': 0.1, 'option': 3, 'N_train': 20000, 'out_dim': 3, 'Normalization': 1}. Best is trial 42 with value: 0.005647279345430434.
[I 2025-11-21 00:55:05,762] Trial 176 finished with value: 0.27345402669161556 and parameters: {'n_units': 1000, 'alpha': 1.0, 'sigma_in': 0.30000000000000004, 'rho': 0.2, 'tikh': 0.1, 'option': 3, 'N_train': 20000, 'out_dim': 3, 'Normalization': 1}. Best is trial 42 with value: 0.005647279345430434.
[I 2025-11-21 00:56:00,676] Trial 177 finished with value: 0.3367419683840126 and parameters: {'n_units': 1000, 'alpha': 1.0, 'sigma_in': 0.30000000000000004, 'rho': 0.2, 'tikh': 0.1, 'option': 3, 'N_train': 20000, 'out_dim': 3, 'Normalization': 1}. Best is trial 42 with value: 0.005647279345430434.
[I 2025-11-21 00:57:03,798] Trial 178 finished with value: 0.009997027134522796 and parameters: {'n_units': 1000, 'alpha': 1.0, 'sigma_in': 0.30000000000000004, 'rho': 0.2, 'tikh': 0.1, 'option': 3, 'N_train': 20000, 'out_dim': 3, 'Normalization': 1}. Best is trial 42 with value: 0.005647279345430434.
[I 2025-11-21 00:57:58,177] Trial 179 finished with value: 84076.32424468994 and parameters: {'n_units': 1000, 'alpha': 1.0, 'sigma_in': 0.30000000000000004, 'rho': 0.2, 'tikh': 1e-05, 'option': 3, 'N_train': 20000, 'out_dim': 3, 'Normalization': 1}. Best is trial 42 with value: 0.005647279345430434.
[I 2025-11-21 00:58:58,269] Trial 180 finished with value: 0.010811612010002136 and parameters: {'n_units': 1000, 'alpha': 1.0, 'sigma_in': 0.30000000000000004, 'rho': 0.2, 'tikh': 0.1, 'option': 3, 'N_train': 20000, 'out_dim': 3, 'Normalization': 1}. Best is trial 42 with value: 0.005647279345430434.
[I 2025-11-21 00:59:55,560] Trial 181 finished with value: 0.017407083045691253 and parameters: {'n_units': 1000, 'alpha': 1.0, 'sigma_in': 0.30000000000000004, 'rho': 0.2, 'tikh': 0.1, 'option': 3, 'N_train': 20000, 'out_dim': 3, 'Normalization': 1}. Best is trial 42 with value: 0.005647279345430434.
[I 2025-11-21 01:00:49,227] Trial 182 finished with value: 0.010569739108905195 and parameters: {'n_units': 1000, 'alpha': 1.0, 'sigma_in': 0.30000000000000004, 'rho': 0.2, 'tikh': 0.1, 'option': 3, 'N_train': 20000, 'out_dim': 3, 'Normalization': 1}. Best is trial 42 with value: 0.005647279345430434.
[I 2025-11-21 01:01:44,215] Trial 183 finished with value: 0.008459462318569422 and parameters: {'n_units': 1000, 'alpha': 1.0, 'sigma_in': 0.30000000000000004, 'rho': 0.2, 'tikh': 0.1, 'option': 3, 'N_train': 20000, 'out_dim': 3, 'Normalization': 1}. Best is trial 42 with value: 0.005647279345430434.
[I 2025-11-21 01:02:38,119] Trial 184 finished with value: 0.011433388711884618 and parameters: {'n_units': 1000, 'alpha': 1.0, 'sigma_in': 0.30000000000000004, 'rho': 0.2, 'tikh': 0.1, 'option': 3, 'N_train': 20000, 'out_dim': 3, 'Normalization': 1}. Best is trial 42 with value: 0.005647279345430434.
[I 2025-11-21 01:03:31,487] Trial 185 finished with value: 0.01077507110312581 and parameters: {'n_units': 1000, 'alpha': 1.0, 'sigma_in': 0.30000000000000004, 'rho': 0.2, 'tikh': 0.1, 'option': 3, 'N_train': 20000, 'out_dim': 3, 'Normalization': 1}. Best is trial 42 with value: 0.005647279345430434.
[I 2025-11-21 01:04:24,176] Trial 186 finished with value: 2314.4980499267576 and parameters: {'n_units': 1000, 'alpha': 1.0, 'sigma_in': 0.30000000000000004, 'rho': 0.2, 'tikh': 0.0001, 'option': 3, 'N_train': 20000, 'out_dim': 3, 'Normalization': 1}. Best is trial 42 with value: 0.005647279345430434.
[I 2025-11-21 01:05:21,462] Trial 187 finished with value: 0.010427429433912038 and parameters: {'n_units': 1000, 'alpha': 1.0, 'sigma_in': 0.30000000000000004, 'rho': 0.2, 'tikh': 0.1, 'option': 3, 'N_train': 20000, 'out_dim': 3, 'Normalization': 1}. Best is trial 42 with value: 0.005647279345430434.
[I 2025-11-21 01:06:15,170] Trial 188 finished with value: 0.016720431204885245 and parameters: {'n_units': 1000, 'alpha': 1.0, 'sigma_in': 0.30000000000000004, 'rho': 0.2, 'tikh': 0.1, 'option': 3, 'N_train': 20000, 'out_dim': 3, 'Normalization': 1}. Best is trial 42 with value: 0.005647279345430434.
[I 2025-11-21 01:07:11,177] Trial 189 finished with value: 0.0217736741527915 and parameters: {'n_units': 1000, 'alpha': 1.0, 'sigma_in': 0.30000000000000004, 'rho': 0.2, 'tikh': 0.1, 'option': 2, 'N_train': 20000, 'out_dim': 3, 'Normalization': 1}. Best is trial 42 with value: 0.005647279345430434.
[I 2025-11-21 01:08:04,847] Trial 190 finished with value: 264.8442594528198 and parameters: {'n_units': 1000, 'alpha': 1.0, 'sigma_in': 0.30000000000000004, 'rho': 0.2, 'tikh': 0.01, 'option': 3, 'N_train': 20000, 'out_dim': 3, 'Normalization': 1}. Best is trial 42 with value: 0.005647279345430434.
[I 2025-11-21 01:08:59,568] Trial 191 finished with value: 0.025643119309097528 and parameters: {'n_units': 1000, 'alpha': 1.0, 'sigma_in': 0.30000000000000004, 'rho': 0.2, 'tikh': 0.1, 'option': 3, 'N_train': 20000, 'out_dim': 3, 'Normalization': 1}. Best is trial 42 with value: 0.005647279345430434.
[I 2025-11-21 01:09:56,171] Trial 192 finished with value: 0.008929844433441757 and parameters: {'n_units': 1000, 'alpha': 1.0, 'sigma_in': 0.30000000000000004, 'rho': 0.2, 'tikh': 0.1, 'option': 3, 'N_train': 20000, 'out_dim': 3, 'Normalization': 1}. Best is trial 42 with value: 0.005647279345430434.
[I 2025-11-21 01:11:03,094] Trial 193 finished with value: 0.011792307533323765 and parameters: {'n_units': 1000, 'alpha': 1.0, 'sigma_in': 0.30000000000000004, 'rho': 0.2, 'tikh': 0.1, 'option': 3, 'N_train': 20000, 'out_dim': 3, 'Normalization': 1}. Best is trial 42 with value: 0.005647279345430434.
[I 2025-11-21 01:11:56,907] Trial 194 finished with value: 0.008128590881824493 and parameters: {'n_units': 1000, 'alpha': 1.0, 'sigma_in': 0.30000000000000004, 'rho': 0.2, 'tikh': 0.1, 'option': 3, 'N_train': 20000, 'out_dim': 3, 'Normalization': 1}. Best is trial 42 with value: 0.005647279345430434.
[I 2025-11-21 01:12:55,507] Trial 195 finished with value: 0.01062506320886314 and parameters: {'n_units': 1000, 'alpha': 1.0, 'sigma_in': 0.30000000000000004, 'rho': 0.2, 'tikh': 0.1, 'option': 3, 'N_train': 20000, 'out_dim': 3, 'Normalization': 1}. Best is trial 42 with value: 0.005647279345430434.
[I 2025-11-21 01:13:56,138] Trial 196 finished with value: 25222.996574401855 and parameters: {'n_units': 1000, 'alpha': 1.0, 'sigma_in': 0.30000000000000004, 'rho': 0.2, 'tikh': 0.001, 'option': 3, 'N_train': 20000, 'out_dim': 3, 'Normalization': 1}. Best is trial 42 with value: 0.005647279345430434.
[I 2025-11-21 01:14:50,681] Trial 197 finished with value: 0.0077781283762305975 and parameters: {'n_units': 1000, 'alpha': 1.0, 'sigma_in': 0.30000000000000004, 'rho': 0.2, 'tikh': 0.1, 'option': 3, 'N_train': 20000, 'out_dim': 3, 'Normalization': 1}. Best is trial 42 with value: 0.005647279345430434.
[I 2025-11-21 01:15:46,220] Trial 198 finished with value: 0.01297868466936052 and parameters: {'n_units': 1000, 'alpha': 1.0, 'sigma_in': 0.30000000000000004, 'rho': 0.2, 'tikh': 0.1, 'option': 3, 'N_train': 20000, 'out_dim': 3, 'Normalization': 1}. Best is trial 42 with value: 0.005647279345430434.
[I 2025-11-21 01:16:58,341] Trial 199 finished with value: 0.008679987117648124 and parameters: {'n_units': 1000, 'alpha': 1.0, 'sigma_in': 0.30000000000000004, 'rho': 0.2, 'tikh': 0.1, 'option': 3, 'N_train': 20000, 'out_dim': 3, 'Normalization': 1}. Best is trial 42 with value: 0.005647279345430434.
[I 2025-11-21 01:17:50,577] Trial 200 finished with value: 0.015381968300789594 and parameters: {'n_units': 1000, 'alpha': 1.0, 'sigma_in': 0.30000000000000004, 'rho': 0.2, 'tikh': 0.1, 'option': 3, 'N_train': 20000, 'out_dim': 3, 'Normalization': 1}. Best is trial 42 with value: 0.005647279345430434.
[I 2025-11-21 01:18:46,760] Trial 201 finished with value: 0.009876673901453614 and parameters: {'n_units': 1000, 'alpha': 1.0, 'sigma_in': 0.30000000000000004, 'rho': 0.2, 'tikh': 0.1, 'option': 3, 'N_train': 20000, 'out_dim': 3, 'Normalization': 1}. Best is trial 42 with value: 0.005647279345430434.
[I 2025-11-21 01:19:41,019] Trial 202 finished with value: 0.02058959249407053 and parameters: {'n_units': 1000, 'alpha': 1.0, 'sigma_in': 0.30000000000000004, 'rho': 0.2, 'tikh': 0.1, 'option': 3, 'N_train': 20000, 'out_dim': 3, 'Normalization': 1}. Best is trial 42 with value: 0.005647279345430434.
[I 2025-11-21 01:20:35,910] Trial 203 finished with value: 0.00857418617233634 and parameters: {'n_units': 1000, 'alpha': 1.0, 'sigma_in': 0.30000000000000004, 'rho': 0.2, 'tikh': 0.1, 'option': 3, 'N_train': 20000, 'out_dim': 3, 'Normalization': 1}. Best is trial 42 with value: 0.005647279345430434.
[I 2025-11-21 01:21:34,072] Trial 204 finished with value: 0.013850053027272224 and parameters: {'n_units': 1000, 'alpha': 1.0, 'sigma_in': 0.30000000000000004, 'rho': 0.2, 'tikh': 0.1, 'option': 3, 'N_train': 20000, 'out_dim': 3, 'Normalization': 1}. Best is trial 42 with value: 0.005647279345430434.
[I 2025-11-21 01:22:46,325] Trial 205 finished with value: 36088.09872055054 and parameters: {'n_units': 1000, 'alpha': 1.0, 'sigma_in': 0.30000000000000004, 'rho': 0.2, 'tikh': 1e-08, 'option': 3, 'N_train': 20000, 'out_dim': 3, 'Normalization': 1}. Best is trial 42 with value: 0.005647279345430434.
[I 2025-11-21 01:23:43,273] Trial 206 finished with value: 0.08401257181540131 and parameters: {'n_units': 1000, 'alpha': 1.0, 'sigma_in': 0.2, 'rho': 0.2, 'tikh': 0.1, 'option': 3, 'N_train': 20000, 'out_dim': 3, 'Normalization': 1}. Best is trial 42 with value: 0.005647279345430434.
[I 2025-11-21 01:24:40,423] Trial 207 finished with value: 0.01306652808561921 and parameters: {'n_units': 1000, 'alpha': 1.0, 'sigma_in': 0.30000000000000004, 'rho': 0.2, 'tikh': 0.1, 'option': 3, 'N_train': 20000, 'out_dim': 3, 'Normalization': 1}. Best is trial 42 with value: 0.005647279345430434.
[I 2025-11-21 01:25:34,927] Trial 208 finished with value: 2.4846572557464244 and parameters: {'n_units': 1000, 'alpha': 1.0, 'sigma_in': 0.30000000000000004, 'rho': 0.2, 'tikh': 0.1, 'option': 5, 'N_train': 20000, 'out_dim': 3, 'Normalization': 1}. Best is trial 42 with value: 0.005647279345430434.
[I 2025-11-21 01:26:37,565] Trial 209 finished with value: 0.00750384978018701 and parameters: {'n_units': 1000, 'alpha': 0.9, 'sigma_in': 0.30000000000000004, 'rho': 0.2, 'tikh': 0.1, 'option': 3, 'N_train': 20000, 'out_dim': 3, 'Normalization': 1}. Best is trial 42 with value: 0.005647279345430434.
[I 2025-11-21 01:27:41,808] Trial 210 finished with value: 11422.542526817322 and parameters: {'n_units': 1000, 'alpha': 0.9, 'sigma_in': 0.2, 'rho': 0.1, 'tikh': 1e-10, 'option': 3, 'N_train': 20000, 'out_dim': 3, 'Normalization': 1}. Best is trial 42 with value: 0.005647279345430434.
[I 2025-11-21 01:28:36,537] Trial 211 finished with value: 0.010555081162601709 and parameters: {'n_units': 1000, 'alpha': 1.0, 'sigma_in': 0.30000000000000004, 'rho': 0.2, 'tikh': 0.1, 'option': 3, 'N_train': 20000, 'out_dim': 3, 'Normalization': 1}. Best is trial 42 with value: 0.005647279345430434.
[I 2025-11-21 01:29:32,125] Trial 212 finished with value: 0.007022396475076675 and parameters: {'n_units': 1000, 'alpha': 0.8, 'sigma_in': 0.30000000000000004, 'rho': 0.2, 'tikh': 0.1, 'option': 3, 'N_train': 20000, 'out_dim': 3, 'Normalization': 1}. Best is trial 42 with value: 0.005647279345430434.
[I 2025-11-21 01:30:40,020] Trial 213 finished with value: 0.006793889077380299 and parameters: {'n_units': 1000, 'alpha': 0.8, 'sigma_in': 0.30000000000000004, 'rho': 0.2, 'tikh': 0.1, 'option': 3, 'N_train': 20000, 'out_dim': 3, 'Normalization': 1}. Best is trial 42 with value: 0.005647279345430434.
[I 2025-11-21 01:31:37,488] Trial 214 finished with value: 3936.767477989197 and parameters: {'n_units': 1000, 'alpha': 0.8, 'sigma_in': 0.30000000000000004, 'rho': 0.2, 'tikh': 1e-07, 'option': 3, 'N_train': 20000, 'out_dim': 3, 'Normalization': 1}. Best is trial 42 with value: 0.005647279345430434.
[I 2025-11-21 01:32:41,923] Trial 215 finished with value: 0.007610521977767348 and parameters: {'n_units': 1000, 'alpha': 0.8, 'sigma_in': 0.30000000000000004, 'rho': 0.2, 'tikh': 0.1, 'option': 3, 'N_train': 20000, 'out_dim': 3, 'Normalization': 1}. Best is trial 42 with value: 0.005647279345430434.
[I 2025-11-21 01:33:34,169] Trial 216 finished with value: 0.007450667675584555 and parameters: {'n_units': 1000, 'alpha': 0.8, 'sigma_in': 0.30000000000000004, 'rho': 0.2, 'tikh': 0.1, 'option': 3, 'N_train': 20000, 'out_dim': 3, 'Normalization': 1}. Best is trial 42 with value: 0.005647279345430434.
[I 2025-11-21 01:34:29,417] Trial 217 finished with value: 0.007565694209188223 and parameters: {'n_units': 1000, 'alpha': 0.8, 'sigma_in': 0.30000000000000004, 'rho': 0.2, 'tikh': 0.1, 'option': 3, 'N_train': 20000, 'out_dim': 3, 'Normalization': 1}. Best is trial 42 with value: 0.005647279345430434.
[I 2025-11-21 01:35:26,937] Trial 218 finished with value: 0.006826271396130323 and parameters: {'n_units': 1000, 'alpha': 0.8, 'sigma_in': 0.30000000000000004, 'rho': 0.2, 'tikh': 0.1, 'option': 3, 'N_train': 20000, 'out_dim': 3, 'Normalization': 1}. Best is trial 42 with value: 0.005647279345430434.
[I 2025-11-21 01:36:21,997] Trial 219 finished with value: 12931.28325881958 and parameters: {'n_units': 1000, 'alpha': 0.8, 'sigma_in': 0.2, 'rho': 0.1, 'tikh': 1e-06, 'option': 3, 'N_train': 20000, 'out_dim': 3, 'Normalization': 1}. Best is trial 42 with value: 0.005647279345430434.
