nohup: ignoring input
Launching 3 tasks with up to 10 concurrent workers. GPUs: [0, 1, 2, 3]
[Cache] Ready data/NodeNum_3_PairStrength_0_TriStrength_0.01.pkl | a2.shape=(3, 3), a3.shape=(3, 3, 3)
[I 2025-10-30 09:02:25,540] A new study created in RDB with name: node_0_study
[I 2025-10-30 09:02:25,541] A new study created in RDB with name: node_2_study
[I 2025-10-30 09:02:25,558] A new study created in RDB with name: node_1_study
[I 2025-10-30 09:02:26,546] A new study created in RDB with name: node_1_study
[I 2025-10-30 09:02:26,551] A new study created in RDB with name: node_0_study
[I 2025-10-30 09:02:26,554] A new study created in RDB with name: node_2_study
[I 2025-10-30 09:02:31,859] A new study created in RDB with name: node_0_study
[I 2025-10-30 09:02:31,895] A new study created in RDB with name: node_1_study
[I 2025-10-30 09:02:31,998] A new study created in RDB with name: node_2_study
[I 2025-10-30 09:02:40,626] A new study created in RDB with name: node_0_study
[I 2025-10-30 09:10:05,404] Trial 0 finished with value: 1445.8626061439513 and parameters: {'n_units': 1000, 'alpha': 1.0, 'sigma_in': 0.4, 'rho': 0.2, 'tikh': 0.0001, 'option': 3, 'Normalization': 1}. Best is trial 0 with value: 1445.8626061439513.
[I 2025-10-30 09:10:06,255] Trial 0 finished with value: 0.0023956397590154666 and parameters: {'n_units': 1000, 'alpha': 0.9, 'sigma_in': 0.5, 'rho': 0.5, 'tikh': 0.1, 'option': 4, 'Normalization': 1}. Best is trial 0 with value: 0.0023956397590154666.
[I 2025-10-30 09:11:08,478] Trial 0 finished with value: 539.21953125 and parameters: {'n_units': 1000, 'alpha': 0.6, 'sigma_in': 0.7000000000000001, 'rho': 0.7000000000000001, 'tikh': 1e-05, 'option': 3, 'Normalization': 1}. Best is trial 0 with value: 539.21953125.
[Cache] Ready data/NodeNum_3_PairStrength_0_TriStrength_0.02.pkl | a2.shape=(3, 3), a3.shape=(3, 3, 3)
[Cache] Ready data/NodeNum_3_PairStrength_0_TriStrength_0.03.pkl | a2.shape=(3, 3), a3.shape=(3, 3, 3)
[Cache] Ready data/NodeNum_3_PairStrength_0_TriStrength_0.04.pkl | a2.shape=(3, 3), a3.shape=(3, 3, 3)
[Cache] Ready data/NodeNum_3_PairStrength_0_TriStrength_0.05.pkl | a2.shape=(3, 3), a3.shape=(3, 3, 3)
[Cache] Ready data/NodeNum_3_PairStrength_0_TriStrength_0.06.pkl | a2.shape=(3, 3), a3.shape=(3, 3, 3)
[Cache] Ready data/NodeNum_3_PairStrength_0_TriStrength_0.07.pkl | a2.shape=(3, 3), a3.shape=(3, 3, 3)
[Cache] Ready data/NodeNum_3_PairStrength_0_TriStrength_0.08.pkl | a2.shape=(3, 3), a3.shape=(3, 3, 3)
[Cache] Ready data/NodeNum_3_PairStrength_0_TriStrength_0.09.pkl | a2.shape=(3, 3), a3.shape=(3, 3, 3)
[Cache] Ready data/NodeNum_3_PairStrength_0.01_TriStrength_0.01.pkl | a2.shape=(3, 3), a3.shape=(3, 3, 3)
[Cache] Ready data/NodeNum_3_PairStrength_0.01_TriStrength_0.02.pkl | a2.shape=(3, 3), a3.shape=(3, 3, 3)
[Cache] Ready data/NodeNum_3_PairStrength_0.01_TriStrength_0.03.pkl | a2.shape=(3, 3), a3.shape=(3, 3, 3)
[Cache] Ready data/NodeNum_3_PairStrength_0.01_TriStrength_0.04.pkl | a2.shape=(3, 3), a3.shape=(3, 3, 3)
[Cache] Ready data/NodeNum_3_PairStrength_0.01_TriStrength_0.05.pkl | a2.shape=(3, 3), a3.shape=(3, 3, 3)
[Cache] Ready data/NodeNum_3_PairStrength_0.01_TriStrength_0.06.pkl | a2.shape=(3, 3), a3.shape=(3, 3, 3)
[Cache] Ready data/NodeNum_3_PairStrength_0.01_TriStrength_0.07.pkl | a2.shape=(3, 3), a3.shape=(3, 3, 3)
[Cache] Ready data/NodeNum_3_PairStrength_0.01_TriStrength_0.08.pkl | a2.shape=(3, 3), a3.shape=(3, 3, 3)
[Cache] Ready data/NodeNum_3_PairStrength_0.01_TriStrength_0.09.pkl | a2.shape=(3, 3), a3.shape=(3, 3, 3)
[Cache] Ready data/NodeNum_3_PairStrength_0.02_TriStrength_0.01.pkl | a2.shape=(3, 3), a3.shape=(3, 3, 3)
[Cache] Ready data/NodeNum_3_PairStrength_0.02_TriStrength_0.02.pkl | a2.shape=(3, 3), a3.shape=(3, 3, 3)
[Cache] Ready data/NodeNum_3_PairStrength_0.02_TriStrength_0.03.pkl | a2.shape=(3, 3), a3.shape=(3, 3, 3)
[Cache] Ready data/NodeNum_3_PairStrength_0.02_TriStrength_0.04.pkl | a2.shape=(3, 3), a3.shape=(3, 3, 3)
[Cache] Ready data/NodeNum_3_PairStrength_0.02_TriStrength_0.05.pkl | a2.shape=(3, 3), a3.shape=(3, 3, 3)
[Cache] Ready data/NodeNum_3_PairStrength_0.02_TriStrength_0.06.pkl | a2.shape=(3, 3), a3.shape=(3, 3, 3)
[Cache] Ready data/NodeNum_3_PairStrength_0.02_TriStrength_0.07.pkl | a2.shape=(3, 3), a3.shape=(3, 3, 3)
[Cache] Ready data/NodeNum_3_PairStrength_0.02_TriStrength_0.08.pkl | a2.shape=(3, 3), a3.shape=(3, 3, 3)
[Cache] Ready data/NodeNum_3_PairStrength_0.02_TriStrength_0.09.pkl | a2.shape=(3, 3), a3.shape=(3, 3, 3)
[Cache] Ready data/NodeNum_3_PairStrength_0.03_TriStrength_0.01.pkl | a2.shape=(3, 3), a3.shape=(3, 3, 3)
[Cache] Ready data/NodeNum_3_PairStrength_0.03_TriStrength_0.02.pkl | a2.shape=(3, 3), a3.shape=(3, 3, 3)
[Cache] Ready data/NodeNum_3_PairStrength_0.03_TriStrength_0.03.pkl | a2.shape=(3, 3), a3.shape=(3, 3, 3)
[Cache] Ready data/NodeNum_3_PairStrength_0.03_TriStrength_0.04.pkl | a2.shape=(3, 3), a3.shape=(3, 3, 3)
[Cache] Ready data/NodeNum_3_PairStrength_0.03_TriStrength_0.05.pkl | a2.shape=(3, 3), a3.shape=(3, 3, 3)
[Cache] Ready data/NodeNum_3_PairStrength_0.03_TriStrength_0.06.pkl | a2.shape=(3, 3), a3.shape=(3, 3, 3)
[Cache] Ready data/NodeNum_3_PairStrength_0.03_TriStrength_0.07.pkl | a2.shape=(3, 3), a3.shape=(3, 3, 3)
[Cache] Ready data/NodeNum_3_PairStrength_0.03_TriStrength_0.08.pkl | a2.shape=(3, 3), a3.shape=(3, 3, 3)
[Cache] Ready data/NodeNum_3_PairStrength_0.03_TriStrength_0.09.pkl | a2.shape=(3, 3), a3.shape=(3, 3, 3)
[Cache] Ready data/NodeNum_3_PairStrength_0.04_TriStrength_0.01.pkl | a2.shape=(3, 3), a3.shape=(3, 3, 3)
[Cache] Ready data/NodeNum_3_PairStrength_0.04_TriStrength_0.02.pkl | a2.shape=(3, 3), a3.shape=(3, 3, 3)
[Cache] Ready data/NodeNum_3_PairStrength_0.04_TriStrength_0.03.pkl | a2.shape=(3, 3), a3.shape=(3, 3, 3)
[Cache] Ready data/NodeNum_3_PairStrength_0.04_TriStrength_0.04.pkl | a2.shape=(3, 3), a3.shape=(3, 3, 3)
[Cache] Ready data/NodeNum_3_PairStrength_0.04_TriStrength_0.05.pkl | a2.shape=(3, 3), a3.shape=(3, 3, 3)
[Cache] Ready data/NodeNum_3_PairStrength_0.04_TriStrength_0.06.pkl | a2.shape=(3, 3), a3.shape=(3, 3, 3)
[Cache] Ready data/NodeNum_3_PairStrength_0.04_TriStrength_0.07.pkl | a2.shape=(3, 3), a3.shape=(3, 3, 3)
[Cache] Ready data/NodeNum_3_PairStrength_0.04_TriStrength_0.08.pkl | a2.shape=(3, 3), a3.shape=(3, 3, 3)
[Cache] Ready data/NodeNum_3_PairStrength_0.04_TriStrength_0.09.pkl | a2.shape=(3, 3), a3.shape=(3, 3, 3)
[Cache] Ready data/NodeNum_3_PairStrength_0.05_TriStrength_0.01.pkl | a2.shape=(3, 3), a3.shape=(3, 3, 3)
[Cache] Ready data/NodeNum_3_PairStrength_0.05_TriStrength_0.02.pkl | a2.shape=(3, 3), a3.shape=(3, 3, 3)
[Cache] Ready data/NodeNum_3_PairStrength_0.05_TriStrength_0.03.pkl | a2.shape=(3, 3), a3.shape=(3, 3, 3)
[Cache] Ready data/NodeNum_3_PairStrength_0.05_TriStrength_0.04.pkl | a2.shape=(3, 3), a3.shape=(3, 3, 3)
[Cache] Ready data/NodeNum_3_PairStrength_0.05_TriStrength_0.05.pkl | a2.shape=(3, 3), a3.shape=(3, 3, 3)
[Cache] Ready data/NodeNum_3_PairStrength_0.05_TriStrength_0.06.pkl | a2.shape=(3, 3), a3.shape=(3, 3, 3)
[Cache] Ready data/NodeNum_3_PairStrength_0.05_TriStrength_0.07.pkl | a2.shape=(3, 3), a3.shape=(3, 3, 3)
[Cache] Ready data/NodeNum_3_PairStrength_0.05_TriStrength_0.08.pkl | a2.shape=(3, 3), a3.shape=(3, 3, 3)
[Cache] Ready data/NodeNum_3_PairStrength_0.05_TriStrength_0.09.pkl | a2.shape=(3, 3), a3.shape=(3, 3, 3)
[Cache] Ready data/NodeNum_3_PairStrength_0.06_TriStrength_0.01.pkl | a2.shape=(3, 3), a3.shape=(3, 3, 3)
[Cache] Ready data/NodeNum_3_PairStrength_0.06_TriStrength_0.02.pkl | a2.shape=(3, 3), a3.shape=(3, 3, 3)
[Cache] Ready data/NodeNum_3_PairStrength_0.06_TriStrength_0.03.pkl | a2.shape=(3, 3), a3.shape=(3, 3, 3)
[Cache] Ready data/NodeNum_3_PairStrength_0.06_TriStrength_0.04.pkl | a2.shape=(3, 3), a3.shape=(3, 3, 3)
[Cache] Ready data/NodeNum_3_PairStrength_0.06_TriStrength_0.05.pkl | a2.shape=(3, 3), a3.shape=(3, 3, 3)
[Cache] Ready data/NodeNum_3_PairStrength_0.06_TriStrength_0.06.pkl | a2.shape=(3, 3), a3.shape=(3, 3, 3)
[Cache] Ready data/NodeNum_3_PairStrength_0.06_TriStrength_0.07.pkl | a2.shape=(3, 3), a3.shape=(3, 3, 3)
[Cache] Ready data/NodeNum_3_PairStrength_0.06_TriStrength_0.08.pkl | a2.shape=(3, 3), a3.shape=(3, 3, 3)
[Cache] Ready data/NodeNum_3_PairStrength_0.06_TriStrength_0.09.pkl | a2.shape=(3, 3), a3.shape=(3, 3, 3)
[Cache] Ready data/NodeNum_3_PairStrength_0.07_TriStrength_0.01.pkl | a2.shape=(3, 3), a3.shape=(3, 3, 3)
[Cache] Ready data/NodeNum_3_PairStrength_0.07_TriStrength_0.02.pkl | a2.shape=(3, 3), a3.shape=(3, 3, 3)
[Cache] Ready data/NodeNum_3_PairStrength_0.07_TriStrength_0.03.pkl | a2.shape=(3, 3), a3.shape=(3, 3, 3)
[Cache] Ready data/NodeNum_3_PairStrength_0.07_TriStrength_0.04.pkl | a2.shape=(3, 3), a3.shape=(3, 3, 3)
[Cache] Ready data/NodeNum_3_PairStrength_0.07_TriStrength_0.05.pkl | a2.shape=(3, 3), a3.shape=(3, 3, 3)
[Cache] Ready data/NodeNum_3_PairStrength_0.07_TriStrength_0.06.pkl | a2.shape=(3, 3), a3.shape=(3, 3, 3)
[Cache] Ready data/NodeNum_3_PairStrength_0.07_TriStrength_0.07.pkl | a2.shape=(3, 3), a3.shape=(3, 3, 3)
[Cache] Ready data/NodeNum_3_PairStrength_0.07_TriStrength_0.08.pkl | a2.shape=(3, 3), a3.shape=(3, 3, 3)
[Cache] Ready data/NodeNum_3_PairStrength_0.07_TriStrength_0.09.pkl | a2.shape=(3, 3), a3.shape=(3, 3, 3)
[Cache] Ready data/NodeNum_3_PairStrength_0.08_TriStrength_0.01.pkl | a2.shape=(3, 3), a3.shape=(3, 3, 3)
[Cache] Ready data/NodeNum_3_PairStrength_0.08_TriStrength_0.02.pkl | a2.shape=(3, 3), a3.shape=(3, 3, 3)
[Cache] Ready data/NodeNum_3_PairStrength_0.08_TriStrength_0.03.pkl | a2.shape=(3, 3), a3.shape=(3, 3, 3)
[Cache] Ready data/NodeNum_3_PairStrength_0.08_TriStrength_0.04.pkl | a2.shape=(3, 3), a3.shape=(3, 3, 3)
[Cache] Ready data/NodeNum_3_PairStrength_0.08_TriStrength_0.05.pkl | a2.shape=(3, 3), a3.shape=(3, 3, 3)
[Cache] Ready data/NodeNum_3_PairStrength_0.08_TriStrength_0.06.pkl | a2.shape=(3, 3), a3.shape=(3, 3, 3)
[I 2025-10-30 09:18:04,669] Trial 1 finished with value: 9038.610180664062 and parameters: {'n_units': 1000, 'alpha': 0.8, 'sigma_in': 0.5, 'rho': 0.8, 'tikh': 0.0001, 'option': 3, 'Normalization': 1}. Best is trial 0 with value: 1445.8626061439513.
[I 2025-10-30 09:24:45,105] Trial 0 finished with value: 7.453450417518615 and parameters: {'n_units': 2000, 'alpha': 0.6, 'sigma_in': 1.0, 'rho': 0.1, 'tikh': 1e-05, 'option': 5, 'Normalization': 1}. Best is trial 0 with value: 7.453450417518615.
[I 2025-10-30 09:33:21,594] Trial 1 finished with value: 6371.933308935166 and parameters: {'n_units': 2000, 'alpha': 0.1, 'sigma_in': 0.30000000000000004, 'rho': 0.2, 'tikh': 0.0001, 'option': 4, 'Normalization': 1}. Best is trial 0 with value: 539.21953125.
[I 2025-10-30 09:40:16,235] Trial 0 finished with value: 531.6525554656982 and parameters: {'n_units': 3000, 'alpha': 0.5, 'sigma_in': 0.9, 'rho': 0.8, 'tikh': 0.001, 'option': 4, 'Normalization': 1}. Best is trial 0 with value: 531.6525554656982.
[I 2025-10-30 09:40:17,962] Trial 2 finished with value: 173.4016412258148 and parameters: {'n_units': 2000, 'alpha': 0.1, 'sigma_in': 0.5, 'rho': 0.30000000000000004, 'tikh': 0.001, 'option': 5, 'Normalization': 1}. Best is trial 2 with value: 173.4016412258148.
[I 2025-10-30 09:40:22,040] Trial 0 finished with value: 22.871558093747808 and parameters: {'n_units': 4000, 'alpha': 0.1, 'sigma_in': 0.2, 'rho': 0.8, 'tikh': 0.001, 'option': 4, 'Normalization': 1}. Best is trial 0 with value: 22.871558093747808.
[I 2025-10-30 09:40:23,556] Trial 0 finished with value: 7940.718898796663 and parameters: {'n_units': 4000, 'alpha': 0.1, 'sigma_in': 0.7000000000000001, 'rho': 0.30000000000000004, 'tikh': 0.1, 'option': 5, 'Normalization': 1}. Best is trial 0 with value: 7940.718898796663.
[I 2025-10-30 09:41:24,362] Trial 2 finished with value: 0.0016922198730753735 and parameters: {'n_units': 1000, 'alpha': 0.8, 'sigma_in': 0.7000000000000001, 'rho': 0.4, 'tikh': 0.1, 'option': 3, 'Normalization': 1}. Best is trial 2 with value: 0.0016922198730753735.
[I 2025-10-30 09:52:19,872] Trial 0 finished with value: 938.2963821411133 and parameters: {'n_units': 5000, 'alpha': 0.5, 'sigma_in': 0.1, 'rho': 0.4, 'tikh': 0.01, 'option': 5, 'Normalization': 1}. Best is trial 0 with value: 938.2963821411133.
[I 2025-10-30 09:57:47,315] Trial 0 finished with value: 420964.40823287965 and parameters: {'n_units': 4000, 'alpha': 0.9, 'sigma_in': 0.2, 'rho': 0.7000000000000001, 'tikh': 0.01, 'option': 4, 'Normalization': 1}. Best is trial 0 with value: 420964.40823287965.
[I 2025-10-30 10:01:01,642] Trial 1 finished with value: 18934.963278198244 and parameters: {'n_units': 3000, 'alpha': 0.7000000000000001, 'sigma_in': 1.0, 'rho': 0.8, 'tikh': 0.01, 'option': 3, 'Normalization': 1}. Best is trial 0 with value: 7.453450417518615.
[I 2025-10-30 10:05:07,418] Trial 1 finished with value: 0.9596998244524002 and parameters: {'n_units': 3000, 'alpha': 0.2, 'sigma_in': 0.30000000000000004, 'rho': 0.2, 'tikh': 0.1, 'option': 5, 'Normalization': 1}. Best is trial 1 with value: 0.9596998244524002.
[I 2025-10-30 10:05:13,405] Trial 1 finished with value: 6.170159719511867 and parameters: {'n_units': 3000, 'alpha': 0.1, 'sigma_in': 0.2, 'rho': 0.1, 'tikh': 0.01, 'option': 5, 'Normalization': 1}. Best is trial 1 with value: 6.170159719511867.
[I 2025-10-30 10:10:49,480] Trial 1 finished with value: 2609.244587615877 and parameters: {'n_units': 3000, 'alpha': 0.30000000000000004, 'sigma_in': 0.30000000000000004, 'rho': 0.9, 'tikh': 0.01, 'option': 4, 'Normalization': 1}. Best is trial 0 with value: 531.6525554656982.
[I 2025-10-30 10:11:30,955] Trial 2 finished with value: 15.14840252250433 and parameters: {'n_units': 1000, 'alpha': 0.6, 'sigma_in': 0.9, 'rho': 1.0, 'tikh': 0.1, 'option': 5, 'Normalization': 1}. Best is trial 1 with value: 0.9596998244524002.
[I 2025-10-30 10:15:19,395] Trial 0 finished with value: 26349.12000041008 and parameters: {'n_units': 5000, 'alpha': 0.6, 'sigma_in': 0.9, 'rho': 0.1, 'tikh': 0.0001, 'option': 5, 'Normalization': 1}. Best is trial 0 with value: 26349.12000041008.
[I 2025-10-30 10:21:44,504] Trial 1 finished with value: 2769.075492477417 and parameters: {'n_units': 5000, 'alpha': 0.9, 'sigma_in': 0.2, 'rho': 0.8, 'tikh': 0.01, 'option': 5, 'Normalization': 1}. Best is trial 0 with value: 0.0023956397590154666.
[I 2025-10-30 10:21:53,749] Trial 2 finished with value: 2122.8674598693847 and parameters: {'n_units': 2000, 'alpha': 0.8, 'sigma_in': 0.4, 'rho': 0.7000000000000001, 'tikh': 0.001, 'option': 3, 'Normalization': 1}. Best is trial 0 with value: 7.453450417518615.
[I 2025-10-30 10:31:24,660] Trial 3 finished with value: 130.55183539390563 and parameters: {'n_units': 4000, 'alpha': 0.6, 'sigma_in': 0.5, 'rho': 0.8, 'tikh': 0.1, 'option': 4, 'Normalization': 1}. Best is trial 3 with value: 130.55183539390563.
[I 2025-10-30 10:34:55,516] Trial 1 finished with value: 34139.98673858643 and parameters: {'n_units': 2000, 'alpha': 0.9, 'sigma_in': 0.8, 'rho': 0.9, 'tikh': 1e-05, 'option': 5, 'Normalization': 1}. Best is trial 0 with value: 26349.12000041008.
[I 2025-10-30 10:36:52,454] Trial 2 finished with value: 158.44957683086395 and parameters: {'n_units': 3000, 'alpha': 0.5, 'sigma_in': 0.30000000000000004, 'rho': 0.2, 'tikh': 1e-05, 'option': 4, 'Normalization': 1}. Best is trial 1 with value: 6.170159719511867.
[I 2025-10-30 10:45:57,272] Trial 1 finished with value: 65419.99278259277 and parameters: {'n_units': 4000, 'alpha': 0.9, 'sigma_in': 0.2, 'rho': 0.4, 'tikh': 1e-05, 'option': 3, 'Normalization': 1}. Best is trial 1 with value: 65419.99278259277.
[I 2025-10-30 10:47:43,399] Trial 3 finished with value: 0.004105412471108139 and parameters: {'n_units': 5000, 'alpha': 0.9, 'sigma_in': 0.1, 'rho': 0.1, 'tikh': 0.1, 'option': 5, 'Normalization': 1}. Best is trial 2 with value: 0.0016922198730753735.
[I 2025-10-30 10:53:27,503] Trial 1 finished with value: 603.3334858894348 and parameters: {'n_units': 5000, 'alpha': 0.6, 'sigma_in': 0.7000000000000001, 'rho': 0.5, 'tikh': 0.0001, 'option': 4, 'Normalization': 1}. Best is trial 1 with value: 603.3334858894348.
[I 2025-10-30 10:53:54,980] Trial 2 finished with value: 108571.97818603515 and parameters: {'n_units': 3000, 'alpha': 0.9, 'sigma_in': 0.1, 'rho': 0.2, 'tikh': 1e-05, 'option': 5, 'Normalization': 1}. Best is trial 0 with value: 0.0023956397590154666.
[I 2025-10-30 10:54:18,617] Trial 2 finished with value: 5128.427580457926 and parameters: {'n_units': 2000, 'alpha': 0.6, 'sigma_in': 1.0, 'rho': 0.2, 'tikh': 0.0001, 'option': 4, 'Normalization': 1}. Best is trial 2 with value: 5128.427580457926.
[I 2025-10-30 10:54:50,084] Trial 4 finished with value: 54657.58300037384 and parameters: {'n_units': 1000, 'alpha': 0.7000000000000001, 'sigma_in': 1.0, 'rho': 0.6, 'tikh': 0.0001, 'option': 5, 'Normalization': 1}. Best is trial 2 with value: 0.0016922198730753735.
[I 2025-10-30 11:00:40,550] Trial 2 finished with value: 3.490700765699148 and parameters: {'n_units': 1000, 'alpha': 0.6, 'sigma_in': 0.1, 'rho': 1.0, 'tikh': 0.1, 'option': 5, 'Normalization': 1}. Best is trial 2 with value: 3.490700765699148.
[I 2025-10-30 11:01:06,422] Trial 3 finished with value: 1797.127447605133 and parameters: {'n_units': 1000, 'alpha': 0.4, 'sigma_in': 0.9, 'rho': 1.0, 'tikh': 1e-05, 'option': 5, 'Normalization': 1}. Best is trial 0 with value: 0.0023956397590154666.
[I 2025-10-30 11:04:11,439] Trial 4 finished with value: 35087.988801574706 and parameters: {'n_units': 3000, 'alpha': 0.6, 'sigma_in': 0.1, 'rho': 0.7000000000000001, 'tikh': 1e-05, 'option': 3, 'Normalization': 1}. Best is trial 3 with value: 130.55183539390563.
[I 2025-10-30 11:09:48,758] Trial 3 finished with value: 15788.641484220327 and parameters: {'n_units': 4000, 'alpha': 0.1, 'sigma_in': 0.8, 'rho': 0.30000000000000004, 'tikh': 0.1, 'option': 3, 'Normalization': 1}. Best is trial 0 with value: 7.453450417518615.
[I 2025-10-30 11:11:37,926] Trial 5 finished with value: 22472.463568878175 and parameters: {'n_units': 1000, 'alpha': 1.0, 'sigma_in': 0.5, 'rho': 0.30000000000000004, 'tikh': 0.001, 'option': 4, 'Normalization': 1}. Best is trial 3 with value: 130.55183539390563.
[I 2025-10-30 11:16:13,204] Trial 2 finished with value: 233.44658432006835 and parameters: {'n_units': 5000, 'alpha': 1.0, 'sigma_in': 0.30000000000000004, 'rho': 0.7000000000000001, 'tikh': 0.1, 'option': 5, 'Normalization': 1}. Best is trial 2 with value: 233.44658432006835.
[I 2025-10-30 11:16:24,766] Trial 3 finished with value: 11848.030380249023 and parameters: {'n_units': 5000, 'alpha': 0.4, 'sigma_in': 0.8, 'rho': 0.7000000000000001, 'tikh': 1e-05, 'option': 5, 'Normalization': 1}. Best is trial 1 with value: 0.9596998244524002.
[I 2025-10-30 11:18:57,271] Trial 6 finished with value: 7310.347205924988 and parameters: {'n_units': 1000, 'alpha': 0.5, 'sigma_in': 0.4, 'rho': 0.30000000000000004, 'tikh': 0.001, 'option': 5, 'Normalization': 1}. Best is trial 3 with value: 130.55183539390563.
[I 2025-10-30 11:26:48,113] Trial 7 finished with value: 0.07986084891308565 and parameters: {'n_units': 1000, 'alpha': 0.4, 'sigma_in': 0.5, 'rho': 1.0, 'tikh': 0.1, 'option': 3, 'Normalization': 1}. Best is trial 7 with value: 0.07986084891308565.
[I 2025-10-30 11:34:19,377] Trial 8 finished with value: 500913.51623106 and parameters: {'n_units': 1000, 'alpha': 0.7000000000000001, 'sigma_in': 0.2, 'rho': 0.6, 'tikh': 0.01, 'option': 4, 'Normalization': 1}. Best is trial 7 with value: 0.07986084891308565.
[I 2025-10-30 11:35:50,169] Trial 3 finished with value: 41.613000583648684 and parameters: {'n_units': 2000, 'alpha': 0.7000000000000001, 'sigma_in': 0.6, 'rho': 0.9, 'tikh': 0.1, 'option': 3, 'Normalization': 1}. Best is trial 3 with value: 41.613000583648684.
[I 2025-10-30 11:35:53,400] Trial 4 finished with value: 16302.885224533082 and parameters: {'n_units': 2000, 'alpha': 0.4, 'sigma_in': 1.0, 'rho': 0.7000000000000001, 'tikh': 0.01, 'option': 3, 'Normalization': 1}. Best is trial 1 with value: 0.9596998244524002.
[I 2025-10-30 11:36:06,677] Trial 2 finished with value: 7057.968542480468 and parameters: {'n_units': 4000, 'alpha': 0.1, 'sigma_in': 1.0, 'rho': 1.0, 'tikh': 0.0001, 'option': 5, 'Normalization': 1}. Best is trial 2 with value: 7057.968542480468.
[I 2025-10-30 11:42:11,667] Trial 3 finished with value: 732.79681871254 and parameters: {'n_units': 5000, 'alpha': 0.2, 'sigma_in': 0.6, 'rho': 0.9, 'tikh': 0.01, 'option': 4, 'Normalization': 1}. Best is trial 1 with value: 6.170159719511867.
[I 2025-10-30 11:43:21,927] Trial 5 finished with value: 25520.27641105652 and parameters: {'n_units': 1000, 'alpha': 0.5, 'sigma_in': 1.0, 'rho': 0.8, 'tikh': 0.0001, 'option': 5, 'Normalization': 1}. Best is trial 1 with value: 0.9596998244524002.
[I 2025-10-30 11:45:16,351] Trial 3 finished with value: 147689.85682144164 and parameters: {'n_units': 4000, 'alpha': 0.30000000000000004, 'sigma_in': 0.8, 'rho': 1.0, 'tikh': 1e-05, 'option': 3, 'Normalization': 1}. Best is trial 2 with value: 5128.427580457926.
[I 2025-10-30 11:45:18,989] Trial 5 finished with value: 94298.06220932007 and parameters: {'n_units': 4000, 'alpha': 1.0, 'sigma_in': 0.4, 'rho': 0.7000000000000001, 'tikh': 0.01, 'option': 3, 'Normalization': 1}. Best is trial 2 with value: 0.0016922198730753735.
[I 2025-10-30 11:48:17,443] Trial 3 finished with value: 2138.587916183472 and parameters: {'n_units': 4000, 'alpha': 0.2, 'sigma_in': 0.5, 'rho': 0.8, 'tikh': 1e-05, 'option': 3, 'Normalization': 1}. Best is trial 2 with value: 3.490700765699148.
[I 2025-10-30 11:49:58,232] Trial 4 finished with value: 63.84641778990626 and parameters: {'n_units': 1000, 'alpha': 0.6, 'sigma_in': 0.4, 'rho': 0.8, 'tikh': 0.01, 'option': 4, 'Normalization': 1}. Best is trial 1 with value: 6.170159719511867.
