[I 2025-11-21 04:25:54,226] Trial 369 finished with value: 0.006395692145451904 and parameters: {'n_units': 3000, 'alpha': 0.8, 'sigma_in': 0.2, 'rho': 0.1, 'tikh': 0.1, 'option': 3, 'N_train': 20000, 'out_dim': 3, 'Normalization': 1}. Best is trial 285 with value: 0.005549713619984686.
[I 2025-11-21 04:27:15,955] Trial 370 finished with value: 0.007548487093299627 and parameters: {'n_units': 3000, 'alpha': 0.8, 'sigma_in': 0.2, 'rho': 0.1, 'tikh': 0.1, 'option': 3, 'N_train': 20000, 'out_dim': 3, 'Normalization': 1}. Best is trial 285 with value: 0.005549713619984686.
[I 2025-11-21 04:28:39,605] Trial 371 finished with value: 0.21960207372903823 and parameters: {'n_units': 3000, 'alpha': 0.7000000000000001, 'sigma_in': 0.1, 'rho': 0.1, 'tikh': 0.1, 'option': 3, 'N_train': 20000, 'out_dim': 3, 'Normalization': 1}. Best is trial 285 with value: 0.005549713619984686.
[I 2025-11-21 04:29:56,332] Trial 372 finished with value: 643.6290550231934 and parameters: {'n_units': 3000, 'alpha': 0.9, 'sigma_in': 0.2, 'rho': 0.1, 'tikh': 1e-06, 'option': 3, 'N_train': 20000, 'out_dim': 3, 'Normalization': 1}. Best is trial 285 with value: 0.005549713619984686.
[I 2025-11-21 04:31:13,820] Trial 373 finished with value: 2464.1056668162346 and parameters: {'n_units': 3000, 'alpha': 0.8, 'sigma_in': 0.2, 'rho': 0.1, 'tikh': 0.1, 'option': 5, 'N_train': 20000, 'out_dim': 3, 'Normalization': 1}. Best is trial 285 with value: 0.005549713619984686.
[I 2025-11-21 04:32:27,893] Trial 374 finished with value: 0.0060027725994586945 and parameters: {'n_units': 3000, 'alpha': 0.8, 'sigma_in': 0.2, 'rho': 0.1, 'tikh': 0.1, 'option': 3, 'N_train': 20000, 'out_dim': 3, 'Normalization': 1}. Best is trial 285 with value: 0.005549713619984686.
[I 2025-11-21 04:33:41,941] Trial 375 finished with value: 1140.7755443572999 and parameters: {'n_units': 3000, 'alpha': 0.8, 'sigma_in': 0.2, 'rho': 0.1, 'tikh': 1e-09, 'option': 3, 'N_train': 20000, 'out_dim': 3, 'Normalization': 1}. Best is trial 285 with value: 0.005549713619984686.
[I 2025-11-21 04:34:57,717] Trial 376 finished with value: 0.006472083041444421 and parameters: {'n_units': 3000, 'alpha': 0.8, 'sigma_in': 0.2, 'rho': 0.1, 'tikh': 0.1, 'option': 3, 'N_train': 20000, 'out_dim': 3, 'Normalization': 1}. Best is trial 285 with value: 0.005549713619984686.
[I 2025-11-21 04:36:14,870] Trial 377 finished with value: 0.06744920164346695 and parameters: {'n_units': 3000, 'alpha': 0.6, 'sigma_in': 0.2, 'rho': 0.6, 'tikh': 0.1, 'option': 3, 'N_train': 20000, 'out_dim': 3, 'Normalization': 1}. Best is trial 285 with value: 0.005549713619984686.
[I 2025-11-21 04:37:30,012] Trial 378 finished with value: 0.0061148894019424915 and parameters: {'n_units': 3000, 'alpha': 0.7000000000000001, 'sigma_in': 0.2, 'rho': 0.1, 'tikh': 0.1, 'option': 3, 'N_train': 20000, 'out_dim': 3, 'Normalization': 1}. Best is trial 285 with value: 0.005549713619984686.
[I 2025-11-21 04:38:44,390] Trial 379 finished with value: 0.0060441615525633095 and parameters: {'n_units': 3000, 'alpha': 0.7000000000000001, 'sigma_in': 0.2, 'rho': 0.1, 'tikh': 0.1, 'option': 3, 'N_train': 20000, 'out_dim': 3, 'Normalization': 1}. Best is trial 285 with value: 0.005549713619984686.
[I 2025-11-21 04:40:00,076] Trial 380 finished with value: 2920.7457180023193 and parameters: {'n_units': 3000, 'alpha': 0.7000000000000001, 'sigma_in': 0.2, 'rho': 0.1, 'tikh': 1e-05, 'option': 3, 'N_train': 20000, 'out_dim': 3, 'Normalization': 1}. Best is trial 285 with value: 0.005549713619984686.
[I 2025-11-21 04:41:13,637] Trial 381 finished with value: 564379.2464784622 and parameters: {'n_units': 3000, 'alpha': 0.7000000000000001, 'sigma_in': 0.2, 'rho': 0.1, 'tikh': 0.0001, 'option': 3, 'N_train': 20000, 'out_dim': 3, 'Normalization': 1}. Best is trial 285 with value: 0.005549713619984686.
[I 2025-11-21 04:42:29,076] Trial 382 finished with value: 0.006801197957247496 and parameters: {'n_units': 3000, 'alpha': 0.7000000000000001, 'sigma_in': 0.2, 'rho': 0.1, 'tikh': 0.1, 'option': 3, 'N_train': 20000, 'out_dim': 3, 'Normalization': 1}. Best is trial 285 with value: 0.005549713619984686.
[I 2025-11-21 04:43:46,306] Trial 383 finished with value: 3403.281042051315 and parameters: {'n_units': 3000, 'alpha': 0.7000000000000001, 'sigma_in': 0.6, 'rho': 0.1, 'tikh': 0.1, 'option': 3, 'N_train': 20000, 'out_dim': 3, 'Normalization': 1}. Best is trial 285 with value: 0.005549713619984686.
[I 2025-11-21 04:44:57,959] Trial 384 finished with value: 70.60759029388427 and parameters: {'n_units': 3000, 'alpha': 0.7000000000000001, 'sigma_in': 1.0, 'rho': 0.1, 'tikh': 0.1, 'option': 3, 'N_train': 20000, 'out_dim': 3, 'Normalization': 1}. Best is trial 285 with value: 0.005549713619984686.
[I 2025-11-21 04:46:12,334] Trial 385 finished with value: 0.006578273372724652 and parameters: {'n_units': 3000, 'alpha': 0.7000000000000001, 'sigma_in': 0.2, 'rho': 0.1, 'tikh': 0.1, 'option': 3, 'N_train': 20000, 'out_dim': 3, 'Normalization': 1}. Best is trial 285 with value: 0.005549713619984686.
[I 2025-11-21 04:47:29,824] Trial 386 finished with value: 3991.4418630599976 and parameters: {'n_units': 3000, 'alpha': 0.7000000000000001, 'sigma_in': 0.2, 'rho': 1.0, 'tikh': 0.1, 'option': 2, 'N_train': 20000, 'out_dim': 3, 'Normalization': 1}. Best is trial 285 with value: 0.005549713619984686.
[I 2025-11-21 04:48:43,152] Trial 387 finished with value: 283.11604816913604 and parameters: {'n_units': 3000, 'alpha': 0.7000000000000001, 'sigma_in': 0.2, 'rho': 0.1, 'tikh': 0.01, 'option': 3, 'N_train': 20000, 'out_dim': 3, 'Normalization': 1}. Best is trial 285 with value: 0.005549713619984686.
[I 2025-11-21 04:49:58,277] Trial 388 finished with value: 0.006986425630748272 and parameters: {'n_units': 3000, 'alpha': 0.7000000000000001, 'sigma_in': 0.2, 'rho': 0.1, 'tikh': 0.1, 'option': 3, 'N_train': 20000, 'out_dim': 3, 'Normalization': 1}. Best is trial 285 with value: 0.005549713619984686.
[I 2025-11-21 04:51:12,629] Trial 389 finished with value: 146.35819495338947 and parameters: {'n_units': 3000, 'alpha': 0.6, 'sigma_in': 0.2, 'rho': 0.7000000000000001, 'tikh': 0.1, 'option': 3, 'N_train': 20000, 'out_dim': 3, 'Normalization': 1}. Best is trial 285 with value: 0.005549713619984686.
[I 2025-11-21 04:52:27,227] Trial 390 finished with value: 0.006714446935802698 and parameters: {'n_units': 3000, 'alpha': 0.7000000000000001, 'sigma_in': 0.2, 'rho': 0.1, 'tikh': 0.1, 'option': 3, 'N_train': 20000, 'out_dim': 3, 'Normalization': 1}. Best is trial 285 with value: 0.005549713619984686.
[I 2025-11-21 04:53:42,135] Trial 391 finished with value: 0.006002410780638456 and parameters: {'n_units': 3000, 'alpha': 0.7000000000000001, 'sigma_in': 0.2, 'rho': 0.1, 'tikh': 0.1, 'option': 3, 'N_train': 20000, 'out_dim': 3, 'Normalization': 1}. Best is trial 285 with value: 0.005549713619984686.
[I 2025-11-21 04:54:56,711] Trial 392 finished with value: 0.0067083592992275955 and parameters: {'n_units': 3000, 'alpha': 0.7000000000000001, 'sigma_in': 0.2, 'rho': 0.1, 'tikh': 0.1, 'option': 3, 'N_train': 20000, 'out_dim': 3, 'Normalization': 1}. Best is trial 285 with value: 0.005549713619984686.
[I 2025-11-21 04:56:11,032] Trial 393 finished with value: 0.007022007065825164 and parameters: {'n_units': 3000, 'alpha': 0.7000000000000001, 'sigma_in': 0.2, 'rho': 0.1, 'tikh': 0.1, 'option': 3, 'N_train': 20000, 'out_dim': 3, 'Normalization': 1}. Best is trial 285 with value: 0.005549713619984686.
[I 2025-11-21 04:57:27,054] Trial 394 finished with value: 16082.89568939209 and parameters: {'n_units': 3000, 'alpha': 0.7000000000000001, 'sigma_in': 0.1, 'rho': 0.1, 'tikh': 0.001, 'option': 3, 'N_train': 20000, 'out_dim': 3, 'Normalization': 1}. Best is trial 285 with value: 0.005549713619984686.
[I 2025-11-21 04:58:45,427] Trial 395 finished with value: 6403.010111236572 and parameters: {'n_units': 3000, 'alpha': 0.7000000000000001, 'sigma_in': 0.2, 'rho': 0.1, 'tikh': 1e-08, 'option': 3, 'N_train': 20000, 'out_dim': 3, 'Normalization': 1}. Best is trial 285 with value: 0.005549713619984686.
[I 2025-11-21 04:59:57,584] Trial 396 finished with value: 0.006797828478738666 and parameters: {'n_units': 3000, 'alpha': 0.7000000000000001, 'sigma_in': 0.2, 'rho': 0.1, 'tikh': 0.1, 'option': 3, 'N_train': 20000, 'out_dim': 3, 'Normalization': 1}. Best is trial 285 with value: 0.005549713619984686.
[I 2025-11-21 05:01:10,925] Trial 397 finished with value: 29407.702654144166 and parameters: {'n_units': 3000, 'alpha': 0.8, 'sigma_in': 0.2, 'rho': 0.1, 'tikh': 0.1, 'option': 5, 'N_train': 20000, 'out_dim': 3, 'Normalization': 1}. Best is trial 285 with value: 0.005549713619984686.
[I 2025-11-21 05:02:25,265] Trial 398 finished with value: 0.006879378575831652 and parameters: {'n_units': 3000, 'alpha': 0.7000000000000001, 'sigma_in': 0.2, 'rho': 0.1, 'tikh': 0.1, 'option': 3, 'N_train': 20000, 'out_dim': 3, 'Normalization': 1}. Best is trial 285 with value: 0.005549713619984686.
[I 2025-11-21 05:03:38,567] Trial 399 finished with value: 0.008089913800358773 and parameters: {'n_units': 3000, 'alpha': 0.8, 'sigma_in': 0.2, 'rho': 0.1, 'tikh': 0.1, 'option': 3, 'N_train': 20000, 'out_dim': 3, 'Normalization': 1}. Best is trial 285 with value: 0.005549713619984686.
[I 2025-11-21 05:04:51,623] Trial 400 finished with value: 0.0064008033368736506 and parameters: {'n_units': 3000, 'alpha': 0.8, 'sigma_in': 0.2, 'rho': 0.1, 'tikh': 0.1, 'option': 3, 'N_train': 20000, 'out_dim': 3, 'Normalization': 1}. Best is trial 285 with value: 0.005549713619984686.
[I 2025-11-21 05:06:04,022] Trial 401 finished with value: 562038.6054788589 and parameters: {'n_units': 3000, 'alpha': 0.7000000000000001, 'sigma_in': 0.2, 'rho': 0.1, 'tikh': 1e-07, 'option': 3, 'N_train': 20000, 'out_dim': 3, 'Normalization': 1}. Best is trial 285 with value: 0.005549713619984686.
[I 2025-11-21 05:07:21,096] Trial 402 finished with value: 57954.75053405762 and parameters: {'n_units': 3000, 'alpha': 0.8, 'sigma_in': 0.1, 'rho': 0.1, 'tikh': 1e-10, 'option': 3, 'N_train': 20000, 'out_dim': 3, 'Normalization': 1}. Best is trial 285 with value: 0.005549713619984686.
[I 2025-11-21 05:08:31,983] Trial 403 finished with value: 0.005911472998559475 and parameters: {'n_units': 3000, 'alpha': 0.8, 'sigma_in': 0.2, 'rho': 0.1, 'tikh': 0.1, 'option': 3, 'N_train': 20000, 'out_dim': 3, 'Normalization': 1}. Best is trial 285 with value: 0.005549713619984686.
[I 2025-11-21 05:09:46,431] Trial 404 finished with value: 0.006887496402487159 and parameters: {'n_units': 3000, 'alpha': 0.8, 'sigma_in': 0.2, 'rho': 0.1, 'tikh': 0.1, 'option': 3, 'N_train': 20000, 'out_dim': 3, 'Normalization': 1}. Best is trial 285 with value: 0.005549713619984686.
[I 2025-11-21 05:10:59,780] Trial 405 finished with value: 0.006726375268772245 and parameters: {'n_units': 3000, 'alpha': 0.7000000000000001, 'sigma_in': 0.2, 'rho': 0.1, 'tikh': 0.1, 'option': 3, 'N_train': 20000, 'out_dim': 3, 'Normalization': 1}. Best is trial 285 with value: 0.005549713619984686.
[I 2025-11-21 05:12:14,376] Trial 406 finished with value: 0.006454273872077465 and parameters: {'n_units': 3000, 'alpha': 0.8, 'sigma_in': 0.2, 'rho': 0.1, 'tikh': 0.1, 'option': 3, 'N_train': 20000, 'out_dim': 3, 'Normalization': 1}. Best is trial 285 with value: 0.005549713619984686.
[I 2025-11-21 05:13:30,341] Trial 407 finished with value: 59573.95831451416 and parameters: {'n_units': 3000, 'alpha': 0.9, 'sigma_in': 0.2, 'rho': 0.1, 'tikh': 1e-06, 'option': 4, 'N_train': 20000, 'out_dim': 3, 'Normalization': 1}. Best is trial 285 with value: 0.005549713619984686.
[I 2025-11-21 05:14:45,067] Trial 408 finished with value: 0.006198104610666633 and parameters: {'n_units': 3000, 'alpha': 0.8, 'sigma_in': 0.2, 'rho': 0.1, 'tikh': 0.1, 'option': 3, 'N_train': 20000, 'out_dim': 3, 'Normalization': 1}. Best is trial 285 with value: 0.005549713619984686.
[I 2025-11-21 05:15:57,626] Trial 409 finished with value: 2113.1299686431885 and parameters: {'n_units': 3000, 'alpha': 0.7000000000000001, 'sigma_in': 0.2, 'rho': 0.1, 'tikh': 1e-09, 'option': 3, 'N_train': 20000, 'out_dim': 3, 'Normalization': 1}. Best is trial 285 with value: 0.005549713619984686.
[I 2025-11-21 05:17:13,301] Trial 410 finished with value: 59.993949913978575 and parameters: {'n_units': 3000, 'alpha': 0.8, 'sigma_in': 0.9, 'rho': 0.1, 'tikh': 0.1, 'option': 3, 'N_train': 20000, 'out_dim': 3, 'Normalization': 1}. Best is trial 285 with value: 0.005549713619984686.
[I 2025-11-21 05:18:29,334] Trial 411 finished with value: 0.013501698523759842 and parameters: {'n_units': 3000, 'alpha': 0.8, 'sigma_in': 0.2, 'rho': 0.1, 'tikh': 0.1, 'option': 2, 'N_train': 20000, 'out_dim': 3, 'Normalization': 1}. Best is trial 285 with value: 0.005549713619984686.
[I 2025-11-21 05:19:45,955] Trial 412 finished with value: 0.006596558121964335 and parameters: {'n_units': 3000, 'alpha': 0.8, 'sigma_in': 0.2, 'rho': 0.1, 'tikh': 0.1, 'option': 3, 'N_train': 20000, 'out_dim': 3, 'Normalization': 1}. Best is trial 285 with value: 0.005549713619984686.
[I 2025-11-21 05:21:02,137] Trial 413 finished with value: 126738.90038757325 and parameters: {'n_units': 3000, 'alpha': 0.7000000000000001, 'sigma_in': 0.1, 'rho': 0.1, 'tikh': 1e-05, 'option': 3, 'N_train': 20000, 'out_dim': 3, 'Normalization': 1}. Best is trial 285 with value: 0.005549713619984686.
[I 2025-11-21 05:22:15,654] Trial 414 finished with value: 0.006265901727601886 and parameters: {'n_units': 3000, 'alpha': 0.8, 'sigma_in': 0.2, 'rho': 0.1, 'tikh': 0.1, 'option': 3, 'N_train': 20000, 'out_dim': 3, 'Normalization': 1}. Best is trial 285 with value: 0.005549713619984686.
[I 2025-11-21 05:23:27,263] Trial 415 finished with value: 0.006998443603515625 and parameters: {'n_units': 3000, 'alpha': 0.8, 'sigma_in': 0.2, 'rho': 0.1, 'tikh': 0.1, 'option': 3, 'N_train': 20000, 'out_dim': 3, 'Normalization': 1}. Best is trial 285 with value: 0.005549713619984686.
[I 2025-11-21 05:24:39,091] Trial 416 finished with value: 410.1944037437439 and parameters: {'n_units': 3000, 'alpha': 0.7000000000000001, 'sigma_in': 0.2, 'rho': 0.1, 'tikh': 0.0001, 'option': 3, 'N_train': 20000, 'out_dim': 3, 'Normalization': 1}. Best is trial 285 with value: 0.005549713619984686.
[I 2025-11-21 05:25:51,369] Trial 417 finished with value: 0.007143639028072357 and parameters: {'n_units': 3000, 'alpha': 0.9, 'sigma_in': 0.2, 'rho': 0.1, 'tikh': 0.1, 'option': 3, 'N_train': 20000, 'out_dim': 3, 'Normalization': 1}. Best is trial 285 with value: 0.005549713619984686.
[I 2025-11-21 05:27:05,107] Trial 418 finished with value: 0.0070872331969439985 and parameters: {'n_units': 3000, 'alpha': 0.8, 'sigma_in': 0.2, 'rho': 0.1, 'tikh': 0.1, 'option': 3, 'N_train': 20000, 'out_dim': 3, 'Normalization': 1}. Best is trial 285 with value: 0.005549713619984686.
[I 2025-11-21 05:28:16,900] Trial 419 finished with value: 10.120951628684997 and parameters: {'n_units': 3000, 'alpha': 0.8, 'sigma_in': 0.1, 'rho': 0.8, 'tikh': 0.1, 'option': 3, 'N_train': 20000, 'out_dim': 3, 'Normalization': 1}. Best is trial 285 with value: 0.005549713619984686.
[I 2025-11-21 05:29:31,392] Trial 420 finished with value: 0.006588880158960819 and parameters: {'n_units': 3000, 'alpha': 0.7000000000000001, 'sigma_in': 0.2, 'rho': 0.1, 'tikh': 0.1, 'option': 3, 'N_train': 20000, 'out_dim': 3, 'Normalization': 1}. Best is trial 285 with value: 0.005549713619984686.
[I 2025-11-21 05:30:45,080] Trial 421 finished with value: 48.791417026519774 and parameters: {'n_units': 3000, 'alpha': 0.8, 'sigma_in': 0.8, 'rho': 0.1, 'tikh': 0.01, 'option': 3, 'N_train': 20000, 'out_dim': 3, 'Normalization': 1}. Best is trial 285 with value: 0.005549713619984686.
[I 2025-11-21 05:32:00,116] Trial 422 finished with value: 949.3703445728868 and parameters: {'n_units': 3000, 'alpha': 0.8, 'sigma_in': 0.2, 'rho': 0.1, 'tikh': 0.1, 'option': 5, 'N_train': 20000, 'out_dim': 3, 'Normalization': 1}. Best is trial 285 with value: 0.005549713619984686.
[I 2025-11-21 05:33:17,602] Trial 423 finished with value: 15510.433715820312 and parameters: {'n_units': 3000, 'alpha': 0.8, 'sigma_in': 0.2, 'rho': 0.1, 'tikh': 0.001, 'option': 3, 'N_train': 20000, 'out_dim': 3, 'Normalization': 1}. Best is trial 285 with value: 0.005549713619984686.
[I 2025-11-21 05:34:28,853] Trial 424 finished with value: 0.005905321286991239 and parameters: {'n_units': 3000, 'alpha': 0.7000000000000001, 'sigma_in': 0.2, 'rho': 0.1, 'tikh': 0.1, 'option': 3, 'N_train': 20000, 'out_dim': 3, 'Normalization': 1}. Best is trial 285 with value: 0.005549713619984686.
[I 2025-11-21 05:35:41,466] Trial 425 finished with value: 0.005902539775706828 and parameters: {'n_units': 3000, 'alpha': 0.7000000000000001, 'sigma_in': 0.2, 'rho': 0.1, 'tikh': 0.1, 'option': 3, 'N_train': 20000, 'out_dim': 3, 'Normalization': 1}. Best is trial 285 with value: 0.005549713619984686.
[I 2025-11-21 05:36:54,356] Trial 426 finished with value: 0.08952407911419868 and parameters: {'n_units': 3000, 'alpha': 0.7000000000000001, 'sigma_in': 0.2, 'rho': 0.1, 'tikh': 0.1, 'option': 4, 'N_train': 20000, 'out_dim': 3, 'Normalization': 1}. Best is trial 285 with value: 0.005549713619984686.
[I 2025-11-21 05:38:07,900] Trial 427 finished with value: 0.005835773469880223 and parameters: {'n_units': 3000, 'alpha': 0.7000000000000001, 'sigma_in': 0.2, 'rho': 0.1, 'tikh': 0.1, 'option': 3, 'N_train': 20000, 'out_dim': 3, 'Normalization': 1}. Best is trial 285 with value: 0.005549713619984686.
[I 2025-11-21 05:39:23,288] Trial 428 finished with value: 0.008287274371832609 and parameters: {'n_units': 3000, 'alpha': 0.7000000000000001, 'sigma_in': 0.2, 'rho': 0.1, 'tikh': 0.1, 'option': 3, 'N_train': 20000, 'out_dim': 3, 'Normalization': 1}. Best is trial 285 with value: 0.005549713619984686.
[I 2025-11-21 05:40:39,383] Trial 429 finished with value: 0.005923055787570774 and parameters: {'n_units': 3000, 'alpha': 0.7000000000000001, 'sigma_in': 0.2, 'rho': 0.1, 'tikh': 0.1, 'option': 3, 'N_train': 20000, 'out_dim': 3, 'Normalization': 1}. Best is trial 285 with value: 0.005549713619984686.
[I 2025-11-21 05:41:55,493] Trial 430 finished with value: 1376.0733108520508 and parameters: {'n_units': 3000, 'alpha': 0.7000000000000001, 'sigma_in': 0.2, 'rho': 0.1, 'tikh': 1e-08, 'option': 3, 'N_train': 20000, 'out_dim': 3, 'Normalization': 1}. Best is trial 285 with value: 0.005549713619984686.
[I 2025-11-21 05:43:10,535] Trial 431 finished with value: 0.0059083213564008474 and parameters: {'n_units': 3000, 'alpha': 0.7000000000000001, 'sigma_in': 0.2, 'rho': 0.1, 'tikh': 0.1, 'option': 3, 'N_train': 20000, 'out_dim': 3, 'Normalization': 1}. Best is trial 285 with value: 0.005549713619984686.
[I 2025-11-21 05:44:27,870] Trial 432 finished with value: 0.007844666903838515 and parameters: {'n_units': 3000, 'alpha': 0.7000000000000001, 'sigma_in': 0.2, 'rho': 0.1, 'tikh': 0.1, 'option': 3, 'N_train': 20000, 'out_dim': 3, 'Normalization': 1}. Best is trial 285 with value: 0.005549713619984686.
[I 2025-11-21 05:45:41,101] Trial 433 finished with value: 13242.816540527343 and parameters: {'n_units': 3000, 'alpha': 0.7000000000000001, 'sigma_in': 0.1, 'rho': 0.1, 'tikh': 1e-07, 'option': 3, 'N_train': 20000, 'out_dim': 3, 'Normalization': 1}. Best is trial 285 with value: 0.005549713619984686.
[I 2025-11-21 05:46:54,576] Trial 434 finished with value: 0.007422644691541791 and parameters: {'n_units': 3000, 'alpha': 0.7000000000000001, 'sigma_in': 0.2, 'rho': 0.1, 'tikh': 0.1, 'option': 3, 'N_train': 20000, 'out_dim': 3, 'Normalization': 1}. Best is trial 285 with value: 0.005549713619984686.
[I 2025-11-21 05:48:07,489] Trial 435 finished with value: 0.006855515902861953 and parameters: {'n_units': 3000, 'alpha': 0.7000000000000001, 'sigma_in': 0.2, 'rho': 0.1, 'tikh': 0.1, 'option': 3, 'N_train': 20000, 'out_dim': 3, 'Normalization': 1}. Best is trial 285 with value: 0.005549713619984686.
[I 2025-11-21 05:49:21,575] Trial 436 finished with value: 1393.8296463012696 and parameters: {'n_units': 3000, 'alpha': 0.7000000000000001, 'sigma_in': 0.2, 'rho': 0.1, 'tikh': 1e-10, 'option': 3, 'N_train': 20000, 'out_dim': 3, 'Normalization': 1}. Best is trial 285 with value: 0.005549713619984686.
[I 2025-11-21 05:50:31,001] Trial 437 finished with value: 0.0056217167992144825 and parameters: {'n_units': 3000, 'alpha': 0.7000000000000001, 'sigma_in': 0.2, 'rho': 0.1, 'tikh': 0.1, 'option': 3, 'N_train': 20000, 'out_dim': 3, 'Normalization': 1}. Best is trial 285 with value: 0.005549713619984686.
[I 2025-11-21 05:51:44,557] Trial 438 finished with value: 0.01638406626880169 and parameters: {'n_units': 3000, 'alpha': 0.7000000000000001, 'sigma_in': 0.2, 'rho': 0.1, 'tikh': 0.1, 'option': 2, 'N_train': 20000, 'out_dim': 3, 'Normalization': 1}. Best is trial 285 with value: 0.005549713619984686.
[I 2025-11-21 05:52:59,224] Trial 439 finished with value: 0.007009168853983283 and parameters: {'n_units': 3000, 'alpha': 0.7000000000000001, 'sigma_in': 0.2, 'rho': 0.1, 'tikh': 0.1, 'option': 3, 'N_train': 20000, 'out_dim': 3, 'Normalization': 1}. Best is trial 285 with value: 0.005549713619984686.
[I 2025-11-21 05:54:10,242] Trial 440 finished with value: 0.006542851449921727 and parameters: {'n_units': 3000, 'alpha': 0.7000000000000001, 'sigma_in': 0.2, 'rho': 0.1, 'tikh': 0.1, 'option': 3, 'N_train': 20000, 'out_dim': 3, 'Normalization': 1}. Best is trial 285 with value: 0.005549713619984686.
[I 2025-11-21 05:55:24,057] Trial 441 finished with value: 48.6715202331543 and parameters: {'n_units': 3000, 'alpha': 0.7000000000000001, 'sigma_in': 0.1, 'rho': 0.5, 'tikh': 0.1, 'option': 3, 'N_train': 20000, 'out_dim': 3, 'Normalization': 1}. Best is trial 285 with value: 0.005549713619984686.
[I 2025-11-21 05:56:38,108] Trial 442 finished with value: 3067.841957092285 and parameters: {'n_units': 3000, 'alpha': 0.7000000000000001, 'sigma_in': 0.2, 'rho': 0.1, 'tikh': 1e-06, 'option': 3, 'N_train': 20000, 'out_dim': 3, 'Normalization': 1}. Best is trial 285 with value: 0.005549713619984686.
