[I 2025-11-20 20:41:16,946] Trial 74 finished with value: 0.0952572099864483 and parameters: {'n_units': 2000, 'alpha': 0.5, 'sigma_in': 0.1, 'rho': 0.1, 'tikh': 0.1, 'option': 4, 'N_train': 20000, 'out_dim': 3, 'Normalization': 1}. Best is trial 42 with value: 0.005647279345430434.
[I 2025-11-20 20:54:13,158] Trial 75 finished with value: 539353972.3596579 and parameters: {'n_units': 2000, 'alpha': 0.4, 'sigma_in': 0.2, 'rho': 0.1, 'tikh': 1e-05, 'option': 3, 'N_train': 20000, 'out_dim': 3, 'Normalization': 1}. Best is trial 42 with value: 0.005647279345430434.
[I 2025-11-20 21:07:52,426] Trial 76 finished with value: 2.4474773049354552 and parameters: {'n_units': 3000, 'alpha': 0.7000000000000001, 'sigma_in': 0.1, 'rho': 0.2, 'tikh': 0.1, 'option': 3, 'N_train': 20000, 'out_dim': 3, 'Normalization': 1}. Best is trial 42 with value: 0.005647279345430434.
[I 2025-11-20 21:17:36,560] Trial 77 finished with value: 57.131029987335204 and parameters: {'n_units': 2000, 'alpha': 0.30000000000000004, 'sigma_in': 1.0, 'rho': 0.1, 'tikh': 0.0001, 'option': 4, 'N_train': 20000, 'out_dim': 3, 'Normalization': 1}. Best is trial 42 with value: 0.005647279345430434.
[I 2025-11-20 21:32:50,485] Trial 78 finished with value: 7445.987064361572 and parameters: {'n_units': 3000, 'alpha': 0.6, 'sigma_in': 0.30000000000000004, 'rho': 1.0, 'tikh': 0.1, 'option': 3, 'N_train': 20000, 'out_dim': 3, 'Normalization': 1}. Best is trial 42 with value: 0.005647279345430434.
[I 2025-11-20 21:46:59,524] Trial 79 finished with value: 504741.04629802704 and parameters: {'n_units': 2000, 'alpha': 0.4, 'sigma_in': 0.2, 'rho': 0.2, 'tikh': 0.01, 'option': 2, 'N_train': 20000, 'out_dim': 3, 'Normalization': 1}. Best is trial 42 with value: 0.005647279345430434.
[I 2025-11-20 22:02:45,802] Trial 80 finished with value: 21995.922409057617 and parameters: {'n_units': 2000, 'alpha': 0.7000000000000001, 'sigma_in': 0.1, 'rho': 0.8, 'tikh': 0.001, 'option': 3, 'N_train': 20000, 'out_dim': 3, 'Normalization': 1}. Best is trial 42 with value: 0.005647279345430434.
[I 2025-11-20 22:15:23,583] Trial 81 finished with value: 0.09660001695156098 and parameters: {'n_units': 2000, 'alpha': 0.5, 'sigma_in': 0.1, 'rho': 0.1, 'tikh': 0.1, 'option': 4, 'N_train': 20000, 'out_dim': 3, 'Normalization': 1}. Best is trial 42 with value: 0.005647279345430434.
[I 2025-11-20 22:22:36,598] Trial 82 finished with value: 0.09678269177675247 and parameters: {'n_units': 2000, 'alpha': 0.5, 'sigma_in': 0.1, 'rho': 0.1, 'tikh': 0.1, 'option': 4, 'N_train': 20000, 'out_dim': 3, 'Normalization': 1}. Best is trial 42 with value: 0.005647279345430434.
[I 2025-11-20 22:36:18,194] Trial 83 finished with value: 107.40062355920672 and parameters: {'n_units': 2000, 'alpha': 0.5, 'sigma_in': 0.2, 'rho': 0.1, 'tikh': 0.1, 'option': 4, 'N_train': 20000, 'out_dim': 3, 'Normalization': 1}. Best is trial 42 with value: 0.005647279345430434.
[I 2025-11-20 22:47:53,981] Trial 84 finished with value: 0.0970216654241085 and parameters: {'n_units': 2000, 'alpha': 0.4, 'sigma_in': 0.1, 'rho': 0.1, 'tikh': 0.1, 'option': 4, 'N_train': 20000, 'out_dim': 3, 'Normalization': 1}. Best is trial 42 with value: 0.005647279345430434.
[I 2025-11-20 22:55:15,619] Trial 85 finished with value: 0.0956515334546566 and parameters: {'n_units': 2000, 'alpha': 0.8, 'sigma_in': 0.1, 'rho': 0.1, 'tikh': 0.1, 'option': 4, 'N_train': 20000, 'out_dim': 3, 'Normalization': 1}. Best is trial 42 with value: 0.005647279345430434.
[I 2025-11-20 23:01:43,611] Trial 86 finished with value: 2876.3088912963867 and parameters: {'n_units': 3000, 'alpha': 0.8, 'sigma_in': 0.2, 'rho': 0.2, 'tikh': 1e-08, 'option': 5, 'N_train': 20000, 'out_dim': 3, 'Normalization': 1}. Best is trial 42 with value: 0.005647279345430434.
[I 2025-11-20 23:05:10,893] Trial 87 finished with value: 0.21695462763309478 and parameters: {'n_units': 2000, 'alpha': 0.8, 'sigma_in': 0.1, 'rho': 0.1, 'tikh': 0.1, 'option': 3, 'N_train': 20000, 'out_dim': 3, 'Normalization': 1}. Best is trial 42 with value: 0.005647279345430434.
[I 2025-11-20 23:13:07,414] Trial 88 finished with value: 1096.0128187179566 and parameters: {'n_units': 3000, 'alpha': 0.7000000000000001, 'sigma_in': 0.9, 'rho': 0.5, 'tikh': 1e-07, 'option': 4, 'N_train': 20000, 'out_dim': 3, 'Normalization': 1}. Best is trial 42 with value: 0.005647279345430434.
[I 2025-11-20 23:17:03,519] Trial 89 finished with value: 962.3683006286622 and parameters: {'n_units': 2000, 'alpha': 0.9, 'sigma_in': 0.30000000000000004, 'rho': 0.2, 'tikh': 1e-10, 'option': 3, 'N_train': 20000, 'out_dim': 3, 'Normalization': 1}. Best is trial 42 with value: 0.005647279345430434.
[I 2025-11-20 23:20:20,296] Trial 90 finished with value: 0.09088507741689682 and parameters: {'n_units': 1000, 'alpha': 0.9, 'sigma_in': 0.2, 'rho': 0.1, 'tikh': 0.1, 'option': 4, 'N_train': 20000, 'out_dim': 3, 'Normalization': 1}. Best is trial 42 with value: 0.005647279345430434.
[I 2025-11-20 23:22:26,030] Trial 91 finished with value: 0.0918333500623703 and parameters: {'n_units': 1000, 'alpha': 0.9, 'sigma_in': 0.2, 'rho': 0.1, 'tikh': 0.1, 'option': 4, 'N_train': 20000, 'out_dim': 3, 'Normalization': 1}. Best is trial 42 with value: 0.005647279345430434.
[I 2025-11-20 23:24:05,922] Trial 92 finished with value: 0.09443552568554878 and parameters: {'n_units': 1000, 'alpha': 1.0, 'sigma_in': 0.2, 'rho': 0.1, 'tikh': 0.1, 'option': 4, 'N_train': 20000, 'out_dim': 3, 'Normalization': 1}. Best is trial 42 with value: 0.005647279345430434.
[I 2025-11-20 23:25:05,549] Trial 93 finished with value: 0.09352679252624511 and parameters: {'n_units': 1000, 'alpha': 1.0, 'sigma_in': 0.2, 'rho': 0.1, 'tikh': 0.1, 'option': 4, 'N_train': 20000, 'out_dim': 3, 'Normalization': 1}. Best is trial 42 with value: 0.005647279345430434.
[I 2025-11-20 23:27:00,752] Trial 94 finished with value: 0.877434353530407 and parameters: {'n_units': 1000, 'alpha': 1.0, 'sigma_in': 0.30000000000000004, 'rho': 0.1, 'tikh': 0.1, 'option': 4, 'N_train': 20000, 'out_dim': 3, 'Normalization': 1}. Best is trial 42 with value: 0.005647279345430434.
[I 2025-11-20 23:28:00,344] Trial 95 finished with value: 0.0935678280889988 and parameters: {'n_units': 1000, 'alpha': 1.0, 'sigma_in': 0.2, 'rho': 0.2, 'tikh': 0.1, 'option': 4, 'N_train': 20000, 'out_dim': 3, 'Normalization': 1}. Best is trial 42 with value: 0.005647279345430434.
[I 2025-11-20 23:28:56,451] Trial 96 finished with value: 4998.338537597656 and parameters: {'n_units': 1000, 'alpha': 1.0, 'sigma_in': 0.30000000000000004, 'rho': 0.4, 'tikh': 1e-06, 'option': 3, 'N_train': 20000, 'out_dim': 3, 'Normalization': 1}. Best is trial 42 with value: 0.005647279345430434.
[I 2025-11-20 23:29:55,088] Trial 97 finished with value: 0.09508244469761848 and parameters: {'n_units': 1000, 'alpha': 0.9, 'sigma_in': 0.2, 'rho': 0.2, 'tikh': 0.1, 'option': 4, 'N_train': 20000, 'out_dim': 3, 'Normalization': 1}. Best is trial 42 with value: 0.005647279345430434.
[I 2025-11-20 23:30:52,177] Trial 98 finished with value: 61804.215161132815 and parameters: {'n_units': 1000, 'alpha': 0.9, 'sigma_in': 0.2, 'rho': 0.30000000000000004, 'tikh': 1e-09, 'option': 4, 'N_train': 20000, 'out_dim': 3, 'Normalization': 1}. Best is trial 42 with value: 0.005647279345430434.
[I 2025-11-20 23:32:13,976] Trial 99 finished with value: 120888.46676635742 and parameters: {'n_units': 1000, 'alpha': 0.9, 'sigma_in': 0.2, 'rho': 0.2, 'tikh': 0.0001, 'option': 2, 'N_train': 20000, 'out_dim': 3, 'Normalization': 1}. Best is trial 42 with value: 0.005647279345430434.
[I 2025-11-20 23:33:44,482] Trial 100 finished with value: 0.04302677689120173 and parameters: {'n_units': 1000, 'alpha': 1.0, 'sigma_in': 0.30000000000000004, 'rho': 0.30000000000000004, 'tikh': 0.1, 'option': 3, 'N_train': 20000, 'out_dim': 3, 'Normalization': 1}. Best is trial 42 with value: 0.005647279345430434.
[I 2025-11-20 23:35:08,987] Trial 101 finished with value: 0.49235106306150556 and parameters: {'n_units': 1000, 'alpha': 1.0, 'sigma_in': 0.2, 'rho': 0.30000000000000004, 'tikh': 0.1, 'option': 3, 'N_train': 20000, 'out_dim': 3, 'Normalization': 1}. Best is trial 42 with value: 0.005647279345430434.
[I 2025-11-20 23:36:40,770] Trial 102 finished with value: 0.015196461975574494 and parameters: {'n_units': 1000, 'alpha': 1.0, 'sigma_in': 0.30000000000000004, 'rho': 0.2, 'tikh': 0.1, 'option': 3, 'N_train': 20000, 'out_dim': 3, 'Normalization': 1}. Best is trial 42 with value: 0.005647279345430434.
[I 2025-11-20 23:37:39,980] Trial 103 finished with value: 0.0315827751532197 and parameters: {'n_units': 1000, 'alpha': 1.0, 'sigma_in': 0.4, 'rho': 0.30000000000000004, 'tikh': 0.1, 'option': 3, 'N_train': 20000, 'out_dim': 3, 'Normalization': 1}. Best is trial 42 with value: 0.005647279345430434.
[I 2025-11-20 23:38:57,201] Trial 104 finished with value: 0.8291064305230975 and parameters: {'n_units': 1000, 'alpha': 1.0, 'sigma_in': 0.5, 'rho': 0.4, 'tikh': 0.1, 'option': 3, 'N_train': 20000, 'out_dim': 3, 'Normalization': 1}. Best is trial 42 with value: 0.005647279345430434.
[I 2025-11-20 23:40:12,556] Trial 105 finished with value: 71659.98746452332 and parameters: {'n_units': 1000, 'alpha': 1.0, 'sigma_in': 0.4, 'rho': 0.30000000000000004, 'tikh': 1e-05, 'option': 3, 'N_train': 20000, 'out_dim': 3, 'Normalization': 1}. Best is trial 42 with value: 0.005647279345430434.
[I 2025-11-20 23:41:32,443] Trial 106 finished with value: 0.09081762302666903 and parameters: {'n_units': 1000, 'alpha': 1.0, 'sigma_in': 0.4, 'rho': 0.30000000000000004, 'tikh': 0.1, 'option': 3, 'N_train': 20000, 'out_dim': 3, 'Normalization': 1}. Best is trial 42 with value: 0.005647279345430434.
[I 2025-11-20 23:42:57,253] Trial 107 finished with value: 0.190832410287112 and parameters: {'n_units': 1000, 'alpha': 0.9, 'sigma_in': 0.5, 'rho': 0.4, 'tikh': 0.1, 'option': 3, 'N_train': 20000, 'out_dim': 3, 'Normalization': 1}. Best is trial 42 with value: 0.005647279345430434.
[I 2025-11-20 23:43:58,029] Trial 108 finished with value: 5543.515404701233 and parameters: {'n_units': 1000, 'alpha': 1.0, 'sigma_in': 0.4, 'rho': 0.30000000000000004, 'tikh': 0.01, 'option': 3, 'N_train': 20000, 'out_dim': 3, 'Normalization': 1}. Best is trial 42 with value: 0.005647279345430434.
[I 2025-11-20 23:44:54,995] Trial 109 finished with value: 0.029488334152847528 and parameters: {'n_units': 1000, 'alpha': 1.0, 'sigma_in': 0.4, 'rho': 0.30000000000000004, 'tikh': 0.1, 'option': 3, 'N_train': 20000, 'out_dim': 3, 'Normalization': 1}. Best is trial 42 with value: 0.005647279345430434.
[I 2025-11-20 23:45:50,179] Trial 110 finished with value: 6935.891860961914 and parameters: {'n_units': 1000, 'alpha': 0.9, 'sigma_in': 0.4, 'rho': 0.30000000000000004, 'tikh': 0.001, 'option': 3, 'N_train': 20000, 'out_dim': 3, 'Normalization': 1}. Best is trial 42 with value: 0.005647279345430434.
[I 2025-11-20 23:46:46,635] Trial 111 finished with value: 0.03308628546074033 and parameters: {'n_units': 1000, 'alpha': 1.0, 'sigma_in': 0.4, 'rho': 0.30000000000000004, 'tikh': 0.1, 'option': 3, 'N_train': 20000, 'out_dim': 3, 'Normalization': 1}. Best is trial 42 with value: 0.005647279345430434.
[I 2025-11-20 23:47:41,317] Trial 112 finished with value: 0.0365322582423687 and parameters: {'n_units': 1000, 'alpha': 1.0, 'sigma_in': 0.4, 'rho': 0.30000000000000004, 'tikh': 0.1, 'option': 3, 'N_train': 20000, 'out_dim': 3, 'Normalization': 1}. Best is trial 42 with value: 0.005647279345430434.
[I 2025-11-20 23:48:39,311] Trial 113 finished with value: 0.09797977963462472 and parameters: {'n_units': 1000, 'alpha': 1.0, 'sigma_in': 0.5, 'rho': 0.30000000000000004, 'tikh': 0.1, 'option': 3, 'N_train': 20000, 'out_dim': 3, 'Normalization': 1}. Best is trial 42 with value: 0.005647279345430434.
[I 2025-11-20 23:50:11,219] Trial 114 finished with value: 0.04083493538200855 and parameters: {'n_units': 1000, 'alpha': 1.0, 'sigma_in': 0.4, 'rho': 0.4, 'tikh': 0.1, 'option': 3, 'N_train': 20000, 'out_dim': 3, 'Normalization': 1}. Best is trial 42 with value: 0.005647279345430434.
[I 2025-11-20 23:51:09,988] Trial 115 finished with value: 0.05943234437145293 and parameters: {'n_units': 1000, 'alpha': 1.0, 'sigma_in': 0.4, 'rho': 0.4, 'tikh': 0.1, 'option': 3, 'N_train': 20000, 'out_dim': 3, 'Normalization': 1}. Best is trial 42 with value: 0.005647279345430434.
[I 2025-11-20 23:52:07,861] Trial 116 finished with value: 0.31176432184875014 and parameters: {'n_units': 1000, 'alpha': 1.0, 'sigma_in': 0.4, 'rho': 0.5, 'tikh': 0.1, 'option': 3, 'N_train': 20000, 'out_dim': 3, 'Normalization': 1}. Best is trial 42 with value: 0.005647279345430434.
[I 2025-11-20 23:53:05,288] Trial 117 finished with value: 39878.98490142822 and parameters: {'n_units': 1000, 'alpha': 1.0, 'sigma_in': 0.4, 'rho': 0.4, 'tikh': 1e-08, 'option': 3, 'N_train': 20000, 'out_dim': 3, 'Normalization': 1}. Best is trial 42 with value: 0.005647279345430434.
[I 2025-11-20 23:54:14,993] Trial 118 finished with value: 0.11900707520544529 and parameters: {'n_units': 1000, 'alpha': 1.0, 'sigma_in': 0.5, 'rho': 0.4, 'tikh': 0.1, 'option': 3, 'N_train': 20000, 'out_dim': 3, 'Normalization': 1}. Best is trial 42 with value: 0.005647279345430434.
[I 2025-11-20 23:55:15,255] Trial 119 finished with value: 25728.30278930664 and parameters: {'n_units': 1000, 'alpha': 1.0, 'sigma_in': 0.4, 'rho': 0.5, 'tikh': 1e-07, 'option': 3, 'N_train': 20000, 'out_dim': 3, 'Normalization': 1}. Best is trial 42 with value: 0.005647279345430434.
[I 2025-11-20 23:56:27,670] Trial 120 finished with value: 0.049597126059234144 and parameters: {'n_units': 1000, 'alpha': 1.0, 'sigma_in': 0.4, 'rho': 0.4, 'tikh': 0.1, 'option': 3, 'N_train': 20000, 'out_dim': 3, 'Normalization': 1}. Best is trial 42 with value: 0.005647279345430434.
[I 2025-11-20 23:57:24,895] Trial 121 finished with value: 0.1093888683244586 and parameters: {'n_units': 1000, 'alpha': 1.0, 'sigma_in': 0.4, 'rho': 0.4, 'tikh': 0.1, 'option': 3, 'N_train': 20000, 'out_dim': 3, 'Normalization': 1}. Best is trial 42 with value: 0.005647279345430434.
[I 2025-11-20 23:58:41,854] Trial 122 finished with value: 0.08563265353441238 and parameters: {'n_units': 1000, 'alpha': 1.0, 'sigma_in': 0.30000000000000004, 'rho': 0.4, 'tikh': 0.1, 'option': 3, 'N_train': 20000, 'out_dim': 3, 'Normalization': 1}. Best is trial 42 with value: 0.005647279345430434.
[I 2025-11-20 23:59:46,810] Trial 123 finished with value: 0.03241521148011088 and parameters: {'n_units': 1000, 'alpha': 1.0, 'sigma_in': 0.4, 'rho': 0.30000000000000004, 'tikh': 0.1, 'option': 3, 'N_train': 20000, 'out_dim': 3, 'Normalization': 1}. Best is trial 42 with value: 0.005647279345430434.
[I 2025-11-21 00:01:09,541] Trial 124 finished with value: 0.02685584658756852 and parameters: {'n_units': 1000, 'alpha': 1.0, 'sigma_in': 0.4, 'rho': 0.30000000000000004, 'tikh': 0.1, 'option': 3, 'N_train': 20000, 'out_dim': 3, 'Normalization': 1}. Best is trial 42 with value: 0.005647279345430434.
[I 2025-11-21 00:02:03,571] Trial 125 finished with value: 0.30152715370059013 and parameters: {'n_units': 1000, 'alpha': 0.9, 'sigma_in': 0.5, 'rho': 0.30000000000000004, 'tikh': 0.1, 'option': 3, 'N_train': 20000, 'out_dim': 3, 'Normalization': 1}. Best is trial 42 with value: 0.005647279345430434.
[I 2025-11-21 00:02:57,184] Trial 126 finished with value: 5329.606258392334 and parameters: {'n_units': 1000, 'alpha': 1.0, 'sigma_in': 0.30000000000000004, 'rho': 0.30000000000000004, 'tikh': 1e-10, 'option': 3, 'N_train': 20000, 'out_dim': 3, 'Normalization': 1}. Best is trial 42 with value: 0.005647279345430434.
[I 2025-11-21 00:03:54,999] Trial 127 finished with value: 2.1252760611474515 and parameters: {'n_units': 1000, 'alpha': 0.2, 'sigma_in': 0.4, 'rho': 0.30000000000000004, 'tikh': 0.1, 'option': 3, 'N_train': 20000, 'out_dim': 3, 'Normalization': 1}. Best is trial 42 with value: 0.005647279345430434.
[I 2025-11-21 00:04:47,048] Trial 128 finished with value: 7967.902809906006 and parameters: {'n_units': 1000, 'alpha': 1.0, 'sigma_in': 0.6, 'rho': 0.30000000000000004, 'tikh': 1e-06, 'option': 3, 'N_train': 20000, 'out_dim': 3, 'Normalization': 1}. Best is trial 42 with value: 0.005647279345430434.
[I 2025-11-21 00:05:43,926] Trial 129 finished with value: 0.03134603397920728 and parameters: {'n_units': 1000, 'alpha': 0.9, 'sigma_in': 0.4, 'rho': 0.30000000000000004, 'tikh': 0.1, 'option': 3, 'N_train': 20000, 'out_dim': 3, 'Normalization': 1}. Best is trial 42 with value: 0.005647279345430434.
[I 2025-11-21 00:08:27,870] Trial 130 finished with value: 24128131.756375123 and parameters: {'n_units': 3000, 'alpha': 0.9, 'sigma_in': 0.4, 'rho': 0.30000000000000004, 'tikh': 1e-09, 'option': 3, 'N_train': 20000, 'out_dim': 3, 'Normalization': 1}. Best is trial 42 with value: 0.005647279345430434.
[I 2025-11-21 00:09:40,592] Trial 131 finished with value: 0.026992587279528378 and parameters: {'n_units': 1000, 'alpha': 1.0, 'sigma_in': 0.4, 'rho': 0.30000000000000004, 'tikh': 0.1, 'option': 3, 'N_train': 20000, 'out_dim': 3, 'Normalization': 1}. Best is trial 42 with value: 0.005647279345430434.
[I 2025-11-21 00:10:55,357] Trial 132 finished with value: 0.030520810186862944 and parameters: {'n_units': 1000, 'alpha': 1.0, 'sigma_in': 0.4, 'rho': 0.30000000000000004, 'tikh': 0.1, 'option': 3, 'N_train': 20000, 'out_dim': 3, 'Normalization': 1}. Best is trial 42 with value: 0.005647279345430434.
[I 2025-11-21 00:12:26,459] Trial 133 finished with value: 0.032678683381527664 and parameters: {'n_units': 1000, 'alpha': 0.9, 'sigma_in': 0.4, 'rho': 0.30000000000000004, 'tikh': 0.1, 'option': 3, 'N_train': 20000, 'out_dim': 3, 'Normalization': 1}. Best is trial 42 with value: 0.005647279345430434.
[I 2025-11-21 00:13:20,046] Trial 134 finished with value: 0.030090372916311024 and parameters: {'n_units': 1000, 'alpha': 0.9, 'sigma_in': 0.4, 'rho': 0.30000000000000004, 'tikh': 0.1, 'option': 3, 'N_train': 20000, 'out_dim': 3, 'Normalization': 1}. Best is trial 42 with value: 0.005647279345430434.
[I 2025-11-21 00:14:14,492] Trial 135 finished with value: 0.05474305730313063 and parameters: {'n_units': 1000, 'alpha': 0.9, 'sigma_in': 0.5, 'rho': 0.30000000000000004, 'tikh': 0.1, 'option': 3, 'N_train': 20000, 'out_dim': 3, 'Normalization': 1}. Best is trial 42 with value: 0.005647279345430434.
[I 2025-11-21 00:15:06,825] Trial 136 finished with value: 0.04537225635722279 and parameters: {'n_units': 1000, 'alpha': 0.9, 'sigma_in': 0.30000000000000004, 'rho': 0.30000000000000004, 'tikh': 0.1, 'option': 3, 'N_train': 20000, 'out_dim': 3, 'Normalization': 1}. Best is trial 42 with value: 0.005647279345430434.
[I 2025-11-21 00:16:40,199] Trial 137 finished with value: 2031.20323677063 and parameters: {'n_units': 3000, 'alpha': 0.9, 'sigma_in': 0.5, 'rho': 0.30000000000000004, 'tikh': 1e-05, 'option': 3, 'N_train': 20000, 'out_dim': 3, 'Normalization': 1}. Best is trial 42 with value: 0.005647279345430434.
[I 2025-11-21 00:17:36,187] Trial 138 finished with value: 477.4110595703125 and parameters: {'n_units': 1000, 'alpha': 0.9, 'sigma_in': 0.4, 'rho': 0.2, 'tikh': 0.0001, 'option': 3, 'N_train': 20000, 'out_dim': 3, 'Normalization': 1}. Best is trial 42 with value: 0.005647279345430434.
[I 2025-11-21 00:18:41,757] Trial 139 finished with value: 36.44226232767105 and parameters: {'n_units': 1000, 'alpha': 0.9, 'sigma_in': 0.7000000000000001, 'rho': 0.30000000000000004, 'tikh': 0.1, 'option': 3, 'N_train': 20000, 'out_dim': 3, 'Normalization': 1}. Best is trial 42 with value: 0.005647279345430434.
[I 2025-11-21 00:19:36,760] Trial 140 finished with value: 1.1009562894701959 and parameters: {'n_units': 1000, 'alpha': 0.1, 'sigma_in': 0.30000000000000004, 'rho': 0.6, 'tikh': 0.1, 'option': 3, 'N_train': 20000, 'out_dim': 3, 'Normalization': 1}. Best is trial 42 with value: 0.005647279345430434.
[I 2025-11-21 00:20:30,510] Trial 141 finished with value: 0.0321185321547091 and parameters: {'n_units': 1000, 'alpha': 1.0, 'sigma_in': 0.4, 'rho': 0.30000000000000004, 'tikh': 0.1, 'option': 3, 'N_train': 20000, 'out_dim': 3, 'Normalization': 1}. Best is trial 42 with value: 0.005647279345430434.
[I 2025-11-21 00:21:24,062] Trial 142 finished with value: 0.031080059055238963 and parameters: {'n_units': 1000, 'alpha': 1.0, 'sigma_in': 0.4, 'rho': 0.30000000000000004, 'tikh': 0.1, 'option': 3, 'N_train': 20000, 'out_dim': 3, 'Normalization': 1}. Best is trial 42 with value: 0.005647279345430434.
[I 2025-11-21 00:22:17,069] Trial 143 finished with value: 0.03358184136450291 and parameters: {'n_units': 1000, 'alpha': 1.0, 'sigma_in': 0.4, 'rho': 0.30000000000000004, 'tikh': 0.1, 'option': 3, 'N_train': 20000, 'out_dim': 3, 'Normalization': 1}. Best is trial 42 with value: 0.005647279345430434.
[I 2025-11-21 00:23:09,566] Trial 144 finished with value: 0.0336835278198123 and parameters: {'n_units': 1000, 'alpha': 1.0, 'sigma_in': 0.4, 'rho': 0.30000000000000004, 'tikh': 0.1, 'option': 3, 'N_train': 20000, 'out_dim': 3, 'Normalization': 1}. Best is trial 42 with value: 0.005647279345430434.
[I 2025-11-21 00:24:36,344] Trial 145 finished with value: 663.7974320963025 and parameters: {'n_units': 3000, 'alpha': 0.30000000000000004, 'sigma_in': 0.4, 'rho': 0.2, 'tikh': 0.1, 'option': 3, 'N_train': 20000, 'out_dim': 3, 'Normalization': 1}. Best is trial 42 with value: 0.005647279345430434.
[I 2025-11-21 00:25:34,627] Trial 146 finished with value: 4360.032522583007 and parameters: {'n_units': 1000, 'alpha': 1.0, 'sigma_in': 0.30000000000000004, 'rho': 0.30000000000000004, 'tikh': 0.01, 'option': 5, 'N_train': 20000, 'out_dim': 3, 'Normalization': 1}. Best is trial 42 with value: 0.005647279345430434.
[I 2025-11-21 00:26:31,345] Trial 147 finished with value: 25054.474070739747 and parameters: {'n_units': 1000, 'alpha': 1.0, 'sigma_in': 0.5, 'rho': 0.30000000000000004, 'tikh': 0.001, 'option': 3, 'N_train': 20000, 'out_dim': 3, 'Normalization': 1}. Best is trial 42 with value: 0.005647279345430434.
