[I 2025-11-21 05:19:37,380] Trial 376 finished with value: 0.0041787015506997705 and parameters: {'n_units': 1000, 'alpha': 0.5, 'sigma_in': 0.2, 'rho': 0.2, 'tikh': 0.1, 'option': 5, 'N_train': 20000, 'out_dim': 3, 'Normalization': 1}. Best is trial 325 with value: 0.0013011088012717664.
[I 2025-11-21 05:20:35,100] Trial 377 finished with value: 377.7498853683472 and parameters: {'n_units': 1000, 'alpha': 0.5, 'sigma_in': 0.2, 'rho': 0.30000000000000004, 'tikh': 0.01, 'option': 2, 'N_train': 20000, 'out_dim': 3, 'Normalization': 1}. Best is trial 325 with value: 0.0013011088012717664.
[I 2025-11-21 05:21:31,794] Trial 378 finished with value: 0.008606636454351247 and parameters: {'n_units': 1000, 'alpha': 0.5, 'sigma_in': 0.2, 'rho': 0.2, 'tikh': 0.1, 'option': 5, 'N_train': 20000, 'out_dim': 3, 'Normalization': 1}. Best is trial 325 with value: 0.0013011088012717664.
[I 2025-11-21 05:22:28,929] Trial 379 finished with value: 2.7067114231176674 and parameters: {'n_units': 1000, 'alpha': 0.5, 'sigma_in': 0.30000000000000004, 'rho': 0.2, 'tikh': 0.1, 'option': 5, 'N_train': 20000, 'out_dim': 3, 'Normalization': 1}. Best is trial 325 with value: 0.0013011088012717664.
[I 2025-11-21 05:23:26,972] Trial 380 finished with value: 0.003539116308093071 and parameters: {'n_units': 1000, 'alpha': 0.5, 'sigma_in': 0.2, 'rho': 0.2, 'tikh': 0.1, 'option': 5, 'N_train': 20000, 'out_dim': 3, 'Normalization': 1}. Best is trial 325 with value: 0.0013011088012717664.
[I 2025-11-21 05:24:25,556] Trial 381 finished with value: 0.004114167438820005 and parameters: {'n_units': 1000, 'alpha': 0.5, 'sigma_in': 0.2, 'rho': 0.2, 'tikh': 0.1, 'option': 5, 'N_train': 20000, 'out_dim': 3, 'Normalization': 1}. Best is trial 325 with value: 0.0013011088012717664.
[I 2025-11-21 05:25:21,598] Trial 382 finished with value: 0.0050107494462281466 and parameters: {'n_units': 1000, 'alpha': 0.5, 'sigma_in': 0.2, 'rho': 0.2, 'tikh': 0.1, 'option': 5, 'N_train': 20000, 'out_dim': 3, 'Normalization': 1}. Best is trial 325 with value: 0.0013011088012717664.
[I 2025-11-21 05:26:16,856] Trial 383 finished with value: 0.013955942797474563 and parameters: {'n_units': 1000, 'alpha': 0.5, 'sigma_in': 0.2, 'rho': 0.2, 'tikh': 0.1, 'option': 5, 'N_train': 20000, 'out_dim': 3, 'Normalization': 1}. Best is trial 325 with value: 0.0013011088012717664.
[I 2025-11-21 05:27:13,452] Trial 384 finished with value: 4.450017142295837 and parameters: {'n_units': 1000, 'alpha': 0.5, 'sigma_in': 0.2, 'rho': 0.2, 'tikh': 0.1, 'option': 3, 'N_train': 20000, 'out_dim': 3, 'Normalization': 1}. Best is trial 325 with value: 0.0013011088012717664.
[I 2025-11-21 05:28:10,164] Trial 385 finished with value: 0.004191349481698125 and parameters: {'n_units': 1000, 'alpha': 0.5, 'sigma_in': 0.2, 'rho': 0.2, 'tikh': 0.1, 'option': 5, 'N_train': 20000, 'out_dim': 3, 'Normalization': 1}. Best is trial 325 with value: 0.0013011088012717664.
[I 2025-11-21 05:29:07,865] Trial 386 finished with value: 0.009870779956690967 and parameters: {'n_units': 1000, 'alpha': 0.5, 'sigma_in': 0.2, 'rho': 0.2, 'tikh': 0.1, 'option': 5, 'N_train': 20000, 'out_dim': 3, 'Normalization': 1}. Best is trial 325 with value: 0.0013011088012717664.
[I 2025-11-21 05:30:05,747] Trial 387 finished with value: 5.173435688018799 and parameters: {'n_units': 1000, 'alpha': 0.5, 'sigma_in': 0.2, 'rho': 0.2, 'tikh': 0.1, 'option': 4, 'N_train': 20000, 'out_dim': 3, 'Normalization': 1}. Best is trial 325 with value: 0.0013011088012717664.
[I 2025-11-21 05:31:02,048] Trial 388 finished with value: 7188.285076904297 and parameters: {'n_units': 1000, 'alpha': 0.5, 'sigma_in': 0.30000000000000004, 'rho': 0.30000000000000004, 'tikh': 1e-09, 'option': 5, 'N_train': 20000, 'out_dim': 3, 'Normalization': 1}. Best is trial 325 with value: 0.0013011088012717664.
[I 2025-11-21 05:31:59,693] Trial 389 finished with value: 1.3420945568359457 and parameters: {'n_units': 1000, 'alpha': 0.5, 'sigma_in': 0.30000000000000004, 'rho': 0.2, 'tikh': 0.1, 'option': 5, 'N_train': 20000, 'out_dim': 3, 'Normalization': 1}. Best is trial 325 with value: 0.0013011088012717664.
[I 2025-11-21 05:32:58,685] Trial 390 finished with value: 35407.10074443817 and parameters: {'n_units': 1000, 'alpha': 0.5, 'sigma_in': 0.2, 'rho': 0.2, 'tikh': 1e-10, 'option': 5, 'N_train': 20000, 'out_dim': 3, 'Normalization': 1}. Best is trial 325 with value: 0.0013011088012717664.
[I 2025-11-21 05:33:53,896] Trial 391 finished with value: 0.00385352810844779 and parameters: {'n_units': 1000, 'alpha': 0.5, 'sigma_in': 0.2, 'rho': 0.2, 'tikh': 0.1, 'option': 5, 'N_train': 20000, 'out_dim': 3, 'Normalization': 1}. Best is trial 325 with value: 0.0013011088012717664.
[I 2025-11-21 05:34:49,822] Trial 392 finished with value: 1.267460860533174 and parameters: {'n_units': 1000, 'alpha': 0.5, 'sigma_in': 0.2, 'rho': 0.2, 'tikh': 0.1, 'option': 5, 'N_train': 20000, 'out_dim': 3, 'Normalization': 1}. Best is trial 325 with value: 0.0013011088012717664.
[I 2025-11-21 05:35:46,014] Trial 393 finished with value: 0.00494678394170478 and parameters: {'n_units': 1000, 'alpha': 0.5, 'sigma_in': 0.2, 'rho': 0.2, 'tikh': 0.1, 'option': 5, 'N_train': 20000, 'out_dim': 3, 'Normalization': 1}. Best is trial 325 with value: 0.0013011088012717664.
[I 2025-11-21 05:36:40,457] Trial 394 finished with value: 0.01388490698300302 and parameters: {'n_units': 1000, 'alpha': 0.5, 'sigma_in': 0.2, 'rho': 0.2, 'tikh': 0.1, 'option': 5, 'N_train': 20000, 'out_dim': 3, 'Normalization': 1}. Best is trial 325 with value: 0.0013011088012717664.
[I 2025-11-21 05:37:37,970] Trial 395 finished with value: 0.8796088094357402 and parameters: {'n_units': 1000, 'alpha': 0.5, 'sigma_in': 0.2, 'rho': 0.30000000000000004, 'tikh': 0.1, 'option': 5, 'N_train': 20000, 'out_dim': 3, 'Normalization': 1}. Best is trial 325 with value: 0.0013011088012717664.
[I 2025-11-21 05:38:32,983] Trial 396 finished with value: 172.59135098457335 and parameters: {'n_units': 1000, 'alpha': 0.5, 'sigma_in': 0.2, 'rho': 0.2, 'tikh': 1e-08, 'option': 5, 'N_train': 20000, 'out_dim': 3, 'Normalization': 1}. Best is trial 325 with value: 0.0013011088012717664.
[I 2025-11-21 05:39:30,960] Trial 397 finished with value: 255.08191843032836 and parameters: {'n_units': 1000, 'alpha': 0.5, 'sigma_in': 0.2, 'rho': 0.2, 'tikh': 1e-05, 'option': 5, 'N_train': 20000, 'out_dim': 3, 'Normalization': 1}. Best is trial 325 with value: 0.0013011088012717664.
[I 2025-11-21 05:40:27,312] Trial 398 finished with value: 0.004361631092615425 and parameters: {'n_units': 1000, 'alpha': 0.5, 'sigma_in': 0.2, 'rho': 0.2, 'tikh': 0.1, 'option': 5, 'N_train': 20000, 'out_dim': 3, 'Normalization': 1}. Best is trial 325 with value: 0.0013011088012717664.
[I 2025-11-21 05:41:22,692] Trial 399 finished with value: 0.00811381561215967 and parameters: {'n_units': 1000, 'alpha': 0.5, 'sigma_in': 0.2, 'rho': 0.2, 'tikh': 0.1, 'option': 5, 'N_train': 20000, 'out_dim': 3, 'Normalization': 1}. Best is trial 325 with value: 0.0013011088012717664.
[I 2025-11-21 05:42:17,902] Trial 400 finished with value: 0.006572461221367121 and parameters: {'n_units': 1000, 'alpha': 0.5, 'sigma_in': 0.2, 'rho': 0.2, 'tikh': 0.1, 'option': 5, 'N_train': 20000, 'out_dim': 3, 'Normalization': 1}. Best is trial 325 with value: 0.0013011088012717664.
[I 2025-11-21 05:43:14,381] Trial 401 finished with value: 496.3591851949692 and parameters: {'n_units': 1000, 'alpha': 0.5, 'sigma_in': 0.30000000000000004, 'rho': 0.2, 'tikh': 0.001, 'option': 5, 'N_train': 20000, 'out_dim': 3, 'Normalization': 1}. Best is trial 325 with value: 0.0013011088012717664.
[I 2025-11-21 05:44:13,014] Trial 402 finished with value: 0.009435291762929409 and parameters: {'n_units': 1000, 'alpha': 0.6, 'sigma_in': 0.2, 'rho': 0.2, 'tikh': 0.1, 'option': 5, 'N_train': 20000, 'out_dim': 3, 'Normalization': 1}. Best is trial 325 with value: 0.0013011088012717664.
[I 2025-11-21 05:45:10,796] Trial 403 finished with value: 0.009124838339630514 and parameters: {'n_units': 1000, 'alpha': 0.6, 'sigma_in': 0.2, 'rho': 0.2, 'tikh': 0.1, 'option': 5, 'N_train': 20000, 'out_dim': 3, 'Normalization': 1}. Best is trial 325 with value: 0.0013011088012717664.
[I 2025-11-21 05:46:03,557] Trial 404 finished with value: 11795.788149642944 and parameters: {'n_units': 1000, 'alpha': 0.5, 'sigma_in': 0.2, 'rho': 0.2, 'tikh': 0.0001, 'option': 2, 'N_train': 20000, 'out_dim': 3, 'Normalization': 1}. Best is trial 325 with value: 0.0013011088012717664.
[I 2025-11-21 05:47:02,329] Trial 405 finished with value: 0.0030570253380574285 and parameters: {'n_units': 1000, 'alpha': 0.6, 'sigma_in': 0.2, 'rho': 0.2, 'tikh': 0.1, 'option': 5, 'N_train': 20000, 'out_dim': 3, 'Normalization': 1}. Best is trial 325 with value: 0.0013011088012717664.
[I 2025-11-21 05:47:57,008] Trial 406 finished with value: 0.008622219529934227 and parameters: {'n_units': 1000, 'alpha': 0.6, 'sigma_in': 0.2, 'rho': 0.2, 'tikh': 0.1, 'option': 5, 'N_train': 20000, 'out_dim': 3, 'Normalization': 1}. Best is trial 325 with value: 0.0013011088012717664.
[I 2025-11-21 05:48:53,145] Trial 407 finished with value: 0.2891680061875377 and parameters: {'n_units': 1000, 'alpha': 0.6, 'sigma_in': 0.2, 'rho': 0.2, 'tikh': 0.1, 'option': 5, 'N_train': 20000, 'out_dim': 3, 'Normalization': 1}. Best is trial 325 with value: 0.0013011088012717664.
[I 2025-11-21 05:49:46,943] Trial 408 finished with value: 3.9043796360492706 and parameters: {'n_units': 1000, 'alpha': 0.6, 'sigma_in': 0.2, 'rho': 0.30000000000000004, 'tikh': 0.1, 'option': 3, 'N_train': 20000, 'out_dim': 3, 'Normalization': 1}. Best is trial 325 with value: 0.0013011088012717664.
[I 2025-11-21 05:50:41,934] Trial 409 finished with value: 684.1387706756592 and parameters: {'n_units': 1000, 'alpha': 0.6, 'sigma_in': 0.2, 'rho': 0.2, 'tikh': 1e-06, 'option': 5, 'N_train': 20000, 'out_dim': 3, 'Normalization': 1}. Best is trial 325 with value: 0.0013011088012717664.
[I 2025-11-21 05:51:37,156] Trial 410 finished with value: 0.5964000173844397 and parameters: {'n_units': 1000, 'alpha': 0.6, 'sigma_in': 0.2, 'rho': 0.30000000000000004, 'tikh': 0.1, 'option': 5, 'N_train': 20000, 'out_dim': 3, 'Normalization': 1}. Best is trial 325 with value: 0.0013011088012717664.
[I 2025-11-21 05:52:31,533] Trial 411 finished with value: 1461.2503807067872 and parameters: {'n_units': 1000, 'alpha': 0.6, 'sigma_in': 0.30000000000000004, 'rho': 0.2, 'tikh': 1e-07, 'option': 5, 'N_train': 20000, 'out_dim': 3, 'Normalization': 1}. Best is trial 325 with value: 0.0013011088012717664.
[I 2025-11-21 05:53:29,107] Trial 412 finished with value: 5.200501728057861 and parameters: {'n_units': 1000, 'alpha': 0.6, 'sigma_in': 0.2, 'rho': 0.2, 'tikh': 0.1, 'option': 4, 'N_train': 20000, 'out_dim': 3, 'Normalization': 1}. Best is trial 325 with value: 0.0013011088012717664.
[I 2025-11-21 05:54:23,574] Trial 413 finished with value: 453.45831499099734 and parameters: {'n_units': 1000, 'alpha': 0.6, 'sigma_in': 0.2, 'rho': 0.2, 'tikh': 0.01, 'option': 5, 'N_train': 20000, 'out_dim': 3, 'Normalization': 1}. Best is trial 325 with value: 0.0013011088012717664.
[I 2025-11-21 05:55:19,623] Trial 414 finished with value: 0.01527355476282537 and parameters: {'n_units': 1000, 'alpha': 0.6, 'sigma_in': 0.2, 'rho': 0.2, 'tikh': 0.1, 'option': 5, 'N_train': 20000, 'out_dim': 3, 'Normalization': 1}. Best is trial 325 with value: 0.0013011088012717664.
[I 2025-11-21 05:56:13,677] Trial 415 finished with value: 0.007566558418329805 and parameters: {'n_units': 1000, 'alpha': 0.6, 'sigma_in': 0.2, 'rho': 0.2, 'tikh': 0.1, 'option': 5, 'N_train': 20000, 'out_dim': 3, 'Normalization': 1}. Best is trial 325 with value: 0.0013011088012717664.
[I 2025-11-21 05:57:11,929] Trial 416 finished with value: 0.00815447960048914 and parameters: {'n_units': 1000, 'alpha': 0.6, 'sigma_in': 0.2, 'rho': 0.2, 'tikh': 0.1, 'option': 5, 'N_train': 20000, 'out_dim': 3, 'Normalization': 1}. Best is trial 325 with value: 0.0013011088012717664.
[I 2025-11-21 05:58:09,440] Trial 417 finished with value: 0.011030926473904402 and parameters: {'n_units': 1000, 'alpha': 0.6, 'sigma_in': 0.2, 'rho': 0.2, 'tikh': 0.1, 'option': 5, 'N_train': 20000, 'out_dim': 3, 'Normalization': 1}. Best is trial 325 with value: 0.0013011088012717664.
[I 2025-11-21 05:59:07,822] Trial 418 finished with value: 0.0034286077599972485 and parameters: {'n_units': 1000, 'alpha': 0.5, 'sigma_in': 0.2, 'rho': 0.2, 'tikh': 0.1, 'option': 5, 'N_train': 20000, 'out_dim': 3, 'Normalization': 1}. Best is trial 325 with value: 0.0013011088012717664.
[I 2025-11-21 06:00:04,078] Trial 419 finished with value: 0.003064184501999989 and parameters: {'n_units': 1000, 'alpha': 0.5, 'sigma_in': 0.2, 'rho': 0.2, 'tikh': 0.1, 'option': 5, 'N_train': 20000, 'out_dim': 3, 'Normalization': 1}. Best is trial 325 with value: 0.0013011088012717664.
[I 2025-11-21 06:01:00,655] Trial 420 finished with value: 79.28342687760014 and parameters: {'n_units': 1000, 'alpha': 0.5, 'sigma_in': 0.30000000000000004, 'rho': 0.2, 'tikh': 0.1, 'option': 5, 'N_train': 20000, 'out_dim': 3, 'Normalization': 1}. Best is trial 325 with value: 0.0013011088012717664.
[I 2025-11-21 06:01:58,362] Trial 421 finished with value: 0.018712919717654587 and parameters: {'n_units': 1000, 'alpha': 0.5, 'sigma_in': 0.2, 'rho': 0.2, 'tikh': 0.1, 'option': 5, 'N_train': 20000, 'out_dim': 3, 'Normalization': 1}. Best is trial 325 with value: 0.0013011088012717664.
[I 2025-11-21 06:02:54,799] Trial 422 finished with value: 9368.50799241066 and parameters: {'n_units': 1000, 'alpha': 0.5, 'sigma_in': 0.2, 'rho': 0.2, 'tikh': 1e-10, 'option': 5, 'N_train': 20000, 'out_dim': 3, 'Normalization': 1}. Best is trial 325 with value: 0.0013011088012717664.
[I 2025-11-21 06:03:52,313] Trial 423 finished with value: 0.014073177624959498 and parameters: {'n_units': 1000, 'alpha': 0.5, 'sigma_in': 0.2, 'rho': 0.2, 'tikh': 0.1, 'option': 5, 'N_train': 20000, 'out_dim': 3, 'Normalization': 1}. Best is trial 325 with value: 0.0013011088012717664.
[I 2025-11-21 06:04:50,065] Trial 424 finished with value: 799.6780622005463 and parameters: {'n_units': 1000, 'alpha': 0.5, 'sigma_in': 0.2, 'rho': 0.2, 'tikh': 1e-09, 'option': 5, 'N_train': 20000, 'out_dim': 3, 'Normalization': 1}. Best is trial 325 with value: 0.0013011088012717664.
[I 2025-11-21 06:05:45,547] Trial 425 finished with value: 0.9694815058261156 and parameters: {'n_units': 1000, 'alpha': 0.6, 'sigma_in': 0.2, 'rho': 0.30000000000000004, 'tikh': 0.1, 'option': 5, 'N_train': 20000, 'out_dim': 3, 'Normalization': 1}. Best is trial 325 with value: 0.0013011088012717664.
[I 2025-11-21 06:06:41,769] Trial 426 finished with value: 0.004066484980285168 and parameters: {'n_units': 1000, 'alpha': 0.6, 'sigma_in': 0.2, 'rho': 0.2, 'tikh': 0.1, 'option': 5, 'N_train': 20000, 'out_dim': 3, 'Normalization': 1}. Best is trial 325 with value: 0.0013011088012717664.
[I 2025-11-21 06:07:39,725] Trial 427 finished with value: 0.00834938078187406 and parameters: {'n_units': 1000, 'alpha': 0.6, 'sigma_in': 0.2, 'rho': 0.2, 'tikh': 0.1, 'option': 5, 'N_train': 20000, 'out_dim': 3, 'Normalization': 1}. Best is trial 325 with value: 0.0013011088012717664.
[I 2025-11-21 06:08:33,201] Trial 428 finished with value: 5.008538007736206 and parameters: {'n_units': 1000, 'alpha': 0.6, 'sigma_in': 0.2, 'rho': 0.2, 'tikh': 0.1, 'option': 2, 'N_train': 20000, 'out_dim': 3, 'Normalization': 1}. Best is trial 325 with value: 0.0013011088012717664.
[I 2025-11-21 06:09:31,356] Trial 429 finished with value: 10558.33957710266 and parameters: {'n_units': 1000, 'alpha': 0.6, 'sigma_in': 0.2, 'rho': 0.2, 'tikh': 1e-08, 'option': 5, 'N_train': 20000, 'out_dim': 3, 'Normalization': 1}. Best is trial 325 with value: 0.0013011088012717664.
[I 2025-11-21 06:10:27,182] Trial 430 finished with value: 0.7278744274866767 and parameters: {'n_units': 1000, 'alpha': 0.6, 'sigma_in': 0.30000000000000004, 'rho': 0.2, 'tikh': 0.1, 'option': 5, 'N_train': 20000, 'out_dim': 3, 'Normalization': 1}. Best is trial 325 with value: 0.0013011088012717664.
[I 2025-11-21 06:11:23,335] Trial 431 finished with value: 1549.9371128082275 and parameters: {'n_units': 1000, 'alpha': 0.6, 'sigma_in': 0.2, 'rho': 0.30000000000000004, 'tikh': 1e-05, 'option': 5, 'N_train': 20000, 'out_dim': 3, 'Normalization': 1}. Best is trial 325 with value: 0.0013011088012717664.
[I 2025-11-21 06:12:19,346] Trial 432 finished with value: 1553.2501579284667 and parameters: {'n_units': 1000, 'alpha': 0.6, 'sigma_in': 0.2, 'rho': 0.2, 'tikh': 0.001, 'option': 5, 'N_train': 20000, 'out_dim': 3, 'Normalization': 1}. Best is trial 325 with value: 0.0013011088012717664.
[I 2025-11-21 06:13:13,736] Trial 433 finished with value: 3.8662322580814363 and parameters: {'n_units': 1000, 'alpha': 0.6, 'sigma_in': 0.2, 'rho': 0.2, 'tikh': 0.1, 'option': 3, 'N_train': 20000, 'out_dim': 3, 'Normalization': 1}. Best is trial 325 with value: 0.0013011088012717664.
[I 2025-11-21 06:14:12,622] Trial 434 finished with value: 2.893552911281586 and parameters: {'n_units': 1000, 'alpha': 0.6, 'sigma_in': 0.2, 'rho': 0.5, 'tikh': 0.1, 'option': 5, 'N_train': 20000, 'out_dim': 3, 'Normalization': 1}. Best is trial 325 with value: 0.0013011088012717664.
[I 2025-11-21 06:15:09,416] Trial 435 finished with value: 0.7650940394261851 and parameters: {'n_units': 1000, 'alpha': 0.6, 'sigma_in': 0.30000000000000004, 'rho': 0.2, 'tikh': 0.1, 'option': 5, 'N_train': 20000, 'out_dim': 3, 'Normalization': 1}. Best is trial 325 with value: 0.0013011088012717664.
[I 2025-11-21 06:16:07,514] Trial 436 finished with value: 31667.879347991944 and parameters: {'n_units': 1000, 'alpha': 0.6, 'sigma_in': 0.2, 'rho': 0.2, 'tikh': 0.0001, 'option': 5, 'N_train': 20000, 'out_dim': 3, 'Normalization': 1}. Best is trial 325 with value: 0.0013011088012717664.
[I 2025-11-21 06:17:02,014] Trial 437 finished with value: 5.198617315292358 and parameters: {'n_units': 1000, 'alpha': 0.6, 'sigma_in': 0.2, 'rho': 0.2, 'tikh': 0.1, 'option': 4, 'N_train': 20000, 'out_dim': 3, 'Normalization': 1}. Best is trial 325 with value: 0.0013011088012717664.
[I 2025-11-21 06:17:58,557] Trial 438 finished with value: 0.021184500772506 and parameters: {'n_units': 1000, 'alpha': 0.6, 'sigma_in': 0.2, 'rho': 0.2, 'tikh': 0.1, 'option': 5, 'N_train': 20000, 'out_dim': 3, 'Normalization': 1}. Best is trial 325 with value: 0.0013011088012717664.
[I 2025-11-21 06:18:58,366] Trial 439 finished with value: 535.5010326385498 and parameters: {'n_units': 1000, 'alpha': 0.5, 'sigma_in': 0.2, 'rho': 0.30000000000000004, 'tikh': 1e-06, 'option': 5, 'N_train': 20000, 'out_dim': 3, 'Normalization': 1}. Best is trial 325 with value: 0.0013011088012717664.
[I 2025-11-21 06:19:56,418] Trial 440 finished with value: 0.004098914260976016 and parameters: {'n_units': 1000, 'alpha': 0.6, 'sigma_in': 0.2, 'rho': 0.2, 'tikh': 0.1, 'option': 5, 'N_train': 20000, 'out_dim': 3, 'Normalization': 1}. Best is trial 325 with value: 0.0013011088012717664.
[I 2025-11-21 06:20:51,441] Trial 441 finished with value: 0.00944297417299822 and parameters: {'n_units': 1000, 'alpha': 0.4, 'sigma_in': 0.2, 'rho': 0.2, 'tikh': 0.1, 'option': 5, 'N_train': 20000, 'out_dim': 3, 'Normalization': 1}. Best is trial 325 with value: 0.0013011088012717664.
[I 2025-11-21 06:21:48,563] Trial 442 finished with value: 0.0030863748746924103 and parameters: {'n_units': 1000, 'alpha': 0.6, 'sigma_in': 0.2, 'rho': 0.2, 'tikh': 0.1, 'option': 5, 'N_train': 20000, 'out_dim': 3, 'Normalization': 1}. Best is trial 325 with value: 0.0013011088012717664.
[I 2025-11-21 06:22:44,694] Trial 443 finished with value: 8.761131355934776 and parameters: {'n_units': 1000, 'alpha': 0.6, 'sigma_in': 0.30000000000000004, 'rho': 0.2, 'tikh': 0.1, 'option': 5, 'N_train': 20000, 'out_dim': 3, 'Normalization': 1}. Best is trial 325 with value: 0.0013011088012717664.
[I 2025-11-21 06:23:40,878] Trial 444 finished with value: 784.3764343261719 and parameters: {'n_units': 1000, 'alpha': 0.6, 'sigma_in': 0.2, 'rho': 0.2, 'tikh': 1e-07, 'option': 5, 'N_train': 20000, 'out_dim': 3, 'Normalization': 1}. Best is trial 325 with value: 0.0013011088012717664.
[I 2025-11-21 06:24:37,063] Trial 445 finished with value: 0.009580488782376051 and parameters: {'n_units': 1000, 'alpha': 0.6, 'sigma_in': 0.2, 'rho': 0.2, 'tikh': 0.1, 'option': 5, 'N_train': 20000, 'out_dim': 3, 'Normalization': 1}. Best is trial 325 with value: 0.0013011088012717664.
[I 2025-11-21 06:25:36,193] Trial 446 finished with value: 1594.0240615844727 and parameters: {'n_units': 1000, 'alpha': 0.6, 'sigma_in': 0.2, 'rho': 0.7000000000000001, 'tikh': 0.01, 'option': 5, 'N_train': 20000, 'out_dim': 3, 'Normalization': 1}. Best is trial 325 with value: 0.0013011088012717664.
[I 2025-11-21 06:26:33,454] Trial 447 finished with value: 0.009286008932394906 and parameters: {'n_units': 1000, 'alpha': 0.6, 'sigma_in': 0.2, 'rho': 0.2, 'tikh': 0.1, 'option': 5, 'N_train': 20000, 'out_dim': 3, 'Normalization': 1}. Best is trial 325 with value: 0.0013011088012717664.
[I 2025-11-21 06:27:30,939] Trial 448 finished with value: 0.004198631446342915 and parameters: {'n_units': 1000, 'alpha': 0.6, 'sigma_in': 0.2, 'rho': 0.2, 'tikh': 0.1, 'option': 5, 'N_train': 20000, 'out_dim': 3, 'Normalization': 1}. Best is trial 325 with value: 0.0013011088012717664.
[I 2025-11-21 06:28:28,763] Trial 449 finished with value: 49.061124548316 and parameters: {'n_units': 1000, 'alpha': 0.6, 'sigma_in': 0.4, 'rho': 0.2, 'tikh': 0.1, 'option': 5, 'N_train': 20000, 'out_dim': 3, 'Normalization': 1}. Best is trial 325 with value: 0.0013011088012717664.
[I 2025-11-21 06:29:26,702] Trial 450 finished with value: 0.5837018483318388 and parameters: {'n_units': 1000, 'alpha': 0.6, 'sigma_in': 0.2, 'rho': 0.30000000000000004, 'tikh': 0.1, 'option': 5, 'N_train': 20000, 'out_dim': 3, 'Normalization': 1}. Best is trial 325 with value: 0.0013011088012717664.
