nohup: ignoring input
[I 2025-11-19 23:12:45,832] A new study created in memory with name: no-name-f300bf80-cb82-4934-b731-f97f1f033721
[I 2025-11-19 23:27:11,503] Trial 0 finished with value: 3159.156530380249 and parameters: {'n_units': 3000, 'alpha': 0.2, 'sigma_in': 0.30000000000000004, 'rho': 0.30000000000000004, 'tikh': 1e-10, 'option': 4, 'N_train': 20000, 'out_dim': 3, 'Normalization': 1}. Best is trial 0 with value: 3159.156530380249.
[I 2025-11-19 23:35:24,573] Trial 1 finished with value: 137333.65755691528 and parameters: {'n_units': 1000, 'alpha': 0.8, 'sigma_in': 0.7000000000000001, 'rho': 0.7000000000000001, 'tikh': 0.0001, 'option': 2, 'N_train': 20000, 'out_dim': 3, 'Normalization': 1}. Best is trial 0 with value: 3159.156530380249.
[I 2025-11-19 23:43:27,418] Trial 2 finished with value: 881.8819381713868 and parameters: {'n_units': 1000, 'alpha': 1.0, 'sigma_in': 0.5, 'rho': 1.0, 'tikh': 0.0001, 'option': 3, 'N_train': 20000, 'out_dim': 3, 'Normalization': 1}. Best is trial 2 with value: 881.8819381713868.
[I 2025-11-20 00:00:57,006] Trial 3 finished with value: 1716.1580203056335 and parameters: {'n_units': 2000, 'alpha': 0.2, 'sigma_in': 0.1, 'rho': 0.30000000000000004, 'tikh': 1e-05, 'option': 4, 'N_train': 20000, 'out_dim': 3, 'Normalization': 1}. Best is trial 2 with value: 881.8819381713868.
[I 2025-11-20 00:08:08,689] Trial 4 finished with value: 45331.03111038208 and parameters: {'n_units': 1000, 'alpha': 0.1, 'sigma_in': 0.6, 'rho': 0.4, 'tikh': 1e-07, 'option': 3, 'N_train': 20000, 'out_dim': 3, 'Normalization': 1}. Best is trial 2 with value: 881.8819381713868.
[I 2025-11-20 00:26:08,979] Trial 5 finished with value: 95.4416717529297 and parameters: {'n_units': 2000, 'alpha': 0.6, 'sigma_in': 0.4, 'rho': 0.5, 'tikh': 1e-07, 'option': 3, 'N_train': 20000, 'out_dim': 3, 'Normalization': 1}. Best is trial 5 with value: 95.4416717529297.
[I 2025-11-20 00:32:45,110] Trial 6 finished with value: 3338.501975631714 and parameters: {'n_units': 1000, 'alpha': 0.2, 'sigma_in': 0.4, 'rho': 1.0, 'tikh': 1e-06, 'option': 2, 'N_train': 20000, 'out_dim': 3, 'Normalization': 1}. Best is trial 5 with value: 95.4416717529297.
[I 2025-11-20 00:59:17,588] Trial 7 finished with value: 197.94032821655273 and parameters: {'n_units': 3000, 'alpha': 1.0, 'sigma_in': 0.6, 'rho': 0.30000000000000004, 'tikh': 0.0001, 'option': 3, 'N_train': 20000, 'out_dim': 3, 'Normalization': 1}. Best is trial 5 with value: 95.4416717529297.
[I 2025-11-20 01:24:40,605] Trial 8 finished with value: 897.999285697937 and parameters: {'n_units': 3000, 'alpha': 0.5, 'sigma_in': 0.9, 'rho': 0.9, 'tikh': 0.1, 'option': 3, 'N_train': 20000, 'out_dim': 3, 'Normalization': 1}. Best is trial 5 with value: 95.4416717529297.
[I 2025-11-20 01:49:19,690] Trial 9 finished with value: 5882.235679626465 and parameters: {'n_units': 3000, 'alpha': 0.9, 'sigma_in': 0.1, 'rho': 0.30000000000000004, 'tikh': 0.001, 'option': 2, 'N_train': 20000, 'out_dim': 3, 'Normalization': 1}. Best is trial 5 with value: 95.4416717529297.
[I 2025-11-20 02:06:41,358] Trial 10 finished with value: 2575.8985569000242 and parameters: {'n_units': 2000, 'alpha': 0.6, 'sigma_in': 1.0, 'rho': 0.6, 'tikh': 1e-09, 'option': 5, 'N_train': 20000, 'out_dim': 3, 'Normalization': 1}. Best is trial 5 with value: 95.4416717529297.
[I 2025-11-20 02:24:55,413] Trial 11 finished with value: 345.81540379524233 and parameters: {'n_units': 2000, 'alpha': 0.6, 'sigma_in': 0.7000000000000001, 'rho': 0.1, 'tikh': 1e-07, 'option': 3, 'N_train': 20000, 'out_dim': 3, 'Normalization': 1}. Best is trial 5 with value: 95.4416717529297.
[I 2025-11-20 02:51:02,159] Trial 12 finished with value: 14001244.365940666 and parameters: {'n_units': 3000, 'alpha': 0.8, 'sigma_in': 0.30000000000000004, 'rho': 0.5, 'tikh': 1e-08, 'option': 3, 'N_train': 20000, 'out_dim': 3, 'Normalization': 1}. Best is trial 5 with value: 95.4416717529297.
[I 2025-11-20 03:07:07,539] Trial 13 finished with value: 1722.6802533775567 and parameters: {'n_units': 2000, 'alpha': 0.4, 'sigma_in': 0.8, 'rho': 0.1, 'tikh': 0.01, 'option': 5, 'N_train': 20000, 'out_dim': 3, 'Normalization': 1}. Best is trial 5 with value: 95.4416717529297.
[I 2025-11-20 03:23:19,549] Trial 14 finished with value: 1196.0790225982666 and parameters: {'n_units': 2000, 'alpha': 0.7000000000000001, 'sigma_in': 0.5, 'rho': 0.7000000000000001, 'tikh': 1e-07, 'option': 3, 'N_train': 20000, 'out_dim': 3, 'Normalization': 1}. Best is trial 5 with value: 95.4416717529297.
[I 2025-11-20 03:46:02,806] Trial 15 finished with value: 1805.6751049041748 and parameters: {'n_units': 3000, 'alpha': 1.0, 'sigma_in': 0.30000000000000004, 'rho': 0.5, 'tikh': 0.0001, 'option': 3, 'N_train': 20000, 'out_dim': 3, 'Normalization': 1}. Best is trial 5 with value: 95.4416717529297.
[I 2025-11-20 04:02:25,275] Trial 16 finished with value: 874.0237284183502 and parameters: {'n_units': 2000, 'alpha': 0.4, 'sigma_in': 0.6, 'rho': 0.2, 'tikh': 1e-10, 'option': 3, 'N_train': 20000, 'out_dim': 3, 'Normalization': 1}. Best is trial 5 with value: 95.4416717529297.
[I 2025-11-20 04:25:29,672] Trial 17 finished with value: 533794.3040328979 and parameters: {'n_units': 3000, 'alpha': 0.8, 'sigma_in': 0.4, 'rho': 0.7000000000000001, 'tikh': 1e-05, 'option': 5, 'N_train': 20000, 'out_dim': 3, 'Normalization': 1}. Best is trial 5 with value: 95.4416717529297.
[I 2025-11-20 04:42:19,318] Trial 18 finished with value: 7.241865539550782 and parameters: {'n_units': 2000, 'alpha': 0.4, 'sigma_in': 0.2, 'rho': 0.4, 'tikh': 0.1, 'option': 4, 'N_train': 20000, 'out_dim': 3, 'Normalization': 1}. Best is trial 18 with value: 7.241865539550782.
[I 2025-11-20 04:59:07,518] Trial 19 finished with value: 1.640393888950348 and parameters: {'n_units': 2000, 'alpha': 0.4, 'sigma_in': 0.1, 'rho': 0.6, 'tikh': 0.1, 'option': 4, 'N_train': 20000, 'out_dim': 3, 'Normalization': 1}. Best is trial 19 with value: 1.640393888950348.
[I 2025-11-20 05:05:31,253] Trial 20 finished with value: 3.104804825782776 and parameters: {'n_units': 1000, 'alpha': 0.4, 'sigma_in': 0.2, 'rho': 0.8, 'tikh': 0.1, 'option': 4, 'N_train': 20000, 'out_dim': 3, 'Normalization': 1}. Best is trial 19 with value: 1.640393888950348.
[I 2025-11-20 05:11:53,952] Trial 21 finished with value: 2.5935738921165465 and parameters: {'n_units': 1000, 'alpha': 0.4, 'sigma_in': 0.2, 'rho': 0.8, 'tikh': 0.1, 'option': 4, 'N_train': 20000, 'out_dim': 3, 'Normalization': 1}. Best is trial 19 with value: 1.640393888950348.
[I 2025-11-20 05:18:32,098] Trial 22 finished with value: 3.009633815288544 and parameters: {'n_units': 1000, 'alpha': 0.30000000000000004, 'sigma_in': 0.2, 'rho': 0.8, 'tikh': 0.1, 'option': 4, 'N_train': 20000, 'out_dim': 3, 'Normalization': 1}. Best is trial 19 with value: 1.640393888950348.
[I 2025-11-20 05:24:46,621] Trial 23 finished with value: 3.1768154859542848 and parameters: {'n_units': 1000, 'alpha': 0.30000000000000004, 'sigma_in': 0.1, 'rho': 0.8, 'tikh': 0.1, 'option': 4, 'N_train': 20000, 'out_dim': 3, 'Normalization': 1}. Best is trial 19 with value: 1.640393888950348.
[I 2025-11-20 05:30:41,193] Trial 24 finished with value: 3.114120841026306 and parameters: {'n_units': 1000, 'alpha': 0.30000000000000004, 'sigma_in': 0.2, 'rho': 0.8, 'tikh': 0.1, 'option': 4, 'N_train': 20000, 'out_dim': 3, 'Normalization': 1}. Best is trial 19 with value: 1.640393888950348.
[I 2025-11-20 05:36:46,280] Trial 25 finished with value: 2.6687336444854735 and parameters: {'n_units': 1000, 'alpha': 0.5, 'sigma_in': 0.2, 'rho': 0.9, 'tikh': 0.1, 'option': 4, 'N_train': 20000, 'out_dim': 3, 'Normalization': 1}. Best is trial 19 with value: 1.640393888950348.
[I 2025-11-20 05:42:52,272] Trial 26 finished with value: 3.2000926733016968 and parameters: {'n_units': 1000, 'alpha': 0.5, 'sigma_in': 0.1, 'rho': 0.9, 'tikh': 0.1, 'option': 4, 'N_train': 20000, 'out_dim': 3, 'Normalization': 1}. Best is trial 19 with value: 1.640393888950348.
[I 2025-11-20 05:48:45,184] Trial 27 finished with value: 2754.457668495178 and parameters: {'n_units': 1000, 'alpha': 0.5, 'sigma_in': 0.30000000000000004, 'rho': 0.6, 'tikh': 1e-08, 'option': 4, 'N_train': 20000, 'out_dim': 3, 'Normalization': 1}. Best is trial 19 with value: 1.640393888950348.
[I 2025-11-20 05:54:31,878] Trial 28 finished with value: 3645.481002807617 and parameters: {'n_units': 1000, 'alpha': 0.7000000000000001, 'sigma_in': 0.2, 'rho': 0.9, 'tikh': 1e-06, 'option': 4, 'N_train': 20000, 'out_dim': 3, 'Normalization': 1}. Best is trial 19 with value: 1.640393888950348.
[I 2025-11-20 06:09:49,771] Trial 29 finished with value: 133.71957988739013 and parameters: {'n_units': 2000, 'alpha': 0.1, 'sigma_in': 0.30000000000000004, 'rho': 0.7000000000000001, 'tikh': 0.001, 'option': 4, 'N_train': 20000, 'out_dim': 3, 'Normalization': 1}. Best is trial 19 with value: 1.640393888950348.
[I 2025-11-20 06:16:15,207] Trial 30 finished with value: 341.8364856719971 and parameters: {'n_units': 1000, 'alpha': 0.30000000000000004, 'sigma_in': 0.1, 'rho': 1.0, 'tikh': 1e-09, 'option': 4, 'N_train': 20000, 'out_dim': 3, 'Normalization': 1}. Best is trial 19 with value: 1.640393888950348.
[I 2025-11-20 06:22:34,711] Trial 31 finished with value: 3.005606269836426 and parameters: {'n_units': 1000, 'alpha': 0.30000000000000004, 'sigma_in': 0.2, 'rho': 0.8, 'tikh': 0.1, 'option': 4, 'N_train': 20000, 'out_dim': 3, 'Normalization': 1}. Best is trial 19 with value: 1.640393888950348.
[I 2025-11-20 06:29:36,561] Trial 32 finished with value: 3.2731321096420287 and parameters: {'n_units': 1000, 'alpha': 0.4, 'sigma_in': 0.2, 'rho': 0.9, 'tikh': 0.1, 'option': 4, 'N_train': 20000, 'out_dim': 3, 'Normalization': 1}. Best is trial 19 with value: 1.640393888950348.
[I 2025-11-20 06:37:02,542] Trial 33 finished with value: 10.006414665281772 and parameters: {'n_units': 1000, 'alpha': 0.5, 'sigma_in': 0.4, 'rho': 0.6, 'tikh': 0.1, 'option': 4, 'N_train': 20000, 'out_dim': 3, 'Normalization': 1}. Best is trial 19 with value: 1.640393888950348.
[I 2025-11-20 06:44:13,578] Trial 34 finished with value: 11.270086765289307 and parameters: {'n_units': 1000, 'alpha': 0.2, 'sigma_in': 0.1, 'rho': 0.8, 'tikh': 0.01, 'option': 4, 'N_train': 20000, 'out_dim': 3, 'Normalization': 1}. Best is trial 19 with value: 1.640393888950348.
[I 2025-11-20 06:51:17,200] Trial 35 finished with value: 3.4362151622772217 and parameters: {'n_units': 1000, 'alpha': 0.30000000000000004, 'sigma_in': 0.2, 'rho': 0.9, 'tikh': 0.1, 'option': 2, 'N_train': 20000, 'out_dim': 3, 'Normalization': 1}. Best is trial 19 with value: 1.640393888950348.
[I 2025-11-20 06:58:30,887] Trial 36 finished with value: 325.2362306594849 and parameters: {'n_units': 1000, 'alpha': 0.4, 'sigma_in': 0.30000000000000004, 'rho': 1.0, 'tikh': 1e-10, 'option': 4, 'N_train': 20000, 'out_dim': 3, 'Normalization': 1}. Best is trial 19 with value: 1.640393888950348.
[I 2025-11-20 07:16:55,346] Trial 37 finished with value: 1294.8275852441789 and parameters: {'n_units': 2000, 'alpha': 0.2, 'sigma_in': 0.5, 'rho': 0.7000000000000001, 'tikh': 0.1, 'option': 4, 'N_train': 20000, 'out_dim': 3, 'Normalization': 1}. Best is trial 19 with value: 1.640393888950348.
[I 2025-11-20 07:23:38,720] Trial 38 finished with value: 1465.713316345215 and parameters: {'n_units': 1000, 'alpha': 0.1, 'sigma_in': 0.1, 'rho': 0.7000000000000001, 'tikh': 1e-05, 'option': 4, 'N_train': 20000, 'out_dim': 3, 'Normalization': 1}. Best is trial 19 with value: 1.640393888950348.
[I 2025-11-20 07:41:22,201] Trial 39 finished with value: 49.22046957015991 and parameters: {'n_units': 2000, 'alpha': 0.5, 'sigma_in': 0.4, 'rho': 0.6, 'tikh': 0.1, 'option': 2, 'N_train': 20000, 'out_dim': 3, 'Normalization': 1}. Best is trial 19 with value: 1.640393888950348.
[I 2025-11-20 07:48:35,974] Trial 40 finished with value: 10155.858365631104 and parameters: {'n_units': 1000, 'alpha': 0.6, 'sigma_in': 0.30000000000000004, 'rho': 0.4, 'tikh': 1e-06, 'option': 4, 'N_train': 20000, 'out_dim': 3, 'Normalization': 1}. Best is trial 19 with value: 1.640393888950348.
[I 2025-11-20 07:55:54,384] Trial 41 finished with value: 2.7691479876637457 and parameters: {'n_units': 1000, 'alpha': 0.30000000000000004, 'sigma_in': 0.2, 'rho': 0.8, 'tikh': 0.1, 'option': 4, 'N_train': 20000, 'out_dim': 3, 'Normalization': 1}. Best is trial 19 with value: 1.640393888950348.
[I 2025-11-20 08:03:06,724] Trial 42 finished with value: 3.0401323080062865 and parameters: {'n_units': 1000, 'alpha': 0.30000000000000004, 'sigma_in': 0.2, 'rho': 0.8, 'tikh': 0.1, 'option': 4, 'N_train': 20000, 'out_dim': 3, 'Normalization': 1}. Best is trial 19 with value: 1.640393888950348.
[I 2025-11-20 08:10:11,866] Trial 43 finished with value: 4.584183382987976 and parameters: {'n_units': 1000, 'alpha': 0.2, 'sigma_in': 0.1, 'rho': 1.0, 'tikh': 0.1, 'option': 4, 'N_train': 20000, 'out_dim': 3, 'Normalization': 1}. Best is trial 19 with value: 1.640393888950348.
[I 2025-11-20 08:17:01,535] Trial 44 finished with value: 6.765811729431152 and parameters: {'n_units': 1000, 'alpha': 0.4, 'sigma_in': 0.2, 'rho': 0.9, 'tikh': 0.1, 'option': 5, 'N_train': 20000, 'out_dim': 3, 'Normalization': 1}. Best is trial 19 with value: 1.640393888950348.
[I 2025-11-20 08:23:35,895] Trial 45 finished with value: 10794.559492683411 and parameters: {'n_units': 1000, 'alpha': 0.5, 'sigma_in': 0.30000000000000004, 'rho': 0.8, 'tikh': 0.001, 'option': 4, 'N_train': 20000, 'out_dim': 3, 'Normalization': 1}. Best is trial 19 with value: 1.640393888950348.
[I 2025-11-20 08:30:17,269] Trial 46 finished with value: 3302.460600280762 and parameters: {'n_units': 1000, 'alpha': 0.30000000000000004, 'sigma_in': 0.1, 'rho': 0.7000000000000001, 'tikh': 1e-09, 'option': 2, 'N_train': 20000, 'out_dim': 3, 'Normalization': 1}. Best is trial 19 with value: 1.640393888950348.
[I 2025-11-20 08:47:29,448] Trial 47 finished with value: 3618.564402961731 and parameters: {'n_units': 2000, 'alpha': 0.4, 'sigma_in': 0.4, 'rho': 0.9, 'tikh': 0.0001, 'option': 4, 'N_train': 20000, 'out_dim': 3, 'Normalization': 1}. Best is trial 19 with value: 1.640393888950348.
[I 2025-11-20 08:54:34,437] Trial 48 finished with value: 2384.811245536804 and parameters: {'n_units': 1000, 'alpha': 0.2, 'sigma_in': 0.7000000000000001, 'rho': 1.0, 'tikh': 0.01, 'option': 5, 'N_train': 20000, 'out_dim': 3, 'Normalization': 1}. Best is trial 19 with value: 1.640393888950348.
[I 2025-11-20 09:12:34,629] Trial 49 finished with value: 103.07633428573608 and parameters: {'n_units': 2000, 'alpha': 0.7000000000000001, 'sigma_in': 1.0, 'rho': 0.6, 'tikh': 1e-08, 'option': 4, 'N_train': 20000, 'out_dim': 3, 'Normalization': 1}. Best is trial 19 with value: 1.640393888950348.
[I 2025-11-20 09:19:54,361] Trial 50 finished with value: 3074.723498535156 and parameters: {'n_units': 1000, 'alpha': 0.6, 'sigma_in': 0.1, 'rho': 0.5, 'tikh': 1e-07, 'option': 4, 'N_train': 20000, 'out_dim': 3, 'Normalization': 1}. Best is trial 19 with value: 1.640393888950348.
[I 2025-11-20 09:26:29,906] Trial 51 finished with value: 2.684541881084442 and parameters: {'n_units': 1000, 'alpha': 0.30000000000000004, 'sigma_in': 0.2, 'rho': 0.8, 'tikh': 0.1, 'option': 4, 'N_train': 20000, 'out_dim': 3, 'Normalization': 1}. Best is trial 19 with value: 1.640393888950348.
[I 2025-11-20 09:33:27,719] Trial 52 finished with value: 2.7304639130830766 and parameters: {'n_units': 1000, 'alpha': 0.30000000000000004, 'sigma_in': 0.2, 'rho': 0.8, 'tikh': 0.1, 'option': 4, 'N_train': 20000, 'out_dim': 3, 'Normalization': 1}. Best is trial 19 with value: 1.640393888950348.
[I 2025-11-20 09:40:35,751] Trial 53 finished with value: 2.5512707471847533 and parameters: {'n_units': 1000, 'alpha': 0.4, 'sigma_in': 0.30000000000000004, 'rho': 0.9, 'tikh': 0.1, 'option': 4, 'N_train': 20000, 'out_dim': 3, 'Normalization': 1}. Best is trial 19 with value: 1.640393888950348.
[I 2025-11-20 09:47:37,040] Trial 54 finished with value: 9.36497175693512 and parameters: {'n_units': 1000, 'alpha': 0.4, 'sigma_in': 0.30000000000000004, 'rho': 0.9, 'tikh': 0.1, 'option': 4, 'N_train': 20000, 'out_dim': 3, 'Normalization': 1}. Best is trial 19 with value: 1.640393888950348.
[I 2025-11-20 10:14:18,246] Trial 55 finished with value: 76.13113317489623 and parameters: {'n_units': 3000, 'alpha': 0.5, 'sigma_in': 0.5, 'rho': 0.9, 'tikh': 1e-10, 'option': 4, 'N_train': 20000, 'out_dim': 3, 'Normalization': 1}. Best is trial 19 with value: 1.640393888950348.
[I 2025-11-20 10:20:37,727] Trial 56 finished with value: 1.878913013637066 and parameters: {'n_units': 1000, 'alpha': 0.4, 'sigma_in': 0.30000000000000004, 'rho': 0.7000000000000001, 'tikh': 0.1, 'option': 4, 'N_train': 20000, 'out_dim': 3, 'Normalization': 1}. Best is trial 19 with value: 1.640393888950348.
[I 2025-11-20 10:27:26,261] Trial 57 finished with value: 761.067784023285 and parameters: {'n_units': 1000, 'alpha': 0.4, 'sigma_in': 0.30000000000000004, 'rho': 0.7000000000000001, 'tikh': 1e-05, 'option': 5, 'N_train': 20000, 'out_dim': 3, 'Normalization': 1}. Best is trial 19 with value: 1.640393888950348.
[I 2025-11-20 10:44:13,663] Trial 58 finished with value: 1046.7872190237044 and parameters: {'n_units': 2000, 'alpha': 0.5, 'sigma_in': 0.30000000000000004, 'rho': 0.5, 'tikh': 0.1, 'option': 2, 'N_train': 20000, 'out_dim': 3, 'Normalization': 1}. Best is trial 19 with value: 1.640393888950348.
[I 2025-11-20 10:51:13,804] Trial 59 finished with value: 3755346.9277730943 and parameters: {'n_units': 1000, 'alpha': 0.4, 'sigma_in': 0.4, 'rho': 0.7000000000000001, 'tikh': 0.0001, 'option': 3, 'N_train': 20000, 'out_dim': 3, 'Normalization': 1}. Best is trial 19 with value: 1.640393888950348.
[I 2025-11-20 10:58:11,242] Trial 60 finished with value: 0.7778897970914841 and parameters: {'n_units': 1000, 'alpha': 0.6, 'sigma_in': 0.1, 'rho': 0.6, 'tikh': 0.1, 'option': 4, 'N_train': 20000, 'out_dim': 3, 'Normalization': 1}. Best is trial 60 with value: 0.7778897970914841.
[I 2025-11-20 11:05:05,714] Trial 61 finished with value: 0.9003852248191834 and parameters: {'n_units': 1000, 'alpha': 0.6, 'sigma_in': 0.1, 'rho': 0.6, 'tikh': 0.1, 'option': 4, 'N_train': 20000, 'out_dim': 3, 'Normalization': 1}. Best is trial 60 with value: 0.7778897970914841.
[I 2025-11-20 11:12:03,033] Trial 62 finished with value: 0.8910322666168213 and parameters: {'n_units': 1000, 'alpha': 0.6, 'sigma_in': 0.1, 'rho': 0.6, 'tikh': 0.1, 'option': 4, 'N_train': 20000, 'out_dim': 3, 'Normalization': 1}. Best is trial 60 with value: 0.7778897970914841.
[I 2025-11-20 11:18:55,856] Trial 63 finished with value: 0.9233685553073883 and parameters: {'n_units': 1000, 'alpha': 0.6, 'sigma_in': 0.1, 'rho': 0.6, 'tikh': 0.1, 'option': 4, 'N_train': 20000, 'out_dim': 3, 'Normalization': 1}. Best is trial 60 with value: 0.7778897970914841.
[I 2025-11-20 11:25:26,578] Trial 64 finished with value: 1.0331581592559815 and parameters: {'n_units': 1000, 'alpha': 0.6, 'sigma_in': 0.1, 'rho': 0.5, 'tikh': 0.1, 'option': 4, 'N_train': 20000, 'out_dim': 3, 'Normalization': 1}. Best is trial 60 with value: 0.7778897970914841.
[I 2025-11-20 11:32:05,200] Trial 65 finished with value: 1.0557165503501893 and parameters: {'n_units': 1000, 'alpha': 0.7000000000000001, 'sigma_in': 0.1, 'rho': 0.5, 'tikh': 0.1, 'option': 4, 'N_train': 20000, 'out_dim': 3, 'Normalization': 1}. Best is trial 60 with value: 0.7778897970914841.
[I 2025-11-20 11:38:33,146] Trial 66 finished with value: 5191.622713470459 and parameters: {'n_units': 1000, 'alpha': 0.7000000000000001, 'sigma_in': 0.1, 'rho': 0.5, 'tikh': 1e-06, 'option': 4, 'N_train': 20000, 'out_dim': 3, 'Normalization': 1}. Best is trial 60 with value: 0.7778897970914841.
[I 2025-11-20 12:04:31,486] Trial 67 finished with value: 2576.029359436035 and parameters: {'n_units': 3000, 'alpha': 0.6, 'sigma_in': 0.1, 'rho': 0.6, 'tikh': 1e-07, 'option': 4, 'N_train': 20000, 'out_dim': 3, 'Normalization': 1}. Best is trial 60 with value: 0.7778897970914841.
[I 2025-11-20 12:10:56,417] Trial 68 finished with value: 57035.716857910156 and parameters: {'n_units': 1000, 'alpha': 0.8, 'sigma_in': 0.1, 'rho': 0.4, 'tikh': 1e-08, 'option': 3, 'N_train': 20000, 'out_dim': 3, 'Normalization': 1}. Best is trial 60 with value: 0.7778897970914841.
[I 2025-11-20 12:17:00,842] Trial 69 finished with value: 1.0624102830886841 and parameters: {'n_units': 1000, 'alpha': 0.7000000000000001, 'sigma_in': 0.1, 'rho': 0.5, 'tikh': 0.1, 'option': 4, 'N_train': 20000, 'out_dim': 3, 'Normalization': 1}. Best is trial 60 with value: 0.7778897970914841.
[I 2025-11-20 12:22:49,675] Trial 70 finished with value: 2103.0367834091185 and parameters: {'n_units': 1000, 'alpha': 0.7000000000000001, 'sigma_in': 0.1, 'rho': 0.5, 'tikh': 0.001, 'option': 4, 'N_train': 20000, 'out_dim': 3, 'Normalization': 1}. Best is trial 60 with value: 0.7778897970914841.
[I 2025-11-20 12:28:33,833] Trial 71 finished with value: 1.0703217267990113 and parameters: {'n_units': 1000, 'alpha': 0.6, 'sigma_in': 0.1, 'rho': 0.4, 'tikh': 0.1, 'option': 4, 'N_train': 20000, 'out_dim': 3, 'Normalization': 1}. Best is trial 60 with value: 0.7778897970914841.
[I 2025-11-20 12:34:51,084] Trial 72 finished with value: 1.0579123854637147 and parameters: {'n_units': 1000, 'alpha': 0.6, 'sigma_in': 0.1, 'rho': 0.4, 'tikh': 0.1, 'option': 4, 'N_train': 20000, 'out_dim': 3, 'Normalization': 1}. Best is trial 60 with value: 0.7778897970914841.
[I 2025-11-20 12:40:39,238] Trial 73 finished with value: 1.0772277235984802 and parameters: {'n_units': 1000, 'alpha': 0.6, 'sigma_in': 0.1, 'rho': 0.30000000000000004, 'tikh': 0.1, 'option': 4, 'N_train': 20000, 'out_dim': 3, 'Normalization': 1}. Best is trial 60 with value: 0.7778897970914841.
