[I 2025-11-19 19:32:36,203] Trial 25 finished with value: 9163.931965970993 and parameters: {'n_units': 3000, 'alpha': 0.1, 'sigma_in': 0.8, 'rho': 0.30000000000000004, 'tikh': 1e-05, 'option': 4, 'Normalization': 1}. Best is trial 22 with value: 3.7819950367324053.
[I 2025-11-19 19:32:39,823] Trial 27 finished with value: 1624.363762998581 and parameters: {'n_units': 1000, 'alpha': 0.8, 'sigma_in': 0.6, 'rho': 0.6, 'tikh': 0.1, 'option': 4, 'Normalization': 1}. Best is trial 18 with value: 18.030890798568727.
[I 2025-11-19 19:33:31,046] Trial 29 finished with value: 34735.555212402345 and parameters: {'n_units': 3000, 'alpha': 1.0, 'sigma_in': 0.2, 'rho': 0.5, 'tikh': 0.0001, 'option': 3, 'Normalization': 1}. Best is trial 28 with value: 0.0185442921705544.
[I 2025-11-19 19:33:53,259] Trial 26 finished with value: 611.5982154369354 and parameters: {'n_units': 3000, 'alpha': 0.2, 'sigma_in': 0.8, 'rho': 0.2, 'tikh': 0.0001, 'option': 4, 'Normalization': 1}. Best is trial 22 with value: 3.7819950367324053.
[I 2025-11-19 19:34:02,037] Trial 28 finished with value: 403.6013885498047 and parameters: {'n_units': 3000, 'alpha': 0.6, 'sigma_in': 1.0, 'rho': 0.2, 'tikh': 0.1, 'option': 5, 'Normalization': 1}. Best is trial 18 with value: 18.030890798568727.
[I 2025-11-19 19:34:22,223] Trial 30 finished with value: 189.67401785850524 and parameters: {'n_units': 1000, 'alpha': 0.8, 'sigma_in': 0.6, 'rho': 0.2, 'tikh': 0.01, 'option': 4, 'Normalization': 1}. Best is trial 28 with value: 0.0185442921705544.
[I 2025-11-19 19:34:50,125] Trial 29 finished with value: 331.5582601547241 and parameters: {'n_units': 1000, 'alpha': 0.30000000000000004, 'sigma_in': 0.7000000000000001, 'rho': 0.30000000000000004, 'tikh': 0.01, 'option': 3, 'Normalization': 1}. Best is trial 18 with value: 18.030890798568727.
[I 2025-11-19 19:35:08,913] Trial 27 finished with value: 7150.243740543723 and parameters: {'n_units': 3000, 'alpha': 0.30000000000000004, 'sigma_in': 0.30000000000000004, 'rho': 0.5, 'tikh': 0.1, 'option': 4, 'Normalization': 1}. Best is trial 22 with value: 3.7819950367324053.
[I 2025-11-19 19:35:12,044] Trial 31 finished with value: 0.015354808792471886 and parameters: {'n_units': 1000, 'alpha': 0.9, 'sigma_in': 0.30000000000000004, 'rho': 0.4, 'tikh': 0.1, 'option': 4, 'Normalization': 1}. Best is trial 31 with value: 0.015354808792471886.
[I 2025-11-19 19:35:38,146] Trial 30 finished with value: 487628.0480142593 and parameters: {'n_units': 1000, 'alpha': 0.5, 'sigma_in': 0.9, 'rho': 0.30000000000000004, 'tikh': 1e-05, 'option': 3, 'Normalization': 1}. Best is trial 18 with value: 18.030890798568727.
[I 2025-11-19 19:36:02,799] Trial 32 finished with value: 0.013735451002139598 and parameters: {'n_units': 1000, 'alpha': 0.9, 'sigma_in': 0.30000000000000004, 'rho': 0.4, 'tikh': 0.1, 'option': 4, 'Normalization': 1}. Best is trial 32 with value: 0.013735451002139598.
[I 2025-11-19 19:36:23,667] Trial 28 finished with value: 7.4072993530076925 and parameters: {'n_units': 3000, 'alpha': 0.1, 'sigma_in': 0.5, 'rho': 0.1, 'tikh': 0.1, 'option': 5, 'Normalization': 1}. Best is trial 22 with value: 3.7819950367324053.
[I 2025-11-19 19:36:47,318] Trial 31 finished with value: 727.3287279427052 and parameters: {'n_units': 3000, 'alpha': 0.1, 'sigma_in': 0.4, 'rho': 0.1, 'tikh': 0.01, 'option': 4, 'Normalization': 1}. Best is trial 18 with value: 18.030890798568727.
[I 2025-11-19 19:36:55,867] Trial 33 finished with value: 5385.6836807250975 and parameters: {'n_units': 1000, 'alpha': 0.9, 'sigma_in': 0.30000000000000004, 'rho': 0.4, 'tikh': 0.0001, 'option': 4, 'Normalization': 1}. Best is trial 32 with value: 0.013735451002139598.
[I 2025-11-19 19:37:37,400] Trial 29 finished with value: 203.88522024154662 and parameters: {'n_units': 3000, 'alpha': 1.0, 'sigma_in': 0.7000000000000001, 'rho': 0.30000000000000004, 'tikh': 0.1, 'option': 3, 'Normalization': 1}. Best is trial 22 with value: 3.7819950367324053.
[I 2025-11-19 19:38:02,798] Trial 32 finished with value: 152.63485221862794 and parameters: {'n_units': 3000, 'alpha': 0.2, 'sigma_in': 0.6, 'rho': 0.2, 'tikh': 0.01, 'option': 4, 'Normalization': 1}. Best is trial 18 with value: 18.030890798568727.
[I 2025-11-19 19:38:12,484] Trial 34 finished with value: 10.128999805450439 and parameters: {'n_units': 3000, 'alpha': 0.8, 'sigma_in': 0.1, 'rho': 0.4, 'tikh': 0.1, 'option': 3, 'Normalization': 1}. Best is trial 32 with value: 0.013735451002139598.
[I 2025-11-19 19:38:49,552] Trial 30 finished with value: 49.02776050567627 and parameters: {'n_units': 3000, 'alpha': 0.5, 'sigma_in': 0.6, 'rho': 0.2, 'tikh': 0.1, 'option': 5, 'Normalization': 1}. Best is trial 22 with value: 3.7819950367324053.
[I 2025-11-19 19:39:06,743] Trial 35 finished with value: 49715.069763183594 and parameters: {'n_units': 1000, 'alpha': 0.9, 'sigma_in': 0.2, 'rho': 0.30000000000000004, 'tikh': 1e-05, 'option': 4, 'Normalization': 1}. Best is trial 32 with value: 0.013735451002139598.
[I 2025-11-19 19:39:16,054] Trial 33 finished with value: 924.5912473350763 and parameters: {'n_units': 3000, 'alpha': 0.1, 'sigma_in': 0.5, 'rho': 0.5, 'tikh': 0.01, 'option': 4, 'Normalization': 1}. Best is trial 18 with value: 18.030890798568727.
[I 2025-11-19 19:40:01,443] Trial 36 finished with value: 15.206545504136011 and parameters: {'n_units': 1000, 'alpha': 0.7000000000000001, 'sigma_in': 0.4, 'rho': 0.5, 'tikh': 0.1, 'option': 4, 'Normalization': 1}. Best is trial 32 with value: 0.013735451002139598.
[I 2025-11-19 19:40:01,774] Trial 31 finished with value: 636.268127593398 and parameters: {'n_units': 3000, 'alpha': 0.1, 'sigma_in': 0.5, 'rho': 0.1, 'tikh': 0.1, 'option': 5, 'Normalization': 1}. Best is trial 22 with value: 3.7819950367324053.
[I 2025-11-19 19:40:31,689] Trial 34 finished with value: 60.782985067367555 and parameters: {'n_units': 3000, 'alpha': 0.2, 'sigma_in': 0.4, 'rho': 0.2, 'tikh': 0.01, 'option': 4, 'Normalization': 1}. Best is trial 18 with value: 18.030890798568727.
[I 2025-11-19 19:41:23,807] Trial 37 finished with value: 23116.9732131958 and parameters: {'n_units': 3000, 'alpha': 1.0, 'sigma_in': 0.30000000000000004, 'rho': 0.4, 'tikh': 0.001, 'option': 5, 'Normalization': 1}. Best is trial 32 with value: 0.013735451002139598.
[I 2025-11-19 19:41:30,304] Trial 32 finished with value: 41.129879149608314 and parameters: {'n_units': 3000, 'alpha': 0.2, 'sigma_in': 0.30000000000000004, 'rho': 0.1, 'tikh': 0.1, 'option': 5, 'Normalization': 1}. Best is trial 22 with value: 3.7819950367324053.
[I 2025-11-19 19:41:51,745] Trial 35 finished with value: 22890.117737913133 and parameters: {'n_units': 3000, 'alpha': 0.5, 'sigma_in': 0.7000000000000001, 'rho': 0.4, 'tikh': 0.01, 'option': 4, 'Normalization': 1}. Best is trial 18 with value: 18.030890798568727.
[I 2025-11-19 19:42:17,229] Trial 38 finished with value: 0.36786276549100877 and parameters: {'n_units': 1000, 'alpha': 0.8, 'sigma_in': 0.2, 'rho': 0.4, 'tikh': 0.1, 'option': 3, 'Normalization': 1}. Best is trial 32 with value: 0.013735451002139598.
[I 2025-11-19 19:42:45,178] Trial 33 finished with value: 256.9965864181519 and parameters: {'n_units': 3000, 'alpha': 0.1, 'sigma_in': 0.6, 'rho': 0.2, 'tikh': 0.01, 'option': 5, 'Normalization': 1}. Best is trial 22 with value: 3.7819950367324053.
[I 2025-11-19 19:43:03,010] Trial 36 finished with value: 360.0698588371277 and parameters: {'n_units': 3000, 'alpha': 0.4, 'sigma_in': 0.6, 'rho': 0.1, 'tikh': 0.001, 'option': 3, 'Normalization': 1}. Best is trial 18 with value: 18.030890798568727.
[I 2025-11-19 19:43:11,063] Trial 39 finished with value: 1482.3222160339355 and parameters: {'n_units': 1000, 'alpha': 0.9, 'sigma_in': 0.4, 'rho': 0.30000000000000004, 'tikh': 0.0001, 'option': 4, 'Normalization': 1}. Best is trial 32 with value: 0.013735451002139598.
[I 2025-11-19 19:44:02,668] Trial 34 finished with value: 23.041732728481293 and parameters: {'n_units': 3000, 'alpha': 0.2, 'sigma_in': 0.5, 'rho': 0.1, 'tikh': 0.1, 'option': 5, 'Normalization': 1}. Best is trial 22 with value: 3.7819950367324053.
[I 2025-11-19 19:44:19,088] Trial 37 finished with value: 15.320891404151917 and parameters: {'n_units': 3000, 'alpha': 0.2, 'sigma_in': 0.30000000000000004, 'rho': 0.30000000000000004, 'tikh': 0.01, 'option': 4, 'Normalization': 1}. Best is trial 37 with value: 15.320891404151917.
[I 2025-11-19 19:44:29,713] Trial 40 finished with value: 1.4924116790294648 and parameters: {'n_units': 3000, 'alpha': 1.0, 'sigma_in': 0.1, 'rho': 0.2, 'tikh': 0.1, 'option': 3, 'Normalization': 1}. Best is trial 32 with value: 0.013735451002139598.
[I 2025-11-19 19:44:53,801] Trial 35 finished with value: 70.34770029187203 and parameters: {'n_units': 1000, 'alpha': 0.30000000000000004, 'sigma_in': 1.0, 'rho': 0.30000000000000004, 'tikh': 0.1, 'option': 3, 'Normalization': 1}. Best is trial 22 with value: 3.7819950367324053.
[I 2025-11-19 19:45:25,054] Trial 41 finished with value: 41.890892756031825 and parameters: {'n_units': 1000, 'alpha': 1.0, 'sigma_in': 0.5, 'rho': 0.30000000000000004, 'tikh': 0.1, 'option': 4, 'Normalization': 1}. Best is trial 32 with value: 0.013735451002139598.
[I 2025-11-19 19:45:33,038] Trial 38 finished with value: 295.07127990722654 and parameters: {'n_units': 3000, 'alpha': 0.30000000000000004, 'sigma_in': 0.2, 'rho': 0.4, 'tikh': 0.0001, 'option': 4, 'Normalization': 1}. Best is trial 37 with value: 15.320891404151917.
[I 2025-11-19 19:46:13,113] Trial 36 finished with value: 3358.310680770874 and parameters: {'n_units': 3000, 'alpha': 0.8, 'sigma_in': 0.8, 'rho': 0.4, 'tikh': 0.0001, 'option': 5, 'Normalization': 1}. Best is trial 22 with value: 3.7819950367324053.
[I 2025-11-19 19:46:17,552] Trial 42 finished with value: 0.016770738270133735 and parameters: {'n_units': 1000, 'alpha': 0.9, 'sigma_in': 0.30000000000000004, 'rho': 0.4, 'tikh': 0.1, 'option': 4, 'Normalization': 1}. Best is trial 32 with value: 0.013735451002139598.
[I 2025-11-19 19:46:47,333] Trial 39 finished with value: 1264.8254739138472 and parameters: {'n_units': 3000, 'alpha': 0.2, 'sigma_in': 0.30000000000000004, 'rho': 0.30000000000000004, 'tikh': 0.01, 'option': 5, 'Normalization': 1}. Best is trial 37 with value: 15.320891404151917.
[I 2025-11-19 19:47:07,272] Trial 37 finished with value: 77.151518201828 and parameters: {'n_units': 1000, 'alpha': 0.1, 'sigma_in': 0.4, 'rho': 0.2, 'tikh': 0.001, 'option': 4, 'Normalization': 1}. Best is trial 22 with value: 3.7819950367324053.
[I 2025-11-19 19:47:11,324] Trial 43 finished with value: 0.02207517293281853 and parameters: {'n_units': 1000, 'alpha': 0.9, 'sigma_in': 0.30000000000000004, 'rho': 0.4, 'tikh': 0.1, 'option': 4, 'Normalization': 1}. Best is trial 32 with value: 0.013735451002139598.
[I 2025-11-19 19:47:35,908] Trial 40 finished with value: 8500.775228881836 and parameters: {'n_units': 1000, 'alpha': 0.8, 'sigma_in': 0.2, 'rho': 0.5, 'tikh': 0.001, 'option': 4, 'Normalization': 1}. Best is trial 37 with value: 15.320891404151917.
[I 2025-11-19 19:48:00,582] Trial 44 finished with value: 12046.768562316895 and parameters: {'n_units': 1000, 'alpha': 0.9, 'sigma_in': 0.2, 'rho': 0.4, 'tikh': 0.001, 'option': 5, 'Normalization': 1}. Best is trial 32 with value: 0.013735451002139598.
[I 2025-11-19 19:48:20,558] Trial 38 finished with value: 14475.926052188874 and parameters: {'n_units': 3000, 'alpha': 0.2, 'sigma_in': 0.2, 'rho': 0.8, 'tikh': 0.01, 'option': 3, 'Normalization': 1}. Best is trial 22 with value: 3.7819950367324053.
[I 2025-11-19 19:48:49,452] Trial 41 finished with value: 67.39479451179504 and parameters: {'n_units': 3000, 'alpha': 0.2, 'sigma_in': 0.30000000000000004, 'rho': 0.2, 'tikh': 0.01, 'option': 4, 'Normalization': 1}. Best is trial 37 with value: 15.320891404151917.
[I 2025-11-19 19:48:55,408] Trial 45 finished with value: 10651.748286437989 and parameters: {'n_units': 1000, 'alpha': 0.8, 'sigma_in': 0.4, 'rho': 0.30000000000000004, 'tikh': 1e-05, 'option': 4, 'Normalization': 1}. Best is trial 32 with value: 0.013735451002139598.
[I 2025-11-19 19:49:33,729] Trial 39 finished with value: 1075.6890323877335 and parameters: {'n_units': 3000, 'alpha': 0.1, 'sigma_in': 0.7000000000000001, 'rho': 0.1, 'tikh': 1e-05, 'option': 5, 'Normalization': 1}. Best is trial 22 with value: 3.7819950367324053.
[I 2025-11-19 19:49:46,650] Trial 46 finished with value: 0.1605163887143135 and parameters: {'n_units': 1000, 'alpha': 0.9, 'sigma_in': 0.2, 'rho': 0.5, 'tikh': 0.1, 'option': 4, 'Normalization': 1}. Best is trial 32 with value: 0.013735451002139598.
[I 2025-11-19 19:50:00,121] Trial 42 finished with value: 297.64808068275454 and parameters: {'n_units': 3000, 'alpha': 0.1, 'sigma_in': 0.5, 'rho': 0.8, 'tikh': 0.01, 'option': 4, 'Normalization': 1}. Best is trial 37 with value: 15.320891404151917.
[I 2025-11-19 19:50:25,579] Trial 40 finished with value: 641.1416520118713 and parameters: {'n_units': 1000, 'alpha': 0.4, 'sigma_in': 0.6, 'rho': 0.5, 'tikh': 0.001, 'option': 4, 'Normalization': 1}. Best is trial 22 with value: 3.7819950367324053.
[I 2025-11-19 19:50:38,454] Trial 47 finished with value: 284.2144974936731 and parameters: {'n_units': 1000, 'alpha': 1.0, 'sigma_in': 1.0, 'rho': 0.4, 'tikh': 0.1, 'option': 4, 'Normalization': 1}. Best is trial 32 with value: 0.013735451002139598.
[I 2025-11-19 19:51:13,238] Trial 43 finished with value: 212.81921651363373 and parameters: {'n_units': 3000, 'alpha': 0.1, 'sigma_in': 0.2, 'rho': 0.30000000000000004, 'tikh': 0.01, 'option': 5, 'Normalization': 1}. Best is trial 37 with value: 15.320891404151917.
[I 2025-11-19 19:51:35,143] Trial 48 finished with value: 1.2923785842955113 and parameters: {'n_units': 1000, 'alpha': 0.8, 'sigma_in': 0.30000000000000004, 'rho': 0.30000000000000004, 'tikh': 0.1, 'option': 5, 'Normalization': 1}. Best is trial 32 with value: 0.013735451002139598.
[I 2025-11-19 19:51:46,314] Trial 41 finished with value: 4.933669976145029 and parameters: {'n_units': 3000, 'alpha': 0.1, 'sigma_in': 0.5, 'rho': 0.1, 'tikh': 0.1, 'option': 4, 'Normalization': 1}. Best is trial 22 with value: 3.7819950367324053.
[I 2025-11-19 19:52:36,711] Trial 49 finished with value: 2143.7813301086426 and parameters: {'n_units': 1000, 'alpha': 1.0, 'sigma_in': 0.4, 'rho': 0.5, 'tikh': 0.001, 'option': 4, 'Normalization': 1}. Best is trial 32 with value: 0.013735451002139598.
[I 2025-11-19 19:52:39,198] Trial 44 finished with value: 294.0263692855835 and parameters: {'n_units': 3000, 'alpha': 0.30000000000000004, 'sigma_in': 0.8, 'rho': 0.6, 'tikh': 0.1, 'option': 4, 'Normalization': 1}. Best is trial 37 with value: 15.320891404151917.
[I 2025-11-19 19:53:44,181] Trial 50 finished with value: 3172.55065908432 and parameters: {'n_units': 1000, 'alpha': 0.9, 'sigma_in': 0.8, 'rho': 0.4, 'tikh': 0.1, 'option': 4, 'Normalization': 1}. Best is trial 32 with value: 0.013735451002139598.
[I 2025-11-19 19:53:56,527] Trial 42 finished with value: 20.737674813065677 and parameters: {'n_units': 3000, 'alpha': 0.1, 'sigma_in': 0.5, 'rho': 0.1, 'tikh': 0.1, 'option': 4, 'Normalization': 1}. Best is trial 22 with value: 3.7819950367324053.
[I 2025-11-19 19:54:26,496] Trial 45 finished with value: 19873.31856689453 and parameters: {'n_units': 3000, 'alpha': 0.9, 'sigma_in': 0.4, 'rho': 0.5, 'tikh': 0.01, 'option': 3, 'Normalization': 1}. Best is trial 37 with value: 15.320891404151917.
[I 2025-11-19 19:54:41,230] Trial 51 finished with value: 0.011083833628799767 and parameters: {'n_units': 1000, 'alpha': 0.7000000000000001, 'sigma_in': 0.30000000000000004, 'rho': 0.6, 'tikh': 0.1, 'option': 4, 'Normalization': 1}. Best is trial 51 with value: 0.011083833628799767.
[I 2025-11-19 19:55:27,798] Trial 43 finished with value: 419.6981353521347 and parameters: {'n_units': 3000, 'alpha': 0.2, 'sigma_in': 0.4, 'rho': 0.2, 'tikh': 0.1, 'option': 4, 'Normalization': 1}. Best is trial 22 with value: 3.7819950367324053.
[I 2025-11-19 19:55:36,679] Trial 52 finished with value: 0.0589593204727862 and parameters: {'n_units': 1000, 'alpha': 0.9, 'sigma_in': 0.30000000000000004, 'rho': 0.6, 'tikh': 0.1, 'option': 4, 'Normalization': 1}. Best is trial 51 with value: 0.011083833628799767.
[I 2025-11-19 19:55:44,752] Trial 46 finished with value: 11135.638199639321 and parameters: {'n_units': 3000, 'alpha': 0.7000000000000001, 'sigma_in': 0.7000000000000001, 'rho': 0.4, 'tikh': 0.1, 'option': 4, 'Normalization': 1}. Best is trial 37 with value: 15.320891404151917.
[I 2025-11-19 19:56:35,273] Trial 53 finished with value: 0.13909442946314812 and parameters: {'n_units': 1000, 'alpha': 0.8, 'sigma_in': 0.2, 'rho': 0.5, 'tikh': 0.1, 'option': 4, 'Normalization': 1}. Best is trial 51 with value: 0.011083833628799767.
[I 2025-11-19 19:56:36,541] Trial 47 finished with value: 114.65818266868591 and parameters: {'n_units': 1000, 'alpha': 0.4, 'sigma_in': 0.9, 'rho': 0.1, 'tikh': 1e-05, 'option': 4, 'Normalization': 1}. Best is trial 37 with value: 15.320891404151917.
[I 2025-11-19 19:57:10,840] Trial 44 finished with value: 30684.772264784573 and parameters: {'n_units': 3000, 'alpha': 0.1, 'sigma_in': 0.5, 'rho': 1.0, 'tikh': 0.1, 'option': 4, 'Normalization': 1}. Best is trial 22 with value: 3.7819950367324053.
[I 2025-11-19 19:57:36,508] Trial 54 finished with value: 0.007287408178672195 and parameters: {'n_units': 1000, 'alpha': 1.0, 'sigma_in': 0.30000000000000004, 'rho': 0.6, 'tikh': 0.1, 'option': 4, 'Normalization': 1}. Best is trial 54 with value: 0.007287408178672195.
[I 2025-11-19 19:58:34,832] Trial 48 finished with value: 1331.124702835083 and parameters: {'n_units': 3000, 'alpha': 0.6, 'sigma_in': 0.6, 'rho': 0.2, 'tikh': 0.001, 'option': 5, 'Normalization': 1}. Best is trial 37 with value: 15.320891404151917.
[I 2025-11-19 19:58:57,534] Trial 55 finished with value: 12.885373198793967 and parameters: {'n_units': 1000, 'alpha': 1.0, 'sigma_in': 0.4, 'rho': 0.6, 'tikh': 0.1, 'option': 4, 'Normalization': 1}. Best is trial 54 with value: 0.007287408178672195.
[I 2025-11-19 19:59:14,053] Trial 45 finished with value: 6.0921785771846775 and parameters: {'n_units': 3000, 'alpha': 0.30000000000000004, 'sigma_in': 0.9, 'rho': 0.1, 'tikh': 0.1, 'option': 4, 'Normalization': 1}. Best is trial 22 with value: 3.7819950367324053.
[I 2025-11-19 19:59:25,986] Trial 49 finished with value: 2.0186602115631103 and parameters: {'n_units': 1000, 'alpha': 0.5, 'sigma_in': 0.1, 'rho': 0.7000000000000001, 'tikh': 0.1, 'option': 4, 'Normalization': 1}. Best is trial 49 with value: 2.0186602115631103.
[I 2025-11-19 19:59:47,238] Trial 56 finished with value: 7375.073092269898 and parameters: {'n_units': 1000, 'alpha': 1.0, 'sigma_in': 0.30000000000000004, 'rho': 0.6, 'tikh': 0.01, 'option': 4, 'Normalization': 1}. Best is trial 54 with value: 0.007287408178672195.
[I 2025-11-19 20:00:06,865] Trial 46 finished with value: 36.37675589621067 and parameters: {'n_units': 1000, 'alpha': 0.30000000000000004, 'sigma_in': 0.9, 'rho': 0.30000000000000004, 'tikh': 0.01, 'option': 4, 'Normalization': 1}. Best is trial 22 with value: 3.7819950367324053.
[I 2025-11-19 20:00:13,029] Trial 50 finished with value: 2.855932378768921 and parameters: {'n_units': 1000, 'alpha': 0.5, 'sigma_in': 0.1, 'rho': 0.8, 'tikh': 0.1, 'option': 4, 'Normalization': 1}. Best is trial 49 with value: 2.0186602115631103.
[I 2025-11-19 20:00:35,002] Trial 57 finished with value: 0.43804546296596525 and parameters: {'n_units': 1000, 'alpha': 0.7000000000000001, 'sigma_in': 0.1, 'rho': 0.5, 'tikh': 0.1, 'option': 4, 'Normalization': 1}. Best is trial 54 with value: 0.007287408178672195.
[I 2025-11-19 20:01:00,080] Trial 51 finished with value: 2.329475995898247 and parameters: {'n_units': 1000, 'alpha': 0.5, 'sigma_in': 0.1, 'rho': 0.9, 'tikh': 0.1, 'option': 4, 'Normalization': 1}. Best is trial 49 with value: 2.0186602115631103.
[I 2025-11-19 20:01:19,994] Trial 47 finished with value: 9.176184880011714 and parameters: {'n_units': 3000, 'alpha': 0.2, 'sigma_in': 1.0, 'rho': 0.2, 'tikh': 0.1, 'option': 4, 'Normalization': 1}. Best is trial 22 with value: 3.7819950367324053.
[I 2025-11-19 20:01:22,158] Trial 58 finished with value: 0.28170044124126437 and parameters: {'n_units': 1000, 'alpha': 0.5, 'sigma_in': 0.2, 'rho': 0.2, 'tikh': 0.1, 'option': 4, 'Normalization': 1}. Best is trial 54 with value: 0.007287408178672195.
[I 2025-11-19 20:01:50,748] Trial 52 finished with value: 3.4210770547389986 and parameters: {'n_units': 1000, 'alpha': 0.5, 'sigma_in': 0.1, 'rho': 0.9, 'tikh': 0.1, 'option': 4, 'Normalization': 1}. Best is trial 49 with value: 2.0186602115631103.
[I 2025-11-19 20:02:34,615] Trial 59 finished with value: 253422.40035705565 and parameters: {'n_units': 3000, 'alpha': 1.0, 'sigma_in': 0.4, 'rho': 0.6, 'tikh': 1e-05, 'option': 5, 'Normalization': 1}. Best is trial 54 with value: 0.007287408178672195.
[I 2025-11-19 20:02:39,012] Trial 48 finished with value: 9293.651251506806 and parameters: {'n_units': 3000, 'alpha': 0.30000000000000004, 'sigma_in': 0.9, 'rho': 0.1, 'tikh': 0.001, 'option': 4, 'Normalization': 1}. Best is trial 22 with value: 3.7819950367324053.
[I 2025-11-19 20:02:43,885] Trial 53 finished with value: 1.8629020497202873 and parameters: {'n_units': 1000, 'alpha': 0.5, 'sigma_in': 0.1, 'rho': 1.0, 'tikh': 0.1, 'option': 4, 'Normalization': 1}. Best is trial 53 with value: 1.8629020497202873.
[I 2025-11-19 20:03:24,883] Trial 60 finished with value: 0.28069876935333016 and parameters: {'n_units': 1000, 'alpha': 0.1, 'sigma_in': 0.30000000000000004, 'rho': 0.5, 'tikh': 0.1, 'option': 4, 'Normalization': 1}. Best is trial 54 with value: 0.007287408178672195.
[I 2025-11-19 20:03:33,022] Trial 54 finished with value: 3.0557937905192376 and parameters: {'n_units': 1000, 'alpha': 0.5, 'sigma_in': 0.1, 'rho': 1.0, 'tikh': 0.1, 'option': 4, 'Normalization': 1}. Best is trial 53 with value: 1.8629020497202873.
