[I 2025-11-21 03:29:15,298] Trial 444 finished with value: 0.8547562241554261 and parameters: {'n_units': 1000, 'alpha': 0.2, 'sigma_in': 0.4, 'rho': 0.1, 'tikh': 0.1, 'option': 3, 'N_train': 20000, 'out_dim': 3, 'Normalization': 1}. Best is trial 359 with value: 0.1926481807604432.
[I 2025-11-21 03:30:10,876] Trial 445 finished with value: 14798.487244844437 and parameters: {'n_units': 1000, 'alpha': 0.30000000000000004, 'sigma_in': 0.4, 'rho': 0.1, 'tikh': 1e-09, 'option': 3, 'N_train': 20000, 'out_dim': 3, 'Normalization': 1}. Best is trial 359 with value: 0.1926481807604432.
[I 2025-11-21 03:31:07,958] Trial 446 finished with value: 0.4375904530286789 and parameters: {'n_units': 1000, 'alpha': 0.30000000000000004, 'sigma_in': 0.4, 'rho': 0.1, 'tikh': 0.1, 'option': 3, 'N_train': 20000, 'out_dim': 3, 'Normalization': 1}. Best is trial 359 with value: 0.1926481807604432.
[I 2025-11-21 03:32:05,479] Trial 447 finished with value: 0.5842418603599071 and parameters: {'n_units': 1000, 'alpha': 0.30000000000000004, 'sigma_in': 0.4, 'rho': 0.1, 'tikh': 0.1, 'option': 3, 'N_train': 20000, 'out_dim': 3, 'Normalization': 1}. Best is trial 359 with value: 0.1926481807604432.
[I 2025-11-21 03:32:56,618] Trial 448 finished with value: 5.6475511491298676 and parameters: {'n_units': 1000, 'alpha': 0.2, 'sigma_in': 0.30000000000000004, 'rho': 0.1, 'tikh': 0.01, 'option': 3, 'N_train': 20000, 'out_dim': 3, 'Normalization': 1}. Best is trial 359 with value: 0.1926481807604432.
[I 2025-11-21 03:33:47,570] Trial 449 finished with value: 0.3828498959541321 and parameters: {'n_units': 1000, 'alpha': 1.0, 'sigma_in': 0.4, 'rho': 0.1, 'tikh': 0.1, 'option': 3, 'N_train': 20000, 'out_dim': 3, 'Normalization': 1}. Best is trial 359 with value: 0.1926481807604432.
[I 2025-11-21 03:34:40,467] Trial 450 finished with value: 2.497321677207947 and parameters: {'n_units': 1000, 'alpha': 0.30000000000000004, 'sigma_in': 0.5, 'rho': 0.1, 'tikh': 0.1, 'option': 3, 'N_train': 20000, 'out_dim': 3, 'Normalization': 1}. Best is trial 359 with value: 0.1926481807604432.
[I 2025-11-21 03:35:31,821] Trial 451 finished with value: 1.2007676020264626 and parameters: {'n_units': 1000, 'alpha': 0.30000000000000004, 'sigma_in': 0.4, 'rho': 0.2, 'tikh': 0.1, 'option': 3, 'N_train': 20000, 'out_dim': 3, 'Normalization': 1}. Best is trial 359 with value: 0.1926481807604432.
[I 2025-11-21 03:36:25,810] Trial 452 finished with value: 0.32634107321500777 and parameters: {'n_units': 1000, 'alpha': 0.30000000000000004, 'sigma_in': 0.4, 'rho': 0.1, 'tikh': 0.1, 'option': 3, 'N_train': 20000, 'out_dim': 3, 'Normalization': 1}. Best is trial 359 with value: 0.1926481807604432.
[I 2025-11-21 03:37:19,367] Trial 453 finished with value: 1028.763139104843 and parameters: {'n_units': 1000, 'alpha': 0.30000000000000004, 'sigma_in': 0.4, 'rho': 0.1, 'tikh': 1e-10, 'option': 5, 'N_train': 20000, 'out_dim': 3, 'Normalization': 1}. Best is trial 359 with value: 0.1926481807604432.
[I 2025-11-21 03:38:40,611] Trial 454 finished with value: 52.38771932125091 and parameters: {'n_units': 3000, 'alpha': 0.30000000000000004, 'sigma_in': 0.8, 'rho': 0.1, 'tikh': 0.1, 'option': 3, 'N_train': 20000, 'out_dim': 3, 'Normalization': 1}. Best is trial 359 with value: 0.1926481807604432.
[I 2025-11-21 03:39:35,011] Trial 455 finished with value: 0.3169973850250244 and parameters: {'n_units': 1000, 'alpha': 0.30000000000000004, 'sigma_in': 0.4, 'rho': 0.1, 'tikh': 0.1, 'option': 3, 'N_train': 20000, 'out_dim': 3, 'Normalization': 1}. Best is trial 359 with value: 0.1926481807604432.
[I 2025-11-21 03:40:34,554] Trial 456 finished with value: 1414.258355331421 and parameters: {'n_units': 1000, 'alpha': 0.30000000000000004, 'sigma_in': 0.4, 'rho': 0.9, 'tikh': 1e-05, 'option': 3, 'N_train': 20000, 'out_dim': 3, 'Normalization': 1}. Best is trial 359 with value: 0.1926481807604432.
[I 2025-11-21 03:41:33,912] Trial 457 finished with value: 0.744300751388073 and parameters: {'n_units': 1000, 'alpha': 0.30000000000000004, 'sigma_in': 0.4, 'rho': 0.1, 'tikh': 0.1, 'option': 3, 'N_train': 20000, 'out_dim': 3, 'Normalization': 1}. Best is trial 359 with value: 0.1926481807604432.
[I 2025-11-21 03:42:27,889] Trial 458 finished with value: 0.40111354887485506 and parameters: {'n_units': 1000, 'alpha': 0.2, 'sigma_in': 0.4, 'rho': 0.1, 'tikh': 0.1, 'option': 3, 'N_train': 20000, 'out_dim': 3, 'Normalization': 1}. Best is trial 359 with value: 0.1926481807604432.
[I 2025-11-21 03:43:19,935] Trial 459 finished with value: 0.3651861518621445 and parameters: {'n_units': 1000, 'alpha': 0.30000000000000004, 'sigma_in': 0.4, 'rho': 0.1, 'tikh': 0.1, 'option': 3, 'N_train': 20000, 'out_dim': 3, 'Normalization': 1}. Best is trial 359 with value: 0.1926481807604432.
[I 2025-11-21 03:44:12,594] Trial 460 finished with value: 2.7362035285681485 and parameters: {'n_units': 1000, 'alpha': 0.30000000000000004, 'sigma_in': 0.4, 'rho': 0.1, 'tikh': 0.1, 'option': 2, 'N_train': 20000, 'out_dim': 3, 'Normalization': 1}. Best is trial 359 with value: 0.1926481807604432.
[I 2025-11-21 03:45:02,277] Trial 461 finished with value: 0.9904974713921547 and parameters: {'n_units': 1000, 'alpha': 0.1, 'sigma_in': 0.4, 'rho': 0.2, 'tikh': 0.1, 'option': 3, 'N_train': 20000, 'out_dim': 3, 'Normalization': 1}. Best is trial 359 with value: 0.1926481807604432.
[I 2025-11-21 03:45:54,172] Trial 462 finished with value: 1.127689789235592 and parameters: {'n_units': 1000, 'alpha': 0.2, 'sigma_in': 0.5, 'rho': 0.1, 'tikh': 0.1, 'option': 3, 'N_train': 20000, 'out_dim': 3, 'Normalization': 1}. Best is trial 359 with value: 0.1926481807604432.
[I 2025-11-21 03:46:50,039] Trial 463 finished with value: 0.3065253272652626 and parameters: {'n_units': 1000, 'alpha': 0.30000000000000004, 'sigma_in': 0.4, 'rho': 0.1, 'tikh': 0.1, 'option': 3, 'N_train': 20000, 'out_dim': 3, 'Normalization': 1}. Best is trial 359 with value: 0.1926481807604432.
[I 2025-11-21 03:47:47,947] Trial 464 finished with value: 8869.58986597061 and parameters: {'n_units': 1000, 'alpha': 0.30000000000000004, 'sigma_in': 0.4, 'rho': 0.1, 'tikh': 0.0001, 'option': 3, 'N_train': 20000, 'out_dim': 3, 'Normalization': 1}. Best is trial 359 with value: 0.1926481807604432.
[I 2025-11-21 03:48:41,014] Trial 465 finished with value: 0.42197571843862536 and parameters: {'n_units': 1000, 'alpha': 0.30000000000000004, 'sigma_in': 0.4, 'rho': 0.1, 'tikh': 0.1, 'option': 3, 'N_train': 20000, 'out_dim': 3, 'Normalization': 1}. Best is trial 359 with value: 0.1926481807604432.
[I 2025-11-21 03:49:33,653] Trial 466 finished with value: 0.36307568848133087 and parameters: {'n_units': 1000, 'alpha': 0.30000000000000004, 'sigma_in': 0.4, 'rho': 0.1, 'tikh': 0.1, 'option': 3, 'N_train': 20000, 'out_dim': 3, 'Normalization': 1}. Best is trial 359 with value: 0.1926481807604432.
[I 2025-11-21 03:50:25,777] Trial 467 finished with value: 14142.921499248594 and parameters: {'n_units': 1000, 'alpha': 0.30000000000000004, 'sigma_in': 1.0, 'rho': 0.1, 'tikh': 0.1, 'option': 3, 'N_train': 20000, 'out_dim': 3, 'Normalization': 1}. Best is trial 359 with value: 0.1926481807604432.
[I 2025-11-21 03:51:20,517] Trial 468 finished with value: 160.77783951759338 and parameters: {'n_units': 1000, 'alpha': 0.2, 'sigma_in': 0.4, 'rho': 0.1, 'tikh': 1e-06, 'option': 5, 'N_train': 20000, 'out_dim': 3, 'Normalization': 1}. Best is trial 359 with value: 0.1926481807604432.
[I 2025-11-21 03:52:14,433] Trial 469 finished with value: 0.6509718179702759 and parameters: {'n_units': 1000, 'alpha': 0.30000000000000004, 'sigma_in': 0.30000000000000004, 'rho': 0.1, 'tikh': 0.1, 'option': 3, 'N_train': 20000, 'out_dim': 3, 'Normalization': 1}. Best is trial 359 with value: 0.1926481807604432.
[I 2025-11-21 03:53:19,597] Trial 470 finished with value: 32.58849537447095 and parameters: {'n_units': 2000, 'alpha': 0.30000000000000004, 'sigma_in': 0.4, 'rho': 0.1, 'tikh': 0.1, 'option': 3, 'N_train': 20000, 'out_dim': 3, 'Normalization': 1}. Best is trial 359 with value: 0.1926481807604432.
[I 2025-11-21 03:54:10,879] Trial 471 finished with value: 42.86807717084885 and parameters: {'n_units': 1000, 'alpha': 0.30000000000000004, 'sigma_in': 0.4, 'rho': 0.1, 'tikh': 0.001, 'option': 3, 'N_train': 20000, 'out_dim': 3, 'Normalization': 1}. Best is trial 359 with value: 0.1926481807604432.
[I 2025-11-21 03:55:10,898] Trial 472 finished with value: 0.3393579363822937 and parameters: {'n_units': 1000, 'alpha': 0.30000000000000004, 'sigma_in': 0.4, 'rho': 0.1, 'tikh': 0.1, 'option': 3, 'N_train': 20000, 'out_dim': 3, 'Normalization': 1}. Best is trial 359 with value: 0.1926481807604432.
[I 2025-11-21 03:56:03,066] Trial 473 finished with value: 0.8744172871112823 and parameters: {'n_units': 1000, 'alpha': 0.30000000000000004, 'sigma_in': 0.4, 'rho': 0.2, 'tikh': 0.1, 'option': 3, 'N_train': 20000, 'out_dim': 3, 'Normalization': 1}. Best is trial 359 with value: 0.1926481807604432.
[I 2025-11-21 03:56:59,329] Trial 474 finished with value: 2976.3712028980253 and parameters: {'n_units': 1000, 'alpha': 0.30000000000000004, 'sigma_in': 0.5, 'rho': 0.1, 'tikh': 1e-07, 'option': 3, 'N_train': 20000, 'out_dim': 3, 'Normalization': 1}. Best is trial 359 with value: 0.1926481807604432.
[I 2025-11-21 03:57:51,178] Trial 475 finished with value: 0.3947727859020233 and parameters: {'n_units': 1000, 'alpha': 0.30000000000000004, 'sigma_in': 0.4, 'rho': 0.1, 'tikh': 0.1, 'option': 3, 'N_train': 20000, 'out_dim': 3, 'Normalization': 1}. Best is trial 359 with value: 0.1926481807604432.
[I 2025-11-21 03:58:45,018] Trial 476 finished with value: 4830.925666713714 and parameters: {'n_units': 1000, 'alpha': 0.30000000000000004, 'sigma_in': 0.4, 'rho': 0.1, 'tikh': 1e-08, 'option': 3, 'N_train': 20000, 'out_dim': 3, 'Normalization': 1}. Best is trial 359 with value: 0.1926481807604432.
[I 2025-11-21 03:59:42,780] Trial 477 finished with value: 0.3356385201215744 and parameters: {'n_units': 1000, 'alpha': 0.30000000000000004, 'sigma_in': 0.4, 'rho': 0.1, 'tikh': 0.1, 'option': 3, 'N_train': 20000, 'out_dim': 3, 'Normalization': 1}. Best is trial 359 with value: 0.1926481807604432.
[I 2025-11-21 04:00:39,750] Trial 478 finished with value: 0.501121248304844 and parameters: {'n_units': 1000, 'alpha': 0.30000000000000004, 'sigma_in': 0.4, 'rho': 0.1, 'tikh': 0.1, 'option': 3, 'N_train': 20000, 'out_dim': 3, 'Normalization': 1}. Best is trial 359 with value: 0.1926481807604432.
[I 2025-11-21 04:01:37,288] Trial 479 finished with value: 31.312021665554493 and parameters: {'n_units': 1000, 'alpha': 0.8, 'sigma_in': 0.30000000000000004, 'rho': 0.4, 'tikh': 0.1, 'option': 5, 'N_train': 20000, 'out_dim': 3, 'Normalization': 1}. Best is trial 359 with value: 0.1926481807604432.
[I 2025-11-21 04:02:30,624] Trial 480 finished with value: 30091.808038568495 and parameters: {'n_units': 1000, 'alpha': 0.30000000000000004, 'sigma_in': 0.4, 'rho': 0.1, 'tikh': 1e-09, 'option': 3, 'N_train': 20000, 'out_dim': 3, 'Normalization': 1}. Best is trial 359 with value: 0.1926481807604432.
[I 2025-11-21 04:03:26,327] Trial 481 finished with value: 1.1810219049453736 and parameters: {'n_units': 1000, 'alpha': 0.2, 'sigma_in': 0.4, 'rho': 0.2, 'tikh': 0.1, 'option': 3, 'N_train': 20000, 'out_dim': 3, 'Normalization': 1}. Best is trial 359 with value: 0.1926481807604432.
[I 2025-11-21 04:04:34,612] Trial 482 finished with value: 35.982610961794855 and parameters: {'n_units': 2000, 'alpha': 0.30000000000000004, 'sigma_in': 0.4, 'rho': 0.1, 'tikh': 0.1, 'option': 3, 'N_train': 20000, 'out_dim': 3, 'Normalization': 1}. Best is trial 359 with value: 0.1926481807604432.
[I 2025-11-21 04:05:30,329] Trial 483 finished with value: 28.963096356391908 and parameters: {'n_units': 1000, 'alpha': 0.30000000000000004, 'sigma_in': 0.4, 'rho': 0.1, 'tikh': 0.01, 'option': 2, 'N_train': 20000, 'out_dim': 3, 'Normalization': 1}. Best is trial 359 with value: 0.1926481807604432.
[I 2025-11-21 04:06:25,659] Trial 484 finished with value: 0.49408256988972427 and parameters: {'n_units': 1000, 'alpha': 0.9, 'sigma_in': 0.4, 'rho': 0.1, 'tikh': 0.1, 'option': 3, 'N_train': 20000, 'out_dim': 3, 'Normalization': 1}. Best is trial 359 with value: 0.1926481807604432.
[I 2025-11-21 04:07:20,791] Trial 485 finished with value: 0.6074606806039811 and parameters: {'n_units': 1000, 'alpha': 0.30000000000000004, 'sigma_in': 0.4, 'rho': 0.1, 'tikh': 0.1, 'option': 3, 'N_train': 20000, 'out_dim': 3, 'Normalization': 1}. Best is trial 359 with value: 0.1926481807604432.
[I 2025-11-21 04:08:14,610] Trial 486 finished with value: 1.5894885621964931 and parameters: {'n_units': 1000, 'alpha': 0.30000000000000004, 'sigma_in': 0.5, 'rho': 0.1, 'tikh': 0.1, 'option': 3, 'N_train': 20000, 'out_dim': 3, 'Normalization': 1}. Best is trial 359 with value: 0.1926481807604432.
[I 2025-11-21 04:09:04,089] Trial 487 finished with value: 1.318796706944704 and parameters: {'n_units': 1000, 'alpha': 0.2, 'sigma_in': 0.4, 'rho': 0.1, 'tikh': 0.1, 'option': 3, 'N_train': 20000, 'out_dim': 3, 'Normalization': 1}. Best is trial 359 with value: 0.1926481807604432.
[I 2025-11-21 04:09:53,235] Trial 488 finished with value: 0.3672768920660019 and parameters: {'n_units': 1000, 'alpha': 0.30000000000000004, 'sigma_in': 0.4, 'rho': 0.1, 'tikh': 0.1, 'option': 3, 'N_train': 20000, 'out_dim': 3, 'Normalization': 1}. Best is trial 359 with value: 0.1926481807604432.
[I 2025-11-21 04:10:45,304] Trial 489 finished with value: 96.17143454551697 and parameters: {'n_units': 1000, 'alpha': 0.30000000000000004, 'sigma_in': 0.4, 'rho': 0.1, 'tikh': 1e-05, 'option': 3, 'N_train': 20000, 'out_dim': 3, 'Normalization': 1}. Best is trial 359 with value: 0.1926481807604432.
[I 2025-11-21 04:11:36,813] Trial 490 finished with value: 38.839293766021726 and parameters: {'n_units': 1000, 'alpha': 0.30000000000000004, 'sigma_in': 0.30000000000000004, 'rho': 0.1, 'tikh': 1e-10, 'option': 3, 'N_train': 20000, 'out_dim': 3, 'Normalization': 1}. Best is trial 359 with value: 0.1926481807604432.
[I 2025-11-21 04:12:29,561] Trial 491 finished with value: 0.29640605598688125 and parameters: {'n_units': 1000, 'alpha': 0.30000000000000004, 'sigma_in': 0.4, 'rho': 0.1, 'tikh': 0.1, 'option': 3, 'N_train': 20000, 'out_dim': 3, 'Normalization': 1}. Best is trial 359 with value: 0.1926481807604432.
[I 2025-11-21 04:13:23,330] Trial 492 finished with value: 0.312936732172966 and parameters: {'n_units': 1000, 'alpha': 0.30000000000000004, 'sigma_in': 0.4, 'rho': 0.1, 'tikh': 0.1, 'option': 3, 'N_train': 20000, 'out_dim': 3, 'Normalization': 1}. Best is trial 359 with value: 0.1926481807604432.
[I 2025-11-21 04:14:14,063] Trial 493 finished with value: 0.6952568888664246 and parameters: {'n_units': 1000, 'alpha': 0.30000000000000004, 'sigma_in': 0.4, 'rho': 0.1, 'tikh': 0.1, 'option': 3, 'N_train': 20000, 'out_dim': 3, 'Normalization': 1}. Best is trial 359 with value: 0.1926481807604432.
[I 2025-11-21 04:15:05,778] Trial 494 finished with value: 9.777394607197493 and parameters: {'n_units': 1000, 'alpha': 0.30000000000000004, 'sigma_in': 0.5, 'rho': 0.2, 'tikh': 0.1, 'option': 5, 'N_train': 20000, 'out_dim': 3, 'Normalization': 1}. Best is trial 359 with value: 0.1926481807604432.
[I 2025-11-21 04:15:57,660] Trial 495 finished with value: 0.40698416233062745 and parameters: {'n_units': 1000, 'alpha': 0.30000000000000004, 'sigma_in': 0.4, 'rho': 0.1, 'tikh': 0.1, 'option': 3, 'N_train': 20000, 'out_dim': 3, 'Normalization': 1}. Best is trial 359 with value: 0.1926481807604432.
[I 2025-11-21 04:16:48,907] Trial 496 finished with value: 0.37461876273155215 and parameters: {'n_units': 1000, 'alpha': 0.30000000000000004, 'sigma_in': 0.4, 'rho': 0.1, 'tikh': 0.1, 'option': 3, 'N_train': 20000, 'out_dim': 3, 'Normalization': 1}. Best is trial 359 with value: 0.1926481807604432.
[I 2025-11-21 04:17:38,025] Trial 497 finished with value: 0.6875858664512634 and parameters: {'n_units': 1000, 'alpha': 0.2, 'sigma_in': 0.30000000000000004, 'rho': 0.1, 'tikh': 0.1, 'option': 3, 'N_train': 20000, 'out_dim': 3, 'Normalization': 1}. Best is trial 359 with value: 0.1926481807604432.
[I 2025-11-21 04:18:29,201] Trial 498 finished with value: 319.79211654663084 and parameters: {'n_units': 1000, 'alpha': 0.30000000000000004, 'sigma_in': 0.4, 'rho': 0.1, 'tikh': 0.0001, 'option': 3, 'N_train': 20000, 'out_dim': 3, 'Normalization': 1}. Best is trial 359 with value: 0.1926481807604432.
[I 2025-11-21 04:19:20,369] Trial 499 finished with value: 0.34213739037513735 and parameters: {'n_units': 1000, 'alpha': 0.30000000000000004, 'sigma_in': 0.4, 'rho': 0.1, 'tikh': 0.1, 'option': 3, 'N_train': 20000, 'out_dim': 3, 'Normalization': 1}. Best is trial 359 with value: 0.1926481807604432.
Study finished.

Best Hyperparameters: {'n_units': 1000, 'alpha': 0.30000000000000004, 'sigma_in': 0.4, 'rho': 0.1, 'tikh': 0.1, 'option': 5, 'N_train': 20000, 'out_dim': 3, 'Normalization': 1}
Lowest Loss: 0.1926481807604432

Best Hyperparameters: {'n_units': 1000, 'alpha': 0.30000000000000004, 'sigma_in': 0.4, 'rho': 0.1, 'tikh': 0.1, 'option': 5, 'N_train': 20000, 'out_dim': 3, 'Normalization': 1}
Training_Loss with best hyperparameters: 0.007884831
Test_Loss with best hyperparameters: 0.011644336
第0个节点在25步的MSE: 0.021565230563282967
第1个节点在25步的MSE: 0.05408439040184021
第2个节点在25步的MSE: 3.8933324813842773
第3个节点在25步的MSE: 9.943514823913574
第4个节点在25步的MSE: 10.79957389831543
