[I 2025-11-20 14:45:40,551] Trial 100 finished with value: 0.00010666930775187211 and parameters: {'n_units': 3000, 'alpha': 0.2, 'sigma_in': 0.2, 'rho': 0.1, 'tikh': 0.1, 'option': 4, 'Normalization': 1}. Best is trial 100 with value: 0.00010666930775187211.
[I 2025-11-20 14:45:45,867] Trial 89 finished with value: 60465.649377441405 and parameters: {'n_units': 3000, 'alpha': 0.7000000000000001, 'sigma_in': 0.2, 'rho': 0.30000000000000004, 'tikh': 1e-05, 'option': 3, 'Normalization': 1}. Best is trial 63 with value: 0.0007104197662556544.
[I 2025-11-20 14:49:07,949] Trial 58 finished with value: 270505.89241256716 and parameters: {'n_units': 1000, 'alpha': 1.0, 'sigma_in': 0.6, 'rho': 0.4, 'tikh': 1e-05, 'option': 3, 'Normalization': 1}. Best is trial 40 with value: 0.0005719184021472756.
[I 2025-11-20 14:53:32,851] Trial 90 finished with value: 317.225213432312 and parameters: {'n_units': 1000, 'alpha': 0.7000000000000001, 'sigma_in': 0.30000000000000004, 'rho': 0.30000000000000004, 'tikh': 0.0001, 'option': 3, 'Normalization': 1}. Best is trial 63 with value: 0.0007104197662556544.
[I 2025-11-20 14:55:16,989] Trial 59 finished with value: 7678.39066772461 and parameters: {'n_units': 1000, 'alpha': 0.9, 'sigma_in': 0.30000000000000004, 'rho': 0.6, 'tikh': 0.0001, 'option': 3, 'Normalization': 1}. Best is trial 40 with value: 0.0005719184021472756.
[I 2025-11-20 15:00:17,267] Trial 91 finished with value: 0.0017298624530667438 and parameters: {'n_units': 1000, 'alpha': 0.8, 'sigma_in': 0.4, 'rho': 0.30000000000000004, 'tikh': 0.1, 'option': 3, 'Normalization': 1}. Best is trial 63 with value: 0.0007104197662556544.
[I 2025-11-20 15:01:29,907] Trial 60 finished with value: 0.008830564626259729 and parameters: {'n_units': 1000, 'alpha': 1.0, 'sigma_in': 0.4, 'rho': 0.5, 'tikh': 0.1, 'option': 3, 'Normalization': 1}. Best is trial 40 with value: 0.0005719184021472756.
[I 2025-11-20 15:07:03,523] Trial 92 finished with value: 0.0026349663035944103 and parameters: {'n_units': 1000, 'alpha': 0.8, 'sigma_in': 0.5, 'rho': 0.4, 'tikh': 0.1, 'option': 3, 'Normalization': 1}. Best is trial 63 with value: 0.0007104197662556544.
[I 2025-11-20 15:07:28,400] Trial 61 finished with value: 0.002124606166034937 and parameters: {'n_units': 1000, 'alpha': 1.0, 'sigma_in': 0.5, 'rho': 0.5, 'tikh': 0.1, 'option': 3, 'Normalization': 1}. Best is trial 40 with value: 0.0005719184021472756.
[I 2025-11-20 15:08:43,721] Trial 101 finished with value: 0.000183430078868696 and parameters: {'n_units': 3000, 'alpha': 0.2, 'sigma_in': 0.2, 'rho': 0.1, 'tikh': 0.1, 'option': 4, 'Normalization': 1}. Best is trial 100 with value: 0.00010666930775187211.
[I 2025-11-20 15:12:38,619] Trial 62 finished with value: 0.005582337063970044 and parameters: {'n_units': 1000, 'alpha': 0.9, 'sigma_in': 0.5, 'rho': 0.5, 'tikh': 0.1, 'option': 3, 'Normalization': 1}. Best is trial 40 with value: 0.0005719184021472756.
[I 2025-11-20 15:14:15,114] Trial 93 finished with value: 0.002525166422128677 and parameters: {'n_units': 1000, 'alpha': 0.7000000000000001, 'sigma_in': 0.4, 'rho': 0.30000000000000004, 'tikh': 0.1, 'option': 3, 'Normalization': 1}. Best is trial 63 with value: 0.0007104197662556544.
[I 2025-11-20 15:18:31,318] Trial 63 finished with value: 15.738016450591385 and parameters: {'n_units': 1000, 'alpha': 1.0, 'sigma_in': 0.6, 'rho': 0.5, 'tikh': 0.1, 'option': 3, 'Normalization': 1}. Best is trial 40 with value: 0.0005719184021472756.
[I 2025-11-20 15:21:07,130] Trial 94 finished with value: 0.0016838278796058148 and parameters: {'n_units': 1000, 'alpha': 0.8, 'sigma_in': 0.4, 'rho': 0.30000000000000004, 'tikh': 0.1, 'option': 3, 'Normalization': 1}. Best is trial 63 with value: 0.0007104197662556544.
[I 2025-11-20 15:24:07,930] Trial 64 finished with value: 36.048604142665866 and parameters: {'n_units': 1000, 'alpha': 0.9, 'sigma_in': 0.5, 'rho': 0.6, 'tikh': 0.1, 'option': 4, 'Normalization': 1}. Best is trial 40 with value: 0.0005719184021472756.
[I 2025-11-20 15:27:46,728] Trial 102 finished with value: 0.0011249717848841102 and parameters: {'n_units': 3000, 'alpha': 0.30000000000000004, 'sigma_in': 0.2, 'rho': 0.1, 'tikh': 0.1, 'option': 4, 'Normalization': 1}. Best is trial 100 with value: 0.00010666930775187211.
[I 2025-11-20 15:28:16,982] Trial 95 finished with value: 0.0011696676519932225 and parameters: {'n_units': 1000, 'alpha': 0.9, 'sigma_in': 0.30000000000000004, 'rho': 0.30000000000000004, 'tikh': 0.1, 'option': 3, 'Normalization': 1}. Best is trial 63 with value: 0.0007104197662556544.
[I 2025-11-20 15:30:06,176] Trial 65 finished with value: 0.004712263797409832 and parameters: {'n_units': 1000, 'alpha': 1.0, 'sigma_in': 0.4, 'rho': 0.4, 'tikh': 0.1, 'option': 3, 'Normalization': 1}. Best is trial 40 with value: 0.0005719184021472756.
[I 2025-11-20 15:35:17,063] Trial 96 finished with value: 0.002117437729611993 and parameters: {'n_units': 1000, 'alpha': 1.0, 'sigma_in': 0.2, 'rho': 0.30000000000000004, 'tikh': 0.1, 'option': 3, 'Normalization': 1}. Best is trial 63 with value: 0.0007104197662556544.
[I 2025-11-20 15:35:58,638] Trial 66 finished with value: 231.40567630417644 and parameters: {'n_units': 1000, 'alpha': 0.8, 'sigma_in': 0.6, 'rho': 0.7000000000000001, 'tikh': 0.1, 'option': 3, 'Normalization': 1}. Best is trial 40 with value: 0.0005719184021472756.
[I 2025-11-20 15:40:47,636] Trial 67 finished with value: 406.01401146799327 and parameters: {'n_units': 1000, 'alpha': 1.0, 'sigma_in': 0.7000000000000001, 'rho': 0.5, 'tikh': 0.1, 'option': 3, 'Normalization': 1}. Best is trial 40 with value: 0.0005719184021472756.
[I 2025-11-20 15:42:00,954] Trial 97 finished with value: 481.1817728042603 and parameters: {'n_units': 1000, 'alpha': 0.9, 'sigma_in': 0.30000000000000004, 'rho': 0.30000000000000004, 'tikh': 0.001, 'option': 3, 'Normalization': 1}. Best is trial 63 with value: 0.0007104197662556544.
[I 2025-11-20 15:47:00,048] Trial 68 finished with value: 0.003961835186782991 and parameters: {'n_units': 1000, 'alpha': 0.9, 'sigma_in': 0.5, 'rho': 0.4, 'tikh': 0.1, 'option': 3, 'Normalization': 1}. Best is trial 40 with value: 0.0005719184021472756.
[I 2025-11-20 15:47:09,768] Trial 103 finished with value: 0.0002988409498357214 and parameters: {'n_units': 3000, 'alpha': 0.2, 'sigma_in': 0.2, 'rho': 0.1, 'tikh': 0.1, 'option': 4, 'Normalization': 1}. Best is trial 100 with value: 0.00010666930775187211.
[I 2025-11-20 15:48:49,906] Trial 98 finished with value: 0.00044541127354023045 and parameters: {'n_units': 1000, 'alpha': 0.9, 'sigma_in': 0.30000000000000004, 'rho': 0.2, 'tikh': 0.1, 'option': 3, 'Normalization': 1}. Best is trial 98 with value: 0.00044541127354023045.
[I 2025-11-20 15:52:58,663] Trial 69 finished with value: 136393788.42456666 and parameters: {'n_units': 1000, 'alpha': 1.0, 'sigma_in': 0.4, 'rho': 0.6, 'tikh': 0.01, 'option': 3, 'Normalization': 1}. Best is trial 40 with value: 0.0005719184021472756.
[I 2025-11-20 15:55:41,713] Trial 99 finished with value: 0.0011388905597414123 and parameters: {'n_units': 1000, 'alpha': 0.9, 'sigma_in': 0.30000000000000004, 'rho': 0.30000000000000004, 'tikh': 0.1, 'option': 3, 'Normalization': 1}. Best is trial 98 with value: 0.00044541127354023045.
[I 2025-11-20 15:59:25,176] Trial 70 finished with value: 10186.491976356507 and parameters: {'n_units': 1000, 'alpha': 0.9, 'sigma_in': 0.5, 'rho': 0.7000000000000001, 'tikh': 1e-05, 'option': 4, 'Normalization': 1}. Best is trial 40 with value: 0.0005719184021472756.
[I 2025-11-20 16:03:29,901] Trial 100 finished with value: 0.00196490455273306 and parameters: {'n_units': 1000, 'alpha': 1.0, 'sigma_in': 0.2, 'rho': 0.30000000000000004, 'tikh': 0.1, 'option': 3, 'Normalization': 1}. Best is trial 98 with value: 0.00044541127354023045.
[I 2025-11-20 16:06:55,127] Trial 71 finished with value: 0.0030465007934253664 and parameters: {'n_units': 1000, 'alpha': 0.9, 'sigma_in': 0.5, 'rho': 0.4, 'tikh': 0.1, 'option': 3, 'Normalization': 1}. Best is trial 40 with value: 0.0005719184021472756.
[I 2025-11-20 16:11:33,470] Trial 101 finished with value: 0.0007097527926816838 and parameters: {'n_units': 1000, 'alpha': 0.9, 'sigma_in': 0.30000000000000004, 'rho': 0.30000000000000004, 'tikh': 0.1, 'option': 3, 'Normalization': 1}. Best is trial 98 with value: 0.00044541127354023045.
[I 2025-11-20 16:13:19,088] Trial 104 finished with value: 5.970683428131451e-05 and parameters: {'n_units': 3000, 'alpha': 0.2, 'sigma_in': 0.2, 'rho': 0.1, 'tikh': 0.1, 'option': 4, 'Normalization': 1}. Best is trial 104 with value: 5.970683428131451e-05.
[I 2025-11-20 16:14:05,493] Trial 72 finished with value: 0.002746425339137204 and parameters: {'n_units': 1000, 'alpha': 1.0, 'sigma_in': 0.5, 'rho': 0.4, 'tikh': 0.1, 'option': 3, 'Normalization': 1}. Best is trial 40 with value: 0.0005719184021472756.
[I 2025-11-20 16:17:41,582] Trial 102 finished with value: 0.0030064145299547817 and parameters: {'n_units': 1000, 'alpha': 0.9, 'sigma_in': 0.30000000000000004, 'rho': 0.30000000000000004, 'tikh': 0.1, 'option': 3, 'Normalization': 1}. Best is trial 98 with value: 0.00044541127354023045.
[I 2025-11-20 16:18:57,848] Trial 73 finished with value: 52.128282481402856 and parameters: {'n_units': 1000, 'alpha': 1.0, 'sigma_in': 0.6, 'rho': 0.4, 'tikh': 0.1, 'option': 3, 'Normalization': 1}. Best is trial 40 with value: 0.0005719184021472756.
[I 2025-11-20 16:23:53,684] Trial 74 finished with value: 0.002860526203585323 and parameters: {'n_units': 1000, 'alpha': 1.0, 'sigma_in': 0.5, 'rho': 0.5, 'tikh': 0.1, 'option': 3, 'Normalization': 1}. Best is trial 40 with value: 0.0005719184021472756.
[I 2025-11-20 16:24:00,691] Trial 103 finished with value: 0.0041974955529440194 and parameters: {'n_units': 1000, 'alpha': 0.9, 'sigma_in': 0.2, 'rho': 0.30000000000000004, 'tikh': 0.1, 'option': 3, 'Normalization': 1}. Best is trial 98 with value: 0.00044541127354023045.
[I 2025-11-20 16:29:00,911] Trial 75 finished with value: 10824.84708251953 and parameters: {'n_units': 1000, 'alpha': 1.0, 'sigma_in': 0.6, 'rho': 0.5, 'tikh': 0.0001, 'option': 3, 'Normalization': 1}. Best is trial 40 with value: 0.0005719184021472756.
[I 2025-11-20 16:30:13,321] Trial 104 finished with value: 0.0009165181399112043 and parameters: {'n_units': 1000, 'alpha': 0.9, 'sigma_in': 0.30000000000000004, 'rho': 0.4, 'tikh': 0.1, 'option': 3, 'Normalization': 1}. Best is trial 98 with value: 0.00044541127354023045.
[I 2025-11-20 16:34:01,360] Trial 76 finished with value: 0.0018501189126254758 and parameters: {'n_units': 1000, 'alpha': 1.0, 'sigma_in': 0.5, 'rho': 0.5, 'tikh': 0.1, 'option': 3, 'Normalization': 1}. Best is trial 40 with value: 0.0005719184021472756.
[I 2025-11-20 16:36:20,119] Trial 105 finished with value: 0.001480241332319565 and parameters: {'n_units': 1000, 'alpha': 1.0, 'sigma_in': 0.30000000000000004, 'rho': 0.4, 'tikh': 0.1, 'option': 3, 'Normalization': 1}. Best is trial 98 with value: 0.00044541127354023045.
[I 2025-11-20 16:39:10,660] Trial 77 finished with value: 0.009156290790997446 and parameters: {'n_units': 1000, 'alpha': 1.0, 'sigma_in': 0.4, 'rho': 0.6, 'tikh': 0.1, 'option': 3, 'Normalization': 1}. Best is trial 40 with value: 0.0005719184021472756.
[I 2025-11-20 16:42:04,421] Trial 106 finished with value: 0.0034245962342538405 and parameters: {'n_units': 1000, 'alpha': 1.0, 'sigma_in': 0.30000000000000004, 'rho': 0.5, 'tikh': 0.1, 'option': 3, 'Normalization': 1}. Best is trial 98 with value: 0.00044541127354023045.
[I 2025-11-20 16:44:13,406] Trial 78 finished with value: 161.4396395087242 and parameters: {'n_units': 1000, 'alpha': 1.0, 'sigma_in': 0.7000000000000001, 'rho': 0.5, 'tikh': 0.1, 'option': 3, 'Normalization': 1}. Best is trial 40 with value: 0.0005719184021472756.
[I 2025-11-20 16:47:26,412] Trial 107 finished with value: 0.0038552650425117464 and parameters: {'n_units': 1000, 'alpha': 1.0, 'sigma_in': 0.30000000000000004, 'rho': 0.6, 'tikh': 0.1, 'option': 3, 'Normalization': 1}. Best is trial 98 with value: 0.00044541127354023045.
[I 2025-11-20 16:48:52,298] Trial 79 finished with value: 0.11108215829008258 and parameters: {'n_units': 1000, 'alpha': 0.9, 'sigma_in': 0.6, 'rho': 0.4, 'tikh': 0.1, 'option': 3, 'Normalization': 1}. Best is trial 40 with value: 0.0005719184021472756.
[I 2025-11-20 16:53:12,498] Trial 80 finished with value: 0.0024780203762929886 and parameters: {'n_units': 1000, 'alpha': 1.0, 'sigma_in': 0.5, 'rho': 0.30000000000000004, 'tikh': 0.1, 'option': 3, 'Normalization': 1}. Best is trial 40 with value: 0.0005719184021472756.
[I 2025-11-20 16:58:32,781] Trial 81 finished with value: 0.0022009341017110275 and parameters: {'n_units': 1000, 'alpha': 1.0, 'sigma_in': 0.5, 'rho': 0.30000000000000004, 'tikh': 0.1, 'option': 3, 'Normalization': 1}. Best is trial 40 with value: 0.0005719184021472756.
[I 2025-11-20 17:03:34,965] Trial 108 finished with value: 0.04972626521484926 and parameters: {'n_units': 3000, 'alpha': 0.9, 'sigma_in': 0.2, 'rho': 0.4, 'tikh': 0.1, 'option': 3, 'Normalization': 1}. Best is trial 98 with value: 0.00044541127354023045.
[I 2025-11-20 17:03:48,256] Trial 82 finished with value: 0.0022725502436514943 and parameters: {'n_units': 1000, 'alpha': 1.0, 'sigma_in': 0.5, 'rho': 0.30000000000000004, 'tikh': 0.1, 'option': 3, 'Normalization': 1}. Best is trial 40 with value: 0.0005719184021472756.
[I 2025-11-20 17:08:28,587] Trial 109 finished with value: 13.743263571709395 and parameters: {'n_units': 1000, 'alpha': 0.9, 'sigma_in': 0.1, 'rho': 0.4, 'tikh': 0.01, 'option': 3, 'Normalization': 1}. Best is trial 98 with value: 0.00044541127354023045.
[I 2025-11-20 17:08:45,895] Trial 83 finished with value: 0.004391158535145223 and parameters: {'n_units': 1000, 'alpha': 1.0, 'sigma_in': 0.4, 'rho': 0.30000000000000004, 'tikh': 0.1, 'option': 3, 'Normalization': 1}. Best is trial 40 with value: 0.0005719184021472756.
[I 2025-11-20 17:13:52,173] Trial 110 finished with value: 0.0029624446207890285 and parameters: {'n_units': 1000, 'alpha': 1.0, 'sigma_in': 0.30000000000000004, 'rho': 0.5, 'tikh': 0.1, 'option': 3, 'Normalization': 1}. Best is trial 98 with value: 0.00044541127354023045.
[I 2025-11-20 17:13:53,402] Trial 84 finished with value: 0.001968825259245932 and parameters: {'n_units': 1000, 'alpha': 1.0, 'sigma_in': 0.5, 'rho': 0.30000000000000004, 'tikh': 0.1, 'option': 3, 'Normalization': 1}. Best is trial 40 with value: 0.0005719184021472756.
[I 2025-11-20 17:19:11,773] Trial 85 finished with value: 1642.2323574066163 and parameters: {'n_units': 1000, 'alpha': 0.9, 'sigma_in': 0.6, 'rho': 0.30000000000000004, 'tikh': 0.01, 'option': 3, 'Normalization': 1}. Best is trial 40 with value: 0.0005719184021472756.
[I 2025-11-20 17:19:13,220] Trial 111 finished with value: 0.003123046417022124 and parameters: {'n_units': 1000, 'alpha': 0.9, 'sigma_in': 0.30000000000000004, 'rho': 0.4, 'tikh': 0.1, 'option': 3, 'Normalization': 1}. Best is trial 98 with value: 0.00044541127354023045.
[I 2025-11-20 17:23:49,080] Trial 86 finished with value: 19.633692957379388 and parameters: {'n_units': 1000, 'alpha': 0.9, 'sigma_in': 0.5, 'rho': 0.30000000000000004, 'tikh': 0.1, 'option': 4, 'Normalization': 1}. Best is trial 40 with value: 0.0005719184021472756.
[I 2025-11-20 17:23:58,193] Trial 112 finished with value: 0.0020267627623979934 and parameters: {'n_units': 1000, 'alpha': 0.9, 'sigma_in': 0.30000000000000004, 'rho': 0.4, 'tikh': 0.1, 'option': 3, 'Normalization': 1}. Best is trial 98 with value: 0.00044541127354023045.
[I 2025-11-20 17:27:35,355] Trial 87 finished with value: 0.08235249347053468 and parameters: {'n_units': 1000, 'alpha': 1.0, 'sigma_in': 0.4, 'rho': 0.8, 'tikh': 0.1, 'option': 3, 'Normalization': 1}. Best is trial 40 with value: 0.0005719184021472756.
[I 2025-11-20 17:28:51,376] Trial 113 finished with value: 0.001302305320132291 and parameters: {'n_units': 1000, 'alpha': 1.0, 'sigma_in': 0.30000000000000004, 'rho': 0.30000000000000004, 'tikh': 0.1, 'option': 3, 'Normalization': 1}. Best is trial 98 with value: 0.00044541127354023045.
[I 2025-11-20 17:32:16,955] Trial 88 finished with value: 451516.34553222655 and parameters: {'n_units': 1000, 'alpha': 1.0, 'sigma_in': 0.1, 'rho': 0.30000000000000004, 'tikh': 1e-05, 'option': 3, 'Normalization': 1}. Best is trial 40 with value: 0.0005719184021472756.
[I 2025-11-20 17:33:08,182] Trial 114 finished with value: 0.001591097041091416 and parameters: {'n_units': 1000, 'alpha': 1.0, 'sigma_in': 0.30000000000000004, 'rho': 0.4, 'tikh': 0.1, 'option': 3, 'Normalization': 1}. Best is trial 98 with value: 0.00044541127354023045.
[I 2025-11-20 17:36:03,848] Trial 89 finished with value: 0.6673966696573188 and parameters: {'n_units': 1000, 'alpha': 1.0, 'sigma_in': 0.6, 'rho': 0.4, 'tikh': 0.1, 'option': 3, 'Normalization': 1}. Best is trial 40 with value: 0.0005719184021472756.
[I 2025-11-20 17:38:27,269] Trial 115 finished with value: 0.001959337282460183 and parameters: {'n_units': 1000, 'alpha': 1.0, 'sigma_in': 0.30000000000000004, 'rho': 0.5, 'tikh': 0.1, 'option': 3, 'Normalization': 1}. Best is trial 98 with value: 0.00044541127354023045.
[I 2025-11-20 17:41:18,648] Trial 90 finished with value: 8877.173348617554 and parameters: {'n_units': 1000, 'alpha': 0.9, 'sigma_in': 0.5, 'rho': 0.4, 'tikh': 0.0001, 'option': 3, 'Normalization': 1}. Best is trial 40 with value: 0.0005719184021472756.
[I 2025-11-20 17:44:39,775] Trial 116 finished with value: 32008.22743759155 and parameters: {'n_units': 1000, 'alpha': 1.0, 'sigma_in': 0.30000000000000004, 'rho': 0.4, 'tikh': 1e-05, 'option': 3, 'Normalization': 1}. Best is trial 98 with value: 0.00044541127354023045.
[I 2025-11-20 17:47:01,690] Trial 91 finished with value: 0.0022667914105113595 and parameters: {'n_units': 1000, 'alpha': 1.0, 'sigma_in': 0.5, 'rho': 0.30000000000000004, 'tikh': 0.1, 'option': 3, 'Normalization': 1}. Best is trial 40 with value: 0.0005719184021472756.
[I 2025-11-20 17:50:35,731] Trial 117 finished with value: 0.0458469159406377 and parameters: {'n_units': 1000, 'alpha': 1.0, 'sigma_in': 0.2, 'rho': 0.4, 'tikh': 0.1, 'option': 3, 'Normalization': 1}. Best is trial 98 with value: 0.00044541127354023045.
[I 2025-11-20 17:52:23,150] Trial 92 finished with value: 0.002314900851342827 and parameters: {'n_units': 1000, 'alpha': 1.0, 'sigma_in': 0.5, 'rho': 0.30000000000000004, 'tikh': 0.1, 'option': 3, 'Normalization': 1}. Best is trial 40 with value: 0.0005719184021472756.
[I 2025-11-20 17:55:48,823] Trial 118 finished with value: 0.0024507574387826027 and parameters: {'n_units': 1000, 'alpha': 1.0, 'sigma_in': 0.30000000000000004, 'rho': 0.4, 'tikh': 0.1, 'option': 3, 'Normalization': 1}. Best is trial 98 with value: 0.00044541127354023045.
[I 2025-11-20 17:56:59,356] Trial 93 finished with value: 0.002372229186585173 and parameters: {'n_units': 1000, 'alpha': 1.0, 'sigma_in': 0.5, 'rho': 0.2, 'tikh': 0.1, 'option': 3, 'Normalization': 1}. Best is trial 40 with value: 0.0005719184021472756.
[I 2025-11-20 18:01:37,389] Trial 119 finished with value: 51976.74441070556 and parameters: {'n_units': 1000, 'alpha': 1.0, 'sigma_in': 0.2, 'rho': 0.30000000000000004, 'tikh': 0.0001, 'option': 3, 'Normalization': 1}. Best is trial 98 with value: 0.00044541127354023045.
[I 2025-11-20 18:01:54,103] Trial 94 finished with value: 0.004716301313601434 and parameters: {'n_units': 1000, 'alpha': 1.0, 'sigma_in': 0.4, 'rho': 0.30000000000000004, 'tikh': 0.1, 'option': 3, 'Normalization': 1}. Best is trial 40 with value: 0.0005719184021472756.
[I 2025-11-20 18:07:09,052] Trial 95 finished with value: 0.009327154016500572 and parameters: {'n_units': 1000, 'alpha': 1.0, 'sigma_in': 0.5, 'rho': 0.5, 'tikh': 0.1, 'option': 3, 'Normalization': 1}. Best is trial 40 with value: 0.0005719184021472756.
[I 2025-11-20 18:07:27,866] Trial 120 finished with value: 0.0013552351265389007 and parameters: {'n_units': 1000, 'alpha': 0.9, 'sigma_in': 0.30000000000000004, 'rho': 0.4, 'tikh': 0.1, 'option': 3, 'Normalization': 1}. Best is trial 98 with value: 0.00044541127354023045.
[I 2025-11-20 18:11:02,756] Trial 96 finished with value: 0.010887042083049891 and parameters: {'n_units': 1000, 'alpha': 0.9, 'sigma_in': 0.5, 'rho': 0.6, 'tikh': 0.1, 'option': 3, 'Normalization': 1}. Best is trial 40 with value: 0.0005719184021472756.
[I 2025-11-20 18:12:14,918] Trial 121 finished with value: 0.0017914963274961338 and parameters: {'n_units': 1000, 'alpha': 0.9, 'sigma_in': 0.30000000000000004, 'rho': 0.4, 'tikh': 0.1, 'option': 3, 'Normalization': 1}. Best is trial 98 with value: 0.00044541127354023045.
[I 2025-11-20 18:15:40,937] Trial 97 finished with value: 0.004413334641139954 and parameters: {'n_units': 1000, 'alpha': 1.0, 'sigma_in': 0.4, 'rho': 0.30000000000000004, 'tikh': 0.1, 'option': 3, 'Normalization': 1}. Best is trial 40 with value: 0.0005719184021472756.
[I 2025-11-20 18:17:50,320] Trial 122 finished with value: 0.001326383205014281 and parameters: {'n_units': 1000, 'alpha': 0.9, 'sigma_in': 0.30000000000000004, 'rho': 0.4, 'tikh': 0.1, 'option': 3, 'Normalization': 1}. Best is trial 98 with value: 0.00044541127354023045.
[I 2025-11-20 18:20:28,422] Trial 98 finished with value: 6.97851767997563 and parameters: {'n_units': 1000, 'alpha': 0.9, 'sigma_in': 0.6, 'rho': 0.2, 'tikh': 0.1, 'option': 3, 'Normalization': 1}. Best is trial 40 with value: 0.0005719184021472756.
[I 2025-11-20 18:22:34,216] Trial 123 finished with value: 0.001764707121765241 and parameters: {'n_units': 1000, 'alpha': 0.9, 'sigma_in': 0.30000000000000004, 'rho': 0.5, 'tikh': 0.1, 'option': 3, 'Normalization': 1}. Best is trial 98 with value: 0.00044541127354023045.
[I 2025-11-20 18:24:39,968] Trial 99 finished with value: 0.002525641641113907 and parameters: {'n_units': 1000, 'alpha': 1.0, 'sigma_in': 0.5, 'rho': 0.4, 'tikh': 0.1, 'option': 3, 'Normalization': 1}. Best is trial 40 with value: 0.0005719184021472756.
