[I 2025-11-19 22:17:04,269] Trial 207 finished with value: 0.5164207343012095 and parameters: {'n_units': 1000, 'alpha': 0.9, 'sigma_in': 0.4, 'rho': 0.4, 'tikh': 0.1, 'option': 4, 'Normalization': 1}. Best is trial 94 with value: 0.0037233955343253912.
[I 2025-11-19 22:17:15,889] Trial 225 finished with value: 14.108181037381291 and parameters: {'n_units': 1000, 'alpha': 0.2, 'sigma_in': 0.30000000000000004, 'rho': 0.1, 'tikh': 0.01, 'option': 3, 'Normalization': 1}. Best is trial 220 with value: 0.38815012872219085.
[I 2025-11-19 22:17:20,954] Trial 226 finished with value: 0.009300052677281201 and parameters: {'n_units': 1000, 'alpha': 0.7000000000000001, 'sigma_in': 0.30000000000000004, 'rho': 0.5, 'tikh': 0.1, 'option': 4, 'Normalization': 1}. Best is trial 66 with value: 0.0032014672469813377.
[I 2025-11-19 22:17:53,442] Trial 208 finished with value: 0.008468757104128598 and parameters: {'n_units': 1000, 'alpha': 0.9, 'sigma_in': 0.4, 'rho': 0.4, 'tikh': 0.1, 'option': 4, 'Normalization': 1}. Best is trial 94 with value: 0.0037233955343253912.
[I 2025-11-19 22:18:03,265] Trial 226 finished with value: 0.39243308305740354 and parameters: {'n_units': 1000, 'alpha': 0.2, 'sigma_in': 0.30000000000000004, 'rho': 0.1, 'tikh': 0.1, 'option': 3, 'Normalization': 1}. Best is trial 220 with value: 0.38815012872219085.
[I 2025-11-19 22:18:08,378] Trial 227 finished with value: 0.008160632045473903 and parameters: {'n_units': 1000, 'alpha': 0.6, 'sigma_in': 0.30000000000000004, 'rho': 0.5, 'tikh': 0.1, 'option': 4, 'Normalization': 1}. Best is trial 66 with value: 0.0032014672469813377.
[I 2025-11-19 22:18:42,927] Trial 209 finished with value: 0.012813627906143665 and parameters: {'n_units': 1000, 'alpha': 0.9, 'sigma_in': 0.4, 'rho': 0.4, 'tikh': 0.1, 'option': 4, 'Normalization': 1}. Best is trial 94 with value: 0.0037233955343253912.
[I 2025-11-19 22:18:49,107] Trial 227 finished with value: 0.49263485074043273 and parameters: {'n_units': 1000, 'alpha': 0.2, 'sigma_in': 0.30000000000000004, 'rho': 0.1, 'tikh': 0.1, 'option': 3, 'Normalization': 1}. Best is trial 220 with value: 0.38815012872219085.
[I 2025-11-19 22:18:55,357] Trial 228 finished with value: 0.012287706905044615 and parameters: {'n_units': 1000, 'alpha': 0.7000000000000001, 'sigma_in': 0.30000000000000004, 'rho': 0.5, 'tikh': 0.1, 'option': 4, 'Normalization': 1}. Best is trial 66 with value: 0.0032014672469813377.
[I 2025-11-19 22:19:31,875] Trial 210 finished with value: 194.82941056904383 and parameters: {'n_units': 1000, 'alpha': 0.9, 'sigma_in': 0.5, 'rho': 0.5, 'tikh': 0.1, 'option': 4, 'Normalization': 1}. Best is trial 94 with value: 0.0037233955343253912.
[I 2025-11-19 22:19:35,329] Trial 228 finished with value: 0.426039519906044 and parameters: {'n_units': 1000, 'alpha': 0.2, 'sigma_in': 0.30000000000000004, 'rho': 0.1, 'tikh': 0.1, 'option': 3, 'Normalization': 1}. Best is trial 220 with value: 0.38815012872219085.
[I 2025-11-19 22:19:42,811] Trial 229 finished with value: 0.01720337402075529 and parameters: {'n_units': 1000, 'alpha': 0.7000000000000001, 'sigma_in': 0.30000000000000004, 'rho': 0.4, 'tikh': 0.1, 'option': 4, 'Normalization': 1}. Best is trial 66 with value: 0.0032014672469813377.
[I 2025-11-19 22:20:19,993] Trial 211 finished with value: 1.4558016152586788 and parameters: {'n_units': 1000, 'alpha': 0.9, 'sigma_in': 0.4, 'rho': 0.4, 'tikh': 0.1, 'option': 4, 'Normalization': 1}. Best is trial 94 with value: 0.0037233955343253912.
[I 2025-11-19 22:20:21,159] Trial 229 finished with value: 0.4776731789112091 and parameters: {'n_units': 1000, 'alpha': 0.2, 'sigma_in': 0.30000000000000004, 'rho': 0.1, 'tikh': 0.1, 'option': 3, 'Normalization': 1}. Best is trial 220 with value: 0.38815012872219085.
[I 2025-11-19 22:20:29,397] Trial 230 finished with value: 0.008098555088508874 and parameters: {'n_units': 1000, 'alpha': 0.7000000000000001, 'sigma_in': 0.30000000000000004, 'rho': 0.5, 'tikh': 0.1, 'option': 4, 'Normalization': 1}. Best is trial 66 with value: 0.0032014672469813377.
[I 2025-11-19 22:21:06,801] Trial 230 finished with value: 382.1221701383591 and parameters: {'n_units': 1000, 'alpha': 0.2, 'sigma_in': 0.30000000000000004, 'rho': 0.1, 'tikh': 1e-05, 'option': 3, 'Normalization': 1}. Best is trial 220 with value: 0.38815012872219085.
[I 2025-11-19 22:21:09,261] Trial 212 finished with value: 0.0061983521794900295 and parameters: {'n_units': 1000, 'alpha': 0.9, 'sigma_in': 0.4, 'rho': 0.4, 'tikh': 0.1, 'option': 4, 'Normalization': 1}. Best is trial 94 with value: 0.0037233955343253912.
[I 2025-11-19 22:21:16,704] Trial 231 finished with value: 80.69415545463562 and parameters: {'n_units': 1000, 'alpha': 0.7000000000000001, 'sigma_in': 0.8, 'rho': 0.5, 'tikh': 0.1, 'option': 4, 'Normalization': 1}. Best is trial 66 with value: 0.0032014672469813377.
[I 2025-11-19 22:21:53,377] Trial 231 finished with value: 0.44957085847854616 and parameters: {'n_units': 1000, 'alpha': 0.2, 'sigma_in': 0.30000000000000004, 'rho': 0.1, 'tikh': 0.1, 'option': 3, 'Normalization': 1}. Best is trial 220 with value: 0.38815012872219085.
[I 2025-11-19 22:21:58,684] Trial 213 finished with value: 0.07965634221909568 and parameters: {'n_units': 1000, 'alpha': 0.9, 'sigma_in': 0.4, 'rho': 0.4, 'tikh': 0.1, 'option': 4, 'Normalization': 1}. Best is trial 94 with value: 0.0037233955343253912.
[I 2025-11-19 22:22:03,504] Trial 232 finished with value: 0.0057903254986740645 and parameters: {'n_units': 1000, 'alpha': 0.7000000000000001, 'sigma_in': 0.30000000000000004, 'rho': 0.5, 'tikh': 0.1, 'option': 4, 'Normalization': 1}. Best is trial 66 with value: 0.0032014672469813377.
[I 2025-11-19 22:22:38,867] Trial 232 finished with value: 0.5002522110939026 and parameters: {'n_units': 1000, 'alpha': 0.2, 'sigma_in': 0.30000000000000004, 'rho': 0.1, 'tikh': 0.1, 'option': 3, 'Normalization': 1}. Best is trial 220 with value: 0.38815012872219085.
[I 2025-11-19 22:22:47,181] Trial 214 finished with value: 0.010539521439932286 and parameters: {'n_units': 1000, 'alpha': 0.9, 'sigma_in': 0.4, 'rho': 0.4, 'tikh': 0.1, 'option': 4, 'Normalization': 1}. Best is trial 94 with value: 0.0037233955343253912.
[I 2025-11-19 22:22:49,909] Trial 233 finished with value: 0.005411336454562843 and parameters: {'n_units': 1000, 'alpha': 0.7000000000000001, 'sigma_in': 0.30000000000000004, 'rho': 0.5, 'tikh': 0.1, 'option': 4, 'Normalization': 1}. Best is trial 66 with value: 0.0032014672469813377.
[I 2025-11-19 22:23:24,358] Trial 233 finished with value: 0.476476314663887 and parameters: {'n_units': 1000, 'alpha': 0.2, 'sigma_in': 0.30000000000000004, 'rho': 0.1, 'tikh': 0.1, 'option': 3, 'Normalization': 1}. Best is trial 220 with value: 0.38815012872219085.
[I 2025-11-19 22:23:36,285] Trial 234 finished with value: 0.006984009197913111 and parameters: {'n_units': 1000, 'alpha': 0.7000000000000001, 'sigma_in': 0.30000000000000004, 'rho': 0.5, 'tikh': 0.1, 'option': 4, 'Normalization': 1}. Best is trial 66 with value: 0.0032014672469813377.
[I 2025-11-19 22:23:36,332] Trial 215 finished with value: 0.0068428860162384805 and parameters: {'n_units': 1000, 'alpha': 0.9, 'sigma_in': 0.4, 'rho': 0.4, 'tikh': 0.1, 'option': 4, 'Normalization': 1}. Best is trial 94 with value: 0.0037233955343253912.
[I 2025-11-19 22:24:09,879] Trial 234 finished with value: 0.4261635929346085 and parameters: {'n_units': 1000, 'alpha': 0.2, 'sigma_in': 0.30000000000000004, 'rho': 0.1, 'tikh': 0.1, 'option': 3, 'Normalization': 1}. Best is trial 220 with value: 0.38815012872219085.
[I 2025-11-19 22:24:22,831] Trial 235 finished with value: 0.013493499904870986 and parameters: {'n_units': 1000, 'alpha': 0.7000000000000001, 'sigma_in': 0.30000000000000004, 'rho': 0.5, 'tikh': 0.1, 'option': 4, 'Normalization': 1}. Best is trial 66 with value: 0.0032014672469813377.
[I 2025-11-19 22:24:25,868] Trial 216 finished with value: 0.02930038166232407 and parameters: {'n_units': 1000, 'alpha': 0.9, 'sigma_in': 0.4, 'rho': 0.4, 'tikh': 0.1, 'option': 4, 'Normalization': 1}. Best is trial 94 with value: 0.0037233955343253912.
[I 2025-11-19 22:24:55,281] Trial 235 finished with value: 0.44676521718502044 and parameters: {'n_units': 1000, 'alpha': 0.2, 'sigma_in': 0.30000000000000004, 'rho': 0.1, 'tikh': 0.1, 'option': 3, 'Normalization': 1}. Best is trial 220 with value: 0.38815012872219085.
[I 2025-11-19 22:25:10,082] Trial 236 finished with value: 328307.28933315276 and parameters: {'n_units': 1000, 'alpha': 0.7000000000000001, 'sigma_in': 0.30000000000000004, 'rho': 0.5, 'tikh': 0.001, 'option': 3, 'Normalization': 1}. Best is trial 66 with value: 0.0032014672469813377.
[I 2025-11-19 22:25:16,037] Trial 217 finished with value: 0.287654469627887 and parameters: {'n_units': 1000, 'alpha': 0.9, 'sigma_in': 0.4, 'rho': 0.4, 'tikh': 0.1, 'option': 4, 'Normalization': 1}. Best is trial 94 with value: 0.0037233955343253912.
[I 2025-11-19 22:25:41,551] Trial 236 finished with value: 0.4427392542362213 and parameters: {'n_units': 1000, 'alpha': 0.2, 'sigma_in': 0.30000000000000004, 'rho': 0.1, 'tikh': 0.1, 'option': 3, 'Normalization': 1}. Best is trial 220 with value: 0.38815012872219085.
[I 2025-11-19 22:25:56,887] Trial 237 finished with value: 0.013873989041894675 and parameters: {'n_units': 1000, 'alpha': 0.7000000000000001, 'sigma_in': 0.30000000000000004, 'rho': 0.5, 'tikh': 0.1, 'option': 4, 'Normalization': 1}. Best is trial 66 with value: 0.0032014672469813377.
[I 2025-11-19 22:26:05,759] Trial 218 finished with value: 84.34849624633789 and parameters: {'n_units': 1000, 'alpha': 0.9, 'sigma_in': 0.4, 'rho': 0.4, 'tikh': 0.1, 'option': 5, 'Normalization': 1}. Best is trial 94 with value: 0.0037233955343253912.
[I 2025-11-19 22:26:27,467] Trial 237 finished with value: 0.34081846177577974 and parameters: {'n_units': 1000, 'alpha': 0.30000000000000004, 'sigma_in': 0.30000000000000004, 'rho': 0.1, 'tikh': 0.1, 'option': 3, 'Normalization': 1}. Best is trial 237 with value: 0.34081846177577974.
[I 2025-11-19 22:26:43,738] Trial 238 finished with value: 0.00503494607983157 and parameters: {'n_units': 1000, 'alpha': 0.7000000000000001, 'sigma_in': 0.30000000000000004, 'rho': 0.5, 'tikh': 0.1, 'option': 4, 'Normalization': 1}. Best is trial 66 with value: 0.0032014672469813377.
[I 2025-11-19 22:26:54,403] Trial 219 finished with value: 7649.518768501282 and parameters: {'n_units': 1000, 'alpha': 0.9, 'sigma_in': 0.4, 'rho': 0.5, 'tikh': 0.01, 'option': 4, 'Normalization': 1}. Best is trial 94 with value: 0.0037233955343253912.
[I 2025-11-19 22:27:13,829] Trial 238 finished with value: 0.013834413909353315 and parameters: {'n_units': 1000, 'alpha': 0.30000000000000004, 'sigma_in': 0.30000000000000004, 'rho': 0.1, 'tikh': 0.1, 'option': 5, 'Normalization': 1}. Best is trial 238 with value: 0.013834413909353315.
[I 2025-11-19 22:27:29,785] Trial 239 finished with value: 0.008982151676900686 and parameters: {'n_units': 1000, 'alpha': 0.7000000000000001, 'sigma_in': 0.30000000000000004, 'rho': 0.5, 'tikh': 0.1, 'option': 4, 'Normalization': 1}. Best is trial 66 with value: 0.0032014672469813377.
[I 2025-11-19 22:27:43,527] Trial 220 finished with value: 7892329.753445434 and parameters: {'n_units': 1000, 'alpha': 0.9, 'sigma_in': 0.4, 'rho': 0.4, 'tikh': 0.0001, 'option': 4, 'Normalization': 1}. Best is trial 94 with value: 0.0037233955343253912.
[I 2025-11-19 22:28:00,198] Trial 239 finished with value: 1.8741713953437285 and parameters: {'n_units': 1000, 'alpha': 0.30000000000000004, 'sigma_in': 0.30000000000000004, 'rho': 0.1, 'tikh': 0.1, 'option': 5, 'Normalization': 1}. Best is trial 238 with value: 0.013834413909353315.
[I 2025-11-19 22:28:16,708] Trial 240 finished with value: 0.006988957477733493 and parameters: {'n_units': 1000, 'alpha': 0.8, 'sigma_in': 0.30000000000000004, 'rho': 0.5, 'tikh': 0.1, 'option': 4, 'Normalization': 1}. Best is trial 66 with value: 0.0032014672469813377.
[I 2025-11-19 22:28:32,622] Trial 221 finished with value: 0.006601309473626316 and parameters: {'n_units': 1000, 'alpha': 0.9, 'sigma_in': 0.4, 'rho': 0.4, 'tikh': 0.1, 'option': 4, 'Normalization': 1}. Best is trial 94 with value: 0.0037233955343253912.
[I 2025-11-19 22:28:46,390] Trial 240 finished with value: 0.33205483090132476 and parameters: {'n_units': 1000, 'alpha': 0.30000000000000004, 'sigma_in': 0.30000000000000004, 'rho': 0.1, 'tikh': 0.1, 'option': 5, 'Normalization': 1}. Best is trial 238 with value: 0.013834413909353315.
[I 2025-11-19 22:29:02,916] Trial 241 finished with value: 0.0454070862615481 and parameters: {'n_units': 1000, 'alpha': 0.7000000000000001, 'sigma_in': 0.30000000000000004, 'rho': 0.5, 'tikh': 0.1, 'option': 4, 'Normalization': 1}. Best is trial 66 with value: 0.0032014672469813377.
[I 2025-11-19 22:29:21,070] Trial 222 finished with value: 0.014195924298837781 and parameters: {'n_units': 1000, 'alpha': 0.9, 'sigma_in': 0.4, 'rho': 0.4, 'tikh': 0.1, 'option': 4, 'Normalization': 1}. Best is trial 94 with value: 0.0037233955343253912.
[I 2025-11-19 22:29:32,254] Trial 241 finished with value: 0.7323586201295257 and parameters: {'n_units': 1000, 'alpha': 0.30000000000000004, 'sigma_in': 0.30000000000000004, 'rho': 0.1, 'tikh': 0.1, 'option': 5, 'Normalization': 1}. Best is trial 238 with value: 0.013834413909353315.
[I 2025-11-19 22:29:49,290] Trial 242 finished with value: 0.011535732517950236 and parameters: {'n_units': 1000, 'alpha': 0.7000000000000001, 'sigma_in': 0.30000000000000004, 'rho': 0.5, 'tikh': 0.1, 'option': 4, 'Normalization': 1}. Best is trial 66 with value: 0.0032014672469813377.
[I 2025-11-19 22:30:09,968] Trial 223 finished with value: 0.006541722733527422 and parameters: {'n_units': 1000, 'alpha': 0.9, 'sigma_in': 0.4, 'rho': 0.4, 'tikh': 0.1, 'option': 4, 'Normalization': 1}. Best is trial 94 with value: 0.0037233955343253912.
[I 2025-11-19 22:30:18,531] Trial 242 finished with value: 3.020528463693336 and parameters: {'n_units': 1000, 'alpha': 0.30000000000000004, 'sigma_in': 0.30000000000000004, 'rho': 0.1, 'tikh': 0.1, 'option': 5, 'Normalization': 1}. Best is trial 238 with value: 0.013834413909353315.
[I 2025-11-19 22:30:35,681] Trial 243 finished with value: 0.005023372429423034 and parameters: {'n_units': 1000, 'alpha': 0.7000000000000001, 'sigma_in': 0.30000000000000004, 'rho': 0.5, 'tikh': 0.1, 'option': 4, 'Normalization': 1}. Best is trial 66 with value: 0.0032014672469813377.
[I 2025-11-19 22:30:59,110] Trial 224 finished with value: 0.007577467267401517 and parameters: {'n_units': 1000, 'alpha': 0.9, 'sigma_in': 0.4, 'rho': 0.4, 'tikh': 0.1, 'option': 4, 'Normalization': 1}. Best is trial 94 with value: 0.0037233955343253912.
[I 2025-11-19 22:31:04,558] Trial 243 finished with value: 0.3685515796765685 and parameters: {'n_units': 1000, 'alpha': 0.30000000000000004, 'sigma_in': 0.30000000000000004, 'rho': 0.1, 'tikh': 0.1, 'option': 5, 'Normalization': 1}. Best is trial 238 with value: 0.013834413909353315.
[I 2025-11-19 22:31:21,886] Trial 244 finished with value: 0.008577162399888039 and parameters: {'n_units': 1000, 'alpha': 0.7000000000000001, 'sigma_in': 0.30000000000000004, 'rho': 0.5, 'tikh': 0.1, 'option': 4, 'Normalization': 1}. Best is trial 66 with value: 0.0032014672469813377.
[I 2025-11-19 22:31:48,763] Trial 225 finished with value: 0.008914460334926844 and parameters: {'n_units': 1000, 'alpha': 0.9, 'sigma_in': 0.4, 'rho': 0.4, 'tikh': 0.1, 'option': 4, 'Normalization': 1}. Best is trial 94 with value: 0.0037233955343253912.
[I 2025-11-19 22:31:50,790] Trial 244 finished with value: 0.04911603247746825 and parameters: {'n_units': 1000, 'alpha': 0.30000000000000004, 'sigma_in': 0.30000000000000004, 'rho': 0.1, 'tikh': 0.1, 'option': 5, 'Normalization': 1}. Best is trial 238 with value: 0.013834413909353315.
[I 2025-11-19 22:32:08,310] Trial 245 finished with value: 0.035611248761415484 and parameters: {'n_units': 1000, 'alpha': 0.7000000000000001, 'sigma_in': 0.30000000000000004, 'rho': 0.5, 'tikh': 0.1, 'option': 4, 'Normalization': 1}. Best is trial 66 with value: 0.0032014672469813377.
[I 2025-11-19 22:32:36,990] Trial 245 finished with value: 0.4059599362313747 and parameters: {'n_units': 1000, 'alpha': 0.30000000000000004, 'sigma_in': 0.30000000000000004, 'rho': 0.1, 'tikh': 0.1, 'option': 5, 'Normalization': 1}. Best is trial 238 with value: 0.013834413909353315.
[I 2025-11-19 22:32:37,896] Trial 226 finished with value: 1.0637075813487171 and parameters: {'n_units': 1000, 'alpha': 0.9, 'sigma_in': 0.4, 'rho': 0.4, 'tikh': 0.1, 'option': 4, 'Normalization': 1}. Best is trial 94 with value: 0.0037233955343253912.
[I 2025-11-19 22:32:55,182] Trial 246 finished with value: 0.006047121342271566 and parameters: {'n_units': 1000, 'alpha': 0.7000000000000001, 'sigma_in': 0.30000000000000004, 'rho': 0.5, 'tikh': 0.1, 'option': 4, 'Normalization': 1}. Best is trial 66 with value: 0.0032014672469813377.
[I 2025-11-19 22:33:24,762] Trial 246 finished with value: 0.1541985751129687 and parameters: {'n_units': 1000, 'alpha': 0.30000000000000004, 'sigma_in': 0.30000000000000004, 'rho': 0.1, 'tikh': 0.1, 'option': 5, 'Normalization': 1}. Best is trial 238 with value: 0.013834413909353315.
[I 2025-11-19 22:33:27,046] Trial 227 finished with value: 0.008560760924592615 and parameters: {'n_units': 1000, 'alpha': 0.9, 'sigma_in': 0.4, 'rho': 0.4, 'tikh': 0.1, 'option': 4, 'Normalization': 1}. Best is trial 94 with value: 0.0037233955343253912.
[I 2025-11-19 22:33:44,054] Trial 247 finished with value: 0.008081262302584945 and parameters: {'n_units': 1000, 'alpha': 0.7000000000000001, 'sigma_in': 0.30000000000000004, 'rho': 0.5, 'tikh': 0.1, 'option': 4, 'Normalization': 1}. Best is trial 66 with value: 0.0032014672469813377.
[I 2025-11-19 22:34:17,796] Trial 228 finished with value: 0.00641746239271015 and parameters: {'n_units': 1000, 'alpha': 0.9, 'sigma_in': 0.4, 'rho': 0.4, 'tikh': 0.1, 'option': 4, 'Normalization': 1}. Best is trial 94 with value: 0.0037233955343253912.
[I 2025-11-19 22:34:18,185] Trial 247 finished with value: 2.4029668962932194 and parameters: {'n_units': 1000, 'alpha': 0.30000000000000004, 'sigma_in': 0.30000000000000004, 'rho': 0.1, 'tikh': 0.1, 'option': 5, 'Normalization': 1}. Best is trial 238 with value: 0.013834413909353315.
[I 2025-11-19 22:34:53,657] Trial 248 finished with value: 11189.84443359375 and parameters: {'n_units': 3000, 'alpha': 0.7000000000000001, 'sigma_in': 0.30000000000000004, 'rho': 0.5, 'tikh': 0.0001, 'option': 4, 'Normalization': 1}. Best is trial 66 with value: 0.0032014672469813377.
[I 2025-11-19 22:35:07,660] Trial 229 finished with value: 90.18225604686886 and parameters: {'n_units': 1000, 'alpha': 0.9, 'sigma_in': 0.5, 'rho': 0.4, 'tikh': 0.1, 'option': 4, 'Normalization': 1}. Best is trial 94 with value: 0.0037233955343253912.
[I 2025-11-19 22:35:09,993] Trial 248 finished with value: 0.6947104551829397 and parameters: {'n_units': 1000, 'alpha': 0.30000000000000004, 'sigma_in': 0.30000000000000004, 'rho': 0.1, 'tikh': 0.1, 'option': 5, 'Normalization': 1}. Best is trial 238 with value: 0.013834413909353315.
[I 2025-11-19 22:35:41,896] Trial 249 finished with value: 0.01011284519918263 and parameters: {'n_units': 1000, 'alpha': 0.6, 'sigma_in': 0.30000000000000004, 'rho': 0.5, 'tikh': 0.1, 'option': 4, 'Normalization': 1}. Best is trial 66 with value: 0.0032014672469813377.
[I 2025-11-19 22:35:56,920] Trial 230 finished with value: 0.5755305127007887 and parameters: {'n_units': 1000, 'alpha': 0.9, 'sigma_in': 0.4, 'rho': 0.4, 'tikh': 0.1, 'option': 4, 'Normalization': 1}. Best is trial 94 with value: 0.0037233955343253912.
[I 2025-11-19 22:35:57,512] Trial 249 finished with value: 52.20306508541107 and parameters: {'n_units': 1000, 'alpha': 0.30000000000000004, 'sigma_in': 0.30000000000000004, 'rho': 0.1, 'tikh': 0.001, 'option': 5, 'Normalization': 1}. Best is trial 238 with value: 0.013834413909353315.
[I 2025-11-19 22:36:28,799] Trial 250 finished with value: 0.007574766303878278 and parameters: {'n_units': 1000, 'alpha': 0.7000000000000001, 'sigma_in': 0.30000000000000004, 'rho': 0.5, 'tikh': 0.1, 'option': 4, 'Normalization': 1}. Best is trial 66 with value: 0.0032014672469813377.
[I 2025-11-19 22:36:44,394] Trial 250 finished with value: 22.68874669637298 and parameters: {'n_units': 1000, 'alpha': 0.30000000000000004, 'sigma_in': 0.30000000000000004, 'rho': 0.1, 'tikh': 0.1, 'option': 5, 'Normalization': 1}. Best is trial 238 with value: 0.013834413909353315.
[I 2025-11-19 22:36:45,722] Trial 231 finished with value: 0.008166821696795524 and parameters: {'n_units': 1000, 'alpha': 0.9, 'sigma_in': 0.4, 'rho': 0.4, 'tikh': 0.1, 'option': 4, 'Normalization': 1}. Best is trial 94 with value: 0.0037233955343253912.
[I 2025-11-19 22:37:15,953] Trial 251 finished with value: 0.0061621130909770725 and parameters: {'n_units': 1000, 'alpha': 0.7000000000000001, 'sigma_in': 0.30000000000000004, 'rho': 0.5, 'tikh': 0.1, 'option': 4, 'Normalization': 1}. Best is trial 66 with value: 0.0032014672469813377.
[I 2025-11-19 22:37:30,794] Trial 251 finished with value: 0.9703105905209668 and parameters: {'n_units': 1000, 'alpha': 0.30000000000000004, 'sigma_in': 0.30000000000000004, 'rho': 0.1, 'tikh': 0.1, 'option': 5, 'Normalization': 1}. Best is trial 238 with value: 0.013834413909353315.
[I 2025-11-19 22:37:34,210] Trial 232 finished with value: 0.007887056656181812 and parameters: {'n_units': 1000, 'alpha': 0.9, 'sigma_in': 0.4, 'rho': 0.4, 'tikh': 0.1, 'option': 4, 'Normalization': 1}. Best is trial 94 with value: 0.0037233955343253912.
[I 2025-11-19 22:38:02,532] Trial 252 finished with value: 0.005933308019302785 and parameters: {'n_units': 1000, 'alpha': 0.7000000000000001, 'sigma_in': 0.30000000000000004, 'rho': 0.5, 'tikh': 0.1, 'option': 4, 'Normalization': 1}. Best is trial 66 with value: 0.0032014672469813377.
