nohup: ignoring input
[I 2025-11-19 23:13:35,532] A new study created in memory with name: no-name-67bd719d-45a9-45ed-8401-4927ab08af40
[I 2025-11-19 23:27:04,917] Trial 0 finished with value: 8425.564533615112 and parameters: {'n_units': 2000, 'alpha': 0.30000000000000004, 'sigma_in': 0.8, 'rho': 0.5, 'tikh': 1e-10, 'option': 2, 'N_train': 20000, 'out_dim': 3, 'Normalization': 1}. Best is trial 0 with value: 8425.564533615112.
[I 2025-11-19 23:33:34,152] Trial 1 finished with value: 227608.4087486267 and parameters: {'n_units': 1000, 'alpha': 0.30000000000000004, 'sigma_in': 0.8, 'rho': 0.7000000000000001, 'tikh': 1e-08, 'option': 2, 'N_train': 20000, 'out_dim': 3, 'Normalization': 1}. Best is trial 0 with value: 8425.564533615112.
[I 2025-11-19 23:50:11,111] Trial 2 finished with value: 3451.8781188964845 and parameters: {'n_units': 2000, 'alpha': 0.2, 'sigma_in': 0.8, 'rho': 1.0, 'tikh': 1e-07, 'option': 3, 'N_train': 20000, 'out_dim': 3, 'Normalization': 1}. Best is trial 2 with value: 3451.8781188964845.
[I 2025-11-20 00:12:43,947] Trial 3 finished with value: 3162.2383432388306 and parameters: {'n_units': 3000, 'alpha': 0.30000000000000004, 'sigma_in': 0.5, 'rho': 1.0, 'tikh': 1e-07, 'option': 4, 'N_train': 20000, 'out_dim': 3, 'Normalization': 1}. Best is trial 3 with value: 3162.2383432388306.
[I 2025-11-20 00:38:14,453] Trial 4 finished with value: 1569.1856189727782 and parameters: {'n_units': 3000, 'alpha': 0.7000000000000001, 'sigma_in': 0.6, 'rho': 0.5, 'tikh': 1e-09, 'option': 3, 'N_train': 20000, 'out_dim': 3, 'Normalization': 1}. Best is trial 4 with value: 1569.1856189727782.
[I 2025-11-20 00:55:01,205] Trial 5 finished with value: 3.5577948689460754 and parameters: {'n_units': 2000, 'alpha': 0.5, 'sigma_in': 0.1, 'rho': 0.8, 'tikh': 0.1, 'option': 4, 'N_train': 20000, 'out_dim': 3, 'Normalization': 1}. Best is trial 5 with value: 3.5577948689460754.
[I 2025-11-20 01:19:37,772] Trial 6 finished with value: 2578.0453338623047 and parameters: {'n_units': 3000, 'alpha': 0.8, 'sigma_in': 0.4, 'rho': 0.9, 'tikh': 0.0001, 'option': 2, 'N_train': 20000, 'out_dim': 3, 'Normalization': 1}. Best is trial 5 with value: 3.5577948689460754.
[I 2025-11-20 01:42:57,791] Trial 7 finished with value: 148.22388725280763 and parameters: {'n_units': 3000, 'alpha': 0.1, 'sigma_in': 0.2, 'rho': 0.6, 'tikh': 1e-05, 'option': 2, 'N_train': 20000, 'out_dim': 3, 'Normalization': 1}. Best is trial 5 with value: 3.5577948689460754.
[I 2025-11-20 01:49:03,472] Trial 8 finished with value: 468.6321844100952 and parameters: {'n_units': 1000, 'alpha': 0.4, 'sigma_in': 0.4, 'rho': 0.9, 'tikh': 0.001, 'option': 5, 'N_train': 20000, 'out_dim': 3, 'Normalization': 1}. Best is trial 5 with value: 3.5577948689460754.
[I 2025-11-20 01:55:27,411] Trial 9 finished with value: 42984.62228927612 and parameters: {'n_units': 1000, 'alpha': 1.0, 'sigma_in': 0.5, 'rho': 0.6, 'tikh': 1e-06, 'option': 4, 'N_train': 20000, 'out_dim': 3, 'Normalization': 1}. Best is trial 5 with value: 3.5577948689460754.
[I 2025-11-20 02:12:26,463] Trial 10 finished with value: 5.104700374603271 and parameters: {'n_units': 2000, 'alpha': 0.6, 'sigma_in': 0.1, 'rho': 0.1, 'tikh': 0.1, 'option': 4, 'N_train': 20000, 'out_dim': 3, 'Normalization': 1}. Best is trial 5 with value: 3.5577948689460754.
[I 2025-11-20 02:29:27,240] Trial 11 finished with value: 5.122108602523804 and parameters: {'n_units': 2000, 'alpha': 0.5, 'sigma_in': 0.1, 'rho': 0.2, 'tikh': 0.1, 'option': 4, 'N_train': 20000, 'out_dim': 3, 'Normalization': 1}. Best is trial 5 with value: 3.5577948689460754.
[I 2025-11-20 02:46:21,924] Trial 12 finished with value: 5.107247066497803 and parameters: {'n_units': 2000, 'alpha': 0.6, 'sigma_in': 0.1, 'rho': 0.1, 'tikh': 0.1, 'option': 4, 'N_train': 20000, 'out_dim': 3, 'Normalization': 1}. Best is trial 5 with value: 3.5577948689460754.
[I 2025-11-20 03:03:46,991] Trial 13 finished with value: 1113.1955654263497 and parameters: {'n_units': 2000, 'alpha': 0.8, 'sigma_in': 0.30000000000000004, 'rho': 0.30000000000000004, 'tikh': 0.1, 'option': 4, 'N_train': 20000, 'out_dim': 3, 'Normalization': 1}. Best is trial 5 with value: 3.5577948689460754.
[I 2025-11-20 03:21:58,897] Trial 14 finished with value: 2715.985401773453 and parameters: {'n_units': 2000, 'alpha': 0.5, 'sigma_in': 1.0, 'rho': 0.30000000000000004, 'tikh': 0.01, 'option': 5, 'N_train': 20000, 'out_dim': 3, 'Normalization': 1}. Best is trial 5 with value: 3.5577948689460754.
[I 2025-11-20 03:28:45,046] Trial 15 finished with value: 1.7963541746139526 and parameters: {'n_units': 1000, 'alpha': 0.6, 'sigma_in': 0.2, 'rho': 0.8, 'tikh': 0.1, 'option': 4, 'N_train': 20000, 'out_dim': 3, 'Normalization': 1}. Best is trial 15 with value: 1.7963541746139526.
[I 2025-11-20 03:35:07,293] Trial 16 finished with value: 5.4058227583765985 and parameters: {'n_units': 1000, 'alpha': 1.0, 'sigma_in': 0.30000000000000004, 'rho': 0.8, 'tikh': 0.1, 'option': 4, 'N_train': 20000, 'out_dim': 3, 'Normalization': 1}. Best is trial 15 with value: 1.7963541746139526.
[I 2025-11-20 03:42:04,104] Trial 17 finished with value: 40332.99495849609 and parameters: {'n_units': 1000, 'alpha': 0.8, 'sigma_in': 0.2, 'rho': 0.8, 'tikh': 1e-09, 'option': 4, 'N_train': 20000, 'out_dim': 3, 'Normalization': 1}. Best is trial 15 with value: 1.7963541746139526.
[I 2025-11-20 03:49:11,705] Trial 18 finished with value: 2030.0769058227538 and parameters: {'n_units': 1000, 'alpha': 0.7000000000000001, 'sigma_in': 0.2, 'rho': 0.7000000000000001, 'tikh': 0.001, 'option': 5, 'N_train': 20000, 'out_dim': 3, 'Normalization': 1}. Best is trial 15 with value: 1.7963541746139526.
[I 2025-11-20 03:55:51,702] Trial 19 finished with value: 1758.6061120986938 and parameters: {'n_units': 1000, 'alpha': 0.4, 'sigma_in': 0.30000000000000004, 'rho': 0.8, 'tikh': 0.01, 'option': 3, 'N_train': 20000, 'out_dim': 3, 'Normalization': 1}. Best is trial 15 with value: 1.7963541746139526.
[I 2025-11-20 04:21:10,230] Trial 20 finished with value: 34490.46279320717 and parameters: {'n_units': 3000, 'alpha': 0.7000000000000001, 'sigma_in': 0.6, 'rho': 0.7000000000000001, 'tikh': 1e-05, 'option': 4, 'N_train': 20000, 'out_dim': 3, 'Normalization': 1}. Best is trial 15 with value: 1.7963541746139526.
[I 2025-11-20 04:39:41,579] Trial 21 finished with value: 5.19397611618042 and parameters: {'n_units': 2000, 'alpha': 0.6, 'sigma_in': 0.1, 'rho': 0.30000000000000004, 'tikh': 0.1, 'option': 4, 'N_train': 20000, 'out_dim': 3, 'Normalization': 1}. Best is trial 15 with value: 1.7963541746139526.
[I 2025-11-20 04:58:25,533] Trial 22 finished with value: 5.058860969543457 and parameters: {'n_units': 2000, 'alpha': 0.5, 'sigma_in': 0.1, 'rho': 0.4, 'tikh': 0.1, 'option': 4, 'N_train': 20000, 'out_dim': 3, 'Normalization': 1}. Best is trial 15 with value: 1.7963541746139526.
[I 2025-11-20 05:16:20,623] Trial 23 finished with value: 81.23049269914627 and parameters: {'n_units': 2000, 'alpha': 0.4, 'sigma_in': 0.2, 'rho': 0.4, 'tikh': 0.1, 'option': 4, 'N_train': 20000, 'out_dim': 3, 'Normalization': 1}. Best is trial 15 with value: 1.7963541746139526.
[I 2025-11-20 05:22:47,139] Trial 24 finished with value: 442.0038635253906 and parameters: {'n_units': 1000, 'alpha': 0.5, 'sigma_in': 0.1, 'rho': 0.9, 'tikh': 1e-06, 'option': 4, 'N_train': 20000, 'out_dim': 3, 'Normalization': 1}. Best is trial 15 with value: 1.7963541746139526.
[I 2025-11-20 05:40:15,191] Trial 25 finished with value: 286.9721446990967 and parameters: {'n_units': 2000, 'alpha': 0.5, 'sigma_in': 0.30000000000000004, 'rho': 0.4, 'tikh': 1e-10, 'option': 4, 'N_train': 20000, 'out_dim': 3, 'Normalization': 1}. Best is trial 15 with value: 1.7963541746139526.
[I 2025-11-20 06:05:34,634] Trial 26 finished with value: 3453.3931900024413 and parameters: {'n_units': 3000, 'alpha': 0.4, 'sigma_in': 0.2, 'rho': 0.6, 'tikh': 0.0001, 'option': 4, 'N_train': 20000, 'out_dim': 3, 'Normalization': 1}. Best is trial 15 with value: 1.7963541746139526.
[I 2025-11-20 06:23:34,897] Trial 27 finished with value: 1252.7903717041015 and parameters: {'n_units': 2000, 'alpha': 0.6, 'sigma_in': 0.4, 'rho': 0.5, 'tikh': 0.1, 'option': 3, 'N_train': 20000, 'out_dim': 3, 'Normalization': 1}. Best is trial 15 with value: 1.7963541746139526.
[I 2025-11-20 06:29:41,752] Trial 28 finished with value: 2819.6528350830076 and parameters: {'n_units': 1000, 'alpha': 0.9, 'sigma_in': 0.1, 'rho': 0.4, 'tikh': 1e-08, 'option': 5, 'N_train': 20000, 'out_dim': 3, 'Normalization': 1}. Best is trial 15 with value: 1.7963541746139526.
[I 2025-11-20 06:45:46,382] Trial 29 finished with value: 500.9745643615723 and parameters: {'n_units': 2000, 'alpha': 0.2, 'sigma_in': 1.0, 'rho': 0.7000000000000001, 'tikh': 1e-10, 'option': 2, 'N_train': 20000, 'out_dim': 3, 'Normalization': 1}. Best is trial 15 with value: 1.7963541746139526.
[I 2025-11-20 06:51:35,694] Trial 30 finished with value: 161.9694598183036 and parameters: {'n_units': 1000, 'alpha': 0.7000000000000001, 'sigma_in': 0.7000000000000001, 'rho': 0.5, 'tikh': 0.1, 'option': 4, 'N_train': 20000, 'out_dim': 3, 'Normalization': 1}. Best is trial 15 with value: 1.7963541746139526.
[I 2025-11-20 07:08:16,914] Trial 31 finished with value: 5.10426926612854 and parameters: {'n_units': 2000, 'alpha': 0.6, 'sigma_in': 0.1, 'rho': 0.1, 'tikh': 0.1, 'option': 4, 'N_train': 20000, 'out_dim': 3, 'Normalization': 1}. Best is trial 15 with value: 1.7963541746139526.
[I 2025-11-20 07:25:23,695] Trial 32 finished with value: 603.2235618829727 and parameters: {'n_units': 2000, 'alpha': 0.5, 'sigma_in': 0.2, 'rho': 0.2, 'tikh': 0.1, 'option': 4, 'N_train': 20000, 'out_dim': 3, 'Normalization': 1}. Best is trial 15 with value: 1.7963541746139526.
[I 2025-11-20 07:43:07,019] Trial 33 finished with value: 5.159743356704712 and parameters: {'n_units': 2000, 'alpha': 0.6, 'sigma_in': 0.1, 'rho': 0.2, 'tikh': 0.1, 'option': 4, 'N_train': 20000, 'out_dim': 3, 'Normalization': 1}. Best is trial 15 with value: 1.7963541746139526.
[I 2025-11-20 07:59:48,242] Trial 34 finished with value: 445.0035095214844 and parameters: {'n_units': 2000, 'alpha': 0.30000000000000004, 'sigma_in': 0.2, 'rho': 0.8, 'tikh': 1e-08, 'option': 4, 'N_train': 20000, 'out_dim': 3, 'Normalization': 1}. Best is trial 15 with value: 1.7963541746139526.
[I 2025-11-20 08:15:59,784] Trial 35 finished with value: 6496.745405578613 and parameters: {'n_units': 2000, 'alpha': 0.4, 'sigma_in': 0.30000000000000004, 'rho': 1.0, 'tikh': 1e-07, 'option': 3, 'N_train': 20000, 'out_dim': 3, 'Normalization': 1}. Best is trial 15 with value: 1.7963541746139526.
[I 2025-11-20 08:41:45,268] Trial 36 finished with value: 369950.4741081238 and parameters: {'n_units': 3000, 'alpha': 0.30000000000000004, 'sigma_in': 0.9, 'rho': 0.9, 'tikh': 0.1, 'option': 2, 'N_train': 20000, 'out_dim': 3, 'Normalization': 1}. Best is trial 15 with value: 1.7963541746139526.
[I 2025-11-20 09:06:55,062] Trial 37 finished with value: 827535.5256530761 and parameters: {'n_units': 3000, 'alpha': 0.7000000000000001, 'sigma_in': 0.1, 'rho': 0.6, 'tikh': 1e-09, 'option': 4, 'N_train': 20000, 'out_dim': 3, 'Normalization': 1}. Best is trial 15 with value: 1.7963541746139526.
[I 2025-11-20 09:23:01,218] Trial 38 finished with value: 9292.39160194397 and parameters: {'n_units': 2000, 'alpha': 0.6, 'sigma_in': 0.4, 'rho': 0.7000000000000001, 'tikh': 0.0001, 'option': 4, 'N_train': 20000, 'out_dim': 3, 'Normalization': 1}. Best is trial 15 with value: 1.7963541746139526.
[I 2025-11-20 09:30:00,982] Trial 39 finished with value: 16842.938521385193 and parameters: {'n_units': 1000, 'alpha': 0.5, 'sigma_in': 0.2, 'rho': 0.1, 'tikh': 1e-07, 'option': 2, 'N_train': 20000, 'out_dim': 3, 'Normalization': 1}. Best is trial 15 with value: 1.7963541746139526.
[I 2025-11-20 09:47:51,285] Trial 40 finished with value: 64969.832076644896 and parameters: {'n_units': 2000, 'alpha': 0.2, 'sigma_in': 0.5, 'rho': 1.0, 'tikh': 1e-05, 'option': 3, 'N_train': 20000, 'out_dim': 3, 'Normalization': 1}. Best is trial 15 with value: 1.7963541746139526.
[I 2025-11-20 10:05:34,600] Trial 41 finished with value: 5.107199239730835 and parameters: {'n_units': 2000, 'alpha': 0.6, 'sigma_in': 0.1, 'rho': 0.1, 'tikh': 0.1, 'option': 4, 'N_train': 20000, 'out_dim': 3, 'Normalization': 1}. Best is trial 15 with value: 1.7963541746139526.
[I 2025-11-20 10:22:31,946] Trial 42 finished with value: 5.163910055160523 and parameters: {'n_units': 2000, 'alpha': 0.6, 'sigma_in': 0.1, 'rho': 0.2, 'tikh': 0.1, 'option': 4, 'N_train': 20000, 'out_dim': 3, 'Normalization': 1}. Best is trial 15 with value: 1.7963541746139526.
[I 2025-11-20 10:40:16,333] Trial 43 finished with value: 13.883662962913514 and parameters: {'n_units': 2000, 'alpha': 0.8, 'sigma_in': 0.2, 'rho': 0.1, 'tikh': 0.1, 'option': 4, 'N_train': 20000, 'out_dim': 3, 'Normalization': 1}. Best is trial 15 with value: 1.7963541746139526.
[I 2025-11-20 10:57:21,914] Trial 44 finished with value: 3337.81821937561 and parameters: {'n_units': 2000, 'alpha': 0.7000000000000001, 'sigma_in': 0.1, 'rho': 0.30000000000000004, 'tikh': 1e-06, 'option': 4, 'N_train': 20000, 'out_dim': 3, 'Normalization': 1}. Best is trial 15 with value: 1.7963541746139526.
[I 2025-11-20 11:12:25,103] Trial 45 finished with value: 2847.3167313575746 and parameters: {'n_units': 2000, 'alpha': 0.5, 'sigma_in': 0.30000000000000004, 'rho': 0.2, 'tikh': 0.001, 'option': 4, 'N_train': 20000, 'out_dim': 3, 'Normalization': 1}. Best is trial 15 with value: 1.7963541746139526.
[I 2025-11-20 11:37:23,498] Trial 46 finished with value: 0.3000883934320882 and parameters: {'n_units': 3000, 'alpha': 0.5, 'sigma_in': 0.1, 'rho': 0.1, 'tikh': 0.1, 'option': 5, 'N_train': 20000, 'out_dim': 3, 'Normalization': 1}. Best is trial 46 with value: 0.3000883934320882.
[I 2025-11-20 12:02:19,694] Trial 47 finished with value: 2.078853929042816 and parameters: {'n_units': 3000, 'alpha': 0.4, 'sigma_in': 0.1, 'rho': 0.4, 'tikh': 0.1, 'option': 5, 'N_train': 20000, 'out_dim': 3, 'Normalization': 1}. Best is trial 46 with value: 0.3000883934320882.
[I 2025-11-20 12:25:51,615] Trial 48 finished with value: 39.58681769371033 and parameters: {'n_units': 3000, 'alpha': 0.4, 'sigma_in': 0.2, 'rho': 0.4, 'tikh': 0.1, 'option': 5, 'N_train': 20000, 'out_dim': 3, 'Normalization': 1}. Best is trial 46 with value: 0.3000883934320882.
[I 2025-11-20 12:49:57,973] Trial 49 finished with value: 347.45466432571413 and parameters: {'n_units': 3000, 'alpha': 0.2, 'sigma_in': 0.4, 'rho': 0.5, 'tikh': 0.1, 'option': 5, 'N_train': 20000, 'out_dim': 3, 'Normalization': 1}. Best is trial 46 with value: 0.3000883934320882.
[I 2025-11-20 13:14:41,922] Trial 50 finished with value: 3354.538397216797 and parameters: {'n_units': 3000, 'alpha': 0.30000000000000004, 'sigma_in': 0.2, 'rho': 0.6, 'tikh': 0.01, 'option': 5, 'N_train': 20000, 'out_dim': 3, 'Normalization': 1}. Best is trial 46 with value: 0.3000883934320882.
[I 2025-11-20 13:37:39,633] Trial 51 finished with value: 4.301468309760094 and parameters: {'n_units': 3000, 'alpha': 0.5, 'sigma_in': 0.1, 'rho': 0.30000000000000004, 'tikh': 0.1, 'option': 5, 'N_train': 20000, 'out_dim': 3, 'Normalization': 1}. Best is trial 46 with value: 0.3000883934320882.
[I 2025-11-20 14:00:49,597] Trial 52 finished with value: 2.0726779460906983 and parameters: {'n_units': 3000, 'alpha': 0.5, 'sigma_in': 0.1, 'rho': 0.30000000000000004, 'tikh': 0.1, 'option': 5, 'N_train': 20000, 'out_dim': 3, 'Normalization': 1}. Best is trial 46 with value: 0.3000883934320882.
[I 2025-11-20 14:23:49,408] Trial 53 finished with value: 1.8850202150642872 and parameters: {'n_units': 3000, 'alpha': 0.4, 'sigma_in': 0.1, 'rho': 0.30000000000000004, 'tikh': 0.1, 'option': 5, 'N_train': 20000, 'out_dim': 3, 'Normalization': 1}. Best is trial 46 with value: 0.3000883934320882.
[I 2025-11-20 14:48:16,782] Trial 54 finished with value: 3980.6745178222654 and parameters: {'n_units': 3000, 'alpha': 0.4, 'sigma_in': 0.1, 'rho': 0.30000000000000004, 'tikh': 1e-09, 'option': 5, 'N_train': 20000, 'out_dim': 3, 'Normalization': 1}. Best is trial 46 with value: 0.3000883934320882.
[I 2025-11-20 15:09:25,958] Trial 55 finished with value: 7.519464159011841 and parameters: {'n_units': 3000, 'alpha': 0.4, 'sigma_in': 0.2, 'rho': 0.4, 'tikh': 0.1, 'option': 5, 'N_train': 20000, 'out_dim': 3, 'Normalization': 1}. Best is trial 46 with value: 0.3000883934320882.
[I 2025-11-20 15:30:12,669] Trial 56 finished with value: 2055.1558479309083 and parameters: {'n_units': 3000, 'alpha': 0.30000000000000004, 'sigma_in': 0.7000000000000001, 'rho': 0.2, 'tikh': 1e-10, 'option': 5, 'N_train': 20000, 'out_dim': 3, 'Normalization': 1}. Best is trial 46 with value: 0.3000883934320882.
[I 2025-11-20 15:49:11,153] Trial 57 finished with value: 56.40950656123459 and parameters: {'n_units': 3000, 'alpha': 0.1, 'sigma_in': 0.2, 'rho': 0.8, 'tikh': 0.1, 'option': 5, 'N_train': 20000, 'out_dim': 3, 'Normalization': 1}. Best is trial 46 with value: 0.3000883934320882.
[I 2025-11-20 16:15:04,816] Trial 58 finished with value: 9594.178784179687 and parameters: {'n_units': 3000, 'alpha': 0.4, 'sigma_in': 0.30000000000000004, 'rho': 0.9, 'tikh': 0.001, 'option': 5, 'N_train': 20000, 'out_dim': 3, 'Normalization': 1}. Best is trial 46 with value: 0.3000883934320882.
[I 2025-11-20 16:33:07,342] Trial 59 finished with value: 2288.68434753418 and parameters: {'n_units': 3000, 'alpha': 0.5, 'sigma_in': 0.1, 'rho': 0.30000000000000004, 'tikh': 1e-05, 'option': 5, 'N_train': 20000, 'out_dim': 3, 'Normalization': 1}. Best is trial 46 with value: 0.3000883934320882.
[I 2025-11-20 16:49:28,568] Trial 60 finished with value: 3314.67357711792 and parameters: {'n_units': 3000, 'alpha': 0.5, 'sigma_in': 0.1, 'rho': 0.5, 'tikh': 1e-08, 'option': 5, 'N_train': 20000, 'out_dim': 3, 'Normalization': 1}. Best is trial 46 with value: 0.3000883934320882.
[I 2025-11-20 17:03:27,404] Trial 61 finished with value: 2.0071084279567004 and parameters: {'n_units': 3000, 'alpha': 0.5, 'sigma_in': 0.1, 'rho': 0.30000000000000004, 'tikh': 0.1, 'option': 5, 'N_train': 20000, 'out_dim': 3, 'Normalization': 1}. Best is trial 46 with value: 0.3000883934320882.
[I 2025-11-20 17:16:08,866] Trial 62 finished with value: 2.338356351852417 and parameters: {'n_units': 3000, 'alpha': 0.4, 'sigma_in': 0.1, 'rho': 0.4, 'tikh': 0.1, 'option': 5, 'N_train': 20000, 'out_dim': 3, 'Normalization': 1}. Best is trial 46 with value: 0.3000883934320882.
[I 2025-11-20 17:28:55,190] Trial 63 finished with value: 8.325041770935059 and parameters: {'n_units': 3000, 'alpha': 0.4, 'sigma_in': 0.1, 'rho': 0.4, 'tikh': 0.1, 'option': 5, 'N_train': 20000, 'out_dim': 3, 'Normalization': 1}. Best is trial 46 with value: 0.3000883934320882.
[I 2025-11-20 17:41:31,702] Trial 64 finished with value: 1.4320552634075283 and parameters: {'n_units': 3000, 'alpha': 0.4, 'sigma_in': 0.1, 'rho': 0.30000000000000004, 'tikh': 0.1, 'option': 5, 'N_train': 20000, 'out_dim': 3, 'Normalization': 1}. Best is trial 46 with value: 0.3000883934320882.
[I 2025-11-20 17:58:41,349] Trial 65 finished with value: 424.9770623922348 and parameters: {'n_units': 3000, 'alpha': 0.5, 'sigma_in': 0.2, 'rho': 0.30000000000000004, 'tikh': 0.1, 'option': 5, 'N_train': 20000, 'out_dim': 3, 'Normalization': 1}. Best is trial 46 with value: 0.3000883934320882.
[I 2025-11-20 18:13:17,716] Trial 66 finished with value: 238.9485327720642 and parameters: {'n_units': 3000, 'alpha': 0.30000000000000004, 'sigma_in': 0.2, 'rho': 0.2, 'tikh': 1e-06, 'option': 5, 'N_train': 20000, 'out_dim': 3, 'Normalization': 1}. Best is trial 46 with value: 0.3000883934320882.
[I 2025-11-20 18:28:28,210] Trial 67 finished with value: 5224.4154987335205 and parameters: {'n_units': 3000, 'alpha': 0.4, 'sigma_in': 0.1, 'rho': 0.30000000000000004, 'tikh': 0.0001, 'option': 5, 'N_train': 20000, 'out_dim': 3, 'Normalization': 1}. Best is trial 46 with value: 0.3000883934320882.
[I 2025-11-20 18:43:34,439] Trial 68 finished with value: 19.41540904045105 and parameters: {'n_units': 3000, 'alpha': 0.30000000000000004, 'sigma_in': 0.1, 'rho': 0.30000000000000004, 'tikh': 0.01, 'option': 5, 'N_train': 20000, 'out_dim': 3, 'Normalization': 1}. Best is trial 46 with value: 0.3000883934320882.
[I 2025-11-20 18:56:54,568] Trial 69 finished with value: 22.735112953186036 and parameters: {'n_units': 3000, 'alpha': 0.5, 'sigma_in': 0.2, 'rho': 0.2, 'tikh': 0.1, 'option': 5, 'N_train': 20000, 'out_dim': 3, 'Normalization': 1}. Best is trial 46 with value: 0.3000883934320882.
[I 2025-11-20 19:13:06,271] Trial 70 finished with value: 5273.594732666015 and parameters: {'n_units': 3000, 'alpha': 0.5, 'sigma_in': 0.1, 'rho': 0.5, 'tikh': 1e-07, 'option': 5, 'N_train': 20000, 'out_dim': 3, 'Normalization': 1}. Best is trial 46 with value: 0.3000883934320882.
[I 2025-11-20 19:24:16,006] Trial 71 finished with value: 2.887882924079895 and parameters: {'n_units': 3000, 'alpha': 0.4, 'sigma_in': 0.1, 'rho': 0.4, 'tikh': 0.1, 'option': 5, 'N_train': 20000, 'out_dim': 3, 'Normalization': 1}. Best is trial 46 with value: 0.3000883934320882.
[I 2025-11-20 19:34:58,756] Trial 72 finished with value: 2.442623656988144 and parameters: {'n_units': 3000, 'alpha': 0.4, 'sigma_in': 0.1, 'rho': 0.4, 'tikh': 0.1, 'option': 5, 'N_train': 20000, 'out_dim': 3, 'Normalization': 1}. Best is trial 46 with value: 0.3000883934320882.
[I 2025-11-20 19:47:20,436] Trial 73 finished with value: 18.15957772731781 and parameters: {'n_units': 3000, 'alpha': 0.4, 'sigma_in': 0.2, 'rho': 0.30000000000000004, 'tikh': 0.1, 'option': 5, 'N_train': 20000, 'out_dim': 3, 'Normalization': 1}. Best is trial 46 with value: 0.3000883934320882.
[I 2025-11-20 20:02:43,264] Trial 74 finished with value: 8.900422763824462 and parameters: {'n_units': 3000, 'alpha': 0.6, 'sigma_in': 0.1, 'rho': 0.4, 'tikh': 0.1, 'option': 5, 'N_train': 20000, 'out_dim': 3, 'Normalization': 1}. Best is trial 46 with value: 0.3000883934320882.
