[I 2025-11-21 01:00:40,978] Trial 271 finished with value: 0.001411996023671236 and parameters: {'n_units': 1000, 'alpha': 1.0, 'sigma_in': 0.5, 'rho': 0.5, 'tikh': 0.1, 'option': 3, 'Normalization': 1}. Best is trial 40 with value: 0.0005719184021472756.
[I 2025-11-21 01:01:08,032] Trial 281 finished with value: 0.0002541515777920722 and parameters: {'n_units': 1000, 'alpha': 0.8, 'sigma_in': 0.30000000000000004, 'rho': 0.1, 'tikh': 0.1, 'option': 3, 'Normalization': 1}. Best is trial 225 with value: 0.00013852912506990834.
[I 2025-11-21 01:01:26,891] Trial 272 finished with value: 0.002675803063903004 and parameters: {'n_units': 1000, 'alpha': 1.0, 'sigma_in': 0.5, 'rho': 0.5, 'tikh': 0.1, 'option': 3, 'Normalization': 1}. Best is trial 40 with value: 0.0005719184021472756.
[I 2025-11-21 01:01:56,272] Trial 282 finished with value: 0.0004607683531503426 and parameters: {'n_units': 1000, 'alpha': 0.6, 'sigma_in': 0.30000000000000004, 'rho': 0.1, 'tikh': 0.1, 'option': 3, 'Normalization': 1}. Best is trial 225 with value: 0.00013852912506990834.
[I 2025-11-21 01:02:18,194] Trial 273 finished with value: 0.0018785753476549872 and parameters: {'n_units': 1000, 'alpha': 1.0, 'sigma_in': 0.5, 'rho': 0.5, 'tikh': 0.1, 'option': 3, 'Normalization': 1}. Best is trial 40 with value: 0.0005719184021472756.
[I 2025-11-21 01:02:47,536] Trial 283 finished with value: 53.44894068837166 and parameters: {'n_units': 1000, 'alpha': 0.8, 'sigma_in': 0.4, 'rho': 0.1, 'tikh': 0.01, 'option': 3, 'Normalization': 1}. Best is trial 225 with value: 0.00013852912506990834.
[I 2025-11-21 01:03:04,100] Trial 274 finished with value: 1515.5585796356202 and parameters: {'n_units': 1000, 'alpha': 1.0, 'sigma_in': 0.5, 'rho': 0.5, 'tikh': 0.01, 'option': 3, 'Normalization': 1}. Best is trial 40 with value: 0.0005719184021472756.
[I 2025-11-21 01:03:33,771] Trial 284 finished with value: 0.0003500113401969429 and parameters: {'n_units': 1000, 'alpha': 0.7000000000000001, 'sigma_in': 0.30000000000000004, 'rho': 0.1, 'tikh': 0.1, 'option': 3, 'Normalization': 1}. Best is trial 225 with value: 0.00013852912506990834.
[I 2025-11-21 01:03:49,808] Trial 275 finished with value: 0.0035445390618406235 and parameters: {'n_units': 1000, 'alpha': 0.9, 'sigma_in': 0.5, 'rho': 0.5, 'tikh': 0.1, 'option': 3, 'Normalization': 1}. Best is trial 40 with value: 0.0005719184021472756.
[I 2025-11-21 01:04:20,271] Trial 285 finished with value: 0.0005085046017484274 and parameters: {'n_units': 1000, 'alpha': 0.8, 'sigma_in': 0.30000000000000004, 'rho': 0.1, 'tikh': 0.1, 'option': 3, 'Normalization': 1}. Best is trial 225 with value: 0.00013852912506990834.
[I 2025-11-21 01:04:40,074] Trial 276 finished with value: 0.001556177157908678 and parameters: {'n_units': 1000, 'alpha': 1.0, 'sigma_in': 0.5, 'rho': 0.5, 'tikh': 0.1, 'option': 3, 'Normalization': 1}. Best is trial 40 with value: 0.0005719184021472756.
[I 2025-11-21 01:05:13,990] Trial 286 finished with value: 0.0002034907040069811 and parameters: {'n_units': 1000, 'alpha': 0.8, 'sigma_in': 0.30000000000000004, 'rho': 0.1, 'tikh': 0.1, 'option': 3, 'Normalization': 1}. Best is trial 225 with value: 0.00013852912506990834.
[I 2025-11-21 01:05:25,988] Trial 277 finished with value: 0.002812719986832235 and parameters: {'n_units': 1000, 'alpha': 1.0, 'sigma_in': 0.5, 'rho': 0.5, 'tikh': 0.1, 'option': 3, 'Normalization': 1}. Best is trial 40 with value: 0.0005719184021472756.
[I 2025-11-21 01:06:00,764] Trial 287 finished with value: 0.0002973986447614152 and parameters: {'n_units': 1000, 'alpha': 0.8, 'sigma_in': 0.30000000000000004, 'rho': 0.1, 'tikh': 0.1, 'option': 3, 'Normalization': 1}. Best is trial 225 with value: 0.00013852912506990834.
[I 2025-11-21 01:06:10,521] Trial 278 finished with value: 0.0024034169873630162 and parameters: {'n_units': 1000, 'alpha': 1.0, 'sigma_in': 0.5, 'rho': 0.5, 'tikh': 0.1, 'option': 3, 'Normalization': 1}. Best is trial 40 with value: 0.0005719184021472756.
[I 2025-11-21 01:06:48,135] Trial 288 finished with value: 0.00037234475930745246 and parameters: {'n_units': 1000, 'alpha': 0.8, 'sigma_in': 0.30000000000000004, 'rho': 0.1, 'tikh': 0.1, 'option': 3, 'Normalization': 1}. Best is trial 225 with value: 0.00013852912506990834.
[I 2025-11-21 01:06:57,858] Trial 279 finished with value: 63.97480082511902 and parameters: {'n_units': 1000, 'alpha': 1.0, 'sigma_in': 0.5, 'rho': 0.5, 'tikh': 0.1, 'option': 4, 'Normalization': 1}. Best is trial 40 with value: 0.0005719184021472756.
[I 2025-11-21 01:07:38,296] Trial 289 finished with value: 0.0006391973940480967 and parameters: {'n_units': 1000, 'alpha': 0.8, 'sigma_in': 0.4, 'rho': 0.1, 'tikh': 0.1, 'option': 3, 'Normalization': 1}. Best is trial 225 with value: 0.00013852912506990834.
[I 2025-11-21 01:07:46,302] Trial 280 finished with value: 0.020789123675785958 and parameters: {'n_units': 1000, 'alpha': 1.0, 'sigma_in': 0.4, 'rho': 0.6, 'tikh': 0.1, 'option': 3, 'Normalization': 1}. Best is trial 40 with value: 0.0005719184021472756.
[I 2025-11-21 01:08:26,787] Trial 290 finished with value: 0.2511789552867413 and parameters: {'n_units': 1000, 'alpha': 0.8, 'sigma_in': 0.30000000000000004, 'rho': 0.1, 'tikh': 0.1, 'option': 5, 'Normalization': 1}. Best is trial 225 with value: 0.00013852912506990834.
[I 2025-11-21 01:08:33,157] Trial 281 finished with value: 49531.56395568848 and parameters: {'n_units': 1000, 'alpha': 1.0, 'sigma_in': 0.5, 'rho': 0.5, 'tikh': 1e-05, 'option': 3, 'Normalization': 1}. Best is trial 40 with value: 0.0005719184021472756.
[I 2025-11-21 01:09:18,300] Trial 291 finished with value: 0.0015438843896845356 and parameters: {'n_units': 1000, 'alpha': 0.1, 'sigma_in': 0.30000000000000004, 'rho': 0.1, 'tikh': 0.1, 'option': 3, 'Normalization': 1}. Best is trial 225 with value: 0.00013852912506990834.
[I 2025-11-21 01:09:20,199] Trial 282 finished with value: 0.0017313258576905355 and parameters: {'n_units': 1000, 'alpha': 1.0, 'sigma_in': 0.5, 'rho': 0.5, 'tikh': 0.1, 'option': 3, 'Normalization': 1}. Best is trial 40 with value: 0.0005719184021472756.
[I 2025-11-21 01:10:06,538] Trial 292 finished with value: 490.75410175323486 and parameters: {'n_units': 1000, 'alpha': 0.8, 'sigma_in': 0.2, 'rho': 0.1, 'tikh': 1e-05, 'option': 3, 'Normalization': 1}. Best is trial 225 with value: 0.00013852912506990834.
[I 2025-11-21 01:10:06,669] Trial 283 finished with value: 1306.2951317156665 and parameters: {'n_units': 1000, 'alpha': 1.0, 'sigma_in': 0.6, 'rho': 0.5, 'tikh': 0.1, 'option': 3, 'Normalization': 1}. Best is trial 40 with value: 0.0005719184021472756.
[I 2025-11-21 01:11:04,438] Trial 284 finished with value: 0.008157386298989877 and parameters: {'n_units': 1000, 'alpha': 1.0, 'sigma_in': 0.5, 'rho': 0.5, 'tikh': 0.1, 'option': 3, 'Normalization': 1}. Best is trial 40 with value: 0.0005719184021472756.
[I 2025-11-21 01:11:06,501] Trial 293 finished with value: 0.0003165343434375245 and parameters: {'n_units': 1000, 'alpha': 0.7000000000000001, 'sigma_in': 0.30000000000000004, 'rho': 0.1, 'tikh': 0.1, 'option': 3, 'Normalization': 1}. Best is trial 225 with value: 0.00013852912506990834.
[I 2025-11-21 01:11:50,337] Trial 285 finished with value: 0.0050497078875196165 and parameters: {'n_units': 1000, 'alpha': 0.9, 'sigma_in': 0.5, 'rho': 0.5, 'tikh': 0.1, 'option': 3, 'Normalization': 1}. Best is trial 40 with value: 0.0005719184021472756.
[I 2025-11-21 01:11:53,099] Trial 294 finished with value: 0.0005542779195820913 and parameters: {'n_units': 1000, 'alpha': 0.8, 'sigma_in': 0.30000000000000004, 'rho': 0.1, 'tikh': 0.1, 'option': 3, 'Normalization': 1}. Best is trial 225 with value: 0.00013852912506990834.
[I 2025-11-21 01:12:41,170] Trial 286 finished with value: 1415.2959133148192 and parameters: {'n_units': 1000, 'alpha': 1.0, 'sigma_in': 1.0, 'rho': 0.5, 'tikh': 0.1, 'option': 3, 'Normalization': 1}. Best is trial 40 with value: 0.0005719184021472756.
[I 2025-11-21 01:12:46,522] Trial 295 finished with value: 0.0003296862108982168 and parameters: {'n_units': 1000, 'alpha': 0.8, 'sigma_in': 0.30000000000000004, 'rho': 0.1, 'tikh': 0.1, 'option': 3, 'Normalization': 1}. Best is trial 225 with value: 0.00013852912506990834.
[I 2025-11-21 01:14:01,047] Trial 287 finished with value: 1505466.0820663453 and parameters: {'n_units': 3000, 'alpha': 1.0, 'sigma_in': 0.5, 'rho': 0.5, 'tikh': 0.0001, 'option': 3, 'Normalization': 1}. Best is trial 40 with value: 0.0005719184021472756.
[I 2025-11-21 01:14:06,407] Trial 296 finished with value: 0.5000124559272081 and parameters: {'n_units': 3000, 'alpha': 0.8, 'sigma_in': 0.30000000000000004, 'rho': 0.1, 'tikh': 0.1, 'option': 3, 'Normalization': 1}. Best is trial 225 with value: 0.00013852912506990834.
[I 2025-11-21 01:14:47,215] Trial 288 finished with value: 0.0022954754007514567 and parameters: {'n_units': 1000, 'alpha': 1.0, 'sigma_in': 0.5, 'rho': 0.5, 'tikh': 0.1, 'option': 3, 'Normalization': 1}. Best is trial 40 with value: 0.0005719184021472756.
[I 2025-11-21 01:14:54,204] Trial 297 finished with value: 0.0002819612067469279 and parameters: {'n_units': 1000, 'alpha': 0.8, 'sigma_in': 0.30000000000000004, 'rho': 0.1, 'tikh': 0.1, 'option': 3, 'Normalization': 1}. Best is trial 225 with value: 0.00013852912506990834.
[I 2025-11-21 01:15:33,054] Trial 289 finished with value: 0.007050755753880367 and parameters: {'n_units': 1000, 'alpha': 1.0, 'sigma_in': 0.5, 'rho': 0.6, 'tikh': 0.1, 'option': 3, 'Normalization': 1}. Best is trial 40 with value: 0.0005719184021472756.
[I 2025-11-21 01:15:41,774] Trial 298 finished with value: 63707.97353496552 and parameters: {'n_units': 1000, 'alpha': 0.8, 'sigma_in': 0.30000000000000004, 'rho': 0.1, 'tikh': 0.0001, 'option': 3, 'Normalization': 1}. Best is trial 225 with value: 0.00013852912506990834.
[I 2025-11-21 01:16:36,035] Trial 290 finished with value: 0.002097144458821276 and parameters: {'n_units': 1000, 'alpha': 1.0, 'sigma_in': 0.5, 'rho': 0.5, 'tikh': 0.1, 'option': 3, 'Normalization': 1}. Best is trial 40 with value: 0.0005719184021472756.
[I 2025-11-21 01:16:48,120] Trial 299 finished with value: 0.002779440232552588 and parameters: {'n_units': 1000, 'alpha': 0.8, 'sigma_in': 0.2, 'rho': 0.1, 'tikh': 0.1, 'option': 3, 'Normalization': 1}. Best is trial 225 with value: 0.00013852912506990834.
[I 2025-11-21 01:17:20,336] Trial 291 finished with value: 0.006277167966254637 and parameters: {'n_units': 1000, 'alpha': 1.0, 'sigma_in': 0.5, 'rho': 0.5, 'tikh': 0.1, 'option': 3, 'Normalization': 1}. Best is trial 40 with value: 0.0005719184021472756.
[I 2025-11-21 01:17:37,287] Trial 300 finished with value: 0.0007304115599254147 and parameters: {'n_units': 1000, 'alpha': 0.8, 'sigma_in': 0.4, 'rho': 0.1, 'tikh': 0.1, 'option': 3, 'Normalization': 1}. Best is trial 225 with value: 0.00013852912506990834.
[I 2025-11-21 01:18:07,102] Trial 292 finished with value: 433.43972101211546 and parameters: {'n_units': 1000, 'alpha': 1.0, 'sigma_in': 0.6, 'rho': 0.5, 'tikh': 0.1, 'option': 5, 'Normalization': 1}. Best is trial 40 with value: 0.0005719184021472756.
[I 2025-11-21 01:18:22,581] Trial 301 finished with value: 338.06128082275393 and parameters: {'n_units': 1000, 'alpha': 0.8, 'sigma_in': 0.30000000000000004, 'rho': 1.0, 'tikh': 0.001, 'option': 3, 'Normalization': 1}. Best is trial 225 with value: 0.00013852912506990834.
[I 2025-11-21 01:18:53,178] Trial 293 finished with value: 0.0017483422649092971 and parameters: {'n_units': 1000, 'alpha': 1.0, 'sigma_in': 0.5, 'rho': 0.5, 'tikh': 0.1, 'option': 3, 'Normalization': 1}. Best is trial 40 with value: 0.0005719184021472756.
[I 2025-11-21 01:19:12,345] Trial 302 finished with value: 0.000250497394517879 and parameters: {'n_units': 1000, 'alpha': 0.7000000000000001, 'sigma_in': 0.30000000000000004, 'rho': 0.1, 'tikh': 0.1, 'option': 3, 'Normalization': 1}. Best is trial 225 with value: 0.00013852912506990834.
[I 2025-11-21 01:19:39,009] Trial 294 finished with value: 0.002089943175087683 and parameters: {'n_units': 1000, 'alpha': 1.0, 'sigma_in': 0.5, 'rho': 0.5, 'tikh': 0.1, 'option': 3, 'Normalization': 1}. Best is trial 40 with value: 0.0005719184021472756.
[I 2025-11-21 01:20:00,817] Trial 303 finished with value: 0.0006614133995753946 and parameters: {'n_units': 1000, 'alpha': 0.7000000000000001, 'sigma_in': 0.30000000000000004, 'rho': 0.1, 'tikh': 0.1, 'option': 3, 'Normalization': 1}. Best is trial 225 with value: 0.00013852912506990834.
[I 2025-11-21 01:20:24,544] Trial 295 finished with value: 0.3195776861160994 and parameters: {'n_units': 1000, 'alpha': 0.9, 'sigma_in': 0.2, 'rho': 0.5, 'tikh': 0.1, 'option': 3, 'Normalization': 1}. Best is trial 40 with value: 0.0005719184021472756.
[I 2025-11-21 01:20:47,999] Trial 304 finished with value: 0.0003220181635697372 and parameters: {'n_units': 1000, 'alpha': 0.7000000000000001, 'sigma_in': 0.30000000000000004, 'rho': 0.1, 'tikh': 0.1, 'option': 3, 'Normalization': 1}. Best is trial 225 with value: 0.00013852912506990834.
[I 2025-11-21 01:21:13,676] Trial 296 finished with value: 0.002254058547259774 and parameters: {'n_units': 1000, 'alpha': 1.0, 'sigma_in': 0.5, 'rho': 0.5, 'tikh': 0.1, 'option': 3, 'Normalization': 1}. Best is trial 40 with value: 0.0005719184021472756.
[I 2025-11-21 01:21:42,318] Trial 305 finished with value: 0.0005415627078036777 and parameters: {'n_units': 1000, 'alpha': 0.7000000000000001, 'sigma_in': 0.30000000000000004, 'rho': 0.1, 'tikh': 0.1, 'option': 3, 'Normalization': 1}. Best is trial 225 with value: 0.00013852912506990834.
[I 2025-11-21 01:22:03,186] Trial 297 finished with value: 55493.22742462158 and parameters: {'n_units': 1000, 'alpha': 1.0, 'sigma_in': 0.5, 'rho': 0.5, 'tikh': 0.001, 'option': 3, 'Normalization': 1}. Best is trial 40 with value: 0.0005719184021472756.
[I 2025-11-21 01:22:49,116] Trial 306 finished with value: 0.00040359324557357466 and parameters: {'n_units': 1000, 'alpha': 0.8, 'sigma_in': 0.30000000000000004, 'rho': 0.1, 'tikh': 0.1, 'option': 3, 'Normalization': 1}. Best is trial 225 with value: 0.00013852912506990834.
[I 2025-11-21 01:23:05,935] Trial 298 finished with value: 0.00721658612601459 and parameters: {'n_units': 1000, 'alpha': 1.0, 'sigma_in': 0.4, 'rho': 0.5, 'tikh': 0.1, 'option': 3, 'Normalization': 1}. Best is trial 40 with value: 0.0005719184021472756.
[I 2025-11-21 01:23:38,003] Trial 307 finished with value: 0.008254730096086859 and parameters: {'n_units': 1000, 'alpha': 0.4, 'sigma_in': 0.2, 'rho': 0.1, 'tikh': 0.1, 'option': 3, 'Normalization': 1}. Best is trial 225 with value: 0.00013852912506990834.
[I 2025-11-21 01:23:53,195] Trial 299 finished with value: 0.14050782109843568 and parameters: {'n_units': 1000, 'alpha': 0.8, 'sigma_in': 0.5, 'rho': 0.5, 'tikh': 0.1, 'option': 3, 'Normalization': 1}. Best is trial 40 with value: 0.0005719184021472756.
[I 2025-11-21 01:24:29,274] Trial 308 finished with value: 0.10371869876980781 and parameters: {'n_units': 1000, 'alpha': 0.6, 'sigma_in': 0.30000000000000004, 'rho': 0.1, 'tikh': 0.1, 'option': 5, 'Normalization': 1}. Best is trial 225 with value: 0.00013852912506990834.
[I 2025-11-21 01:24:40,141] Trial 300 finished with value: 0.003182602262677392 and parameters: {'n_units': 1000, 'alpha': 1.0, 'sigma_in': 0.5, 'rho': 0.5, 'tikh': 0.1, 'option': 3, 'Normalization': 1}. Best is trial 40 with value: 0.0005719184021472756.
[I 2025-11-21 01:25:15,661] Trial 309 finished with value: 415.05937358886 and parameters: {'n_units': 1000, 'alpha': 0.8, 'sigma_in': 0.6, 'rho': 0.1, 'tikh': 0.01, 'option': 3, 'Normalization': 1}. Best is trial 225 with value: 0.00013852912506990834.
[I 2025-11-21 01:25:25,901] Trial 301 finished with value: 6336.212925338745 and parameters: {'n_units': 1000, 'alpha': 1.0, 'sigma_in': 0.5, 'rho': 0.4, 'tikh': 0.01, 'option': 3, 'Normalization': 1}. Best is trial 40 with value: 0.0005719184021472756.
[I 2025-11-21 01:26:04,522] Trial 310 finished with value: 0.0004140950019063894 and parameters: {'n_units': 1000, 'alpha': 0.8, 'sigma_in': 0.30000000000000004, 'rho': 0.1, 'tikh': 0.1, 'option': 3, 'Normalization': 1}. Best is trial 225 with value: 0.00013852912506990834.
[I 2025-11-21 01:26:16,651] Trial 302 finished with value: 40.67972899451852 and parameters: {'n_units': 1000, 'alpha': 1.0, 'sigma_in': 0.4, 'rho': 0.6, 'tikh': 0.1, 'option': 4, 'Normalization': 1}. Best is trial 40 with value: 0.0005719184021472756.
[I 2025-11-21 01:26:58,619] Trial 311 finished with value: 0.00044835531916760375 and parameters: {'n_units': 1000, 'alpha': 0.8, 'sigma_in': 0.30000000000000004, 'rho': 0.1, 'tikh': 0.1, 'option': 3, 'Normalization': 1}. Best is trial 225 with value: 0.00013852912506990834.
[I 2025-11-21 01:27:03,687] Trial 303 finished with value: 0.0019091881011263467 and parameters: {'n_units': 1000, 'alpha': 1.0, 'sigma_in': 0.5, 'rho': 0.5, 'tikh': 0.1, 'option': 3, 'Normalization': 1}. Best is trial 40 with value: 0.0005719184021472756.
[I 2025-11-21 01:27:50,939] Trial 312 finished with value: 0.0003122137066384312 and parameters: {'n_units': 1000, 'alpha': 0.7000000000000001, 'sigma_in': 0.30000000000000004, 'rho': 0.1, 'tikh': 0.1, 'option': 3, 'Normalization': 1}. Best is trial 225 with value: 0.00013852912506990834.
[I 2025-11-21 01:27:57,496] Trial 304 finished with value: 0.0033128336901427245 and parameters: {'n_units': 1000, 'alpha': 1.0, 'sigma_in': 0.5, 'rho': 0.5, 'tikh': 0.1, 'option': 3, 'Normalization': 1}. Best is trial 40 with value: 0.0005719184021472756.
[I 2025-11-21 01:28:37,384] Trial 313 finished with value: 0.0005237523007963318 and parameters: {'n_units': 1000, 'alpha': 0.5, 'sigma_in': 0.30000000000000004, 'rho': 0.1, 'tikh': 0.1, 'option': 3, 'Normalization': 1}. Best is trial 225 with value: 0.00013852912506990834.
[I 2025-11-21 01:28:42,297] Trial 305 finished with value: 0.002753951341037464 and parameters: {'n_units': 1000, 'alpha': 1.0, 'sigma_in': 0.5, 'rho': 0.5, 'tikh': 0.1, 'option': 3, 'Normalization': 1}. Best is trial 40 with value: 0.0005719184021472756.
[I 2025-11-21 01:29:26,225] Trial 314 finished with value: 0.00036004998182761485 and parameters: {'n_units': 1000, 'alpha': 0.8, 'sigma_in': 0.30000000000000004, 'rho': 0.1, 'tikh': 0.1, 'option': 3, 'Normalization': 1}. Best is trial 225 with value: 0.00013852912506990834.
[I 2025-11-21 01:29:29,996] Trial 306 finished with value: 0.0046146472057444045 and parameters: {'n_units': 1000, 'alpha': 0.9, 'sigma_in': 0.5, 'rho': 0.5, 'tikh': 0.1, 'option': 3, 'Normalization': 1}. Best is trial 40 with value: 0.0005719184021472756.
[I 2025-11-21 01:30:59,208] Trial 315 finished with value: 12.261517397360876 and parameters: {'n_units': 3000, 'alpha': 0.8, 'sigma_in': 0.30000000000000004, 'rho': 0.1, 'tikh': 0.1, 'option': 3, 'Normalization': 1}. Best is trial 225 with value: 0.00013852912506990834.
[I 2025-11-21 01:31:01,896] Trial 307 finished with value: 137908.5919941902 and parameters: {'n_units': 3000, 'alpha': 1.0, 'sigma_in': 0.5, 'rho': 0.5, 'tikh': 0.1, 'option': 3, 'Normalization': 1}. Best is trial 40 with value: 0.0005719184021472756.
[I 2025-11-21 01:31:45,447] Trial 316 finished with value: 0.0005457502941681013 and parameters: {'n_units': 1000, 'alpha': 0.8, 'sigma_in': 0.30000000000000004, 'rho': 0.1, 'tikh': 0.1, 'option': 3, 'Normalization': 1}. Best is trial 225 with value: 0.00013852912506990834.
[I 2025-11-21 01:31:46,865] Trial 308 finished with value: 6985.08179321289 and parameters: {'n_units': 1000, 'alpha': 0.7000000000000001, 'sigma_in': 0.6, 'rho': 0.5, 'tikh': 1e-05, 'option': 3, 'Normalization': 1}. Best is trial 40 with value: 0.0005719184021472756.
[I 2025-11-21 01:32:38,499] Trial 317 finished with value: 0.0006009210250340402 and parameters: {'n_units': 1000, 'alpha': 0.7000000000000001, 'sigma_in': 0.4, 'rho': 0.1, 'tikh': 0.1, 'option': 3, 'Normalization': 1}. Best is trial 225 with value: 0.00013852912506990834.
[I 2025-11-21 01:32:40,976] Trial 309 finished with value: 0.002216021530330181 and parameters: {'n_units': 1000, 'alpha': 1.0, 'sigma_in': 0.5, 'rho': 0.5, 'tikh': 0.1, 'option': 3, 'Normalization': 1}. Best is trial 40 with value: 0.0005719184021472756.
[I 2025-11-21 01:33:25,782] Trial 310 finished with value: 13.579018552823253 and parameters: {'n_units': 1000, 'alpha': 1.0, 'sigma_in': 0.5, 'rho': 0.6, 'tikh': 0.1, 'option': 3, 'Normalization': 1}. Best is trial 40 with value: 0.0005719184021472756.
[I 2025-11-21 01:33:25,831] Trial 318 finished with value: 0.00041552942820999306 and parameters: {'n_units': 1000, 'alpha': 0.8, 'sigma_in': 0.30000000000000004, 'rho': 0.1, 'tikh': 0.1, 'option': 3, 'Normalization': 1}. Best is trial 225 with value: 0.00013852912506990834.
[I 2025-11-21 01:34:11,222] Trial 311 finished with value: 0.00246409484770993 and parameters: {'n_units': 1000, 'alpha': 1.0, 'sigma_in': 0.5, 'rho': 0.5, 'tikh': 0.1, 'option': 3, 'Normalization': 1}. Best is trial 40 with value: 0.0005719184021472756.
[I 2025-11-21 01:34:13,408] Trial 319 finished with value: 0.03342387111624703 and parameters: {'n_units': 1000, 'alpha': 0.8, 'sigma_in': 0.7000000000000001, 'rho': 0.1, 'tikh': 0.1, 'option': 3, 'Normalization': 1}. Best is trial 225 with value: 0.00013852912506990834.
[I 2025-11-21 01:34:58,624] Trial 312 finished with value: 0.0017470671547926031 and parameters: {'n_units': 1000, 'alpha': 1.0, 'sigma_in': 0.5, 'rho': 0.5, 'tikh': 0.1, 'option': 3, 'Normalization': 1}. Best is trial 40 with value: 0.0005719184021472756.
[I 2025-11-21 01:35:00,905] Trial 320 finished with value: 0.00022473969002021477 and parameters: {'n_units': 1000, 'alpha': 0.8, 'sigma_in': 0.30000000000000004, 'rho': 0.1, 'tikh': 0.1, 'option': 3, 'Normalization': 1}. Best is trial 225 with value: 0.00013852912506990834.
[I 2025-11-21 01:35:45,393] Trial 313 finished with value: 858826.6555282592 and parameters: {'n_units': 1000, 'alpha': 0.9, 'sigma_in': 0.5, 'rho': 0.5, 'tikh': 0.0001, 'option': 3, 'Normalization': 1}. Best is trial 40 with value: 0.0005719184021472756.
