[I 2025-11-20 23:11:51,645] Trial 496 finished with value: 24979.760110855103 and parameters: {'n_units': 1000, 'alpha': 1.0, 'sigma_in': 0.4, 'rho': 0.30000000000000004, 'tikh': 0.0001, 'option': 3, 'Normalization': 1}. Best is trial 494 with value: 0.00142903727828525.
[I 2025-11-20 23:13:09,936] Trial 479 finished with value: 0.4031903188675642 and parameters: {'n_units': 1000, 'alpha': 0.5, 'sigma_in': 0.4, 'rho': 0.4, 'tikh': 0.1, 'option': 4, 'Normalization': 1}. Best is trial 94 with value: 0.0037233955343253912.
[I 2025-11-20 23:15:03,096] Trial 497 finished with value: 0.0017731541593093425 and parameters: {'n_units': 1000, 'alpha': 1.0, 'sigma_in': 0.4, 'rho': 0.30000000000000004, 'tikh': 0.1, 'option': 3, 'Normalization': 1}. Best is trial 494 with value: 0.00142903727828525.
[I 2025-11-20 23:16:29,674] Trial 480 finished with value: 0.006941410503350199 and parameters: {'n_units': 1000, 'alpha': 0.5, 'sigma_in': 0.4, 'rho': 0.30000000000000004, 'tikh': 0.1, 'option': 4, 'Normalization': 1}. Best is trial 94 with value: 0.0037233955343253912.
[I 2025-11-20 23:17:03,533] Trial 498 finished with value: 0.0023523269570432602 and parameters: {'n_units': 1000, 'alpha': 1.0, 'sigma_in': 0.4, 'rho': 0.30000000000000004, 'tikh': 0.1, 'option': 3, 'Normalization': 1}. Best is trial 494 with value: 0.00142903727828525.
[I 2025-11-20 23:17:53,293] Trial 481 finished with value: 0.16960460787522608 and parameters: {'n_units': 1000, 'alpha': 0.5, 'sigma_in': 0.4, 'rho': 0.5, 'tikh': 0.1, 'option': 4, 'Normalization': 1}. Best is trial 94 with value: 0.0037233955343253912.
[I 2025-11-20 23:20:34,353] Trial 499 finished with value: 0.001803551596822217 and parameters: {'n_units': 1000, 'alpha': 1.0, 'sigma_in': 0.4, 'rho': 0.30000000000000004, 'tikh': 0.1, 'option': 3, 'Normalization': 1}. Best is trial 494 with value: 0.00142903727828525.
[I 2025-11-20 23:20:56,016] Trial 482 finished with value: 0.18719870866043492 and parameters: {'n_units': 1000, 'alpha': 0.5, 'sigma_in': 0.4, 'rho': 0.4, 'tikh': 0.1, 'option': 4, 'Normalization': 1}. Best is trial 94 with value: 0.0037233955343253912.
[I 2025-11-20 23:23:14,690] Trial 483 finished with value: 0.006436546728946268 and parameters: {'n_units': 1000, 'alpha': 0.5, 'sigma_in': 0.4, 'rho': 0.4, 'tikh': 0.1, 'option': 4, 'Normalization': 1}. Best is trial 94 with value: 0.0037233955343253912.
[I 2025-11-20 23:24:26,014] Trial 484 finished with value: 0.3769256285391748 and parameters: {'n_units': 1000, 'alpha': 0.5, 'sigma_in': 0.4, 'rho': 0.4, 'tikh': 0.1, 'option': 4, 'Normalization': 1}. Best is trial 94 with value: 0.0037233955343253912.
[I 2025-11-20 23:25:37,563] Trial 485 finished with value: 2203620.225164795 and parameters: {'n_units': 1000, 'alpha': 0.5, 'sigma_in': 0.2, 'rho': 0.30000000000000004, 'tikh': 1e-05, 'option': 4, 'Normalization': 1}. Best is trial 94 with value: 0.0037233955343253912.
[I 2025-11-20 23:27:11,320] Trial 486 finished with value: 121.26397624015809 and parameters: {'n_units': 1000, 'alpha': 0.4, 'sigma_in': 0.7000000000000001, 'rho': 0.4, 'tikh': 0.1, 'option': 5, 'Normalization': 1}. Best is trial 94 with value: 0.0037233955343253912.
[I 2025-11-20 23:28:06,169] Trial 487 finished with value: 21.08766581369564 and parameters: {'n_units': 1000, 'alpha': 0.5, 'sigma_in': 0.5, 'rho': 0.4, 'tikh': 0.1, 'option': 4, 'Normalization': 1}. Best is trial 94 with value: 0.0037233955343253912.
[I 2025-11-20 23:29:00,756] Trial 488 finished with value: 608.5433044433594 and parameters: {'n_units': 1000, 'alpha': 0.4, 'sigma_in': 0.4, 'rho': 0.4, 'tikh': 0.001, 'option': 4, 'Normalization': 1}. Best is trial 94 with value: 0.0037233955343253912.
[I 2025-11-20 23:29:52,239] Trial 489 finished with value: 0.02134091514162719 and parameters: {'n_units': 1000, 'alpha': 0.6, 'sigma_in': 0.30000000000000004, 'rho': 0.4, 'tikh': 0.1, 'option': 4, 'Normalization': 1}. Best is trial 94 with value: 0.0037233955343253912.
[I 2025-11-20 23:30:44,311] Trial 490 finished with value: 1.6669020624598487 and parameters: {'n_units': 1000, 'alpha': 0.5, 'sigma_in': 0.4, 'rho': 0.5, 'tikh': 0.1, 'option': 4, 'Normalization': 1}. Best is trial 94 with value: 0.0037233955343253912.
[I 2025-11-20 23:31:55,353] Trial 491 finished with value: 0.06415292678866535 and parameters: {'n_units': 1000, 'alpha': 0.6, 'sigma_in': 0.4, 'rho': 0.4, 'tikh': 0.1, 'option': 4, 'Normalization': 1}. Best is trial 94 with value: 0.0037233955343253912.
[I 2025-11-20 23:34:12,363] Trial 492 finished with value: 1618.1711599349976 and parameters: {'n_units': 3000, 'alpha': 0.5, 'sigma_in': 0.4, 'rho': 0.4, 'tikh': 0.1, 'option': 4, 'Normalization': 1}. Best is trial 94 with value: 0.0037233955343253912.
[I 2025-11-20 23:35:51,763] Trial 493 finished with value: 0.7666598607669585 and parameters: {'n_units': 1000, 'alpha': 0.4, 'sigma_in': 0.4, 'rho': 0.4, 'tikh': 0.1, 'option': 4, 'Normalization': 1}. Best is trial 94 with value: 0.0037233955343253912.
[I 2025-11-20 23:37:03,381] Trial 494 finished with value: 0.04745147648500279 and parameters: {'n_units': 1000, 'alpha': 0.7000000000000001, 'sigma_in': 0.4, 'rho': 0.4, 'tikh': 0.1, 'option': 4, 'Normalization': 1}. Best is trial 94 with value: 0.0037233955343253912.
[I 2025-11-20 23:38:14,461] Trial 495 finished with value: 0.006912846316117794 and parameters: {'n_units': 1000, 'alpha': 0.5, 'sigma_in': 0.4, 'rho': 0.4, 'tikh': 0.1, 'option': 4, 'Normalization': 1}. Best is trial 94 with value: 0.0037233955343253912.
[I 2025-11-20 23:39:09,675] Trial 496 finished with value: 28.852824010699987 and parameters: {'n_units': 1000, 'alpha': 0.4, 'sigma_in': 0.5, 'rho': 0.30000000000000004, 'tikh': 0.1, 'option': 4, 'Normalization': 1}. Best is trial 94 with value: 0.0037233955343253912.
[I 2025-11-20 23:40:19,039] Trial 497 finished with value: 0.214166553580435 and parameters: {'n_units': 1000, 'alpha': 0.6, 'sigma_in': 0.30000000000000004, 'rho': 0.8, 'tikh': 0.1, 'option': 4, 'Normalization': 1}. Best is trial 94 with value: 0.0037233955343253912.
[I 2025-11-20 23:41:53,656] Trial 498 finished with value: 0.04983932124450803 and parameters: {'n_units': 1000, 'alpha': 0.5, 'sigma_in': 0.4, 'rho': 0.4, 'tikh': 0.1, 'option': 3, 'Normalization': 1}. Best is trial 94 with value: 0.0037233955343253912.
[I 2025-11-20 23:42:59,001] Trial 499 finished with value: 7.352412647753954 and parameters: {'n_units': 1000, 'alpha': 0.4, 'sigma_in': 0.4, 'rho': 1.0, 'tikh': 0.1, 'option': 4, 'Normalization': 1}. Best is trial 94 with value: 0.0037233955343253912.
[Main] Finished node 1 on GPU 1: best_value=0.007444198033772409
[Main] Finished node 2 on GPU 2: best_value=0.00142903727828525
[Main] Finished node 0 on GPU 0: best_value=0.0037233955343253912
All tasks completed. Summary:
{'node_id': 1, 'gpu_id': 1, 'best_value': 0.007444198033772409, 'best_params': {'n_units': 1000, 'alpha': 0.4, 'sigma_in': 0.2, 'rho': 0.2, 'tikh': 0.1, 'option': 5, 'Normalization': 1, 'N_train': 20000, 'out_dim': 3}, 'status': 'ok'}
{'node_id': 2, 'gpu_id': 2, 'best_value': 0.00142903727828525, 'best_params': {'n_units': 1000, 'alpha': 1.0, 'sigma_in': 0.4, 'rho': 0.30000000000000004, 'tikh': 0.1, 'option': 3, 'Normalization': 1, 'N_train': 20000, 'out_dim': 3}, 'status': 'ok'}
{'node_id': 0, 'gpu_id': 0, 'best_value': 0.0037233955343253912, 'best_params': {'n_units': 1000, 'alpha': 0.9, 'sigma_in': 0.30000000000000004, 'rho': 0.8, 'tikh': 0.1, 'option': 4, 'Normalization': 1, 'N_train': 20000, 'out_dim': 3}, 'status': 'ok'}
