[I 2025-11-21 06:30:20,677] Trial 451 finished with value: 0.008982341270893812 and parameters: {'n_units': 1000, 'alpha': 0.6, 'sigma_in': 0.2, 'rho': 0.2, 'tikh': 0.1, 'option': 5, 'N_train': 20000, 'out_dim': 3, 'Normalization': 1}. Best is trial 325 with value: 0.0013011088012717664.
[I 2025-11-21 06:31:17,690] Trial 452 finished with value: 3.6399288512999193 and parameters: {'n_units': 1000, 'alpha': 0.6, 'sigma_in': 0.30000000000000004, 'rho': 0.2, 'tikh': 0.1, 'option': 5, 'N_train': 20000, 'out_dim': 3, 'Normalization': 1}. Best is trial 325 with value: 0.0013011088012717664.
[I 2025-11-21 06:32:12,977] Trial 453 finished with value: 5.07647967338562 and parameters: {'n_units': 1000, 'alpha': 0.6, 'sigma_in': 0.2, 'rho': 0.2, 'tikh': 0.1, 'option': 2, 'N_train': 20000, 'out_dim': 3, 'Normalization': 1}. Best is trial 325 with value: 0.0013011088012717664.
[I 2025-11-21 06:33:10,510] Trial 454 finished with value: 0.003704136540181935 and parameters: {'n_units': 1000, 'alpha': 0.6, 'sigma_in': 0.2, 'rho': 0.2, 'tikh': 0.1, 'option': 5, 'N_train': 20000, 'out_dim': 3, 'Normalization': 1}. Best is trial 325 with value: 0.0013011088012717664.
[I 2025-11-21 06:34:06,290] Trial 455 finished with value: 7122.353027725219 and parameters: {'n_units': 1000, 'alpha': 0.6, 'sigma_in': 0.2, 'rho': 0.2, 'tikh': 1e-10, 'option': 5, 'N_train': 20000, 'out_dim': 3, 'Normalization': 1}. Best is trial 325 with value: 0.0013011088012717664.
[I 2025-11-21 06:35:01,456] Trial 456 finished with value: 0.5026725141447969 and parameters: {'n_units': 1000, 'alpha': 0.6, 'sigma_in': 0.2, 'rho': 0.30000000000000004, 'tikh': 0.1, 'option': 5, 'N_train': 20000, 'out_dim': 3, 'Normalization': 1}. Best is trial 325 with value: 0.0013011088012717664.
[I 2025-11-21 06:35:59,490] Trial 457 finished with value: 36594.310943412784 and parameters: {'n_units': 1000, 'alpha': 0.6, 'sigma_in': 0.2, 'rho': 0.2, 'tikh': 1e-09, 'option': 5, 'N_train': 20000, 'out_dim': 3, 'Normalization': 1}. Best is trial 325 with value: 0.0013011088012717664.
[I 2025-11-21 06:36:55,571] Trial 458 finished with value: 3.0749536499381067 and parameters: {'n_units': 1000, 'alpha': 0.6, 'sigma_in': 0.7000000000000001, 'rho': 0.2, 'tikh': 0.1, 'option': 3, 'N_train': 20000, 'out_dim': 3, 'Normalization': 1}. Best is trial 325 with value: 0.0013011088012717664.
[I 2025-11-21 06:37:52,386] Trial 459 finished with value: 0.004058413626626134 and parameters: {'n_units': 1000, 'alpha': 0.6, 'sigma_in': 0.2, 'rho': 0.2, 'tikh': 0.1, 'option': 5, 'N_train': 20000, 'out_dim': 3, 'Normalization': 1}. Best is trial 325 with value: 0.0013011088012717664.
[I 2025-11-21 06:38:47,670] Trial 460 finished with value: 0.003946291352622211 and parameters: {'n_units': 1000, 'alpha': 0.6, 'sigma_in': 0.2, 'rho': 0.2, 'tikh': 0.1, 'option': 5, 'N_train': 20000, 'out_dim': 3, 'Normalization': 1}. Best is trial 325 with value: 0.0013011088012717664.
[I 2025-11-21 06:39:42,649] Trial 461 finished with value: 169.0994927406311 and parameters: {'n_units': 1000, 'alpha': 0.6, 'sigma_in': 1.0, 'rho': 0.6, 'tikh': 0.1, 'option': 5, 'N_train': 20000, 'out_dim': 3, 'Normalization': 1}. Best is trial 325 with value: 0.0013011088012717664.
[I 2025-11-21 06:40:35,188] Trial 462 finished with value: 2702.9869491577147 and parameters: {'n_units': 1000, 'alpha': 0.6, 'sigma_in': 0.2, 'rho': 0.2, 'tikh': 1e-08, 'option': 4, 'N_train': 20000, 'out_dim': 3, 'Normalization': 1}. Best is trial 325 with value: 0.0013011088012717664.
[I 2025-11-21 06:41:32,457] Trial 463 finished with value: 0.004160821333061904 and parameters: {'n_units': 1000, 'alpha': 0.6, 'sigma_in': 0.2, 'rho': 0.2, 'tikh': 0.1, 'option': 5, 'N_train': 20000, 'out_dim': 3, 'Normalization': 1}. Best is trial 325 with value: 0.0013011088012717664.
[I 2025-11-21 06:42:28,036] Trial 464 finished with value: 0.003171616047620773 and parameters: {'n_units': 1000, 'alpha': 0.6, 'sigma_in': 0.2, 'rho': 0.2, 'tikh': 0.1, 'option': 5, 'N_train': 20000, 'out_dim': 3, 'Normalization': 1}. Best is trial 325 with value: 0.0013011088012717664.
[I 2025-11-21 06:43:23,802] Trial 465 finished with value: 12647.918202972412 and parameters: {'n_units': 1000, 'alpha': 0.6, 'sigma_in': 0.2, 'rho': 0.2, 'tikh': 0.001, 'option': 5, 'N_train': 20000, 'out_dim': 3, 'Normalization': 1}. Best is trial 325 with value: 0.0013011088012717664.
[I 2025-11-21 06:44:20,312] Trial 466 finished with value: 0.014329679729416966 and parameters: {'n_units': 1000, 'alpha': 0.6, 'sigma_in': 0.2, 'rho': 0.2, 'tikh': 0.1, 'option': 5, 'N_train': 20000, 'out_dim': 3, 'Normalization': 1}. Best is trial 325 with value: 0.0013011088012717664.
[I 2025-11-21 06:45:18,254] Trial 467 finished with value: 385.08081941604615 and parameters: {'n_units': 1000, 'alpha': 0.6, 'sigma_in': 0.8, 'rho': 0.2, 'tikh': 1e-05, 'option': 5, 'N_train': 20000, 'out_dim': 3, 'Normalization': 1}. Best is trial 325 with value: 0.0013011088012717664.
[I 2025-11-21 06:46:14,732] Trial 468 finished with value: 0.9516284455778077 and parameters: {'n_units': 1000, 'alpha': 0.6, 'sigma_in': 0.30000000000000004, 'rho': 0.2, 'tikh': 0.1, 'option': 5, 'N_train': 20000, 'out_dim': 3, 'Normalization': 1}. Best is trial 325 with value: 0.0013011088012717664.
[I 2025-11-21 06:47:08,586] Trial 469 finished with value: 1.4271755635738372 and parameters: {'n_units': 1000, 'alpha': 0.6, 'sigma_in': 0.2, 'rho': 0.30000000000000004, 'tikh': 0.1, 'option': 5, 'N_train': 20000, 'out_dim': 3, 'Normalization': 1}. Best is trial 325 with value: 0.0013011088012717664.
[I 2025-11-21 06:48:06,458] Trial 470 finished with value: 0.00900312081212178 and parameters: {'n_units': 1000, 'alpha': 0.6, 'sigma_in': 0.2, 'rho': 0.2, 'tikh': 0.1, 'option': 5, 'N_train': 20000, 'out_dim': 3, 'Normalization': 1}. Best is trial 325 with value: 0.0013011088012717664.
[I 2025-11-21 06:49:03,285] Trial 471 finished with value: 0.004582929401658475 and parameters: {'n_units': 1000, 'alpha': 0.6, 'sigma_in': 0.2, 'rho': 0.2, 'tikh': 0.1, 'option': 5, 'N_train': 20000, 'out_dim': 3, 'Normalization': 1}. Best is trial 325 with value: 0.0013011088012717664.
[I 2025-11-21 06:49:57,755] Trial 472 finished with value: 1126.113175201416 and parameters: {'n_units': 1000, 'alpha': 0.6, 'sigma_in': 0.30000000000000004, 'rho': 0.2, 'tikh': 0.0001, 'option': 5, 'N_train': 20000, 'out_dim': 3, 'Normalization': 1}. Best is trial 325 with value: 0.0013011088012717664.
[I 2025-11-21 06:50:52,061] Trial 473 finished with value: 526.518140411377 and parameters: {'n_units': 1000, 'alpha': 0.6, 'sigma_in': 0.6, 'rho': 0.30000000000000004, 'tikh': 1e-06, 'option': 5, 'N_train': 20000, 'out_dim': 3, 'Normalization': 1}. Best is trial 325 with value: 0.0013011088012717664.
[I 2025-11-21 06:51:48,608] Trial 474 finished with value: 0.009367802343331278 and parameters: {'n_units': 1000, 'alpha': 0.6, 'sigma_in': 0.2, 'rho': 0.2, 'tikh': 0.1, 'option': 5, 'N_train': 20000, 'out_dim': 3, 'Normalization': 1}. Best is trial 325 with value: 0.0013011088012717664.
[I 2025-11-21 06:52:44,656] Trial 475 finished with value: 0.6023605133173987 and parameters: {'n_units': 1000, 'alpha': 0.6, 'sigma_in': 0.2, 'rho': 0.2, 'tikh': 0.1, 'option': 5, 'N_train': 20000, 'out_dim': 3, 'Normalization': 1}. Best is trial 325 with value: 0.0013011088012717664.
[I 2025-11-21 06:53:39,162] Trial 476 finished with value: 0.008418313489528373 and parameters: {'n_units': 1000, 'alpha': 0.6, 'sigma_in': 0.2, 'rho': 0.2, 'tikh': 0.1, 'option': 5, 'N_train': 20000, 'out_dim': 3, 'Normalization': 1}. Best is trial 325 with value: 0.0013011088012717664.
[I 2025-11-21 06:54:36,948] Trial 477 finished with value: 0.006402856414206326 and parameters: {'n_units': 1000, 'alpha': 0.5, 'sigma_in': 0.2, 'rho': 0.2, 'tikh': 0.1, 'option': 5, 'N_train': 20000, 'out_dim': 3, 'Normalization': 1}. Best is trial 325 with value: 0.0013011088012717664.
[I 2025-11-21 06:55:33,309] Trial 478 finished with value: 1924.1969902038575 and parameters: {'n_units': 1000, 'alpha': 0.6, 'sigma_in': 0.2, 'rho': 0.2, 'tikh': 1e-07, 'option': 5, 'N_train': 20000, 'out_dim': 3, 'Normalization': 1}. Best is trial 325 with value: 0.0013011088012717664.
[I 2025-11-21 06:56:29,468] Trial 479 finished with value: 227.299725484848 and parameters: {'n_units': 1000, 'alpha': 0.6, 'sigma_in': 0.9, 'rho': 0.2, 'tikh': 0.1, 'option': 2, 'N_train': 20000, 'out_dim': 3, 'Normalization': 1}. Best is trial 325 with value: 0.0013011088012717664.
[I 2025-11-21 06:57:24,775] Trial 480 finished with value: 0.026186340767890216 and parameters: {'n_units': 1000, 'alpha': 0.6, 'sigma_in': 0.2, 'rho': 0.2, 'tikh': 0.1, 'option': 5, 'N_train': 20000, 'out_dim': 3, 'Normalization': 1}. Best is trial 325 with value: 0.0013011088012717664.
[I 2025-11-21 06:58:23,158] Trial 481 finished with value: 144.40717438459396 and parameters: {'n_units': 1000, 'alpha': 0.5, 'sigma_in': 0.2, 'rho': 0.2, 'tikh': 0.01, 'option': 5, 'N_train': 20000, 'out_dim': 3, 'Normalization': 1}. Best is trial 325 with value: 0.0013011088012717664.
[I 2025-11-21 06:59:19,325] Trial 482 finished with value: 0.08639762187376618 and parameters: {'n_units': 1000, 'alpha': 0.6, 'sigma_in': 0.2, 'rho': 0.2, 'tikh': 0.1, 'option': 5, 'N_train': 20000, 'out_dim': 3, 'Normalization': 1}. Best is trial 325 with value: 0.0013011088012717664.
[I 2025-11-21 07:00:15,384] Trial 483 finished with value: 3.9148201167583467 and parameters: {'n_units': 1000, 'alpha': 0.6, 'sigma_in': 0.2, 'rho': 0.2, 'tikh': 0.1, 'option': 3, 'N_train': 20000, 'out_dim': 3, 'Normalization': 1}. Best is trial 325 with value: 0.0013011088012717664.
[I 2025-11-21 07:01:10,965] Trial 484 finished with value: 0.0039170604897662996 and parameters: {'n_units': 1000, 'alpha': 0.6, 'sigma_in': 0.2, 'rho': 0.2, 'tikh': 0.1, 'option': 5, 'N_train': 20000, 'out_dim': 3, 'Normalization': 1}. Best is trial 325 with value: 0.0013011088012717664.
[I 2025-11-21 07:02:04,675] Trial 485 finished with value: 1.1389779324177653 and parameters: {'n_units': 1000, 'alpha': 0.5, 'sigma_in': 0.2, 'rho': 0.30000000000000004, 'tikh': 0.1, 'option': 5, 'N_train': 20000, 'out_dim': 3, 'Normalization': 1}. Best is trial 325 with value: 0.0013011088012717664.
[I 2025-11-21 07:02:58,839] Trial 486 finished with value: 0.9053507353819441 and parameters: {'n_units': 1000, 'alpha': 0.5, 'sigma_in': 0.30000000000000004, 'rho': 0.2, 'tikh': 0.1, 'option': 5, 'N_train': 20000, 'out_dim': 3, 'Normalization': 1}. Best is trial 325 with value: 0.0013011088012717664.
[I 2025-11-21 07:03:55,665] Trial 487 finished with value: 5.042867422103882 and parameters: {'n_units': 1000, 'alpha': 0.6, 'sigma_in': 0.2, 'rho': 0.4, 'tikh': 0.1, 'option': 4, 'N_train': 20000, 'out_dim': 3, 'Normalization': 1}. Best is trial 325 with value: 0.0013011088012717664.
[I 2025-11-21 07:04:51,061] Trial 488 finished with value: 4057.478215789795 and parameters: {'n_units': 1000, 'alpha': 0.6, 'sigma_in': 0.2, 'rho': 0.2, 'tikh': 1e-10, 'option': 5, 'N_train': 20000, 'out_dim': 3, 'Normalization': 1}. Best is trial 325 with value: 0.0013011088012717664.
[I 2025-11-21 07:05:46,009] Trial 489 finished with value: 172.0773086618632 and parameters: {'n_units': 1000, 'alpha': 0.6, 'sigma_in': 0.4, 'rho': 0.2, 'tikh': 0.1, 'option': 5, 'N_train': 20000, 'out_dim': 3, 'Normalization': 1}. Best is trial 325 with value: 0.0013011088012717664.
[I 2025-11-21 07:06:44,559] Trial 490 finished with value: 192723.67902908326 and parameters: {'n_units': 1000, 'alpha': 0.6, 'sigma_in': 0.2, 'rho': 0.2, 'tikh': 1e-09, 'option': 5, 'N_train': 20000, 'out_dim': 3, 'Normalization': 1}. Best is trial 325 with value: 0.0013011088012717664.
[I 2025-11-21 07:07:39,664] Trial 491 finished with value: 0.005059676768723875 and parameters: {'n_units': 1000, 'alpha': 0.5, 'sigma_in': 0.2, 'rho': 0.2, 'tikh': 0.1, 'option': 5, 'N_train': 20000, 'out_dim': 3, 'Normalization': 1}. Best is trial 325 with value: 0.0013011088012717664.
[I 2025-11-21 07:08:30,454] Trial 492 finished with value: 53.563430005311965 and parameters: {'n_units': 1000, 'alpha': 0.6, 'sigma_in': 0.5, 'rho': 0.30000000000000004, 'tikh': 0.1, 'option': 5, 'N_train': 20000, 'out_dim': 3, 'Normalization': 1}. Best is trial 325 with value: 0.0013011088012717664.
[I 2025-11-21 07:09:20,774] Trial 493 finished with value: 0.0027596158790402113 and parameters: {'n_units': 1000, 'alpha': 0.6, 'sigma_in': 0.2, 'rho': 0.2, 'tikh': 0.1, 'option': 5, 'N_train': 20000, 'out_dim': 3, 'Normalization': 1}. Best is trial 325 with value: 0.0013011088012717664.
[I 2025-11-21 07:10:11,699] Trial 494 finished with value: 0.012346820207312703 and parameters: {'n_units': 1000, 'alpha': 0.6, 'sigma_in': 0.2, 'rho': 0.2, 'tikh': 0.1, 'option': 5, 'N_train': 20000, 'out_dim': 3, 'Normalization': 1}. Best is trial 325 with value: 0.0013011088012717664.
[I 2025-11-21 07:11:02,240] Trial 495 finished with value: 1.1001788657158613 and parameters: {'n_units': 1000, 'alpha': 0.5, 'sigma_in': 0.30000000000000004, 'rho': 0.2, 'tikh': 0.1, 'option': 5, 'N_train': 20000, 'out_dim': 3, 'Normalization': 1}. Best is trial 325 with value: 0.0013011088012717664.
[I 2025-11-21 07:11:52,310] Trial 496 finished with value: 580.9216690063477 and parameters: {'n_units': 1000, 'alpha': 0.6, 'sigma_in': 0.2, 'rho': 0.2, 'tikh': 1e-08, 'option': 5, 'N_train': 20000, 'out_dim': 3, 'Normalization': 1}. Best is trial 325 with value: 0.0013011088012717664.
[I 2025-11-21 07:12:42,092] Trial 497 finished with value: 0.008544809580780566 and parameters: {'n_units': 1000, 'alpha': 0.6, 'sigma_in': 0.2, 'rho': 0.2, 'tikh': 0.1, 'option': 5, 'N_train': 20000, 'out_dim': 3, 'Normalization': 1}. Best is trial 325 with value: 0.0013011088012717664.
[I 2025-11-21 07:13:31,999] Trial 498 finished with value: 289218.4505477905 and parameters: {'n_units': 1000, 'alpha': 0.6, 'sigma_in': 0.2, 'rho': 0.2, 'tikh': 1e-05, 'option': 5, 'N_train': 20000, 'out_dim': 3, 'Normalization': 1}. Best is trial 325 with value: 0.0013011088012717664.
[I 2025-11-21 07:14:22,012] Trial 499 finished with value: 534.1752836704254 and parameters: {'n_units': 1000, 'alpha': 0.5, 'sigma_in': 0.2, 'rho': 0.2, 'tikh': 0.001, 'option': 5, 'N_train': 20000, 'out_dim': 3, 'Normalization': 1}. Best is trial 325 with value: 0.0013011088012717664.
Study finished.

Best Hyperparameters: {'n_units': 1000, 'alpha': 0.6, 'sigma_in': 0.1, 'rho': 0.1, 'tikh': 0.1, 'option': 5, 'N_train': 20000, 'out_dim': 3, 'Normalization': 1}
Lowest Loss: 0.0013011088012717664

Best Hyperparameters: {'n_units': 1000, 'alpha': 0.6, 'sigma_in': 0.1, 'rho': 0.1, 'tikh': 0.1, 'option': 5, 'N_train': 20000, 'out_dim': 3, 'Normalization': 1}
Training_Loss with best hyperparameters: 0.014276251
Test_Loss with best hyperparameters: 0.000435731
第0个节点在25步的MSE: 0.00015271760639734566
第1个节点在25步的MSE: 1.0564696788787842
第2个节点在25步的MSE: 0.9052954912185669
第3个节点在25步的MSE: 2.211304187774658
第4个节点在25步的MSE: 5.616459369659424
