[I 2025-11-21 01:18:34,073] Trial 298 finished with value: 288.0956512451172 and parameters: {'n_units': 1000, 'alpha': 0.30000000000000004, 'sigma_in': 0.4, 'rho': 0.1, 'tikh': 1e-06, 'option': 3, 'N_train': 20000, 'out_dim': 3, 'Normalization': 1}. Best is trial 171 with value: 0.2815542325377464.
[I 2025-11-21 01:19:23,642] Trial 299 finished with value: 2.402413734793663 and parameters: {'n_units': 1000, 'alpha': 0.30000000000000004, 'sigma_in': 0.5, 'rho': 0.1, 'tikh': 0.1, 'option': 3, 'N_train': 20000, 'out_dim': 3, 'Normalization': 1}. Best is trial 171 with value: 0.2815542325377464.
[I 2025-11-21 01:20:12,793] Trial 300 finished with value: 0.4760500267148018 and parameters: {'n_units': 1000, 'alpha': 0.30000000000000004, 'sigma_in': 0.4, 'rho': 0.1, 'tikh': 0.1, 'option': 3, 'N_train': 20000, 'out_dim': 3, 'Normalization': 1}. Best is trial 171 with value: 0.2815542325377464.
[I 2025-11-21 01:21:04,642] Trial 301 finished with value: 0.36651028096675875 and parameters: {'n_units': 1000, 'alpha': 0.30000000000000004, 'sigma_in': 0.4, 'rho': 0.1, 'tikh': 0.1, 'option': 3, 'N_train': 20000, 'out_dim': 3, 'Normalization': 1}. Best is trial 171 with value: 0.2815542325377464.
[I 2025-11-21 01:22:33,199] Trial 302 finished with value: 31.630418276786806 and parameters: {'n_units': 2000, 'alpha': 0.30000000000000004, 'sigma_in': 0.4, 'rho': 0.1, 'tikh': 0.001, 'option': 3, 'N_train': 20000, 'out_dim': 3, 'Normalization': 1}. Best is trial 171 with value: 0.2815542325377464.
[I 2025-11-21 01:23:25,035] Trial 303 finished with value: 1.7304421246051789 and parameters: {'n_units': 1000, 'alpha': 0.30000000000000004, 'sigma_in': 0.30000000000000004, 'rho': 0.2, 'tikh': 0.1, 'option': 3, 'N_train': 20000, 'out_dim': 3, 'Normalization': 1}. Best is trial 171 with value: 0.2815542325377464.
[I 2025-11-21 01:24:16,844] Trial 304 finished with value: 458.96769123077394 and parameters: {'n_units': 1000, 'alpha': 0.2, 'sigma_in': 0.4, 'rho': 0.1, 'tikh': 1e-07, 'option': 3, 'N_train': 20000, 'out_dim': 3, 'Normalization': 1}. Best is trial 171 with value: 0.2815542325377464.
[I 2025-11-21 01:25:08,824] Trial 305 finished with value: 436.32718696594236 and parameters: {'n_units': 1000, 'alpha': 0.30000000000000004, 'sigma_in': 0.4, 'rho': 0.1, 'tikh': 1e-08, 'option': 3, 'N_train': 20000, 'out_dim': 3, 'Normalization': 1}. Best is trial 171 with value: 0.2815542325377464.
[I 2025-11-21 01:25:57,816] Trial 306 finished with value: 0.6781389623880386 and parameters: {'n_units': 1000, 'alpha': 0.30000000000000004, 'sigma_in': 0.4, 'rho': 0.1, 'tikh': 0.1, 'option': 3, 'N_train': 20000, 'out_dim': 3, 'Normalization': 1}. Best is trial 171 with value: 0.2815542325377464.
[I 2025-11-21 01:26:58,283] Trial 307 finished with value: 0.3126289337873459 and parameters: {'n_units': 1000, 'alpha': 0.30000000000000004, 'sigma_in': 0.4, 'rho': 0.1, 'tikh': 0.1, 'option': 3, 'N_train': 20000, 'out_dim': 3, 'Normalization': 1}. Best is trial 171 with value: 0.2815542325377464.
[I 2025-11-21 01:27:59,951] Trial 308 finished with value: 0.6565913021564483 and parameters: {'n_units': 1000, 'alpha': 0.2, 'sigma_in': 0.4, 'rho': 0.1, 'tikh': 0.1, 'option': 3, 'N_train': 20000, 'out_dim': 3, 'Normalization': 1}. Best is trial 171 with value: 0.2815542325377464.
[I 2025-11-21 01:28:50,924] Trial 309 finished with value: 0.5236143946647644 and parameters: {'n_units': 1000, 'alpha': 0.30000000000000004, 'sigma_in': 0.4, 'rho': 0.1, 'tikh': 0.1, 'option': 3, 'N_train': 20000, 'out_dim': 3, 'Normalization': 1}. Best is trial 171 with value: 0.2815542325377464.
[I 2025-11-21 01:29:43,082] Trial 310 finished with value: 27.316020250320435 and parameters: {'n_units': 1000, 'alpha': 0.30000000000000004, 'sigma_in': 0.5, 'rho': 0.1, 'tikh': 1e-09, 'option': 3, 'N_train': 20000, 'out_dim': 3, 'Normalization': 1}. Best is trial 171 with value: 0.2815542325377464.
[I 2025-11-21 01:30:46,426] Trial 311 finished with value: 0.8444218938471749 and parameters: {'n_units': 1000, 'alpha': 0.2, 'sigma_in': 0.4, 'rho': 0.1, 'tikh': 0.1, 'option': 5, 'N_train': 20000, 'out_dim': 3, 'Normalization': 1}. Best is trial 171 with value: 0.2815542325377464.
[I 2025-11-21 01:31:39,680] Trial 312 finished with value: 1.4320298451930285 and parameters: {'n_units': 1000, 'alpha': 0.30000000000000004, 'sigma_in': 0.6, 'rho': 0.1, 'tikh': 0.1, 'option': 3, 'N_train': 20000, 'out_dim': 3, 'Normalization': 1}. Best is trial 171 with value: 0.2815542325377464.
[I 2025-11-21 01:32:40,828] Trial 313 finished with value: 197.46069676876067 and parameters: {'n_units': 1000, 'alpha': 0.30000000000000004, 'sigma_in': 0.30000000000000004, 'rho': 0.1, 'tikh': 0.01, 'option': 3, 'N_train': 20000, 'out_dim': 3, 'Normalization': 1}. Best is trial 171 with value: 0.2815542325377464.
[I 2025-11-21 01:33:29,618] Trial 314 finished with value: 3.1275394320487977 and parameters: {'n_units': 1000, 'alpha': 0.30000000000000004, 'sigma_in': 0.4, 'rho': 0.1, 'tikh': 0.1, 'option': 2, 'N_train': 20000, 'out_dim': 3, 'Normalization': 1}. Best is trial 171 with value: 0.2815542325377464.
[I 2025-11-21 01:34:20,798] Trial 315 finished with value: 0.6468209490180016 and parameters: {'n_units': 1000, 'alpha': 0.30000000000000004, 'sigma_in': 0.4, 'rho': 0.2, 'tikh': 0.1, 'option': 3, 'N_train': 20000, 'out_dim': 3, 'Normalization': 1}. Best is trial 171 with value: 0.2815542325377464.
[I 2025-11-21 01:35:14,077] Trial 316 finished with value: 0.3959301173686981 and parameters: {'n_units': 1000, 'alpha': 0.30000000000000004, 'sigma_in': 0.4, 'rho': 0.1, 'tikh': 0.1, 'option': 3, 'N_train': 20000, 'out_dim': 3, 'Normalization': 1}. Best is trial 171 with value: 0.2815542325377464.
[I 2025-11-21 01:36:04,768] Trial 317 finished with value: 0.33741327971220014 and parameters: {'n_units': 1000, 'alpha': 0.30000000000000004, 'sigma_in': 0.4, 'rho': 0.1, 'tikh': 0.1, 'option': 3, 'N_train': 20000, 'out_dim': 3, 'Normalization': 1}. Best is trial 171 with value: 0.2815542325377464.
[I 2025-11-21 01:36:53,327] Trial 318 finished with value: 428.19497606754305 and parameters: {'n_units': 1000, 'alpha': 0.30000000000000004, 'sigma_in': 0.4, 'rho': 0.1, 'tikh': 1e-10, 'option': 3, 'N_train': 20000, 'out_dim': 3, 'Normalization': 1}. Best is trial 171 with value: 0.2815542325377464.
[I 2025-11-21 01:37:52,955] Trial 319 finished with value: 46.7312759633176 and parameters: {'n_units': 1000, 'alpha': 0.30000000000000004, 'sigma_in': 0.4, 'rho': 0.1, 'tikh': 1e-05, 'option': 3, 'N_train': 20000, 'out_dim': 3, 'Normalization': 1}. Best is trial 171 with value: 0.2815542325377464.
[I 2025-11-21 01:38:45,225] Trial 320 finished with value: 0.4385188028216362 and parameters: {'n_units': 1000, 'alpha': 0.30000000000000004, 'sigma_in': 0.4, 'rho': 0.1, 'tikh': 0.1, 'option': 3, 'N_train': 20000, 'out_dim': 3, 'Normalization': 1}. Best is trial 171 with value: 0.2815542325377464.
[I 2025-11-21 01:39:39,757] Trial 321 finished with value: 6.2199920326471325 and parameters: {'n_units': 1000, 'alpha': 0.2, 'sigma_in': 0.8, 'rho': 0.1, 'tikh': 0.1, 'option': 3, 'N_train': 20000, 'out_dim': 3, 'Normalization': 1}. Best is trial 171 with value: 0.2815542325377464.
[I 2025-11-21 01:40:29,747] Trial 322 finished with value: 1.3942676804959775 and parameters: {'n_units': 1000, 'alpha': 0.1, 'sigma_in': 0.5, 'rho': 0.1, 'tikh': 0.1, 'option': 3, 'N_train': 20000, 'out_dim': 3, 'Normalization': 1}. Best is trial 171 with value: 0.2815542325377464.
[I 2025-11-21 01:41:18,807] Trial 323 finished with value: 0.5971141889691353 and parameters: {'n_units': 1000, 'alpha': 0.30000000000000004, 'sigma_in': 0.4, 'rho': 0.1, 'tikh': 0.1, 'option': 3, 'N_train': 20000, 'out_dim': 3, 'Normalization': 1}. Best is trial 171 with value: 0.2815542325377464.
[I 2025-11-21 01:42:12,843] Trial 324 finished with value: 1.0024916380643845 and parameters: {'n_units': 1000, 'alpha': 0.30000000000000004, 'sigma_in': 0.4, 'rho': 0.2, 'tikh': 0.1, 'option': 3, 'N_train': 20000, 'out_dim': 3, 'Normalization': 1}. Best is trial 171 with value: 0.2815542325377464.
[I 2025-11-21 01:43:04,030] Trial 325 finished with value: 0.7169518649578095 and parameters: {'n_units': 1000, 'alpha': 0.30000000000000004, 'sigma_in': 0.30000000000000004, 'rho': 0.1, 'tikh': 0.1, 'option': 3, 'N_train': 20000, 'out_dim': 3, 'Normalization': 1}. Best is trial 171 with value: 0.2815542325377464.
[I 2025-11-21 01:43:54,481] Trial 326 finished with value: 0.601691734790802 and parameters: {'n_units': 1000, 'alpha': 0.30000000000000004, 'sigma_in': 0.4, 'rho': 0.1, 'tikh': 0.1, 'option': 3, 'N_train': 20000, 'out_dim': 3, 'Normalization': 1}. Best is trial 171 with value: 0.2815542325377464.
[I 2025-11-21 01:44:43,821] Trial 327 finished with value: 0.3349910080432892 and parameters: {'n_units': 1000, 'alpha': 0.30000000000000004, 'sigma_in': 0.4, 'rho': 0.1, 'tikh': 0.1, 'option': 3, 'N_train': 20000, 'out_dim': 3, 'Normalization': 1}. Best is trial 171 with value: 0.2815542325377464.
[I 2025-11-21 01:45:32,398] Trial 328 finished with value: 0.3516323804855347 and parameters: {'n_units': 1000, 'alpha': 0.30000000000000004, 'sigma_in': 0.4, 'rho': 0.1, 'tikh': 0.1, 'option': 3, 'N_train': 20000, 'out_dim': 3, 'Normalization': 1}. Best is trial 171 with value: 0.2815542325377464.
[I 2025-11-21 01:46:23,983] Trial 329 finished with value: 113850.85976982117 and parameters: {'n_units': 1000, 'alpha': 0.30000000000000004, 'sigma_in': 0.5, 'rho': 0.1, 'tikh': 1e-06, 'option': 3, 'N_train': 20000, 'out_dim': 3, 'Normalization': 1}. Best is trial 171 with value: 0.2815542325377464.
[I 2025-11-21 01:47:19,279] Trial 330 finished with value: 0.3642212778329849 and parameters: {'n_units': 1000, 'alpha': 0.30000000000000004, 'sigma_in': 0.4, 'rho': 0.1, 'tikh': 0.1, 'option': 3, 'N_train': 20000, 'out_dim': 3, 'Normalization': 1}. Best is trial 171 with value: 0.2815542325377464.
[I 2025-11-21 01:48:10,080] Trial 331 finished with value: 36.26764316558838 and parameters: {'n_units': 1000, 'alpha': 0.30000000000000004, 'sigma_in': 0.4, 'rho': 0.1, 'tikh': 0.0001, 'option': 3, 'N_train': 20000, 'out_dim': 3, 'Normalization': 1}. Best is trial 171 with value: 0.2815542325377464.
[I 2025-11-21 01:49:00,639] Trial 332 finished with value: 1.5144428357481956 and parameters: {'n_units': 1000, 'alpha': 0.2, 'sigma_in': 0.4, 'rho': 0.1, 'tikh': 0.1, 'option': 3, 'N_train': 20000, 'out_dim': 3, 'Normalization': 1}. Best is trial 171 with value: 0.2815542325377464.
[I 2025-11-21 01:49:51,701] Trial 333 finished with value: 1.0241781450808047 and parameters: {'n_units': 1000, 'alpha': 0.30000000000000004, 'sigma_in': 0.4, 'rho': 0.2, 'tikh': 0.1, 'option': 3, 'N_train': 20000, 'out_dim': 3, 'Normalization': 1}. Best is trial 171 with value: 0.2815542325377464.
[I 2025-11-21 01:50:42,816] Trial 334 finished with value: 30.928930234909057 and parameters: {'n_units': 1000, 'alpha': 0.30000000000000004, 'sigma_in': 0.4, 'rho': 0.1, 'tikh': 0.001, 'option': 3, 'N_train': 20000, 'out_dim': 3, 'Normalization': 1}. Best is trial 171 with value: 0.2815542325377464.
[I 2025-11-21 01:51:50,355] Trial 335 finished with value: 9.890585696697235 and parameters: {'n_units': 2000, 'alpha': 0.2, 'sigma_in': 0.4, 'rho': 0.1, 'tikh': 0.1, 'option': 5, 'N_train': 20000, 'out_dim': 3, 'Normalization': 1}. Best is trial 171 with value: 0.2815542325377464.
[I 2025-11-21 01:52:41,502] Trial 336 finished with value: 4704.478195846081 and parameters: {'n_units': 1000, 'alpha': 0.30000000000000004, 'sigma_in': 0.30000000000000004, 'rho': 0.1, 'tikh': 1e-07, 'option': 3, 'N_train': 20000, 'out_dim': 3, 'Normalization': 1}. Best is trial 171 with value: 0.2815542325377464.
[I 2025-11-21 01:53:58,070] Trial 337 finished with value: 2271.2562480151655 and parameters: {'n_units': 3000, 'alpha': 0.30000000000000004, 'sigma_in': 0.4, 'rho': 0.1, 'tikh': 0.1, 'option': 3, 'N_train': 20000, 'out_dim': 3, 'Normalization': 1}. Best is trial 171 with value: 0.2815542325377464.
[I 2025-11-21 01:54:49,481] Trial 338 finished with value: 2.973912951722741 and parameters: {'n_units': 1000, 'alpha': 0.30000000000000004, 'sigma_in': 0.4, 'rho': 0.1, 'tikh': 0.1, 'option': 2, 'N_train': 20000, 'out_dim': 3, 'Normalization': 1}. Best is trial 171 with value: 0.2815542325377464.
[I 2025-11-21 01:55:40,806] Trial 339 finished with value: 129.04130373001098 and parameters: {'n_units': 1000, 'alpha': 0.30000000000000004, 'sigma_in': 0.4, 'rho': 0.1, 'tikh': 1e-08, 'option': 3, 'N_train': 20000, 'out_dim': 3, 'Normalization': 1}. Best is trial 171 with value: 0.2815542325377464.
[I 2025-11-21 01:56:32,805] Trial 340 finished with value: 0.33599514663219454 and parameters: {'n_units': 1000, 'alpha': 0.30000000000000004, 'sigma_in': 0.4, 'rho': 0.1, 'tikh': 0.1, 'option': 3, 'N_train': 20000, 'out_dim': 3, 'Normalization': 1}. Best is trial 171 with value: 0.2815542325377464.
[I 2025-11-21 01:57:23,728] Trial 341 finished with value: 0.4967878356575966 and parameters: {'n_units': 1000, 'alpha': 0.30000000000000004, 'sigma_in': 0.4, 'rho': 0.1, 'tikh': 0.1, 'option': 3, 'N_train': 20000, 'out_dim': 3, 'Normalization': 1}. Best is trial 171 with value: 0.2815542325377464.
[I 2025-11-21 01:58:15,608] Trial 342 finished with value: 1.8057972580194472 and parameters: {'n_units': 1000, 'alpha': 0.30000000000000004, 'sigma_in': 0.5, 'rho': 0.1, 'tikh': 0.1, 'option': 3, 'N_train': 20000, 'out_dim': 3, 'Normalization': 1}. Best is trial 171 with value: 0.2815542325377464.
[I 2025-11-21 01:59:06,305] Trial 343 finished with value: 0.3234759822487831 and parameters: {'n_units': 1000, 'alpha': 0.30000000000000004, 'sigma_in': 0.4, 'rho': 0.1, 'tikh': 0.1, 'option': 3, 'N_train': 20000, 'out_dim': 3, 'Normalization': 1}. Best is trial 171 with value: 0.2815542325377464.
[I 2025-11-21 01:59:57,388] Trial 344 finished with value: 35.73318209648132 and parameters: {'n_units': 1000, 'alpha': 0.30000000000000004, 'sigma_in': 0.4, 'rho': 0.2, 'tikh': 1e-09, 'option': 3, 'N_train': 20000, 'out_dim': 3, 'Normalization': 1}. Best is trial 171 with value: 0.2815542325377464.
[I 2025-11-21 02:00:49,969] Trial 345 finished with value: 20.919576871395112 and parameters: {'n_units': 1000, 'alpha': 0.2, 'sigma_in': 0.4, 'rho': 0.1, 'tikh': 0.01, 'option': 3, 'N_train': 20000, 'out_dim': 3, 'Normalization': 1}. Best is trial 171 with value: 0.2815542325377464.
[I 2025-11-21 02:01:40,952] Trial 346 finished with value: 0.8092698633670807 and parameters: {'n_units': 1000, 'alpha': 0.30000000000000004, 'sigma_in': 0.30000000000000004, 'rho': 0.1, 'tikh': 0.1, 'option': 3, 'N_train': 20000, 'out_dim': 3, 'Normalization': 1}. Best is trial 171 with value: 0.2815542325377464.
[I 2025-11-21 02:02:36,008] Trial 347 finished with value: 0.37287405133247375 and parameters: {'n_units': 1000, 'alpha': 0.30000000000000004, 'sigma_in': 0.4, 'rho': 0.1, 'tikh': 0.1, 'option': 3, 'N_train': 20000, 'out_dim': 3, 'Normalization': 1}. Best is trial 171 with value: 0.2815542325377464.
[I 2025-11-21 02:03:28,779] Trial 348 finished with value: 0.34734359830617906 and parameters: {'n_units': 1000, 'alpha': 0.30000000000000004, 'sigma_in': 0.4, 'rho': 0.1, 'tikh': 0.1, 'option': 3, 'N_train': 20000, 'out_dim': 3, 'Normalization': 1}. Best is trial 171 with value: 0.2815542325377464.
[I 2025-11-21 02:04:19,121] Trial 349 finished with value: 0.3189569815993309 and parameters: {'n_units': 1000, 'alpha': 0.30000000000000004, 'sigma_in': 0.4, 'rho': 0.1, 'tikh': 0.1, 'option': 3, 'N_train': 20000, 'out_dim': 3, 'Normalization': 1}. Best is trial 171 with value: 0.2815542325377464.
[I 2025-11-21 02:05:10,595] Trial 350 finished with value: 0.501098720729351 and parameters: {'n_units': 1000, 'alpha': 0.30000000000000004, 'sigma_in': 0.4, 'rho': 0.1, 'tikh': 0.1, 'option': 3, 'N_train': 20000, 'out_dim': 3, 'Normalization': 1}. Best is trial 171 with value: 0.2815542325377464.
[I 2025-11-21 02:06:01,164] Trial 351 finished with value: 2.740696334838867 and parameters: {'n_units': 1000, 'alpha': 0.30000000000000004, 'sigma_in': 0.5, 'rho': 0.1, 'tikh': 0.1, 'option': 3, 'N_train': 20000, 'out_dim': 3, 'Normalization': 1}. Best is trial 171 with value: 0.2815542325377464.
[I 2025-11-21 02:06:52,306] Trial 352 finished with value: 0.29044913202524186 and parameters: {'n_units': 1000, 'alpha': 0.30000000000000004, 'sigma_in': 0.4, 'rho': 0.1, 'tikh': 0.1, 'option': 3, 'N_train': 20000, 'out_dim': 3, 'Normalization': 1}. Best is trial 171 with value: 0.2815542325377464.
[I 2025-11-21 02:07:44,742] Trial 353 finished with value: 59.13606903553009 and parameters: {'n_units': 1000, 'alpha': 0.30000000000000004, 'sigma_in': 0.30000000000000004, 'rho': 0.1, 'tikh': 1e-05, 'option': 3, 'N_train': 20000, 'out_dim': 3, 'Normalization': 1}. Best is trial 171 with value: 0.2815542325377464.
[I 2025-11-21 02:08:35,291] Trial 354 finished with value: 94.49844861030579 and parameters: {'n_units': 1000, 'alpha': 0.30000000000000004, 'sigma_in': 0.4, 'rho': 0.2, 'tikh': 1e-10, 'option': 3, 'N_train': 20000, 'out_dim': 3, 'Normalization': 1}. Best is trial 171 with value: 0.2815542325377464.
[I 2025-11-21 02:09:25,194] Trial 355 finished with value: 1.169594830274582 and parameters: {'n_units': 1000, 'alpha': 0.2, 'sigma_in': 0.4, 'rho': 0.1, 'tikh': 0.1, 'option': 3, 'N_train': 20000, 'out_dim': 3, 'Normalization': 1}. Best is trial 171 with value: 0.2815542325377464.
[I 2025-11-21 02:10:17,674] Trial 356 finished with value: 0.33963988721370697 and parameters: {'n_units': 1000, 'alpha': 0.30000000000000004, 'sigma_in': 0.4, 'rho': 0.1, 'tikh': 0.1, 'option': 3, 'N_train': 20000, 'out_dim': 3, 'Normalization': 1}. Best is trial 171 with value: 0.2815542325377464.
[I 2025-11-21 02:11:08,152] Trial 357 finished with value: 0.3395892783999443 and parameters: {'n_units': 1000, 'alpha': 0.30000000000000004, 'sigma_in': 0.4, 'rho': 0.1, 'tikh': 0.1, 'option': 3, 'N_train': 20000, 'out_dim': 3, 'Normalization': 1}. Best is trial 171 with value: 0.2815542325377464.
[I 2025-11-21 02:11:59,934] Trial 358 finished with value: 0.5979333356022835 and parameters: {'n_units': 1000, 'alpha': 0.30000000000000004, 'sigma_in': 0.4, 'rho': 0.1, 'tikh': 0.1, 'option': 3, 'N_train': 20000, 'out_dim': 3, 'Normalization': 1}. Best is trial 171 with value: 0.2815542325377464.
[I 2025-11-21 02:12:53,473] Trial 359 finished with value: 0.1926481807604432 and parameters: {'n_units': 1000, 'alpha': 0.30000000000000004, 'sigma_in': 0.4, 'rho': 0.1, 'tikh': 0.1, 'option': 5, 'N_train': 20000, 'out_dim': 3, 'Normalization': 1}. Best is trial 359 with value: 0.1926481807604432.
[I 2025-11-21 02:13:47,004] Trial 360 finished with value: 1.0017791430000216 and parameters: {'n_units': 1000, 'alpha': 0.30000000000000004, 'sigma_in': 0.4, 'rho': 0.1, 'tikh': 0.1, 'option': 5, 'N_train': 20000, 'out_dim': 3, 'Normalization': 1}. Best is trial 359 with value: 0.1926481807604432.
[I 2025-11-21 02:14:43,082] Trial 361 finished with value: 0.541026891535148 and parameters: {'n_units': 1000, 'alpha': 0.2, 'sigma_in': 0.4, 'rho': 0.1, 'tikh': 0.1, 'option': 5, 'N_train': 20000, 'out_dim': 3, 'Normalization': 1}. Best is trial 359 with value: 0.1926481807604432.
[I 2025-11-21 02:15:32,354] Trial 362 finished with value: 3.388235354423523 and parameters: {'n_units': 1000, 'alpha': 0.30000000000000004, 'sigma_in': 0.4, 'rho': 0.1, 'tikh': 0.1, 'option': 2, 'N_train': 20000, 'out_dim': 3, 'Normalization': 1}. Best is trial 359 with value: 0.1926481807604432.
[I 2025-11-21 02:16:22,723] Trial 363 finished with value: 137318.40016639233 and parameters: {'n_units': 1000, 'alpha': 0.30000000000000004, 'sigma_in': 0.4, 'rho': 0.1, 'tikh': 0.0001, 'option': 5, 'N_train': 20000, 'out_dim': 3, 'Normalization': 1}. Best is trial 359 with value: 0.1926481807604432.
[I 2025-11-21 02:17:19,426] Trial 364 finished with value: 572.9826789021492 and parameters: {'n_units': 1000, 'alpha': 0.30000000000000004, 'sigma_in': 0.4, 'rho': 1.0, 'tikh': 0.1, 'option': 5, 'N_train': 20000, 'out_dim': 3, 'Normalization': 1}. Best is trial 359 with value: 0.1926481807604432.
[I 2025-11-21 02:18:13,474] Trial 365 finished with value: 641.2842365264893 and parameters: {'n_units': 1000, 'alpha': 0.30000000000000004, 'sigma_in': 0.4, 'rho': 0.1, 'tikh': 1e-06, 'option': 5, 'N_train': 20000, 'out_dim': 3, 'Normalization': 1}. Best is trial 359 with value: 0.1926481807604432.
[I 2025-11-21 02:19:05,461] Trial 366 finished with value: 3.2990009874105453 and parameters: {'n_units': 1000, 'alpha': 0.30000000000000004, 'sigma_in': 0.5, 'rho': 0.2, 'tikh': 0.1, 'option': 5, 'N_train': 20000, 'out_dim': 3, 'Normalization': 1}. Best is trial 359 with value: 0.1926481807604432.
[I 2025-11-21 02:19:56,707] Trial 367 finished with value: 0.5279079496860504 and parameters: {'n_units': 1000, 'alpha': 0.30000000000000004, 'sigma_in': 0.30000000000000004, 'rho': 0.1, 'tikh': 0.1, 'option': 3, 'N_train': 20000, 'out_dim': 3, 'Normalization': 1}. Best is trial 359 with value: 0.1926481807604432.
[I 2025-11-21 02:20:48,386] Trial 368 finished with value: 0.31726314648985865 and parameters: {'n_units': 1000, 'alpha': 0.30000000000000004, 'sigma_in': 0.4, 'rho': 0.1, 'tikh': 0.1, 'option': 3, 'N_train': 20000, 'out_dim': 3, 'Normalization': 1}. Best is trial 359 with value: 0.1926481807604432.
[I 2025-11-21 02:21:38,748] Trial 369 finished with value: 21.460816287994383 and parameters: {'n_units': 1000, 'alpha': 0.30000000000000004, 'sigma_in': 0.4, 'rho': 0.1, 'tikh': 0.001, 'option': 3, 'N_train': 20000, 'out_dim': 3, 'Normalization': 1}. Best is trial 359 with value: 0.1926481807604432.
[I 2025-11-21 02:22:29,273] Trial 370 finished with value: 0.6285203456878662 and parameters: {'n_units': 1000, 'alpha': 0.30000000000000004, 'sigma_in': 0.4, 'rho': 0.1, 'tikh': 0.1, 'option': 3, 'N_train': 20000, 'out_dim': 3, 'Normalization': 1}. Best is trial 359 with value: 0.1926481807604432.
