[I 2025-11-19 20:03:51,591] Trial 49 finished with value: 265.21886241436005 and parameters: {'n_units': 3000, 'alpha': 0.4, 'sigma_in': 0.8, 'rho': 0.1, 'tikh': 0.0001, 'option': 4, 'Normalization': 1}. Best is trial 22 with value: 3.7819950367324053.
[I 2025-11-19 20:04:12,897] Trial 61 finished with value: 0.015199194382876157 and parameters: {'n_units': 1000, 'alpha': 0.9, 'sigma_in': 0.30000000000000004, 'rho': 0.4, 'tikh': 0.1, 'option': 4, 'Normalization': 1}. Best is trial 54 with value: 0.007287408178672195.
[I 2025-11-19 20:04:20,191] Trial 55 finished with value: 2.1049310460686685 and parameters: {'n_units': 1000, 'alpha': 0.5, 'sigma_in': 0.1, 'rho': 1.0, 'tikh': 0.1, 'option': 4, 'Normalization': 1}. Best is trial 53 with value: 1.8629020497202873.
[I 2025-11-19 20:05:01,083] Trial 62 finished with value: 0.0314001627266407 and parameters: {'n_units': 1000, 'alpha': 0.9, 'sigma_in': 0.30000000000000004, 'rho': 0.30000000000000004, 'tikh': 0.1, 'option': 4, 'Normalization': 1}. Best is trial 54 with value: 0.007287408178672195.
[I 2025-11-19 20:05:07,060] Trial 56 finished with value: 2.619152468442917 and parameters: {'n_units': 1000, 'alpha': 0.5, 'sigma_in': 0.1, 'rho': 1.0, 'tikh': 0.1, 'option': 4, 'Normalization': 1}. Best is trial 53 with value: 1.8629020497202873.
[I 2025-11-19 20:05:07,404] Trial 50 finished with value: 30288.66754684448 and parameters: {'n_units': 3000, 'alpha': 0.6, 'sigma_in': 0.9, 'rho': 0.6, 'tikh': 0.1, 'option': 4, 'Normalization': 1}. Best is trial 22 with value: 3.7819950367324053.
[I 2025-11-19 20:05:49,977] Trial 63 finished with value: 0.8519484845921397 and parameters: {'n_units': 1000, 'alpha': 0.4, 'sigma_in': 0.4, 'rho': 0.4, 'tikh': 0.1, 'option': 4, 'Normalization': 1}. Best is trial 54 with value: 0.007287408178672195.
[I 2025-11-19 20:05:55,011] Trial 57 finished with value: 2.4301946580410005 and parameters: {'n_units': 1000, 'alpha': 0.5, 'sigma_in': 0.1, 'rho': 1.0, 'tikh': 0.1, 'option': 4, 'Normalization': 1}. Best is trial 53 with value: 1.8629020497202873.
[I 2025-11-19 20:06:19,147] Trial 51 finished with value: 12.692769995890558 and parameters: {'n_units': 3000, 'alpha': 0.1, 'sigma_in': 0.4, 'rho': 0.1, 'tikh': 0.1, 'option': 3, 'Normalization': 1}. Best is trial 22 with value: 3.7819950367324053.
[I 2025-11-19 20:06:39,841] Trial 64 finished with value: 0.008875040453858674 and parameters: {'n_units': 1000, 'alpha': 0.9, 'sigma_in': 0.30000000000000004, 'rho': 0.5, 'tikh': 0.1, 'option': 4, 'Normalization': 1}. Best is trial 54 with value: 0.007287408178672195.
[I 2025-11-19 20:06:45,164] Trial 58 finished with value: 3.2847634457051753 and parameters: {'n_units': 1000, 'alpha': 0.5, 'sigma_in': 0.2, 'rho': 1.0, 'tikh': 0.1, 'option': 4, 'Normalization': 1}. Best is trial 53 with value: 1.8629020497202873.
[I 2025-11-19 20:07:28,729] Trial 65 finished with value: 9765.330493164063 and parameters: {'n_units': 1000, 'alpha': 0.8, 'sigma_in': 0.2, 'rho': 0.6, 'tikh': 0.0001, 'option': 4, 'Normalization': 1}. Best is trial 54 with value: 0.007287408178672195.
[I 2025-11-19 20:07:32,733] Trial 52 finished with value: 299.0184127365239 and parameters: {'n_units': 3000, 'alpha': 0.2, 'sigma_in': 0.6, 'rho': 0.2, 'tikh': 0.1, 'option': 4, 'Normalization': 1}. Best is trial 22 with value: 3.7819950367324053.
[I 2025-11-19 20:07:33,359] Trial 59 finished with value: 2.173666480183601 and parameters: {'n_units': 1000, 'alpha': 0.4, 'sigma_in': 0.1, 'rho': 0.9, 'tikh': 0.1, 'option': 4, 'Normalization': 1}. Best is trial 53 with value: 1.8629020497202873.
[I 2025-11-19 20:08:18,159] Trial 66 finished with value: 0.0032014672469813377 and parameters: {'n_units': 1000, 'alpha': 0.9, 'sigma_in': 0.30000000000000004, 'rho': 0.5, 'tikh': 0.1, 'option': 3, 'Normalization': 1}. Best is trial 66 with value: 0.0032014672469813377.
[I 2025-11-19 20:08:21,270] Trial 60 finished with value: 1.251831617951393 and parameters: {'n_units': 1000, 'alpha': 0.4, 'sigma_in': 0.2, 'rho': 0.9, 'tikh': 0.1, 'option': 3, 'Normalization': 1}. Best is trial 60 with value: 1.251831617951393.
[I 2025-11-19 20:08:43,523] Trial 53 finished with value: 4.007573378458619 and parameters: {'n_units': 3000, 'alpha': 0.1, 'sigma_in': 0.7000000000000001, 'rho': 0.1, 'tikh': 0.1, 'option': 4, 'Normalization': 1}. Best is trial 22 with value: 3.7819950367324053.
[I 2025-11-19 20:09:06,468] Trial 67 finished with value: 0.02764752944931388 and parameters: {'n_units': 1000, 'alpha': 0.8, 'sigma_in': 0.5, 'rho': 0.5, 'tikh': 0.1, 'option': 3, 'Normalization': 1}. Best is trial 66 with value: 0.0032014672469813377.
[I 2025-11-19 20:09:08,655] Trial 61 finished with value: 1.9717009902000426 and parameters: {'n_units': 1000, 'alpha': 0.4, 'sigma_in': 0.2, 'rho': 0.9, 'tikh': 0.1, 'option': 3, 'Normalization': 1}. Best is trial 60 with value: 1.251831617951393.
[I 2025-11-19 20:09:54,104] Trial 68 finished with value: 534.4787523269654 and parameters: {'n_units': 1000, 'alpha': 0.9, 'sigma_in': 0.4, 'rho': 0.5, 'tikh': 0.01, 'option': 3, 'Normalization': 1}. Best is trial 66 with value: 0.0032014672469813377.
[I 2025-11-19 20:09:55,475] Trial 62 finished with value: 1.7353251338005067 and parameters: {'n_units': 1000, 'alpha': 0.4, 'sigma_in': 0.2, 'rho': 0.9, 'tikh': 0.1, 'option': 3, 'Normalization': 1}. Best is trial 60 with value: 1.251831617951393.
[I 2025-11-19 20:09:55,726] Trial 54 finished with value: 11.218869757652282 and parameters: {'n_units': 3000, 'alpha': 0.1, 'sigma_in': 0.7000000000000001, 'rho': 0.1, 'tikh': 0.1, 'option': 4, 'Normalization': 1}. Best is trial 22 with value: 3.7819950367324053.
[I 2025-11-19 20:10:43,012] Trial 69 finished with value: 1.0905681131407619 and parameters: {'n_units': 1000, 'alpha': 0.7000000000000001, 'sigma_in': 0.30000000000000004, 'rho': 0.8, 'tikh': 0.1, 'option': 3, 'Normalization': 1}. Best is trial 66 with value: 0.0032014672469813377.
[I 2025-11-19 20:10:43,627] Trial 63 finished with value: 1.4612835586071014 and parameters: {'n_units': 1000, 'alpha': 0.4, 'sigma_in': 0.2, 'rho': 0.8, 'tikh': 0.1, 'option': 3, 'Normalization': 1}. Best is trial 60 with value: 1.251831617951393.
[I 2025-11-19 20:11:07,116] Trial 55 finished with value: 644.3391880989075 and parameters: {'n_units': 3000, 'alpha': 0.2, 'sigma_in': 0.8, 'rho': 0.2, 'tikh': 1e-05, 'option': 4, 'Normalization': 1}. Best is trial 22 with value: 3.7819950367324053.
[I 2025-11-19 20:11:38,533] Trial 64 finished with value: 1.9095558762550353 and parameters: {'n_units': 1000, 'alpha': 0.4, 'sigma_in': 0.2, 'rho': 0.8, 'tikh': 0.1, 'option': 3, 'Normalization': 1}. Best is trial 60 with value: 1.251831617951393.
[I 2025-11-19 20:11:53,453] Trial 70 finished with value: 1.0622525229817257 and parameters: {'n_units': 3000, 'alpha': 0.9, 'sigma_in': 0.2, 'rho': 0.6, 'tikh': 0.1, 'option': 3, 'Normalization': 1}. Best is trial 66 with value: 0.0032014672469813377.
[I 2025-11-19 20:12:17,392] Trial 56 finished with value: 105.30193548202514 and parameters: {'n_units': 3000, 'alpha': 0.1, 'sigma_in': 0.7000000000000001, 'rho': 0.30000000000000004, 'tikh': 0.1, 'option': 4, 'Normalization': 1}. Best is trial 22 with value: 3.7819950367324053.
[I 2025-11-19 20:12:29,636] Trial 65 finished with value: 1.579898202419281 and parameters: {'n_units': 1000, 'alpha': 0.4, 'sigma_in': 0.2, 'rho': 0.8, 'tikh': 0.1, 'option': 3, 'Normalization': 1}. Best is trial 60 with value: 1.251831617951393.
[I 2025-11-19 20:12:43,566] Trial 71 finished with value: 0.007797103095799685 and parameters: {'n_units': 1000, 'alpha': 0.9, 'sigma_in': 0.30000000000000004, 'rho': 0.5, 'tikh': 0.1, 'option': 4, 'Normalization': 1}. Best is trial 66 with value: 0.0032014672469813377.
[I 2025-11-19 20:13:06,143] Trial 57 finished with value: 1.8546529076993465 and parameters: {'n_units': 1000, 'alpha': 0.2, 'sigma_in': 0.8, 'rho': 0.1, 'tikh': 0.1, 'option': 4, 'Normalization': 1}. Best is trial 57 with value: 1.8546529076993465.
[I 2025-11-19 20:13:16,674] Trial 66 finished with value: 2.261419379711151 and parameters: {'n_units': 1000, 'alpha': 0.4, 'sigma_in': 0.2, 'rho': 0.8, 'tikh': 0.1, 'option': 3, 'Normalization': 1}. Best is trial 60 with value: 1.251831617951393.
[I 2025-11-19 20:13:31,548] Trial 72 finished with value: 0.01489114377181977 and parameters: {'n_units': 1000, 'alpha': 0.9, 'sigma_in': 0.30000000000000004, 'rho': 0.5, 'tikh': 0.1, 'option': 3, 'Normalization': 1}. Best is trial 66 with value: 0.0032014672469813377.
[I 2025-11-19 20:13:57,411] Trial 58 finished with value: 4.693672226835043 and parameters: {'n_units': 1000, 'alpha': 0.1, 'sigma_in': 0.8, 'rho': 0.2, 'tikh': 0.1, 'option': 4, 'Normalization': 1}. Best is trial 57 with value: 1.8546529076993465.
[I 2025-11-19 20:14:04,004] Trial 67 finished with value: 1.5112121760845185 and parameters: {'n_units': 1000, 'alpha': 0.30000000000000004, 'sigma_in': 0.2, 'rho': 0.8, 'tikh': 0.1, 'option': 3, 'Normalization': 1}. Best is trial 60 with value: 1.251831617951393.
[I 2025-11-19 20:14:20,297] Trial 73 finished with value: 0.0839342473540455 and parameters: {'n_units': 1000, 'alpha': 0.8, 'sigma_in': 0.30000000000000004, 'rho': 0.5, 'tikh': 0.1, 'option': 3, 'Normalization': 1}. Best is trial 66 with value: 0.0032014672469813377.
[I 2025-11-19 20:14:46,716] Trial 59 finished with value: 6.947417026304175 and parameters: {'n_units': 1000, 'alpha': 0.2, 'sigma_in': 0.8, 'rho': 0.2, 'tikh': 0.1, 'option': 4, 'Normalization': 1}. Best is trial 57 with value: 1.8546529076993465.
[I 2025-11-19 20:14:50,229] Trial 68 finished with value: 1.880295330286026 and parameters: {'n_units': 1000, 'alpha': 0.30000000000000004, 'sigma_in': 0.2, 'rho': 0.8, 'tikh': 0.1, 'option': 3, 'Normalization': 1}. Best is trial 60 with value: 1.251831617951393.
[I 2025-11-19 20:15:06,466] Trial 74 finished with value: 0.0848172925412655 and parameters: {'n_units': 1000, 'alpha': 0.9, 'sigma_in': 0.4, 'rho': 0.6, 'tikh': 0.1, 'option': 3, 'Normalization': 1}. Best is trial 66 with value: 0.0032014672469813377.
[I 2025-11-19 20:15:36,514] Trial 69 finished with value: 1.5806226491928101 and parameters: {'n_units': 1000, 'alpha': 0.30000000000000004, 'sigma_in': 0.30000000000000004, 'rho': 0.8, 'tikh': 0.1, 'option': 3, 'Normalization': 1}. Best is trial 60 with value: 1.251831617951393.
[I 2025-11-19 20:15:36,661] Trial 60 finished with value: 16.230729431798682 and parameters: {'n_units': 1000, 'alpha': 0.1, 'sigma_in': 0.7000000000000001, 'rho': 0.2, 'tikh': 0.1, 'option': 4, 'Normalization': 1}. Best is trial 57 with value: 1.8546529076993465.
[I 2025-11-19 20:15:54,157] Trial 75 finished with value: 0.022088702069595456 and parameters: {'n_units': 1000, 'alpha': 1.0, 'sigma_in': 0.5, 'rho': 0.5, 'tikh': 0.1, 'option': 3, 'Normalization': 1}. Best is trial 66 with value: 0.0032014672469813377.
[I 2025-11-19 20:16:22,327] Trial 70 finished with value: 3971.1757209777834 and parameters: {'n_units': 1000, 'alpha': 0.30000000000000004, 'sigma_in': 0.30000000000000004, 'rho': 0.9, 'tikh': 0.0001, 'option': 3, 'Normalization': 1}. Best is trial 60 with value: 1.251831617951393.
[I 2025-11-19 20:16:24,771] Trial 61 finished with value: 4.765051652974217 and parameters: {'n_units': 1000, 'alpha': 0.1, 'sigma_in': 0.8, 'rho': 0.1, 'tikh': 0.1, 'option': 4, 'Normalization': 1}. Best is trial 57 with value: 1.8546529076993465.
[I 2025-11-19 20:16:41,149] Trial 76 finished with value: 991.2039930343628 and parameters: {'n_units': 1000, 'alpha': 0.8, 'sigma_in': 0.30000000000000004, 'rho': 0.7000000000000001, 'tikh': 0.001, 'option': 3, 'Normalization': 1}. Best is trial 66 with value: 0.0032014672469813377.
[I 2025-11-19 20:17:10,043] Trial 71 finished with value: 1.7192476868629456 and parameters: {'n_units': 1000, 'alpha': 0.30000000000000004, 'sigma_in': 0.30000000000000004, 'rho': 0.8, 'tikh': 0.1, 'option': 3, 'Normalization': 1}. Best is trial 60 with value: 1.251831617951393.
[I 2025-11-19 20:17:13,779] Trial 62 finished with value: 5.629725665226578 and parameters: {'n_units': 1000, 'alpha': 0.1, 'sigma_in': 0.8, 'rho': 0.1, 'tikh': 0.1, 'option': 4, 'Normalization': 1}. Best is trial 57 with value: 1.8546529076993465.
[I 2025-11-19 20:17:29,547] Trial 77 finished with value: 0.6284481092938222 and parameters: {'n_units': 1000, 'alpha': 1.0, 'sigma_in': 0.2, 'rho': 0.6, 'tikh': 0.1, 'option': 3, 'Normalization': 1}. Best is trial 66 with value: 0.0032014672469813377.
[I 2025-11-19 20:17:57,882] Trial 72 finished with value: 1.305620503425598 and parameters: {'n_units': 1000, 'alpha': 0.30000000000000004, 'sigma_in': 0.30000000000000004, 'rho': 0.7000000000000001, 'tikh': 0.1, 'option': 3, 'Normalization': 1}. Best is trial 60 with value: 1.251831617951393.
[I 2025-11-19 20:18:03,708] Trial 63 finished with value: 16.015457578375937 and parameters: {'n_units': 1000, 'alpha': 0.2, 'sigma_in': 0.8, 'rho': 0.1, 'tikh': 0.1, 'option': 4, 'Normalization': 1}. Best is trial 57 with value: 1.8546529076993465.
[I 2025-11-19 20:18:16,961] Trial 78 finished with value: 606.2245643615722 and parameters: {'n_units': 1000, 'alpha': 0.9, 'sigma_in': 0.4, 'rho': 0.5, 'tikh': 0.0001, 'option': 3, 'Normalization': 1}. Best is trial 66 with value: 0.0032014672469813377.
[I 2025-11-19 20:18:43,678] Trial 73 finished with value: 1.4545976758003234 and parameters: {'n_units': 1000, 'alpha': 0.30000000000000004, 'sigma_in': 0.30000000000000004, 'rho': 0.7000000000000001, 'tikh': 0.1, 'option': 3, 'Normalization': 1}. Best is trial 60 with value: 1.251831617951393.
[I 2025-11-19 20:18:51,737] Trial 64 finished with value: 3765.902227163315 and parameters: {'n_units': 1000, 'alpha': 0.1, 'sigma_in': 0.7000000000000001, 'rho': 0.9, 'tikh': 0.1, 'option': 4, 'Normalization': 1}. Best is trial 57 with value: 1.8546529076993465.
[I 2025-11-19 20:19:03,598] Trial 79 finished with value: 1.2497355483472348 and parameters: {'n_units': 1000, 'alpha': 0.2, 'sigma_in': 0.2, 'rho': 0.6, 'tikh': 0.1, 'option': 4, 'Normalization': 1}. Best is trial 66 with value: 0.0032014672469813377.
[I 2025-11-19 20:19:31,664] Trial 74 finished with value: 1.5706964790821076 and parameters: {'n_units': 1000, 'alpha': 0.30000000000000004, 'sigma_in': 0.30000000000000004, 'rho': 0.7000000000000001, 'tikh': 0.1, 'option': 3, 'Normalization': 1}. Best is trial 60 with value: 1.251831617951393.
[I 2025-11-19 20:19:39,918] Trial 65 finished with value: 463.1703499107447 and parameters: {'n_units': 1000, 'alpha': 0.1, 'sigma_in': 0.8, 'rho': 0.2, 'tikh': 0.1, 'option': 4, 'Normalization': 1}. Best is trial 57 with value: 1.8546529076993465.
[I 2025-11-19 20:19:51,870] Trial 80 finished with value: 158342.21423301697 and parameters: {'n_units': 1000, 'alpha': 0.6, 'sigma_in': 0.30000000000000004, 'rho': 0.5, 'tikh': 1e-05, 'option': 5, 'Normalization': 1}. Best is trial 66 with value: 0.0032014672469813377.
[I 2025-11-19 20:20:18,375] Trial 75 finished with value: 1.5265344113111496 and parameters: {'n_units': 1000, 'alpha': 0.30000000000000004, 'sigma_in': 0.30000000000000004, 'rho': 0.7000000000000001, 'tikh': 0.1, 'option': 3, 'Normalization': 1}. Best is trial 60 with value: 1.251831617951393.
[I 2025-11-19 20:20:28,364] Trial 66 finished with value: 230286.06128628255 and parameters: {'n_units': 1000, 'alpha': 0.2, 'sigma_in': 0.9, 'rho': 0.1, 'tikh': 0.0001, 'option': 4, 'Normalization': 1}. Best is trial 57 with value: 1.8546529076993465.
[I 2025-11-19 20:20:39,970] Trial 81 finished with value: 0.01316188327036798 and parameters: {'n_units': 1000, 'alpha': 0.9, 'sigma_in': 0.30000000000000004, 'rho': 0.4, 'tikh': 0.1, 'option': 4, 'Normalization': 1}. Best is trial 66 with value: 0.0032014672469813377.
[I 2025-11-19 20:21:04,209] Trial 76 finished with value: 1.164868462085724 and parameters: {'n_units': 1000, 'alpha': 0.30000000000000004, 'sigma_in': 0.4, 'rho': 0.7000000000000001, 'tikh': 0.1, 'option': 3, 'Normalization': 1}. Best is trial 76 with value: 1.164868462085724.
[I 2025-11-19 20:21:16,234] Trial 67 finished with value: 71.10091820210218 and parameters: {'n_units': 1000, 'alpha': 0.1, 'sigma_in': 0.7000000000000001, 'rho': 0.1, 'tikh': 0.01, 'option': 4, 'Normalization': 1}. Best is trial 57 with value: 1.8546529076993465.
[I 2025-11-19 20:21:27,772] Trial 82 finished with value: 0.01401928411796689 and parameters: {'n_units': 1000, 'alpha': 0.9, 'sigma_in': 0.30000000000000004, 'rho': 0.4, 'tikh': 0.1, 'option': 4, 'Normalization': 1}. Best is trial 66 with value: 0.0032014672469813377.
[I 2025-11-19 20:21:51,193] Trial 77 finished with value: 0.5695048585534096 and parameters: {'n_units': 1000, 'alpha': 0.30000000000000004, 'sigma_in': 0.4, 'rho': 0.7000000000000001, 'tikh': 0.1, 'option': 3, 'Normalization': 1}. Best is trial 77 with value: 0.5695048585534096.
[I 2025-11-19 20:22:04,214] Trial 68 finished with value: 161.31098774084822 and parameters: {'n_units': 1000, 'alpha': 0.2, 'sigma_in': 0.9, 'rho': 0.30000000000000004, 'tikh': 0.1, 'option': 4, 'Normalization': 1}. Best is trial 57 with value: 1.8546529076993465.
[I 2025-11-19 20:22:16,233] Trial 83 finished with value: 0.2687724122486543 and parameters: {'n_units': 1000, 'alpha': 0.9, 'sigma_in': 0.30000000000000004, 'rho': 0.7000000000000001, 'tikh': 0.1, 'option': 4, 'Normalization': 1}. Best is trial 66 with value: 0.0032014672469813377.
[I 2025-11-19 20:22:37,856] Trial 78 finished with value: 5023.316564941406 and parameters: {'n_units': 1000, 'alpha': 0.2, 'sigma_in': 0.4, 'rho': 0.7000000000000001, 'tikh': 1e-05, 'option': 3, 'Normalization': 1}. Best is trial 77 with value: 0.5695048585534096.
[I 2025-11-19 20:22:52,504] Trial 69 finished with value: 2380250.5229333877 and parameters: {'n_units': 1000, 'alpha': 0.1, 'sigma_in': 0.8, 'rho': 0.2, 'tikh': 1e-05, 'option': 3, 'Normalization': 1}. Best is trial 57 with value: 1.8546529076993465.
[I 2025-11-19 20:23:03,546] Trial 84 finished with value: 0.12201283224858343 and parameters: {'n_units': 1000, 'alpha': 1.0, 'sigma_in': 0.4, 'rho': 0.5, 'tikh': 0.1, 'option': 4, 'Normalization': 1}. Best is trial 66 with value: 0.0032014672469813377.
[I 2025-11-19 20:23:25,241] Trial 79 finished with value: 1.3062076568603516 and parameters: {'n_units': 1000, 'alpha': 0.30000000000000004, 'sigma_in': 0.4, 'rho': 0.7000000000000001, 'tikh': 0.1, 'option': 3, 'Normalization': 1}. Best is trial 77 with value: 0.5695048585534096.
[I 2025-11-19 20:23:42,382] Trial 70 finished with value: 0.0478117941878736 and parameters: {'n_units': 1000, 'alpha': 0.7000000000000001, 'sigma_in': 0.2, 'rho': 0.4, 'tikh': 0.1, 'option': 4, 'Normalization': 1}. Best is trial 70 with value: 0.0478117941878736.
[I 2025-11-19 20:23:51,806] Trial 85 finished with value: 0.01950005777180195 and parameters: {'n_units': 1000, 'alpha': 0.8, 'sigma_in': 0.30000000000000004, 'rho': 0.4, 'tikh': 0.1, 'option': 4, 'Normalization': 1}. Best is trial 66 with value: 0.0032014672469813377.
[I 2025-11-19 20:24:10,872] Trial 80 finished with value: 1.2354713171720504 and parameters: {'n_units': 1000, 'alpha': 0.30000000000000004, 'sigma_in': 0.4, 'rho': 0.7000000000000001, 'tikh': 0.1, 'option': 3, 'Normalization': 1}. Best is trial 77 with value: 0.5695048585534096.
[I 2025-11-19 20:24:31,353] Trial 71 finished with value: 0.05832814946770668 and parameters: {'n_units': 1000, 'alpha': 0.7000000000000001, 'sigma_in': 0.1, 'rho': 0.4, 'tikh': 0.1, 'option': 4, 'Normalization': 1}. Best is trial 70 with value: 0.0478117941878736.
[I 2025-11-19 20:24:39,068] Trial 86 finished with value: 0.20900390446186065 and parameters: {'n_units': 1000, 'alpha': 0.9, 'sigma_in': 0.2, 'rho': 0.4, 'tikh': 0.1, 'option': 4, 'Normalization': 1}. Best is trial 66 with value: 0.0032014672469813377.
[I 2025-11-19 20:24:58,629] Trial 81 finished with value: 1.480268520116806 and parameters: {'n_units': 1000, 'alpha': 0.30000000000000004, 'sigma_in': 0.4, 'rho': 0.7000000000000001, 'tikh': 0.1, 'option': 3, 'Normalization': 1}. Best is trial 77 with value: 0.5695048585534096.
[I 2025-11-19 20:25:20,687] Trial 72 finished with value: 0.06447770670056344 and parameters: {'n_units': 1000, 'alpha': 0.7000000000000001, 'sigma_in': 0.1, 'rho': 0.5, 'tikh': 0.1, 'option': 4, 'Normalization': 1}. Best is trial 70 with value: 0.0478117941878736.
[I 2025-11-19 20:25:47,144] Trial 87 finished with value: 2546.593140411377 and parameters: {'n_units': 3000, 'alpha': 0.8, 'sigma_in': 0.4, 'rho': 0.5, 'tikh': 0.1, 'option': 4, 'Normalization': 1}. Best is trial 66 with value: 0.0032014672469813377.
[I 2025-11-19 20:25:50,180] Trial 82 finished with value: 1.42661572098732 and parameters: {'n_units': 1000, 'alpha': 0.2, 'sigma_in': 0.4, 'rho': 0.7000000000000001, 'tikh': 0.1, 'option': 3, 'Normalization': 1}. Best is trial 77 with value: 0.5695048585534096.
[I 2025-11-19 20:26:10,696] Trial 73 finished with value: 0.9359998721629381 and parameters: {'n_units': 1000, 'alpha': 0.7000000000000001, 'sigma_in': 0.1, 'rho': 0.6, 'tikh': 0.1, 'option': 4, 'Normalization': 1}. Best is trial 70 with value: 0.0478117941878736.
[I 2025-11-19 20:26:35,472] Trial 88 finished with value: 8959.969085502624 and parameters: {'n_units': 1000, 'alpha': 1.0, 'sigma_in': 0.30000000000000004, 'rho': 0.6, 'tikh': 0.01, 'option': 3, 'Normalization': 1}. Best is trial 66 with value: 0.0032014672469813377.
[I 2025-11-19 20:26:37,929] Trial 83 finished with value: 1.9457299292087555 and parameters: {'n_units': 1000, 'alpha': 0.2, 'sigma_in': 0.5, 'rho': 0.6, 'tikh': 0.1, 'option': 3, 'Normalization': 1}. Best is trial 77 with value: 0.5695048585534096.
[I 2025-11-19 20:27:07,535] Trial 74 finished with value: 0.07096658907830715 and parameters: {'n_units': 1000, 'alpha': 0.7000000000000001, 'sigma_in': 0.1, 'rho': 0.5, 'tikh': 0.1, 'option': 4, 'Normalization': 1}. Best is trial 70 with value: 0.0478117941878736.
