[I 2025-11-21 00:51:15,982] Trial 150 finished with value: 3605.107517319918 and parameters: {'n_units': 3000, 'alpha': 0.6, 'sigma_in': 0.2, 'rho': 0.1, 'tikh': 0.1, 'option': 5, 'N_train': 20000, 'out_dim': 3, 'Normalization': 1}. Best is trial 145 with value: 0.009504025103524327.
[I 2025-11-21 00:52:30,520] Trial 151 finished with value: 0.011638123309239745 and parameters: {'n_units': 3000, 'alpha': 0.6, 'sigma_in': 0.1, 'rho': 0.1, 'tikh': 0.1, 'option': 5, 'N_train': 20000, 'out_dim': 3, 'Normalization': 1}. Best is trial 145 with value: 0.009504025103524327.
[I 2025-11-21 00:53:44,144] Trial 152 finished with value: 0.026515840995125474 and parameters: {'n_units': 3000, 'alpha': 0.6, 'sigma_in': 0.1, 'rho': 0.1, 'tikh': 0.1, 'option': 5, 'N_train': 20000, 'out_dim': 3, 'Normalization': 1}. Best is trial 145 with value: 0.009504025103524327.
[I 2025-11-21 00:54:57,342] Trial 153 finished with value: 0.011447012983262539 and parameters: {'n_units': 3000, 'alpha': 0.6, 'sigma_in': 0.1, 'rho': 0.1, 'tikh': 0.1, 'option': 5, 'N_train': 20000, 'out_dim': 3, 'Normalization': 1}. Best is trial 145 with value: 0.009504025103524327.
[I 2025-11-21 00:56:10,530] Trial 154 finished with value: 0.011519469600170851 and parameters: {'n_units': 3000, 'alpha': 0.7000000000000001, 'sigma_in': 0.1, 'rho': 0.1, 'tikh': 0.1, 'option': 5, 'N_train': 20000, 'out_dim': 3, 'Normalization': 1}. Best is trial 145 with value: 0.009504025103524327.
[I 2025-11-21 00:57:31,481] Trial 155 finished with value: 0.010890724323689937 and parameters: {'n_units': 3000, 'alpha': 0.7000000000000001, 'sigma_in': 0.1, 'rho': 0.1, 'tikh': 0.1, 'option': 5, 'N_train': 20000, 'out_dim': 3, 'Normalization': 1}. Best is trial 145 with value: 0.009504025103524327.
[I 2025-11-21 00:58:51,634] Trial 156 finished with value: 1504.2387268066407 and parameters: {'n_units': 3000, 'alpha': 0.7000000000000001, 'sigma_in': 0.4, 'rho': 0.2, 'tikh': 1e-08, 'option': 5, 'N_train': 20000, 'out_dim': 3, 'Normalization': 1}. Best is trial 145 with value: 0.009504025103524327.
[I 2025-11-21 01:00:06,135] Trial 157 finished with value: 126390.01301078797 and parameters: {'n_units': 3000, 'alpha': 0.7000000000000001, 'sigma_in': 0.1, 'rho': 0.1, 'tikh': 1e-05, 'option': 5, 'N_train': 20000, 'out_dim': 3, 'Normalization': 1}. Best is trial 145 with value: 0.009504025103524327.
[I 2025-11-21 01:01:16,450] Trial 158 finished with value: 18.282938050245868 and parameters: {'n_units': 3000, 'alpha': 0.7000000000000001, 'sigma_in': 0.1, 'rho': 0.1, 'tikh': 0.1, 'option': 5, 'N_train': 20000, 'out_dim': 3, 'Normalization': 1}. Best is trial 145 with value: 0.009504025103524327.
[I 2025-11-21 01:02:33,207] Trial 159 finished with value: 796.9861921310425 and parameters: {'n_units': 3000, 'alpha': 0.7000000000000001, 'sigma_in': 0.1, 'rho': 0.1, 'tikh': 0.001, 'option': 5, 'N_train': 20000, 'out_dim': 3, 'Normalization': 1}. Best is trial 145 with value: 0.009504025103524327.
[I 2025-11-21 01:03:44,215] Trial 160 finished with value: 430.8970890983939 and parameters: {'n_units': 3000, 'alpha': 0.6, 'sigma_in': 0.2, 'rho': 0.1, 'tikh': 0.1, 'option': 5, 'N_train': 20000, 'out_dim': 3, 'Normalization': 1}. Best is trial 145 with value: 0.009504025103524327.
[I 2025-11-21 01:04:57,614] Trial 161 finished with value: 1.9597452512942255 and parameters: {'n_units': 3000, 'alpha': 0.7000000000000001, 'sigma_in': 0.1, 'rho': 0.1, 'tikh': 0.1, 'option': 5, 'N_train': 20000, 'out_dim': 3, 'Normalization': 1}. Best is trial 145 with value: 0.009504025103524327.
[I 2025-11-21 01:06:09,232] Trial 162 finished with value: 0.012565051298588514 and parameters: {'n_units': 3000, 'alpha': 0.7000000000000001, 'sigma_in': 0.1, 'rho': 0.1, 'tikh': 0.1, 'option': 5, 'N_train': 20000, 'out_dim': 3, 'Normalization': 1}. Best is trial 145 with value: 0.009504025103524327.
[I 2025-11-21 01:07:27,950] Trial 163 finished with value: 1646.0935693740844 and parameters: {'n_units': 3000, 'alpha': 0.7000000000000001, 'sigma_in': 0.7000000000000001, 'rho': 0.1, 'tikh': 0.1, 'option': 5, 'N_train': 20000, 'out_dim': 3, 'Normalization': 1}. Best is trial 145 with value: 0.009504025103524327.
[I 2025-11-21 01:08:41,488] Trial 164 finished with value: 0.010079795960336924 and parameters: {'n_units': 3000, 'alpha': 0.6, 'sigma_in': 0.1, 'rho': 0.1, 'tikh': 0.1, 'option': 5, 'N_train': 20000, 'out_dim': 3, 'Normalization': 1}. Best is trial 145 with value: 0.009504025103524327.
[I 2025-11-21 01:09:58,730] Trial 165 finished with value: 0.012346226442605256 and parameters: {'n_units': 3000, 'alpha': 0.6, 'sigma_in': 0.1, 'rho': 0.1, 'tikh': 0.1, 'option': 5, 'N_train': 20000, 'out_dim': 3, 'Normalization': 1}. Best is trial 145 with value: 0.009504025103524327.
[I 2025-11-21 01:11:19,571] Trial 166 finished with value: 5.294751501083374 and parameters: {'n_units': 3000, 'alpha': 0.6, 'sigma_in': 0.1, 'rho': 0.2, 'tikh': 0.1, 'option': 2, 'N_train': 20000, 'out_dim': 3, 'Normalization': 1}. Best is trial 145 with value: 0.009504025103524327.
[I 2025-11-21 01:12:37,893] Trial 167 finished with value: 5104.259336853027 and parameters: {'n_units': 3000, 'alpha': 0.6, 'sigma_in': 0.1, 'rho': 0.1, 'tikh': 1e-06, 'option': 5, 'N_train': 20000, 'out_dim': 3, 'Normalization': 1}. Best is trial 145 with value: 0.009504025103524327.
[I 2025-11-21 01:13:56,922] Trial 168 finished with value: 6487.885406589508 and parameters: {'n_units': 3000, 'alpha': 0.8, 'sigma_in': 0.1, 'rho': 0.1, 'tikh': 0.0001, 'option': 5, 'N_train': 20000, 'out_dim': 3, 'Normalization': 1}. Best is trial 145 with value: 0.009504025103524327.
[I 2025-11-21 01:15:07,874] Trial 169 finished with value: 5.104833269119263 and parameters: {'n_units': 3000, 'alpha': 0.6, 'sigma_in': 0.1, 'rho': 0.1, 'tikh': 0.1, 'option': 3, 'N_train': 20000, 'out_dim': 3, 'Normalization': 1}. Best is trial 145 with value: 0.009504025103524327.
[I 2025-11-21 01:16:41,040] Trial 170 finished with value: 0.013748780637979508 and parameters: {'n_units': 3000, 'alpha': 0.8, 'sigma_in': 0.1, 'rho': 0.1, 'tikh': 0.1, 'option': 5, 'N_train': 20000, 'out_dim': 3, 'Normalization': 1}. Best is trial 145 with value: 0.009504025103524327.
[I 2025-11-21 01:17:53,148] Trial 171 finished with value: 0.01282560541294515 and parameters: {'n_units': 3000, 'alpha': 0.7000000000000001, 'sigma_in': 0.1, 'rho': 0.1, 'tikh': 0.1, 'option': 5, 'N_train': 20000, 'out_dim': 3, 'Normalization': 1}. Best is trial 145 with value: 0.009504025103524327.
[I 2025-11-21 01:19:05,914] Trial 172 finished with value: 0.011636426532641053 and parameters: {'n_units': 3000, 'alpha': 0.6, 'sigma_in': 0.1, 'rho': 0.1, 'tikh': 0.1, 'option': 5, 'N_train': 20000, 'out_dim': 3, 'Normalization': 1}. Best is trial 145 with value: 0.009504025103524327.
[I 2025-11-21 01:20:17,891] Trial 173 finished with value: 0.01279167914763093 and parameters: {'n_units': 3000, 'alpha': 0.6, 'sigma_in': 0.1, 'rho': 0.1, 'tikh': 0.1, 'option': 5, 'N_train': 20000, 'out_dim': 3, 'Normalization': 1}. Best is trial 145 with value: 0.009504025103524327.
[I 2025-11-21 01:21:36,971] Trial 174 finished with value: 0.011572510516270996 and parameters: {'n_units': 3000, 'alpha': 0.6, 'sigma_in': 0.1, 'rho': 0.1, 'tikh': 0.1, 'option': 5, 'N_train': 20000, 'out_dim': 3, 'Normalization': 1}. Best is trial 145 with value: 0.009504025103524327.
[I 2025-11-21 01:23:12,201] Trial 175 finished with value: 11494014.225094413 and parameters: {'n_units': 3000, 'alpha': 0.6, 'sigma_in': 0.1, 'rho': 0.1, 'tikh': 1e-07, 'option': 5, 'N_train': 20000, 'out_dim': 3, 'Normalization': 1}. Best is trial 145 with value: 0.009504025103524327.
[I 2025-11-21 01:24:32,319] Trial 176 finished with value: 0.013142285123467445 and parameters: {'n_units': 3000, 'alpha': 0.6, 'sigma_in': 0.1, 'rho': 0.1, 'tikh': 0.1, 'option': 5, 'N_train': 20000, 'out_dim': 3, 'Normalization': 1}. Best is trial 145 with value: 0.009504025103524327.
[I 2025-11-21 01:25:44,250] Trial 177 finished with value: 0.011251653917133808 and parameters: {'n_units': 3000, 'alpha': 1.0, 'sigma_in': 0.1, 'rho': 0.1, 'tikh': 0.1, 'option': 5, 'N_train': 20000, 'out_dim': 3, 'Normalization': 1}. Best is trial 145 with value: 0.009504025103524327.
[I 2025-11-21 01:27:01,375] Trial 178 finished with value: 0.01152430281508714 and parameters: {'n_units': 3000, 'alpha': 0.9, 'sigma_in': 0.1, 'rho': 0.1, 'tikh': 0.1, 'option': 5, 'N_train': 20000, 'out_dim': 3, 'Normalization': 1}. Best is trial 145 with value: 0.009504025103524327.
[I 2025-11-21 01:28:22,185] Trial 179 finished with value: 319558.2227104187 and parameters: {'n_units': 3000, 'alpha': 1.0, 'sigma_in': 0.5, 'rho': 0.2, 'tikh': 0.01, 'option': 5, 'N_train': 20000, 'out_dim': 3, 'Normalization': 1}. Best is trial 145 with value: 0.009504025103524327.
[I 2025-11-21 01:29:41,200] Trial 180 finished with value: 336.2698490828276 and parameters: {'n_units': 3000, 'alpha': 1.0, 'sigma_in': 0.2, 'rho': 0.1, 'tikh': 0.1, 'option': 5, 'N_train': 20000, 'out_dim': 3, 'Normalization': 1}. Best is trial 145 with value: 0.009504025103524327.
[I 2025-11-21 01:31:09,998] Trial 181 finished with value: 0.010360498400405049 and parameters: {'n_units': 3000, 'alpha': 1.0, 'sigma_in': 0.1, 'rho': 0.1, 'tikh': 0.1, 'option': 5, 'N_train': 20000, 'out_dim': 3, 'Normalization': 1}. Best is trial 145 with value: 0.009504025103524327.
[I 2025-11-21 01:32:31,935] Trial 182 finished with value: 0.475441654259339 and parameters: {'n_units': 3000, 'alpha': 1.0, 'sigma_in': 0.1, 'rho': 0.1, 'tikh': 0.1, 'option': 5, 'N_train': 20000, 'out_dim': 3, 'Normalization': 1}. Best is trial 145 with value: 0.009504025103524327.
[I 2025-11-21 01:33:42,366] Trial 183 finished with value: 0.012743844278156757 and parameters: {'n_units': 3000, 'alpha': 0.9, 'sigma_in': 0.1, 'rho': 0.1, 'tikh': 0.1, 'option': 5, 'N_train': 20000, 'out_dim': 3, 'Normalization': 1}. Best is trial 145 with value: 0.009504025103524327.
[I 2025-11-21 01:34:56,449] Trial 184 finished with value: 0.012933556037023664 and parameters: {'n_units': 3000, 'alpha': 1.0, 'sigma_in': 0.1, 'rho': 0.1, 'tikh': 0.1, 'option': 5, 'N_train': 20000, 'out_dim': 3, 'Normalization': 1}. Best is trial 145 with value: 0.009504025103524327.
[I 2025-11-21 01:36:08,635] Trial 185 finished with value: 0.013020820310339331 and parameters: {'n_units': 3000, 'alpha': 1.0, 'sigma_in': 0.1, 'rho': 0.1, 'tikh': 0.1, 'option': 5, 'N_train': 20000, 'out_dim': 3, 'Normalization': 1}. Best is trial 145 with value: 0.009504025103524327.
[I 2025-11-21 01:37:26,460] Trial 186 finished with value: 0.011253428319469095 and parameters: {'n_units': 3000, 'alpha': 0.9, 'sigma_in': 0.1, 'rho': 0.1, 'tikh': 0.1, 'option': 5, 'N_train': 20000, 'out_dim': 3, 'Normalization': 1}. Best is trial 145 with value: 0.009504025103524327.
[I 2025-11-21 01:38:40,924] Trial 187 finished with value: 3.8269925695378335 and parameters: {'n_units': 3000, 'alpha': 0.9, 'sigma_in': 0.1, 'rho': 0.1, 'tikh': 0.1, 'option': 5, 'N_train': 20000, 'out_dim': 3, 'Normalization': 1}. Best is trial 145 with value: 0.009504025103524327.
[I 2025-11-21 01:39:57,531] Trial 188 finished with value: 845679.6720581055 and parameters: {'n_units': 3000, 'alpha': 0.9, 'sigma_in': 0.1, 'rho': 0.1, 'tikh': 1e-10, 'option': 5, 'N_train': 20000, 'out_dim': 3, 'Normalization': 1}. Best is trial 145 with value: 0.009504025103524327.
[I 2025-11-21 01:41:10,237] Trial 189 finished with value: 4.953546839184128 and parameters: {'n_units': 3000, 'alpha': 0.9, 'sigma_in': 0.1, 'rho': 0.1, 'tikh': 0.1, 'option': 5, 'N_train': 20000, 'out_dim': 3, 'Normalization': 1}. Best is trial 145 with value: 0.009504025103524327.
[I 2025-11-21 01:42:24,408] Trial 190 finished with value: 0.4727293197065592 and parameters: {'n_units': 3000, 'alpha': 1.0, 'sigma_in': 0.1, 'rho': 0.2, 'tikh': 0.1, 'option': 5, 'N_train': 20000, 'out_dim': 3, 'Normalization': 1}. Best is trial 145 with value: 0.009504025103524327.
[I 2025-11-21 01:43:39,134] Trial 191 finished with value: 1.6737672005780042 and parameters: {'n_units': 3000, 'alpha': 1.0, 'sigma_in': 0.1, 'rho': 0.1, 'tikh': 0.1, 'option': 5, 'N_train': 20000, 'out_dim': 3, 'Normalization': 1}. Best is trial 145 with value: 0.009504025103524327.
[I 2025-11-21 01:44:57,703] Trial 192 finished with value: 0.010286448523402214 and parameters: {'n_units': 3000, 'alpha': 0.9, 'sigma_in': 0.1, 'rho': 0.1, 'tikh': 0.1, 'option': 5, 'N_train': 20000, 'out_dim': 3, 'Normalization': 1}. Best is trial 145 with value: 0.009504025103524327.
[I 2025-11-21 01:46:06,362] Trial 193 finished with value: 0.16741077098995447 and parameters: {'n_units': 3000, 'alpha': 0.9, 'sigma_in': 0.1, 'rho': 0.1, 'tikh': 0.1, 'option': 5, 'N_train': 20000, 'out_dim': 3, 'Normalization': 1}. Best is trial 145 with value: 0.009504025103524327.
[I 2025-11-21 01:47:26,819] Trial 194 finished with value: 0.011817661952227354 and parameters: {'n_units': 3000, 'alpha': 0.9, 'sigma_in': 0.1, 'rho': 0.1, 'tikh': 0.1, 'option': 5, 'N_train': 20000, 'out_dim': 3, 'Normalization': 1}. Best is trial 145 with value: 0.009504025103524327.
[I 2025-11-21 01:48:36,983] Trial 195 finished with value: 2352.7565979003907 and parameters: {'n_units': 3000, 'alpha': 0.9, 'sigma_in': 0.1, 'rho': 0.1, 'tikh': 1e-09, 'option': 5, 'N_train': 20000, 'out_dim': 3, 'Normalization': 1}. Best is trial 145 with value: 0.009504025103524327.
[I 2025-11-21 01:49:48,997] Trial 196 finished with value: 0.017071312107145787 and parameters: {'n_units': 3000, 'alpha': 1.0, 'sigma_in': 0.1, 'rho': 0.1, 'tikh': 0.1, 'option': 5, 'N_train': 20000, 'out_dim': 3, 'Normalization': 1}. Best is trial 145 with value: 0.009504025103524327.
[I 2025-11-21 01:50:59,912] Trial 197 finished with value: 0.18879133146256208 and parameters: {'n_units': 3000, 'alpha': 0.8, 'sigma_in': 0.1, 'rho': 0.1, 'tikh': 0.1, 'option': 5, 'N_train': 20000, 'out_dim': 3, 'Normalization': 1}. Best is trial 145 with value: 0.009504025103524327.
[I 2025-11-21 01:52:08,950] Trial 198 finished with value: 0.012054525734856724 and parameters: {'n_units': 3000, 'alpha': 0.9, 'sigma_in': 0.1, 'rho': 0.1, 'tikh': 0.1, 'option': 5, 'N_train': 20000, 'out_dim': 3, 'Normalization': 1}. Best is trial 145 with value: 0.009504025103524327.
[I 2025-11-21 01:53:18,204] Trial 199 finished with value: 5140.565578460693 and parameters: {'n_units': 3000, 'alpha': 0.8, 'sigma_in': 0.1, 'rho': 0.1, 'tikh': 1e-08, 'option': 2, 'N_train': 20000, 'out_dim': 3, 'Normalization': 1}. Best is trial 145 with value: 0.009504025103524327.
[I 2025-11-21 01:54:29,880] Trial 200 finished with value: 3224.264797973633 and parameters: {'n_units': 3000, 'alpha': 1.0, 'sigma_in': 0.1, 'rho': 0.1, 'tikh': 1e-05, 'option': 5, 'N_train': 20000, 'out_dim': 3, 'Normalization': 1}. Best is trial 145 with value: 0.009504025103524327.
[I 2025-11-21 01:55:38,842] Trial 201 finished with value: 0.013358441460877658 and parameters: {'n_units': 3000, 'alpha': 0.8, 'sigma_in': 0.1, 'rho': 0.1, 'tikh': 0.1, 'option': 5, 'N_train': 20000, 'out_dim': 3, 'Normalization': 1}. Best is trial 145 with value: 0.009504025103524327.
[I 2025-11-21 01:56:49,264] Trial 202 finished with value: 0.011317930277436971 and parameters: {'n_units': 3000, 'alpha': 0.9, 'sigma_in': 0.1, 'rho': 0.1, 'tikh': 0.1, 'option': 5, 'N_train': 20000, 'out_dim': 3, 'Normalization': 1}. Best is trial 145 with value: 0.009504025103524327.
[I 2025-11-21 01:58:01,203] Trial 203 finished with value: 0.0955893537029624 and parameters: {'n_units': 3000, 'alpha': 0.9, 'sigma_in': 0.1, 'rho': 0.1, 'tikh': 0.1, 'option': 5, 'N_train': 20000, 'out_dim': 3, 'Normalization': 1}. Best is trial 145 with value: 0.009504025103524327.
[I 2025-11-21 01:59:11,125] Trial 204 finished with value: 0.011418386292643846 and parameters: {'n_units': 3000, 'alpha': 0.9, 'sigma_in': 0.1, 'rho': 0.1, 'tikh': 0.1, 'option': 5, 'N_train': 20000, 'out_dim': 3, 'Normalization': 1}. Best is trial 145 with value: 0.009504025103524327.
[I 2025-11-21 02:00:22,700] Trial 205 finished with value: 0.009648615913465618 and parameters: {'n_units': 3000, 'alpha': 0.9, 'sigma_in': 0.1, 'rho': 0.1, 'tikh': 0.1, 'option': 5, 'N_train': 20000, 'out_dim': 3, 'Normalization': 1}. Best is trial 145 with value: 0.009504025103524327.
[I 2025-11-21 02:01:32,692] Trial 206 finished with value: 0.012250048900023102 and parameters: {'n_units': 3000, 'alpha': 0.9, 'sigma_in': 0.1, 'rho': 0.1, 'tikh': 0.1, 'option': 5, 'N_train': 20000, 'out_dim': 3, 'Normalization': 1}. Best is trial 145 with value: 0.009504025103524327.
[I 2025-11-21 02:02:51,785] Trial 207 finished with value: 11591.540702056885 and parameters: {'n_units': 3000, 'alpha': 0.9, 'sigma_in': 0.1, 'rho': 0.1, 'tikh': 0.001, 'option': 5, 'N_train': 20000, 'out_dim': 3, 'Normalization': 1}. Best is trial 145 with value: 0.009504025103524327.
[I 2025-11-21 02:04:01,619] Trial 208 finished with value: 5.138459587097168 and parameters: {'n_units': 3000, 'alpha': 0.9, 'sigma_in': 0.1, 'rho': 0.1, 'tikh': 0.1, 'option': 3, 'N_train': 20000, 'out_dim': 3, 'Normalization': 1}. Best is trial 145 with value: 0.009504025103524327.
[I 2025-11-21 02:05:14,445] Trial 209 finished with value: 29.10792273376137 and parameters: {'n_units': 3000, 'alpha': 0.9, 'sigma_in': 0.1, 'rho': 0.1, 'tikh': 0.1, 'option': 5, 'N_train': 20000, 'out_dim': 3, 'Normalization': 1}. Best is trial 145 with value: 0.009504025103524327.
[I 2025-11-21 02:06:23,906] Trial 210 finished with value: 149696.9762451172 and parameters: {'n_units': 3000, 'alpha': 0.9, 'sigma_in': 0.2, 'rho': 0.2, 'tikh': 0.0001, 'option': 5, 'N_train': 20000, 'out_dim': 3, 'Normalization': 1}. Best is trial 145 with value: 0.009504025103524327.
[I 2025-11-21 02:07:34,202] Trial 211 finished with value: 1.1199012575671077 and parameters: {'n_units': 3000, 'alpha': 0.9, 'sigma_in': 0.1, 'rho': 0.1, 'tikh': 0.1, 'option': 5, 'N_train': 20000, 'out_dim': 3, 'Normalization': 1}. Best is trial 145 with value: 0.009504025103524327.
[I 2025-11-21 02:08:47,762] Trial 212 finished with value: 0.012850438267923892 and parameters: {'n_units': 3000, 'alpha': 0.9, 'sigma_in': 0.1, 'rho': 0.1, 'tikh': 0.1, 'option': 5, 'N_train': 20000, 'out_dim': 3, 'Normalization': 1}. Best is trial 145 with value: 0.009504025103524327.
[I 2025-11-21 02:09:58,447] Trial 213 finished with value: 7.134238385595381 and parameters: {'n_units': 3000, 'alpha': 1.0, 'sigma_in': 0.1, 'rho': 0.1, 'tikh': 0.1, 'option': 5, 'N_train': 20000, 'out_dim': 3, 'Normalization': 1}. Best is trial 145 with value: 0.009504025103524327.
[I 2025-11-21 02:11:08,363] Trial 214 finished with value: 0.012428386602550745 and parameters: {'n_units': 3000, 'alpha': 0.9, 'sigma_in': 0.1, 'rho': 0.1, 'tikh': 0.1, 'option': 5, 'N_train': 20000, 'out_dim': 3, 'Normalization': 1}. Best is trial 145 with value: 0.009504025103524327.
[I 2025-11-21 02:12:20,354] Trial 215 finished with value: 0.10278981751762331 and parameters: {'n_units': 3000, 'alpha': 0.9, 'sigma_in': 0.1, 'rho': 0.1, 'tikh': 0.1, 'option': 5, 'N_train': 20000, 'out_dim': 3, 'Normalization': 1}. Best is trial 145 with value: 0.009504025103524327.
[I 2025-11-21 02:13:30,064] Trial 216 finished with value: 0.011476359516382217 and parameters: {'n_units': 3000, 'alpha': 1.0, 'sigma_in': 0.1, 'rho': 0.1, 'tikh': 0.1, 'option': 5, 'N_train': 20000, 'out_dim': 3, 'Normalization': 1}. Best is trial 145 with value: 0.009504025103524327.
[I 2025-11-21 02:14:45,552] Trial 217 finished with value: 2998.1954818725585 and parameters: {'n_units': 3000, 'alpha': 1.0, 'sigma_in': 0.1, 'rho': 0.1, 'tikh': 1e-06, 'option': 5, 'N_train': 20000, 'out_dim': 3, 'Normalization': 1}. Best is trial 145 with value: 0.009504025103524327.
[I 2025-11-21 02:15:54,572] Trial 218 finished with value: 3980.0691453933714 and parameters: {'n_units': 3000, 'alpha': 1.0, 'sigma_in': 0.6, 'rho': 0.1, 'tikh': 0.1, 'option': 5, 'N_train': 20000, 'out_dim': 3, 'Normalization': 1}. Best is trial 145 with value: 0.009504025103524327.
[I 2025-11-21 02:17:07,581] Trial 219 finished with value: 5.23845362663269 and parameters: {'n_units': 3000, 'alpha': 1.0, 'sigma_in': 0.1, 'rho': 0.1, 'tikh': 0.1, 'option': 4, 'N_train': 20000, 'out_dim': 3, 'Normalization': 1}. Best is trial 145 with value: 0.009504025103524327.
[I 2025-11-21 02:18:22,738] Trial 220 finished with value: 0.08815458863973617 and parameters: {'n_units': 3000, 'alpha': 1.0, 'sigma_in': 0.1, 'rho': 0.1, 'tikh': 0.1, 'option': 5, 'N_train': 20000, 'out_dim': 3, 'Normalization': 1}. Best is trial 145 with value: 0.009504025103524327.
[I 2025-11-21 02:19:32,955] Trial 221 finished with value: 0.010832242155447602 and parameters: {'n_units': 3000, 'alpha': 0.9, 'sigma_in': 0.1, 'rho': 0.1, 'tikh': 0.1, 'option': 5, 'N_train': 20000, 'out_dim': 3, 'Normalization': 1}. Best is trial 145 with value: 0.009504025103524327.
[I 2025-11-21 02:20:43,289] Trial 222 finished with value: 0.0958558420650661 and parameters: {'n_units': 3000, 'alpha': 0.9, 'sigma_in': 0.1, 'rho': 0.1, 'tikh': 0.1, 'option': 5, 'N_train': 20000, 'out_dim': 3, 'Normalization': 1}. Best is trial 145 with value: 0.009504025103524327.
[I 2025-11-21 02:21:53,667] Trial 223 finished with value: 0.5929195423144847 and parameters: {'n_units': 3000, 'alpha': 0.9, 'sigma_in': 0.1, 'rho': 0.1, 'tikh': 0.1, 'option': 5, 'N_train': 20000, 'out_dim': 3, 'Normalization': 1}. Best is trial 145 with value: 0.009504025103524327.
[I 2025-11-21 02:23:03,977] Trial 224 finished with value: 0.010249317111447453 and parameters: {'n_units': 3000, 'alpha': 0.9, 'sigma_in': 0.1, 'rho': 0.1, 'tikh': 0.1, 'option': 5, 'N_train': 20000, 'out_dim': 3, 'Normalization': 1}. Best is trial 145 with value: 0.009504025103524327.
[I 2025-11-21 02:24:14,126] Trial 225 finished with value: 0.08865596316754817 and parameters: {'n_units': 3000, 'alpha': 0.9, 'sigma_in': 0.1, 'rho': 0.1, 'tikh': 0.1, 'option': 5, 'N_train': 20000, 'out_dim': 3, 'Normalization': 1}. Best is trial 145 with value: 0.009504025103524327.
