[I 2025-11-21 02:48:56,126] Trial 294 finished with value: 1286.2599880218506 and parameters: {'n_units': 3000, 'alpha': 0.8, 'sigma_in': 0.2, 'rho': 0.1, 'tikh': 1e-08, 'option': 3, 'N_train': 20000, 'out_dim': 3, 'Normalization': 1}. Best is trial 285 with value: 0.005549713619984686.
[I 2025-11-21 02:50:17,241] Trial 295 finished with value: 0.006504128081724047 and parameters: {'n_units': 3000, 'alpha': 0.8, 'sigma_in': 0.2, 'rho': 0.1, 'tikh': 0.1, 'option': 3, 'N_train': 20000, 'out_dim': 3, 'Normalization': 1}. Best is trial 285 with value: 0.005549713619984686.
[I 2025-11-21 02:51:40,776] Trial 296 finished with value: 410.5500949859619 and parameters: {'n_units': 3000, 'alpha': 0.8, 'sigma_in': 0.2, 'rho': 0.1, 'tikh': 1e-10, 'option': 3, 'N_train': 20000, 'out_dim': 3, 'Normalization': 1}. Best is trial 285 with value: 0.005549713619984686.
[I 2025-11-21 02:53:00,148] Trial 297 finished with value: 0.006513973232358694 and parameters: {'n_units': 3000, 'alpha': 0.8, 'sigma_in': 0.2, 'rho': 0.1, 'tikh': 0.1, 'option': 3, 'N_train': 20000, 'out_dim': 3, 'Normalization': 1}. Best is trial 285 with value: 0.005549713619984686.
[I 2025-11-21 02:54:12,170] Trial 298 finished with value: 0.0067260829266160725 and parameters: {'n_units': 3000, 'alpha': 0.8, 'sigma_in': 0.2, 'rho': 0.1, 'tikh': 0.1, 'option': 3, 'N_train': 20000, 'out_dim': 3, 'Normalization': 1}. Best is trial 285 with value: 0.005549713619984686.
[I 2025-11-21 02:55:26,323] Trial 299 finished with value: 0.006158965639770031 and parameters: {'n_units': 3000, 'alpha': 0.8, 'sigma_in': 0.2, 'rho': 0.1, 'tikh': 0.1, 'option': 3, 'N_train': 20000, 'out_dim': 3, 'Normalization': 1}. Best is trial 285 with value: 0.005549713619984686.
[I 2025-11-21 02:56:39,730] Trial 300 finished with value: 0.0060744030401110646 and parameters: {'n_units': 3000, 'alpha': 0.8, 'sigma_in': 0.2, 'rho': 0.1, 'tikh': 0.1, 'option': 3, 'N_train': 20000, 'out_dim': 3, 'Normalization': 1}. Best is trial 285 with value: 0.005549713619984686.
[I 2025-11-21 02:58:00,201] Trial 301 finished with value: 0.006119695166125894 and parameters: {'n_units': 3000, 'alpha': 0.8, 'sigma_in': 0.2, 'rho': 0.1, 'tikh': 0.1, 'option': 3, 'N_train': 20000, 'out_dim': 3, 'Normalization': 1}. Best is trial 285 with value: 0.005549713619984686.
[I 2025-11-21 02:59:16,162] Trial 302 finished with value: 97.36558181345463 and parameters: {'n_units': 3000, 'alpha': 0.8, 'sigma_in': 0.2, 'rho': 0.1, 'tikh': 0.1, 'option': 5, 'N_train': 20000, 'out_dim': 3, 'Normalization': 1}. Best is trial 285 with value: 0.005549713619984686.
[I 2025-11-21 03:00:35,328] Trial 303 finished with value: 0.006897017965093255 and parameters: {'n_units': 3000, 'alpha': 0.8, 'sigma_in': 0.2, 'rho': 0.1, 'tikh': 0.1, 'option': 3, 'N_train': 20000, 'out_dim': 3, 'Normalization': 1}. Best is trial 285 with value: 0.005549713619984686.
[I 2025-11-21 03:02:09,224] Trial 304 finished with value: 3105.590655517578 and parameters: {'n_units': 3000, 'alpha': 0.8, 'sigma_in': 0.2, 'rho': 0.1, 'tikh': 1e-06, 'option': 3, 'N_train': 20000, 'out_dim': 3, 'Normalization': 1}. Best is trial 285 with value: 0.005549713619984686.
[I 2025-11-21 03:03:17,741] Trial 305 finished with value: 2564.7157932281493 and parameters: {'n_units': 3000, 'alpha': 0.8, 'sigma_in': 0.2, 'rho': 0.1, 'tikh': 1e-09, 'option': 3, 'N_train': 20000, 'out_dim': 3, 'Normalization': 1}. Best is trial 285 with value: 0.005549713619984686.
[I 2025-11-21 03:04:31,353] Trial 306 finished with value: 0.0067693754099309444 and parameters: {'n_units': 3000, 'alpha': 0.8, 'sigma_in': 0.2, 'rho': 0.1, 'tikh': 0.1, 'option': 3, 'N_train': 20000, 'out_dim': 3, 'Normalization': 1}. Best is trial 285 with value: 0.005549713619984686.
[I 2025-11-21 03:05:43,310] Trial 307 finished with value: 0.0061284587252885105 and parameters: {'n_units': 3000, 'alpha': 0.8, 'sigma_in': 0.2, 'rho': 0.1, 'tikh': 0.1, 'option': 3, 'N_train': 20000, 'out_dim': 3, 'Normalization': 1}. Best is trial 285 with value: 0.005549713619984686.
[I 2025-11-21 03:07:02,032] Trial 308 finished with value: 0.006247985735535621 and parameters: {'n_units': 3000, 'alpha': 0.8, 'sigma_in': 0.2, 'rho': 0.1, 'tikh': 0.1, 'option': 3, 'N_train': 20000, 'out_dim': 3, 'Normalization': 1}. Best is trial 285 with value: 0.005549713619984686.
[I 2025-11-21 03:08:16,143] Trial 309 finished with value: 0.00572434370405972 and parameters: {'n_units': 3000, 'alpha': 0.8, 'sigma_in': 0.2, 'rho': 0.1, 'tikh': 0.1, 'option': 3, 'N_train': 20000, 'out_dim': 3, 'Normalization': 1}. Best is trial 285 with value: 0.005549713619984686.
[I 2025-11-21 03:09:31,502] Trial 310 finished with value: 0.006304803281091153 and parameters: {'n_units': 3000, 'alpha': 0.8, 'sigma_in': 0.2, 'rho': 0.1, 'tikh': 0.1, 'option': 3, 'N_train': 20000, 'out_dim': 3, 'Normalization': 1}. Best is trial 285 with value: 0.005549713619984686.
[I 2025-11-21 03:10:49,430] Trial 311 finished with value: 12536.356345558166 and parameters: {'n_units': 3000, 'alpha': 0.8, 'sigma_in': 0.2, 'rho': 0.1, 'tikh': 0.0001, 'option': 3, 'N_train': 20000, 'out_dim': 3, 'Normalization': 1}. Best is trial 285 with value: 0.005549713619984686.
[I 2025-11-21 03:12:07,413] Trial 312 finished with value: 578351.3953371048 and parameters: {'n_units': 3000, 'alpha': 0.8, 'sigma_in': 0.2, 'rho': 0.1, 'tikh': 1e-05, 'option': 3, 'N_train': 20000, 'out_dim': 3, 'Normalization': 1}. Best is trial 285 with value: 0.005549713619984686.
[I 2025-11-21 03:13:21,902] Trial 313 finished with value: 0.012610857747495175 and parameters: {'n_units': 3000, 'alpha': 0.8, 'sigma_in': 0.2, 'rho': 0.1, 'tikh': 0.1, 'option': 2, 'N_train': 20000, 'out_dim': 3, 'Normalization': 1}. Best is trial 285 with value: 0.005549713619984686.
[I 2025-11-21 03:14:40,304] Trial 314 finished with value: 0.21544088572263717 and parameters: {'n_units': 3000, 'alpha': 0.8, 'sigma_in': 0.1, 'rho': 0.1, 'tikh': 0.1, 'option': 3, 'N_train': 20000, 'out_dim': 3, 'Normalization': 1}. Best is trial 285 with value: 0.005549713619984686.
[I 2025-11-21 03:15:50,341] Trial 315 finished with value: 0.006652392540127039 and parameters: {'n_units': 3000, 'alpha': 0.8, 'sigma_in': 0.2, 'rho': 0.1, 'tikh': 0.1, 'option': 3, 'N_train': 20000, 'out_dim': 3, 'Normalization': 1}. Best is trial 285 with value: 0.005549713619984686.
[I 2025-11-21 03:16:59,651] Trial 316 finished with value: 0.006388392485678196 and parameters: {'n_units': 3000, 'alpha': 0.8, 'sigma_in': 0.2, 'rho': 0.1, 'tikh': 0.1, 'option': 3, 'N_train': 20000, 'out_dim': 3, 'Normalization': 1}. Best is trial 285 with value: 0.005549713619984686.
[I 2025-11-21 03:18:23,055] Trial 317 finished with value: 0.0063502280041575435 and parameters: {'n_units': 3000, 'alpha': 0.8, 'sigma_in': 0.2, 'rho': 0.1, 'tikh': 0.1, 'option': 3, 'N_train': 20000, 'out_dim': 3, 'Normalization': 1}. Best is trial 285 with value: 0.005549713619984686.
[I 2025-11-21 03:19:37,150] Trial 318 finished with value: 294.9675188064575 and parameters: {'n_units': 3000, 'alpha': 0.8, 'sigma_in': 0.2, 'rho': 0.1, 'tikh': 0.01, 'option': 3, 'N_train': 20000, 'out_dim': 3, 'Normalization': 1}. Best is trial 285 with value: 0.005549713619984686.
[I 2025-11-21 03:20:52,654] Trial 319 finished with value: 0.00708658522926271 and parameters: {'n_units': 3000, 'alpha': 0.8, 'sigma_in': 0.2, 'rho': 0.1, 'tikh': 0.1, 'option': 3, 'N_train': 20000, 'out_dim': 3, 'Normalization': 1}. Best is trial 285 with value: 0.005549713619984686.
[I 2025-11-21 03:22:08,579] Trial 320 finished with value: 51375.6150352478 and parameters: {'n_units': 3000, 'alpha': 0.8, 'sigma_in': 0.2, 'rho': 0.1, 'tikh': 0.001, 'option': 3, 'N_train': 20000, 'out_dim': 3, 'Normalization': 1}. Best is trial 285 with value: 0.005549713619984686.
[I 2025-11-21 03:23:28,288] Trial 321 finished with value: 0.006788739375770092 and parameters: {'n_units': 3000, 'alpha': 0.8, 'sigma_in': 0.2, 'rho': 0.1, 'tikh': 0.1, 'option': 3, 'N_train': 20000, 'out_dim': 3, 'Normalization': 1}. Best is trial 285 with value: 0.005549713619984686.
[I 2025-11-21 03:24:37,754] Trial 322 finished with value: 0.006695085996761918 and parameters: {'n_units': 3000, 'alpha': 0.8, 'sigma_in': 0.2, 'rho': 0.1, 'tikh': 0.1, 'option': 3, 'N_train': 20000, 'out_dim': 3, 'Normalization': 1}. Best is trial 285 with value: 0.005549713619984686.
[I 2025-11-21 03:25:59,394] Trial 323 finished with value: 0.006032098364084959 and parameters: {'n_units': 3000, 'alpha': 0.8, 'sigma_in': 0.2, 'rho': 0.1, 'tikh': 0.1, 'option': 3, 'N_train': 20000, 'out_dim': 3, 'Normalization': 1}. Best is trial 285 with value: 0.005549713619984686.
[I 2025-11-21 03:27:15,848] Trial 324 finished with value: 0.005890230694785714 and parameters: {'n_units': 3000, 'alpha': 0.8, 'sigma_in': 0.2, 'rho': 0.1, 'tikh': 0.1, 'option': 3, 'N_train': 20000, 'out_dim': 3, 'Normalization': 1}. Best is trial 285 with value: 0.005549713619984686.
[I 2025-11-21 03:28:26,419] Trial 325 finished with value: 0.21923148781061172 and parameters: {'n_units': 3000, 'alpha': 0.7000000000000001, 'sigma_in': 0.1, 'rho': 0.1, 'tikh': 0.1, 'option': 3, 'N_train': 20000, 'out_dim': 3, 'Normalization': 1}. Best is trial 285 with value: 0.005549713619984686.
[I 2025-11-21 03:29:41,908] Trial 326 finished with value: 2735540.0472366335 and parameters: {'n_units': 3000, 'alpha': 0.8, 'sigma_in': 0.2, 'rho': 0.1, 'tikh': 1e-08, 'option': 5, 'N_train': 20000, 'out_dim': 3, 'Normalization': 1}. Best is trial 285 with value: 0.005549713619984686.
[I 2025-11-21 03:31:07,465] Trial 327 finished with value: 0.005695354798808694 and parameters: {'n_units': 3000, 'alpha': 0.8, 'sigma_in': 0.2, 'rho': 0.1, 'tikh': 0.1, 'option': 3, 'N_train': 20000, 'out_dim': 3, 'Normalization': 1}. Best is trial 285 with value: 0.005549713619984686.
[I 2025-11-21 03:32:28,098] Trial 328 finished with value: 0.006461031921207905 and parameters: {'n_units': 3000, 'alpha': 0.9, 'sigma_in': 0.2, 'rho': 0.1, 'tikh': 0.1, 'option': 3, 'N_train': 20000, 'out_dim': 3, 'Normalization': 1}. Best is trial 285 with value: 0.005549713619984686.
[I 2025-11-21 03:33:39,701] Trial 329 finished with value: 0.006257504085078835 and parameters: {'n_units': 3000, 'alpha': 0.8, 'sigma_in': 0.2, 'rho': 0.1, 'tikh': 0.1, 'option': 3, 'N_train': 20000, 'out_dim': 3, 'Normalization': 1}. Best is trial 285 with value: 0.005549713619984686.
[I 2025-11-21 03:34:50,643] Trial 330 finished with value: 1582.9646282196045 and parameters: {'n_units': 3000, 'alpha': 0.8, 'sigma_in': 0.2, 'rho': 0.1, 'tikh': 1e-07, 'option': 3, 'N_train': 20000, 'out_dim': 3, 'Normalization': 1}. Best is trial 285 with value: 0.005549713619984686.
[I 2025-11-21 03:36:05,813] Trial 331 finished with value: 0.006366902310401201 and parameters: {'n_units': 3000, 'alpha': 0.8, 'sigma_in': 0.2, 'rho': 0.1, 'tikh': 0.1, 'option': 3, 'N_train': 20000, 'out_dim': 3, 'Normalization': 1}. Best is trial 285 with value: 0.005549713619984686.
[I 2025-11-21 03:37:21,155] Trial 332 finished with value: 0.006397870928049087 and parameters: {'n_units': 3000, 'alpha': 0.8, 'sigma_in': 0.2, 'rho': 0.1, 'tikh': 0.1, 'option': 3, 'N_train': 20000, 'out_dim': 3, 'Normalization': 1}. Best is trial 285 with value: 0.005549713619984686.
[I 2025-11-21 03:38:41,486] Trial 333 finished with value: 2421.112746429443 and parameters: {'n_units': 3000, 'alpha': 0.8, 'sigma_in': 0.2, 'rho': 0.1, 'tikh': 1e-10, 'option': 3, 'N_train': 20000, 'out_dim': 3, 'Normalization': 1}. Best is trial 285 with value: 0.005549713619984686.
[I 2025-11-21 03:40:06,905] Trial 334 finished with value: 0.006143321003764868 and parameters: {'n_units': 3000, 'alpha': 0.8, 'sigma_in': 0.2, 'rho': 0.1, 'tikh': 0.1, 'option': 3, 'N_train': 20000, 'out_dim': 3, 'Normalization': 1}. Best is trial 285 with value: 0.005549713619984686.
[I 2025-11-21 03:41:28,223] Trial 335 finished with value: 0.2055927872657776 and parameters: {'n_units': 3000, 'alpha': 0.9, 'sigma_in': 0.1, 'rho': 0.1, 'tikh': 0.1, 'option': 3, 'N_train': 20000, 'out_dim': 3, 'Normalization': 1}. Best is trial 285 with value: 0.005549713619984686.
[I 2025-11-21 03:42:44,048] Trial 336 finished with value: 0.006348010338842869 and parameters: {'n_units': 3000, 'alpha': 0.8, 'sigma_in': 0.2, 'rho': 0.1, 'tikh': 0.1, 'option': 3, 'N_train': 20000, 'out_dim': 3, 'Normalization': 1}. Best is trial 285 with value: 0.005549713619984686.
[I 2025-11-21 03:43:58,345] Trial 337 finished with value: 11538.994079113007 and parameters: {'n_units': 3000, 'alpha': 0.8, 'sigma_in': 0.2, 'rho': 0.1, 'tikh': 1e-06, 'option': 3, 'N_train': 20000, 'out_dim': 3, 'Normalization': 1}. Best is trial 285 with value: 0.005549713619984686.
[I 2025-11-21 03:45:12,995] Trial 338 finished with value: 0.006116669997572899 and parameters: {'n_units': 3000, 'alpha': 0.7000000000000001, 'sigma_in': 0.2, 'rho': 0.1, 'tikh': 0.1, 'option': 3, 'N_train': 20000, 'out_dim': 3, 'Normalization': 1}. Best is trial 285 with value: 0.005549713619984686.
[I 2025-11-21 03:46:33,645] Trial 339 finished with value: 0.017797220125794412 and parameters: {'n_units': 3000, 'alpha': 0.7000000000000001, 'sigma_in': 0.2, 'rho': 0.1, 'tikh': 0.1, 'option': 2, 'N_train': 20000, 'out_dim': 3, 'Normalization': 1}. Best is trial 285 with value: 0.005549713619984686.
[I 2025-11-21 03:47:54,852] Trial 340 finished with value: 36.71117765903473 and parameters: {'n_units': 3000, 'alpha': 0.7000000000000001, 'sigma_in': 0.7000000000000001, 'rho': 0.1, 'tikh': 0.1, 'option': 3, 'N_train': 20000, 'out_dim': 3, 'Normalization': 1}. Best is trial 285 with value: 0.005549713619984686.
[I 2025-11-21 03:49:05,674] Trial 341 finished with value: 0.006223646574653685 and parameters: {'n_units': 3000, 'alpha': 0.6, 'sigma_in': 0.2, 'rho': 0.1, 'tikh': 0.1, 'option': 3, 'N_train': 20000, 'out_dim': 3, 'Normalization': 1}. Best is trial 285 with value: 0.005549713619984686.
[I 2025-11-21 03:50:16,323] Trial 342 finished with value: 15352.112881660461 and parameters: {'n_units': 3000, 'alpha': 0.7000000000000001, 'sigma_in': 0.2, 'rho': 0.1, 'tikh': 1e-09, 'option': 3, 'N_train': 20000, 'out_dim': 3, 'Normalization': 1}. Best is trial 285 with value: 0.005549713619984686.
[I 2025-11-21 03:51:32,817] Trial 343 finished with value: 0.005676805949769914 and parameters: {'n_units': 3000, 'alpha': 0.6, 'sigma_in': 0.2, 'rho': 0.1, 'tikh': 0.1, 'option': 3, 'N_train': 20000, 'out_dim': 3, 'Normalization': 1}. Best is trial 285 with value: 0.005549713619984686.
[I 2025-11-21 03:52:44,943] Trial 344 finished with value: 0.009601029939949513 and parameters: {'n_units': 3000, 'alpha': 0.6, 'sigma_in': 0.2, 'rho': 0.1, 'tikh': 0.1, 'option': 3, 'N_train': 20000, 'out_dim': 3, 'Normalization': 1}. Best is trial 285 with value: 0.005549713619984686.
[I 2025-11-21 03:53:59,011] Trial 345 finished with value: 0.006987995840609074 and parameters: {'n_units': 3000, 'alpha': 0.6, 'sigma_in': 0.2, 'rho': 0.1, 'tikh': 0.1, 'option': 3, 'N_train': 20000, 'out_dim': 3, 'Normalization': 1}. Best is trial 285 with value: 0.005549713619984686.
[I 2025-11-21 03:55:16,743] Trial 346 finished with value: 307.71421127319337 and parameters: {'n_units': 3000, 'alpha': 0.6, 'sigma_in': 0.2, 'rho': 0.1, 'tikh': 1e-05, 'option': 3, 'N_train': 20000, 'out_dim': 3, 'Normalization': 1}. Best is trial 285 with value: 0.005549713619984686.
[I 2025-11-21 03:56:36,598] Trial 347 finished with value: 1629.2222945213318 and parameters: {'n_units': 3000, 'alpha': 0.6, 'sigma_in': 0.8, 'rho': 0.1, 'tikh': 0.0001, 'option': 3, 'N_train': 20000, 'out_dim': 3, 'Normalization': 1}. Best is trial 285 with value: 0.005549713619984686.
[I 2025-11-21 03:57:53,368] Trial 348 finished with value: 0.23382165133953095 and parameters: {'n_units': 3000, 'alpha': 0.6, 'sigma_in': 0.1, 'rho': 0.1, 'tikh': 0.1, 'option': 3, 'N_train': 20000, 'out_dim': 3, 'Normalization': 1}. Best is trial 285 with value: 0.005549713619984686.
[I 2025-11-21 03:59:12,906] Trial 349 finished with value: 283.2175897717476 and parameters: {'n_units': 3000, 'alpha': 0.7000000000000001, 'sigma_in': 0.2, 'rho': 0.1, 'tikh': 0.1, 'option': 5, 'N_train': 20000, 'out_dim': 3, 'Normalization': 1}. Best is trial 285 with value: 0.005549713619984686.
[I 2025-11-21 04:00:38,000] Trial 350 finished with value: 0.006006235303357243 and parameters: {'n_units': 3000, 'alpha': 0.7000000000000001, 'sigma_in': 0.2, 'rho': 0.1, 'tikh': 0.1, 'option': 3, 'N_train': 20000, 'out_dim': 3, 'Normalization': 1}. Best is trial 285 with value: 0.005549713619984686.
[I 2025-11-21 04:01:59,732] Trial 351 finished with value: 0.00653790095821023 and parameters: {'n_units': 3000, 'alpha': 0.7000000000000001, 'sigma_in': 0.2, 'rho': 0.1, 'tikh': 0.1, 'option': 3, 'N_train': 20000, 'out_dim': 3, 'Normalization': 1}. Best is trial 285 with value: 0.005549713619984686.
[I 2025-11-21 04:03:23,513] Trial 352 finished with value: 0.007775010215118528 and parameters: {'n_units': 3000, 'alpha': 0.7000000000000001, 'sigma_in': 0.2, 'rho': 0.1, 'tikh': 0.1, 'option': 3, 'N_train': 20000, 'out_dim': 3, 'Normalization': 1}. Best is trial 285 with value: 0.005549713619984686.
[I 2025-11-21 04:04:43,571] Trial 353 finished with value: 0.24003826081752777 and parameters: {'n_units': 3000, 'alpha': 0.6, 'sigma_in': 0.1, 'rho': 0.1, 'tikh': 0.1, 'option': 3, 'N_train': 20000, 'out_dim': 3, 'Normalization': 1}. Best is trial 285 with value: 0.005549713619984686.
[I 2025-11-21 04:06:06,850] Trial 354 finished with value: 0.00664915619418025 and parameters: {'n_units': 3000, 'alpha': 0.7000000000000001, 'sigma_in': 0.2, 'rho': 0.1, 'tikh': 0.1, 'option': 3, 'N_train': 20000, 'out_dim': 3, 'Normalization': 1}. Best is trial 285 with value: 0.005549713619984686.
[I 2025-11-21 04:07:26,281] Trial 355 finished with value: 302.25612647533416 and parameters: {'n_units': 3000, 'alpha': 0.7000000000000001, 'sigma_in': 0.2, 'rho': 0.1, 'tikh': 0.01, 'option': 3, 'N_train': 20000, 'out_dim': 3, 'Normalization': 1}. Best is trial 285 with value: 0.005549713619984686.
[I 2025-11-21 04:08:43,105] Trial 356 finished with value: 0.006467209337279201 and parameters: {'n_units': 3000, 'alpha': 0.7000000000000001, 'sigma_in': 0.2, 'rho': 0.1, 'tikh': 0.1, 'option': 3, 'N_train': 20000, 'out_dim': 3, 'Normalization': 1}. Best is trial 285 with value: 0.005549713619984686.
[I 2025-11-21 04:10:02,571] Trial 357 finished with value: 6791.802792739868 and parameters: {'n_units': 3000, 'alpha': 0.6, 'sigma_in': 0.2, 'rho': 0.1, 'tikh': 0.001, 'option': 3, 'N_train': 20000, 'out_dim': 3, 'Normalization': 1}. Best is trial 285 with value: 0.005549713619984686.
[I 2025-11-21 04:11:25,124] Trial 358 finished with value: 0.0059774399269372225 and parameters: {'n_units': 3000, 'alpha': 0.7000000000000001, 'sigma_in': 0.2, 'rho': 0.1, 'tikh': 0.1, 'option': 3, 'N_train': 20000, 'out_dim': 3, 'Normalization': 1}. Best is trial 285 with value: 0.005549713619984686.
[I 2025-11-21 04:12:47,053] Trial 359 finished with value: 0.006270449934527278 and parameters: {'n_units': 3000, 'alpha': 0.7000000000000001, 'sigma_in': 0.2, 'rho': 0.1, 'tikh': 0.1, 'option': 3, 'N_train': 20000, 'out_dim': 3, 'Normalization': 1}. Best is trial 285 with value: 0.005549713619984686.
[I 2025-11-21 04:14:06,968] Trial 360 finished with value: 23.37045841217041 and parameters: {'n_units': 3000, 'alpha': 0.7000000000000001, 'sigma_in': 0.2, 'rho': 0.8, 'tikh': 0.1, 'option': 3, 'N_train': 20000, 'out_dim': 3, 'Normalization': 1}. Best is trial 285 with value: 0.005549713619984686.
[I 2025-11-21 04:15:25,602] Trial 361 finished with value: 4088.4500732421875 and parameters: {'n_units': 3000, 'alpha': 0.7000000000000001, 'sigma_in': 0.2, 'rho': 0.1, 'tikh': 1e-08, 'option': 3, 'N_train': 20000, 'out_dim': 3, 'Normalization': 1}. Best is trial 285 with value: 0.005549713619984686.
[I 2025-11-21 04:16:46,583] Trial 362 finished with value: 0.016274988185614347 and parameters: {'n_units': 3000, 'alpha': 0.7000000000000001, 'sigma_in': 0.2, 'rho': 0.1, 'tikh': 0.1, 'option': 2, 'N_train': 20000, 'out_dim': 3, 'Normalization': 1}. Best is trial 285 with value: 0.005549713619984686.
[I 2025-11-21 04:18:01,347] Trial 363 finished with value: 0.006691919988952577 and parameters: {'n_units': 3000, 'alpha': 0.7000000000000001, 'sigma_in': 0.2, 'rho': 0.1, 'tikh': 0.1, 'option': 3, 'N_train': 20000, 'out_dim': 3, 'Normalization': 1}. Best is trial 285 with value: 0.005549713619984686.
[I 2025-11-21 04:19:19,562] Trial 364 finished with value: 1055572.4329590797 and parameters: {'n_units': 3000, 'alpha': 0.6, 'sigma_in': 0.2, 'rho': 0.1, 'tikh': 1e-07, 'option': 3, 'N_train': 20000, 'out_dim': 3, 'Normalization': 1}. Best is trial 285 with value: 0.005549713619984686.
[I 2025-11-21 04:20:39,295] Trial 365 finished with value: 0.24861982613801956 and parameters: {'n_units': 3000, 'alpha': 0.5, 'sigma_in': 0.1, 'rho': 0.1, 'tikh': 0.1, 'option': 3, 'N_train': 20000, 'out_dim': 3, 'Normalization': 1}. Best is trial 285 with value: 0.005549713619984686.
[I 2025-11-21 04:21:55,901] Trial 366 finished with value: 52520.049392318724 and parameters: {'n_units': 3000, 'alpha': 0.7000000000000001, 'sigma_in': 0.2, 'rho': 0.1, 'tikh': 1e-10, 'option': 3, 'N_train': 20000, 'out_dim': 3, 'Normalization': 1}. Best is trial 285 with value: 0.005549713619984686.
[I 2025-11-21 04:23:11,613] Trial 367 finished with value: 0.007021898031234741 and parameters: {'n_units': 3000, 'alpha': 0.8, 'sigma_in': 0.2, 'rho': 0.1, 'tikh': 0.1, 'option': 3, 'N_train': 20000, 'out_dim': 3, 'Normalization': 1}. Best is trial 285 with value: 0.005549713619984686.
[I 2025-11-21 04:24:30,411] Trial 368 finished with value: 0.00652333116158843 and parameters: {'n_units': 3000, 'alpha': 0.9, 'sigma_in': 0.2, 'rho': 0.1, 'tikh': 0.1, 'option': 3, 'N_train': 20000, 'out_dim': 3, 'Normalization': 1}. Best is trial 285 with value: 0.005549713619984686.
