[I 2025-11-21 04:00:15,573] Trial 301 finished with value: 1.8610275268554688 and parameters: {'n_units': 3000, 'alpha': 0.7000000000000001, 'sigma_in': 0.2, 'rho': 0.1, 'tikh': 0.1, 'option': 3, 'N_train': 20000, 'out_dim': 3, 'Normalization': 1}. Best is trial 229 with value: 0.008367051323875784.
[I 2025-11-21 04:01:35,413] Trial 302 finished with value: 512.6340165138245 and parameters: {'n_units': 3000, 'alpha': 0.9, 'sigma_in': 0.1, 'rho': 0.1, 'tikh': 0.01, 'option': 5, 'N_train': 20000, 'out_dim': 3, 'Normalization': 1}. Best is trial 229 with value: 0.008367051323875784.
[I 2025-11-21 04:02:59,769] Trial 303 finished with value: 131208.87239990235 and parameters: {'n_units': 3000, 'alpha': 0.9, 'sigma_in': 0.1, 'rho': 0.2, 'tikh': 1e-07, 'option': 5, 'N_train': 20000, 'out_dim': 3, 'Normalization': 1}. Best is trial 229 with value: 0.008367051323875784.
[I 2025-11-21 04:04:16,038] Trial 304 finished with value: 0.0474299197550863 and parameters: {'n_units': 3000, 'alpha': 0.7000000000000001, 'sigma_in': 0.1, 'rho': 0.1, 'tikh': 0.1, 'option': 5, 'N_train': 20000, 'out_dim': 3, 'Normalization': 1}. Best is trial 229 with value: 0.008367051323875784.
[I 2025-11-21 04:05:41,755] Trial 305 finished with value: 0.22738348841667175 and parameters: {'n_units': 3000, 'alpha': 0.1, 'sigma_in': 0.1, 'rho': 0.1, 'tikh': 0.1, 'option': 5, 'N_train': 20000, 'out_dim': 3, 'Normalization': 1}. Best is trial 229 with value: 0.008367051323875784.
[I 2025-11-21 04:07:04,615] Trial 306 finished with value: 0.10184513158164918 and parameters: {'n_units': 3000, 'alpha': 0.9, 'sigma_in': 0.1, 'rho': 0.1, 'tikh': 0.1, 'option': 5, 'N_train': 20000, 'out_dim': 3, 'Normalization': 1}. Best is trial 229 with value: 0.008367051323875784.
[I 2025-11-21 04:08:25,458] Trial 307 finished with value: 0.01501122685149312 and parameters: {'n_units': 3000, 'alpha': 0.5, 'sigma_in': 0.1, 'rho': 0.1, 'tikh': 0.1, 'option': 5, 'N_train': 20000, 'out_dim': 3, 'Normalization': 1}. Best is trial 229 with value: 0.008367051323875784.
[I 2025-11-21 04:09:42,489] Trial 308 finished with value: 4.06198798418045 and parameters: {'n_units': 3000, 'alpha': 0.9, 'sigma_in': 0.2, 'rho': 0.1, 'tikh': 0.1, 'option': 4, 'N_train': 20000, 'out_dim': 3, 'Normalization': 1}. Best is trial 229 with value: 0.008367051323875784.
[I 2025-11-21 04:11:02,562] Trial 309 finished with value: 0.010775308683514595 and parameters: {'n_units': 3000, 'alpha': 0.7000000000000001, 'sigma_in': 0.1, 'rho': 0.1, 'tikh': 0.1, 'option': 5, 'N_train': 20000, 'out_dim': 3, 'Normalization': 1}. Best is trial 229 with value: 0.008367051323875784.
[I 2025-11-21 04:12:21,865] Trial 310 finished with value: 54.366209053993224 and parameters: {'n_units': 3000, 'alpha': 0.7000000000000001, 'sigma_in': 0.1, 'rho': 0.8, 'tikh': 0.1, 'option': 5, 'N_train': 20000, 'out_dim': 3, 'Normalization': 1}. Best is trial 229 with value: 0.008367051323875784.
[I 2025-11-21 04:13:45,002] Trial 311 finished with value: 0.011572821997106075 and parameters: {'n_units': 3000, 'alpha': 0.7000000000000001, 'sigma_in': 0.1, 'rho': 0.1, 'tikh': 0.1, 'option': 5, 'N_train': 20000, 'out_dim': 3, 'Normalization': 1}. Best is trial 229 with value: 0.008367051323875784.
[I 2025-11-21 04:15:04,500] Trial 312 finished with value: 5.95590317118913 and parameters: {'n_units': 3000, 'alpha': 0.7000000000000001, 'sigma_in': 0.1, 'rho': 0.1, 'tikh': 0.1, 'option': 5, 'N_train': 20000, 'out_dim': 3, 'Normalization': 1}. Best is trial 229 with value: 0.008367051323875784.
[I 2025-11-21 04:16:18,917] Trial 313 finished with value: 220.843803024292 and parameters: {'n_units': 3000, 'alpha': 0.7000000000000001, 'sigma_in': 0.1, 'rho': 0.1, 'tikh': 1e-10, 'option': 5, 'N_train': 20000, 'out_dim': 3, 'Normalization': 1}. Best is trial 229 with value: 0.008367051323875784.
[I 2025-11-21 04:17:34,016] Trial 314 finished with value: 0.09354213206097484 and parameters: {'n_units': 3000, 'alpha': 0.7000000000000001, 'sigma_in': 0.1, 'rho': 0.1, 'tikh': 0.1, 'option': 5, 'N_train': 20000, 'out_dim': 3, 'Normalization': 1}. Best is trial 229 with value: 0.008367051323875784.
[I 2025-11-21 04:18:51,665] Trial 315 finished with value: 239.6841947555542 and parameters: {'n_units': 3000, 'alpha': 0.7000000000000001, 'sigma_in': 0.2, 'rho': 0.1, 'tikh': 1e-09, 'option': 5, 'N_train': 20000, 'out_dim': 3, 'Normalization': 1}. Best is trial 229 with value: 0.008367051323875784.
[I 2025-11-21 04:20:07,922] Trial 316 finished with value: 2.294837473053485 and parameters: {'n_units': 3000, 'alpha': 0.8, 'sigma_in': 0.1, 'rho': 0.2, 'tikh': 0.1, 'option': 5, 'N_train': 20000, 'out_dim': 3, 'Normalization': 1}. Best is trial 229 with value: 0.008367051323875784.
[I 2025-11-21 04:21:18,734] Trial 317 finished with value: 4505.402524089814 and parameters: {'n_units': 2000, 'alpha': 0.7000000000000001, 'sigma_in': 0.4, 'rho': 0.1, 'tikh': 0.1, 'option': 5, 'N_train': 20000, 'out_dim': 3, 'Normalization': 1}. Best is trial 229 with value: 0.008367051323875784.
[I 2025-11-21 04:22:36,100] Trial 318 finished with value: 562.8670331954957 and parameters: {'n_units': 3000, 'alpha': 0.6, 'sigma_in': 0.1, 'rho': 0.1, 'tikh': 1e-08, 'option': 5, 'N_train': 20000, 'out_dim': 3, 'Normalization': 1}. Best is trial 229 with value: 0.008367051323875784.
[I 2025-11-21 04:23:54,906] Trial 319 finished with value: 69.72880663871766 and parameters: {'n_units': 3000, 'alpha': 0.8, 'sigma_in': 0.1, 'rho': 0.9, 'tikh': 0.1, 'option': 5, 'N_train': 20000, 'out_dim': 3, 'Normalization': 1}. Best is trial 229 with value: 0.008367051323875784.
[I 2025-11-21 04:25:18,771] Trial 320 finished with value: 0.009921530372230336 and parameters: {'n_units': 3000, 'alpha': 0.6, 'sigma_in': 0.1, 'rho': 0.1, 'tikh': 0.1, 'option': 5, 'N_train': 20000, 'out_dim': 3, 'Normalization': 1}. Best is trial 229 with value: 0.008367051323875784.
[I 2025-11-21 04:26:37,503] Trial 321 finished with value: 5.274395227432251 and parameters: {'n_units': 3000, 'alpha': 0.6, 'sigma_in': 0.1, 'rho': 0.1, 'tikh': 0.1, 'option': 2, 'N_train': 20000, 'out_dim': 3, 'Normalization': 1}. Best is trial 229 with value: 0.008367051323875784.
[I 2025-11-21 04:27:58,811] Trial 322 finished with value: 183.51154642105104 and parameters: {'n_units': 3000, 'alpha': 0.6, 'sigma_in': 0.1, 'rho': 0.1, 'tikh': 0.001, 'option': 5, 'N_train': 20000, 'out_dim': 3, 'Normalization': 1}. Best is trial 229 with value: 0.008367051323875784.
[I 2025-11-21 04:29:20,068] Trial 323 finished with value: 0.2522118601715192 and parameters: {'n_units': 3000, 'alpha': 0.7000000000000001, 'sigma_in': 0.1, 'rho': 0.1, 'tikh': 0.1, 'option': 5, 'N_train': 20000, 'out_dim': 3, 'Normalization': 1}. Best is trial 229 with value: 0.008367051323875784.
[I 2025-11-21 04:30:38,369] Trial 324 finished with value: 1492041.7990703583 and parameters: {'n_units': 3000, 'alpha': 0.6, 'sigma_in': 0.5, 'rho': 0.1, 'tikh': 1e-05, 'option': 5, 'N_train': 20000, 'out_dim': 3, 'Normalization': 1}. Best is trial 229 with value: 0.008367051323875784.
[I 2025-11-21 04:31:35,436] Trial 325 finished with value: 0.0013011088012717664 and parameters: {'n_units': 1000, 'alpha': 0.6, 'sigma_in': 0.1, 'rho': 0.1, 'tikh': 0.1, 'option': 5, 'N_train': 20000, 'out_dim': 3, 'Normalization': 1}. Best is trial 325 with value: 0.0013011088012717664.
[I 2025-11-21 04:32:32,848] Trial 326 finished with value: 3.4783731520175936 and parameters: {'n_units': 1000, 'alpha': 0.6, 'sigma_in': 0.2, 'rho': 0.2, 'tikh': 0.1, 'option': 3, 'N_train': 20000, 'out_dim': 3, 'Normalization': 1}. Best is trial 325 with value: 0.0013011088012717664.
[I 2025-11-21 04:33:28,677] Trial 327 finished with value: 117.6676812171936 and parameters: {'n_units': 1000, 'alpha': 0.6, 'sigma_in': 0.7000000000000001, 'rho': 0.1, 'tikh': 0.0001, 'option': 5, 'N_train': 20000, 'out_dim': 3, 'Normalization': 1}. Best is trial 325 with value: 0.0013011088012717664.
[I 2025-11-21 04:34:26,725] Trial 328 finished with value: 0.0021943468036624836 and parameters: {'n_units': 1000, 'alpha': 0.6, 'sigma_in': 0.1, 'rho': 0.1, 'tikh': 0.1, 'option': 5, 'N_train': 20000, 'out_dim': 3, 'Normalization': 1}. Best is trial 325 with value: 0.0013011088012717664.
[I 2025-11-21 04:35:22,613] Trial 329 finished with value: 0.0018202517821919173 and parameters: {'n_units': 1000, 'alpha': 0.6, 'sigma_in': 0.1, 'rho': 0.1, 'tikh': 0.1, 'option': 5, 'N_train': 20000, 'out_dim': 3, 'Normalization': 1}. Best is trial 325 with value: 0.0013011088012717664.
[I 2025-11-21 04:36:19,362] Trial 330 finished with value: 0.0014644498733105138 and parameters: {'n_units': 1000, 'alpha': 0.6, 'sigma_in': 0.1, 'rho': 0.1, 'tikh': 0.1, 'option': 5, 'N_train': 20000, 'out_dim': 3, 'Normalization': 1}. Best is trial 325 with value: 0.0013011088012717664.
[I 2025-11-21 04:37:15,881] Trial 331 finished with value: 224.04049596786498 and parameters: {'n_units': 1000, 'alpha': 0.6, 'sigma_in': 0.1, 'rho': 0.1, 'tikh': 1e-06, 'option': 5, 'N_train': 20000, 'out_dim': 3, 'Normalization': 1}. Best is trial 325 with value: 0.0013011088012717664.
[I 2025-11-21 04:38:12,424] Trial 332 finished with value: 209.41570254731923 and parameters: {'n_units': 1000, 'alpha': 0.6, 'sigma_in': 0.6, 'rho': 0.1, 'tikh': 0.1, 'option': 5, 'N_train': 20000, 'out_dim': 3, 'Normalization': 1}. Best is trial 325 with value: 0.0013011088012717664.
[I 2025-11-21 04:39:08,990] Trial 333 finished with value: 0.002229639812139794 and parameters: {'n_units': 1000, 'alpha': 0.6, 'sigma_in': 0.1, 'rho': 0.1, 'tikh': 0.1, 'option': 5, 'N_train': 20000, 'out_dim': 3, 'Normalization': 1}. Best is trial 325 with value: 0.0013011088012717664.
[I 2025-11-21 04:40:07,062] Trial 334 finished with value: 5.039077520370483 and parameters: {'n_units': 1000, 'alpha': 0.6, 'sigma_in': 0.1, 'rho': 0.1, 'tikh': 0.1, 'option': 4, 'N_train': 20000, 'out_dim': 3, 'Normalization': 1}. Best is trial 325 with value: 0.0013011088012717664.
[I 2025-11-21 04:41:02,261] Trial 335 finished with value: 0.0029726700857281687 and parameters: {'n_units': 1000, 'alpha': 0.6, 'sigma_in': 0.1, 'rho': 0.2, 'tikh': 0.1, 'option': 5, 'N_train': 20000, 'out_dim': 3, 'Normalization': 1}. Best is trial 325 with value: 0.0013011088012717664.
[I 2025-11-21 04:41:56,282] Trial 336 finished with value: 0.0032082091725897043 and parameters: {'n_units': 1000, 'alpha': 0.6, 'sigma_in': 0.1, 'rho': 0.2, 'tikh': 0.1, 'option': 5, 'N_train': 20000, 'out_dim': 3, 'Normalization': 1}. Best is trial 325 with value: 0.0013011088012717664.
[I 2025-11-21 04:42:52,249] Trial 337 finished with value: 0.0035824604332447053 and parameters: {'n_units': 1000, 'alpha': 0.6, 'sigma_in': 0.1, 'rho': 0.2, 'tikh': 0.1, 'option': 5, 'N_train': 20000, 'out_dim': 3, 'Normalization': 1}. Best is trial 325 with value: 0.0013011088012717664.
[I 2025-11-21 04:43:49,653] Trial 338 finished with value: 20233.34644241333 and parameters: {'n_units': 1000, 'alpha': 0.6, 'sigma_in': 0.1, 'rho': 0.2, 'tikh': 1e-07, 'option': 5, 'N_train': 20000, 'out_dim': 3, 'Normalization': 1}. Best is trial 325 with value: 0.0013011088012717664.
[I 2025-11-21 04:44:43,836] Trial 339 finished with value: 0.0032510597753571346 and parameters: {'n_units': 1000, 'alpha': 0.6, 'sigma_in': 0.1, 'rho': 0.2, 'tikh': 0.1, 'option': 5, 'N_train': 20000, 'out_dim': 3, 'Normalization': 1}. Best is trial 325 with value: 0.0013011088012717664.
[I 2025-11-21 04:45:40,393] Trial 340 finished with value: 133.3439832652919 and parameters: {'n_units': 1000, 'alpha': 0.6, 'sigma_in': 0.1, 'rho': 0.2, 'tikh': 0.01, 'option': 5, 'N_train': 20000, 'out_dim': 3, 'Normalization': 1}. Best is trial 325 with value: 0.0013011088012717664.
[I 2025-11-21 04:46:36,629] Trial 341 finished with value: 0.005211706412956119 and parameters: {'n_units': 1000, 'alpha': 0.6, 'sigma_in': 0.1, 'rho': 0.2, 'tikh': 0.1, 'option': 5, 'N_train': 20000, 'out_dim': 3, 'Normalization': 1}. Best is trial 325 with value: 0.0013011088012717664.
[I 2025-11-21 04:47:33,439] Trial 342 finished with value: 0.10644220754038543 and parameters: {'n_units': 1000, 'alpha': 0.6, 'sigma_in': 0.1, 'rho': 0.2, 'tikh': 0.1, 'option': 5, 'N_train': 20000, 'out_dim': 3, 'Normalization': 1}. Best is trial 325 with value: 0.0013011088012717664.
[I 2025-11-21 04:48:30,000] Trial 343 finished with value: 0.003968736797105521 and parameters: {'n_units': 1000, 'alpha': 0.6, 'sigma_in': 0.1, 'rho': 0.2, 'tikh': 0.1, 'option': 5, 'N_train': 20000, 'out_dim': 3, 'Normalization': 1}. Best is trial 325 with value: 0.0013011088012717664.
[I 2025-11-21 04:49:25,012] Trial 344 finished with value: 0.004451283032540232 and parameters: {'n_units': 1000, 'alpha': 0.6, 'sigma_in': 0.1, 'rho': 0.2, 'tikh': 0.1, 'option': 5, 'N_train': 20000, 'out_dim': 3, 'Normalization': 1}. Best is trial 325 with value: 0.0013011088012717664.
[I 2025-11-21 04:50:21,339] Trial 345 finished with value: 0.003367855426040478 and parameters: {'n_units': 1000, 'alpha': 0.6, 'sigma_in': 0.1, 'rho': 0.2, 'tikh': 0.1, 'option': 5, 'N_train': 20000, 'out_dim': 3, 'Normalization': 1}. Best is trial 325 with value: 0.0013011088012717664.
[I 2025-11-21 04:51:17,424] Trial 346 finished with value: 0.00408264083089307 and parameters: {'n_units': 1000, 'alpha': 0.6, 'sigma_in': 0.2, 'rho': 0.2, 'tikh': 0.1, 'option': 5, 'N_train': 20000, 'out_dim': 3, 'Normalization': 1}. Best is trial 325 with value: 0.0013011088012717664.
[I 2025-11-21 04:52:15,820] Trial 347 finished with value: 0.009075794671662151 and parameters: {'n_units': 1000, 'alpha': 0.6, 'sigma_in': 0.2, 'rho': 0.2, 'tikh': 0.1, 'option': 5, 'N_train': 20000, 'out_dim': 3, 'Normalization': 1}. Best is trial 325 with value: 0.0013011088012717664.
[I 2025-11-21 04:53:12,885] Trial 348 finished with value: 11.22280820820015 and parameters: {'n_units': 1000, 'alpha': 0.6, 'sigma_in': 0.30000000000000004, 'rho': 0.2, 'tikh': 0.1, 'option': 5, 'N_train': 20000, 'out_dim': 3, 'Normalization': 1}. Best is trial 325 with value: 0.0013011088012717664.
[I 2025-11-21 04:54:09,111] Trial 349 finished with value: 955.2872894287109 and parameters: {'n_units': 1000, 'alpha': 0.6, 'sigma_in': 0.4, 'rho': 0.2, 'tikh': 1e-10, 'option': 5, 'N_train': 20000, 'out_dim': 3, 'Normalization': 1}. Best is trial 325 with value: 0.0013011088012717664.
[I 2025-11-21 04:55:06,086] Trial 350 finished with value: 0.004068784229457378 and parameters: {'n_units': 1000, 'alpha': 0.6, 'sigma_in': 0.2, 'rho': 0.2, 'tikh': 0.1, 'option': 5, 'N_train': 20000, 'out_dim': 3, 'Normalization': 1}. Best is trial 325 with value: 0.0013011088012717664.
[I 2025-11-21 04:56:03,694] Trial 351 finished with value: 5.105851125717163 and parameters: {'n_units': 1000, 'alpha': 0.6, 'sigma_in': 0.2, 'rho': 0.2, 'tikh': 0.1, 'option': 2, 'N_train': 20000, 'out_dim': 3, 'Normalization': 1}. Best is trial 325 with value: 0.0013011088012717664.
[I 2025-11-21 04:57:02,123] Trial 352 finished with value: 0.0028026414278429002 and parameters: {'n_units': 1000, 'alpha': 0.6, 'sigma_in': 0.2, 'rho': 0.2, 'tikh': 0.1, 'option': 5, 'N_train': 20000, 'out_dim': 3, 'Normalization': 1}. Best is trial 325 with value: 0.0013011088012717664.
[I 2025-11-21 04:57:59,125] Trial 353 finished with value: 6179.712366628647 and parameters: {'n_units': 1000, 'alpha': 0.5, 'sigma_in': 0.30000000000000004, 'rho': 0.2, 'tikh': 1e-09, 'option': 5, 'N_train': 20000, 'out_dim': 3, 'Normalization': 1}. Best is trial 325 with value: 0.0013011088012717664.
[I 2025-11-21 04:58:59,754] Trial 354 finished with value: 0.009832528757397086 and parameters: {'n_units': 1000, 'alpha': 0.6, 'sigma_in': 0.2, 'rho': 0.2, 'tikh': 0.1, 'option': 5, 'N_train': 20000, 'out_dim': 3, 'Normalization': 1}. Best is trial 325 with value: 0.0013011088012717664.
[I 2025-11-21 04:59:55,424] Trial 355 finished with value: 0.008912267460254952 and parameters: {'n_units': 1000, 'alpha': 0.6, 'sigma_in': 0.2, 'rho': 0.2, 'tikh': 0.1, 'option': 5, 'N_train': 20000, 'out_dim': 3, 'Normalization': 1}. Best is trial 325 with value: 0.0013011088012717664.
[I 2025-11-21 05:00:50,458] Trial 356 finished with value: 0.004187513666693121 and parameters: {'n_units': 1000, 'alpha': 0.6, 'sigma_in': 0.2, 'rho': 0.2, 'tikh': 0.1, 'option': 5, 'N_train': 20000, 'out_dim': 3, 'Normalization': 1}. Best is trial 325 with value: 0.0013011088012717664.
[I 2025-11-21 05:01:45,433] Trial 357 finished with value: 3.5253034055233003 and parameters: {'n_units': 1000, 'alpha': 0.6, 'sigma_in': 0.2, 'rho': 0.2, 'tikh': 0.1, 'option': 3, 'N_train': 20000, 'out_dim': 3, 'Normalization': 1}. Best is trial 325 with value: 0.0013011088012717664.
[I 2025-11-21 05:02:40,325] Trial 358 finished with value: 0.8932479922659695 and parameters: {'n_units': 1000, 'alpha': 0.6, 'sigma_in': 0.2, 'rho': 0.30000000000000004, 'tikh': 0.1, 'option': 5, 'N_train': 20000, 'out_dim': 3, 'Normalization': 1}. Best is trial 325 with value: 0.0013011088012717664.
[I 2025-11-21 05:03:36,028] Trial 359 finished with value: 28082.72165298462 and parameters: {'n_units': 1000, 'alpha': 0.6, 'sigma_in': 0.2, 'rho': 0.2, 'tikh': 1e-08, 'option': 5, 'N_train': 20000, 'out_dim': 3, 'Normalization': 1}. Best is trial 325 with value: 0.0013011088012717664.
[I 2025-11-21 05:04:31,488] Trial 360 finished with value: 5.204933500289917 and parameters: {'n_units': 1000, 'alpha': 0.6, 'sigma_in': 0.2, 'rho': 0.2, 'tikh': 0.1, 'option': 4, 'N_train': 20000, 'out_dim': 3, 'Normalization': 1}. Best is trial 325 with value: 0.0013011088012717664.
[I 2025-11-21 05:05:27,469] Trial 361 finished with value: 1081.3871606826783 and parameters: {'n_units': 1000, 'alpha': 0.6, 'sigma_in': 0.2, 'rho': 0.2, 'tikh': 0.001, 'option': 5, 'N_train': 20000, 'out_dim': 3, 'Normalization': 1}. Best is trial 325 with value: 0.0013011088012717664.
[I 2025-11-21 05:06:24,297] Trial 362 finished with value: 1.644998268224299 and parameters: {'n_units': 1000, 'alpha': 0.6, 'sigma_in': 0.30000000000000004, 'rho': 0.2, 'tikh': 0.1, 'option': 5, 'N_train': 20000, 'out_dim': 3, 'Normalization': 1}. Best is trial 325 with value: 0.0013011088012717664.
[I 2025-11-21 05:07:21,204] Trial 363 finished with value: 1348.6748918533326 and parameters: {'n_units': 1000, 'alpha': 0.5, 'sigma_in': 0.2, 'rho': 0.2, 'tikh': 1e-05, 'option': 5, 'N_train': 20000, 'out_dim': 3, 'Normalization': 1}. Best is trial 325 with value: 0.0013011088012717664.
[I 2025-11-21 05:08:18,347] Trial 364 finished with value: 1.2358308600261807 and parameters: {'n_units': 1000, 'alpha': 0.6, 'sigma_in': 0.2, 'rho': 0.30000000000000004, 'tikh': 0.1, 'option': 5, 'N_train': 20000, 'out_dim': 3, 'Normalization': 1}. Best is trial 325 with value: 0.0013011088012717664.
[I 2025-11-21 05:09:12,867] Trial 365 finished with value: 0.0035888956161215903 and parameters: {'n_units': 1000, 'alpha': 0.6, 'sigma_in': 0.2, 'rho': 0.2, 'tikh': 0.1, 'option': 5, 'N_train': 20000, 'out_dim': 3, 'Normalization': 1}. Best is trial 325 with value: 0.0013011088012717664.
[I 2025-11-21 05:10:10,937] Trial 366 finished with value: 0.010275963682215662 and parameters: {'n_units': 1000, 'alpha': 0.6, 'sigma_in': 0.2, 'rho': 0.2, 'tikh': 0.1, 'option': 5, 'N_train': 20000, 'out_dim': 3, 'Normalization': 1}. Best is trial 325 with value: 0.0013011088012717664.
[I 2025-11-21 05:11:07,609] Trial 367 finished with value: 350.3825849533081 and parameters: {'n_units': 1000, 'alpha': 0.6, 'sigma_in': 0.2, 'rho': 0.2, 'tikh': 0.0001, 'option': 5, 'N_train': 20000, 'out_dim': 3, 'Normalization': 1}. Best is trial 325 with value: 0.0013011088012717664.
[I 2025-11-21 05:12:03,789] Trial 368 finished with value: 0.014169090823270381 and parameters: {'n_units': 1000, 'alpha': 0.6, 'sigma_in': 0.2, 'rho': 0.2, 'tikh': 0.1, 'option': 5, 'N_train': 20000, 'out_dim': 3, 'Normalization': 1}. Best is trial 325 with value: 0.0013011088012717664.
[I 2025-11-21 05:12:58,667] Trial 369 finished with value: 0.0037226736079901458 and parameters: {'n_units': 1000, 'alpha': 0.5, 'sigma_in': 0.2, 'rho': 0.2, 'tikh': 0.1, 'option': 5, 'N_train': 20000, 'out_dim': 3, 'Normalization': 1}. Best is trial 325 with value: 0.0013011088012717664.
[I 2025-11-21 05:13:54,616] Trial 370 finished with value: 4983.543145275116 and parameters: {'n_units': 1000, 'alpha': 0.5, 'sigma_in': 0.2, 'rho': 0.2, 'tikh': 1e-06, 'option': 5, 'N_train': 20000, 'out_dim': 3, 'Normalization': 1}. Best is trial 325 with value: 0.0013011088012717664.
[I 2025-11-21 05:14:52,956] Trial 371 finished with value: 0.03155853657517582 and parameters: {'n_units': 1000, 'alpha': 0.5, 'sigma_in': 0.2, 'rho': 0.2, 'tikh': 0.1, 'option': 5, 'N_train': 20000, 'out_dim': 3, 'Normalization': 1}. Best is trial 325 with value: 0.0013011088012717664.
[I 2025-11-21 05:15:48,560] Trial 372 finished with value: 0.010829778935294599 and parameters: {'n_units': 1000, 'alpha': 0.6, 'sigma_in': 0.2, 'rho': 0.2, 'tikh': 0.1, 'option': 5, 'N_train': 20000, 'out_dim': 3, 'Normalization': 1}. Best is trial 325 with value: 0.0013011088012717664.
[I 2025-11-21 05:16:47,213] Trial 373 finished with value: 0.009673989424481989 and parameters: {'n_units': 1000, 'alpha': 0.6, 'sigma_in': 0.2, 'rho': 0.2, 'tikh': 0.1, 'option': 5, 'N_train': 20000, 'out_dim': 3, 'Normalization': 1}. Best is trial 325 with value: 0.0013011088012717664.
[I 2025-11-21 05:17:42,548] Trial 374 finished with value: 0.014055102423299104 and parameters: {'n_units': 1000, 'alpha': 0.6, 'sigma_in': 0.2, 'rho': 0.2, 'tikh': 0.1, 'option': 5, 'N_train': 20000, 'out_dim': 3, 'Normalization': 1}. Best is trial 325 with value: 0.0013011088012717664.
[I 2025-11-21 05:18:40,339] Trial 375 finished with value: 2839.706583595276 and parameters: {'n_units': 1000, 'alpha': 0.6, 'sigma_in': 0.2, 'rho': 0.2, 'tikh': 1e-07, 'option': 5, 'N_train': 20000, 'out_dim': 3, 'Normalization': 1}. Best is trial 325 with value: 0.0013011088012717664.
