[I 2025-11-21 00:12:13,542] Trial 224 finished with value: 0.6015966683626175 and parameters: {'n_units': 1000, 'alpha': 0.4, 'sigma_in': 0.4, 'rho': 0.1, 'tikh': 0.1, 'option': 3, 'N_train': 20000, 'out_dim': 3, 'Normalization': 1}. Best is trial 171 with value: 0.2815542325377464.
[I 2025-11-21 00:13:06,873] Trial 225 finished with value: 0.5603684663772583 and parameters: {'n_units': 1000, 'alpha': 0.4, 'sigma_in': 0.4, 'rho': 0.1, 'tikh': 0.1, 'option': 3, 'N_train': 20000, 'out_dim': 3, 'Normalization': 1}. Best is trial 171 with value: 0.2815542325377464.
[I 2025-11-21 00:14:01,586] Trial 226 finished with value: 763.941536450386 and parameters: {'n_units': 1000, 'alpha': 0.4, 'sigma_in': 0.4, 'rho': 0.1, 'tikh': 1e-07, 'option': 3, 'N_train': 20000, 'out_dim': 3, 'Normalization': 1}. Best is trial 171 with value: 0.2815542325377464.
[I 2025-11-21 00:14:53,745] Trial 227 finished with value: 0.3385448083281517 and parameters: {'n_units': 1000, 'alpha': 0.4, 'sigma_in': 0.4, 'rho': 0.1, 'tikh': 0.1, 'option': 3, 'N_train': 20000, 'out_dim': 3, 'Normalization': 1}. Best is trial 171 with value: 0.2815542325377464.
[I 2025-11-21 00:15:48,728] Trial 228 finished with value: 480.83108015060424 and parameters: {'n_units': 1000, 'alpha': 0.4, 'sigma_in': 0.4, 'rho': 0.1, 'tikh': 1e-08, 'option': 3, 'N_train': 20000, 'out_dim': 3, 'Normalization': 1}. Best is trial 171 with value: 0.2815542325377464.
[I 2025-11-21 00:16:46,056] Trial 229 finished with value: 1.1371192693710328 and parameters: {'n_units': 1000, 'alpha': 0.2, 'sigma_in': 0.4, 'rho': 0.1, 'tikh': 0.1, 'option': 3, 'N_train': 20000, 'out_dim': 3, 'Normalization': 1}. Best is trial 171 with value: 0.2815542325377464.
[I 2025-11-21 00:17:36,398] Trial 230 finished with value: 0.37990507781505584 and parameters: {'n_units': 1000, 'alpha': 0.4, 'sigma_in': 0.4, 'rho': 0.1, 'tikh': 0.1, 'option': 3, 'N_train': 20000, 'out_dim': 3, 'Normalization': 1}. Best is trial 171 with value: 0.2815542325377464.
[I 2025-11-21 00:18:32,963] Trial 231 finished with value: 0.39357559829950334 and parameters: {'n_units': 1000, 'alpha': 0.4, 'sigma_in': 0.4, 'rho': 0.1, 'tikh': 0.1, 'option': 3, 'N_train': 20000, 'out_dim': 3, 'Normalization': 1}. Best is trial 171 with value: 0.2815542325377464.
[I 2025-11-21 00:19:22,214] Trial 232 finished with value: 0.7693578988313675 and parameters: {'n_units': 1000, 'alpha': 0.4, 'sigma_in': 0.4, 'rho': 0.1, 'tikh': 0.1, 'option': 3, 'N_train': 20000, 'out_dim': 3, 'Normalization': 1}. Best is trial 171 with value: 0.2815542325377464.
[I 2025-11-21 00:20:13,842] Trial 233 finished with value: 0.36000910997390745 and parameters: {'n_units': 1000, 'alpha': 0.4, 'sigma_in': 0.4, 'rho': 0.1, 'tikh': 0.1, 'option': 3, 'N_train': 20000, 'out_dim': 3, 'Normalization': 1}. Best is trial 171 with value: 0.2815542325377464.
[I 2025-11-21 00:21:04,466] Trial 234 finished with value: 0.535646553337574 and parameters: {'n_units': 1000, 'alpha': 0.4, 'sigma_in': 0.4, 'rho': 0.1, 'tikh': 0.1, 'option': 3, 'N_train': 20000, 'out_dim': 3, 'Normalization': 1}. Best is trial 171 with value: 0.2815542325377464.
[I 2025-11-21 00:21:56,025] Trial 235 finished with value: 28.971583986282347 and parameters: {'n_units': 1000, 'alpha': 0.4, 'sigma_in': 0.4, 'rho': 0.1, 'tikh': 1e-09, 'option': 5, 'N_train': 20000, 'out_dim': 3, 'Normalization': 1}. Best is trial 171 with value: 0.2815542325377464.
[I 2025-11-21 00:22:45,636] Trial 236 finished with value: 0.6501579403877258 and parameters: {'n_units': 1000, 'alpha': 0.4, 'sigma_in': 0.4, 'rho': 0.1, 'tikh': 0.1, 'option': 3, 'N_train': 20000, 'out_dim': 3, 'Normalization': 1}. Best is trial 171 with value: 0.2815542325377464.
[I 2025-11-21 00:23:46,649] Trial 237 finished with value: 0.6299351066350937 and parameters: {'n_units': 1000, 'alpha': 0.4, 'sigma_in': 0.4, 'rho': 0.1, 'tikh': 0.1, 'option': 3, 'N_train': 20000, 'out_dim': 3, 'Normalization': 1}. Best is trial 171 with value: 0.2815542325377464.
[I 2025-11-21 00:24:42,372] Trial 238 finished with value: 0.37971543073654174 and parameters: {'n_units': 1000, 'alpha': 0.4, 'sigma_in': 0.4, 'rho': 0.1, 'tikh': 0.1, 'option': 3, 'N_train': 20000, 'out_dim': 3, 'Normalization': 1}. Best is trial 171 with value: 0.2815542325377464.
[I 2025-11-21 00:25:35,013] Trial 239 finished with value: 30.99128778078593 and parameters: {'n_units': 1000, 'alpha': 0.4, 'sigma_in': 0.4, 'rho': 0.1, 'tikh': 0.01, 'option': 2, 'N_train': 20000, 'out_dim': 3, 'Normalization': 1}. Best is trial 171 with value: 0.2815542325377464.
[I 2025-11-21 00:26:29,179] Trial 240 finished with value: 2.7550540283322333 and parameters: {'n_units': 1000, 'alpha': 0.4, 'sigma_in': 0.5, 'rho': 0.1, 'tikh': 0.1, 'option': 3, 'N_train': 20000, 'out_dim': 3, 'Normalization': 1}. Best is trial 171 with value: 0.2815542325377464.
[I 2025-11-21 00:27:21,058] Trial 241 finished with value: 0.40121811628341675 and parameters: {'n_units': 1000, 'alpha': 0.4, 'sigma_in': 0.4, 'rho': 0.1, 'tikh': 0.1, 'option': 3, 'N_train': 20000, 'out_dim': 3, 'Normalization': 1}. Best is trial 171 with value: 0.2815542325377464.
[I 2025-11-21 00:28:10,667] Trial 242 finished with value: 0.6675553351640702 and parameters: {'n_units': 1000, 'alpha': 0.4, 'sigma_in': 0.4, 'rho': 0.1, 'tikh': 0.1, 'option': 3, 'N_train': 20000, 'out_dim': 3, 'Normalization': 1}. Best is trial 171 with value: 0.2815542325377464.
[I 2025-11-21 00:29:04,242] Trial 243 finished with value: 0.37205123603343965 and parameters: {'n_units': 1000, 'alpha': 0.4, 'sigma_in': 0.4, 'rho': 0.1, 'tikh': 0.1, 'option': 3, 'N_train': 20000, 'out_dim': 3, 'Normalization': 1}. Best is trial 171 with value: 0.2815542325377464.
[I 2025-11-21 00:30:00,624] Trial 244 finished with value: 0.5351055085659027 and parameters: {'n_units': 1000, 'alpha': 0.4, 'sigma_in': 0.4, 'rho': 0.1, 'tikh': 0.1, 'option': 3, 'N_train': 20000, 'out_dim': 3, 'Normalization': 1}. Best is trial 171 with value: 0.2815542325377464.
[I 2025-11-21 00:30:52,993] Trial 245 finished with value: 0.7167434632778168 and parameters: {'n_units': 1000, 'alpha': 0.4, 'sigma_in': 0.4, 'rho': 0.1, 'tikh': 0.1, 'option': 3, 'N_train': 20000, 'out_dim': 3, 'Normalization': 1}. Best is trial 171 with value: 0.2815542325377464.
[I 2025-11-21 00:31:44,784] Trial 246 finished with value: 0.4622891083359718 and parameters: {'n_units': 1000, 'alpha': 0.4, 'sigma_in': 0.4, 'rho': 0.1, 'tikh': 0.1, 'option': 3, 'N_train': 20000, 'out_dim': 3, 'Normalization': 1}. Best is trial 171 with value: 0.2815542325377464.
[I 2025-11-21 00:32:35,915] Trial 247 finished with value: 0.32274466156959536 and parameters: {'n_units': 1000, 'alpha': 0.30000000000000004, 'sigma_in': 0.4, 'rho': 0.1, 'tikh': 0.1, 'option': 3, 'N_train': 20000, 'out_dim': 3, 'Normalization': 1}. Best is trial 171 with value: 0.2815542325377464.
[I 2025-11-21 00:33:40,181] Trial 248 finished with value: 1834.5795355319976 and parameters: {'n_units': 1000, 'alpha': 0.30000000000000004, 'sigma_in': 0.4, 'rho': 0.1, 'tikh': 1e-10, 'option': 3, 'N_train': 20000, 'out_dim': 3, 'Normalization': 1}. Best is trial 171 with value: 0.2815542325377464.
[I 2025-11-21 00:34:31,087] Trial 249 finished with value: 0.5477327883243561 and parameters: {'n_units': 1000, 'alpha': 0.30000000000000004, 'sigma_in': 0.4, 'rho': 0.1, 'tikh': 0.1, 'option': 3, 'N_train': 20000, 'out_dim': 3, 'Normalization': 1}. Best is trial 171 with value: 0.2815542325377464.
[I 2025-11-21 00:35:27,001] Trial 250 finished with value: 0.4591110646724701 and parameters: {'n_units': 1000, 'alpha': 0.30000000000000004, 'sigma_in': 0.4, 'rho': 0.1, 'tikh': 0.1, 'option': 3, 'N_train': 20000, 'out_dim': 3, 'Normalization': 1}. Best is trial 171 with value: 0.2815542325377464.
[I 2025-11-21 00:36:19,279] Trial 251 finished with value: 0.6082396939396858 and parameters: {'n_units': 1000, 'alpha': 0.30000000000000004, 'sigma_in': 0.4, 'rho': 0.1, 'tikh': 0.1, 'option': 3, 'N_train': 20000, 'out_dim': 3, 'Normalization': 1}. Best is trial 171 with value: 0.2815542325377464.
[I 2025-11-21 00:37:11,174] Trial 252 finished with value: 1850.569746875763 and parameters: {'n_units': 1000, 'alpha': 0.4, 'sigma_in': 0.4, 'rho': 0.2, 'tikh': 1e-05, 'option': 3, 'N_train': 20000, 'out_dim': 3, 'Normalization': 1}. Best is trial 171 with value: 0.2815542325377464.
[I 2025-11-21 00:38:04,167] Trial 253 finished with value: 0.3278968513011932 and parameters: {'n_units': 1000, 'alpha': 0.30000000000000004, 'sigma_in': 0.4, 'rho': 0.1, 'tikh': 0.1, 'option': 3, 'N_train': 20000, 'out_dim': 3, 'Normalization': 1}. Best is trial 171 with value: 0.2815542325377464.
[I 2025-11-21 00:39:03,944] Trial 254 finished with value: 0.5488330662250519 and parameters: {'n_units': 1000, 'alpha': 0.30000000000000004, 'sigma_in': 0.4, 'rho': 0.1, 'tikh': 0.1, 'option': 3, 'N_train': 20000, 'out_dim': 3, 'Normalization': 1}. Best is trial 171 with value: 0.2815542325377464.
[I 2025-11-21 00:40:00,389] Trial 255 finished with value: 0.8433348178863526 and parameters: {'n_units': 1000, 'alpha': 0.30000000000000004, 'sigma_in': 0.4, 'rho': 0.1, 'tikh': 0.1, 'option': 3, 'N_train': 20000, 'out_dim': 3, 'Normalization': 1}. Best is trial 171 with value: 0.2815542325377464.
[I 2025-11-21 00:40:54,345] Trial 256 finished with value: 0.34333775341510775 and parameters: {'n_units': 1000, 'alpha': 0.30000000000000004, 'sigma_in': 0.4, 'rho': 0.1, 'tikh': 0.1, 'option': 3, 'N_train': 20000, 'out_dim': 3, 'Normalization': 1}. Best is trial 171 with value: 0.2815542325377464.
[I 2025-11-21 00:41:51,051] Trial 257 finished with value: 1.8278208136558534 and parameters: {'n_units': 1000, 'alpha': 0.30000000000000004, 'sigma_in': 0.5, 'rho': 0.1, 'tikh': 0.1, 'option': 3, 'N_train': 20000, 'out_dim': 3, 'Normalization': 1}. Best is trial 171 with value: 0.2815542325377464.
[I 2025-11-21 00:42:44,764] Trial 258 finished with value: 0.3630778223276138 and parameters: {'n_units': 1000, 'alpha': 0.30000000000000004, 'sigma_in': 0.4, 'rho': 0.1, 'tikh': 0.1, 'option': 3, 'N_train': 20000, 'out_dim': 3, 'Normalization': 1}. Best is trial 171 with value: 0.2815542325377464.
[I 2025-11-21 00:43:34,472] Trial 259 finished with value: 309.5915768146515 and parameters: {'n_units': 1000, 'alpha': 0.30000000000000004, 'sigma_in': 0.4, 'rho': 0.1, 'tikh': 0.0001, 'option': 3, 'N_train': 20000, 'out_dim': 3, 'Normalization': 1}. Best is trial 171 with value: 0.2815542325377464.
[I 2025-11-21 00:44:25,571] Trial 260 finished with value: 0.8243420794606209 and parameters: {'n_units': 1000, 'alpha': 0.30000000000000004, 'sigma_in': 0.4, 'rho': 0.2, 'tikh': 0.1, 'option': 3, 'N_train': 20000, 'out_dim': 3, 'Normalization': 1}. Best is trial 171 with value: 0.2815542325377464.
[I 2025-11-21 00:45:16,860] Trial 261 finished with value: 0.6394080460071564 and parameters: {'n_units': 1000, 'alpha': 0.30000000000000004, 'sigma_in': 0.4, 'rho': 0.1, 'tikh': 0.1, 'option': 3, 'N_train': 20000, 'out_dim': 3, 'Normalization': 1}. Best is trial 171 with value: 0.2815542325377464.
[I 2025-11-21 00:46:08,663] Trial 262 finished with value: 1.178692515217699 and parameters: {'n_units': 1000, 'alpha': 0.30000000000000004, 'sigma_in': 0.4, 'rho': 0.1, 'tikh': 0.1, 'option': 5, 'N_train': 20000, 'out_dim': 3, 'Normalization': 1}. Best is trial 171 with value: 0.2815542325377464.
[I 2025-11-21 00:47:15,095] Trial 263 finished with value: 59.67467014789581 and parameters: {'n_units': 1000, 'alpha': 0.30000000000000004, 'sigma_in': 0.4, 'rho': 0.1, 'tikh': 1e-06, 'option': 3, 'N_train': 20000, 'out_dim': 3, 'Normalization': 1}. Best is trial 171 with value: 0.2815542325377464.
[I 2025-11-21 00:48:05,983] Trial 264 finished with value: 0.708874237537384 and parameters: {'n_units': 1000, 'alpha': 0.30000000000000004, 'sigma_in': 0.4, 'rho': 0.1, 'tikh': 0.1, 'option': 3, 'N_train': 20000, 'out_dim': 3, 'Normalization': 1}. Best is trial 171 with value: 0.2815542325377464.
[I 2025-11-21 00:48:55,577] Trial 265 finished with value: 0.34888414591550826 and parameters: {'n_units': 1000, 'alpha': 0.30000000000000004, 'sigma_in': 0.4, 'rho': 0.1, 'tikh': 0.1, 'option': 3, 'N_train': 20000, 'out_dim': 3, 'Normalization': 1}. Best is trial 171 with value: 0.2815542325377464.
[I 2025-11-21 00:49:45,384] Trial 266 finished with value: 24.347775435447694 and parameters: {'n_units': 1000, 'alpha': 0.30000000000000004, 'sigma_in': 0.4, 'rho': 0.1, 'tikh': 0.001, 'option': 3, 'N_train': 20000, 'out_dim': 3, 'Normalization': 1}. Best is trial 171 with value: 0.2815542325377464.
[I 2025-11-21 00:50:37,692] Trial 267 finished with value: 2.2349048852920532 and parameters: {'n_units': 1000, 'alpha': 0.30000000000000004, 'sigma_in': 0.5, 'rho': 0.1, 'tikh': 0.1, 'option': 3, 'N_train': 20000, 'out_dim': 3, 'Normalization': 1}. Best is trial 171 with value: 0.2815542325377464.
[I 2025-11-21 00:51:30,032] Trial 268 finished with value: 2.8411264300346373 and parameters: {'n_units': 1000, 'alpha': 0.30000000000000004, 'sigma_in': 0.4, 'rho': 0.1, 'tikh': 0.1, 'option': 2, 'N_train': 20000, 'out_dim': 3, 'Normalization': 1}. Best is trial 171 with value: 0.2815542325377464.
[I 2025-11-21 00:52:19,930] Trial 269 finished with value: 5415.496301746369 and parameters: {'n_units': 1000, 'alpha': 0.30000000000000004, 'sigma_in': 0.4, 'rho': 0.2, 'tikh': 1e-07, 'option': 3, 'N_train': 20000, 'out_dim': 3, 'Normalization': 1}. Best is trial 171 with value: 0.2815542325377464.
[I 2025-11-21 00:53:09,928] Trial 270 finished with value: 0.3614528179168701 and parameters: {'n_units': 1000, 'alpha': 0.30000000000000004, 'sigma_in': 0.4, 'rho': 0.1, 'tikh': 0.1, 'option': 3, 'N_train': 20000, 'out_dim': 3, 'Normalization': 1}. Best is trial 171 with value: 0.2815542325377464.
[I 2025-11-21 00:54:00,803] Trial 271 finished with value: 0.6067790165543556 and parameters: {'n_units': 1000, 'alpha': 0.30000000000000004, 'sigma_in': 0.4, 'rho': 0.1, 'tikh': 0.1, 'option': 3, 'N_train': 20000, 'out_dim': 3, 'Normalization': 1}. Best is trial 171 with value: 0.2815542325377464.
[I 2025-11-21 00:54:49,666] Trial 272 finished with value: 599.9320219516754 and parameters: {'n_units': 1000, 'alpha': 0.30000000000000004, 'sigma_in': 0.4, 'rho': 0.1, 'tikh': 1e-08, 'option': 3, 'N_train': 20000, 'out_dim': 3, 'Normalization': 1}. Best is trial 171 with value: 0.2815542325377464.
[I 2025-11-21 00:55:38,250] Trial 273 finished with value: 724.4541818678379 and parameters: {'n_units': 1000, 'alpha': 0.30000000000000004, 'sigma_in': 0.5, 'rho': 0.1, 'tikh': 1e-09, 'option': 3, 'N_train': 20000, 'out_dim': 3, 'Normalization': 1}. Best is trial 171 with value: 0.2815542325377464.
[I 2025-11-21 00:57:03,616] Trial 274 finished with value: 126.4908095061779 and parameters: {'n_units': 3000, 'alpha': 0.30000000000000004, 'sigma_in': 0.7000000000000001, 'rho': 0.1, 'tikh': 0.1, 'option': 3, 'N_train': 20000, 'out_dim': 3, 'Normalization': 1}. Best is trial 171 with value: 0.2815542325377464.
[I 2025-11-21 00:57:56,965] Trial 275 finished with value: 1.1126635380089283 and parameters: {'n_units': 1000, 'alpha': 0.1, 'sigma_in': 0.4, 'rho': 0.1, 'tikh': 0.1, 'option': 3, 'N_train': 20000, 'out_dim': 3, 'Normalization': 1}. Best is trial 171 with value: 0.2815542325377464.
[I 2025-11-21 00:58:51,398] Trial 276 finished with value: 0.32906400263309477 and parameters: {'n_units': 1000, 'alpha': 0.30000000000000004, 'sigma_in': 0.4, 'rho': 0.1, 'tikh': 0.1, 'option': 3, 'N_train': 20000, 'out_dim': 3, 'Normalization': 1}. Best is trial 171 with value: 0.2815542325377464.
[I 2025-11-21 00:59:41,833] Trial 277 finished with value: 11180.266487646102 and parameters: {'n_units': 1000, 'alpha': 0.30000000000000004, 'sigma_in': 0.4, 'rho': 0.1, 'tikh': 0.01, 'option': 3, 'N_train': 20000, 'out_dim': 3, 'Normalization': 1}. Best is trial 171 with value: 0.2815542325377464.
[I 2025-11-21 01:00:31,646] Trial 278 finished with value: 0.5753376021981239 and parameters: {'n_units': 1000, 'alpha': 0.30000000000000004, 'sigma_in': 0.4, 'rho': 0.2, 'tikh': 0.1, 'option': 3, 'N_train': 20000, 'out_dim': 3, 'Normalization': 1}. Best is trial 171 with value: 0.2815542325377464.
[I 2025-11-21 01:01:21,014] Trial 279 finished with value: 52.79176209270954 and parameters: {'n_units': 1000, 'alpha': 1.0, 'sigma_in': 1.0, 'rho': 0.1, 'tikh': 0.1, 'option': 3, 'N_train': 20000, 'out_dim': 3, 'Normalization': 1}. Best is trial 171 with value: 0.2815542325377464.
[I 2025-11-21 01:02:12,477] Trial 280 finished with value: 0.9351494312286377 and parameters: {'n_units': 1000, 'alpha': 0.2, 'sigma_in': 0.4, 'rho': 0.1, 'tikh': 0.1, 'option': 3, 'N_train': 20000, 'out_dim': 3, 'Normalization': 1}. Best is trial 171 with value: 0.2815542325377464.
[I 2025-11-21 01:03:04,091] Trial 281 finished with value: 0.5303488329052926 and parameters: {'n_units': 1000, 'alpha': 0.30000000000000004, 'sigma_in': 0.4, 'rho': 0.1, 'tikh': 0.1, 'option': 3, 'N_train': 20000, 'out_dim': 3, 'Normalization': 1}. Best is trial 171 with value: 0.2815542325377464.
[I 2025-11-21 01:03:55,033] Trial 282 finished with value: 0.9111549586057663 and parameters: {'n_units': 1000, 'alpha': 0.30000000000000004, 'sigma_in': 0.4, 'rho': 0.1, 'tikh': 0.1, 'option': 3, 'N_train': 20000, 'out_dim': 3, 'Normalization': 1}. Best is trial 171 with value: 0.2815542325377464.
[I 2025-11-21 01:04:51,129] Trial 283 finished with value: 0.69097970277071 and parameters: {'n_units': 1000, 'alpha': 0.30000000000000004, 'sigma_in': 0.4, 'rho': 0.1, 'tikh': 0.1, 'option': 3, 'N_train': 20000, 'out_dim': 3, 'Normalization': 1}. Best is trial 171 with value: 0.2815542325377464.
[I 2025-11-21 01:05:40,864] Trial 284 finished with value: 233.46838235855103 and parameters: {'n_units': 1000, 'alpha': 0.30000000000000004, 'sigma_in': 0.4, 'rho': 0.1, 'tikh': 1e-10, 'option': 3, 'N_train': 20000, 'out_dim': 3, 'Normalization': 1}. Best is trial 171 with value: 0.2815542325377464.
[I 2025-11-21 01:06:32,862] Trial 285 finished with value: 106.75851240158082 and parameters: {'n_units': 1000, 'alpha': 0.30000000000000004, 'sigma_in': 0.9, 'rho': 0.2, 'tikh': 1e-05, 'option': 3, 'N_train': 20000, 'out_dim': 3, 'Normalization': 1}. Best is trial 171 with value: 0.2815542325377464.
[I 2025-11-21 01:07:21,561] Trial 286 finished with value: 2.327948018349707 and parameters: {'n_units': 1000, 'alpha': 0.30000000000000004, 'sigma_in': 0.5, 'rho': 0.1, 'tikh': 0.1, 'option': 3, 'N_train': 20000, 'out_dim': 3, 'Normalization': 1}. Best is trial 171 with value: 0.2815542325377464.
[I 2025-11-21 01:08:10,829] Trial 287 finished with value: 0.5882375046610833 and parameters: {'n_units': 1000, 'alpha': 0.30000000000000004, 'sigma_in': 0.4, 'rho': 0.1, 'tikh': 0.1, 'option': 3, 'N_train': 20000, 'out_dim': 3, 'Normalization': 1}. Best is trial 171 with value: 0.2815542325377464.
[I 2025-11-21 01:09:05,763] Trial 288 finished with value: 37.402667380217466 and parameters: {'n_units': 1000, 'alpha': 0.2, 'sigma_in': 0.4, 'rho': 0.1, 'tikh': 0.1, 'option': 5, 'N_train': 20000, 'out_dim': 3, 'Normalization': 1}. Best is trial 171 with value: 0.2815542325377464.
[I 2025-11-21 01:10:25,736] Trial 289 finished with value: 89.81359153985977 and parameters: {'n_units': 2000, 'alpha': 0.30000000000000004, 'sigma_in': 0.4, 'rho': 0.1, 'tikh': 0.1, 'option': 2, 'N_train': 20000, 'out_dim': 3, 'Normalization': 1}. Best is trial 171 with value: 0.2815542325377464.
[I 2025-11-21 01:11:15,195] Trial 290 finished with value: 0.5303867381066084 and parameters: {'n_units': 1000, 'alpha': 0.9, 'sigma_in': 0.4, 'rho': 0.1, 'tikh': 0.1, 'option': 3, 'N_train': 20000, 'out_dim': 3, 'Normalization': 1}. Best is trial 171 with value: 0.2815542325377464.
[I 2025-11-21 01:12:07,553] Trial 291 finished with value: 0.35140509009361265 and parameters: {'n_units': 1000, 'alpha': 0.30000000000000004, 'sigma_in': 0.4, 'rho': 0.1, 'tikh': 0.1, 'option': 3, 'N_train': 20000, 'out_dim': 3, 'Normalization': 1}. Best is trial 171 with value: 0.2815542325377464.
[I 2025-11-21 01:13:01,243] Trial 292 finished with value: 0.3308888584375381 and parameters: {'n_units': 1000, 'alpha': 0.30000000000000004, 'sigma_in': 0.4, 'rho': 0.1, 'tikh': 0.1, 'option': 3, 'N_train': 20000, 'out_dim': 3, 'Normalization': 1}. Best is trial 171 with value: 0.2815542325377464.
[I 2025-11-21 01:14:00,762] Trial 293 finished with value: 0.329579122364521 and parameters: {'n_units': 1000, 'alpha': 0.30000000000000004, 'sigma_in': 0.4, 'rho': 0.1, 'tikh': 0.1, 'option': 3, 'N_train': 20000, 'out_dim': 3, 'Normalization': 1}. Best is trial 171 with value: 0.2815542325377464.
[I 2025-11-21 01:14:53,597] Trial 294 finished with value: 948.3385870933532 and parameters: {'n_units': 1000, 'alpha': 0.30000000000000004, 'sigma_in': 0.4, 'rho': 0.1, 'tikh': 0.0001, 'option': 3, 'N_train': 20000, 'out_dim': 3, 'Normalization': 1}. Best is trial 171 with value: 0.2815542325377464.
[I 2025-11-21 01:15:45,454] Trial 295 finished with value: 0.7491438657045364 and parameters: {'n_units': 1000, 'alpha': 0.30000000000000004, 'sigma_in': 0.4, 'rho': 0.1, 'tikh': 0.1, 'option': 3, 'N_train': 20000, 'out_dim': 3, 'Normalization': 1}. Best is trial 171 with value: 0.2815542325377464.
[I 2025-11-21 01:16:50,871] Trial 296 finished with value: 0.5546694412827492 and parameters: {'n_units': 1000, 'alpha': 0.30000000000000004, 'sigma_in': 0.4, 'rho': 0.2, 'tikh': 0.1, 'option': 3, 'N_train': 20000, 'out_dim': 3, 'Normalization': 1}. Best is trial 171 with value: 0.2815542325377464.
[I 2025-11-21 01:17:42,680] Trial 297 finished with value: 0.42098829746246336 and parameters: {'n_units': 1000, 'alpha': 0.30000000000000004, 'sigma_in': 0.4, 'rho': 0.1, 'tikh': 0.1, 'option': 3, 'N_train': 20000, 'out_dim': 3, 'Normalization': 1}. Best is trial 171 with value: 0.2815542325377464.
