[I 2025-11-20 22:15:28,629] Trial 160 finished with value: 0.0006333458608423825 and parameters: {'n_units': 1000, 'alpha': 0.9, 'sigma_in': 0.30000000000000004, 'rho': 0.2, 'tikh': 0.1, 'option': 3, 'Normalization': 1}. Best is trial 144 with value: 0.00040027984832704535.
[I 2025-11-20 22:17:05,678] Trial 146 finished with value: 22.084794696743483 and parameters: {'n_units': 1000, 'alpha': 1.0, 'sigma_in': 0.6, 'rho': 0.4, 'tikh': 0.1, 'option': 3, 'Normalization': 1}. Best is trial 40 with value: 0.0005719184021472756.
[I 2025-11-20 22:20:18,779] Trial 161 finished with value: 0.0006345947331283242 and parameters: {'n_units': 1000, 'alpha': 0.9, 'sigma_in': 0.30000000000000004, 'rho': 0.2, 'tikh': 0.1, 'option': 3, 'Normalization': 1}. Best is trial 144 with value: 0.00040027984832704535.
[I 2025-11-20 22:21:37,860] Trial 147 finished with value: 0.002301717217778787 and parameters: {'n_units': 1000, 'alpha': 1.0, 'sigma_in': 0.5, 'rho': 0.5, 'tikh': 0.1, 'option': 3, 'Normalization': 1}. Best is trial 40 with value: 0.0005719184021472756.
[I 2025-11-20 22:24:57,249] Trial 162 finished with value: 0.0003821343147137668 and parameters: {'n_units': 1000, 'alpha': 0.9, 'sigma_in': 0.30000000000000004, 'rho': 0.2, 'tikh': 0.1, 'option': 3, 'Normalization': 1}. Best is trial 162 with value: 0.0003821343147137668.
[I 2025-11-20 22:26:14,713] Trial 148 finished with value: 8.630757661443203 and parameters: {'n_units': 1000, 'alpha': 0.9, 'sigma_in': 0.5, 'rho': 0.5, 'tikh': 0.1, 'option': 3, 'Normalization': 1}. Best is trial 40 with value: 0.0005719184021472756.
[I 2025-11-20 22:30:58,022] Trial 163 finished with value: 0.00043387474961491533 and parameters: {'n_units': 1000, 'alpha': 0.9, 'sigma_in': 0.30000000000000004, 'rho': 0.2, 'tikh': 0.1, 'option': 3, 'Normalization': 1}. Best is trial 162 with value: 0.0003821343147137668.
[I 2025-11-20 22:31:36,382] Trial 149 finished with value: 4451.577508544922 and parameters: {'n_units': 1000, 'alpha': 1.0, 'sigma_in': 0.4, 'rho': 0.4, 'tikh': 0.001, 'option': 3, 'Normalization': 1}. Best is trial 40 with value: 0.0005719184021472756.
[I 2025-11-20 22:37:12,597] Trial 164 finished with value: 0.0004574872931698337 and parameters: {'n_units': 1000, 'alpha': 0.9, 'sigma_in': 0.30000000000000004, 'rho': 0.1, 'tikh': 0.1, 'option': 3, 'Normalization': 1}. Best is trial 162 with value: 0.0003821343147137668.
[I 2025-11-20 22:42:30,563] Trial 165 finished with value: 0.0016120973305078223 and parameters: {'n_units': 1000, 'alpha': 0.4, 'sigma_in': 0.30000000000000004, 'rho': 0.1, 'tikh': 0.1, 'option': 3, 'Normalization': 1}. Best is trial 162 with value: 0.0003821343147137668.
[I 2025-11-20 22:45:43,201] Trial 150 finished with value: 742.281599354744 and parameters: {'n_units': 3000, 'alpha': 1.0, 'sigma_in': 0.5, 'rho': 0.5, 'tikh': 0.1, 'option': 4, 'Normalization': 1}. Best is trial 40 with value: 0.0005719184021472756.
[I 2025-11-20 22:47:07,594] Trial 166 finished with value: 145.12062719129025 and parameters: {'n_units': 1000, 'alpha': 0.9, 'sigma_in': 0.30000000000000004, 'rho': 0.1, 'tikh': 0.1, 'option': 5, 'Normalization': 1}. Best is trial 162 with value: 0.0003821343147137668.
[I 2025-11-20 22:49:56,327] Trial 151 finished with value: 0.0027237263158895074 and parameters: {'n_units': 1000, 'alpha': 1.0, 'sigma_in': 0.5, 'rho': 0.30000000000000004, 'tikh': 0.1, 'option': 3, 'Normalization': 1}. Best is trial 40 with value: 0.0005719184021472756.
[I 2025-11-20 22:52:21,757] Trial 167 finished with value: 0.00047054270671651464 and parameters: {'n_units': 1000, 'alpha': 0.9, 'sigma_in': 0.30000000000000004, 'rho': 0.2, 'tikh': 0.1, 'option': 3, 'Normalization': 1}. Best is trial 162 with value: 0.0003821343147137668.
[I 2025-11-20 22:54:11,966] Trial 152 finished with value: 0.0023949366295710206 and parameters: {'n_units': 1000, 'alpha': 1.0, 'sigma_in': 0.5, 'rho': 0.2, 'tikh': 0.1, 'option': 3, 'Normalization': 1}. Best is trial 40 with value: 0.0005719184021472756.
[I 2025-11-20 22:54:41,124] Trial 168 finished with value: 4833.527079176903 and parameters: {'n_units': 1000, 'alpha': 0.9, 'sigma_in': 0.30000000000000004, 'rho': 0.1, 'tikh': 0.01, 'option': 3, 'Normalization': 1}. Best is trial 162 with value: 0.0003821343147137668.
[I 2025-11-20 22:55:29,633] Trial 153 finished with value: 0.09641007222235203 and parameters: {'n_units': 1000, 'alpha': 1.0, 'sigma_in': 0.2, 'rho': 0.30000000000000004, 'tikh': 0.1, 'option': 3, 'Normalization': 1}. Best is trial 40 with value: 0.0005719184021472756.
[I 2025-11-20 22:57:00,952] Trial 169 finished with value: 0.0004126620820898097 and parameters: {'n_units': 1000, 'alpha': 0.9, 'sigma_in': 0.30000000000000004, 'rho': 0.2, 'tikh': 0.1, 'option': 3, 'Normalization': 1}. Best is trial 162 with value: 0.0003821343147137668.
[I 2025-11-20 22:58:08,788] Trial 154 finished with value: 0.0028920297452714296 and parameters: {'n_units': 1000, 'alpha': 1.0, 'sigma_in': 0.5, 'rho': 0.30000000000000004, 'tikh': 0.1, 'option': 3, 'Normalization': 1}. Best is trial 40 with value: 0.0005719184021472756.
[I 2025-11-20 23:01:07,380] Trial 170 finished with value: 0.0004413024907989893 and parameters: {'n_units': 1000, 'alpha': 0.9, 'sigma_in': 0.30000000000000004, 'rho': 0.2, 'tikh': 0.1, 'option': 3, 'Normalization': 1}. Best is trial 162 with value: 0.0003821343147137668.
[I 2025-11-20 23:01:39,273] Trial 155 finished with value: 0.0023268668679520487 and parameters: {'n_units': 1000, 'alpha': 1.0, 'sigma_in': 0.5, 'rho': 0.2, 'tikh': 0.1, 'option': 3, 'Normalization': 1}. Best is trial 40 with value: 0.0005719184021472756.
[I 2025-11-20 23:03:25,652] Trial 156 finished with value: 0.001281179209581751 and parameters: {'n_units': 1000, 'alpha': 1.0, 'sigma_in': 0.5, 'rho': 0.5, 'tikh': 0.1, 'option': 3, 'Normalization': 1}. Best is trial 40 with value: 0.0005719184021472756.
[I 2025-11-20 23:03:27,781] Trial 171 finished with value: 30.619786178600044 and parameters: {'n_units': 1000, 'alpha': 0.9, 'sigma_in': 0.8, 'rho': 0.2, 'tikh': 0.1, 'option': 3, 'Normalization': 1}. Best is trial 162 with value: 0.0003821343147137668.
[I 2025-11-20 23:05:10,863] Trial 157 finished with value: 72.64381077264052 and parameters: {'n_units': 1000, 'alpha': 1.0, 'sigma_in': 0.6, 'rho': 0.5, 'tikh': 0.1, 'option': 3, 'Normalization': 1}. Best is trial 40 with value: 0.0005719184021472756.
[I 2025-11-20 23:05:17,733] Trial 172 finished with value: 0.0003289087986559025 and parameters: {'n_units': 1000, 'alpha': 0.9, 'sigma_in': 0.30000000000000004, 'rho': 0.2, 'tikh': 0.1, 'option': 3, 'Normalization': 1}. Best is trial 172 with value: 0.0003289087986559025.
[I 2025-11-20 23:07:33,818] Trial 158 finished with value: 0.003248640728997998 and parameters: {'n_units': 1000, 'alpha': 0.9, 'sigma_in': 0.5, 'rho': 0.5, 'tikh': 0.1, 'option': 3, 'Normalization': 1}. Best is trial 40 with value: 0.0005719184021472756.
[I 2025-11-20 23:08:42,114] Trial 173 finished with value: 0.0006539792506373487 and parameters: {'n_units': 1000, 'alpha': 0.9, 'sigma_in': 0.30000000000000004, 'rho': 0.2, 'tikh': 0.1, 'option': 3, 'Normalization': 1}. Best is trial 172 with value: 0.0003289087986559025.
[I 2025-11-20 23:11:06,954] Trial 159 finished with value: 3223.067824554443 and parameters: {'n_units': 1000, 'alpha': 1.0, 'sigma_in': 0.5, 'rho': 0.6, 'tikh': 0.01, 'option': 3, 'Normalization': 1}. Best is trial 40 with value: 0.0005719184021472756.
[I 2025-11-20 23:12:30,848] Trial 174 finished with value: 0.0004962818151398096 and parameters: {'n_units': 1000, 'alpha': 0.9, 'sigma_in': 0.30000000000000004, 'rho': 0.2, 'tikh': 0.1, 'option': 3, 'Normalization': 1}. Best is trial 172 with value: 0.0003289087986559025.
[I 2025-11-20 23:14:16,422] Trial 160 finished with value: 0.001579826771194348 and parameters: {'n_units': 1000, 'alpha': 1.0, 'sigma_in': 0.5, 'rho': 0.5, 'tikh': 0.1, 'option': 3, 'Normalization': 1}. Best is trial 40 with value: 0.0005719184021472756.
[I 2025-11-20 23:15:20,121] Trial 175 finished with value: 0.0008375747282116208 and parameters: {'n_units': 1000, 'alpha': 0.9, 'sigma_in': 0.30000000000000004, 'rho': 0.2, 'tikh': 0.1, 'option': 3, 'Normalization': 1}. Best is trial 172 with value: 0.0003289087986559025.
[I 2025-11-20 23:16:32,671] Trial 161 finished with value: 0.0024299584998516365 and parameters: {'n_units': 1000, 'alpha': 1.0, 'sigma_in': 0.5, 'rho': 0.5, 'tikh': 0.1, 'option': 3, 'Normalization': 1}. Best is trial 40 with value: 0.0005719184021472756.
[I 2025-11-20 23:17:39,864] Trial 176 finished with value: 0.00039870484033599496 and parameters: {'n_units': 1000, 'alpha': 0.9, 'sigma_in': 0.30000000000000004, 'rho': 0.2, 'tikh': 0.1, 'option': 3, 'Normalization': 1}. Best is trial 172 with value: 0.0003289087986559025.
[I 2025-11-20 23:17:50,054] Trial 162 finished with value: 0.0023379360514809377 and parameters: {'n_units': 1000, 'alpha': 1.0, 'sigma_in': 0.5, 'rho': 0.5, 'tikh': 0.1, 'option': 3, 'Normalization': 1}. Best is trial 40 with value: 0.0005719184021472756.
[I 2025-11-20 23:20:40,959] Trial 177 finished with value: 0.0005238359190116171 and parameters: {'n_units': 1000, 'alpha': 0.9, 'sigma_in': 0.30000000000000004, 'rho': 0.1, 'tikh': 0.1, 'option': 3, 'Normalization': 1}. Best is trial 172 with value: 0.0003289087986559025.
[I 2025-11-20 23:20:50,387] Trial 163 finished with value: 0.09809544797171839 and parameters: {'n_units': 1000, 'alpha': 0.1, 'sigma_in': 0.5, 'rho': 0.5, 'tikh': 0.1, 'option': 3, 'Normalization': 1}. Best is trial 40 with value: 0.0005719184021472756.
[I 2025-11-20 23:22:34,697] Trial 178 finished with value: 0.0033594932057894765 and parameters: {'n_units': 1000, 'alpha': 0.9, 'sigma_in': 0.2, 'rho': 0.1, 'tikh': 0.1, 'option': 3, 'Normalization': 1}. Best is trial 172 with value: 0.0003289087986559025.
[I 2025-11-20 23:23:06,693] Trial 164 finished with value: 0.004082539762021042 and parameters: {'n_units': 1000, 'alpha': 1.0, 'sigma_in': 0.5, 'rho': 0.5, 'tikh': 0.1, 'option': 3, 'Normalization': 1}. Best is trial 40 with value: 0.0005719184021472756.
[I 2025-11-20 23:24:04,396] Trial 179 finished with value: 0.00024495064208167604 and parameters: {'n_units': 1000, 'alpha': 0.9, 'sigma_in': 0.30000000000000004, 'rho': 0.1, 'tikh': 0.1, 'option': 3, 'Normalization': 1}. Best is trial 179 with value: 0.00024495064208167604.
[I 2025-11-20 23:24:12,789] Trial 165 finished with value: 0.004296958801569417 and parameters: {'n_units': 1000, 'alpha': 1.0, 'sigma_in': 0.5, 'rho': 0.5, 'tikh': 0.1, 'option': 3, 'Normalization': 1}. Best is trial 40 with value: 0.0005719184021472756.
[I 2025-11-20 23:24:54,307] Trial 180 finished with value: 0.00023600899085067794 and parameters: {'n_units': 1000, 'alpha': 0.9, 'sigma_in': 0.30000000000000004, 'rho': 0.1, 'tikh': 0.1, 'option': 3, 'Normalization': 1}. Best is trial 180 with value: 0.00023600899085067794.
[I 2025-11-20 23:25:00,748] Trial 166 finished with value: 0.1413975574701908 and parameters: {'n_units': 1000, 'alpha': 1.0, 'sigma_in': 0.5, 'rho': 0.5, 'tikh': 0.1, 'option': 3, 'Normalization': 1}. Best is trial 40 with value: 0.0005719184021472756.
[I 2025-11-20 23:26:45,614] Trial 181 finished with value: 0.0003033741675608326 and parameters: {'n_units': 1000, 'alpha': 0.9, 'sigma_in': 0.30000000000000004, 'rho': 0.1, 'tikh': 0.1, 'option': 3, 'Normalization': 1}. Best is trial 180 with value: 0.00023600899085067794.
[I 2025-11-20 23:26:48,415] Trial 167 finished with value: 6.432466344255954 and parameters: {'n_units': 1000, 'alpha': 1.0, 'sigma_in': 0.6, 'rho': 0.6, 'tikh': 0.1, 'option': 3, 'Normalization': 1}. Best is trial 40 with value: 0.0005719184021472756.
[I 2025-11-20 23:27:37,193] Trial 182 finished with value: 0.00036416610491869507 and parameters: {'n_units': 1000, 'alpha': 0.9, 'sigma_in': 0.30000000000000004, 'rho': 0.1, 'tikh': 0.1, 'option': 3, 'Normalization': 1}. Best is trial 180 with value: 0.00023600899085067794.
[I 2025-11-20 23:27:39,844] Trial 168 finished with value: 2134.474397263676 and parameters: {'n_units': 1000, 'alpha': 1.0, 'sigma_in': 0.4, 'rho': 0.4, 'tikh': 0.1, 'option': 5, 'Normalization': 1}. Best is trial 40 with value: 0.0005719184021472756.
[I 2025-11-20 23:28:27,365] Trial 183 finished with value: 0.00034202921415271703 and parameters: {'n_units': 1000, 'alpha': 0.9, 'sigma_in': 0.30000000000000004, 'rho': 0.1, 'tikh': 0.1, 'option': 3, 'Normalization': 1}. Best is trial 180 with value: 0.00023600899085067794.
[I 2025-11-20 23:28:28,961] Trial 169 finished with value: 16279921.929437255 and parameters: {'n_units': 1000, 'alpha': 1.0, 'sigma_in': 0.5, 'rho': 0.5, 'tikh': 1e-05, 'option': 3, 'Normalization': 1}. Best is trial 40 with value: 0.0005719184021472756.
[I 2025-11-20 23:29:17,507] Trial 170 finished with value: 0.13339699354255571 and parameters: {'n_units': 1000, 'alpha': 1.0, 'sigma_in': 0.5, 'rho': 0.5, 'tikh': 0.1, 'option': 3, 'Normalization': 1}. Best is trial 40 with value: 0.0005719184021472756.
[I 2025-11-20 23:29:20,342] Trial 184 finished with value: 0.00035908224072045414 and parameters: {'n_units': 1000, 'alpha': 0.9, 'sigma_in': 0.30000000000000004, 'rho': 0.1, 'tikh': 0.1, 'option': 3, 'Normalization': 1}. Best is trial 180 with value: 0.00023600899085067794.
[I 2025-11-20 23:30:03,346] Trial 171 finished with value: 0.0031158305588178336 and parameters: {'n_units': 1000, 'alpha': 1.0, 'sigma_in': 0.5, 'rho': 0.30000000000000004, 'tikh': 0.1, 'option': 3, 'Normalization': 1}. Best is trial 40 with value: 0.0005719184021472756.
[I 2025-11-20 23:30:08,556] Trial 185 finished with value: 0.00024871588648238684 and parameters: {'n_units': 1000, 'alpha': 0.9, 'sigma_in': 0.30000000000000004, 'rho': 0.1, 'tikh': 0.1, 'option': 3, 'Normalization': 1}. Best is trial 180 with value: 0.00023600899085067794.
[I 2025-11-20 23:30:49,559] Trial 172 finished with value: 0.003227561991661787 and parameters: {'n_units': 1000, 'alpha': 1.0, 'sigma_in': 0.5, 'rho': 0.30000000000000004, 'tikh': 0.1, 'option': 3, 'Normalization': 1}. Best is trial 40 with value: 0.0005719184021472756.
[I 2025-11-20 23:30:59,061] Trial 186 finished with value: 106.07172735631465 and parameters: {'n_units': 1000, 'alpha': 0.9, 'sigma_in': 0.30000000000000004, 'rho': 0.1, 'tikh': 1e-05, 'option': 3, 'Normalization': 1}. Best is trial 180 with value: 0.00023600899085067794.
[I 2025-11-20 23:31:56,252] Trial 173 finished with value: 0.002847076175385155 and parameters: {'n_units': 1000, 'alpha': 1.0, 'sigma_in': 0.5, 'rho': 0.30000000000000004, 'tikh': 0.1, 'option': 3, 'Normalization': 1}. Best is trial 40 with value: 0.0005719184021472756.
[I 2025-11-20 23:32:08,292] Trial 187 finished with value: 0.0005191972380998777 and parameters: {'n_units': 1000, 'alpha': 0.9, 'sigma_in': 0.30000000000000004, 'rho': 0.1, 'tikh': 0.1, 'option': 3, 'Normalization': 1}. Best is trial 180 with value: 0.00023600899085067794.
[I 2025-11-20 23:33:06,343] Trial 174 finished with value: 0.0020194943994283677 and parameters: {'n_units': 1000, 'alpha': 1.0, 'sigma_in': 0.5, 'rho': 0.30000000000000004, 'tikh': 0.1, 'option': 3, 'Normalization': 1}. Best is trial 40 with value: 0.0005719184021472756.
[I 2025-11-20 23:33:37,648] Trial 188 finished with value: 0.0003876408643918694 and parameters: {'n_units': 1000, 'alpha': 0.8, 'sigma_in': 0.30000000000000004, 'rho': 0.1, 'tikh': 0.1, 'option': 3, 'Normalization': 1}. Best is trial 180 with value: 0.00023600899085067794.
[I 2025-11-20 23:34:15,698] Trial 175 finished with value: 0.002478027145843953 and parameters: {'n_units': 1000, 'alpha': 1.0, 'sigma_in': 0.5, 'rho': 0.5, 'tikh': 0.1, 'option': 3, 'Normalization': 1}. Best is trial 40 with value: 0.0005719184021472756.
[I 2025-11-20 23:35:48,581] Trial 176 finished with value: 0.0040062190499156715 and parameters: {'n_units': 1000, 'alpha': 0.9, 'sigma_in': 0.5, 'rho': 0.30000000000000004, 'tikh': 0.1, 'option': 3, 'Normalization': 1}. Best is trial 40 with value: 0.0005719184021472756.
[I 2025-11-20 23:36:08,347] Trial 189 finished with value: 640.1222765922546 and parameters: {'n_units': 3000, 'alpha': 0.8, 'sigma_in': 0.30000000000000004, 'rho': 0.1, 'tikh': 0.0001, 'option': 3, 'Normalization': 1}. Best is trial 180 with value: 0.00023600899085067794.
[I 2025-11-20 23:36:58,800] Trial 177 finished with value: 0.006239906372502446 and parameters: {'n_units': 1000, 'alpha': 1.0, 'sigma_in': 0.4, 'rho': 0.5, 'tikh': 0.1, 'option': 3, 'Normalization': 1}. Best is trial 40 with value: 0.0005719184021472756.
[I 2025-11-20 23:37:19,727] Trial 190 finished with value: 0.0001889940142064006 and parameters: {'n_units': 1000, 'alpha': 0.8, 'sigma_in': 0.30000000000000004, 'rho': 0.1, 'tikh': 0.1, 'option': 3, 'Normalization': 1}. Best is trial 190 with value: 0.0001889940142064006.
[I 2025-11-20 23:38:26,920] Trial 191 finished with value: 0.0003307319999294123 and parameters: {'n_units': 1000, 'alpha': 0.8, 'sigma_in': 0.30000000000000004, 'rho': 0.1, 'tikh': 0.1, 'option': 3, 'Normalization': 1}. Best is trial 190 with value: 0.0001889940142064006.
[I 2025-11-20 23:38:36,140] Trial 178 finished with value: 114090.38592071533 and parameters: {'n_units': 3000, 'alpha': 1.0, 'sigma_in': 0.5, 'rho': 0.4, 'tikh': 0.0001, 'option': 3, 'Normalization': 1}. Best is trial 40 with value: 0.0005719184021472756.
[I 2025-11-20 23:39:19,607] Trial 192 finished with value: 0.000253043336851988 and parameters: {'n_units': 1000, 'alpha': 0.8, 'sigma_in': 0.30000000000000004, 'rho': 0.1, 'tikh': 0.1, 'option': 3, 'Normalization': 1}. Best is trial 190 with value: 0.0001889940142064006.
[I 2025-11-20 23:39:25,791] Trial 179 finished with value: 1432.5948608398437 and parameters: {'n_units': 1000, 'alpha': 1.0, 'sigma_in': 0.5, 'rho': 0.9, 'tikh': 0.1, 'option': 4, 'Normalization': 1}. Best is trial 40 with value: 0.0005719184021472756.
[I 2025-11-20 23:40:22,949] Trial 193 finished with value: 0.00018262208741361973 and parameters: {'n_units': 1000, 'alpha': 0.8, 'sigma_in': 0.30000000000000004, 'rho': 0.1, 'tikh': 0.1, 'option': 3, 'Normalization': 1}. Best is trial 193 with value: 0.00018262208741361973.
[I 2025-11-20 23:40:51,970] Trial 180 finished with value: 364.336314587621 and parameters: {'n_units': 1000, 'alpha': 1.0, 'sigma_in': 0.6, 'rho': 0.5, 'tikh': 0.1, 'option': 3, 'Normalization': 1}. Best is trial 40 with value: 0.0005719184021472756.
[I 2025-11-20 23:41:53,196] Trial 194 finished with value: 0.00029671071915799986 and parameters: {'n_units': 1000, 'alpha': 0.8, 'sigma_in': 0.30000000000000004, 'rho': 0.1, 'tikh': 0.1, 'option': 3, 'Normalization': 1}. Best is trial 193 with value: 0.00018262208741361973.
[I 2025-11-20 23:41:58,996] Trial 181 finished with value: 0.002923459722660482 and parameters: {'n_units': 1000, 'alpha': 1.0, 'sigma_in': 0.5, 'rho': 0.30000000000000004, 'tikh': 0.1, 'option': 3, 'Normalization': 1}. Best is trial 40 with value: 0.0005719184021472756.
[I 2025-11-20 23:42:53,677] Trial 195 finished with value: 0.00036065990188944853 and parameters: {'n_units': 1000, 'alpha': 0.8, 'sigma_in': 0.30000000000000004, 'rho': 0.1, 'tikh': 0.1, 'option': 3, 'Normalization': 1}. Best is trial 193 with value: 0.00018262208741361973.
[I 2025-11-20 23:43:00,497] Trial 182 finished with value: 0.0026269716559909283 and parameters: {'n_units': 1000, 'alpha': 1.0, 'sigma_in': 0.5, 'rho': 0.30000000000000004, 'tikh': 0.1, 'option': 3, 'Normalization': 1}. Best is trial 40 with value: 0.0005719184021472756.
[I 2025-11-20 23:43:47,104] Trial 196 finished with value: 308.42013909470916 and parameters: {'n_units': 1000, 'alpha': 0.8, 'sigma_in': 0.7000000000000001, 'rho': 0.1, 'tikh': 0.1, 'option': 3, 'Normalization': 1}. Best is trial 193 with value: 0.00018262208741361973.
[I 2025-11-20 23:43:48,866] Trial 183 finished with value: 0.0029583439871203156 and parameters: {'n_units': 1000, 'alpha': 1.0, 'sigma_in': 0.5, 'rho': 0.30000000000000004, 'tikh': 0.1, 'option': 3, 'Normalization': 1}. Best is trial 40 with value: 0.0005719184021472756.
[I 2025-11-20 23:44:40,844] Trial 184 finished with value: 0.002325983892660588 and parameters: {'n_units': 1000, 'alpha': 1.0, 'sigma_in': 0.5, 'rho': 0.30000000000000004, 'tikh': 0.1, 'option': 3, 'Normalization': 1}. Best is trial 40 with value: 0.0005719184021472756.
[I 2025-11-20 23:44:42,775] Trial 197 finished with value: 0.00016216149961110205 and parameters: {'n_units': 1000, 'alpha': 0.8, 'sigma_in': 0.30000000000000004, 'rho': 0.1, 'tikh': 0.1, 'option': 3, 'Normalization': 1}. Best is trial 197 with value: 0.00016216149961110205.
[I 2025-11-20 23:45:24,870] Trial 185 finished with value: 0.002110104324674467 and parameters: {'n_units': 1000, 'alpha': 1.0, 'sigma_in': 0.5, 'rho': 0.5, 'tikh': 0.1, 'option': 3, 'Normalization': 1}. Best is trial 40 with value: 0.0005719184021472756.
[I 2025-11-20 23:45:28,922] Trial 198 finished with value: 0.004250085155945271 and parameters: {'n_units': 1000, 'alpha': 0.8, 'sigma_in': 0.2, 'rho': 0.1, 'tikh': 0.1, 'option': 3, 'Normalization': 1}. Best is trial 197 with value: 0.00016216149961110205.
[I 2025-11-20 23:46:15,118] Trial 186 finished with value: 0.0015844429119169945 and parameters: {'n_units': 1000, 'alpha': 1.0, 'sigma_in': 0.5, 'rho': 0.5, 'tikh': 0.1, 'option': 3, 'Normalization': 1}. Best is trial 40 with value: 0.0005719184021472756.
[I 2025-11-20 23:46:22,005] Trial 199 finished with value: 134.05299472212792 and parameters: {'n_units': 1000, 'alpha': 0.8, 'sigma_in': 0.30000000000000004, 'rho': 0.1, 'tikh': 0.001, 'option': 3, 'Normalization': 1}. Best is trial 197 with value: 0.00016216149961110205.
[I 2025-11-20 23:46:59,156] Trial 187 finished with value: 9238.796041870117 and parameters: {'n_units': 1000, 'alpha': 1.0, 'sigma_in': 0.5, 'rho': 0.5, 'tikh': 0.001, 'option': 3, 'Normalization': 1}. Best is trial 40 with value: 0.0005719184021472756.
