[I 2025-11-20 20:19:46,918] Trial 75 finished with value: 2.8328867331147194 and parameters: {'n_units': 3000, 'alpha': 0.5, 'sigma_in': 0.1, 'rho': 0.30000000000000004, 'tikh': 0.1, 'option': 5, 'N_train': 20000, 'out_dim': 3, 'Normalization': 1}. Best is trial 46 with value: 0.3000883934320882.
[I 2025-11-20 20:35:51,061] Trial 76 finished with value: 1100.8465260982514 and parameters: {'n_units': 3000, 'alpha': 0.30000000000000004, 'sigma_in': 0.30000000000000004, 'rho': 0.4, 'tikh': 0.1, 'option': 5, 'N_train': 20000, 'out_dim': 3, 'Normalization': 1}. Best is trial 46 with value: 0.3000883934320882.
[I 2025-11-20 20:52:20,930] Trial 77 finished with value: 3.7579193234443666 and parameters: {'n_units': 3000, 'alpha': 0.4, 'sigma_in': 0.2, 'rho': 0.2, 'tikh': 0.1, 'option': 2, 'N_train': 20000, 'out_dim': 3, 'Normalization': 1}. Best is trial 46 with value: 0.3000883934320882.
[I 2025-11-20 21:04:05,850] Trial 78 finished with value: 5535.228053283691 and parameters: {'n_units': 3000, 'alpha': 0.5, 'sigma_in': 0.1, 'rho': 0.4, 'tikh': 1e-10, 'option': 3, 'N_train': 20000, 'out_dim': 3, 'Normalization': 1}. Best is trial 46 with value: 0.3000883934320882.
[I 2025-11-20 21:14:47,112] Trial 79 finished with value: 1943.0915307998657 and parameters: {'n_units': 3000, 'alpha': 0.4, 'sigma_in': 0.6, 'rho': 0.30000000000000004, 'tikh': 1e-09, 'option': 5, 'N_train': 20000, 'out_dim': 3, 'Normalization': 1}. Best is trial 46 with value: 0.3000883934320882.
[I 2025-11-20 21:27:41,364] Trial 80 finished with value: 63.50382928848266 and parameters: {'n_units': 3000, 'alpha': 0.6, 'sigma_in': 0.2, 'rho': 0.5, 'tikh': 0.1, 'option': 5, 'N_train': 20000, 'out_dim': 3, 'Normalization': 1}. Best is trial 46 with value: 0.3000883934320882.
[I 2025-11-20 21:45:29,840] Trial 81 finished with value: 2.7224727630615235 and parameters: {'n_units': 3000, 'alpha': 0.4, 'sigma_in': 0.1, 'rho': 0.4, 'tikh': 0.1, 'option': 5, 'N_train': 20000, 'out_dim': 3, 'Normalization': 1}. Best is trial 46 with value: 0.3000883934320882.
[I 2025-11-20 22:07:36,469] Trial 82 finished with value: 1.9983883857727052 and parameters: {'n_units': 3000, 'alpha': 0.4, 'sigma_in': 0.1, 'rho': 0.30000000000000004, 'tikh': 0.1, 'option': 5, 'N_train': 20000, 'out_dim': 3, 'Normalization': 1}. Best is trial 46 with value: 0.3000883934320882.
[I 2025-11-20 22:18:35,682] Trial 83 finished with value: 0.11351417526602745 and parameters: {'n_units': 3000, 'alpha': 0.30000000000000004, 'sigma_in': 0.1, 'rho': 0.2, 'tikh': 0.1, 'option': 5, 'N_train': 20000, 'out_dim': 3, 'Normalization': 1}. Best is trial 83 with value: 0.11351417526602745.
[I 2025-11-20 22:33:00,692] Trial 84 finished with value: 1.3375338955782354 and parameters: {'n_units': 3000, 'alpha': 0.30000000000000004, 'sigma_in': 0.1, 'rho': 0.2, 'tikh': 0.1, 'option': 5, 'N_train': 20000, 'out_dim': 3, 'Normalization': 1}. Best is trial 83 with value: 0.11351417526602745.
[I 2025-11-20 22:47:13,069] Trial 85 finished with value: 812.7430565357208 and parameters: {'n_units': 3000, 'alpha': 0.30000000000000004, 'sigma_in': 0.2, 'rho': 0.1, 'tikh': 1e-08, 'option': 5, 'N_train': 20000, 'out_dim': 3, 'Normalization': 1}. Best is trial 83 with value: 0.11351417526602745.
[I 2025-11-20 22:54:58,738] Trial 86 finished with value: 3.564674270153046 and parameters: {'n_units': 3000, 'alpha': 0.30000000000000004, 'sigma_in': 0.1, 'rho': 0.2, 'tikh': 0.1, 'option': 2, 'N_train': 20000, 'out_dim': 3, 'Normalization': 1}. Best is trial 83 with value: 0.11351417526602745.
[I 2025-11-20 22:57:04,442] Trial 87 finished with value: 170.86702997684478 and parameters: {'n_units': 1000, 'alpha': 0.2, 'sigma_in': 0.5, 'rho': 0.2, 'tikh': 1e-05, 'option': 5, 'N_train': 20000, 'out_dim': 3, 'Normalization': 1}. Best is trial 83 with value: 0.11351417526602745.
[I 2025-11-20 23:03:41,158] Trial 88 finished with value: 3822.2580077752473 and parameters: {'n_units': 3000, 'alpha': 0.2, 'sigma_in': 0.1, 'rho': 0.1, 'tikh': 0.001, 'option': 5, 'N_train': 20000, 'out_dim': 3, 'Normalization': 1}. Best is trial 83 with value: 0.11351417526602745.
[I 2025-11-20 23:08:54,439] Trial 89 finished with value: 175.4229932785034 and parameters: {'n_units': 3000, 'alpha': 0.2, 'sigma_in': 0.2, 'rho': 0.2, 'tikh': 0.0001, 'option': 3, 'N_train': 20000, 'out_dim': 3, 'Normalization': 1}. Best is trial 83 with value: 0.11351417526602745.
[I 2025-11-20 23:16:32,955] Trial 90 finished with value: 0.012945135124027729 and parameters: {'n_units': 3000, 'alpha': 0.6, 'sigma_in': 0.1, 'rho': 0.1, 'tikh': 0.1, 'option': 5, 'N_train': 20000, 'out_dim': 3, 'Normalization': 1}. Best is trial 90 with value: 0.012945135124027729.
[I 2025-11-20 23:20:49,829] Trial 91 finished with value: 0.00956656620837748 and parameters: {'n_units': 3000, 'alpha': 0.6, 'sigma_in': 0.1, 'rho': 0.1, 'tikh': 0.1, 'option': 5, 'N_train': 20000, 'out_dim': 3, 'Normalization': 1}. Best is trial 91 with value: 0.00956656620837748.
[I 2025-11-20 23:24:14,714] Trial 92 finished with value: 0.013820318598300218 and parameters: {'n_units': 3000, 'alpha': 0.6, 'sigma_in': 0.1, 'rho': 0.1, 'tikh': 0.1, 'option': 5, 'N_train': 20000, 'out_dim': 3, 'Normalization': 1}. Best is trial 91 with value: 0.00956656620837748.
[I 2025-11-20 23:26:38,199] Trial 93 finished with value: 0.011591080203652382 and parameters: {'n_units': 3000, 'alpha': 0.6, 'sigma_in': 0.1, 'rho': 0.1, 'tikh': 0.1, 'option': 5, 'N_train': 20000, 'out_dim': 3, 'Normalization': 1}. Best is trial 91 with value: 0.00956656620837748.
[I 2025-11-20 23:28:05,725] Trial 94 finished with value: 0.012186467228457332 and parameters: {'n_units': 3000, 'alpha': 0.6, 'sigma_in': 0.1, 'rho': 0.1, 'tikh': 0.1, 'option': 5, 'N_train': 20000, 'out_dim': 3, 'Normalization': 1}. Best is trial 91 with value: 0.00956656620837748.
[I 2025-11-20 23:29:34,003] Trial 95 finished with value: 2016.3460878372193 and parameters: {'n_units': 3000, 'alpha': 0.7000000000000001, 'sigma_in': 0.2, 'rho': 0.1, 'tikh': 1e-06, 'option': 5, 'N_train': 20000, 'out_dim': 3, 'Normalization': 1}. Best is trial 91 with value: 0.00956656620837748.
[I 2025-11-20 23:30:59,473] Trial 96 finished with value: 0.012761696614325047 and parameters: {'n_units': 3000, 'alpha': 0.6, 'sigma_in': 0.1, 'rho': 0.1, 'tikh': 0.1, 'option': 5, 'N_train': 20000, 'out_dim': 3, 'Normalization': 1}. Best is trial 91 with value: 0.00956656620837748.
[I 2025-11-20 23:33:05,180] Trial 97 finished with value: 1167.6971295118333 and parameters: {'n_units': 3000, 'alpha': 0.7000000000000001, 'sigma_in': 0.8, 'rho': 0.1, 'tikh': 0.1, 'option': 5, 'N_train': 20000, 'out_dim': 3, 'Normalization': 1}. Best is trial 91 with value: 0.00956656620837748.
[I 2025-11-20 23:35:43,648] Trial 98 finished with value: 8814.617350387573 and parameters: {'n_units': 3000, 'alpha': 0.6, 'sigma_in': 0.1, 'rho': 0.1, 'tikh': 1e-07, 'option': 5, 'N_train': 20000, 'out_dim': 3, 'Normalization': 1}. Best is trial 91 with value: 0.00956656620837748.
[I 2025-11-20 23:37:49,005] Trial 99 finished with value: 788.5409569740295 and parameters: {'n_units': 3000, 'alpha': 0.6, 'sigma_in': 0.9, 'rho': 0.1, 'tikh': 0.1, 'option': 5, 'N_train': 20000, 'out_dim': 3, 'Normalization': 1}. Best is trial 91 with value: 0.00956656620837748.
[I 2025-11-20 23:39:32,553] Trial 100 finished with value: 0.09317442150786519 and parameters: {'n_units': 3000, 'alpha': 0.7000000000000001, 'sigma_in': 0.1, 'rho': 0.1, 'tikh': 0.1, 'option': 5, 'N_train': 20000, 'out_dim': 3, 'Normalization': 1}. Best is trial 91 with value: 0.00956656620837748.
[I 2025-11-20 23:41:56,119] Trial 101 finished with value: 0.01515864124521613 and parameters: {'n_units': 3000, 'alpha': 0.7000000000000001, 'sigma_in': 0.1, 'rho': 0.1, 'tikh': 0.1, 'option': 5, 'N_train': 20000, 'out_dim': 3, 'Normalization': 1}. Best is trial 91 with value: 0.00956656620837748.
[I 2025-11-20 23:43:28,117] Trial 102 finished with value: 0.011267918511293828 and parameters: {'n_units': 3000, 'alpha': 0.8, 'sigma_in': 0.1, 'rho': 0.1, 'tikh': 0.1, 'option': 5, 'N_train': 20000, 'out_dim': 3, 'Normalization': 1}. Best is trial 91 with value: 0.00956656620837748.
[I 2025-11-20 23:44:56,271] Trial 103 finished with value: 255957112.0035859 and parameters: {'n_units': 3000, 'alpha': 0.8, 'sigma_in': 0.1, 'rho': 0.1, 'tikh': 0.01, 'option': 5, 'N_train': 20000, 'out_dim': 3, 'Normalization': 1}. Best is trial 91 with value: 0.00956656620837748.
[I 2025-11-20 23:46:14,247] Trial 104 finished with value: 79.1784486419987 and parameters: {'n_units': 3000, 'alpha': 0.9, 'sigma_in': 0.1, 'rho': 0.1, 'tikh': 0.1, 'option': 5, 'N_train': 20000, 'out_dim': 3, 'Normalization': 1}. Best is trial 91 with value: 0.00956656620837748.
[I 2025-11-20 23:47:27,396] Trial 105 finished with value: 0.012082297774031758 and parameters: {'n_units': 3000, 'alpha': 0.7000000000000001, 'sigma_in': 0.1, 'rho': 0.1, 'tikh': 0.1, 'option': 5, 'N_train': 20000, 'out_dim': 3, 'Normalization': 1}. Best is trial 91 with value: 0.00956656620837748.
[I 2025-11-20 23:48:46,280] Trial 106 finished with value: 8.662242223136127 and parameters: {'n_units': 3000, 'alpha': 0.7000000000000001, 'sigma_in': 0.2, 'rho': 0.1, 'tikh': 0.1, 'option': 5, 'N_train': 20000, 'out_dim': 3, 'Normalization': 1}. Best is trial 91 with value: 0.00956656620837748.
[I 2025-11-20 23:50:44,438] Trial 107 finished with value: 0.010320591228082775 and parameters: {'n_units': 3000, 'alpha': 0.8, 'sigma_in': 0.1, 'rho': 0.1, 'tikh': 0.1, 'option': 5, 'N_train': 20000, 'out_dim': 3, 'Normalization': 1}. Best is trial 91 with value: 0.00956656620837748.
[I 2025-11-20 23:52:19,291] Trial 108 finished with value: 0.12171582942828536 and parameters: {'n_units': 3000, 'alpha': 0.8, 'sigma_in': 0.1, 'rho': 0.1, 'tikh': 0.1, 'option': 5, 'N_train': 20000, 'out_dim': 3, 'Normalization': 1}. Best is trial 91 with value: 0.00956656620837748.
[I 2025-11-20 23:53:56,158] Trial 109 finished with value: 4145.8568517684935 and parameters: {'n_units': 3000, 'alpha': 0.9, 'sigma_in': 0.2, 'rho': 0.1, 'tikh': 1e-10, 'option': 2, 'N_train': 20000, 'out_dim': 3, 'Normalization': 1}. Best is trial 91 with value: 0.00956656620837748.
[I 2025-11-20 23:55:22,184] Trial 110 finished with value: 4538.705502223968 and parameters: {'n_units': 3000, 'alpha': 0.7000000000000001, 'sigma_in': 0.1, 'rho': 0.1, 'tikh': 1e-09, 'option': 5, 'N_train': 20000, 'out_dim': 3, 'Normalization': 1}. Best is trial 91 with value: 0.00956656620837748.
[I 2025-11-20 23:57:06,103] Trial 111 finished with value: 1.1677085718140006 and parameters: {'n_units': 3000, 'alpha': 0.7000000000000001, 'sigma_in': 0.1, 'rho': 0.1, 'tikh': 0.1, 'option': 5, 'N_train': 20000, 'out_dim': 3, 'Normalization': 1}. Best is trial 91 with value: 0.00956656620837748.
[I 2025-11-20 23:58:54,909] Trial 112 finished with value: 0.010166184674017132 and parameters: {'n_units': 3000, 'alpha': 0.6, 'sigma_in': 0.1, 'rho': 0.1, 'tikh': 0.1, 'option': 5, 'N_train': 20000, 'out_dim': 3, 'Normalization': 1}. Best is trial 91 with value: 0.00956656620837748.
[I 2025-11-21 00:01:03,101] Trial 113 finished with value: 0.013174741668626666 and parameters: {'n_units': 3000, 'alpha': 0.8, 'sigma_in': 0.1, 'rho': 0.1, 'tikh': 0.1, 'option': 5, 'N_train': 20000, 'out_dim': 3, 'Normalization': 1}. Best is trial 91 with value: 0.00956656620837748.
[I 2025-11-21 00:02:19,987] Trial 114 finished with value: 0.011450115498155356 and parameters: {'n_units': 3000, 'alpha': 0.8, 'sigma_in': 0.1, 'rho': 0.1, 'tikh': 0.1, 'option': 5, 'N_train': 20000, 'out_dim': 3, 'Normalization': 1}. Best is trial 91 with value: 0.00956656620837748.
[I 2025-11-21 00:03:32,355] Trial 115 finished with value: 0.011624120315536857 and parameters: {'n_units': 3000, 'alpha': 0.8, 'sigma_in': 0.1, 'rho': 0.1, 'tikh': 0.1, 'option': 5, 'N_train': 20000, 'out_dim': 3, 'Normalization': 1}. Best is trial 91 with value: 0.00956656620837748.
[I 2025-11-21 00:04:44,328] Trial 116 finished with value: 0.012497097020968795 and parameters: {'n_units': 3000, 'alpha': 0.8, 'sigma_in': 0.1, 'rho': 0.1, 'tikh': 0.1, 'option': 5, 'N_train': 20000, 'out_dim': 3, 'Normalization': 1}. Best is trial 91 with value: 0.00956656620837748.
[I 2025-11-21 00:06:10,977] Trial 117 finished with value: 1400.7024169921874 and parameters: {'n_units': 3000, 'alpha': 0.9, 'sigma_in': 0.2, 'rho': 0.1, 'tikh': 1e-08, 'option': 5, 'N_train': 20000, 'out_dim': 3, 'Normalization': 1}. Best is trial 91 with value: 0.00956656620837748.
[I 2025-11-21 00:08:52,455] Trial 118 finished with value: 7728.282653808594 and parameters: {'n_units': 3000, 'alpha': 0.8, 'sigma_in': 0.1, 'rho': 0.1, 'tikh': 1e-05, 'option': 5, 'N_train': 20000, 'out_dim': 3, 'Normalization': 1}. Best is trial 91 with value: 0.00956656620837748.
[I 2025-11-21 00:10:52,394] Trial 119 finished with value: 5.1365203857421875 and parameters: {'n_units': 3000, 'alpha': 0.8, 'sigma_in': 0.1, 'rho': 0.1, 'tikh': 0.1, 'option': 3, 'N_train': 20000, 'out_dim': 3, 'Normalization': 1}. Best is trial 91 with value: 0.00956656620837748.
[I 2025-11-21 00:12:44,023] Trial 120 finished with value: 773.3514011383056 and parameters: {'n_units': 3000, 'alpha': 0.8, 'sigma_in': 0.2, 'rho': 0.1, 'tikh': 0.001, 'option': 5, 'N_train': 20000, 'out_dim': 3, 'Normalization': 1}. Best is trial 91 with value: 0.00956656620837748.
[I 2025-11-21 00:13:55,681] Trial 121 finished with value: 0.013220335077494382 and parameters: {'n_units': 3000, 'alpha': 0.8, 'sigma_in': 0.1, 'rho': 0.1, 'tikh': 0.1, 'option': 5, 'N_train': 20000, 'out_dim': 3, 'Normalization': 1}. Best is trial 91 with value: 0.00956656620837748.
[I 2025-11-21 00:15:06,827] Trial 122 finished with value: 0.012337760534137487 and parameters: {'n_units': 3000, 'alpha': 0.8, 'sigma_in': 0.1, 'rho': 0.1, 'tikh': 0.1, 'option': 5, 'N_train': 20000, 'out_dim': 3, 'Normalization': 1}. Best is trial 91 with value: 0.00956656620837748.
[I 2025-11-21 00:16:42,060] Trial 123 finished with value: 8.3603310322389 and parameters: {'n_units': 3000, 'alpha': 0.9, 'sigma_in': 0.1, 'rho': 0.2, 'tikh': 0.1, 'option': 5, 'N_train': 20000, 'out_dim': 3, 'Normalization': 1}. Best is trial 91 with value: 0.00956656620837748.
[I 2025-11-21 00:18:01,051] Trial 124 finished with value: 0.28043755050748587 and parameters: {'n_units': 3000, 'alpha': 0.8, 'sigma_in': 0.1, 'rho': 0.1, 'tikh': 0.1, 'option': 5, 'N_train': 20000, 'out_dim': 3, 'Normalization': 1}. Best is trial 91 with value: 0.00956656620837748.
[I 2025-11-21 00:19:11,632] Trial 125 finished with value: 0.26934884490910915 and parameters: {'n_units': 3000, 'alpha': 0.6, 'sigma_in': 0.1, 'rho': 0.1, 'tikh': 0.1, 'option': 5, 'N_train': 20000, 'out_dim': 3, 'Normalization': 1}. Best is trial 91 with value: 0.00956656620837748.
[I 2025-11-21 00:20:23,056] Trial 126 finished with value: 15318.667047119141 and parameters: {'n_units': 3000, 'alpha': 0.9, 'sigma_in': 0.1, 'rho': 0.1, 'tikh': 0.0001, 'option': 5, 'N_train': 20000, 'out_dim': 3, 'Normalization': 1}. Best is trial 91 with value: 0.00956656620837748.
[I 2025-11-21 00:21:36,544] Trial 127 finished with value: 82.87367488145829 and parameters: {'n_units': 3000, 'alpha': 0.6, 'sigma_in': 0.2, 'rho': 0.2, 'tikh': 0.1, 'option': 5, 'N_train': 20000, 'out_dim': 3, 'Normalization': 1}. Best is trial 91 with value: 0.00956656620837748.
[I 2025-11-21 00:22:47,652] Trial 128 finished with value: 236956.2448896408 and parameters: {'n_units': 3000, 'alpha': 0.7000000000000001, 'sigma_in': 0.1, 'rho': 0.1, 'tikh': 1e-06, 'option': 5, 'N_train': 20000, 'out_dim': 3, 'Normalization': 1}. Best is trial 91 with value: 0.00956656620837748.
[I 2025-11-21 00:24:09,802] Trial 129 finished with value: 5.149550378974527 and parameters: {'n_units': 3000, 'alpha': 0.8, 'sigma_in': 0.1, 'rho': 0.2, 'tikh': 0.1, 'option': 5, 'N_train': 20000, 'out_dim': 3, 'Normalization': 1}. Best is trial 91 with value: 0.00956656620837748.
[I 2025-11-21 00:25:27,674] Trial 130 finished with value: 4618.8741081237795 and parameters: {'n_units': 3000, 'alpha': 0.8, 'sigma_in': 0.1, 'rho': 0.1, 'tikh': 1e-07, 'option': 5, 'N_train': 20000, 'out_dim': 3, 'Normalization': 1}. Best is trial 91 with value: 0.00956656620837748.
[I 2025-11-21 00:26:43,638] Trial 131 finished with value: 0.01443085502833128 and parameters: {'n_units': 3000, 'alpha': 0.8, 'sigma_in': 0.1, 'rho': 0.1, 'tikh': 0.1, 'option': 5, 'N_train': 20000, 'out_dim': 3, 'Normalization': 1}. Best is trial 91 with value: 0.00956656620837748.
[I 2025-11-21 00:27:53,191] Trial 132 finished with value: 0.014007707638666034 and parameters: {'n_units': 3000, 'alpha': 0.8, 'sigma_in': 0.1, 'rho': 0.1, 'tikh': 0.1, 'option': 5, 'N_train': 20000, 'out_dim': 3, 'Normalization': 1}. Best is trial 91 with value: 0.00956656620837748.
[I 2025-11-21 00:29:07,679] Trial 133 finished with value: 0.011794175859540701 and parameters: {'n_units': 3000, 'alpha': 0.6, 'sigma_in': 0.1, 'rho': 0.1, 'tikh': 0.1, 'option': 5, 'N_train': 20000, 'out_dim': 3, 'Normalization': 1}. Best is trial 91 with value: 0.00956656620837748.
[I 2025-11-21 00:30:24,530] Trial 134 finished with value: 0.012140435026958584 and parameters: {'n_units': 3000, 'alpha': 0.6, 'sigma_in': 0.1, 'rho': 0.1, 'tikh': 0.1, 'option': 5, 'N_train': 20000, 'out_dim': 3, 'Normalization': 1}. Best is trial 91 with value: 0.00956656620837748.
[I 2025-11-21 00:31:44,651] Trial 135 finished with value: 0.1275736451148987 and parameters: {'n_units': 3000, 'alpha': 0.6, 'sigma_in': 0.1, 'rho': 0.1, 'tikh': 0.1, 'option': 5, 'N_train': 20000, 'out_dim': 3, 'Normalization': 1}. Best is trial 91 with value: 0.00956656620837748.
[I 2025-11-21 00:32:57,277] Trial 136 finished with value: 1059.6979386806488 and parameters: {'n_units': 3000, 'alpha': 0.6, 'sigma_in': 0.1, 'rho': 0.1, 'tikh': 0.01, 'option': 5, 'N_train': 20000, 'out_dim': 3, 'Normalization': 1}. Best is trial 91 with value: 0.00956656620837748.
[I 2025-11-21 00:34:23,739] Trial 137 finished with value: 5.315689992904663 and parameters: {'n_units': 3000, 'alpha': 0.6, 'sigma_in': 0.1, 'rho': 0.2, 'tikh': 0.1, 'option': 2, 'N_train': 20000, 'out_dim': 3, 'Normalization': 1}. Best is trial 91 with value: 0.00956656620837748.
[I 2025-11-21 00:35:43,785] Trial 138 finished with value: 149.49877563929186 and parameters: {'n_units': 3000, 'alpha': 0.6, 'sigma_in': 0.2, 'rho': 0.1, 'tikh': 0.1, 'option': 5, 'N_train': 20000, 'out_dim': 3, 'Normalization': 1}. Best is trial 91 with value: 0.00956656620837748.
[I 2025-11-21 00:36:56,259] Trial 139 finished with value: 0.011001249914988876 and parameters: {'n_units': 3000, 'alpha': 0.7000000000000001, 'sigma_in': 0.1, 'rho': 0.1, 'tikh': 0.1, 'option': 5, 'N_train': 20000, 'out_dim': 3, 'Normalization': 1}. Best is trial 91 with value: 0.00956656620837748.
[I 2025-11-21 00:38:09,675] Trial 140 finished with value: 4.932734179496765 and parameters: {'n_units': 3000, 'alpha': 0.7000000000000001, 'sigma_in': 0.1, 'rho': 0.2, 'tikh': 0.1, 'option': 3, 'N_train': 20000, 'out_dim': 3, 'Normalization': 1}. Best is trial 91 with value: 0.00956656620837748.
[I 2025-11-21 00:39:38,904] Trial 141 finished with value: 0.01180160352960229 and parameters: {'n_units': 3000, 'alpha': 0.7000000000000001, 'sigma_in': 0.1, 'rho': 0.1, 'tikh': 0.1, 'option': 5, 'N_train': 20000, 'out_dim': 3, 'Normalization': 1}. Best is trial 91 with value: 0.00956656620837748.
[I 2025-11-21 00:40:54,037] Trial 142 finished with value: 0.11703059151768684 and parameters: {'n_units': 3000, 'alpha': 0.7000000000000001, 'sigma_in': 0.1, 'rho': 0.1, 'tikh': 0.1, 'option': 5, 'N_train': 20000, 'out_dim': 3, 'Normalization': 1}. Best is trial 91 with value: 0.00956656620837748.
[I 2025-11-21 00:42:14,819] Trial 143 finished with value: 0.009597131004557013 and parameters: {'n_units': 3000, 'alpha': 0.7000000000000001, 'sigma_in': 0.1, 'rho': 0.1, 'tikh': 0.1, 'option': 5, 'N_train': 20000, 'out_dim': 3, 'Normalization': 1}. Best is trial 91 with value: 0.00956656620837748.
[I 2025-11-21 00:43:30,075] Trial 144 finished with value: 8.952390857972205 and parameters: {'n_units': 3000, 'alpha': 0.7000000000000001, 'sigma_in': 0.1, 'rho': 0.1, 'tikh': 0.1, 'option': 5, 'N_train': 20000, 'out_dim': 3, 'Normalization': 1}. Best is trial 91 with value: 0.00956656620837748.
[I 2025-11-21 00:44:42,484] Trial 145 finished with value: 0.009504025103524327 and parameters: {'n_units': 3000, 'alpha': 0.7000000000000001, 'sigma_in': 0.1, 'rho': 0.1, 'tikh': 0.1, 'option': 5, 'N_train': 20000, 'out_dim': 3, 'Normalization': 1}. Best is trial 145 with value: 0.009504025103524327.
[I 2025-11-21 00:46:01,415] Trial 146 finished with value: 39.31023759841919 and parameters: {'n_units': 3000, 'alpha': 0.7000000000000001, 'sigma_in': 0.2, 'rho': 0.2, 'tikh': 0.1, 'option': 5, 'N_train': 20000, 'out_dim': 3, 'Normalization': 1}. Best is trial 145 with value: 0.009504025103524327.
[I 2025-11-21 00:47:36,510] Trial 147 finished with value: 3114.2509529113768 and parameters: {'n_units': 3000, 'alpha': 0.7000000000000001, 'sigma_in': 0.1, 'rho': 0.1, 'tikh': 1e-10, 'option': 5, 'N_train': 20000, 'out_dim': 3, 'Normalization': 1}. Best is trial 145 with value: 0.009504025103524327.
[I 2025-11-21 00:48:45,874] Trial 148 finished with value: 1987.5106868743896 and parameters: {'n_units': 3000, 'alpha': 0.7000000000000001, 'sigma_in': 0.1, 'rho': 0.1, 'tikh': 1e-09, 'option': 5, 'N_train': 20000, 'out_dim': 3, 'Normalization': 1}. Best is trial 145 with value: 0.009504025103524327.
[I 2025-11-21 00:50:02,190] Trial 149 finished with value: 0.013415586855262517 and parameters: {'n_units': 3000, 'alpha': 0.7000000000000001, 'sigma_in': 0.1, 'rho': 0.1, 'tikh': 0.1, 'option': 5, 'N_train': 20000, 'out_dim': 3, 'Normalization': 1}. Best is trial 145 with value: 0.009504025103524327.
