nohup: ignoring input
data already exists, loading from file.
a2:
 [[0.  0.  0. ]
 [0.1 0.  0.1]
 [0.1 0.  0. ]]
a3:
 [[[0.  0.  0. ]
  [0.  0.  0.1]
  [0.  0.  0. ]]

 [[0.  0.  0.1]
  [0.  0.  0. ]
  [0.  0.  0. ]]

 [[0.  0.1 0. ]
  [0.  0.  0. ]
  [0.  0.  0. ]]]
Launching 3 tasks with up to 3 concurrent workers. GPUs: [0, 1, 2, 3]
[I 2025-11-19 23:16:53,159] A new study created in RDB with name: node_1_N_train_20000_N_test_25_study
[I 2025-11-19 23:16:53,169] A new study created in RDB with name: node_0_N_train_20000_N_test_25_study
[I 2025-11-19 23:16:53,194] A new study created in RDB with name: node_2_N_train_20000_N_test_25_study
[I 2025-11-19 23:22:55,816] Trial 0 finished with value: 2441.6364477157595 and parameters: {'n_units': 1000, 'alpha': 0.1, 'sigma_in': 0.2, 'rho': 0.4, 'tikh': 0.0001, 'option': 3, 'Normalization': 1}. Best is trial 0 with value: 2441.6364477157595.
[I 2025-11-19 23:25:40,238] Trial 0 finished with value: 20353.947129821776 and parameters: {'n_units': 1000, 'alpha': 0.7000000000000001, 'sigma_in': 0.9, 'rho': 0.9, 'tikh': 0.01, 'option': 3, 'Normalization': 1}. Best is trial 0 with value: 20353.947129821776.
[I 2025-11-19 23:25:40,248] Trial 0 finished with value: 425.3539438724518 and parameters: {'n_units': 1000, 'alpha': 0.2, 'sigma_in': 0.30000000000000004, 'rho': 0.6, 'tikh': 0.001, 'option': 4, 'Normalization': 1}. Best is trial 0 with value: 425.3539438724518.
[I 2025-11-19 23:33:48,162] Trial 1 finished with value: 2.1468599887564777 and parameters: {'n_units': 1000, 'alpha': 0.5, 'sigma_in': 0.30000000000000004, 'rho': 0.30000000000000004, 'tikh': 0.1, 'option': 5, 'Normalization': 1}. Best is trial 1 with value: 2.1468599887564777.
[I 2025-11-19 23:46:48,634] Trial 1 finished with value: 634.1208404541015 and parameters: {'n_units': 3000, 'alpha': 0.30000000000000004, 'sigma_in': 0.5, 'rho': 0.1, 'tikh': 0.001, 'option': 3, 'Normalization': 1}. Best is trial 1 with value: 634.1208404541015.
[I 2025-11-19 23:55:52,442] Trial 1 finished with value: 1915.5214948534965 and parameters: {'n_units': 3000, 'alpha': 0.5, 'sigma_in': 0.5, 'rho': 0.4, 'tikh': 0.01, 'option': 4, 'Normalization': 1}. Best is trial 1 with value: 1915.5214948534965.
[I 2025-11-20 00:01:12,647] Trial 2 finished with value: 77.15000269412994 and parameters: {'n_units': 3000, 'alpha': 0.9, 'sigma_in': 0.7000000000000001, 'rho': 1.0, 'tikh': 0.1, 'option': 4, 'Normalization': 1}. Best is trial 1 with value: 2.1468599887564777.
[I 2025-11-20 00:02:33,388] Trial 2 finished with value: 76002.04851989746 and parameters: {'n_units': 1000, 'alpha': 1.0, 'sigma_in': 0.30000000000000004, 'rho': 0.7000000000000001, 'tikh': 0.001, 'option': 5, 'Normalization': 1}. Best is trial 1 with value: 1915.5214948534965.
[I 2025-11-20 00:09:39,269] Trial 3 finished with value: 528.2135779380799 and parameters: {'n_units': 1000, 'alpha': 0.2, 'sigma_in': 0.5, 'rho': 0.5, 'tikh': 1e-05, 'option': 3, 'Normalization': 1}. Best is trial 3 with value: 528.2135779380799.
[I 2025-11-20 00:10:15,479] Trial 2 finished with value: 474.1234467506409 and parameters: {'n_units': 3000, 'alpha': 0.7000000000000001, 'sigma_in': 0.6, 'rho': 0.7000000000000001, 'tikh': 0.01, 'option': 4, 'Normalization': 1}. Best is trial 2 with value: 474.1234467506409.
[I 2025-11-20 00:16:39,691] Trial 4 finished with value: 691.0345275878906 and parameters: {'n_units': 1000, 'alpha': 0.9, 'sigma_in': 0.8, 'rho': 0.4, 'tikh': 0.01, 'option': 4, 'Normalization': 1}. Best is trial 3 with value: 528.2135779380799.
[I 2025-11-20 00:23:28,292] Trial 5 finished with value: 219.91313648223877 and parameters: {'n_units': 1000, 'alpha': 0.4, 'sigma_in': 0.4, 'rho': 0.9, 'tikh': 0.1, 'option': 5, 'Normalization': 1}. Best is trial 5 with value: 219.91313648223877.
[I 2025-11-20 00:26:04,507] Trial 3 finished with value: 1181.5014812469483 and parameters: {'n_units': 3000, 'alpha': 0.5, 'sigma_in': 0.2, 'rho': 1.0, 'tikh': 0.01, 'option': 5, 'Normalization': 1}. Best is trial 1 with value: 2.1468599887564777.
[I 2025-11-20 00:30:25,948] Trial 6 finished with value: 2276.736844921112 and parameters: {'n_units': 1000, 'alpha': 0.9, 'sigma_in': 1.0, 'rho': 0.5, 'tikh': 0.1, 'option': 5, 'Normalization': 1}. Best is trial 5 with value: 219.91313648223877.
[I 2025-11-20 00:35:44,612] Trial 3 finished with value: 2304.648661518097 and parameters: {'n_units': 3000, 'alpha': 0.6, 'sigma_in': 1.0, 'rho': 0.2, 'tikh': 0.0001, 'option': 5, 'Normalization': 1}. Best is trial 2 with value: 474.1234467506409.
[I 2025-11-20 00:37:19,753] Trial 7 finished with value: 5601.191635131836 and parameters: {'n_units': 1000, 'alpha': 0.9, 'sigma_in': 0.30000000000000004, 'rho': 0.9, 'tikh': 0.0001, 'option': 3, 'Normalization': 1}. Best is trial 5 with value: 219.91313648223877.
[I 2025-11-20 00:42:11,468] Trial 4 finished with value: 2163.7623207092283 and parameters: {'n_units': 1000, 'alpha': 0.6, 'sigma_in': 0.2, 'rho': 0.4, 'tikh': 0.01, 'option': 5, 'Normalization': 1}. Best is trial 2 with value: 474.1234467506409.
[I 2025-11-20 00:52:29,590] Trial 4 finished with value: 3364.021701812744 and parameters: {'n_units': 3000, 'alpha': 0.30000000000000004, 'sigma_in': 0.6, 'rho': 0.9, 'tikh': 0.01, 'option': 5, 'Normalization': 1}. Best is trial 1 with value: 2.1468599887564777.
[I 2025-11-20 01:03:55,739] Trial 8 finished with value: 123439.8421546936 and parameters: {'n_units': 3000, 'alpha': 0.30000000000000004, 'sigma_in': 0.2, 'rho': 0.7000000000000001, 'tikh': 0.0001, 'option': 5, 'Normalization': 1}. Best is trial 5 with value: 219.91313648223877.
[I 2025-11-20 01:05:45,894] Trial 5 finished with value: 815.1439849853516 and parameters: {'n_units': 3000, 'alpha': 0.4, 'sigma_in': 1.0, 'rho': 0.8, 'tikh': 0.001, 'option': 5, 'Normalization': 1}. Best is trial 2 with value: 474.1234467506409.
[I 2025-11-20 01:17:56,769] Trial 5 finished with value: 32434.96987361908 and parameters: {'n_units': 3000, 'alpha': 0.6, 'sigma_in': 0.5, 'rho': 0.8, 'tikh': 1e-05, 'option': 3, 'Normalization': 1}. Best is trial 1 with value: 2.1468599887564777.
[I 2025-11-20 01:28:23,342] Trial 9 finished with value: 240349.95575169922 and parameters: {'n_units': 3000, 'alpha': 0.30000000000000004, 'sigma_in': 0.4, 'rho': 0.4, 'tikh': 0.1, 'option': 3, 'Normalization': 1}. Best is trial 5 with value: 219.91313648223877.
[I 2025-11-20 01:29:02,874] Trial 6 finished with value: 19.335515223443508 and parameters: {'n_units': 3000, 'alpha': 0.4, 'sigma_in': 0.7000000000000001, 'rho': 0.1, 'tikh': 0.01, 'option': 4, 'Normalization': 1}. Best is trial 6 with value: 19.335515223443508.
[I 2025-11-20 01:34:55,807] Trial 7 finished with value: 7898.53404636383 and parameters: {'n_units': 1000, 'alpha': 0.6, 'sigma_in': 1.0, 'rho': 0.8, 'tikh': 0.001, 'option': 5, 'Normalization': 1}. Best is trial 6 with value: 19.335515223443508.
[I 2025-11-20 01:40:34,945] Trial 8 finished with value: 1792.1010360717773 and parameters: {'n_units': 1000, 'alpha': 0.9, 'sigma_in': 0.7000000000000001, 'rho': 0.4, 'tikh': 0.001, 'option': 4, 'Normalization': 1}. Best is trial 6 with value: 19.335515223443508.
[I 2025-11-20 01:43:02,701] Trial 6 finished with value: 69.70449835816399 and parameters: {'n_units': 3000, 'alpha': 0.9, 'sigma_in': 1.0, 'rho': 0.1, 'tikh': 0.1, 'option': 4, 'Normalization': 1}. Best is trial 1 with value: 2.1468599887564777.
[I 2025-11-20 01:53:29,302] Trial 10 finished with value: 138.25647719214322 and parameters: {'n_units': 3000, 'alpha': 0.5, 'sigma_in': 0.7000000000000001, 'rho': 0.1, 'tikh': 0.1, 'option': 5, 'Normalization': 1}. Best is trial 10 with value: 138.25647719214322.
[I 2025-11-20 02:05:48,119] Trial 9 finished with value: 80083.99921569825 and parameters: {'n_units': 3000, 'alpha': 1.0, 'sigma_in': 0.30000000000000004, 'rho': 0.1, 'tikh': 1e-05, 'option': 4, 'Normalization': 1}. Best is trial 6 with value: 19.335515223443508.
[I 2025-11-20 02:09:38,019] Trial 7 finished with value: 175.38320938237013 and parameters: {'n_units': 3000, 'alpha': 0.2, 'sigma_in': 0.30000000000000004, 'rho': 1.0, 'tikh': 0.1, 'option': 4, 'Normalization': 1}. Best is trial 1 with value: 2.1468599887564777.
[I 2025-11-20 02:16:37,819] Trial 8 finished with value: 35593.2003054142 and parameters: {'n_units': 1000, 'alpha': 0.4, 'sigma_in': 0.2, 'rho': 0.1, 'tikh': 0.001, 'option': 3, 'Normalization': 1}. Best is trial 1 with value: 2.1468599887564777.
[I 2025-11-20 02:20:35,320] Trial 11 finished with value: 184.2184399735648 and parameters: {'n_units': 3000, 'alpha': 0.5, 'sigma_in': 0.7000000000000001, 'rho': 0.1, 'tikh': 0.1, 'option': 5, 'Normalization': 1}. Best is trial 10 with value: 138.25647719214322.
[I 2025-11-20 02:23:05,162] Trial 9 finished with value: 186.2876064300537 and parameters: {'n_units': 1000, 'alpha': 0.5, 'sigma_in': 0.8, 'rho': 0.8, 'tikh': 0.1, 'option': 3, 'Normalization': 1}. Best is trial 1 with value: 2.1468599887564777.
[I 2025-11-20 02:29:51,753] Trial 10 finished with value: 38.48927266597748 and parameters: {'n_units': 3000, 'alpha': 0.1, 'sigma_in': 0.8, 'rho': 1.0, 'tikh': 0.1, 'option': 4, 'Normalization': 1}. Best is trial 6 with value: 19.335515223443508.
[I 2025-11-20 02:29:54,002] Trial 10 finished with value: 944.6978015899658 and parameters: {'n_units': 1000, 'alpha': 0.7000000000000001, 'sigma_in': 0.4, 'rho': 0.30000000000000004, 'tikh': 0.0001, 'option': 5, 'Normalization': 1}. Best is trial 1 with value: 2.1468599887564777.
[I 2025-11-20 02:36:44,091] Trial 11 finished with value: 799.4596955043264 and parameters: {'n_units': 1000, 'alpha': 1.0, 'sigma_in': 1.0, 'rho': 0.1, 'tikh': 0.1, 'option': 4, 'Normalization': 1}. Best is trial 1 with value: 2.1468599887564777.
[I 2025-11-20 02:47:13,265] Trial 12 finished with value: 745.8542454984039 and parameters: {'n_units': 3000, 'alpha': 0.6, 'sigma_in': 0.7000000000000001, 'rho': 0.1, 'tikh': 0.1, 'option': 5, 'Normalization': 1}. Best is trial 10 with value: 138.25647719214322.
[I 2025-11-20 02:54:57,244] Trial 11 finished with value: 29.570321106910704 and parameters: {'n_units': 3000, 'alpha': 0.1, 'sigma_in': 0.7000000000000001, 'rho': 1.0, 'tikh': 0.1, 'option': 4, 'Normalization': 1}. Best is trial 6 with value: 19.335515223443508.
[I 2025-11-20 03:02:58,259] Trial 12 finished with value: 366.966064453125 and parameters: {'n_units': 3000, 'alpha': 0.8, 'sigma_in': 1.0, 'rho': 0.30000000000000004, 'tikh': 0.1, 'option': 5, 'Normalization': 1}. Best is trial 1 with value: 2.1468599887564777.
[I 2025-11-20 03:10:01,826] Trial 13 finished with value: 26961.885884857176 and parameters: {'n_units': 1000, 'alpha': 0.7000000000000001, 'sigma_in': 0.1, 'rho': 0.30000000000000004, 'tikh': 0.0001, 'option': 4, 'Normalization': 1}. Best is trial 1 with value: 2.1468599887564777.
[I 2025-11-20 03:11:32,058] Trial 13 finished with value: 1588.6597637052648 and parameters: {'n_units': 3000, 'alpha': 0.7000000000000001, 'sigma_in': 0.7000000000000001, 'rho': 0.1, 'tikh': 0.1, 'option': 5, 'Normalization': 1}. Best is trial 10 with value: 138.25647719214322.
[I 2025-11-20 03:21:17,197] Trial 12 finished with value: 2465.407833480835 and parameters: {'n_units': 3000, 'alpha': 0.4, 'sigma_in': 0.5, 'rho': 1.0, 'tikh': 0.1, 'option': 4, 'Normalization': 1}. Best is trial 6 with value: 19.335515223443508.
[I 2025-11-20 03:34:54,805] Trial 14 finished with value: 878.9762746930122 and parameters: {'n_units': 3000, 'alpha': 0.1, 'sigma_in': 0.7000000000000001, 'rho': 0.2, 'tikh': 1e-05, 'option': 5, 'Normalization': 1}. Best is trial 10 with value: 138.25647719214322.
[I 2025-11-20 03:35:07,979] Trial 14 finished with value: 29762.829372406006 and parameters: {'n_units': 3000, 'alpha': 1.0, 'sigma_in': 0.8, 'rho': 0.5, 'tikh': 1e-05, 'option': 5, 'Normalization': 1}. Best is trial 1 with value: 2.1468599887564777.
[I 2025-11-20 03:42:00,594] Trial 15 finished with value: 1.0528041054647475 and parameters: {'n_units': 1000, 'alpha': 0.8, 'sigma_in': 0.5, 'rho': 0.2, 'tikh': 0.1, 'option': 4, 'Normalization': 1}. Best is trial 15 with value: 1.0528041054647475.
[I 2025-11-20 03:43:57,738] Trial 13 finished with value: 1667.74968739748 and parameters: {'n_units': 3000, 'alpha': 0.30000000000000004, 'sigma_in': 0.8, 'rho': 0.6, 'tikh': 0.1, 'option': 4, 'Normalization': 1}. Best is trial 6 with value: 19.335515223443508.
[I 2025-11-20 03:48:34,896] Trial 16 finished with value: 86.9289755731821 and parameters: {'n_units': 1000, 'alpha': 0.7000000000000001, 'sigma_in': 0.5, 'rho': 0.4, 'tikh': 0.1, 'option': 5, 'Normalization': 1}. Best is trial 15 with value: 1.0528041054647475.
[I 2025-11-20 03:55:01,600] Trial 17 finished with value: 9.146575104541261 and parameters: {'n_units': 1000, 'alpha': 0.4, 'sigma_in': 0.4, 'rho': 0.2, 'tikh': 0.1, 'option': 5, 'Normalization': 1}. Best is trial 15 with value: 1.0528041054647475.
[I 2025-11-20 03:57:59,353] Trial 15 finished with value: 76.16770648956299 and parameters: {'n_units': 3000, 'alpha': 0.5, 'sigma_in': 0.6, 'rho': 0.2, 'tikh': 0.001, 'option': 5, 'Normalization': 1}. Best is trial 15 with value: 76.16770648956299.
[I 2025-11-20 04:01:36,753] Trial 18 finished with value: 3333.2853796005247 and parameters: {'n_units': 1000, 'alpha': 0.6, 'sigma_in': 0.6, 'rho': 0.6, 'tikh': 1e-05, 'option': 4, 'Normalization': 1}. Best is trial 15 with value: 1.0528041054647475.
[I 2025-11-20 04:08:05,031] Trial 19 finished with value: 3659.0227125644683 and parameters: {'n_units': 1000, 'alpha': 0.1, 'sigma_in': 0.4, 'rho': 0.5, 'tikh': 0.0001, 'option': 3, 'Normalization': 1}. Best is trial 15 with value: 1.0528041054647475.
[I 2025-11-20 04:10:10,097] Trial 14 finished with value: 37.34335034345277 and parameters: {'n_units': 3000, 'alpha': 0.2, 'sigma_in': 0.8, 'rho': 0.30000000000000004, 'tikh': 0.01, 'option': 4, 'Normalization': 1}. Best is trial 6 with value: 19.335515223443508.
[I 2025-11-20 04:14:18,866] Trial 20 finished with value: 340.23787174224856 and parameters: {'n_units': 1000, 'alpha': 0.8, 'sigma_in': 0.1, 'rho': 0.2, 'tikh': 0.01, 'option': 5, 'Normalization': 1}. Best is trial 15 with value: 1.0528041054647475.
[I 2025-11-20 04:20:49,354] Trial 21 finished with value: 18.937495503760875 and parameters: {'n_units': 1000, 'alpha': 0.4, 'sigma_in': 0.4, 'rho': 0.2, 'tikh': 0.1, 'option': 5, 'Normalization': 1}. Best is trial 15 with value: 1.0528041054647475.
[I 2025-11-20 04:20:50,893] Trial 16 finished with value: 2506.8133253097535 and parameters: {'n_units': 3000, 'alpha': 0.7000000000000001, 'sigma_in': 0.6, 'rho': 0.30000000000000004, 'tikh': 0.001, 'option': 4, 'Normalization': 1}. Best is trial 15 with value: 76.16770648956299.
[I 2025-11-20 04:27:08,599] Trial 22 finished with value: 0.3632531711831689 and parameters: {'n_units': 1000, 'alpha': 0.4, 'sigma_in': 0.30000000000000004, 'rho': 0.2, 'tikh': 0.1, 'option': 5, 'Normalization': 1}. Best is trial 22 with value: 0.3632531711831689.
[I 2025-11-20 04:33:23,794] Trial 15 finished with value: 295.67674293518064 and parameters: {'n_units': 3000, 'alpha': 0.4, 'sigma_in': 0.4, 'rho': 0.6, 'tikh': 1e-05, 'option': 3, 'Normalization': 1}. Best is trial 6 with value: 19.335515223443508.
[I 2025-11-20 04:34:14,868] Trial 23 finished with value: 1064.5123991841451 and parameters: {'n_units': 1000, 'alpha': 0.5, 'sigma_in': 0.30000000000000004, 'rho': 0.4, 'tikh': 0.1, 'option': 5, 'Normalization': 1}. Best is trial 22 with value: 0.3632531711831689.
[I 2025-11-20 04:41:24,985] Trial 24 finished with value: 1.4680086575448512 and parameters: {'n_units': 1000, 'alpha': 0.6, 'sigma_in': 0.2, 'rho': 0.4, 'tikh': 0.1, 'option': 5, 'Normalization': 1}. Best is trial 22 with value: 0.3632531711831689.
[I 2025-11-20 04:44:29,909] Trial 17 finished with value: 96187.53406524658 and parameters: {'n_units': 3000, 'alpha': 0.4, 'sigma_in': 0.1, 'rho': 0.2, 'tikh': 0.001, 'option': 5, 'Normalization': 1}. Best is trial 15 with value: 76.16770648956299.
[I 2025-11-20 04:48:27,201] Trial 25 finished with value: 15542.239167785645 and parameters: {'n_units': 1000, 'alpha': 0.8, 'sigma_in': 0.2, 'rho': 0.4, 'tikh': 0.001, 'option': 4, 'Normalization': 1}. Best is trial 22 with value: 0.3632531711831689.
[I 2025-11-20 04:55:33,859] Trial 26 finished with value: 0.19790177047252655 and parameters: {'n_units': 1000, 'alpha': 0.6, 'sigma_in': 0.1, 'rho': 0.2, 'tikh': 0.1, 'option': 5, 'Normalization': 1}. Best is trial 26 with value: 0.19790177047252655.
[I 2025-11-20 05:00:23,381] Trial 16 finished with value: 22598.88522362709 and parameters: {'n_units': 3000, 'alpha': 0.8, 'sigma_in': 0.7000000000000001, 'rho': 0.9, 'tikh': 0.1, 'option': 4, 'Normalization': 1}. Best is trial 6 with value: 19.335515223443508.
[I 2025-11-20 05:02:04,639] Trial 27 finished with value: 0.31586726009845734 and parameters: {'n_units': 1000, 'alpha': 0.30000000000000004, 'sigma_in': 0.1, 'rho': 0.2, 'tikh': 0.1, 'option': 5, 'Normalization': 1}. Best is trial 26 with value: 0.19790177047252655.
[I 2025-11-20 05:08:20,028] Trial 28 finished with value: 0.027930472957086748 and parameters: {'n_units': 1000, 'alpha': 0.30000000000000004, 'sigma_in': 0.1, 'rho': 0.1, 'tikh': 0.1, 'option': 5, 'Normalization': 1}. Best is trial 28 with value: 0.027930472957086748.
[I 2025-11-20 05:09:14,345] Trial 18 finished with value: 11456.822317886352 and parameters: {'n_units': 3000, 'alpha': 0.6, 'sigma_in': 0.9, 'rho': 0.2, 'tikh': 0.001, 'option': 5, 'Normalization': 1}. Best is trial 15 with value: 76.16770648956299.
[I 2025-11-20 05:14:44,973] Trial 29 finished with value: 341.3543593168259 and parameters: {'n_units': 1000, 'alpha': 0.2, 'sigma_in': 0.1, 'rho': 0.1, 'tikh': 0.001, 'option': 5, 'Normalization': 1}. Best is trial 28 with value: 0.027930472957086748.
[I 2025-11-20 05:21:18,291] Trial 30 finished with value: 1768.6101585507392 and parameters: {'n_units': 1000, 'alpha': 0.30000000000000004, 'sigma_in': 0.1, 'rho': 0.1, 'tikh': 0.01, 'option': 5, 'Normalization': 1}. Best is trial 28 with value: 0.027930472957086748.
[I 2025-11-20 05:25:30,418] Trial 17 finished with value: 136.8701410293579 and parameters: {'n_units': 3000, 'alpha': 0.2, 'sigma_in': 0.6, 'rho': 0.5, 'tikh': 0.01, 'option': 4, 'Normalization': 1}. Best is trial 6 with value: 19.335515223443508.
[I 2025-11-20 05:27:37,876] Trial 31 finished with value: 0.19123367369174957 and parameters: {'n_units': 1000, 'alpha': 0.30000000000000004, 'sigma_in': 0.1, 'rho': 0.2, 'tikh': 0.1, 'option': 5, 'Normalization': 1}. Best is trial 28 with value: 0.027930472957086748.
[I 2025-11-20 05:32:32,657] Trial 18 finished with value: 6.903895304061007 and parameters: {'n_units': 1000, 'alpha': 0.5, 'sigma_in': 0.9, 'rho': 0.2, 'tikh': 0.1, 'option': 4, 'Normalization': 1}. Best is trial 18 with value: 6.903895304061007.
[I 2025-11-20 05:32:51,833] Trial 19 finished with value: 923.8109731256961 and parameters: {'n_units': 3000, 'alpha': 0.4, 'sigma_in': 0.6, 'rho': 0.30000000000000004, 'tikh': 0.001, 'option': 4, 'Normalization': 1}. Best is trial 15 with value: 76.16770648956299.
[I 2025-11-20 05:34:41,907] Trial 32 finished with value: 0.5621691353619098 and parameters: {'n_units': 1000, 'alpha': 0.1, 'sigma_in': 0.1, 'rho': 0.2, 'tikh': 0.1, 'option': 5, 'Normalization': 1}. Best is trial 28 with value: 0.027930472957086748.
[I 2025-11-20 05:39:42,653] Trial 19 finished with value: 85.80305471420289 and parameters: {'n_units': 1000, 'alpha': 0.5, 'sigma_in': 0.9, 'rho': 0.2, 'tikh': 0.01, 'option': 3, 'Normalization': 1}. Best is trial 18 with value: 6.903895304061007.
[I 2025-11-20 05:41:42,512] Trial 33 finished with value: 0.9788125157356262 and parameters: {'n_units': 1000, 'alpha': 0.30000000000000004, 'sigma_in': 0.2, 'rho': 0.30000000000000004, 'tikh': 0.1, 'option': 5, 'Normalization': 1}. Best is trial 28 with value: 0.027930472957086748.
[I 2025-11-20 05:46:35,315] Trial 20 finished with value: 1977.8014060020446 and parameters: {'n_units': 1000, 'alpha': 0.5, 'sigma_in': 0.9, 'rho': 0.2, 'tikh': 1e-05, 'option': 4, 'Normalization': 1}. Best is trial 18 with value: 6.903895304061007.
[I 2025-11-20 05:48:05,455] Trial 34 finished with value: 1.7404428601264954 and parameters: {'n_units': 1000, 'alpha': 0.30000000000000004, 'sigma_in': 0.1, 'rho': 0.30000000000000004, 'tikh': 0.1, 'option': 5, 'Normalization': 1}. Best is trial 28 with value: 0.027930472957086748.
[I 2025-11-20 05:53:04,716] Trial 21 finished with value: 5.689978163456544 and parameters: {'n_units': 1000, 'alpha': 0.30000000000000004, 'sigma_in': 0.7000000000000001, 'rho': 0.1, 'tikh': 0.1, 'option': 4, 'Normalization': 1}. Best is trial 21 with value: 5.689978163456544.
[I 2025-11-20 05:54:36,746] Trial 35 finished with value: 0.08477361127734184 and parameters: {'n_units': 1000, 'alpha': 0.2, 'sigma_in': 0.2, 'rho': 0.1, 'tikh': 0.1, 'option': 5, 'Normalization': 1}. Best is trial 28 with value: 0.027930472957086748.
[I 2025-11-20 05:54:44,283] Trial 20 finished with value: 2504.4341990709304 and parameters: {'n_units': 3000, 'alpha': 0.1, 'sigma_in': 0.8, 'rho': 0.30000000000000004, 'tikh': 1e-05, 'option': 5, 'Normalization': 1}. Best is trial 15 with value: 76.16770648956299.
[I 2025-11-20 05:59:41,058] Trial 22 finished with value: 129.42470200231764 and parameters: {'n_units': 1000, 'alpha': 0.30000000000000004, 'sigma_in': 0.9, 'rho': 0.1, 'tikh': 0.1, 'option': 4, 'Normalization': 1}. Best is trial 21 with value: 5.689978163456544.
[I 2025-11-20 06:01:11,182] Trial 36 finished with value: 277.0005061388016 and parameters: {'n_units': 1000, 'alpha': 0.2, 'sigma_in': 0.2, 'rho': 0.1, 'tikh': 1e-05, 'option': 5, 'Normalization': 1}. Best is trial 28 with value: 0.027930472957086748.
[I 2025-11-20 06:07:01,726] Trial 23 finished with value: 496732.94461162377 and parameters: {'n_units': 1000, 'alpha': 0.5, 'sigma_in': 0.7000000000000001, 'rho': 0.30000000000000004, 'tikh': 0.1, 'option': 4, 'Normalization': 1}. Best is trial 21 with value: 5.689978163456544.
