[I 2025-11-20 10:58:50,730] Trial 69 finished with value: 0.7020341285155155 and parameters: {'n_units': 1000, 'alpha': 0.2, 'sigma_in': 0.6, 'rho': 0.2, 'tikh': 0.1, 'option': 4, 'Normalization': 1}. Best is trial 51 with value: 0.00032730573184380773.
[I 2025-11-20 11:00:25,799] Trial 63 finished with value: 0.0007104197662556544 and parameters: {'n_units': 1000, 'alpha': 0.8, 'sigma_in': 0.4, 'rho': 0.4, 'tikh': 0.1, 'option': 4, 'Normalization': 1}. Best is trial 63 with value: 0.0007104197662556544.
[I 2025-11-20 11:05:17,897] Trial 70 finished with value: 17.25568162017735 and parameters: {'n_units': 1000, 'alpha': 0.30000000000000004, 'sigma_in': 0.7000000000000001, 'rho': 0.1, 'tikh': 0.1, 'option': 3, 'Normalization': 1}. Best is trial 51 with value: 0.00032730573184380773.
[I 2025-11-20 11:07:20,224] Trial 64 finished with value: 0.015067160641774536 and parameters: {'n_units': 1000, 'alpha': 0.9, 'sigma_in': 0.30000000000000004, 'rho': 0.4, 'tikh': 0.1, 'option': 4, 'Normalization': 1}. Best is trial 63 with value: 0.0007104197662556544.
[I 2025-11-20 11:11:26,962] Trial 71 finished with value: 0.0027976140117971227 and parameters: {'n_units': 1000, 'alpha': 0.1, 'sigma_in': 0.4, 'rho': 0.4, 'tikh': 0.1, 'option': 3, 'Normalization': 1}. Best is trial 51 with value: 0.00032730573184380773.
[I 2025-11-20 11:12:47,754] Trial 32 finished with value: 6108.980172348022 and parameters: {'n_units': 3000, 'alpha': 0.5, 'sigma_in': 0.8, 'rho': 0.4, 'tikh': 0.001, 'option': 3, 'Normalization': 1}. Best is trial 28 with value: 58.916779088973996.
[I 2025-11-20 11:17:30,064] Trial 72 finished with value: 0.0017107360996305942 and parameters: {'n_units': 1000, 'alpha': 0.1, 'sigma_in': 0.4, 'rho': 0.30000000000000004, 'tikh': 0.1, 'option': 3, 'Normalization': 1}. Best is trial 51 with value: 0.00032730573184380773.
[I 2025-11-20 11:23:46,811] Trial 73 finished with value: 0.00021211034127190941 and parameters: {'n_units': 1000, 'alpha': 0.1, 'sigma_in': 0.30000000000000004, 'rho': 0.2, 'tikh': 0.1, 'option': 3, 'Normalization': 1}. Best is trial 73 with value: 0.00021211034127190941.
[I 2025-11-20 11:29:59,400] Trial 74 finished with value: 0.0018620704591739922 and parameters: {'n_units': 1000, 'alpha': 0.1, 'sigma_in': 0.4, 'rho': 0.2, 'tikh': 0.1, 'option': 3, 'Normalization': 1}. Best is trial 73 with value: 0.00021211034127190941.
[I 2025-11-20 11:34:18,317] Trial 65 finished with value: 111.37595167160035 and parameters: {'n_units': 3000, 'alpha': 0.8, 'sigma_in': 0.4, 'rho': 0.4, 'tikh': 0.1, 'option': 4, 'Normalization': 1}. Best is trial 63 with value: 0.0007104197662556544.
[I 2025-11-20 11:35:50,124] Trial 75 finished with value: 0.0021553669532295315 and parameters: {'n_units': 1000, 'alpha': 0.1, 'sigma_in': 0.4, 'rho': 0.2, 'tikh': 0.1, 'option': 3, 'Normalization': 1}. Best is trial 73 with value: 0.00021211034127190941.
[I 2025-11-20 11:39:47,397] Trial 33 finished with value: 118.70924551486969 and parameters: {'n_units': 3000, 'alpha': 0.4, 'sigma_in': 1.0, 'rho': 0.2, 'tikh': 0.01, 'option': 4, 'Normalization': 1}. Best is trial 28 with value: 58.916779088973996.
[I 2025-11-20 11:40:55,947] Trial 66 finished with value: 10.051301775686444 and parameters: {'n_units': 1000, 'alpha': 0.7000000000000001, 'sigma_in': 0.5, 'rho': 0.5, 'tikh': 0.1, 'option': 4, 'Normalization': 1}. Best is trial 63 with value: 0.0007104197662556544.
[I 2025-11-20 11:41:53,670] Trial 76 finished with value: 51.90508943945169 and parameters: {'n_units': 1000, 'alpha': 0.1, 'sigma_in': 0.4, 'rho': 0.2, 'tikh': 0.01, 'option': 3, 'Normalization': 1}. Best is trial 73 with value: 0.00021211034127190941.
[I 2025-11-20 11:47:26,309] Trial 67 finished with value: 2980.638032913208 and parameters: {'n_units': 1000, 'alpha': 0.6, 'sigma_in': 0.30000000000000004, 'rho': 0.2, 'tikh': 1e-05, 'option': 5, 'Normalization': 1}. Best is trial 63 with value: 0.0007104197662556544.
[I 2025-11-20 11:47:56,644] Trial 77 finished with value: 0.0005238491527961742 and parameters: {'n_units': 1000, 'alpha': 0.1, 'sigma_in': 0.30000000000000004, 'rho': 0.2, 'tikh': 0.1, 'option': 3, 'Normalization': 1}. Best is trial 73 with value: 0.00021211034127190941.
[I 2025-11-20 11:53:52,577] Trial 78 finished with value: 544869.7449785352 and parameters: {'n_units': 1000, 'alpha': 0.2, 'sigma_in': 0.30000000000000004, 'rho': 0.30000000000000004, 'tikh': 0.001, 'option': 3, 'Normalization': 1}. Best is trial 73 with value: 0.00021211034127190941.
[I 2025-11-20 11:53:57,670] Trial 68 finished with value: 0.0016923124465392902 and parameters: {'n_units': 1000, 'alpha': 0.9, 'sigma_in': 0.4, 'rho': 0.30000000000000004, 'tikh': 0.1, 'option': 4, 'Normalization': 1}. Best is trial 63 with value: 0.0007104197662556544.
[I 2025-11-20 12:00:07,123] Trial 79 finished with value: 0.0004530735205662495 and parameters: {'n_units': 1000, 'alpha': 0.1, 'sigma_in': 0.30000000000000004, 'rho': 0.2, 'tikh': 0.1, 'option': 3, 'Normalization': 1}. Best is trial 73 with value: 0.00021211034127190941.
[I 2025-11-20 12:00:36,257] Trial 69 finished with value: 65.42940087728202 and parameters: {'n_units': 1000, 'alpha': 0.9, 'sigma_in': 0.6, 'rho': 0.4, 'tikh': 0.1, 'option': 4, 'Normalization': 1}. Best is trial 63 with value: 0.0007104197662556544.
[I 2025-11-20 12:06:00,710] Trial 34 finished with value: 476.8906780958176 and parameters: {'n_units': 3000, 'alpha': 0.7000000000000001, 'sigma_in': 0.5, 'rho': 0.1, 'tikh': 0.001, 'option': 3, 'Normalization': 1}. Best is trial 28 with value: 58.916779088973996.
[I 2025-11-20 12:06:43,473] Trial 80 finished with value: 0.025607694835343864 and parameters: {'n_units': 1000, 'alpha': 0.1, 'sigma_in': 0.30000000000000004, 'rho': 0.9, 'tikh': 0.1, 'option': 4, 'Normalization': 1}. Best is trial 73 with value: 0.00021211034127190941.
[I 2025-11-20 12:12:39,696] Trial 35 finished with value: 191803.78214588165 and parameters: {'n_units': 1000, 'alpha': 0.5, 'sigma_in': 0.8, 'rho': 0.4, 'tikh': 1e-05, 'option': 3, 'Normalization': 1}. Best is trial 28 with value: 58.916779088973996.
[I 2025-11-20 12:13:33,459] Trial 81 finished with value: 0.0005010611212128424 and parameters: {'n_units': 1000, 'alpha': 0.1, 'sigma_in': 0.30000000000000004, 'rho': 0.2, 'tikh': 0.1, 'option': 3, 'Normalization': 1}. Best is trial 73 with value: 0.00021211034127190941.
[I 2025-11-20 12:19:58,493] Trial 82 finished with value: 0.0002912021913743956 and parameters: {'n_units': 1000, 'alpha': 0.1, 'sigma_in': 0.30000000000000004, 'rho': 0.1, 'tikh': 0.1, 'option': 3, 'Normalization': 1}. Best is trial 73 with value: 0.00021211034127190941.
[I 2025-11-20 12:21:28,556] Trial 70 finished with value: 43.44854109928419 and parameters: {'n_units': 3000, 'alpha': 1.0, 'sigma_in': 0.30000000000000004, 'rho': 0.1, 'tikh': 0.1, 'option': 3, 'Normalization': 1}. Best is trial 63 with value: 0.0007104197662556544.
[I 2025-11-20 12:26:19,624] Trial 83 finished with value: 0.00042062584616360256 and parameters: {'n_units': 1000, 'alpha': 0.1, 'sigma_in': 0.30000000000000004, 'rho': 0.1, 'tikh': 0.1, 'option': 3, 'Normalization': 1}. Best is trial 73 with value: 0.00021211034127190941.
[I 2025-11-20 12:27:44,448] Trial 71 finished with value: 0.003986620553769171 and parameters: {'n_units': 1000, 'alpha': 0.8, 'sigma_in': 0.4, 'rho': 0.30000000000000004, 'tikh': 0.1, 'option': 4, 'Normalization': 1}. Best is trial 63 with value: 0.0007104197662556544.
[I 2025-11-20 12:32:41,366] Trial 84 finished with value: 0.0005111014546855585 and parameters: {'n_units': 1000, 'alpha': 0.1, 'sigma_in': 0.30000000000000004, 'rho': 0.1, 'tikh': 0.1, 'option': 3, 'Normalization': 1}. Best is trial 73 with value: 0.00021211034127190941.
[I 2025-11-20 12:32:53,957] Trial 36 finished with value: 1659.1059601783752 and parameters: {'n_units': 3000, 'alpha': 0.8, 'sigma_in': 0.9, 'rho': 0.2, 'tikh': 0.001, 'option': 4, 'Normalization': 1}. Best is trial 28 with value: 58.916779088973996.
[I 2025-11-20 12:34:04,711] Trial 72 finished with value: 0.0030848147231154143 and parameters: {'n_units': 1000, 'alpha': 0.8, 'sigma_in': 0.4, 'rho': 0.30000000000000004, 'tikh': 0.1, 'option': 4, 'Normalization': 1}. Best is trial 63 with value: 0.0007104197662556544.
[I 2025-11-20 12:38:32,306] Trial 85 finished with value: 1812.4120399683713 and parameters: {'n_units': 1000, 'alpha': 0.1, 'sigma_in': 0.30000000000000004, 'rho': 0.1, 'tikh': 1e-05, 'option': 3, 'Normalization': 1}. Best is trial 73 with value: 0.00021211034127190941.
[I 2025-11-20 12:38:55,496] Trial 37 finished with value: 294427.8200876236 and parameters: {'n_units': 1000, 'alpha': 0.6, 'sigma_in': 0.6, 'rho': 0.30000000000000004, 'tikh': 0.01, 'option': 5, 'Normalization': 1}. Best is trial 28 with value: 58.916779088973996.
[I 2025-11-20 12:39:17,927] Trial 73 finished with value: 181.33096829224377 and parameters: {'n_units': 1000, 'alpha': 0.9, 'sigma_in': 0.5, 'rho': 0.30000000000000004, 'tikh': 0.1, 'option': 4, 'Normalization': 1}. Best is trial 63 with value: 0.0007104197662556544.
[I 2025-11-20 12:44:15,954] Trial 86 finished with value: 0.00043117092936881816 and parameters: {'n_units': 1000, 'alpha': 0.1, 'sigma_in': 0.30000000000000004, 'rho': 0.1, 'tikh': 0.1, 'option': 3, 'Normalization': 1}. Best is trial 73 with value: 0.00021211034127190941.
[I 2025-11-20 12:45:27,843] Trial 74 finished with value: 0.0047695925342850385 and parameters: {'n_units': 1000, 'alpha': 0.8, 'sigma_in': 0.4, 'rho': 0.30000000000000004, 'tikh': 0.1, 'option': 4, 'Normalization': 1}. Best is trial 63 with value: 0.0007104197662556544.
[I 2025-11-20 12:45:31,923] Trial 38 finished with value: 0.003864528314443305 and parameters: {'n_units': 1000, 'alpha': 0.8, 'sigma_in': 0.5, 'rho': 0.5, 'tikh': 0.1, 'option': 3, 'Normalization': 1}. Best is trial 38 with value: 0.003864528314443305.
[I 2025-11-20 12:51:50,023] Trial 75 finished with value: 0.0018358754517976195 and parameters: {'n_units': 1000, 'alpha': 0.7000000000000001, 'sigma_in': 0.4, 'rho': 0.2, 'tikh': 0.1, 'option': 4, 'Normalization': 1}. Best is trial 63 with value: 0.0007104197662556544.
[I 2025-11-20 12:52:12,210] Trial 39 finished with value: 2791.730374145508 and parameters: {'n_units': 1000, 'alpha': 0.8, 'sigma_in': 0.4, 'rho': 0.6, 'tikh': 0.0001, 'option': 3, 'Normalization': 1}. Best is trial 38 with value: 0.003864528314443305.
[I 2025-11-20 12:57:54,265] Trial 76 finished with value: 1042.4625030517577 and parameters: {'n_units': 1000, 'alpha': 0.7000000000000001, 'sigma_in': 0.5, 'rho': 0.2, 'tikh': 0.0001, 'option': 4, 'Normalization': 1}. Best is trial 63 with value: 0.0007104197662556544.
[I 2025-11-20 12:58:32,368] Trial 40 finished with value: 0.0005719184021472756 and parameters: {'n_units': 1000, 'alpha': 1.0, 'sigma_in': 0.5, 'rho': 0.5, 'tikh': 0.1, 'option': 3, 'Normalization': 1}. Best is trial 40 with value: 0.0005719184021472756.
[I 2025-11-20 13:04:19,114] Trial 77 finished with value: 256.79133434295653 and parameters: {'n_units': 1000, 'alpha': 0.7000000000000001, 'sigma_in': 0.30000000000000004, 'rho': 0.1, 'tikh': 0.001, 'option': 4, 'Normalization': 1}. Best is trial 63 with value: 0.0007104197662556544.
[I 2025-11-20 13:05:14,623] Trial 41 finished with value: 3.4510763822880106 and parameters: {'n_units': 1000, 'alpha': 1.0, 'sigma_in': 0.5, 'rho': 0.5, 'tikh': 0.1, 'option': 3, 'Normalization': 1}. Best is trial 40 with value: 0.0005719184021472756.
[I 2025-11-20 13:09:27,817] Trial 87 finished with value: 0.00522886160761118 and parameters: {'n_units': 3000, 'alpha': 0.1, 'sigma_in': 0.2, 'rho': 0.1, 'tikh': 0.1, 'option': 3, 'Normalization': 1}. Best is trial 73 with value: 0.00021211034127190941.
[I 2025-11-20 13:10:36,349] Trial 78 finished with value: 161.66274372637272 and parameters: {'n_units': 1000, 'alpha': 0.6, 'sigma_in': 0.4, 'rho': 0.9, 'tikh': 0.1, 'option': 4, 'Normalization': 1}. Best is trial 63 with value: 0.0007104197662556544.
[I 2025-11-20 13:11:36,728] Trial 42 finished with value: 0.0014823535400864784 and parameters: {'n_units': 1000, 'alpha': 1.0, 'sigma_in': 0.5, 'rho': 0.5, 'tikh': 0.1, 'option': 3, 'Normalization': 1}. Best is trial 40 with value: 0.0005719184021472756.
[I 2025-11-20 13:15:44,447] Trial 88 finished with value: 6177.495456673403 and parameters: {'n_units': 1000, 'alpha': 0.1, 'sigma_in': 0.2, 'rho': 0.1, 'tikh': 0.0001, 'option': 3, 'Normalization': 1}. Best is trial 73 with value: 0.00021211034127190941.
[I 2025-11-20 13:16:59,228] Trial 79 finished with value: 11874.551952505111 and parameters: {'n_units': 1000, 'alpha': 0.9, 'sigma_in': 0.5, 'rho': 0.2, 'tikh': 0.01, 'option': 4, 'Normalization': 1}. Best is trial 63 with value: 0.0007104197662556544.
[I 2025-11-20 13:18:22,650] Trial 43 finished with value: 0.00287775409524329 and parameters: {'n_units': 1000, 'alpha': 1.0, 'sigma_in': 0.5, 'rho': 0.5, 'tikh': 0.1, 'option': 3, 'Normalization': 1}. Best is trial 40 with value: 0.0005719184021472756.
[I 2025-11-20 13:22:03,845] Trial 89 finished with value: 0.0004195873698336072 and parameters: {'n_units': 1000, 'alpha': 0.1, 'sigma_in': 0.30000000000000004, 'rho': 0.1, 'tikh': 0.1, 'option': 3, 'Normalization': 1}. Best is trial 73 with value: 0.00021211034127190941.
[I 2025-11-20 13:23:47,875] Trial 80 finished with value: 0.7463593244552612 and parameters: {'n_units': 1000, 'alpha': 0.7000000000000001, 'sigma_in': 0.2, 'rho': 0.4, 'tikh': 0.1, 'option': 5, 'Normalization': 1}. Best is trial 63 with value: 0.0007104197662556544.
[I 2025-11-20 13:24:40,603] Trial 44 finished with value: 0.005760850735532586 and parameters: {'n_units': 1000, 'alpha': 1.0, 'sigma_in': 0.5, 'rho': 0.5, 'tikh': 0.1, 'option': 3, 'Normalization': 1}. Best is trial 40 with value: 0.0005719184021472756.
[I 2025-11-20 13:28:25,798] Trial 90 finished with value: 0.0004911106212603045 and parameters: {'n_units': 1000, 'alpha': 0.2, 'sigma_in': 0.30000000000000004, 'rho': 0.1, 'tikh': 0.1, 'option': 3, 'Normalization': 1}. Best is trial 73 with value: 0.00021211034127190941.
[I 2025-11-20 13:30:36,826] Trial 81 finished with value: 0.0009408765967236832 and parameters: {'n_units': 1000, 'alpha': 0.8, 'sigma_in': 0.4, 'rho': 0.30000000000000004, 'tikh': 0.1, 'option': 4, 'Normalization': 1}. Best is trial 63 with value: 0.0007104197662556544.
[I 2025-11-20 13:31:01,523] Trial 45 finished with value: 0.007278031413443386 and parameters: {'n_units': 1000, 'alpha': 1.0, 'sigma_in': 0.4, 'rho': 0.5, 'tikh': 0.1, 'option': 3, 'Normalization': 1}. Best is trial 40 with value: 0.0005719184021472756.
[I 2025-11-20 13:34:36,656] Trial 91 finished with value: 0.00038574291465920396 and parameters: {'n_units': 1000, 'alpha': 0.1, 'sigma_in': 0.30000000000000004, 'rho': 0.1, 'tikh': 0.1, 'option': 3, 'Normalization': 1}. Best is trial 73 with value: 0.00021211034127190941.
[I 2025-11-20 13:37:10,154] Trial 46 finished with value: 0.07533786110579968 and parameters: {'n_units': 1000, 'alpha': 0.9, 'sigma_in': 0.30000000000000004, 'rho': 0.6, 'tikh': 0.1, 'option': 3, 'Normalization': 1}. Best is trial 40 with value: 0.0005719184021472756.
[I 2025-11-20 13:37:19,874] Trial 82 finished with value: 0.002203043160261586 and parameters: {'n_units': 1000, 'alpha': 0.8, 'sigma_in': 0.4, 'rho': 0.2, 'tikh': 0.1, 'option': 4, 'Normalization': 1}. Best is trial 63 with value: 0.0007104197662556544.
[I 2025-11-20 13:40:17,507] Trial 92 finished with value: 0.000421071005257545 and parameters: {'n_units': 1000, 'alpha': 0.1, 'sigma_in': 0.30000000000000004, 'rho': 0.1, 'tikh': 0.1, 'option': 3, 'Normalization': 1}. Best is trial 73 with value: 0.00021211034127190941.
[I 2025-11-20 13:42:34,396] Trial 47 finished with value: 0.005553705664351582 and parameters: {'n_units': 1000, 'alpha': 1.0, 'sigma_in': 0.4, 'rho': 0.5, 'tikh': 0.1, 'option': 3, 'Normalization': 1}. Best is trial 40 with value: 0.0005719184021472756.
[I 2025-11-20 13:43:57,356] Trial 83 finished with value: 0.003416563640348613 and parameters: {'n_units': 1000, 'alpha': 0.9, 'sigma_in': 0.4, 'rho': 0.2, 'tikh': 0.1, 'option': 4, 'Normalization': 1}. Best is trial 63 with value: 0.0007104197662556544.
[I 2025-11-20 13:46:26,019] Trial 93 finished with value: 0.007896212302148342 and parameters: {'n_units': 1000, 'alpha': 0.1, 'sigma_in': 0.2, 'rho': 0.1, 'tikh': 0.1, 'option': 3, 'Normalization': 1}. Best is trial 73 with value: 0.00021211034127190941.
[I 2025-11-20 13:48:56,553] Trial 48 finished with value: 0.2093073541065678 and parameters: {'n_units': 1000, 'alpha': 0.9, 'sigma_in': 0.4, 'rho': 0.8, 'tikh': 0.1, 'option': 3, 'Normalization': 1}. Best is trial 40 with value: 0.0005719184021472756.
[I 2025-11-20 13:50:23,922] Trial 84 finished with value: 0.005451871897093952 and parameters: {'n_units': 1000, 'alpha': 0.8, 'sigma_in': 0.4, 'rho': 0.1, 'tikh': 0.1, 'option': 4, 'Normalization': 1}. Best is trial 63 with value: 0.0007104197662556544.
[I 2025-11-20 13:52:01,360] Trial 94 finished with value: 0.0008887206053259433 and parameters: {'n_units': 1000, 'alpha': 1.0, 'sigma_in': 0.30000000000000004, 'rho': 0.1, 'tikh': 0.1, 'option': 3, 'Normalization': 1}. Best is trial 73 with value: 0.00021211034127190941.
[I 2025-11-20 13:54:53,268] Trial 49 finished with value: 0.0022357705998729215 and parameters: {'n_units': 1000, 'alpha': 1.0, 'sigma_in': 0.5, 'rho': 0.5, 'tikh': 0.1, 'option': 3, 'Normalization': 1}. Best is trial 40 with value: 0.0005719184021472756.
[I 2025-11-20 13:56:54,828] Trial 85 finished with value: 0.045659783855080606 and parameters: {'n_units': 1000, 'alpha': 0.7000000000000001, 'sigma_in': 0.30000000000000004, 'rho': 0.2, 'tikh': 0.1, 'option': 4, 'Normalization': 1}. Best is trial 63 with value: 0.0007104197662556544.
[I 2025-11-20 13:58:13,193] Trial 95 finished with value: 0.00022296897432170227 and parameters: {'n_units': 1000, 'alpha': 0.1, 'sigma_in': 0.30000000000000004, 'rho': 0.1, 'tikh': 0.1, 'option': 3, 'Normalization': 1}. Best is trial 73 with value: 0.00021211034127190941.
[I 2025-11-20 14:00:35,374] Trial 50 finished with value: 0.14464292243937962 and parameters: {'n_units': 1000, 'alpha': 0.9, 'sigma_in': 0.5, 'rho': 0.6, 'tikh': 0.1, 'option': 3, 'Normalization': 1}. Best is trial 40 with value: 0.0005719184021472756.
[I 2025-11-20 14:03:18,405] Trial 86 finished with value: 0.002298336458625272 and parameters: {'n_units': 1000, 'alpha': 0.8, 'sigma_in': 0.4, 'rho': 0.2, 'tikh': 0.1, 'option': 4, 'Normalization': 1}. Best is trial 63 with value: 0.0007104197662556544.
[I 2025-11-20 14:04:20,798] Trial 96 finished with value: 1.1990833104535341 and parameters: {'n_units': 1000, 'alpha': 0.1, 'sigma_in': 0.2, 'rho': 0.1, 'tikh': 0.01, 'option': 3, 'Normalization': 1}. Best is trial 73 with value: 0.00021211034127190941.
[I 2025-11-20 14:06:45,692] Trial 51 finished with value: 0.005432588182156905 and parameters: {'n_units': 1000, 'alpha': 1.0, 'sigma_in': 0.4, 'rho': 0.5, 'tikh': 0.1, 'option': 3, 'Normalization': 1}. Best is trial 40 with value: 0.0005719184021472756.
[I 2025-11-20 14:10:17,786] Trial 87 finished with value: 0.0011281160201178863 and parameters: {'n_units': 1000, 'alpha': 0.7000000000000001, 'sigma_in': 0.30000000000000004, 'rho': 0.30000000000000004, 'tikh': 0.1, 'option': 3, 'Normalization': 1}. Best is trial 63 with value: 0.0007104197662556544.
[I 2025-11-20 14:10:19,976] Trial 97 finished with value: 0.0004065616369189229 and parameters: {'n_units': 1000, 'alpha': 0.2, 'sigma_in': 0.30000000000000004, 'rho': 0.1, 'tikh': 0.1, 'option': 4, 'Normalization': 1}. Best is trial 73 with value: 0.00021211034127190941.
[I 2025-11-20 14:12:47,506] Trial 52 finished with value: 0.000870060355100577 and parameters: {'n_units': 1000, 'alpha': 1.0, 'sigma_in': 0.5, 'rho': 0.5, 'tikh': 0.1, 'option': 3, 'Normalization': 1}. Best is trial 40 with value: 0.0005719184021472756.
[I 2025-11-20 14:16:18,782] Trial 98 finished with value: 3717.039053916931 and parameters: {'n_units': 1000, 'alpha': 0.5, 'sigma_in': 0.30000000000000004, 'rho': 0.1, 'tikh': 0.001, 'option': 4, 'Normalization': 1}. Best is trial 73 with value: 0.00021211034127190941.
[I 2025-11-20 14:17:33,554] Trial 88 finished with value: 0.016748463033582083 and parameters: {'n_units': 1000, 'alpha': 0.6, 'sigma_in': 0.30000000000000004, 'rho': 0.4, 'tikh': 0.1, 'option': 3, 'Normalization': 1}. Best is trial 63 with value: 0.0007104197662556544.
[I 2025-11-20 14:18:50,391] Trial 53 finished with value: 0.01636320325778797 and parameters: {'n_units': 1000, 'alpha': 0.9, 'sigma_in': 0.30000000000000004, 'rho': 0.4, 'tikh': 0.1, 'option': 3, 'Normalization': 1}. Best is trial 40 with value: 0.0005719184021472756.
[I 2025-11-20 14:22:25,208] Trial 99 finished with value: 0.00036144341829640324 and parameters: {'n_units': 1000, 'alpha': 0.2, 'sigma_in': 0.30000000000000004, 'rho': 0.1, 'tikh': 0.1, 'option': 4, 'Normalization': 1}. Best is trial 73 with value: 0.00021211034127190941.
[I 2025-11-20 14:24:16,948] Trial 54 finished with value: 0.058425951360550246 and parameters: {'n_units': 1000, 'alpha': 1.0, 'sigma_in': 0.5, 'rho': 0.6, 'tikh': 0.1, 'option': 3, 'Normalization': 1}. Best is trial 40 with value: 0.0005719184021472756.
[I 2025-11-20 14:30:03,414] Trial 55 finished with value: 17.11818246290495 and parameters: {'n_units': 1000, 'alpha': 0.8, 'sigma_in': 0.5, 'rho': 0.7000000000000001, 'tikh': 0.1, 'option': 3, 'Normalization': 1}. Best is trial 40 with value: 0.0005719184021472756.
[I 2025-11-20 14:35:50,913] Trial 56 finished with value: 6.141072487621568 and parameters: {'n_units': 1000, 'alpha': 1.0, 'sigma_in': 0.6, 'rho': 0.5, 'tikh': 0.1, 'option': 3, 'Normalization': 1}. Best is trial 40 with value: 0.0005719184021472756.
[I 2025-11-20 14:42:34,053] Trial 57 finished with value: 5.329059074207907 and parameters: {'n_units': 1000, 'alpha': 0.9, 'sigma_in': 0.5, 'rho': 0.4, 'tikh': 0.1, 'option': 3, 'Normalization': 1}. Best is trial 40 with value: 0.0005719184021472756.
