[I 2025-11-21 01:37:20,900] Trial 220 finished with value: 0.007828590227290988 and parameters: {'n_units': 1000, 'alpha': 0.8, 'sigma_in': 0.30000000000000004, 'rho': 0.2, 'tikh': 0.1, 'option': 3, 'N_train': 20000, 'out_dim': 3, 'Normalization': 1}. Best is trial 42 with value: 0.005647279345430434.
[I 2025-11-21 01:38:17,865] Trial 221 finished with value: 0.00847298577427864 and parameters: {'n_units': 1000, 'alpha': 0.8, 'sigma_in': 0.30000000000000004, 'rho': 0.2, 'tikh': 0.1, 'option': 3, 'N_train': 20000, 'out_dim': 3, 'Normalization': 1}. Best is trial 42 with value: 0.005647279345430434.
[I 2025-11-21 01:39:15,233] Trial 222 finished with value: 0.006420597760006785 and parameters: {'n_units': 1000, 'alpha': 0.8, 'sigma_in': 0.30000000000000004, 'rho': 0.2, 'tikh': 0.1, 'option': 3, 'N_train': 20000, 'out_dim': 3, 'Normalization': 1}. Best is trial 42 with value: 0.005647279345430434.
[I 2025-11-21 01:40:07,886] Trial 223 finished with value: 0.007987455744296313 and parameters: {'n_units': 1000, 'alpha': 0.8, 'sigma_in': 0.30000000000000004, 'rho': 0.2, 'tikh': 0.1, 'option': 3, 'N_train': 20000, 'out_dim': 3, 'Normalization': 1}. Best is trial 42 with value: 0.005647279345430434.
[I 2025-11-21 01:41:02,517] Trial 224 finished with value: 0.0069237337447702885 and parameters: {'n_units': 1000, 'alpha': 0.8, 'sigma_in': 0.30000000000000004, 'rho': 0.2, 'tikh': 0.1, 'option': 3, 'N_train': 20000, 'out_dim': 3, 'Normalization': 1}. Best is trial 42 with value: 0.005647279345430434.
[I 2025-11-21 01:41:55,477] Trial 225 finished with value: 0.00857636141590774 and parameters: {'n_units': 1000, 'alpha': 0.8, 'sigma_in': 0.30000000000000004, 'rho': 0.2, 'tikh': 0.1, 'option': 3, 'N_train': 20000, 'out_dim': 3, 'Normalization': 1}. Best is trial 42 with value: 0.005647279345430434.
[I 2025-11-21 01:42:50,316] Trial 226 finished with value: 0.006888870615512133 and parameters: {'n_units': 1000, 'alpha': 0.8, 'sigma_in': 0.30000000000000004, 'rho': 0.2, 'tikh': 0.1, 'option': 3, 'N_train': 20000, 'out_dim': 3, 'Normalization': 1}. Best is trial 42 with value: 0.005647279345430434.
[I 2025-11-21 01:43:45,245] Trial 227 finished with value: 1075.7136529922486 and parameters: {'n_units': 1000, 'alpha': 0.8, 'sigma_in': 0.30000000000000004, 'rho': 0.1, 'tikh': 1e-09, 'option': 3, 'N_train': 20000, 'out_dim': 3, 'Normalization': 1}. Best is trial 42 with value: 0.005647279345430434.
[I 2025-11-21 01:44:43,596] Trial 228 finished with value: 0.022818504460155965 and parameters: {'n_units': 1000, 'alpha': 0.8, 'sigma_in': 0.30000000000000004, 'rho': 0.2, 'tikh': 0.1, 'option': 2, 'N_train': 20000, 'out_dim': 3, 'Normalization': 1}. Best is trial 42 with value: 0.005647279345430434.
[I 2025-11-21 01:45:34,996] Trial 229 finished with value: 0.013271484896540642 and parameters: {'n_units': 1000, 'alpha': 0.8, 'sigma_in': 0.2, 'rho': 0.2, 'tikh': 0.1, 'option': 3, 'N_train': 20000, 'out_dim': 3, 'Normalization': 1}. Best is trial 42 with value: 0.005647279345430434.
[I 2025-11-21 01:46:32,062] Trial 230 finished with value: 0.008765412727370858 and parameters: {'n_units': 1000, 'alpha': 0.8, 'sigma_in': 0.30000000000000004, 'rho': 0.2, 'tikh': 0.1, 'option': 3, 'N_train': 20000, 'out_dim': 3, 'Normalization': 1}. Best is trial 42 with value: 0.005647279345430434.
[I 2025-11-21 01:47:28,965] Trial 231 finished with value: 0.007565933233126998 and parameters: {'n_units': 1000, 'alpha': 0.8, 'sigma_in': 0.30000000000000004, 'rho': 0.2, 'tikh': 0.1, 'option': 3, 'N_train': 20000, 'out_dim': 3, 'Normalization': 1}. Best is trial 42 with value: 0.005647279345430434.
[I 2025-11-21 01:48:23,211] Trial 232 finished with value: 0.007616446353495121 and parameters: {'n_units': 1000, 'alpha': 0.8, 'sigma_in': 0.30000000000000004, 'rho': 0.2, 'tikh': 0.1, 'option': 3, 'N_train': 20000, 'out_dim': 3, 'Normalization': 1}. Best is trial 42 with value: 0.005647279345430434.
[I 2025-11-21 01:49:18,028] Trial 233 finished with value: 0.007075577881187201 and parameters: {'n_units': 1000, 'alpha': 0.8, 'sigma_in': 0.30000000000000004, 'rho': 0.2, 'tikh': 0.1, 'option': 3, 'N_train': 20000, 'out_dim': 3, 'Normalization': 1}. Best is trial 42 with value: 0.005647279345430434.
[I 2025-11-21 01:50:08,984] Trial 234 finished with value: 0.008049904275685549 and parameters: {'n_units': 1000, 'alpha': 0.8, 'sigma_in': 0.30000000000000004, 'rho': 0.2, 'tikh': 0.1, 'option': 3, 'N_train': 20000, 'out_dim': 3, 'Normalization': 1}. Best is trial 42 with value: 0.005647279345430434.
[I 2025-11-21 01:51:04,034] Trial 235 finished with value: 0.006411719135940075 and parameters: {'n_units': 1000, 'alpha': 0.8, 'sigma_in': 0.30000000000000004, 'rho': 0.2, 'tikh': 0.1, 'option': 3, 'N_train': 20000, 'out_dim': 3, 'Normalization': 1}. Best is trial 42 with value: 0.005647279345430434.
[I 2025-11-21 01:51:58,037] Trial 236 finished with value: 0.006708933180198074 and parameters: {'n_units': 1000, 'alpha': 0.8, 'sigma_in': 0.30000000000000004, 'rho': 0.2, 'tikh': 0.1, 'option': 3, 'N_train': 20000, 'out_dim': 3, 'Normalization': 1}. Best is trial 42 with value: 0.005647279345430434.
[I 2025-11-21 01:52:49,852] Trial 237 finished with value: 17158.611156463623 and parameters: {'n_units': 1000, 'alpha': 0.8, 'sigma_in': 0.30000000000000004, 'rho': 0.2, 'tikh': 1e-05, 'option': 3, 'N_train': 20000, 'out_dim': 3, 'Normalization': 1}. Best is trial 42 with value: 0.005647279345430434.
[I 2025-11-21 01:53:43,073] Trial 238 finished with value: 0.007279285835102201 and parameters: {'n_units': 1000, 'alpha': 0.8, 'sigma_in': 0.30000000000000004, 'rho': 0.2, 'tikh': 0.1, 'option': 3, 'N_train': 20000, 'out_dim': 3, 'Normalization': 1}. Best is trial 42 with value: 0.005647279345430434.
[I 2025-11-21 01:54:37,010] Trial 239 finished with value: 42206.5667602539 and parameters: {'n_units': 1000, 'alpha': 0.8, 'sigma_in': 0.30000000000000004, 'rho': 0.9, 'tikh': 0.0001, 'option': 3, 'N_train': 20000, 'out_dim': 3, 'Normalization': 1}. Best is trial 42 with value: 0.005647279345430434.
[I 2025-11-21 01:55:29,918] Trial 240 finished with value: 0.007663583662360906 and parameters: {'n_units': 1000, 'alpha': 0.8, 'sigma_in': 0.30000000000000004, 'rho': 0.2, 'tikh': 0.1, 'option': 3, 'N_train': 20000, 'out_dim': 3, 'Normalization': 1}. Best is trial 42 with value: 0.005647279345430434.
[I 2025-11-21 01:56:24,689] Trial 241 finished with value: 0.006921477150171995 and parameters: {'n_units': 1000, 'alpha': 0.8, 'sigma_in': 0.30000000000000004, 'rho': 0.2, 'tikh': 0.1, 'option': 3, 'N_train': 20000, 'out_dim': 3, 'Normalization': 1}. Best is trial 42 with value: 0.005647279345430434.
[I 2025-11-21 01:57:17,910] Trial 242 finished with value: 0.007414308562874794 and parameters: {'n_units': 1000, 'alpha': 0.8, 'sigma_in': 0.30000000000000004, 'rho': 0.2, 'tikh': 0.1, 'option': 3, 'N_train': 20000, 'out_dim': 3, 'Normalization': 1}. Best is trial 42 with value: 0.005647279345430434.
[I 2025-11-21 01:58:12,224] Trial 243 finished with value: 0.008041233289986849 and parameters: {'n_units': 1000, 'alpha': 0.8, 'sigma_in': 0.30000000000000004, 'rho': 0.2, 'tikh': 0.1, 'option': 3, 'N_train': 20000, 'out_dim': 3, 'Normalization': 1}. Best is trial 42 with value: 0.005647279345430434.
[I 2025-11-21 01:59:03,914] Trial 244 finished with value: 0.007891993643715978 and parameters: {'n_units': 1000, 'alpha': 0.8, 'sigma_in': 0.30000000000000004, 'rho': 0.2, 'tikh': 0.1, 'option': 3, 'N_train': 20000, 'out_dim': 3, 'Normalization': 1}. Best is trial 42 with value: 0.005647279345430434.
[I 2025-11-21 01:59:56,357] Trial 245 finished with value: 0.05205747028812766 and parameters: {'n_units': 1000, 'alpha': 0.8, 'sigma_in': 0.30000000000000004, 'rho': 0.2, 'tikh': 0.1, 'option': 3, 'N_train': 20000, 'out_dim': 3, 'Normalization': 1}. Best is trial 42 with value: 0.005647279345430434.
[I 2025-11-21 02:00:50,471] Trial 246 finished with value: 0.854757565446198 and parameters: {'n_units': 1000, 'alpha': 0.8, 'sigma_in': 0.30000000000000004, 'rho': 0.7000000000000001, 'tikh': 0.1, 'option': 3, 'N_train': 20000, 'out_dim': 3, 'Normalization': 1}. Best is trial 42 with value: 0.005647279345430434.
[I 2025-11-21 02:01:43,611] Trial 247 finished with value: 5187.227865409851 and parameters: {'n_units': 1000, 'alpha': 0.8, 'sigma_in': 0.2, 'rho': 0.1, 'tikh': 0.01, 'option': 3, 'N_train': 20000, 'out_dim': 3, 'Normalization': 1}. Best is trial 42 with value: 0.005647279345430434.
[I 2025-11-21 02:02:40,291] Trial 248 finished with value: 0.007109663169831038 and parameters: {'n_units': 1000, 'alpha': 0.8, 'sigma_in': 0.30000000000000004, 'rho': 0.2, 'tikh': 0.1, 'option': 3, 'N_train': 20000, 'out_dim': 3, 'Normalization': 1}. Best is trial 42 with value: 0.005647279345430434.
[I 2025-11-21 02:03:35,054] Trial 249 finished with value: 1.0065162785351276 and parameters: {'n_units': 1000, 'alpha': 0.8, 'sigma_in': 0.30000000000000004, 'rho': 0.2, 'tikh': 0.1, 'option': 5, 'N_train': 20000, 'out_dim': 3, 'Normalization': 1}. Best is trial 42 with value: 0.005647279345430434.
[I 2025-11-21 02:04:27,837] Trial 250 finished with value: 1538.6529331207275 and parameters: {'n_units': 1000, 'alpha': 0.8, 'sigma_in': 0.30000000000000004, 'rho': 0.2, 'tikh': 0.001, 'option': 3, 'N_train': 20000, 'out_dim': 3, 'Normalization': 1}. Best is trial 42 with value: 0.005647279345430434.
[I 2025-11-21 02:05:22,369] Trial 251 finished with value: 0.008184564625844359 and parameters: {'n_units': 1000, 'alpha': 0.8, 'sigma_in': 0.30000000000000004, 'rho': 0.2, 'tikh': 0.1, 'option': 3, 'N_train': 20000, 'out_dim': 3, 'Normalization': 1}. Best is trial 42 with value: 0.005647279345430434.
[I 2025-11-21 02:06:15,221] Trial 252 finished with value: 0.006247658655047417 and parameters: {'n_units': 1000, 'alpha': 0.8, 'sigma_in': 0.30000000000000004, 'rho': 0.2, 'tikh': 0.1, 'option': 3, 'N_train': 20000, 'out_dim': 3, 'Normalization': 1}. Best is trial 42 with value: 0.005647279345430434.
[I 2025-11-21 02:07:10,500] Trial 253 finished with value: 0.006538320332765579 and parameters: {'n_units': 1000, 'alpha': 0.8, 'sigma_in': 0.30000000000000004, 'rho': 0.2, 'tikh': 0.1, 'option': 3, 'N_train': 20000, 'out_dim': 3, 'Normalization': 1}. Best is trial 42 with value: 0.005647279345430434.
[I 2025-11-21 02:08:03,088] Trial 254 finished with value: 0.007044449588283897 and parameters: {'n_units': 1000, 'alpha': 0.7000000000000001, 'sigma_in': 0.2, 'rho': 0.1, 'tikh': 0.1, 'option': 3, 'N_train': 20000, 'out_dim': 3, 'Normalization': 1}. Best is trial 42 with value: 0.005647279345430434.
[I 2025-11-21 02:08:57,843] Trial 255 finished with value: 0.007724967878311872 and parameters: {'n_units': 1000, 'alpha': 0.7000000000000001, 'sigma_in': 0.2, 'rho': 0.1, 'tikh': 0.1, 'option': 3, 'N_train': 20000, 'out_dim': 3, 'Normalization': 1}. Best is trial 42 with value: 0.005647279345430434.
[I 2025-11-21 02:09:51,485] Trial 256 finished with value: 0.0074527902528643605 and parameters: {'n_units': 1000, 'alpha': 0.7000000000000001, 'sigma_in': 0.2, 'rho': 0.1, 'tikh': 0.1, 'option': 3, 'N_train': 20000, 'out_dim': 3, 'Normalization': 1}. Best is trial 42 with value: 0.005647279345430434.
[I 2025-11-21 02:10:45,343] Trial 257 finished with value: 1494.470558166504 and parameters: {'n_units': 1000, 'alpha': 0.7000000000000001, 'sigma_in': 0.2, 'rho': 0.1, 'tikh': 1e-08, 'option': 3, 'N_train': 20000, 'out_dim': 3, 'Normalization': 1}. Best is trial 42 with value: 0.005647279345430434.
[I 2025-11-21 02:11:38,172] Trial 258 finished with value: 0.010502343671396375 and parameters: {'n_units': 1000, 'alpha': 0.7000000000000001, 'sigma_in': 0.2, 'rho': 0.1, 'tikh': 0.1, 'option': 3, 'N_train': 20000, 'out_dim': 3, 'Normalization': 1}. Best is trial 42 with value: 0.005647279345430434.
[I 2025-11-21 02:12:34,365] Trial 259 finished with value: 0.010558888036757707 and parameters: {'n_units': 1000, 'alpha': 0.8, 'sigma_in': 0.2, 'rho': 0.1, 'tikh': 0.1, 'option': 3, 'N_train': 20000, 'out_dim': 3, 'Normalization': 1}. Best is trial 42 with value: 0.005647279345430434.
[I 2025-11-21 02:13:26,889] Trial 260 finished with value: 2144.5956146240233 and parameters: {'n_units': 1000, 'alpha': 0.7000000000000001, 'sigma_in': 0.2, 'rho': 0.1, 'tikh': 1e-07, 'option': 3, 'N_train': 20000, 'out_dim': 3, 'Normalization': 1}. Best is trial 42 with value: 0.005647279345430434.
[I 2025-11-21 02:14:44,955] Trial 261 finished with value: 4564.919688415527 and parameters: {'n_units': 3000, 'alpha': 0.8, 'sigma_in': 0.2, 'rho': 0.1, 'tikh': 1e-10, 'option': 3, 'N_train': 20000, 'out_dim': 3, 'Normalization': 1}. Best is trial 42 with value: 0.005647279345430434.
[I 2025-11-21 02:15:38,324] Trial 262 finished with value: 0.012836900120601059 and parameters: {'n_units': 1000, 'alpha': 0.8, 'sigma_in': 0.2, 'rho': 0.1, 'tikh': 0.1, 'option': 2, 'N_train': 20000, 'out_dim': 3, 'Normalization': 1}. Best is trial 42 with value: 0.005647279345430434.
[I 2025-11-21 02:16:30,684] Trial 263 finished with value: 0.008764395164325834 and parameters: {'n_units': 1000, 'alpha': 0.7000000000000001, 'sigma_in': 0.2, 'rho': 0.1, 'tikh': 0.1, 'option': 3, 'N_train': 20000, 'out_dim': 3, 'Normalization': 1}. Best is trial 42 with value: 0.005647279345430434.
[I 2025-11-21 02:17:26,648] Trial 264 finished with value: 0.006458853511139751 and parameters: {'n_units': 1000, 'alpha': 0.8, 'sigma_in': 0.2, 'rho': 0.1, 'tikh': 0.1, 'option': 3, 'N_train': 20000, 'out_dim': 3, 'Normalization': 1}. Best is trial 42 with value: 0.005647279345430434.
[I 2025-11-21 02:18:21,593] Trial 265 finished with value: 0.00671412474475801 and parameters: {'n_units': 1000, 'alpha': 0.8, 'sigma_in': 0.2, 'rho': 0.1, 'tikh': 0.1, 'option': 3, 'N_train': 20000, 'out_dim': 3, 'Normalization': 1}. Best is trial 42 with value: 0.005647279345430434.
[I 2025-11-21 02:19:14,237] Trial 266 finished with value: 0.007993948319926858 and parameters: {'n_units': 1000, 'alpha': 0.7000000000000001, 'sigma_in': 0.2, 'rho': 0.1, 'tikh': 0.1, 'option': 3, 'N_train': 20000, 'out_dim': 3, 'Normalization': 1}. Best is trial 42 with value: 0.005647279345430434.
[I 2025-11-21 02:20:08,596] Trial 267 finished with value: 4125.182097434998 and parameters: {'n_units': 1000, 'alpha': 0.8, 'sigma_in': 0.2, 'rho': 0.1, 'tikh': 1e-06, 'option': 3, 'N_train': 20000, 'out_dim': 3, 'Normalization': 1}. Best is trial 42 with value: 0.005647279345430434.
[I 2025-11-21 02:21:02,201] Trial 268 finished with value: 0.007041212357580662 and parameters: {'n_units': 1000, 'alpha': 0.8, 'sigma_in': 0.2, 'rho': 0.1, 'tikh': 0.1, 'option': 3, 'N_train': 20000, 'out_dim': 3, 'Normalization': 1}. Best is trial 42 with value: 0.005647279345430434.
[I 2025-11-21 02:21:57,634] Trial 269 finished with value: 0.00597380727995187 and parameters: {'n_units': 1000, 'alpha': 0.8, 'sigma_in': 0.2, 'rho': 0.1, 'tikh': 0.1, 'option': 3, 'N_train': 20000, 'out_dim': 3, 'Normalization': 1}. Best is trial 42 with value: 0.005647279345430434.
[I 2025-11-21 02:22:51,780] Trial 270 finished with value: 0.005552148423157632 and parameters: {'n_units': 1000, 'alpha': 0.8, 'sigma_in': 0.2, 'rho': 0.1, 'tikh': 0.1, 'option': 3, 'N_train': 20000, 'out_dim': 3, 'Normalization': 1}. Best is trial 270 with value: 0.005552148423157632.
[I 2025-11-21 02:23:44,342] Trial 271 finished with value: 6043.108313941955 and parameters: {'n_units': 1000, 'alpha': 0.8, 'sigma_in': 0.2, 'rho': 0.1, 'tikh': 1e-09, 'option': 3, 'N_train': 20000, 'out_dim': 3, 'Normalization': 1}. Best is trial 270 with value: 0.005552148423157632.
[I 2025-11-21 02:24:36,825] Trial 272 finished with value: 0.006679586926475167 and parameters: {'n_units': 1000, 'alpha': 0.8, 'sigma_in': 0.2, 'rho': 0.1, 'tikh': 0.1, 'option': 3, 'N_train': 20000, 'out_dim': 3, 'Normalization': 1}. Best is trial 270 with value: 0.005552148423157632.
[I 2025-11-21 02:25:31,043] Trial 273 finished with value: 0.008833110565319657 and parameters: {'n_units': 1000, 'alpha': 0.8, 'sigma_in': 0.2, 'rho': 0.1, 'tikh': 0.1, 'option': 5, 'N_train': 20000, 'out_dim': 3, 'Normalization': 1}. Best is trial 270 with value: 0.005552148423157632.
[I 2025-11-21 02:26:25,637] Trial 274 finished with value: 0.006299298675730825 and parameters: {'n_units': 1000, 'alpha': 0.8, 'sigma_in': 0.2, 'rho': 0.1, 'tikh': 0.1, 'option': 3, 'N_train': 20000, 'out_dim': 3, 'Normalization': 1}. Best is trial 270 with value: 0.005552148423157632.
[I 2025-11-21 02:27:20,165] Trial 275 finished with value: 2047.957810974121 and parameters: {'n_units': 1000, 'alpha': 0.8, 'sigma_in': 0.2, 'rho': 0.1, 'tikh': 0.0001, 'option': 3, 'N_train': 20000, 'out_dim': 3, 'Normalization': 1}. Best is trial 270 with value: 0.005552148423157632.
[I 2025-11-21 02:28:13,413] Trial 276 finished with value: 0.006856733188033104 and parameters: {'n_units': 1000, 'alpha': 0.8, 'sigma_in': 0.2, 'rho': 0.1, 'tikh': 0.1, 'option': 3, 'N_train': 20000, 'out_dim': 3, 'Normalization': 1}. Best is trial 270 with value: 0.005552148423157632.
[I 2025-11-21 02:29:23,855] Trial 277 finished with value: 2836.4545871734617 and parameters: {'n_units': 3000, 'alpha': 0.8, 'sigma_in': 0.2, 'rho': 0.1, 'tikh': 1e-05, 'option': 3, 'N_train': 20000, 'out_dim': 3, 'Normalization': 1}. Best is trial 270 with value: 0.005552148423157632.
[I 2025-11-21 02:30:16,776] Trial 278 finished with value: 0.006246332312002778 and parameters: {'n_units': 1000, 'alpha': 0.8, 'sigma_in': 0.2, 'rho': 0.1, 'tikh': 0.1, 'option': 3, 'N_train': 20000, 'out_dim': 3, 'Normalization': 1}. Best is trial 270 with value: 0.005552148423157632.
[I 2025-11-21 02:31:08,860] Trial 279 finished with value: 0.007059502182528377 and parameters: {'n_units': 1000, 'alpha': 0.8, 'sigma_in': 0.2, 'rho': 0.1, 'tikh': 0.1, 'option': 3, 'N_train': 20000, 'out_dim': 3, 'Normalization': 1}. Best is trial 270 with value: 0.005552148423157632.
[I 2025-11-21 02:32:04,594] Trial 280 finished with value: 0.006665062485262751 and parameters: {'n_units': 1000, 'alpha': 0.8, 'sigma_in': 0.2, 'rho': 0.1, 'tikh': 0.1, 'option': 3, 'N_train': 20000, 'out_dim': 3, 'Normalization': 1}. Best is trial 270 with value: 0.005552148423157632.
[I 2025-11-21 02:33:01,502] Trial 281 finished with value: 0.006936178216710687 and parameters: {'n_units': 1000, 'alpha': 0.8, 'sigma_in': 0.2, 'rho': 0.1, 'tikh': 0.1, 'option': 3, 'N_train': 20000, 'out_dim': 3, 'Normalization': 1}. Best is trial 270 with value: 0.005552148423157632.
[I 2025-11-21 02:33:56,887] Trial 282 finished with value: 147.6816755056381 and parameters: {'n_units': 1000, 'alpha': 0.8, 'sigma_in': 0.2, 'rho': 0.1, 'tikh': 0.01, 'option': 3, 'N_train': 20000, 'out_dim': 3, 'Normalization': 1}. Best is trial 270 with value: 0.005552148423157632.
[I 2025-11-21 02:34:52,165] Trial 283 finished with value: 0.006624779151752591 and parameters: {'n_units': 1000, 'alpha': 0.8, 'sigma_in': 0.2, 'rho': 0.1, 'tikh': 0.1, 'option': 3, 'N_train': 20000, 'out_dim': 3, 'Normalization': 1}. Best is trial 270 with value: 0.005552148423157632.
[I 2025-11-21 02:35:44,171] Trial 284 finished with value: 0.00626980816014111 and parameters: {'n_units': 1000, 'alpha': 0.8, 'sigma_in': 0.2, 'rho': 0.1, 'tikh': 0.1, 'option': 3, 'N_train': 20000, 'out_dim': 3, 'Normalization': 1}. Best is trial 270 with value: 0.005552148423157632.
[I 2025-11-21 02:37:05,284] Trial 285 finished with value: 0.005549713619984686 and parameters: {'n_units': 3000, 'alpha': 0.8, 'sigma_in': 0.2, 'rho': 0.1, 'tikh': 0.1, 'option': 3, 'N_train': 20000, 'out_dim': 3, 'Normalization': 1}. Best is trial 285 with value: 0.005549713619984686.
[I 2025-11-21 02:38:21,028] Trial 286 finished with value: 0.006567497923970223 and parameters: {'n_units': 3000, 'alpha': 0.8, 'sigma_in': 0.2, 'rho': 0.1, 'tikh': 0.1, 'option': 3, 'N_train': 20000, 'out_dim': 3, 'Normalization': 1}. Best is trial 285 with value: 0.005549713619984686.
[I 2025-11-21 02:39:34,855] Trial 287 finished with value: 346.3581916809082 and parameters: {'n_units': 3000, 'alpha': 0.8, 'sigma_in': 0.2, 'rho': 0.1, 'tikh': 0.001, 'option': 2, 'N_train': 20000, 'out_dim': 3, 'Normalization': 1}. Best is trial 285 with value: 0.005549713619984686.
[I 2025-11-21 02:41:07,974] Trial 288 finished with value: 0.006110007083043456 and parameters: {'n_units': 3000, 'alpha': 0.8, 'sigma_in': 0.2, 'rho': 0.1, 'tikh': 0.1, 'option': 3, 'N_train': 20000, 'out_dim': 3, 'Normalization': 1}. Best is trial 285 with value: 0.005549713619984686.
[I 2025-11-21 02:42:35,242] Trial 289 finished with value: 0.006071101734414696 and parameters: {'n_units': 3000, 'alpha': 0.8, 'sigma_in': 0.2, 'rho': 0.1, 'tikh': 0.1, 'option': 3, 'N_train': 20000, 'out_dim': 3, 'Normalization': 1}. Best is trial 285 with value: 0.005549713619984686.
[I 2025-11-21 02:43:52,378] Trial 290 finished with value: 0.006209391495212912 and parameters: {'n_units': 3000, 'alpha': 0.8, 'sigma_in': 0.2, 'rho': 0.1, 'tikh': 0.1, 'option': 3, 'N_train': 20000, 'out_dim': 3, 'Normalization': 1}. Best is trial 285 with value: 0.005549713619984686.
[I 2025-11-21 02:45:08,625] Trial 291 finished with value: 0.005998214520514011 and parameters: {'n_units': 3000, 'alpha': 0.8, 'sigma_in': 0.2, 'rho': 0.1, 'tikh': 0.1, 'option': 3, 'N_train': 20000, 'out_dim': 3, 'Normalization': 1}. Best is trial 285 with value: 0.005549713619984686.
[I 2025-11-21 02:46:23,112] Trial 292 finished with value: 492.19034633636477 and parameters: {'n_units': 3000, 'alpha': 0.8, 'sigma_in': 0.2, 'rho': 0.1, 'tikh': 1e-07, 'option': 3, 'N_train': 20000, 'out_dim': 3, 'Normalization': 1}. Best is trial 285 with value: 0.005549713619984686.
[I 2025-11-21 02:47:37,276] Trial 293 finished with value: 0.007034130580723286 and parameters: {'n_units': 3000, 'alpha': 0.8, 'sigma_in': 0.2, 'rho': 0.1, 'tikh': 0.1, 'option': 3, 'N_train': 20000, 'out_dim': 3, 'Normalization': 1}. Best is trial 285 with value: 0.005549713619984686.
