[I 2025-10-30 11:52:52,680] Trial 4 finished with value: 316131.4461589813 and parameters: {'n_units': 1000, 'alpha': 1.0, 'sigma_in': 0.7000000000000001, 'rho': 0.4, 'tikh': 0.01, 'option': 5, 'Normalization': 1}. Best is trial 2 with value: 5128.427580457926.
[I 2025-10-30 11:54:36,952] Trial 9 finished with value: 14291.91262550354 and parameters: {'n_units': 2000, 'alpha': 0.7000000000000001, 'sigma_in': 0.4, 'rho': 0.6, 'tikh': 0.0001, 'option': 3, 'Normalization': 1}. Best is trial 7 with value: 0.07986084891308565.
[I 2025-10-30 11:58:05,293] Trial 4 finished with value: 27033.98304357529 and parameters: {'n_units': 4000, 'alpha': 0.1, 'sigma_in': 0.7000000000000001, 'rho': 0.4, 'tikh': 0.01, 'option': 3, 'Normalization': 1}. Best is trial 0 with value: 7.453450417518615.
[I 2025-10-30 12:00:36,232] Trial 5 finished with value: 245.32954782545568 and parameters: {'n_units': 1000, 'alpha': 0.4, 'sigma_in': 0.8, 'rho': 0.2, 'tikh': 0.0001, 'option': 4, 'Normalization': 1}. Best is trial 5 with value: 245.32954782545568.
[I 2025-10-30 12:04:18,315] Trial 6 finished with value: 335.5982279062271 and parameters: {'n_units': 2000, 'alpha': 0.6, 'sigma_in': 0.5, 'rho': 0.30000000000000004, 'tikh': 0.1, 'option': 5, 'Normalization': 1}. Best is trial 1 with value: 0.9596998244524002.
[I 2025-10-30 12:06:26,826] Trial 6 finished with value: 2255.788509917259 and parameters: {'n_units': 2000, 'alpha': 0.9, 'sigma_in': 0.2, 'rho': 0.8, 'tikh': 0.1, 'option': 5, 'Normalization': 1}. Best is trial 2 with value: 0.0016922198730753735.
[I 2025-10-30 12:08:57,225] Trial 4 finished with value: 1826.4071038246154 and parameters: {'n_units': 5000, 'alpha': 0.9, 'sigma_in': 0.5, 'rho': 0.5, 'tikh': 0.01, 'option': 4, 'Normalization': 1}. Best is trial 0 with value: 0.0023956397590154666.
[I 2025-10-30 12:16:16,418] Trial 5 finished with value: 2586.8272177934646 and parameters: {'n_units': 1000, 'alpha': 0.1, 'sigma_in': 1.0, 'rho': 0.7000000000000001, 'tikh': 1e-05, 'option': 4, 'Normalization': 1}. Best is trial 0 with value: 0.0023956397590154666.
[I 2025-10-30 12:36:44,162] Trial 4 finished with value: 7881.321769237518 and parameters: {'n_units': 4000, 'alpha': 0.6, 'sigma_in': 0.4, 'rho': 0.5, 'tikh': 0.0001, 'option': 5, 'Normalization': 1}. Best is trial 2 with value: 3.490700765699148.
[I 2025-10-30 12:42:00,015] Trial 4 finished with value: 360.50152798891065 and parameters: {'n_units': 5000, 'alpha': 0.1, 'sigma_in': 0.4, 'rho': 0.1, 'tikh': 0.0001, 'option': 3, 'Normalization': 1}. Best is trial 3 with value: 41.613000583648684.
[I 2025-10-30 12:43:15,780] Trial 3 finished with value: 2845.765427398682 and parameters: {'n_units': 5000, 'alpha': 0.7000000000000001, 'sigma_in': 1.0, 'rho': 1.0, 'tikh': 0.0001, 'option': 5, 'Normalization': 1}. Best is trial 3 with value: 2845.765427398682.
[I 2025-10-30 12:46:23,511] Trial 5 finished with value: 564353.3092468262 and parameters: {'n_units': 4000, 'alpha': 0.4, 'sigma_in': 0.1, 'rho': 0.6, 'tikh': 1e-05, 'option': 5, 'Normalization': 1}. Best is trial 0 with value: 7.453450417518615.
[I 2025-10-30 12:49:22,722] Trial 6 finished with value: 486.5181739807129 and parameters: {'n_units': 3000, 'alpha': 0.6, 'sigma_in': 0.6, 'rho': 0.4, 'tikh': 0.001, 'option': 3, 'Normalization': 1}. Best is trial 0 with value: 0.0023956397590154666.
[I 2025-10-30 12:50:26,415] Trial 4 finished with value: 0.009206940280273556 and parameters: {'n_units': 1000, 'alpha': 0.2, 'sigma_in': 0.7000000000000001, 'rho': 0.30000000000000004, 'tikh': 0.1, 'option': 4, 'Normalization': 1}. Best is trial 4 with value: 0.009206940280273556.
[I 2025-10-30 12:51:15,775] Trial 7 finished with value: 204.72398067712783 and parameters: {'n_units': 4000, 'alpha': 0.5, 'sigma_in': 0.8, 'rho': 0.9, 'tikh': 0.01, 'option': 4, 'Normalization': 1}. Best is trial 1 with value: 0.9596998244524002.
[I 2025-10-30 12:54:29,160] Trial 5 finished with value: 295.0700115002692 and parameters: {'n_units': 5000, 'alpha': 1.0, 'sigma_in': 0.9, 'rho': 0.2, 'tikh': 0.01, 'option': 3, 'Normalization': 1}. Best is trial 1 with value: 6.170159719511867.
[I 2025-10-30 12:54:38,606] Trial 7 finished with value: 105110.71026573182 and parameters: {'n_units': 4000, 'alpha': 0.5, 'sigma_in': 0.7000000000000001, 'rho': 0.8, 'tikh': 0.01, 'option': 3, 'Normalization': 1}. Best is trial 2 with value: 0.0016922198730753735.
[I 2025-10-30 13:00:39,335] Trial 10 finished with value: 53632.675784301755 and parameters: {'n_units': 5000, 'alpha': 0.30000000000000004, 'sigma_in': 1.0, 'rho': 1.0, 'tikh': 0.1, 'option': 3, 'Normalization': 1}. Best is trial 7 with value: 0.07986084891308565.
[I 2025-10-30 13:07:01,535] Trial 6 finished with value: 11076.726054620744 and parameters: {'n_units': 5000, 'alpha': 0.30000000000000004, 'sigma_in': 0.7000000000000001, 'rho': 0.9, 'tikh': 1e-05, 'option': 4, 'Normalization': 1}. Best is trial 5 with value: 245.32954782545568.
[I 2025-10-30 13:09:40,385] Trial 8 finished with value: 1463.0762676239015 and parameters: {'n_units': 2000, 'alpha': 0.8, 'sigma_in': 0.9, 'rho': 0.4, 'tikh': 0.001, 'option': 3, 'Normalization': 1}. Best is trial 1 with value: 0.9596998244524002.
[I 2025-10-30 13:12:39,212] Trial 5 finished with value: 174.7390814781189 and parameters: {'n_units': 3000, 'alpha': 0.8, 'sigma_in': 1.0, 'rho': 0.4, 'tikh': 0.001, 'option': 4, 'Normalization': 1}. Best is trial 3 with value: 41.613000583648684.
[I 2025-10-30 13:13:21,728] Trial 6 finished with value: 772.2532806873321 and parameters: {'n_units': 2000, 'alpha': 0.7000000000000001, 'sigma_in': 0.7000000000000001, 'rho': 0.7000000000000001, 'tikh': 0.0001, 'option': 4, 'Normalization': 1}. Best is trial 1 with value: 6.170159719511867.
[I 2025-10-30 13:14:15,228] Trial 7 finished with value: 1350.4099731445312 and parameters: {'n_units': 1000, 'alpha': 0.2, 'sigma_in': 0.8, 'rho': 0.7000000000000001, 'tikh': 0.01, 'option': 5, 'Normalization': 1}. Best is trial 5 with value: 245.32954782545568.
[I 2025-10-30 13:16:03,045] Trial 6 finished with value: 4037.8642541885374 and parameters: {'n_units': 3000, 'alpha': 0.2, 'sigma_in': 0.6, 'rho': 0.8, 'tikh': 0.01, 'option': 3, 'Normalization': 1}. Best is trial 0 with value: 7.453450417518615.
[I 2025-10-30 13:16:48,277] Trial 9 finished with value: 1181.470697784424 and parameters: {'n_units': 1000, 'alpha': 0.30000000000000004, 'sigma_in': 0.6, 'rho': 0.9, 'tikh': 0.0001, 'option': 4, 'Normalization': 1}. Best is trial 1 with value: 0.9596998244524002.
[I 2025-10-30 13:23:17,129] Trial 5 finished with value: 160850.5012435913 and parameters: {'n_units': 3000, 'alpha': 0.6, 'sigma_in': 0.9, 'rho': 1.0, 'tikh': 0.0001, 'option': 3, 'Normalization': 1}. Best is trial 4 with value: 0.009206940280273556.
[I 2025-10-30 13:27:39,990] Trial 8 finished with value: 1506835.096855545 and parameters: {'n_units': 3000, 'alpha': 0.1, 'sigma_in': 0.7000000000000001, 'rho': 0.4, 'tikh': 0.01, 'option': 5, 'Normalization': 1}. Best is trial 2 with value: 0.0016922198730753735.
[I 2025-10-30 13:39:17,216] Trial 5 finished with value: 2001.3837476730346 and parameters: {'n_units': 5000, 'alpha': 0.1, 'sigma_in': 0.7000000000000001, 'rho': 0.7000000000000001, 'tikh': 1e-05, 'option': 5, 'Normalization': 1}. Best is trial 2 with value: 3.490700765699148.
[I 2025-10-30 13:48:12,056] Trial 10 finished with value: 470.89746381901205 and parameters: {'n_units': 3000, 'alpha': 0.1, 'sigma_in': 0.2, 'rho': 0.1, 'tikh': 1e-05, 'option': 3, 'Normalization': 1}. Best is trial 1 with value: 0.9596998244524002.
[I 2025-10-30 13:54:14,886] Trial 7 finished with value: 999.3437986107543 and parameters: {'n_units': 5000, 'alpha': 0.2, 'sigma_in': 0.6, 'rho': 0.1, 'tikh': 0.1, 'option': 3, 'Normalization': 1}. Best is trial 0 with value: 0.0023956397590154666.
[I 2025-10-30 13:59:06,050] Trial 6 finished with value: 452.1416453540325 and parameters: {'n_units': 4000, 'alpha': 0.4, 'sigma_in': 0.4, 'rho': 1.0, 'tikh': 0.1, 'option': 5, 'Normalization': 1}. Best is trial 3 with value: 41.613000583648684.
[I 2025-10-30 13:59:53,272] Trial 9 finished with value: 4555.886681747436 and parameters: {'n_units': 3000, 'alpha': 0.7000000000000001, 'sigma_in': 1.0, 'rho': 0.7000000000000001, 'tikh': 0.001, 'option': 3, 'Normalization': 1}. Best is trial 2 with value: 0.0016922198730753735.
[I 2025-10-30 14:01:15,242] Trial 8 finished with value: 0.06207089992240071 and parameters: {'n_units': 1000, 'alpha': 0.9, 'sigma_in': 0.4, 'rho': 0.30000000000000004, 'tikh': 0.1, 'option': 4, 'Normalization': 1}. Best is trial 0 with value: 0.0023956397590154666.
[I 2025-10-30 14:02:01,164] Trial 8 finished with value: 1112.9598834991455 and parameters: {'n_units': 4000, 'alpha': 1.0, 'sigma_in': 0.7000000000000001, 'rho': 0.7000000000000001, 'tikh': 0.01, 'option': 4, 'Normalization': 1}. Best is trial 5 with value: 245.32954782545568.
[I 2025-10-30 14:05:27,275] Trial 11 finished with value: 26.18924069404602 and parameters: {'n_units': 5000, 'alpha': 0.4, 'sigma_in': 0.8, 'rho': 1.0, 'tikh': 0.1, 'option': 4, 'Normalization': 1}. Best is trial 7 with value: 0.07986084891308565.
[I 2025-10-30 14:11:05,251] Trial 6 finished with value: 28.754684276878834 and parameters: {'n_units': 3000, 'alpha': 0.5, 'sigma_in': 0.8, 'rho': 0.2, 'tikh': 0.1, 'option': 5, 'Normalization': 1}. Best is trial 2 with value: 3.490700765699148.
[I 2025-10-30 14:18:06,775] Trial 7 finished with value: 53.32334120112209 and parameters: {'n_units': 5000, 'alpha': 0.4, 'sigma_in': 1.0, 'rho': 1.0, 'tikh': 0.01, 'option': 4, 'Normalization': 1}. Best is trial 1 with value: 6.170159719511867.
[I 2025-10-30 14:19:23,517] Trial 10 finished with value: 228.2618654564023 and parameters: {'n_units': 2000, 'alpha': 0.5, 'sigma_in': 0.5, 'rho': 1.0, 'tikh': 0.1, 'option': 4, 'Normalization': 1}. Best is trial 2 with value: 0.0016922198730753735.
[I 2025-10-30 14:20:39,177] Trial 7 finished with value: 508.4382966041565 and parameters: {'n_units': 5000, 'alpha': 0.6, 'sigma_in': 0.1, 'rho': 0.30000000000000004, 'tikh': 0.01, 'option': 4, 'Normalization': 1}. Best is trial 0 with value: 7.453450417518615.
[I 2025-10-30 14:21:07,207] Trial 9 finished with value: 8748.221327209472 and parameters: {'n_units': 2000, 'alpha': 0.5, 'sigma_in': 0.2, 'rho': 0.30000000000000004, 'tikh': 0.0001, 'option': 5, 'Normalization': 1}. Best is trial 0 with value: 0.0023956397590154666.
[I 2025-10-30 14:21:13,240] Trial 11 finished with value: 0.05859535299241543 and parameters: {'n_units': 3000, 'alpha': 1.0, 'sigma_in': 0.30000000000000004, 'rho': 0.1, 'tikh': 0.1, 'option': 5, 'Normalization': 1}. Best is trial 11 with value: 0.05859535299241543.
[I 2025-10-30 14:21:20,773] Trial 9 finished with value: 24395.531964111327 and parameters: {'n_units': 2000, 'alpha': 0.9, 'sigma_in': 0.1, 'rho': 0.8, 'tikh': 0.001, 'option': 3, 'Normalization': 1}. Best is trial 5 with value: 245.32954782545568.
[I 2025-10-30 14:27:43,655] Trial 6 finished with value: 14196.58702774048 and parameters: {'n_units': 5000, 'alpha': 0.4, 'sigma_in': 0.30000000000000004, 'rho': 0.2, 'tikh': 1e-05, 'option': 4, 'Normalization': 1}. Best is trial 4 with value: 0.009206940280273556.
[I 2025-10-30 14:40:23,993] Trial 10 finished with value: 1703.8184029236436 and parameters: {'n_units': 2000, 'alpha': 0.7000000000000001, 'sigma_in': 0.8, 'rho': 0.7000000000000001, 'tikh': 0.1, 'option': 4, 'Normalization': 1}. Best is trial 0 with value: 0.0023956397590154666.
[I 2025-10-30 14:46:54,586] Trial 7 finished with value: 285.5078874707222 and parameters: {'n_units': 4000, 'alpha': 0.1, 'sigma_in': 0.1, 'rho': 0.1, 'tikh': 1e-05, 'option': 4, 'Normalization': 1}. Best is trial 3 with value: 41.613000583648684.
[I 2025-10-30 14:47:32,766] Trial 11 finished with value: 0.14027935092854021 and parameters: {'n_units': 1000, 'alpha': 1.0, 'sigma_in': 0.4, 'rho': 0.5, 'tikh': 0.1, 'option': 4, 'Normalization': 1}. Best is trial 0 with value: 0.0023956397590154666.
[I 2025-10-30 14:48:50,669] Trial 8 finished with value: 7.34266448947601 and parameters: {'n_units': 3000, 'alpha': 0.2, 'sigma_in': 0.4, 'rho': 0.1, 'tikh': 0.01, 'option': 4, 'Normalization': 1}. Best is trial 1 with value: 6.170159719511867.
[I 2025-10-30 14:52:05,142] Trial 8 finished with value: 13248.918478393554 and parameters: {'n_units': 3000, 'alpha': 0.6, 'sigma_in': 0.8, 'rho': 0.9, 'tikh': 1e-05, 'option': 3, 'Normalization': 1}. Best is trial 0 with value: 7.453450417518615.
[I 2025-10-30 14:52:19,048] Trial 12 finished with value: 0.07169527448713779 and parameters: {'n_units': 3000, 'alpha': 1.0, 'sigma_in': 0.2, 'rho': 0.1, 'tikh': 0.1, 'option': 5, 'Normalization': 1}. Best is trial 11 with value: 0.05859535299241543.
[I 2025-10-30 14:53:04,163] Trial 10 finished with value: 0.07463623248040677 and parameters: {'n_units': 3000, 'alpha': 0.1, 'sigma_in': 0.2, 'rho': 0.4, 'tikh': 0.1, 'option': 4, 'Normalization': 1}. Best is trial 10 with value: 0.07463623248040677.
[I 2025-10-30 14:53:56,508] Trial 8 finished with value: 0.015421732666436583 and parameters: {'n_units': 1000, 'alpha': 0.7000000000000001, 'sigma_in': 0.30000000000000004, 'rho': 0.4, 'tikh': 0.1, 'option': 3, 'Normalization': 1}. Best is trial 8 with value: 0.015421732666436583.
[I 2025-10-30 14:58:40,455] Trial 7 finished with value: 389926.3273724556 and parameters: {'n_units': 4000, 'alpha': 0.5, 'sigma_in': 0.30000000000000004, 'rho': 0.1, 'tikh': 0.0001, 'option': 4, 'Normalization': 1}. Best is trial 2 with value: 3.490700765699148.
