[I 2025-11-21 05:57:54,749] Trial 443 finished with value: 0.006412693671882153 and parameters: {'n_units': 3000, 'alpha': 0.7000000000000001, 'sigma_in': 0.2, 'rho': 0.1, 'tikh': 0.1, 'option': 3, 'N_train': 20000, 'out_dim': 3, 'Normalization': 1}. Best is trial 285 with value: 0.005549713619984686.
[I 2025-11-21 05:59:10,475] Trial 444 finished with value: 0.006734382221475243 and parameters: {'n_units': 3000, 'alpha': 0.7000000000000001, 'sigma_in': 0.2, 'rho': 0.1, 'tikh': 0.1, 'option': 3, 'N_train': 20000, 'out_dim': 3, 'Normalization': 1}. Best is trial 285 with value: 0.005549713619984686.
[I 2025-11-21 06:00:26,146] Trial 445 finished with value: 0.006695802742615342 and parameters: {'n_units': 3000, 'alpha': 0.7000000000000001, 'sigma_in': 0.2, 'rho': 0.1, 'tikh': 0.1, 'option': 3, 'N_train': 20000, 'out_dim': 3, 'Normalization': 1}. Best is trial 285 with value: 0.005549713619984686.
[I 2025-11-21 06:01:41,601] Trial 446 finished with value: 12571.131657028198 and parameters: {'n_units': 3000, 'alpha': 0.6, 'sigma_in': 0.2, 'rho': 0.1, 'tikh': 1e-09, 'option': 3, 'N_train': 20000, 'out_dim': 3, 'Normalization': 1}. Best is trial 285 with value: 0.005549713619984686.
[I 2025-11-21 06:02:56,873] Trial 447 finished with value: 0.007585530541837216 and parameters: {'n_units': 3000, 'alpha': 0.7000000000000001, 'sigma_in': 0.2, 'rho': 0.1, 'tikh': 0.1, 'option': 3, 'N_train': 20000, 'out_dim': 3, 'Normalization': 1}. Best is trial 285 with value: 0.005549713619984686.
[I 2025-11-21 06:04:11,909] Trial 448 finished with value: 0.007067132741212845 and parameters: {'n_units': 3000, 'alpha': 0.7000000000000001, 'sigma_in': 0.2, 'rho': 0.1, 'tikh': 0.1, 'option': 3, 'N_train': 20000, 'out_dim': 3, 'Normalization': 1}. Best is trial 285 with value: 0.005549713619984686.
[I 2025-11-21 06:05:23,593] Trial 449 finished with value: 0.006571212317794561 and parameters: {'n_units': 3000, 'alpha': 0.7000000000000001, 'sigma_in': 0.2, 'rho': 0.1, 'tikh': 0.1, 'option': 3, 'N_train': 20000, 'out_dim': 3, 'Normalization': 1}. Best is trial 285 with value: 0.005549713619984686.
[I 2025-11-21 06:06:38,703] Trial 450 finished with value: 62647147.17659912 and parameters: {'n_units': 3000, 'alpha': 0.7000000000000001, 'sigma_in': 0.2, 'rho': 0.9, 'tikh': 1e-05, 'option': 5, 'N_train': 20000, 'out_dim': 3, 'Normalization': 1}. Best is trial 285 with value: 0.005549713619984686.
[I 2025-11-21 06:07:52,991] Trial 451 finished with value: 2748.063958311081 and parameters: {'n_units': 3000, 'alpha': 0.1, 'sigma_in': 0.2, 'rho': 0.1, 'tikh': 0.0001, 'option': 3, 'N_train': 20000, 'out_dim': 3, 'Normalization': 1}. Best is trial 285 with value: 0.005549713619984686.
[I 2025-11-21 06:09:07,398] Trial 452 finished with value: 0.006847804225981235 and parameters: {'n_units': 3000, 'alpha': 0.6, 'sigma_in': 0.2, 'rho': 0.1, 'tikh': 0.1, 'option': 3, 'N_train': 20000, 'out_dim': 3, 'Normalization': 1}. Best is trial 285 with value: 0.005549713619984686.
[I 2025-11-21 06:10:24,275] Trial 453 finished with value: 0.25268537402153013 and parameters: {'n_units': 3000, 'alpha': 0.5, 'sigma_in': 0.1, 'rho': 0.1, 'tikh': 0.1, 'option': 3, 'N_train': 20000, 'out_dim': 3, 'Normalization': 1}. Best is trial 285 with value: 0.005549713619984686.
[I 2025-11-21 06:11:37,860] Trial 454 finished with value: 0.09265122972428799 and parameters: {'n_units': 3000, 'alpha': 0.7000000000000001, 'sigma_in': 0.2, 'rho': 0.1, 'tikh': 0.1, 'option': 4, 'N_train': 20000, 'out_dim': 3, 'Normalization': 1}. Best is trial 285 with value: 0.005549713619984686.
[I 2025-11-21 06:12:50,562] Trial 455 finished with value: 12784.18970270157 and parameters: {'n_units': 3000, 'alpha': 0.7000000000000001, 'sigma_in': 0.2, 'rho': 0.1, 'tikh': 0.01, 'option': 3, 'N_train': 20000, 'out_dim': 3, 'Normalization': 1}. Best is trial 285 with value: 0.005549713619984686.
[I 2025-11-21 06:14:05,374] Trial 456 finished with value: 0.0067772944457829 and parameters: {'n_units': 3000, 'alpha': 0.7000000000000001, 'sigma_in': 0.2, 'rho': 0.1, 'tikh': 0.1, 'option': 3, 'N_train': 20000, 'out_dim': 3, 'Normalization': 1}. Best is trial 285 with value: 0.005549713619984686.
[I 2025-11-21 06:15:18,513] Trial 457 finished with value: 0.006152069848030806 and parameters: {'n_units': 3000, 'alpha': 0.7000000000000001, 'sigma_in': 0.2, 'rho': 0.1, 'tikh': 0.1, 'option': 3, 'N_train': 20000, 'out_dim': 3, 'Normalization': 1}. Best is trial 285 with value: 0.005549713619984686.
[I 2025-11-21 06:16:35,623] Trial 458 finished with value: 62114.95691604614 and parameters: {'n_units': 3000, 'alpha': 0.7000000000000001, 'sigma_in': 0.2, 'rho': 0.1, 'tikh': 0.001, 'option': 3, 'N_train': 20000, 'out_dim': 3, 'Normalization': 1}. Best is trial 285 with value: 0.005549713619984686.
[I 2025-11-21 06:17:47,184] Trial 459 finished with value: 0.007000421406701207 and parameters: {'n_units': 3000, 'alpha': 0.7000000000000001, 'sigma_in': 0.2, 'rho': 0.1, 'tikh': 0.1, 'option': 3, 'N_train': 20000, 'out_dim': 3, 'Normalization': 1}. Best is trial 285 with value: 0.005549713619984686.
[I 2025-11-21 06:19:04,916] Trial 460 finished with value: 0.006155340652912855 and parameters: {'n_units': 3000, 'alpha': 0.7000000000000001, 'sigma_in': 0.2, 'rho': 0.1, 'tikh': 0.1, 'option': 3, 'N_train': 20000, 'out_dim': 3, 'Normalization': 1}. Best is trial 285 with value: 0.005549713619984686.
[I 2025-11-21 06:20:17,520] Trial 461 finished with value: 0.01651674984022975 and parameters: {'n_units': 3000, 'alpha': 0.7000000000000001, 'sigma_in': 0.2, 'rho': 0.1, 'tikh': 0.1, 'option': 2, 'N_train': 20000, 'out_dim': 3, 'Normalization': 1}. Best is trial 285 with value: 0.005549713619984686.
[I 2025-11-21 06:21:34,101] Trial 462 finished with value: 19457.290573120117 and parameters: {'n_units': 3000, 'alpha': 0.7000000000000001, 'sigma_in': 0.1, 'rho': 0.1, 'tikh': 1e-08, 'option': 3, 'N_train': 20000, 'out_dim': 3, 'Normalization': 1}. Best is trial 285 with value: 0.005549713619984686.
[I 2025-11-21 06:22:47,435] Trial 463 finished with value: 0.006501337978988886 and parameters: {'n_units': 3000, 'alpha': 0.7000000000000001, 'sigma_in': 0.2, 'rho': 0.1, 'tikh': 0.1, 'option': 3, 'N_train': 20000, 'out_dim': 3, 'Normalization': 1}. Best is trial 285 with value: 0.005549713619984686.
[I 2025-11-21 06:24:03,035] Trial 464 finished with value: 0.005916549870744347 and parameters: {'n_units': 3000, 'alpha': 0.7000000000000001, 'sigma_in': 0.2, 'rho': 0.1, 'tikh': 0.1, 'option': 3, 'N_train': 20000, 'out_dim': 3, 'Normalization': 1}. Best is trial 285 with value: 0.005549713619984686.
[I 2025-11-21 06:25:17,341] Trial 465 finished with value: 0.006948271952569485 and parameters: {'n_units': 3000, 'alpha': 0.7000000000000001, 'sigma_in': 0.2, 'rho': 0.1, 'tikh': 0.1, 'option': 3, 'N_train': 20000, 'out_dim': 3, 'Normalization': 1}. Best is trial 285 with value: 0.005549713619984686.
[I 2025-11-21 06:26:33,336] Trial 466 finished with value: 0.007939373329281806 and parameters: {'n_units': 3000, 'alpha': 0.6, 'sigma_in': 0.2, 'rho': 0.1, 'tikh': 0.1, 'option': 3, 'N_train': 20000, 'out_dim': 3, 'Normalization': 1}. Best is trial 285 with value: 0.005549713619984686.
[I 2025-11-21 06:27:49,969] Trial 467 finished with value: 99030.58828082084 and parameters: {'n_units': 3000, 'alpha': 0.7000000000000001, 'sigma_in': 0.6, 'rho': 0.1, 'tikh': 1e-10, 'option': 3, 'N_train': 20000, 'out_dim': 3, 'Normalization': 1}. Best is trial 285 with value: 0.005549713619984686.
[I 2025-11-21 06:29:04,426] Trial 468 finished with value: 1011.8497318267822 and parameters: {'n_units': 3000, 'alpha': 0.7000000000000001, 'sigma_in': 0.2, 'rho': 0.1, 'tikh': 1e-07, 'option': 3, 'N_train': 20000, 'out_dim': 3, 'Normalization': 1}. Best is trial 285 with value: 0.005549713619984686.
[I 2025-11-21 06:30:21,153] Trial 469 finished with value: 0.006802012422122061 and parameters: {'n_units': 3000, 'alpha': 0.6, 'sigma_in': 0.2, 'rho': 0.1, 'tikh': 0.1, 'option': 3, 'N_train': 20000, 'out_dim': 3, 'Normalization': 1}. Best is trial 285 with value: 0.005549713619984686.
[I 2025-11-21 06:31:35,191] Trial 470 finished with value: 0.21879339963197708 and parameters: {'n_units': 3000, 'alpha': 0.7000000000000001, 'sigma_in': 0.1, 'rho': 0.1, 'tikh': 0.1, 'option': 3, 'N_train': 20000, 'out_dim': 3, 'Normalization': 1}. Best is trial 285 with value: 0.005549713619984686.
[I 2025-11-21 06:32:47,791] Trial 471 finished with value: 0.005805666791275144 and parameters: {'n_units': 3000, 'alpha': 0.7000000000000001, 'sigma_in': 0.2, 'rho': 0.1, 'tikh': 0.1, 'option': 3, 'N_train': 20000, 'out_dim': 3, 'Normalization': 1}. Best is trial 285 with value: 0.005549713619984686.
[I 2025-11-21 06:34:02,095] Trial 472 finished with value: 0.0065364308655261995 and parameters: {'n_units': 3000, 'alpha': 0.7000000000000001, 'sigma_in': 0.2, 'rho': 0.1, 'tikh': 0.1, 'option': 3, 'N_train': 20000, 'out_dim': 3, 'Normalization': 1}. Best is trial 285 with value: 0.005549713619984686.
[I 2025-11-21 06:35:19,549] Trial 473 finished with value: 29.479931449890138 and parameters: {'n_units': 3000, 'alpha': 0.7000000000000001, 'sigma_in': 0.2, 'rho': 0.1, 'tikh': 0.1, 'option': 5, 'N_train': 20000, 'out_dim': 3, 'Normalization': 1}. Best is trial 285 with value: 0.005549713619984686.
[I 2025-11-21 06:36:33,478] Trial 474 finished with value: 0.007125069200992584 and parameters: {'n_units': 3000, 'alpha': 0.7000000000000001, 'sigma_in': 0.2, 'rho': 0.1, 'tikh': 0.1, 'option': 3, 'N_train': 20000, 'out_dim': 3, 'Normalization': 1}. Best is trial 285 with value: 0.005549713619984686.
[I 2025-11-21 06:37:46,311] Trial 475 finished with value: 11487.57420654297 and parameters: {'n_units': 3000, 'alpha': 0.7000000000000001, 'sigma_in': 0.2, 'rho': 0.1, 'tikh': 1e-06, 'option': 4, 'N_train': 20000, 'out_dim': 3, 'Normalization': 1}. Best is trial 285 with value: 0.005549713619984686.
[I 2025-11-21 06:39:01,924] Trial 476 finished with value: 350.4932154536247 and parameters: {'n_units': 3000, 'alpha': 0.7000000000000001, 'sigma_in': 0.7000000000000001, 'rho': 0.1, 'tikh': 0.1, 'option': 3, 'N_train': 20000, 'out_dim': 3, 'Normalization': 1}. Best is trial 285 with value: 0.005549713619984686.
[I 2025-11-21 06:40:05,742] Trial 477 finished with value: 118.66966381072999 and parameters: {'n_units': 2000, 'alpha': 0.7000000000000001, 'sigma_in': 0.2, 'rho': 0.1, 'tikh': 1e-09, 'option': 3, 'N_train': 20000, 'out_dim': 3, 'Normalization': 1}. Best is trial 285 with value: 0.005549713619984686.
[I 2025-11-21 06:41:21,123] Trial 478 finished with value: 0.006297268066555261 and parameters: {'n_units': 3000, 'alpha': 0.7000000000000001, 'sigma_in': 0.2, 'rho': 0.1, 'tikh': 0.1, 'option': 3, 'N_train': 20000, 'out_dim': 3, 'Normalization': 1}. Best is trial 285 with value: 0.005549713619984686.
[I 2025-11-21 06:42:35,786] Trial 479 finished with value: 0.006767084077000618 and parameters: {'n_units': 3000, 'alpha': 0.7000000000000001, 'sigma_in': 0.2, 'rho': 0.1, 'tikh': 0.1, 'option': 3, 'N_train': 20000, 'out_dim': 3, 'Normalization': 1}. Best is trial 285 with value: 0.005549713619984686.
[I 2025-11-21 06:43:50,973] Trial 480 finished with value: 0.007118780538439751 and parameters: {'n_units': 3000, 'alpha': 0.6, 'sigma_in': 0.2, 'rho': 0.1, 'tikh': 0.1, 'option': 3, 'N_train': 20000, 'out_dim': 3, 'Normalization': 1}. Best is trial 285 with value: 0.005549713619984686.
[I 2025-11-21 06:45:04,520] Trial 481 finished with value: 0.0075555220013484355 and parameters: {'n_units': 3000, 'alpha': 0.7000000000000001, 'sigma_in': 0.2, 'rho': 0.1, 'tikh': 0.1, 'option': 3, 'N_train': 20000, 'out_dim': 3, 'Normalization': 1}. Best is trial 285 with value: 0.005549713619984686.
[I 2025-11-21 06:46:21,941] Trial 482 finished with value: 0.007351005775853991 and parameters: {'n_units': 3000, 'alpha': 0.7000000000000001, 'sigma_in': 0.2, 'rho': 0.1, 'tikh': 0.1, 'option': 3, 'N_train': 20000, 'out_dim': 3, 'Normalization': 1}. Best is trial 285 with value: 0.005549713619984686.
[I 2025-11-21 06:47:36,839] Trial 483 finished with value: 195927.96286621093 and parameters: {'n_units': 3000, 'alpha': 0.7000000000000001, 'sigma_in': 0.1, 'rho': 0.1, 'tikh': 1e-05, 'option': 3, 'N_train': 20000, 'out_dim': 3, 'Normalization': 1}. Best is trial 285 with value: 0.005549713619984686.
[I 2025-11-21 06:48:50,452] Trial 484 finished with value: 0.006477130297571421 and parameters: {'n_units': 3000, 'alpha': 0.7000000000000001, 'sigma_in': 0.2, 'rho': 0.1, 'tikh': 0.1, 'option': 3, 'N_train': 20000, 'out_dim': 3, 'Normalization': 1}. Best is trial 285 with value: 0.005549713619984686.
[I 2025-11-21 06:50:02,624] Trial 485 finished with value: 474.80094680786135 and parameters: {'n_units': 3000, 'alpha': 0.7000000000000001, 'sigma_in': 0.2, 'rho': 0.1, 'tikh': 0.0001, 'option': 3, 'N_train': 20000, 'out_dim': 3, 'Normalization': 1}. Best is trial 285 with value: 0.005549713619984686.
[I 2025-11-21 06:51:15,730] Trial 486 finished with value: 0.008219824475236236 and parameters: {'n_units': 3000, 'alpha': 0.6, 'sigma_in': 0.2, 'rho': 0.1, 'tikh': 0.1, 'option': 3, 'N_train': 20000, 'out_dim': 3, 'Normalization': 1}. Best is trial 285 with value: 0.005549713619984686.
[I 2025-11-21 06:52:30,038] Trial 487 finished with value: 0.0077079528011381624 and parameters: {'n_units': 3000, 'alpha': 0.7000000000000001, 'sigma_in': 0.2, 'rho': 0.1, 'tikh': 0.1, 'option': 3, 'N_train': 20000, 'out_dim': 3, 'Normalization': 1}. Best is trial 285 with value: 0.005549713619984686.
[I 2025-11-21 06:53:44,340] Trial 488 finished with value: 0.005869278870522976 and parameters: {'n_units': 3000, 'alpha': 0.7000000000000001, 'sigma_in': 0.2, 'rho': 0.1, 'tikh': 0.1, 'option': 3, 'N_train': 20000, 'out_dim': 3, 'Normalization': 1}. Best is trial 285 with value: 0.005549713619984686.
[I 2025-11-21 06:55:00,694] Trial 489 finished with value: 136.42255153656006 and parameters: {'n_units': 3000, 'alpha': 0.7000000000000001, 'sigma_in': 0.2, 'rho': 0.1, 'tikh': 0.01, 'option': 3, 'N_train': 20000, 'out_dim': 3, 'Normalization': 1}. Best is trial 285 with value: 0.005549713619984686.
[I 2025-11-21 06:56:16,884] Trial 490 finished with value: 0.013796171918511391 and parameters: {'n_units': 3000, 'alpha': 0.7000000000000001, 'sigma_in': 0.2, 'rho': 0.1, 'tikh': 0.1, 'option': 2, 'N_train': 20000, 'out_dim': 3, 'Normalization': 1}. Best is trial 285 with value: 0.005549713619984686.
[I 2025-11-21 06:57:30,379] Trial 491 finished with value: 0.007358301570639015 and parameters: {'n_units': 3000, 'alpha': 0.7000000000000001, 'sigma_in': 0.2, 'rho': 0.1, 'tikh': 0.1, 'option': 3, 'N_train': 20000, 'out_dim': 3, 'Normalization': 1}. Best is trial 285 with value: 0.005549713619984686.
[I 2025-11-21 06:58:45,186] Trial 492 finished with value: 3687.3855939388277 and parameters: {'n_units': 3000, 'alpha': 0.7000000000000001, 'sigma_in': 0.2, 'rho': 0.1, 'tikh': 0.001, 'option': 3, 'N_train': 20000, 'out_dim': 3, 'Normalization': 1}. Best is trial 285 with value: 0.005549713619984686.
[I 2025-11-21 06:59:59,823] Trial 493 finished with value: 0.23404641151428224 and parameters: {'n_units': 3000, 'alpha': 0.6, 'sigma_in': 0.1, 'rho': 0.1, 'tikh': 0.1, 'option': 3, 'N_train': 20000, 'out_dim': 3, 'Normalization': 1}. Best is trial 285 with value: 0.005549713619984686.
[I 2025-11-21 07:01:14,042] Trial 494 finished with value: 0.005426887702196836 and parameters: {'n_units': 3000, 'alpha': 0.7000000000000001, 'sigma_in': 0.2, 'rho': 0.1, 'tikh': 0.1, 'option': 3, 'N_train': 20000, 'out_dim': 3, 'Normalization': 1}. Best is trial 494 with value: 0.005426887702196836.
[I 2025-11-21 07:02:25,207] Trial 495 finished with value: 0.006580868503078818 and parameters: {'n_units': 3000, 'alpha': 0.7000000000000001, 'sigma_in': 0.2, 'rho': 0.1, 'tikh': 0.1, 'option': 3, 'N_train': 20000, 'out_dim': 3, 'Normalization': 1}. Best is trial 494 with value: 0.005426887702196836.
[I 2025-11-21 07:03:35,497] Trial 496 finished with value: 0.005887987231835723 and parameters: {'n_units': 3000, 'alpha': 0.7000000000000001, 'sigma_in': 0.2, 'rho': 0.1, 'tikh': 0.1, 'option': 3, 'N_train': 20000, 'out_dim': 3, 'Normalization': 1}. Best is trial 494 with value: 0.005426887702196836.
[I 2025-11-21 07:04:51,630] Trial 497 finished with value: 3297.352615737915 and parameters: {'n_units': 3000, 'alpha': 0.7000000000000001, 'sigma_in': 0.2, 'rho': 0.1, 'tikh': 1e-08, 'option': 3, 'N_train': 20000, 'out_dim': 3, 'Normalization': 1}. Best is trial 494 with value: 0.005426887702196836.
[I 2025-11-21 07:06:04,980] Trial 498 finished with value: 32.637649703025815 and parameters: {'n_units': 3000, 'alpha': 0.7000000000000001, 'sigma_in': 0.2, 'rho': 0.1, 'tikh': 0.1, 'option': 5, 'N_train': 20000, 'out_dim': 3, 'Normalization': 1}. Best is trial 494 with value: 0.005426887702196836.
[I 2025-11-21 07:07:22,165] Trial 499 finished with value: 0.00581136136315763 and parameters: {'n_units': 3000, 'alpha': 0.7000000000000001, 'sigma_in': 0.2, 'rho': 0.1, 'tikh': 0.1, 'option': 3, 'N_train': 20000, 'out_dim': 3, 'Normalization': 1}. Best is trial 494 with value: 0.005426887702196836.
Study finished.

Best Hyperparameters: {'n_units': 3000, 'alpha': 0.7000000000000001, 'sigma_in': 0.2, 'rho': 0.1, 'tikh': 0.1, 'option': 3, 'N_train': 20000, 'out_dim': 3, 'Normalization': 1}
Lowest Loss: 0.005426887702196836

Best Hyperparameters: {'n_units': 3000, 'alpha': 0.7000000000000001, 'sigma_in': 0.2, 'rho': 0.1, 'tikh': 0.1, 'option': 3, 'N_train': 20000, 'out_dim': 3, 'Normalization': 1}
Training_Loss with best hyperparameters: 0.005466688
Test_Loss with best hyperparameters: 0.008907359
第0个节点在25步的MSE: 0.01444920338690281
第1个节点在25步的MSE: 3.141735553741455
第2个节点在25步的MSE: 0.06009571626782417
第3个节点在25步的MSE: 0.6048156023025513
第4个节点在25步的MSE: 0.018571091815829277
