[I 2025-11-20 20:36:56,450] Trial 149 finished with value: 5065.927370929718 and parameters: {'n_units': 1000, 'alpha': 0.4, 'sigma_in': 0.4, 'rho': 0.1, 'tikh': 1e-05, 'option': 3, 'N_train': 20000, 'out_dim': 3, 'Normalization': 1}. Best is trial 144 with value: 0.32942975461483004.
[I 2025-11-20 20:42:59,027] Trial 150 finished with value: 78.33115103244782 and parameters: {'n_units': 1000, 'alpha': 0.4, 'sigma_in': 0.4, 'rho': 0.1, 'tikh': 1e-10, 'option': 3, 'N_train': 20000, 'out_dim': 3, 'Normalization': 1}. Best is trial 144 with value: 0.32942975461483004.
[I 2025-11-20 20:49:27,737] Trial 151 finished with value: 1.9044584506191313 and parameters: {'n_units': 1000, 'alpha': 0.4, 'sigma_in': 0.5, 'rho': 0.1, 'tikh': 0.1, 'option': 3, 'N_train': 20000, 'out_dim': 3, 'Normalization': 1}. Best is trial 144 with value: 0.32942975461483004.
[I 2025-11-20 20:55:23,662] Trial 152 finished with value: 2.042649432644248 and parameters: {'n_units': 1000, 'alpha': 0.30000000000000004, 'sigma_in': 0.5, 'rho': 0.1, 'tikh': 0.1, 'option': 3, 'N_train': 20000, 'out_dim': 3, 'Normalization': 1}. Best is trial 144 with value: 0.32942975461483004.
[I 2025-11-20 21:00:40,375] Trial 153 finished with value: 0.5001771211624145 and parameters: {'n_units': 1000, 'alpha': 0.4, 'sigma_in': 0.4, 'rho': 0.1, 'tikh': 0.1, 'option': 3, 'N_train': 20000, 'out_dim': 3, 'Normalization': 1}. Best is trial 144 with value: 0.32942975461483004.
[I 2025-11-20 21:06:29,395] Trial 154 finished with value: 0.3954344689846039 and parameters: {'n_units': 1000, 'alpha': 0.4, 'sigma_in': 0.4, 'rho': 0.1, 'tikh': 0.1, 'option': 3, 'N_train': 20000, 'out_dim': 3, 'Normalization': 1}. Best is trial 144 with value: 0.32942975461483004.
[I 2025-11-20 21:11:37,946] Trial 155 finished with value: 0.6684880077838897 and parameters: {'n_units': 1000, 'alpha': 0.4, 'sigma_in': 0.4, 'rho': 0.1, 'tikh': 0.1, 'option': 3, 'N_train': 20000, 'out_dim': 3, 'Normalization': 1}. Best is trial 144 with value: 0.32942975461483004.
[I 2025-11-20 21:16:35,506] Trial 156 finished with value: 0.7373242855072022 and parameters: {'n_units': 1000, 'alpha': 0.4, 'sigma_in': 0.4, 'rho': 0.1, 'tikh': 0.1, 'option': 3, 'N_train': 20000, 'out_dim': 3, 'Normalization': 1}. Best is trial 144 with value: 0.32942975461483004.
[I 2025-11-20 21:21:26,177] Trial 157 finished with value: 0.5682182773947716 and parameters: {'n_units': 1000, 'alpha': 0.4, 'sigma_in': 0.4, 'rho': 0.1, 'tikh': 0.1, 'option': 3, 'N_train': 20000, 'out_dim': 3, 'Normalization': 1}. Best is trial 144 with value: 0.32942975461483004.
[I 2025-11-20 21:26:13,062] Trial 158 finished with value: 0.4199216514825821 and parameters: {'n_units': 1000, 'alpha': 0.4, 'sigma_in': 0.4, 'rho': 0.1, 'tikh': 0.1, 'option': 3, 'N_train': 20000, 'out_dim': 3, 'Normalization': 1}. Best is trial 144 with value: 0.32942975461483004.
[I 2025-11-20 21:31:27,151] Trial 159 finished with value: 0.6227769508957863 and parameters: {'n_units': 1000, 'alpha': 0.30000000000000004, 'sigma_in': 0.4, 'rho': 0.1, 'tikh': 0.1, 'option': 3, 'N_train': 20000, 'out_dim': 3, 'Normalization': 1}. Best is trial 144 with value: 0.32942975461483004.
[I 2025-11-20 21:52:56,602] Trial 160 finished with value: 9.377803061902522 and parameters: {'n_units': 3000, 'alpha': 0.30000000000000004, 'sigma_in': 0.4, 'rho': 0.1, 'tikh': 0.1, 'option': 3, 'N_train': 20000, 'out_dim': 3, 'Normalization': 1}. Best is trial 144 with value: 0.32942975461483004.
[I 2025-11-20 22:00:02,888] Trial 161 finished with value: 0.3388253957033157 and parameters: {'n_units': 1000, 'alpha': 0.4, 'sigma_in': 0.4, 'rho': 0.1, 'tikh': 0.1, 'option': 3, 'N_train': 20000, 'out_dim': 3, 'Normalization': 1}. Best is trial 144 with value: 0.32942975461483004.
[I 2025-11-20 22:08:04,810] Trial 162 finished with value: 0.37130601406097413 and parameters: {'n_units': 1000, 'alpha': 0.4, 'sigma_in': 0.4, 'rho': 0.1, 'tikh': 0.1, 'option': 3, 'N_train': 20000, 'out_dim': 3, 'Normalization': 1}. Best is trial 144 with value: 0.32942975461483004.
[I 2025-11-20 22:14:38,356] Trial 163 finished with value: 2.0156697630882263 and parameters: {'n_units': 1000, 'alpha': 0.4, 'sigma_in': 0.5, 'rho': 0.1, 'tikh': 0.1, 'option': 3, 'N_train': 20000, 'out_dim': 3, 'Normalization': 1}. Best is trial 144 with value: 0.32942975461483004.
[I 2025-11-20 22:18:25,356] Trial 164 finished with value: 0.5335028797388077 and parameters: {'n_units': 1000, 'alpha': 0.30000000000000004, 'sigma_in': 0.4, 'rho': 0.1, 'tikh': 0.1, 'option': 3, 'N_train': 20000, 'out_dim': 3, 'Normalization': 1}. Best is trial 144 with value: 0.32942975461483004.
[I 2025-11-20 22:23:49,018] Trial 165 finished with value: 0.5699950456619263 and parameters: {'n_units': 1000, 'alpha': 0.30000000000000004, 'sigma_in': 0.4, 'rho': 0.1, 'tikh': 0.1, 'option': 3, 'N_train': 20000, 'out_dim': 3, 'Normalization': 1}. Best is trial 144 with value: 0.32942975461483004.
[I 2025-11-20 22:29:36,516] Trial 166 finished with value: 0.5639812037348747 and parameters: {'n_units': 1000, 'alpha': 0.30000000000000004, 'sigma_in': 0.4, 'rho': 0.1, 'tikh': 0.1, 'option': 3, 'N_train': 20000, 'out_dim': 3, 'Normalization': 1}. Best is trial 144 with value: 0.32942975461483004.
[I 2025-11-20 22:35:54,419] Trial 167 finished with value: 1416.2725478172301 and parameters: {'n_units': 1000, 'alpha': 0.30000000000000004, 'sigma_in': 0.4, 'rho': 0.1, 'tikh': 0.0001, 'option': 3, 'N_train': 20000, 'out_dim': 3, 'Normalization': 1}. Best is trial 144 with value: 0.32942975461483004.
[I 2025-11-20 22:41:32,736] Trial 168 finished with value: 30.351800537109376 and parameters: {'n_units': 1000, 'alpha': 0.30000000000000004, 'sigma_in': 0.4, 'rho': 0.1, 'tikh': 1e-06, 'option': 3, 'N_train': 20000, 'out_dim': 3, 'Normalization': 1}. Best is trial 144 with value: 0.32942975461483004.
[I 2025-11-20 22:46:34,680] Trial 169 finished with value: 0.3453703045845032 and parameters: {'n_units': 1000, 'alpha': 0.30000000000000004, 'sigma_in': 0.4, 'rho': 0.1, 'tikh': 0.1, 'option': 3, 'N_train': 20000, 'out_dim': 3, 'Normalization': 1}. Best is trial 144 with value: 0.32942975461483004.
[I 2025-11-20 22:51:51,856] Trial 170 finished with value: 63.13395309448242 and parameters: {'n_units': 1000, 'alpha': 0.30000000000000004, 'sigma_in': 0.5, 'rho': 0.1, 'tikh': 0.001, 'option': 3, 'N_train': 20000, 'out_dim': 3, 'Normalization': 1}. Best is trial 144 with value: 0.32942975461483004.
[I 2025-11-20 22:54:40,121] Trial 171 finished with value: 0.2815542325377464 and parameters: {'n_units': 1000, 'alpha': 0.30000000000000004, 'sigma_in': 0.4, 'rho': 0.1, 'tikh': 0.1, 'option': 3, 'N_train': 20000, 'out_dim': 3, 'Normalization': 1}. Best is trial 171 with value: 0.2815542325377464.
[I 2025-11-20 22:57:03,785] Trial 172 finished with value: 0.3215691700577736 and parameters: {'n_units': 1000, 'alpha': 0.2, 'sigma_in': 0.4, 'rho': 0.1, 'tikh': 0.1, 'option': 3, 'N_train': 20000, 'out_dim': 3, 'Normalization': 1}. Best is trial 171 with value: 0.2815542325377464.
[I 2025-11-20 23:01:38,498] Trial 173 finished with value: 0.5104767635464669 and parameters: {'n_units': 1000, 'alpha': 0.30000000000000004, 'sigma_in': 0.4, 'rho': 0.1, 'tikh': 0.1, 'option': 3, 'N_train': 20000, 'out_dim': 3, 'Normalization': 1}. Best is trial 171 with value: 0.2815542325377464.
[I 2025-11-20 23:03:34,908] Trial 174 finished with value: 1.3188267439603805 and parameters: {'n_units': 1000, 'alpha': 0.2, 'sigma_in': 0.4, 'rho': 0.1, 'tikh': 0.1, 'option': 3, 'N_train': 20000, 'out_dim': 3, 'Normalization': 1}. Best is trial 171 with value: 0.2815542325377464.
[I 2025-11-20 23:05:58,689] Trial 175 finished with value: 0.5191307410597801 and parameters: {'n_units': 1000, 'alpha': 0.30000000000000004, 'sigma_in': 0.4, 'rho': 0.1, 'tikh': 0.1, 'option': 3, 'N_train': 20000, 'out_dim': 3, 'Normalization': 1}. Best is trial 171 with value: 0.2815542325377464.
[I 2025-11-20 23:09:26,458] Trial 176 finished with value: 0.7507073655724525 and parameters: {'n_units': 1000, 'alpha': 0.1, 'sigma_in': 0.4, 'rho': 0.1, 'tikh': 0.1, 'option': 3, 'N_train': 20000, 'out_dim': 3, 'Normalization': 1}. Best is trial 171 with value: 0.2815542325377464.
[I 2025-11-20 23:13:09,891] Trial 177 finished with value: 0.4395981699228287 and parameters: {'n_units': 1000, 'alpha': 0.2, 'sigma_in': 0.4, 'rho': 0.1, 'tikh': 0.1, 'option': 3, 'N_train': 20000, 'out_dim': 3, 'Normalization': 1}. Best is trial 171 with value: 0.2815542325377464.
[I 2025-11-20 23:16:29,816] Trial 178 finished with value: 925.5717412471771 and parameters: {'n_units': 1000, 'alpha': 0.2, 'sigma_in': 0.4, 'rho': 0.1, 'tikh': 1e-08, 'option': 3, 'N_train': 20000, 'out_dim': 3, 'Normalization': 1}. Best is trial 171 with value: 0.2815542325377464.
[I 2025-11-20 23:17:56,758] Trial 179 finished with value: 3266.2869732022286 and parameters: {'n_units': 1000, 'alpha': 0.2, 'sigma_in': 0.5, 'rho': 0.1, 'tikh': 1e-09, 'option': 3, 'N_train': 20000, 'out_dim': 3, 'Normalization': 1}. Best is trial 171 with value: 0.2815542325377464.
[I 2025-11-20 23:23:09,338] Trial 180 finished with value: 20.316127133369445 and parameters: {'n_units': 2000, 'alpha': 0.30000000000000004, 'sigma_in': 0.4, 'rho': 0.1, 'tikh': 1e-07, 'option': 3, 'N_train': 20000, 'out_dim': 3, 'Normalization': 1}. Best is trial 171 with value: 0.2815542325377464.
[I 2025-11-20 23:24:22,693] Trial 181 finished with value: 0.5794643059372901 and parameters: {'n_units': 1000, 'alpha': 0.30000000000000004, 'sigma_in': 0.4, 'rho': 0.1, 'tikh': 0.1, 'option': 3, 'N_train': 20000, 'out_dim': 3, 'Normalization': 1}. Best is trial 171 with value: 0.2815542325377464.
[I 2025-11-20 23:25:36,391] Trial 182 finished with value: 1.5020461201667785 and parameters: {'n_units': 1000, 'alpha': 0.2, 'sigma_in': 0.4, 'rho': 0.1, 'tikh': 0.1, 'option': 3, 'N_train': 20000, 'out_dim': 3, 'Normalization': 1}. Best is trial 171 with value: 0.2815542325377464.
[I 2025-11-20 23:27:07,399] Trial 183 finished with value: 0.5890139788389206 and parameters: {'n_units': 1000, 'alpha': 0.30000000000000004, 'sigma_in': 0.4, 'rho': 0.1, 'tikh': 0.1, 'option': 3, 'N_train': 20000, 'out_dim': 3, 'Normalization': 1}. Best is trial 171 with value: 0.2815542325377464.
[I 2025-11-20 23:28:02,829] Trial 184 finished with value: 1.1838420242071153 and parameters: {'n_units': 1000, 'alpha': 0.2, 'sigma_in': 0.4, 'rho': 0.1, 'tikh': 0.1, 'option': 3, 'N_train': 20000, 'out_dim': 3, 'Normalization': 1}. Best is trial 171 with value: 0.2815542325377464.
[I 2025-11-20 23:28:56,368] Trial 185 finished with value: 0.4795594274997711 and parameters: {'n_units': 1000, 'alpha': 0.30000000000000004, 'sigma_in': 0.4, 'rho': 0.1, 'tikh': 0.1, 'option': 3, 'N_train': 20000, 'out_dim': 3, 'Normalization': 1}. Best is trial 171 with value: 0.2815542325377464.
[I 2025-11-20 23:29:50,467] Trial 186 finished with value: 0.6299617558717727 and parameters: {'n_units': 1000, 'alpha': 0.30000000000000004, 'sigma_in': 0.4, 'rho': 0.1, 'tikh': 0.1, 'option': 3, 'N_train': 20000, 'out_dim': 3, 'Normalization': 1}. Best is trial 171 with value: 0.2815542325377464.
[I 2025-11-20 23:30:41,705] Trial 187 finished with value: 27.54752770662308 and parameters: {'n_units': 1000, 'alpha': 0.1, 'sigma_in': 0.5, 'rho': 0.1, 'tikh': 0.01, 'option': 3, 'N_train': 20000, 'out_dim': 3, 'Normalization': 1}. Best is trial 171 with value: 0.2815542325377464.
[I 2025-11-20 23:31:53,839] Trial 188 finished with value: 0.32379744201898575 and parameters: {'n_units': 1000, 'alpha': 0.30000000000000004, 'sigma_in': 0.4, 'rho': 0.1, 'tikh': 0.1, 'option': 3, 'N_train': 20000, 'out_dim': 3, 'Normalization': 1}. Best is trial 171 with value: 0.2815542325377464.
[I 2025-11-20 23:33:23,901] Trial 189 finished with value: 0.6788351878523826 and parameters: {'n_units': 1000, 'alpha': 0.2, 'sigma_in': 0.4, 'rho': 0.1, 'tikh': 0.1, 'option': 3, 'N_train': 20000, 'out_dim': 3, 'Normalization': 1}. Best is trial 171 with value: 0.2815542325377464.
[I 2025-11-20 23:34:49,745] Trial 190 finished with value: 0.6646859914064407 and parameters: {'n_units': 1000, 'alpha': 0.30000000000000004, 'sigma_in': 0.4, 'rho': 0.1, 'tikh': 0.1, 'option': 3, 'N_train': 20000, 'out_dim': 3, 'Normalization': 1}. Best is trial 171 with value: 0.2815542325377464.
[I 2025-11-20 23:36:09,681] Trial 191 finished with value: 0.6223656386137009 and parameters: {'n_units': 1000, 'alpha': 0.30000000000000004, 'sigma_in': 0.4, 'rho': 0.1, 'tikh': 0.1, 'option': 3, 'N_train': 20000, 'out_dim': 3, 'Normalization': 1}. Best is trial 171 with value: 0.2815542325377464.
[I 2025-11-20 23:37:24,370] Trial 192 finished with value: 0.31630969196558 and parameters: {'n_units': 1000, 'alpha': 0.30000000000000004, 'sigma_in': 0.4, 'rho': 0.1, 'tikh': 0.1, 'option': 3, 'N_train': 20000, 'out_dim': 3, 'Normalization': 1}. Best is trial 171 with value: 0.2815542325377464.
[I 2025-11-20 23:38:35,394] Trial 193 finished with value: 0.33403192162513734 and parameters: {'n_units': 1000, 'alpha': 0.30000000000000004, 'sigma_in': 0.4, 'rho': 0.1, 'tikh': 0.1, 'option': 3, 'N_train': 20000, 'out_dim': 3, 'Normalization': 1}. Best is trial 171 with value: 0.2815542325377464.
[I 2025-11-20 23:39:34,391] Trial 194 finished with value: 1.6211275897920132 and parameters: {'n_units': 1000, 'alpha': 0.30000000000000004, 'sigma_in': 0.5, 'rho': 0.1, 'tikh': 0.1, 'option': 3, 'N_train': 20000, 'out_dim': 3, 'Normalization': 1}. Best is trial 171 with value: 0.2815542325377464.
[I 2025-11-20 23:41:03,854] Trial 195 finished with value: 0.5560684949159622 and parameters: {'n_units': 1000, 'alpha': 0.4, 'sigma_in': 0.4, 'rho': 0.1, 'tikh': 0.1, 'option': 3, 'N_train': 20000, 'out_dim': 3, 'Normalization': 1}. Best is trial 171 with value: 0.2815542325377464.
[I 2025-11-20 23:42:28,910] Trial 196 finished with value: 193.79268262982367 and parameters: {'n_units': 1000, 'alpha': 0.30000000000000004, 'sigma_in': 0.4, 'rho': 0.1, 'tikh': 1e-10, 'option': 3, 'N_train': 20000, 'out_dim': 3, 'Normalization': 1}. Best is trial 171 with value: 0.2815542325377464.
[I 2025-11-20 23:43:22,049] Trial 197 finished with value: 1.5432482838630677 and parameters: {'n_units': 1000, 'alpha': 0.2, 'sigma_in': 0.4, 'rho': 0.1, 'tikh': 0.1, 'option': 3, 'N_train': 20000, 'out_dim': 3, 'Normalization': 1}. Best is trial 171 with value: 0.2815542325377464.
[I 2025-11-20 23:44:43,158] Trial 198 finished with value: 14.273313975334167 and parameters: {'n_units': 2000, 'alpha': 0.4, 'sigma_in': 0.4, 'rho': 0.1, 'tikh': 0.1, 'option': 3, 'N_train': 20000, 'out_dim': 3, 'Normalization': 1}. Best is trial 171 with value: 0.2815542325377464.
[I 2025-11-20 23:45:31,986] Trial 199 finished with value: 11.320120096206665 and parameters: {'n_units': 1000, 'alpha': 0.4, 'sigma_in': 0.4, 'rho': 0.1, 'tikh': 1e-05, 'option': 3, 'N_train': 20000, 'out_dim': 3, 'Normalization': 1}. Best is trial 171 with value: 0.2815542325377464.
[I 2025-11-20 23:46:27,296] Trial 200 finished with value: 0.6362559929490089 and parameters: {'n_units': 1000, 'alpha': 0.30000000000000004, 'sigma_in': 0.4, 'rho': 0.1, 'tikh': 0.1, 'option': 3, 'N_train': 20000, 'out_dim': 3, 'Normalization': 1}. Best is trial 171 with value: 0.2815542325377464.
[I 2025-11-20 23:47:17,366] Trial 201 finished with value: 0.3336579531431198 and parameters: {'n_units': 1000, 'alpha': 0.30000000000000004, 'sigma_in': 0.4, 'rho': 0.1, 'tikh': 0.1, 'option': 3, 'N_train': 20000, 'out_dim': 3, 'Normalization': 1}. Best is trial 171 with value: 0.2815542325377464.
[I 2025-11-20 23:48:10,896] Trial 202 finished with value: 0.6002675145864487 and parameters: {'n_units': 1000, 'alpha': 0.30000000000000004, 'sigma_in': 0.4, 'rho': 0.1, 'tikh': 0.1, 'option': 3, 'N_train': 20000, 'out_dim': 3, 'Normalization': 1}. Best is trial 171 with value: 0.2815542325377464.
[I 2025-11-20 23:49:36,237] Trial 203 finished with value: 0.6152476400136948 and parameters: {'n_units': 1000, 'alpha': 0.30000000000000004, 'sigma_in': 0.4, 'rho': 0.1, 'tikh': 0.1, 'option': 3, 'N_train': 20000, 'out_dim': 3, 'Normalization': 1}. Best is trial 171 with value: 0.2815542325377464.
[I 2025-11-20 23:50:35,462] Trial 204 finished with value: 0.6110121667385101 and parameters: {'n_units': 1000, 'alpha': 0.4, 'sigma_in': 0.4, 'rho': 0.1, 'tikh': 0.1, 'option': 3, 'N_train': 20000, 'out_dim': 3, 'Normalization': 1}. Best is trial 171 with value: 0.2815542325377464.
[I 2025-11-20 23:51:28,752] Trial 205 finished with value: 0.3903887689113617 and parameters: {'n_units': 1000, 'alpha': 0.4, 'sigma_in': 0.4, 'rho': 0.1, 'tikh': 0.1, 'option': 3, 'N_train': 20000, 'out_dim': 3, 'Normalization': 1}. Best is trial 171 with value: 0.2815542325377464.
[I 2025-11-20 23:52:24,956] Trial 206 finished with value: 0.4656233012676239 and parameters: {'n_units': 1000, 'alpha': 0.4, 'sigma_in': 0.4, 'rho': 0.1, 'tikh': 0.1, 'option': 3, 'N_train': 20000, 'out_dim': 3, 'Normalization': 1}. Best is trial 171 with value: 0.2815542325377464.
[I 2025-11-20 23:53:19,088] Trial 207 finished with value: 2.1954505514353513 and parameters: {'n_units': 1000, 'alpha': 0.4, 'sigma_in': 0.5, 'rho': 0.1, 'tikh': 0.1, 'option': 3, 'N_train': 20000, 'out_dim': 3, 'Normalization': 1}. Best is trial 171 with value: 0.2815542325377464.
[I 2025-11-20 23:54:24,633] Trial 208 finished with value: 0.6829997211694717 and parameters: {'n_units': 1000, 'alpha': 0.4, 'sigma_in': 0.4, 'rho': 0.1, 'tikh': 0.1, 'option': 3, 'N_train': 20000, 'out_dim': 3, 'Normalization': 1}. Best is trial 171 with value: 0.2815542325377464.
[I 2025-11-20 23:55:20,973] Trial 209 finished with value: 0.5594587221741676 and parameters: {'n_units': 1000, 'alpha': 0.4, 'sigma_in': 0.4, 'rho': 0.1, 'tikh': 0.1, 'option': 3, 'N_train': 20000, 'out_dim': 3, 'Normalization': 1}. Best is trial 171 with value: 0.2815542325377464.
[I 2025-11-20 23:56:32,003] Trial 210 finished with value: 803.4086742401123 and parameters: {'n_units': 1000, 'alpha': 0.4, 'sigma_in': 0.4, 'rho': 0.1, 'tikh': 0.0001, 'option': 3, 'N_train': 20000, 'out_dim': 3, 'Normalization': 1}. Best is trial 171 with value: 0.2815542325377464.
[I 2025-11-20 23:57:24,872] Trial 211 finished with value: 0.5402434080839157 and parameters: {'n_units': 1000, 'alpha': 0.4, 'sigma_in': 0.4, 'rho': 0.1, 'tikh': 0.1, 'option': 3, 'N_train': 20000, 'out_dim': 3, 'Normalization': 1}. Best is trial 171 with value: 0.2815542325377464.
[I 2025-11-20 23:58:43,101] Trial 212 finished with value: 0.409938383102417 and parameters: {'n_units': 1000, 'alpha': 0.4, 'sigma_in': 0.4, 'rho': 0.1, 'tikh': 0.1, 'option': 3, 'N_train': 20000, 'out_dim': 3, 'Normalization': 1}. Best is trial 171 with value: 0.2815542325377464.
[I 2025-11-21 00:00:04,287] Trial 213 finished with value: 0.5034692510962486 and parameters: {'n_units': 1000, 'alpha': 0.4, 'sigma_in': 0.4, 'rho': 0.1, 'tikh': 0.1, 'option': 3, 'N_train': 20000, 'out_dim': 3, 'Normalization': 1}. Best is trial 171 with value: 0.2815542325377464.
[I 2025-11-21 00:01:11,866] Trial 214 finished with value: 0.5794927924871445 and parameters: {'n_units': 1000, 'alpha': 0.4, 'sigma_in': 0.4, 'rho': 0.1, 'tikh': 0.1, 'option': 3, 'N_train': 20000, 'out_dim': 3, 'Normalization': 1}. Best is trial 171 with value: 0.2815542325377464.
[I 2025-11-21 00:02:03,595] Trial 215 finished with value: 0.37714734971523284 and parameters: {'n_units': 1000, 'alpha': 0.4, 'sigma_in': 0.4, 'rho': 0.1, 'tikh': 0.1, 'option': 3, 'N_train': 20000, 'out_dim': 3, 'Normalization': 1}. Best is trial 171 with value: 0.2815542325377464.
[I 2025-11-21 00:02:54,363] Trial 216 finished with value: 73.44511938095093 and parameters: {'n_units': 1000, 'alpha': 0.4, 'sigma_in': 0.4, 'rho': 0.1, 'tikh': 1e-06, 'option': 3, 'N_train': 20000, 'out_dim': 3, 'Normalization': 1}. Best is trial 171 with value: 0.2815542325377464.
[I 2025-11-21 00:03:45,495] Trial 217 finished with value: 0.391958025097847 and parameters: {'n_units': 1000, 'alpha': 0.4, 'sigma_in': 0.4, 'rho': 0.1, 'tikh': 0.1, 'option': 3, 'N_train': 20000, 'out_dim': 3, 'Normalization': 1}. Best is trial 171 with value: 0.2815542325377464.
[I 2025-11-21 00:04:37,442] Trial 218 finished with value: 0.7591969817876816 and parameters: {'n_units': 1000, 'alpha': 0.4, 'sigma_in': 0.4, 'rho': 0.1, 'tikh': 0.1, 'option': 3, 'N_train': 20000, 'out_dim': 3, 'Normalization': 1}. Best is trial 171 with value: 0.2815542325377464.
[I 2025-11-21 00:05:28,319] Trial 219 finished with value: 0.5545483142137527 and parameters: {'n_units': 1000, 'alpha': 0.4, 'sigma_in': 0.4, 'rho': 0.1, 'tikh': 0.1, 'option': 3, 'N_train': 20000, 'out_dim': 3, 'Normalization': 1}. Best is trial 171 with value: 0.2815542325377464.
[I 2025-11-21 00:06:43,345] Trial 220 finished with value: 31548.499519729616 and parameters: {'n_units': 1000, 'alpha': 0.4, 'sigma_in': 0.5, 'rho': 0.2, 'tikh': 0.001, 'option': 3, 'N_train': 20000, 'out_dim': 3, 'Normalization': 1}. Best is trial 171 with value: 0.2815542325377464.
[I 2025-11-21 00:08:24,167] Trial 221 finished with value: 0.4404716372489929 and parameters: {'n_units': 1000, 'alpha': 0.4, 'sigma_in': 0.4, 'rho': 0.1, 'tikh': 0.1, 'option': 3, 'N_train': 20000, 'out_dim': 3, 'Normalization': 1}. Best is trial 171 with value: 0.2815542325377464.
[I 2025-11-21 00:09:29,681] Trial 222 finished with value: 0.41047316044569016 and parameters: {'n_units': 1000, 'alpha': 0.4, 'sigma_in': 0.4, 'rho': 0.1, 'tikh': 0.1, 'option': 3, 'N_train': 20000, 'out_dim': 3, 'Normalization': 1}. Best is trial 171 with value: 0.2815542325377464.
[I 2025-11-21 00:10:45,391] Trial 223 finished with value: 0.5046355217695236 and parameters: {'n_units': 1000, 'alpha': 0.4, 'sigma_in': 0.4, 'rho': 0.1, 'tikh': 0.1, 'option': 3, 'N_train': 20000, 'out_dim': 3, 'Normalization': 1}. Best is trial 171 with value: 0.2815542325377464.
