[I 2025-11-20 23:47:08,036] Trial 200 finished with value: 0.00041380457259947433 and parameters: {'n_units': 1000, 'alpha': 0.8, 'sigma_in': 0.30000000000000004, 'rho': 0.1, 'tikh': 0.1, 'option': 3, 'Normalization': 1}. Best is trial 197 with value: 0.00016216149961110205.
[I 2025-11-20 23:47:45,692] Trial 188 finished with value: 0.6567409491937723 and parameters: {'n_units': 1000, 'alpha': 1.0, 'sigma_in': 0.5, 'rho': 0.5, 'tikh': 0.1, 'option': 3, 'Normalization': 1}. Best is trial 40 with value: 0.0005719184021472756.
[I 2025-11-20 23:47:57,494] Trial 201 finished with value: 0.0002329249069589423 and parameters: {'n_units': 1000, 'alpha': 0.8, 'sigma_in': 0.30000000000000004, 'rho': 0.1, 'tikh': 0.1, 'option': 3, 'Normalization': 1}. Best is trial 197 with value: 0.00016216149961110205.
[I 2025-11-20 23:48:33,513] Trial 189 finished with value: 0.002722697516946937 and parameters: {'n_units': 1000, 'alpha': 1.0, 'sigma_in': 0.5, 'rho': 0.5, 'tikh': 0.1, 'option': 3, 'Normalization': 1}. Best is trial 40 with value: 0.0005719184021472756.
[I 2025-11-20 23:48:47,202] Trial 202 finished with value: 0.00030445499360212127 and parameters: {'n_units': 1000, 'alpha': 0.8, 'sigma_in': 0.30000000000000004, 'rho': 0.1, 'tikh': 0.1, 'option': 3, 'Normalization': 1}. Best is trial 197 with value: 0.00016216149961110205.
[I 2025-11-20 23:49:58,811] Trial 190 finished with value: 0.009244447009405122 and parameters: {'n_units': 1000, 'alpha': 0.9, 'sigma_in': 0.4, 'rho': 0.5, 'tikh': 0.1, 'option': 3, 'Normalization': 1}. Best is trial 40 with value: 0.0005719184021472756.
[I 2025-11-20 23:50:16,102] Trial 203 finished with value: 0.00019364266372576822 and parameters: {'n_units': 1000, 'alpha': 0.8, 'sigma_in': 0.30000000000000004, 'rho': 0.1, 'tikh': 0.1, 'option': 3, 'Normalization': 1}. Best is trial 197 with value: 0.00016216149961110205.
[I 2025-11-20 23:50:48,418] Trial 191 finished with value: 0.0018689031305257231 and parameters: {'n_units': 1000, 'alpha': 1.0, 'sigma_in': 0.5, 'rho': 0.5, 'tikh': 0.1, 'option': 3, 'Normalization': 1}. Best is trial 40 with value: 0.0005719184021472756.
[I 2025-11-20 23:51:11,284] Trial 204 finished with value: 0.00021605493579954783 and parameters: {'n_units': 1000, 'alpha': 0.8, 'sigma_in': 0.30000000000000004, 'rho': 0.1, 'tikh': 0.1, 'option': 3, 'Normalization': 1}. Best is trial 197 with value: 0.00016216149961110205.
[I 2025-11-20 23:51:37,305] Trial 192 finished with value: 0.0025935741316061465 and parameters: {'n_units': 1000, 'alpha': 1.0, 'sigma_in': 0.5, 'rho': 0.5, 'tikh': 0.1, 'option': 3, 'Normalization': 1}. Best is trial 40 with value: 0.0005719184021472756.
[I 2025-11-20 23:52:04,709] Trial 205 finished with value: 0.16613928973674774 and parameters: {'n_units': 1000, 'alpha': 0.8, 'sigma_in': 0.30000000000000004, 'rho': 0.1, 'tikh': 0.1, 'option': 5, 'Normalization': 1}. Best is trial 197 with value: 0.00016216149961110205.
[I 2025-11-20 23:52:33,045] Trial 193 finished with value: 0.002278319012839347 and parameters: {'n_units': 1000, 'alpha': 1.0, 'sigma_in': 0.5, 'rho': 0.5, 'tikh': 0.1, 'option': 3, 'Normalization': 1}. Best is trial 40 with value: 0.0005719184021472756.
[I 2025-11-20 23:52:58,891] Trial 206 finished with value: 0.00019366827445992384 and parameters: {'n_units': 1000, 'alpha': 0.8, 'sigma_in': 0.30000000000000004, 'rho': 0.1, 'tikh': 0.1, 'option': 3, 'Normalization': 1}. Best is trial 197 with value: 0.00016216149961110205.
[I 2025-11-20 23:53:19,640] Trial 194 finished with value: 0.0017307134257862344 and parameters: {'n_units': 1000, 'alpha': 1.0, 'sigma_in': 0.5, 'rho': 0.5, 'tikh': 0.1, 'option': 3, 'Normalization': 1}. Best is trial 40 with value: 0.0005719184021472756.
[I 2025-11-20 23:54:01,367] Trial 207 finished with value: 0.00014633125620093778 and parameters: {'n_units': 1000, 'alpha': 0.8, 'sigma_in': 0.30000000000000004, 'rho': 0.1, 'tikh': 0.1, 'option': 3, 'Normalization': 1}. Best is trial 207 with value: 0.00014633125620093778.
[I 2025-11-20 23:54:19,699] Trial 195 finished with value: 0.005496061078156344 and parameters: {'n_units': 1000, 'alpha': 1.0, 'sigma_in': 0.5, 'rho': 0.5, 'tikh': 0.1, 'option': 3, 'Normalization': 1}. Best is trial 40 with value: 0.0005719184021472756.
[I 2025-11-20 23:54:49,892] Trial 208 finished with value: 0.0005755143386522831 and parameters: {'n_units': 1000, 'alpha': 0.8, 'sigma_in': 0.4, 'rho': 0.1, 'tikh': 0.1, 'option': 3, 'Normalization': 1}. Best is trial 207 with value: 0.00014633125620093778.
[I 2025-11-20 23:55:05,562] Trial 196 finished with value: 0.004630732004443416 and parameters: {'n_units': 1000, 'alpha': 1.0, 'sigma_in': 0.5, 'rho': 0.5, 'tikh': 0.1, 'option': 3, 'Normalization': 1}. Best is trial 40 with value: 0.0005719184021472756.
[I 2025-11-20 23:55:44,152] Trial 209 finished with value: 0.0003568060295719988 and parameters: {'n_units': 1000, 'alpha': 0.8, 'sigma_in': 0.30000000000000004, 'rho': 0.1, 'tikh': 0.1, 'option': 3, 'Normalization': 1}. Best is trial 207 with value: 0.00014633125620093778.
[I 2025-11-20 23:56:13,638] Trial 197 finished with value: 0.08827379398717312 and parameters: {'n_units': 1000, 'alpha': 1.0, 'sigma_in': 0.5, 'rho': 0.6, 'tikh': 0.1, 'option': 3, 'Normalization': 1}. Best is trial 40 with value: 0.0005719184021472756.
[I 2025-11-20 23:56:50,517] Trial 210 finished with value: 27.747391407191753 and parameters: {'n_units': 1000, 'alpha': 0.8, 'sigma_in': 0.30000000000000004, 'rho': 0.1, 'tikh': 0.01, 'option': 3, 'Normalization': 1}. Best is trial 207 with value: 0.00014633125620093778.
[I 2025-11-20 23:56:59,674] Trial 198 finished with value: 1028.6090986251832 and parameters: {'n_units': 1000, 'alpha': 1.0, 'sigma_in': 0.5, 'rho': 0.5, 'tikh': 0.01, 'option': 3, 'Normalization': 1}. Best is trial 40 with value: 0.0005719184021472756.
[I 2025-11-20 23:58:05,916] Trial 211 finished with value: 0.0005219742903136648 and parameters: {'n_units': 1000, 'alpha': 0.8, 'sigma_in': 0.30000000000000004, 'rho': 0.1, 'tikh': 0.1, 'option': 3, 'Normalization': 1}. Best is trial 207 with value: 0.00014633125620093778.
[I 2025-11-20 23:58:16,525] Trial 199 finished with value: 0.002891176997218281 and parameters: {'n_units': 1000, 'alpha': 1.0, 'sigma_in': 0.5, 'rho': 0.5, 'tikh': 0.1, 'option': 3, 'Normalization': 1}. Best is trial 40 with value: 0.0005719184021472756.
[I 2025-11-20 23:58:57,560] Trial 212 finished with value: 0.00032276353740599004 and parameters: {'n_units': 1000, 'alpha': 0.8, 'sigma_in': 0.30000000000000004, 'rho': 0.1, 'tikh': 0.1, 'option': 3, 'Normalization': 1}. Best is trial 207 with value: 0.00014633125620093778.
[I 2025-11-20 23:59:07,445] Trial 200 finished with value: 113.39092243225313 and parameters: {'n_units': 1000, 'alpha': 1.0, 'sigma_in': 0.6, 'rho': 0.5, 'tikh': 0.1, 'option': 3, 'Normalization': 1}. Best is trial 40 with value: 0.0005719184021472756.
[I 2025-11-21 00:00:13,035] Trial 213 finished with value: 0.21335573643445968 and parameters: {'n_units': 1000, 'alpha': 0.8, 'sigma_in': 0.1, 'rho': 0.1, 'tikh': 0.1, 'option': 3, 'Normalization': 1}. Best is trial 207 with value: 0.00014633125620093778.
[I 2025-11-21 00:00:14,908] Trial 201 finished with value: 0.004497010994236916 and parameters: {'n_units': 1000, 'alpha': 1.0, 'sigma_in': 0.5, 'rho': 0.5, 'tikh': 0.1, 'option': 3, 'Normalization': 1}. Best is trial 40 with value: 0.0005719184021472756.
[I 2025-11-21 00:01:15,022] Trial 202 finished with value: 0.002631339771687635 and parameters: {'n_units': 1000, 'alpha': 1.0, 'sigma_in': 0.5, 'rho': 0.5, 'tikh': 0.1, 'option': 3, 'Normalization': 1}. Best is trial 40 with value: 0.0005719184021472756.
[I 2025-11-21 00:01:16,059] Trial 214 finished with value: 0.00027246990357525646 and parameters: {'n_units': 1000, 'alpha': 0.8, 'sigma_in': 0.30000000000000004, 'rho': 0.1, 'tikh': 0.1, 'option': 3, 'Normalization': 1}. Best is trial 207 with value: 0.00014633125620093778.
[I 2025-11-21 00:02:01,159] Trial 203 finished with value: 0.0023098524050510607 and parameters: {'n_units': 1000, 'alpha': 1.0, 'sigma_in': 0.5, 'rho': 0.5, 'tikh': 0.1, 'option': 3, 'Normalization': 1}. Best is trial 40 with value: 0.0005719184021472756.
[I 2025-11-21 00:02:04,984] Trial 215 finished with value: 0.00038151083572302014 and parameters: {'n_units': 1000, 'alpha': 0.8, 'sigma_in': 0.30000000000000004, 'rho': 0.1, 'tikh': 0.1, 'option': 3, 'Normalization': 1}. Best is trial 207 with value: 0.00014633125620093778.
[I 2025-11-21 00:02:48,033] Trial 204 finished with value: 0.5920670168379729 and parameters: {'n_units': 1000, 'alpha': 1.0, 'sigma_in': 0.5, 'rho': 0.5, 'tikh': 0.1, 'option': 3, 'Normalization': 1}. Best is trial 40 with value: 0.0005719184021472756.
[I 2025-11-21 00:02:52,968] Trial 216 finished with value: 0.00026694232074078175 and parameters: {'n_units': 1000, 'alpha': 0.8, 'sigma_in': 0.30000000000000004, 'rho': 0.1, 'tikh': 0.1, 'option': 3, 'Normalization': 1}. Best is trial 207 with value: 0.00014633125620093778.
[I 2025-11-21 00:03:34,148] Trial 205 finished with value: 5187.247696113586 and parameters: {'n_units': 1000, 'alpha': 1.0, 'sigma_in': 0.5, 'rho': 0.5, 'tikh': 0.1, 'option': 5, 'Normalization': 1}. Best is trial 40 with value: 0.0005719184021472756.
[I 2025-11-21 00:03:40,449] Trial 217 finished with value: 0.00025153764290735124 and parameters: {'n_units': 1000, 'alpha': 0.8, 'sigma_in': 0.30000000000000004, 'rho': 0.1, 'tikh': 0.1, 'option': 3, 'Normalization': 1}. Best is trial 207 with value: 0.00014633125620093778.
[I 2025-11-21 00:04:21,445] Trial 206 finished with value: 0.33093434252396037 and parameters: {'n_units': 1000, 'alpha': 1.0, 'sigma_in': 0.5, 'rho': 0.6, 'tikh': 0.1, 'option': 3, 'Normalization': 1}. Best is trial 40 with value: 0.0005719184021472756.
[I 2025-11-21 00:04:29,672] Trial 218 finished with value: 0.0002070518088657991 and parameters: {'n_units': 1000, 'alpha': 0.8, 'sigma_in': 0.30000000000000004, 'rho': 0.1, 'tikh': 0.1, 'option': 3, 'Normalization': 1}. Best is trial 207 with value: 0.00014633125620093778.
[I 2025-11-21 00:05:06,724] Trial 207 finished with value: 0.002596878922486212 and parameters: {'n_units': 1000, 'alpha': 1.0, 'sigma_in': 0.5, 'rho': 0.5, 'tikh': 0.1, 'option': 3, 'Normalization': 1}. Best is trial 40 with value: 0.0005719184021472756.
[I 2025-11-21 00:05:19,276] Trial 219 finished with value: 0.0007594199065351859 and parameters: {'n_units': 1000, 'alpha': 0.8, 'sigma_in': 0.30000000000000004, 'rho': 0.1, 'tikh': 0.1, 'option': 3, 'Normalization': 1}. Best is trial 207 with value: 0.00014633125620093778.
[I 2025-11-21 00:05:55,798] Trial 208 finished with value: 189826.42835998535 and parameters: {'n_units': 1000, 'alpha': 1.0, 'sigma_in': 0.5, 'rho': 0.5, 'tikh': 1e-05, 'option': 3, 'Normalization': 1}. Best is trial 40 with value: 0.0005719184021472756.
[I 2025-11-21 00:06:10,501] Trial 220 finished with value: 0.00029536494603235044 and parameters: {'n_units': 1000, 'alpha': 0.8, 'sigma_in': 0.30000000000000004, 'rho': 0.1, 'tikh': 0.1, 'option': 3, 'Normalization': 1}. Best is trial 207 with value: 0.00014633125620093778.
[I 2025-11-21 00:08:11,360] Trial 221 finished with value: 0.00033224456437892514 and parameters: {'n_units': 1000, 'alpha': 0.8, 'sigma_in': 0.30000000000000004, 'rho': 0.1, 'tikh': 0.1, 'option': 3, 'Normalization': 1}. Best is trial 207 with value: 0.00014633125620093778.
[I 2025-11-21 00:08:36,695] Trial 209 finished with value: 2265.017879867554 and parameters: {'n_units': 3000, 'alpha': 1.0, 'sigma_in': 0.5, 'rho': 0.4, 'tikh': 0.1, 'option': 3, 'Normalization': 1}. Best is trial 40 with value: 0.0005719184021472756.
[I 2025-11-21 00:09:02,287] Trial 222 finished with value: 0.00030153132634040957 and parameters: {'n_units': 1000, 'alpha': 0.8, 'sigma_in': 0.30000000000000004, 'rho': 0.1, 'tikh': 0.1, 'option': 3, 'Normalization': 1}. Best is trial 207 with value: 0.00014633125620093778.
[I 2025-11-21 00:09:41,698] Trial 210 finished with value: 0.0026340618496760726 and parameters: {'n_units': 1000, 'alpha': 1.0, 'sigma_in': 0.5, 'rho': 0.1, 'tikh': 0.1, 'option': 3, 'Normalization': 1}. Best is trial 40 with value: 0.0005719184021472756.
[I 2025-11-21 00:10:27,387] Trial 223 finished with value: 0.00040061923757548354 and parameters: {'n_units': 1000, 'alpha': 0.8, 'sigma_in': 0.30000000000000004, 'rho': 0.1, 'tikh': 0.1, 'option': 3, 'Normalization': 1}. Best is trial 207 with value: 0.00014633125620093778.
[I 2025-11-21 00:10:51,819] Trial 211 finished with value: 0.0026797053713380594 and parameters: {'n_units': 1000, 'alpha': 1.0, 'sigma_in': 0.5, 'rho': 0.5, 'tikh': 0.1, 'option': 3, 'Normalization': 1}. Best is trial 40 with value: 0.0005719184021472756.
[I 2025-11-21 00:11:33,370] Trial 224 finished with value: 0.0005386776203522459 and parameters: {'n_units': 1000, 'alpha': 0.8, 'sigma_in': 0.30000000000000004, 'rho': 0.1, 'tikh': 0.1, 'option': 3, 'Normalization': 1}. Best is trial 207 with value: 0.00014633125620093778.
[I 2025-11-21 00:12:12,749] Trial 212 finished with value: 0.0024622536497190596 and parameters: {'n_units': 1000, 'alpha': 1.0, 'sigma_in': 0.5, 'rho': 0.30000000000000004, 'tikh': 0.1, 'option': 3, 'Normalization': 1}. Best is trial 40 with value: 0.0005719184021472756.
[I 2025-11-21 00:12:39,234] Trial 225 finished with value: 0.00013852912506990834 and parameters: {'n_units': 1000, 'alpha': 0.8, 'sigma_in': 0.30000000000000004, 'rho': 0.1, 'tikh': 0.1, 'option': 3, 'Normalization': 1}. Best is trial 225 with value: 0.00013852912506990834.
[I 2025-11-21 00:12:57,822] Trial 213 finished with value: 0.0014035875254194252 and parameters: {'n_units': 1000, 'alpha': 1.0, 'sigma_in': 0.5, 'rho': 0.5, 'tikh': 0.1, 'option': 3, 'Normalization': 1}. Best is trial 40 with value: 0.0005719184021472756.
[I 2025-11-21 00:13:45,328] Trial 214 finished with value: 0.002378047505044378 and parameters: {'n_units': 1000, 'alpha': 1.0, 'sigma_in': 0.5, 'rho': 0.5, 'tikh': 0.1, 'option': 3, 'Normalization': 1}. Best is trial 40 with value: 0.0005719184021472756.
[I 2025-11-21 00:13:52,810] Trial 226 finished with value: 2.9330740532139314 and parameters: {'n_units': 3000, 'alpha': 0.8, 'sigma_in': 0.30000000000000004, 'rho': 0.1, 'tikh': 0.1, 'option': 3, 'Normalization': 1}. Best is trial 225 with value: 0.00013852912506990834.
[I 2025-11-21 00:14:29,994] Trial 215 finished with value: 0.002944980649044737 and parameters: {'n_units': 1000, 'alpha': 1.0, 'sigma_in': 0.5, 'rho': 0.5, 'tikh': 0.1, 'option': 3, 'Normalization': 1}. Best is trial 40 with value: 0.0005719184021472756.
[I 2025-11-21 00:14:41,544] Trial 227 finished with value: 0.0003819427358394023 and parameters: {'n_units': 1000, 'alpha': 0.8, 'sigma_in': 0.30000000000000004, 'rho': 0.1, 'tikh': 0.1, 'option': 3, 'Normalization': 1}. Best is trial 225 with value: 0.00013852912506990834.
[I 2025-11-21 00:15:19,510] Trial 216 finished with value: 0.002952560453559272 and parameters: {'n_units': 1000, 'alpha': 1.0, 'sigma_in': 0.5, 'rho': 0.5, 'tikh': 0.1, 'option': 3, 'Normalization': 1}. Best is trial 40 with value: 0.0005719184021472756.
[I 2025-11-21 00:15:35,786] Trial 228 finished with value: 0.004459887801203877 and parameters: {'n_units': 1000, 'alpha': 0.8, 'sigma_in': 0.2, 'rho': 0.1, 'tikh': 0.1, 'option': 3, 'Normalization': 1}. Best is trial 225 with value: 0.00013852912506990834.
[I 2025-11-21 00:16:12,716] Trial 217 finished with value: 8682.205672454835 and parameters: {'n_units': 1000, 'alpha': 0.2, 'sigma_in': 0.5, 'rho': 0.5, 'tikh': 0.0001, 'option': 3, 'Normalization': 1}. Best is trial 40 with value: 0.0005719184021472756.
[I 2025-11-21 00:16:28,407] Trial 229 finished with value: 2679.5322258472443 and parameters: {'n_units': 1000, 'alpha': 0.8, 'sigma_in': 0.30000000000000004, 'rho': 0.1, 'tikh': 1e-05, 'option': 3, 'Normalization': 1}. Best is trial 225 with value: 0.00013852912506990834.
[I 2025-11-21 00:16:59,204] Trial 218 finished with value: 1289.8195523088914 and parameters: {'n_units': 1000, 'alpha': 0.9, 'sigma_in': 0.5, 'rho': 0.5, 'tikh': 0.1, 'option': 4, 'Normalization': 1}. Best is trial 40 with value: 0.0005719184021472756.
[I 2025-11-21 00:17:19,056] Trial 230 finished with value: 0.00036876980630040634 and parameters: {'n_units': 1000, 'alpha': 0.8, 'sigma_in': 0.30000000000000004, 'rho': 0.1, 'tikh': 0.1, 'option': 3, 'Normalization': 1}. Best is trial 225 with value: 0.00013852912506990834.
[I 2025-11-21 00:17:57,265] Trial 219 finished with value: 0.0027708967376383954 and parameters: {'n_units': 1000, 'alpha': 1.0, 'sigma_in': 0.5, 'rho': 0.5, 'tikh': 0.1, 'option': 3, 'Normalization': 1}. Best is trial 40 with value: 0.0005719184021472756.
[I 2025-11-21 00:18:16,166] Trial 231 finished with value: 0.00037545162231253924 and parameters: {'n_units': 1000, 'alpha': 0.8, 'sigma_in': 0.30000000000000004, 'rho': 0.1, 'tikh': 0.1, 'option': 3, 'Normalization': 1}. Best is trial 225 with value: 0.00013852912506990834.
[I 2025-11-21 00:18:41,670] Trial 220 finished with value: 590.1208387543869 and parameters: {'n_units': 1000, 'alpha': 1.0, 'sigma_in': 0.6, 'rho': 0.5, 'tikh': 0.1, 'option': 3, 'Normalization': 1}. Best is trial 40 with value: 0.0005719184021472756.
[I 2025-11-21 00:19:03,237] Trial 232 finished with value: 0.00036549061496771174 and parameters: {'n_units': 1000, 'alpha': 0.8, 'sigma_in': 0.30000000000000004, 'rho': 0.1, 'tikh': 0.1, 'option': 3, 'Normalization': 1}. Best is trial 225 with value: 0.00013852912506990834.
[I 2025-11-21 00:19:26,877] Trial 221 finished with value: 0.002415603096596897 and parameters: {'n_units': 1000, 'alpha': 1.0, 'sigma_in': 0.5, 'rho': 0.30000000000000004, 'tikh': 0.1, 'option': 3, 'Normalization': 1}. Best is trial 40 with value: 0.0005719184021472756.
[I 2025-11-21 00:19:54,046] Trial 233 finished with value: 0.0003740288957487792 and parameters: {'n_units': 1000, 'alpha': 0.8, 'sigma_in': 0.30000000000000004, 'rho': 0.1, 'tikh': 0.1, 'option': 3, 'Normalization': 1}. Best is trial 225 with value: 0.00013852912506990834.
[I 2025-11-21 00:20:13,987] Trial 222 finished with value: 0.022429585867212155 and parameters: {'n_units': 1000, 'alpha': 1.0, 'sigma_in': 0.5, 'rho': 0.5, 'tikh': 0.1, 'option': 3, 'Normalization': 1}. Best is trial 40 with value: 0.0005719184021472756.
[I 2025-11-21 00:20:40,033] Trial 234 finished with value: 0.0006045249576345669 and parameters: {'n_units': 1000, 'alpha': 0.8, 'sigma_in': 0.30000000000000004, 'rho': 0.1, 'tikh': 0.1, 'option': 3, 'Normalization': 1}. Best is trial 225 with value: 0.00013852912506990834.
[I 2025-11-21 00:20:59,245] Trial 223 finished with value: 0.002415665570151759 and parameters: {'n_units': 1000, 'alpha': 1.0, 'sigma_in': 0.5, 'rho': 0.5, 'tikh': 0.1, 'option': 3, 'Normalization': 1}. Best is trial 40 with value: 0.0005719184021472756.
[I 2025-11-21 00:21:30,026] Trial 235 finished with value: 0.00023642578635190147 and parameters: {'n_units': 1000, 'alpha': 0.8, 'sigma_in': 0.30000000000000004, 'rho': 0.1, 'tikh': 0.1, 'option': 3, 'Normalization': 1}. Best is trial 225 with value: 0.00013852912506990834.
[I 2025-11-21 00:21:45,119] Trial 224 finished with value: 0.001971386742661707 and parameters: {'n_units': 1000, 'alpha': 1.0, 'sigma_in': 0.5, 'rho': 0.30000000000000004, 'tikh': 0.1, 'option': 3, 'Normalization': 1}. Best is trial 40 with value: 0.0005719184021472756.
[I 2025-11-21 00:22:17,954] Trial 236 finished with value: 0.0004752869121148251 and parameters: {'n_units': 1000, 'alpha': 0.8, 'sigma_in': 0.30000000000000004, 'rho': 0.1, 'tikh': 0.1, 'option': 3, 'Normalization': 1}. Best is trial 225 with value: 0.00013852912506990834.
[I 2025-11-21 00:22:30,393] Trial 225 finished with value: 0.002006485708989203 and parameters: {'n_units': 1000, 'alpha': 1.0, 'sigma_in': 0.5, 'rho': 0.4, 'tikh': 0.1, 'option': 3, 'Normalization': 1}. Best is trial 40 with value: 0.0005719184021472756.
[I 2025-11-21 00:23:04,595] Trial 237 finished with value: 0.0002845631526724901 and parameters: {'n_units': 1000, 'alpha': 0.8, 'sigma_in': 0.30000000000000004, 'rho': 0.1, 'tikh': 0.1, 'option': 3, 'Normalization': 1}. Best is trial 225 with value: 0.00013852912506990834.
[I 2025-11-21 00:23:25,065] Trial 226 finished with value: 0.0026837450917810203 and parameters: {'n_units': 1000, 'alpha': 1.0, 'sigma_in': 0.5, 'rho': 0.4, 'tikh': 0.1, 'option': 3, 'Normalization': 1}. Best is trial 40 with value: 0.0005719184021472756.
[I 2025-11-21 00:23:58,384] Trial 238 finished with value: 0.0003804211068199947 and parameters: {'n_units': 1000, 'alpha': 0.8, 'sigma_in': 0.30000000000000004, 'rho': 0.1, 'tikh': 0.1, 'option': 3, 'Normalization': 1}. Best is trial 225 with value: 0.00013852912506990834.
[I 2025-11-21 00:24:11,553] Trial 227 finished with value: 0.0021382333026849663 and parameters: {'n_units': 1000, 'alpha': 1.0, 'sigma_in': 0.5, 'rho': 0.4, 'tikh': 0.1, 'option': 3, 'Normalization': 1}. Best is trial 40 with value: 0.0005719184021472756.
[I 2025-11-21 00:24:50,233] Trial 239 finished with value: 0.21480259336531163 and parameters: {'n_units': 1000, 'alpha': 0.8, 'sigma_in': 0.30000000000000004, 'rho': 0.1, 'tikh': 0.1, 'option': 5, 'Normalization': 1}. Best is trial 225 with value: 0.00013852912506990834.
[I 2025-11-21 00:24:59,750] Trial 228 finished with value: 0.0032464814896229653 and parameters: {'n_units': 1000, 'alpha': 1.0, 'sigma_in': 0.5, 'rho': 0.4, 'tikh': 0.1, 'option': 3, 'Normalization': 1}. Best is trial 40 with value: 0.0005719184021472756.
[I 2025-11-21 00:25:41,070] Trial 240 finished with value: 988.1866453647614 and parameters: {'n_units': 1000, 'alpha': 0.8, 'sigma_in': 0.30000000000000004, 'rho': 0.1, 'tikh': 0.0001, 'option': 3, 'Normalization': 1}. Best is trial 225 with value: 0.00013852912506990834.
