[I 2025-11-21 02:23:20,776] Trial 371 finished with value: 11.76875270055607 and parameters: {'n_units': 1000, 'alpha': 0.30000000000000004, 'sigma_in': 0.4, 'rho': 0.2, 'tikh': 0.1, 'option': 5, 'N_train': 20000, 'out_dim': 3, 'Normalization': 1}. Best is trial 359 with value: 0.1926481807604432.
[I 2025-11-21 02:24:11,245] Trial 372 finished with value: 35.57597537040711 and parameters: {'n_units': 1000, 'alpha': 0.2, 'sigma_in': 0.5, 'rho': 0.1, 'tikh': 1e-07, 'option': 3, 'N_train': 20000, 'out_dim': 3, 'Normalization': 1}. Best is trial 359 with value: 0.1926481807604432.
[I 2025-11-21 02:25:02,367] Trial 373 finished with value: 0.49861722588539126 and parameters: {'n_units': 1000, 'alpha': 0.30000000000000004, 'sigma_in': 0.30000000000000004, 'rho': 0.1, 'tikh': 0.1, 'option': 3, 'N_train': 20000, 'out_dim': 3, 'Normalization': 1}. Best is trial 359 with value: 0.1926481807604432.
[I 2025-11-21 02:25:53,668] Trial 374 finished with value: 1.044795298576355 and parameters: {'n_units': 1000, 'alpha': 0.1, 'sigma_in': 0.4, 'rho': 0.1, 'tikh': 0.1, 'option': 3, 'N_train': 20000, 'out_dim': 3, 'Normalization': 1}. Best is trial 359 with value: 0.1926481807604432.
[I 2025-11-21 02:26:59,107] Trial 375 finished with value: 55.50966222286225 and parameters: {'n_units': 2000, 'alpha': 0.30000000000000004, 'sigma_in': 0.4, 'rho': 0.1, 'tikh': 1e-08, 'option': 3, 'N_train': 20000, 'out_dim': 3, 'Normalization': 1}. Best is trial 359 with value: 0.1926481807604432.
[I 2025-11-21 02:27:50,391] Trial 376 finished with value: 0.9613234676420689 and parameters: {'n_units': 1000, 'alpha': 0.2, 'sigma_in': 0.4, 'rho': 0.1, 'tikh': 0.1, 'option': 3, 'N_train': 20000, 'out_dim': 3, 'Normalization': 1}. Best is trial 359 with value: 0.1926481807604432.
[I 2025-11-21 02:28:42,671] Trial 377 finished with value: 0.32498676180839536 and parameters: {'n_units': 1000, 'alpha': 0.30000000000000004, 'sigma_in': 0.4, 'rho': 0.1, 'tikh': 0.1, 'option': 3, 'N_train': 20000, 'out_dim': 3, 'Normalization': 1}. Best is trial 359 with value: 0.1926481807604432.
[I 2025-11-21 02:29:33,387] Trial 378 finished with value: 225807.16657633783 and parameters: {'n_units': 1000, 'alpha': 0.30000000000000004, 'sigma_in': 0.4, 'rho': 0.1, 'tikh': 1e-09, 'option': 3, 'N_train': 20000, 'out_dim': 3, 'Normalization': 1}. Best is trial 359 with value: 0.1926481807604432.
[I 2025-11-21 02:30:25,516] Trial 379 finished with value: 0.3588648408651352 and parameters: {'n_units': 1000, 'alpha': 0.30000000000000004, 'sigma_in': 0.4, 'rho': 0.1, 'tikh': 0.1, 'option': 3, 'N_train': 20000, 'out_dim': 3, 'Normalization': 1}. Best is trial 359 with value: 0.1926481807604432.
[I 2025-11-21 02:31:16,719] Trial 380 finished with value: 41.96166069507599 and parameters: {'n_units': 1000, 'alpha': 0.30000000000000004, 'sigma_in': 0.4, 'rho': 0.1, 'tikh': 0.01, 'option': 3, 'N_train': 20000, 'out_dim': 3, 'Normalization': 1}. Best is trial 359 with value: 0.1926481807604432.
[I 2025-11-21 02:32:08,803] Trial 381 finished with value: 0.434099006652832 and parameters: {'n_units': 1000, 'alpha': 0.30000000000000004, 'sigma_in': 0.4, 'rho': 0.1, 'tikh': 0.1, 'option': 3, 'N_train': 20000, 'out_dim': 3, 'Normalization': 1}. Best is trial 359 with value: 0.1926481807604432.
[I 2025-11-21 02:33:06,853] Trial 382 finished with value: 1.5614458717405797 and parameters: {'n_units': 1000, 'alpha': 0.30000000000000004, 'sigma_in': 0.5, 'rho': 0.1, 'tikh': 0.1, 'option': 3, 'N_train': 20000, 'out_dim': 3, 'Normalization': 1}. Best is trial 359 with value: 0.1926481807604432.
[I 2025-11-21 02:33:58,253] Trial 383 finished with value: 0.7859387129545212 and parameters: {'n_units': 1000, 'alpha': 0.30000000000000004, 'sigma_in': 0.30000000000000004, 'rho': 0.1, 'tikh': 0.1, 'option': 3, 'N_train': 20000, 'out_dim': 3, 'Normalization': 1}. Best is trial 359 with value: 0.1926481807604432.
[I 2025-11-21 02:34:49,902] Trial 384 finished with value: 0.7198390424251556 and parameters: {'n_units': 1000, 'alpha': 0.30000000000000004, 'sigma_in': 0.4, 'rho': 0.2, 'tikh': 0.1, 'option': 3, 'N_train': 20000, 'out_dim': 3, 'Normalization': 1}. Best is trial 359 with value: 0.1926481807604432.
[I 2025-11-21 02:35:41,345] Trial 385 finished with value: 5.150880367401987 and parameters: {'n_units': 1000, 'alpha': 0.2, 'sigma_in': 0.4, 'rho': 0.1, 'tikh': 0.1, 'option': 5, 'N_train': 20000, 'out_dim': 3, 'Normalization': 1}. Best is trial 359 with value: 0.1926481807604432.
[I 2025-11-21 02:36:36,523] Trial 386 finished with value: 22465.37183818817 and parameters: {'n_units': 1000, 'alpha': 0.30000000000000004, 'sigma_in': 0.4, 'rho': 0.1, 'tikh': 1e-10, 'option': 3, 'N_train': 20000, 'out_dim': 3, 'Normalization': 1}. Best is trial 359 with value: 0.1926481807604432.
[I 2025-11-21 02:37:31,561] Trial 387 finished with value: 0.5187747746706008 and parameters: {'n_units': 1000, 'alpha': 0.30000000000000004, 'sigma_in': 0.4, 'rho': 0.1, 'tikh': 0.1, 'option': 3, 'N_train': 20000, 'out_dim': 3, 'Normalization': 1}. Best is trial 359 with value: 0.1926481807604432.
[I 2025-11-21 02:38:25,241] Trial 388 finished with value: 1.016459359228611 and parameters: {'n_units': 1000, 'alpha': 0.30000000000000004, 'sigma_in': 0.4, 'rho': 0.7000000000000001, 'tikh': 0.1, 'option': 3, 'N_train': 20000, 'out_dim': 3, 'Normalization': 1}. Best is trial 359 with value: 0.1926481807604432.
[I 2025-11-21 02:39:18,460] Trial 389 finished with value: 3.3360996007919312 and parameters: {'n_units': 1000, 'alpha': 0.30000000000000004, 'sigma_in': 0.4, 'rho': 0.1, 'tikh': 0.1, 'option': 2, 'N_train': 20000, 'out_dim': 3, 'Normalization': 1}. Best is trial 359 with value: 0.1926481807604432.
[I 2025-11-21 02:40:09,765] Trial 390 finished with value: 2841.604031395912 and parameters: {'n_units': 1000, 'alpha': 0.30000000000000004, 'sigma_in': 0.4, 'rho': 0.1, 'tikh': 1e-05, 'option': 3, 'N_train': 20000, 'out_dim': 3, 'Normalization': 1}. Best is trial 359 with value: 0.1926481807604432.
[I 2025-11-21 02:41:10,730] Trial 391 finished with value: 0.4695246875286102 and parameters: {'n_units': 1000, 'alpha': 0.30000000000000004, 'sigma_in': 0.4, 'rho': 0.1, 'tikh': 0.1, 'option': 3, 'N_train': 20000, 'out_dim': 3, 'Normalization': 1}. Best is trial 359 with value: 0.1926481807604432.
[I 2025-11-21 02:42:07,988] Trial 392 finished with value: 20.458938074111938 and parameters: {'n_units': 1000, 'alpha': 0.30000000000000004, 'sigma_in': 0.9, 'rho': 0.1, 'tikh': 0.1, 'option': 3, 'N_train': 20000, 'out_dim': 3, 'Normalization': 1}. Best is trial 359 with value: 0.1926481807604432.
[I 2025-11-21 02:43:07,435] Trial 393 finished with value: 1.0723472997546195 and parameters: {'n_units': 1000, 'alpha': 0.2, 'sigma_in': 0.4, 'rho': 0.1, 'tikh': 0.1, 'option': 3, 'N_train': 20000, 'out_dim': 3, 'Normalization': 1}. Best is trial 359 with value: 0.1926481807604432.
[I 2025-11-21 02:44:02,569] Trial 394 finished with value: 1.6140711799263954 and parameters: {'n_units': 1000, 'alpha': 0.30000000000000004, 'sigma_in': 0.4, 'rho': 0.2, 'tikh': 0.1, 'option': 3, 'N_train': 20000, 'out_dim': 3, 'Normalization': 1}. Best is trial 359 with value: 0.1926481807604432.
[I 2025-11-21 02:44:57,533] Trial 395 finished with value: 0.6346443608403206 and parameters: {'n_units': 1000, 'alpha': 0.30000000000000004, 'sigma_in': 0.4, 'rho': 0.1, 'tikh': 0.1, 'option': 3, 'N_train': 20000, 'out_dim': 3, 'Normalization': 1}. Best is trial 359 with value: 0.1926481807604432.
[I 2025-11-21 02:45:52,389] Trial 396 finished with value: 85.63207085132599 and parameters: {'n_units': 1000, 'alpha': 0.30000000000000004, 'sigma_in': 0.5, 'rho': 0.1, 'tikh': 0.0001, 'option': 3, 'N_train': 20000, 'out_dim': 3, 'Normalization': 1}. Best is trial 359 with value: 0.1926481807604432.
[I 2025-11-21 02:46:46,589] Trial 397 finished with value: 0.803850382566452 and parameters: {'n_units': 1000, 'alpha': 0.30000000000000004, 'sigma_in': 0.4, 'rho': 0.1, 'tikh': 0.1, 'option': 3, 'N_train': 20000, 'out_dim': 3, 'Normalization': 1}. Best is trial 359 with value: 0.1926481807604432.
[I 2025-11-21 02:47:40,007] Trial 398 finished with value: 0.7220978558063507 and parameters: {'n_units': 1000, 'alpha': 0.2, 'sigma_in': 0.30000000000000004, 'rho': 0.1, 'tikh': 0.1, 'option': 3, 'N_train': 20000, 'out_dim': 3, 'Normalization': 1}. Best is trial 359 with value: 0.1926481807604432.
[I 2025-11-21 02:48:31,541] Trial 399 finished with value: 237.55174355506898 and parameters: {'n_units': 1000, 'alpha': 0.30000000000000004, 'sigma_in': 0.6, 'rho': 0.1, 'tikh': 1e-06, 'option': 3, 'N_train': 20000, 'out_dim': 3, 'Normalization': 1}. Best is trial 359 with value: 0.1926481807604432.
[I 2025-11-21 02:49:25,181] Trial 400 finished with value: 66.34834339582012 and parameters: {'n_units': 1000, 'alpha': 0.30000000000000004, 'sigma_in': 0.4, 'rho': 0.1, 'tikh': 0.1, 'option': 5, 'N_train': 20000, 'out_dim': 3, 'Normalization': 1}. Best is trial 359 with value: 0.1926481807604432.
[I 2025-11-21 02:50:20,816] Trial 401 finished with value: 0.35445166677236556 and parameters: {'n_units': 1000, 'alpha': 0.30000000000000004, 'sigma_in': 0.4, 'rho': 0.1, 'tikh': 0.1, 'option': 3, 'N_train': 20000, 'out_dim': 3, 'Normalization': 1}. Best is trial 359 with value: 0.1926481807604432.
[I 2025-11-21 02:51:17,977] Trial 402 finished with value: 0.4843672767281532 and parameters: {'n_units': 1000, 'alpha': 0.30000000000000004, 'sigma_in': 0.4, 'rho': 0.1, 'tikh': 0.1, 'option': 3, 'N_train': 20000, 'out_dim': 3, 'Normalization': 1}. Best is trial 359 with value: 0.1926481807604432.
[I 2025-11-21 02:52:12,830] Trial 403 finished with value: 0.36554884612560273 and parameters: {'n_units': 1000, 'alpha': 0.30000000000000004, 'sigma_in': 0.4, 'rho': 0.1, 'tikh': 0.1, 'option': 3, 'N_train': 20000, 'out_dim': 3, 'Normalization': 1}. Best is trial 359 with value: 0.1926481807604432.
[I 2025-11-21 02:53:08,299] Trial 404 finished with value: 4746.773669195175 and parameters: {'n_units': 1000, 'alpha': 0.30000000000000004, 'sigma_in': 0.4, 'rho': 0.2, 'tikh': 0.001, 'option': 3, 'N_train': 20000, 'out_dim': 3, 'Normalization': 1}. Best is trial 359 with value: 0.1926481807604432.
[I 2025-11-21 02:54:14,131] Trial 405 finished with value: 15.39408495426178 and parameters: {'n_units': 2000, 'alpha': 0.2, 'sigma_in': 0.4, 'rho': 0.1, 'tikh': 0.1, 'option': 3, 'N_train': 20000, 'out_dim': 3, 'Normalization': 1}. Best is trial 359 with value: 0.1926481807604432.
[I 2025-11-21 02:55:04,269] Trial 406 finished with value: 4809.775994539261 and parameters: {'n_units': 1000, 'alpha': 0.30000000000000004, 'sigma_in': 0.5, 'rho': 0.1, 'tikh': 1e-07, 'option': 3, 'N_train': 20000, 'out_dim': 3, 'Normalization': 1}. Best is trial 359 with value: 0.1926481807604432.
[I 2025-11-21 02:55:55,374] Trial 407 finished with value: 539.8478555202485 and parameters: {'n_units': 1000, 'alpha': 0.30000000000000004, 'sigma_in': 0.7000000000000001, 'rho': 0.1, 'tikh': 1e-08, 'option': 3, 'N_train': 20000, 'out_dim': 3, 'Normalization': 1}. Best is trial 359 with value: 0.1926481807604432.
[I 2025-11-21 02:56:49,811] Trial 408 finished with value: 0.5673506200313568 and parameters: {'n_units': 1000, 'alpha': 0.30000000000000004, 'sigma_in': 0.4, 'rho': 0.1, 'tikh': 0.1, 'option': 3, 'N_train': 20000, 'out_dim': 3, 'Normalization': 1}. Best is trial 359 with value: 0.1926481807604432.
[I 2025-11-21 02:57:44,867] Trial 409 finished with value: 3.14820910692215 and parameters: {'n_units': 1000, 'alpha': 0.30000000000000004, 'sigma_in': 0.4, 'rho': 0.1, 'tikh': 0.1, 'option': 2, 'N_train': 20000, 'out_dim': 3, 'Normalization': 1}. Best is trial 359 with value: 0.1926481807604432.
[I 2025-11-21 02:58:34,981] Trial 410 finished with value: 0.34265355570241807 and parameters: {'n_units': 1000, 'alpha': 1.0, 'sigma_in': 0.4, 'rho': 0.1, 'tikh': 0.1, 'option': 3, 'N_train': 20000, 'out_dim': 3, 'Normalization': 1}. Best is trial 359 with value: 0.1926481807604432.
[I 2025-11-21 02:59:25,371] Trial 411 finished with value: 300.9662410974503 and parameters: {'n_units': 1000, 'alpha': 0.30000000000000004, 'sigma_in': 0.30000000000000004, 'rho': 0.1, 'tikh': 1e-09, 'option': 3, 'N_train': 20000, 'out_dim': 3, 'Normalization': 1}. Best is trial 359 with value: 0.1926481807604432.
[I 2025-11-21 03:00:16,492] Trial 412 finished with value: 1.1393320679664611 and parameters: {'n_units': 1000, 'alpha': 0.2, 'sigma_in': 0.4, 'rho': 0.2, 'tikh': 0.1, 'option': 3, 'N_train': 20000, 'out_dim': 3, 'Normalization': 1}. Best is trial 359 with value: 0.1926481807604432.
[I 2025-11-21 03:01:47,303] Trial 413 finished with value: 30.625336474180223 and parameters: {'n_units': 3000, 'alpha': 0.30000000000000004, 'sigma_in': 0.4, 'rho': 0.1, 'tikh': 0.1, 'option': 5, 'N_train': 20000, 'out_dim': 3, 'Normalization': 1}. Best is trial 359 with value: 0.1926481807604432.
[I 2025-11-21 03:02:40,656] Trial 414 finished with value: 0.6904293105006218 and parameters: {'n_units': 1000, 'alpha': 0.30000000000000004, 'sigma_in': 0.4, 'rho': 0.1, 'tikh': 0.1, 'option': 3, 'N_train': 20000, 'out_dim': 3, 'Normalization': 1}. Best is trial 359 with value: 0.1926481807604432.
[I 2025-11-21 03:03:30,825] Trial 415 finished with value: 104.23474183082581 and parameters: {'n_units': 1000, 'alpha': 0.30000000000000004, 'sigma_in': 0.4, 'rho': 0.1, 'tikh': 0.01, 'option': 3, 'N_train': 20000, 'out_dim': 3, 'Normalization': 1}. Best is trial 359 with value: 0.1926481807604432.
[I 2025-11-21 03:04:26,586] Trial 416 finished with value: 0.33415004760026934 and parameters: {'n_units': 1000, 'alpha': 0.30000000000000004, 'sigma_in': 0.4, 'rho': 0.1, 'tikh': 0.1, 'option': 3, 'N_train': 20000, 'out_dim': 3, 'Normalization': 1}. Best is trial 359 with value: 0.1926481807604432.
[I 2025-11-21 03:05:18,000] Trial 417 finished with value: 0.8107810869812966 and parameters: {'n_units': 1000, 'alpha': 0.30000000000000004, 'sigma_in': 0.4, 'rho': 0.1, 'tikh': 0.1, 'option': 3, 'N_train': 20000, 'out_dim': 3, 'Normalization': 1}. Best is trial 359 with value: 0.1926481807604432.
[I 2025-11-21 03:06:15,413] Trial 418 finished with value: 2.376780777797103 and parameters: {'n_units': 1000, 'alpha': 0.30000000000000004, 'sigma_in': 0.5, 'rho': 0.1, 'tikh': 0.1, 'option': 3, 'N_train': 20000, 'out_dim': 3, 'Normalization': 1}. Best is trial 359 with value: 0.1926481807604432.
[I 2025-11-21 03:07:12,793] Trial 419 finished with value: 113.48434599936009 and parameters: {'n_units': 1000, 'alpha': 0.30000000000000004, 'sigma_in': 0.4, 'rho': 0.1, 'tikh': 1e-10, 'option': 3, 'N_train': 20000, 'out_dim': 3, 'Normalization': 1}. Best is trial 359 with value: 0.1926481807604432.
[I 2025-11-21 03:08:03,392] Trial 420 finished with value: 0.3036112442612648 and parameters: {'n_units': 1000, 'alpha': 0.30000000000000004, 'sigma_in': 0.4, 'rho': 0.1, 'tikh': 0.1, 'option': 3, 'N_train': 20000, 'out_dim': 3, 'Normalization': 1}. Best is trial 359 with value: 0.1926481807604432.
[I 2025-11-21 03:08:57,114] Trial 421 finished with value: 0.5302913531661033 and parameters: {'n_units': 1000, 'alpha': 0.30000000000000004, 'sigma_in': 0.4, 'rho': 0.1, 'tikh': 0.1, 'option': 3, 'N_train': 20000, 'out_dim': 3, 'Normalization': 1}. Best is trial 359 with value: 0.1926481807604432.
[I 2025-11-21 03:09:51,095] Trial 422 finished with value: 264.42016553878784 and parameters: {'n_units': 1000, 'alpha': 0.30000000000000004, 'sigma_in': 0.30000000000000004, 'rho': 0.1, 'tikh': 1e-05, 'option': 3, 'N_train': 20000, 'out_dim': 3, 'Normalization': 1}. Best is trial 359 with value: 0.1926481807604432.
[I 2025-11-21 03:10:43,544] Trial 423 finished with value: 0.7792101092636585 and parameters: {'n_units': 1000, 'alpha': 0.2, 'sigma_in': 0.4, 'rho': 0.2, 'tikh': 0.1, 'option': 3, 'N_train': 20000, 'out_dim': 3, 'Normalization': 1}. Best is trial 359 with value: 0.1926481807604432.
[I 2025-11-21 03:11:37,749] Trial 424 finished with value: 0.28208544105291367 and parameters: {'n_units': 1000, 'alpha': 0.30000000000000004, 'sigma_in': 0.4, 'rho': 0.1, 'tikh': 0.1, 'option': 3, 'N_train': 20000, 'out_dim': 3, 'Normalization': 1}. Best is trial 359 with value: 0.1926481807604432.
[I 2025-11-21 03:12:29,466] Trial 425 finished with value: 0.8518376246094703 and parameters: {'n_units': 1000, 'alpha': 0.30000000000000004, 'sigma_in': 0.4, 'rho': 0.1, 'tikh': 0.1, 'option': 3, 'N_train': 20000, 'out_dim': 3, 'Normalization': 1}. Best is trial 359 with value: 0.1926481807604432.
[I 2025-11-21 03:13:19,688] Trial 426 finished with value: 0.28618699945509435 and parameters: {'n_units': 1000, 'alpha': 0.9, 'sigma_in': 0.4, 'rho': 0.1, 'tikh': 0.1, 'option': 3, 'N_train': 20000, 'out_dim': 3, 'Normalization': 1}. Best is trial 359 with value: 0.1926481807604432.
[I 2025-11-21 03:14:13,714] Trial 427 finished with value: 1.3073271038476377 and parameters: {'n_units': 1000, 'alpha': 0.30000000000000004, 'sigma_in': 0.4, 'rho': 0.1, 'tikh': 0.1, 'option': 5, 'N_train': 20000, 'out_dim': 3, 'Normalization': 1}. Best is trial 359 with value: 0.1926481807604432.
[I 2025-11-21 03:15:05,439] Trial 428 finished with value: 1.2015947714447974 and parameters: {'n_units': 1000, 'alpha': 0.1, 'sigma_in': 0.4, 'rho': 0.1, 'tikh': 0.1, 'option': 3, 'N_train': 20000, 'out_dim': 3, 'Normalization': 1}. Best is trial 359 with value: 0.1926481807604432.
[I 2025-11-21 03:15:59,180] Trial 429 finished with value: 0.584580335021019 and parameters: {'n_units': 1000, 'alpha': 0.30000000000000004, 'sigma_in': 0.4, 'rho': 0.1, 'tikh': 0.1, 'option': 3, 'N_train': 20000, 'out_dim': 3, 'Normalization': 1}. Best is trial 359 with value: 0.1926481807604432.
[I 2025-11-21 03:16:51,242] Trial 430 finished with value: 740.3461679935456 and parameters: {'n_units': 1000, 'alpha': 0.30000000000000004, 'sigma_in': 0.4, 'rho': 0.1, 'tikh': 0.0001, 'option': 3, 'N_train': 20000, 'out_dim': 3, 'Normalization': 1}. Best is trial 359 with value: 0.1926481807604432.
[I 2025-11-21 03:17:48,674] Trial 431 finished with value: 2.755485523864627 and parameters: {'n_units': 1000, 'alpha': 0.30000000000000004, 'sigma_in': 0.30000000000000004, 'rho': 0.8, 'tikh': 0.1, 'option': 3, 'N_train': 20000, 'out_dim': 3, 'Normalization': 1}. Best is trial 359 with value: 0.1926481807604432.
[I 2025-11-21 03:18:43,296] Trial 432 finished with value: 0.5396380886435509 and parameters: {'n_units': 1000, 'alpha': 0.9, 'sigma_in': 0.4, 'rho': 0.1, 'tikh': 0.1, 'option': 3, 'N_train': 20000, 'out_dim': 3, 'Normalization': 1}. Best is trial 359 with value: 0.1926481807604432.
[I 2025-11-21 03:19:33,590] Trial 433 finished with value: 1162.2306623220443 and parameters: {'n_units': 1000, 'alpha': 0.30000000000000004, 'sigma_in': 0.5, 'rho': 0.1, 'tikh': 1e-06, 'option': 3, 'N_train': 20000, 'out_dim': 3, 'Normalization': 1}. Best is trial 359 with value: 0.1926481807604432.
[I 2025-11-21 03:20:24,875] Trial 434 finished with value: 3.409258008003235 and parameters: {'n_units': 1000, 'alpha': 0.8, 'sigma_in': 0.4, 'rho': 0.2, 'tikh': 0.1, 'option': 2, 'N_train': 20000, 'out_dim': 3, 'Normalization': 1}. Best is trial 359 with value: 0.1926481807604432.
[I 2025-11-21 03:21:18,334] Trial 435 finished with value: 0.3311624154448509 and parameters: {'n_units': 1000, 'alpha': 0.30000000000000004, 'sigma_in': 0.4, 'rho': 0.1, 'tikh': 0.1, 'option': 3, 'N_train': 20000, 'out_dim': 3, 'Normalization': 1}. Best is trial 359 with value: 0.1926481807604432.
[I 2025-11-21 03:22:10,118] Trial 436 finished with value: 3.0063075973186644 and parameters: {'n_units': 1000, 'alpha': 0.9, 'sigma_in': 0.5, 'rho': 0.1, 'tikh': 0.1, 'option': 3, 'N_train': 20000, 'out_dim': 3, 'Normalization': 1}. Best is trial 359 with value: 0.1926481807604432.
[I 2025-11-21 03:23:06,635] Trial 437 finished with value: 1.3289740145206452 and parameters: {'n_units': 1000, 'alpha': 0.2, 'sigma_in': 0.4, 'rho': 0.1, 'tikh': 0.1, 'option': 3, 'N_train': 20000, 'out_dim': 3, 'Normalization': 1}. Best is trial 359 with value: 0.1926481807604432.
[I 2025-11-21 03:23:59,532] Trial 438 finished with value: 141.17731339931487 and parameters: {'n_units': 1000, 'alpha': 0.30000000000000004, 'sigma_in': 0.4, 'rho': 0.1, 'tikh': 1e-07, 'option': 3, 'N_train': 20000, 'out_dim': 3, 'Normalization': 1}. Best is trial 359 with value: 0.1926481807604432.
[I 2025-11-21 03:24:52,709] Trial 439 finished with value: 0.34132309406995776 and parameters: {'n_units': 1000, 'alpha': 0.30000000000000004, 'sigma_in': 0.4, 'rho': 0.1, 'tikh': 0.1, 'option': 3, 'N_train': 20000, 'out_dim': 3, 'Normalization': 1}. Best is trial 359 with value: 0.1926481807604432.
[I 2025-11-21 03:25:48,364] Trial 440 finished with value: 10642.722533285618 and parameters: {'n_units': 1000, 'alpha': 0.30000000000000004, 'sigma_in': 0.4, 'rho': 0.1, 'tikh': 0.001, 'option': 5, 'N_train': 20000, 'out_dim': 3, 'Normalization': 1}. Best is trial 359 with value: 0.1926481807604432.
[I 2025-11-21 03:26:39,271] Trial 441 finished with value: 1.6271659314632416 and parameters: {'n_units': 1000, 'alpha': 0.30000000000000004, 'sigma_in': 0.30000000000000004, 'rho': 0.2, 'tikh': 0.1, 'option': 3, 'N_train': 20000, 'out_dim': 3, 'Normalization': 1}. Best is trial 359 with value: 0.1926481807604432.
[I 2025-11-21 03:27:33,855] Trial 442 finished with value: 150.99489850997924 and parameters: {'n_units': 1000, 'alpha': 0.30000000000000004, 'sigma_in': 0.4, 'rho': 0.1, 'tikh': 1e-08, 'option': 3, 'N_train': 20000, 'out_dim': 3, 'Normalization': 1}. Best is trial 359 with value: 0.1926481807604432.
[I 2025-11-21 03:28:25,412] Trial 443 finished with value: 0.3707843855023384 and parameters: {'n_units': 1000, 'alpha': 0.30000000000000004, 'sigma_in': 0.4, 'rho': 0.1, 'tikh': 0.1, 'option': 3, 'N_train': 20000, 'out_dim': 3, 'Normalization': 1}. Best is trial 359 with value: 0.1926481807604432.
