[I 2025-11-20 12:46:43,758] Trial 74 finished with value: 1.0776784420013428 and parameters: {'n_units': 1000, 'alpha': 0.7000000000000001, 'sigma_in': 0.1, 'rho': 0.4, 'tikh': 0.1, 'option': 4, 'N_train': 20000, 'out_dim': 3, 'Normalization': 1}. Best is trial 60 with value: 0.7778897970914841.
[I 2025-11-20 12:53:14,927] Trial 75 finished with value: 1.0420179843902588 and parameters: {'n_units': 1000, 'alpha': 0.7000000000000001, 'sigma_in': 0.1, 'rho': 0.5, 'tikh': 0.1, 'option': 4, 'N_train': 20000, 'out_dim': 3, 'Normalization': 1}. Best is trial 60 with value: 0.7778897970914841.
[I 2025-11-20 12:59:55,031] Trial 76 finished with value: 94.28263130187989 and parameters: {'n_units': 1000, 'alpha': 0.9, 'sigma_in': 0.1, 'rho': 0.6, 'tikh': 0.01, 'option': 4, 'N_train': 20000, 'out_dim': 3, 'Normalization': 1}. Best is trial 60 with value: 0.7778897970914841.
[I 2025-11-20 13:06:17,377] Trial 77 finished with value: 3666.0273032188416 and parameters: {'n_units': 1000, 'alpha': 0.8, 'sigma_in': 0.9, 'rho': 0.5, 'tikh': 1e-09, 'option': 4, 'N_train': 20000, 'out_dim': 3, 'Normalization': 1}. Best is trial 60 with value: 0.7778897970914841.
[I 2025-11-20 13:12:27,544] Trial 78 finished with value: 3.7553762570023537 and parameters: {'n_units': 1000, 'alpha': 0.6, 'sigma_in': 0.2, 'rho': 0.6, 'tikh': 0.1, 'option': 5, 'N_train': 20000, 'out_dim': 3, 'Normalization': 1}. Best is trial 60 with value: 0.7778897970914841.
[I 2025-11-20 13:19:01,343] Trial 79 finished with value: 1.0902626276016236 and parameters: {'n_units': 1000, 'alpha': 0.7000000000000001, 'sigma_in': 0.1, 'rho': 0.2, 'tikh': 0.1, 'option': 4, 'N_train': 20000, 'out_dim': 3, 'Normalization': 1}. Best is trial 60 with value: 0.7778897970914841.
[I 2025-11-20 13:25:59,430] Trial 80 finished with value: 3596.52192363739 and parameters: {'n_units': 1000, 'alpha': 0.6, 'sigma_in': 0.2, 'rho': 0.6, 'tikh': 1e-05, 'option': 2, 'N_train': 20000, 'out_dim': 3, 'Normalization': 1}. Best is trial 60 with value: 0.7778897970914841.
[I 2025-11-20 13:33:02,961] Trial 81 finished with value: 1.05825834274292 and parameters: {'n_units': 1000, 'alpha': 0.7000000000000001, 'sigma_in': 0.1, 'rho': 0.5, 'tikh': 0.1, 'option': 4, 'N_train': 20000, 'out_dim': 3, 'Normalization': 1}. Best is trial 60 with value: 0.7778897970914841.
[I 2025-11-20 13:39:35,740] Trial 82 finished with value: 1.0732022047042846 and parameters: {'n_units': 1000, 'alpha': 0.8, 'sigma_in': 0.1, 'rho': 0.5, 'tikh': 0.1, 'option': 4, 'N_train': 20000, 'out_dim': 3, 'Normalization': 1}. Best is trial 60 with value: 0.7778897970914841.
[I 2025-11-20 13:46:14,929] Trial 83 finished with value: 0.9999942243099212 and parameters: {'n_units': 1000, 'alpha': 0.6, 'sigma_in': 0.1, 'rho': 0.5, 'tikh': 0.1, 'option': 4, 'N_train': 20000, 'out_dim': 3, 'Normalization': 1}. Best is trial 60 with value: 0.7778897970914841.
[I 2025-11-20 13:53:23,867] Trial 84 finished with value: 21144.875106048585 and parameters: {'n_units': 1000, 'alpha': 0.6, 'sigma_in': 0.1, 'rho': 0.6, 'tikh': 1e-10, 'option': 4, 'N_train': 20000, 'out_dim': 3, 'Normalization': 1}. Best is trial 60 with value: 0.7778897970914841.
[I 2025-11-20 14:00:31,190] Trial 85 finished with value: 1.161819577217102 and parameters: {'n_units': 1000, 'alpha': 0.6, 'sigma_in': 0.2, 'rho': 0.4, 'tikh': 0.1, 'option': 4, 'N_train': 20000, 'out_dim': 3, 'Normalization': 1}. Best is trial 60 with value: 0.7778897970914841.
[I 2025-11-20 14:07:24,890] Trial 86 finished with value: 1.0712905526161194 and parameters: {'n_units': 1000, 'alpha': 0.6, 'sigma_in': 0.1, 'rho': 0.30000000000000004, 'tikh': 0.1, 'option': 4, 'N_train': 20000, 'out_dim': 3, 'Normalization': 1}. Best is trial 60 with value: 0.7778897970914841.
[I 2025-11-20 14:14:02,783] Trial 87 finished with value: 1.0643515825271606 and parameters: {'n_units': 1000, 'alpha': 0.6, 'sigma_in': 0.1, 'rho': 0.4, 'tikh': 0.1, 'option': 4, 'N_train': 20000, 'out_dim': 3, 'Normalization': 1}. Best is trial 60 with value: 0.7778897970914841.
[I 2025-11-20 14:21:05,396] Trial 88 finished with value: 1.586379623413086 and parameters: {'n_units': 1000, 'alpha': 0.7000000000000001, 'sigma_in': 0.2, 'rho': 0.6, 'tikh': 0.1, 'option': 3, 'N_train': 20000, 'out_dim': 3, 'Normalization': 1}. Best is trial 60 with value: 0.7778897970914841.
[I 2025-11-20 14:28:01,234] Trial 89 finished with value: 25398.898817825317 and parameters: {'n_units': 1000, 'alpha': 0.5, 'sigma_in': 0.1, 'rho': 0.5, 'tikh': 1e-06, 'option': 4, 'N_train': 20000, 'out_dim': 3, 'Normalization': 1}. Best is trial 60 with value: 0.7778897970914841.
[I 2025-11-20 14:35:18,096] Trial 90 finished with value: 1.7320708751678466 and parameters: {'n_units': 1000, 'alpha': 0.6, 'sigma_in': 0.2, 'rho': 0.6, 'tikh': 0.1, 'option': 4, 'N_train': 20000, 'out_dim': 3, 'Normalization': 1}. Best is trial 60 with value: 0.7778897970914841.
[I 2025-11-20 14:43:44,463] Trial 91 finished with value: 1.0241212368011474 and parameters: {'n_units': 1000, 'alpha': 0.7000000000000001, 'sigma_in': 0.1, 'rho': 0.5, 'tikh': 0.1, 'option': 4, 'N_train': 20000, 'out_dim': 3, 'Normalization': 1}. Best is trial 60 with value: 0.7778897970914841.
[I 2025-11-20 14:51:49,394] Trial 92 finished with value: 1.051075851917267 and parameters: {'n_units': 1000, 'alpha': 0.7000000000000001, 'sigma_in': 0.1, 'rho': 0.5, 'tikh': 0.1, 'option': 4, 'N_train': 20000, 'out_dim': 3, 'Normalization': 1}. Best is trial 60 with value: 0.7778897970914841.
[I 2025-11-20 14:59:30,019] Trial 93 finished with value: 1.0627439379692079 and parameters: {'n_units': 1000, 'alpha': 0.8, 'sigma_in': 0.1, 'rho': 0.5, 'tikh': 0.1, 'option': 4, 'N_train': 20000, 'out_dim': 3, 'Normalization': 1}. Best is trial 60 with value: 0.7778897970914841.
[I 2025-11-20 15:06:51,768] Trial 94 finished with value: 1.05601407289505 and parameters: {'n_units': 1000, 'alpha': 0.7000000000000001, 'sigma_in': 0.1, 'rho': 0.5, 'tikh': 0.1, 'option': 4, 'N_train': 20000, 'out_dim': 3, 'Normalization': 1}. Best is trial 60 with value: 0.7778897970914841.
[I 2025-11-20 15:14:17,916] Trial 95 finished with value: 4497.973253631591 and parameters: {'n_units': 1000, 'alpha': 0.7000000000000001, 'sigma_in': 0.1, 'rho': 0.6, 'tikh': 0.0001, 'option': 4, 'N_train': 20000, 'out_dim': 3, 'Normalization': 1}. Best is trial 60 with value: 0.7778897970914841.
[I 2025-11-20 15:21:35,783] Trial 96 finished with value: 5277.155520439148 and parameters: {'n_units': 1000, 'alpha': 0.7000000000000001, 'sigma_in': 0.2, 'rho': 0.5, 'tikh': 0.001, 'option': 4, 'N_train': 20000, 'out_dim': 3, 'Normalization': 1}. Best is trial 60 with value: 0.7778897970914841.
[I 2025-11-20 15:28:28,022] Trial 97 finished with value: 1.703110933303833 and parameters: {'n_units': 1000, 'alpha': 0.8, 'sigma_in': 0.2, 'rho': 0.5, 'tikh': 0.1, 'option': 4, 'N_train': 20000, 'out_dim': 3, 'Normalization': 1}. Best is trial 60 with value: 0.7778897970914841.
[I 2025-11-20 15:35:24,957] Trial 98 finished with value: 20306.995811653138 and parameters: {'n_units': 1000, 'alpha': 0.7000000000000001, 'sigma_in': 0.8, 'rho': 0.6, 'tikh': 1e-07, 'option': 5, 'N_train': 20000, 'out_dim': 3, 'Normalization': 1}. Best is trial 60 with value: 0.7778897970914841.
[I 2025-11-20 15:42:53,447] Trial 99 finished with value: 4659.402487182617 and parameters: {'n_units': 1000, 'alpha': 0.6, 'sigma_in': 0.1, 'rho': 0.5, 'tikh': 1e-09, 'option': 4, 'N_train': 20000, 'out_dim': 3, 'Normalization': 1}. Best is trial 60 with value: 0.7778897970914841.
[I 2025-11-20 15:50:23,723] Trial 100 finished with value: 2.929783892631531 and parameters: {'n_units': 1000, 'alpha': 0.5, 'sigma_in': 0.1, 'rho': 0.6, 'tikh': 0.1, 'option': 2, 'N_train': 20000, 'out_dim': 3, 'Normalization': 1}. Best is trial 60 with value: 0.7778897970914841.
[I 2025-11-20 15:57:50,081] Trial 101 finished with value: 1.0565351366996765 and parameters: {'n_units': 1000, 'alpha': 0.7000000000000001, 'sigma_in': 0.1, 'rho': 0.5, 'tikh': 0.1, 'option': 4, 'N_train': 20000, 'out_dim': 3, 'Normalization': 1}. Best is trial 60 with value: 0.7778897970914841.
[I 2025-11-20 16:05:52,024] Trial 102 finished with value: 1.0469101309776305 and parameters: {'n_units': 1000, 'alpha': 0.7000000000000001, 'sigma_in': 0.1, 'rho': 0.5, 'tikh': 0.1, 'option': 4, 'N_train': 20000, 'out_dim': 3, 'Normalization': 1}. Best is trial 60 with value: 0.7778897970914841.
[I 2025-11-20 16:13:53,757] Trial 103 finished with value: 24347.18995361328 and parameters: {'n_units': 1000, 'alpha': 0.7000000000000001, 'sigma_in': 0.1, 'rho': 0.6, 'tikh': 1e-08, 'option': 4, 'N_train': 20000, 'out_dim': 3, 'Normalization': 1}. Best is trial 60 with value: 0.7778897970914841.
[I 2025-11-20 16:20:07,991] Trial 104 finished with value: 0.9729048907756805 and parameters: {'n_units': 1000, 'alpha': 0.6, 'sigma_in': 0.1, 'rho': 0.5, 'tikh': 0.1, 'option': 4, 'N_train': 20000, 'out_dim': 3, 'Normalization': 1}. Best is trial 60 with value: 0.7778897970914841.
[I 2025-11-20 16:26:32,477] Trial 105 finished with value: 1.1116512060165404 and parameters: {'n_units': 1000, 'alpha': 0.6, 'sigma_in': 0.2, 'rho': 0.5, 'tikh': 0.1, 'option': 4, 'N_train': 20000, 'out_dim': 3, 'Normalization': 1}. Best is trial 60 with value: 0.7778897970914841.
[I 2025-11-20 16:32:50,072] Trial 106 finished with value: 15.66745834350586 and parameters: {'n_units': 1000, 'alpha': 0.6, 'sigma_in': 0.1, 'rho': 0.6, 'tikh': 0.01, 'option': 4, 'N_train': 20000, 'out_dim': 3, 'Normalization': 1}. Best is trial 60 with value: 0.7778897970914841.
[I 2025-11-20 16:39:09,204] Trial 107 finished with value: 0.8001886755228043 and parameters: {'n_units': 1000, 'alpha': 0.5, 'sigma_in': 0.2, 'rho': 0.4, 'tikh': 0.1, 'option': 4, 'N_train': 20000, 'out_dim': 3, 'Normalization': 1}. Best is trial 60 with value: 0.7778897970914841.
[I 2025-11-20 16:45:14,598] Trial 108 finished with value: 0.8553886353969574 and parameters: {'n_units': 1000, 'alpha': 0.5, 'sigma_in': 0.2, 'rho': 0.4, 'tikh': 0.1, 'option': 4, 'N_train': 20000, 'out_dim': 3, 'Normalization': 1}. Best is trial 60 with value: 0.7778897970914841.
[I 2025-11-20 16:50:02,734] Trial 109 finished with value: 79460.40801239014 and parameters: {'n_units': 1000, 'alpha': 0.5, 'sigma_in': 0.2, 'rho': 0.4, 'tikh': 1e-10, 'option': 3, 'N_train': 20000, 'out_dim': 3, 'Normalization': 1}. Best is trial 60 with value: 0.7778897970914841.
[I 2025-11-20 16:55:21,667] Trial 110 finished with value: 0.9836044549942017 and parameters: {'n_units': 1000, 'alpha': 0.5, 'sigma_in': 0.2, 'rho': 0.30000000000000004, 'tikh': 0.1, 'option': 4, 'N_train': 20000, 'out_dim': 3, 'Normalization': 1}. Best is trial 60 with value: 0.7778897970914841.
[I 2025-11-20 17:01:49,508] Trial 111 finished with value: 0.9001385271549225 and parameters: {'n_units': 1000, 'alpha': 0.5, 'sigma_in': 0.2, 'rho': 0.30000000000000004, 'tikh': 0.1, 'option': 4, 'N_train': 20000, 'out_dim': 3, 'Normalization': 1}. Best is trial 60 with value: 0.7778897970914841.
[I 2025-11-20 17:07:08,235] Trial 112 finished with value: 0.9456271529197693 and parameters: {'n_units': 1000, 'alpha': 0.5, 'sigma_in': 0.2, 'rho': 0.30000000000000004, 'tikh': 0.1, 'option': 4, 'N_train': 20000, 'out_dim': 3, 'Normalization': 1}. Best is trial 60 with value: 0.7778897970914841.
[I 2025-11-20 17:13:03,732] Trial 113 finished with value: 1.067459809780121 and parameters: {'n_units': 1000, 'alpha': 0.5, 'sigma_in': 0.2, 'rho': 0.2, 'tikh': 0.1, 'option': 4, 'N_train': 20000, 'out_dim': 3, 'Normalization': 1}. Best is trial 60 with value: 0.7778897970914841.
[I 2025-11-20 17:18:34,466] Trial 114 finished with value: 0.9737623989582062 and parameters: {'n_units': 1000, 'alpha': 0.5, 'sigma_in': 0.2, 'rho': 0.30000000000000004, 'tikh': 0.1, 'option': 4, 'N_train': 20000, 'out_dim': 3, 'Normalization': 1}. Best is trial 60 with value: 0.7778897970914841.
[I 2025-11-20 17:23:48,537] Trial 115 finished with value: 0.9553466975688935 and parameters: {'n_units': 1000, 'alpha': 0.5, 'sigma_in': 0.2, 'rho': 0.30000000000000004, 'tikh': 0.1, 'option': 4, 'N_train': 20000, 'out_dim': 3, 'Normalization': 1}. Best is trial 60 with value: 0.7778897970914841.
[I 2025-11-20 17:28:11,153] Trial 116 finished with value: 9880.85394744873 and parameters: {'n_units': 1000, 'alpha': 0.5, 'sigma_in': 0.2, 'rho': 0.30000000000000004, 'tikh': 1e-05, 'option': 4, 'N_train': 20000, 'out_dim': 3, 'Normalization': 1}. Best is trial 60 with value: 0.7778897970914841.
[I 2025-11-20 17:33:00,069] Trial 117 finished with value: 0.9463163137435913 and parameters: {'n_units': 1000, 'alpha': 0.5, 'sigma_in': 0.2, 'rho': 0.30000000000000004, 'tikh': 0.1, 'option': 4, 'N_train': 20000, 'out_dim': 3, 'Normalization': 1}. Best is trial 60 with value: 0.7778897970914841.
[I 2025-11-20 17:37:43,751] Trial 118 finished with value: 0.9173303827643394 and parameters: {'n_units': 1000, 'alpha': 0.5, 'sigma_in': 0.30000000000000004, 'rho': 0.30000000000000004, 'tikh': 0.1, 'option': 4, 'N_train': 20000, 'out_dim': 3, 'Normalization': 1}. Best is trial 60 with value: 0.7778897970914841.
[I 2025-11-20 17:43:37,697] Trial 119 finished with value: 0.718868899345398 and parameters: {'n_units': 1000, 'alpha': 0.5, 'sigma_in': 0.30000000000000004, 'rho': 0.2, 'tikh': 0.1, 'option': 4, 'N_train': 20000, 'out_dim': 3, 'Normalization': 1}. Best is trial 119 with value: 0.718868899345398.
[I 2025-11-20 17:49:52,172] Trial 120 finished with value: 453.716570186615 and parameters: {'n_units': 1000, 'alpha': 0.5, 'sigma_in': 0.30000000000000004, 'rho': 0.2, 'tikh': 0.0001, 'option': 5, 'N_train': 20000, 'out_dim': 3, 'Normalization': 1}. Best is trial 119 with value: 0.718868899345398.
[I 2025-11-20 17:55:09,697] Trial 121 finished with value: 1.2140074163675307 and parameters: {'n_units': 1000, 'alpha': 0.5, 'sigma_in': 0.30000000000000004, 'rho': 0.30000000000000004, 'tikh': 0.1, 'option': 4, 'N_train': 20000, 'out_dim': 3, 'Normalization': 1}. Best is trial 119 with value: 0.718868899345398.
[I 2025-11-20 18:00:58,939] Trial 122 finished with value: 0.7271130591630935 and parameters: {'n_units': 1000, 'alpha': 0.5, 'sigma_in': 0.30000000000000004, 'rho': 0.2, 'tikh': 0.1, 'option': 4, 'N_train': 20000, 'out_dim': 3, 'Normalization': 1}. Best is trial 119 with value: 0.718868899345398.
[I 2025-11-20 18:07:21,003] Trial 123 finished with value: 0.849184000492096 and parameters: {'n_units': 1000, 'alpha': 0.5, 'sigma_in': 0.30000000000000004, 'rho': 0.2, 'tikh': 0.1, 'option': 4, 'N_train': 20000, 'out_dim': 3, 'Normalization': 1}. Best is trial 119 with value: 0.718868899345398.
[I 2025-11-20 18:12:15,310] Trial 124 finished with value: 2.044593644142151 and parameters: {'n_units': 1000, 'alpha': 0.5, 'sigma_in': 0.4, 'rho': 0.2, 'tikh': 0.1, 'option': 4, 'N_train': 20000, 'out_dim': 3, 'Normalization': 1}. Best is trial 119 with value: 0.718868899345398.
[I 2025-11-20 18:18:17,106] Trial 125 finished with value: 78.28715686798095 and parameters: {'n_units': 1000, 'alpha': 0.5, 'sigma_in': 0.30000000000000004, 'rho': 0.1, 'tikh': 1e-06, 'option': 4, 'N_train': 20000, 'out_dim': 3, 'Normalization': 1}. Best is trial 119 with value: 0.718868899345398.
[I 2025-11-20 18:23:47,921] Trial 126 finished with value: 0.7854062736034393 and parameters: {'n_units': 1000, 'alpha': 0.5, 'sigma_in': 0.30000000000000004, 'rho': 0.2, 'tikh': 0.1, 'option': 4, 'N_train': 20000, 'out_dim': 3, 'Normalization': 1}. Best is trial 119 with value: 0.718868899345398.
[I 2025-11-20 18:29:52,233] Trial 127 finished with value: 3.3302940368652343 and parameters: {'n_units': 1000, 'alpha': 0.5, 'sigma_in': 0.4, 'rho': 0.2, 'tikh': 0.1, 'option': 2, 'N_train': 20000, 'out_dim': 3, 'Normalization': 1}. Best is trial 119 with value: 0.718868899345398.
[I 2025-11-20 18:36:07,838] Trial 128 finished with value: 65.40548567771911 and parameters: {'n_units': 1000, 'alpha': 0.5, 'sigma_in': 0.30000000000000004, 'rho': 0.1, 'tikh': 0.001, 'option': 4, 'N_train': 20000, 'out_dim': 3, 'Normalization': 1}. Best is trial 119 with value: 0.718868899345398.
[I 2025-11-20 18:42:05,945] Trial 129 finished with value: 0.7412278115749359 and parameters: {'n_units': 1000, 'alpha': 0.5, 'sigma_in': 0.30000000000000004, 'rho': 0.2, 'tikh': 0.1, 'option': 4, 'N_train': 20000, 'out_dim': 3, 'Normalization': 1}. Best is trial 119 with value: 0.718868899345398.
[I 2025-11-20 18:46:25,044] Trial 130 finished with value: 644.2342559814454 and parameters: {'n_units': 1000, 'alpha': 0.4, 'sigma_in': 0.30000000000000004, 'rho': 0.2, 'tikh': 1e-07, 'option': 4, 'N_train': 20000, 'out_dim': 3, 'Normalization': 1}. Best is trial 119 with value: 0.718868899345398.
[I 2025-11-20 18:52:20,063] Trial 131 finished with value: 1.036284825205803 and parameters: {'n_units': 1000, 'alpha': 0.5, 'sigma_in': 0.30000000000000004, 'rho': 0.2, 'tikh': 0.1, 'option': 4, 'N_train': 20000, 'out_dim': 3, 'Normalization': 1}. Best is trial 119 with value: 0.718868899345398.
[I 2025-11-20 18:58:40,014] Trial 132 finished with value: 2.222274309396744 and parameters: {'n_units': 1000, 'alpha': 0.5, 'sigma_in': 0.4, 'rho': 0.2, 'tikh': 0.1, 'option': 4, 'N_train': 20000, 'out_dim': 3, 'Normalization': 1}. Best is trial 119 with value: 0.718868899345398.
[I 2025-11-20 19:04:19,515] Trial 133 finished with value: 0.9967923253774643 and parameters: {'n_units': 1000, 'alpha': 0.5, 'sigma_in': 0.30000000000000004, 'rho': 0.2, 'tikh': 0.1, 'option': 4, 'N_train': 20000, 'out_dim': 3, 'Normalization': 1}. Best is trial 119 with value: 0.718868899345398.
[I 2025-11-20 19:10:06,307] Trial 134 finished with value: 0.9033804893493652 and parameters: {'n_units': 1000, 'alpha': 0.5, 'sigma_in': 0.30000000000000004, 'rho': 0.1, 'tikh': 0.1, 'option': 4, 'N_train': 20000, 'out_dim': 3, 'Normalization': 1}. Best is trial 119 with value: 0.718868899345398.
[I 2025-11-20 19:15:08,993] Trial 135 finished with value: 0.7848531484603882 and parameters: {'n_units': 1000, 'alpha': 0.4, 'sigma_in': 0.30000000000000004, 'rho': 0.1, 'tikh': 0.1, 'option': 4, 'N_train': 20000, 'out_dim': 3, 'Normalization': 1}. Best is trial 119 with value: 0.718868899345398.
[I 2025-11-20 19:20:20,138] Trial 136 finished with value: 736.0243114233017 and parameters: {'n_units': 1000, 'alpha': 0.4, 'sigma_in': 0.30000000000000004, 'rho': 0.1, 'tikh': 1e-08, 'option': 4, 'N_train': 20000, 'out_dim': 3, 'Normalization': 1}. Best is trial 119 with value: 0.718868899345398.
[I 2025-11-20 19:25:51,609] Trial 137 finished with value: 2520.7857468605043 and parameters: {'n_units': 1000, 'alpha': 0.4, 'sigma_in': 0.30000000000000004, 'rho': 0.1, 'tikh': 1e-09, 'option': 4, 'N_train': 20000, 'out_dim': 3, 'Normalization': 1}. Best is trial 119 with value: 0.718868899345398.
[I 2025-11-20 19:31:42,776] Trial 138 finished with value: 0.6301579341292382 and parameters: {'n_units': 1000, 'alpha': 0.4, 'sigma_in': 0.30000000000000004, 'rho': 0.1, 'tikh': 0.1, 'option': 3, 'N_train': 20000, 'out_dim': 3, 'Normalization': 1}. Best is trial 138 with value: 0.6301579341292382.
[I 2025-11-20 19:36:25,885] Trial 139 finished with value: 0.33103675544261935 and parameters: {'n_units': 1000, 'alpha': 0.4, 'sigma_in': 0.4, 'rho': 0.1, 'tikh': 0.1, 'option': 3, 'N_train': 20000, 'out_dim': 3, 'Normalization': 1}. Best is trial 139 with value: 0.33103675544261935.
[I 2025-11-20 19:41:50,888] Trial 140 finished with value: 380.42752262353895 and parameters: {'n_units': 1000, 'alpha': 0.4, 'sigma_in': 0.4, 'rho': 0.1, 'tikh': 0.01, 'option': 3, 'N_train': 20000, 'out_dim': 3, 'Normalization': 1}. Best is trial 139 with value: 0.33103675544261935.
[I 2025-11-20 19:47:47,319] Trial 141 finished with value: 2.550444719195366 and parameters: {'n_units': 1000, 'alpha': 0.4, 'sigma_in': 0.6, 'rho': 0.1, 'tikh': 0.1, 'option': 3, 'N_train': 20000, 'out_dim': 3, 'Normalization': 1}. Best is trial 139 with value: 0.33103675544261935.
[I 2025-11-20 19:53:31,779] Trial 142 finished with value: 0.690783342719078 and parameters: {'n_units': 1000, 'alpha': 0.4, 'sigma_in': 0.30000000000000004, 'rho': 0.1, 'tikh': 0.1, 'option': 3, 'N_train': 20000, 'out_dim': 3, 'Normalization': 1}. Best is trial 139 with value: 0.33103675544261935.
[I 2025-11-20 19:59:54,181] Trial 143 finished with value: 0.6331993579864502 and parameters: {'n_units': 1000, 'alpha': 0.4, 'sigma_in': 0.4, 'rho': 0.1, 'tikh': 0.1, 'option': 3, 'N_train': 20000, 'out_dim': 3, 'Normalization': 1}. Best is trial 139 with value: 0.33103675544261935.
[I 2025-11-20 20:06:17,669] Trial 144 finished with value: 0.32942975461483004 and parameters: {'n_units': 1000, 'alpha': 0.4, 'sigma_in': 0.4, 'rho': 0.1, 'tikh': 0.1, 'option': 3, 'N_train': 20000, 'out_dim': 3, 'Normalization': 1}. Best is trial 144 with value: 0.32942975461483004.
[I 2025-11-20 20:12:38,333] Trial 145 finished with value: 0.6353176355361938 and parameters: {'n_units': 1000, 'alpha': 0.4, 'sigma_in': 0.4, 'rho': 0.1, 'tikh': 0.1, 'option': 3, 'N_train': 20000, 'out_dim': 3, 'Normalization': 1}. Best is trial 144 with value: 0.32942975461483004.
[I 2025-11-20 20:19:01,975] Trial 146 finished with value: 0.3587386429309845 and parameters: {'n_units': 1000, 'alpha': 0.4, 'sigma_in': 0.4, 'rho': 0.1, 'tikh': 0.1, 'option': 3, 'N_train': 20000, 'out_dim': 3, 'Normalization': 1}. Best is trial 144 with value: 0.32942975461483004.
[I 2025-11-20 20:24:57,799] Trial 147 finished with value: 0.40840864777565 and parameters: {'n_units': 1000, 'alpha': 0.4, 'sigma_in': 0.4, 'rho': 0.1, 'tikh': 0.1, 'option': 3, 'N_train': 20000, 'out_dim': 3, 'Normalization': 1}. Best is trial 144 with value: 0.32942975461483004.
[I 2025-11-20 20:31:09,406] Trial 148 finished with value: 0.3484949454665184 and parameters: {'n_units': 1000, 'alpha': 0.4, 'sigma_in': 0.4, 'rho': 0.1, 'tikh': 0.1, 'option': 3, 'N_train': 20000, 'out_dim': 3, 'Normalization': 1}. Best is trial 144 with value: 0.32942975461483004.
