[I 2025-11-20 06:08:22,348] Trial 37 finished with value: 0.06996875740587712 and parameters: {'n_units': 1000, 'alpha': 0.1, 'sigma_in': 0.30000000000000004, 'rho': 0.1, 'tikh': 0.1, 'option': 5, 'Normalization': 1}. Best is trial 28 with value: 0.027930472957086748.
[I 2025-11-20 06:14:01,729] Trial 24 finished with value: 0.8772851800080389 and parameters: {'n_units': 1000, 'alpha': 0.7000000000000001, 'sigma_in': 0.6, 'rho': 0.1, 'tikh': 0.1, 'option': 4, 'Normalization': 1}. Best is trial 24 with value: 0.8772851800080389.
[I 2025-11-20 06:17:51,752] Trial 21 finished with value: 1380.0236844826898 and parameters: {'n_units': 3000, 'alpha': 0.5, 'sigma_in': 0.6, 'rho': 0.1, 'tikh': 0.1, 'option': 5, 'Normalization': 1}. Best is trial 15 with value: 76.16770648956299.
[I 2025-11-20 06:20:24,521] Trial 25 finished with value: 0.003586612458457239 and parameters: {'n_units': 1000, 'alpha': 0.7000000000000001, 'sigma_in': 0.4, 'rho': 0.30000000000000004, 'tikh': 0.1, 'option': 4, 'Normalization': 1}. Best is trial 25 with value: 0.003586612458457239.
[I 2025-11-20 06:26:46,637] Trial 26 finished with value: 0.0027596002531936393 and parameters: {'n_units': 1000, 'alpha': 0.8, 'sigma_in': 0.4, 'rho': 0.30000000000000004, 'tikh': 0.1, 'option': 4, 'Normalization': 1}. Best is trial 26 with value: 0.0027596002531936393.
[I 2025-11-20 06:32:02,958] Trial 38 finished with value: 118.57920174151658 and parameters: {'n_units': 3000, 'alpha': 0.1, 'sigma_in': 0.30000000000000004, 'rho': 0.1, 'tikh': 0.01, 'option': 3, 'Normalization': 1}. Best is trial 28 with value: 0.027930472957086748.
[I 2025-11-20 06:33:59,597] Trial 27 finished with value: 0.0017791116348234936 and parameters: {'n_units': 1000, 'alpha': 0.8, 'sigma_in': 0.4, 'rho': 0.30000000000000004, 'tikh': 0.1, 'option': 4, 'Normalization': 1}. Best is trial 27 with value: 0.0017791116348234936.
[I 2025-11-20 06:38:08,245] Trial 39 finished with value: 407.4003714561462 and parameters: {'n_units': 1000, 'alpha': 0.2, 'sigma_in': 0.2, 'rho': 0.7000000000000001, 'tikh': 0.001, 'option': 5, 'Normalization': 1}. Best is trial 28 with value: 0.027930472957086748.
[I 2025-11-20 06:41:16,753] Trial 28 finished with value: 1.8835934340953826 and parameters: {'n_units': 1000, 'alpha': 0.8, 'sigma_in': 0.1, 'rho': 0.30000000000000004, 'tikh': 0.1, 'option': 3, 'Normalization': 1}. Best is trial 27 with value: 0.0017791116348234936.
[I 2025-11-20 06:43:51,322] Trial 22 finished with value: 88.74153941993136 and parameters: {'n_units': 3000, 'alpha': 0.5, 'sigma_in': 0.8, 'rho': 0.1, 'tikh': 0.1, 'option': 5, 'Normalization': 1}. Best is trial 15 with value: 76.16770648956299.
[I 2025-11-20 06:48:26,920] Trial 29 finished with value: 4990.372604370117 and parameters: {'n_units': 1000, 'alpha': 0.9, 'sigma_in': 0.4, 'rho': 0.4, 'tikh': 0.0001, 'option': 5, 'Normalization': 1}. Best is trial 27 with value: 0.0017791116348234936.
[I 2025-11-20 06:54:55,940] Trial 30 finished with value: 579.1228256225586 and parameters: {'n_units': 1000, 'alpha': 0.7000000000000001, 'sigma_in': 0.30000000000000004, 'rho': 0.5, 'tikh': 0.0001, 'option': 3, 'Normalization': 1}. Best is trial 27 with value: 0.0017791116348234936.
[I 2025-11-20 06:59:54,912] Trial 40 finished with value: 7099.36595852375 and parameters: {'n_units': 3000, 'alpha': 0.1, 'sigma_in': 0.30000000000000004, 'rho': 0.1, 'tikh': 0.0001, 'option': 5, 'Normalization': 1}. Best is trial 28 with value: 0.027930472957086748.
[I 2025-11-20 07:02:02,467] Trial 31 finished with value: 0.003656046962714754 and parameters: {'n_units': 1000, 'alpha': 0.8, 'sigma_in': 0.4, 'rho': 0.30000000000000004, 'tikh': 0.1, 'option': 4, 'Normalization': 1}. Best is trial 27 with value: 0.0017791116348234936.
[I 2025-11-20 07:06:31,914] Trial 41 finished with value: 0.5774954035878181 and parameters: {'n_units': 1000, 'alpha': 0.2, 'sigma_in': 0.2, 'rho': 0.2, 'tikh': 0.1, 'option': 5, 'Normalization': 1}. Best is trial 28 with value: 0.027930472957086748.
[I 2025-11-20 07:09:09,518] Trial 32 finished with value: 0.005690534704626771 and parameters: {'n_units': 1000, 'alpha': 0.8, 'sigma_in': 0.4, 'rho': 0.30000000000000004, 'tikh': 0.1, 'option': 4, 'Normalization': 1}. Best is trial 27 with value: 0.0017791116348234936.
[I 2025-11-20 07:11:29,150] Trial 23 finished with value: 115.14184656227008 and parameters: {'n_units': 3000, 'alpha': 0.6, 'sigma_in': 0.8, 'rho': 0.2, 'tikh': 0.1, 'option': 5, 'Normalization': 1}. Best is trial 15 with value: 76.16770648956299.
[I 2025-11-20 07:13:03,862] Trial 42 finished with value: 0.0019342189247254283 and parameters: {'n_units': 1000, 'alpha': 0.1, 'sigma_in': 0.1, 'rho': 0.1, 'tikh': 0.1, 'option': 5, 'Normalization': 1}. Best is trial 42 with value: 0.0019342189247254283.
[I 2025-11-20 07:16:14,566] Trial 33 finished with value: 0.020122920395806432 and parameters: {'n_units': 1000, 'alpha': 0.9, 'sigma_in': 0.30000000000000004, 'rho': 0.4, 'tikh': 0.1, 'option': 4, 'Normalization': 1}. Best is trial 27 with value: 0.0017791116348234936.
[I 2025-11-20 07:19:10,304] Trial 43 finished with value: 0.09976621642708779 and parameters: {'n_units': 1000, 'alpha': 0.1, 'sigma_in': 0.2, 'rho': 0.1, 'tikh': 0.1, 'option': 5, 'Normalization': 1}. Best is trial 42 with value: 0.0019342189247254283.
[I 2025-11-20 07:22:53,392] Trial 34 finished with value: 45.98259357532952 and parameters: {'n_units': 1000, 'alpha': 1.0, 'sigma_in': 0.5, 'rho': 0.5, 'tikh': 0.1, 'option': 4, 'Normalization': 1}. Best is trial 27 with value: 0.0017791116348234936.
[I 2025-11-20 07:25:46,702] Trial 44 finished with value: 0.008311988040804862 and parameters: {'n_units': 1000, 'alpha': 0.1, 'sigma_in': 0.2, 'rho': 0.1, 'tikh': 0.1, 'option': 3, 'Normalization': 1}. Best is trial 42 with value: 0.0019342189247254283.
[I 2025-11-20 07:29:28,530] Trial 35 finished with value: 0.12700018808245658 and parameters: {'n_units': 1000, 'alpha': 0.8, 'sigma_in': 0.2, 'rho': 0.30000000000000004, 'tikh': 0.1, 'option': 4, 'Normalization': 1}. Best is trial 27 with value: 0.0017791116348234936.
[I 2025-11-20 07:32:16,482] Trial 45 finished with value: 0.0004929581649776082 and parameters: {'n_units': 1000, 'alpha': 0.1, 'sigma_in': 0.30000000000000004, 'rho': 0.1, 'tikh': 0.1, 'option': 3, 'Normalization': 1}. Best is trial 45 with value: 0.0004929581649776082.
[I 2025-11-20 07:36:00,407] Trial 36 finished with value: 1425.2503400325775 and parameters: {'n_units': 1000, 'alpha': 0.7000000000000001, 'sigma_in': 0.4, 'rho': 0.2, 'tikh': 0.0001, 'option': 5, 'Normalization': 1}. Best is trial 27 with value: 0.0017791116348234936.
[I 2025-11-20 07:38:09,890] Trial 46 finished with value: 0.0003887784489052137 and parameters: {'n_units': 1000, 'alpha': 0.1, 'sigma_in': 0.30000000000000004, 'rho': 0.1, 'tikh': 0.1, 'option': 3, 'Normalization': 1}. Best is trial 46 with value: 0.0003887784489052137.
[I 2025-11-20 07:38:19,903] Trial 24 finished with value: 542.0119972229004 and parameters: {'n_units': 3000, 'alpha': 0.6, 'sigma_in': 1.0, 'rho': 0.2, 'tikh': 0.0001, 'option': 5, 'Normalization': 1}. Best is trial 15 with value: 76.16770648956299.
[I 2025-11-20 07:42:41,492] Trial 37 finished with value: 0.02895166613161564 and parameters: {'n_units': 1000, 'alpha': 0.9, 'sigma_in': 0.30000000000000004, 'rho': 0.30000000000000004, 'tikh': 0.1, 'option': 4, 'Normalization': 1}. Best is trial 27 with value: 0.0017791116348234936.
[I 2025-11-20 07:49:57,774] Trial 38 finished with value: 2370.604761123657 and parameters: {'n_units': 1000, 'alpha': 0.6, 'sigma_in': 0.1, 'rho': 0.4, 'tikh': 0.001, 'option': 3, 'Normalization': 1}. Best is trial 27 with value: 0.0017791116348234936.
[I 2025-11-20 07:56:49,530] Trial 39 finished with value: 43.71751952171326 and parameters: {'n_units': 1000, 'alpha': 0.7000000000000001, 'sigma_in': 0.5, 'rho': 0.5, 'tikh': 0.1, 'option': 5, 'Normalization': 1}. Best is trial 27 with value: 0.0017791116348234936.
[I 2025-11-20 08:01:55,080] Trial 47 finished with value: 18.20763391959481 and parameters: {'n_units': 3000, 'alpha': 0.2, 'sigma_in': 0.4, 'rho': 0.1, 'tikh': 0.1, 'option': 3, 'Normalization': 1}. Best is trial 46 with value: 0.0003887784489052137.
[I 2025-11-20 08:03:54,221] Trial 40 finished with value: 12675.556201171876 and parameters: {'n_units': 1000, 'alpha': 0.8, 'sigma_in': 0.2, 'rho': 0.2, 'tikh': 1e-05, 'option': 4, 'Normalization': 1}. Best is trial 27 with value: 0.0017791116348234936.
[I 2025-11-20 08:05:39,586] Trial 25 finished with value: 719.7809593200684 and parameters: {'n_units': 3000, 'alpha': 0.8, 'sigma_in': 0.8, 'rho': 0.7000000000000001, 'tikh': 0.001, 'option': 5, 'Normalization': 1}. Best is trial 15 with value: 76.16770648956299.
[I 2025-11-20 08:08:07,042] Trial 48 finished with value: 16492.676603698732 and parameters: {'n_units': 1000, 'alpha': 0.1, 'sigma_in': 0.7000000000000001, 'rho': 0.9, 'tikh': 1e-05, 'option': 3, 'Normalization': 1}. Best is trial 46 with value: 0.0003887784489052137.
[I 2025-11-20 08:10:44,554] Trial 41 finished with value: 0.0033872629988763946 and parameters: {'n_units': 1000, 'alpha': 0.8, 'sigma_in': 0.4, 'rho': 0.30000000000000004, 'tikh': 0.1, 'option': 4, 'Normalization': 1}. Best is trial 27 with value: 0.0017791116348234936.
[I 2025-11-20 08:14:42,054] Trial 49 finished with value: 0.002201548678567633 and parameters: {'n_units': 1000, 'alpha': 0.2, 'sigma_in': 0.30000000000000004, 'rho': 0.30000000000000004, 'tikh': 0.1, 'option': 3, 'Normalization': 1}. Best is trial 46 with value: 0.0003887784489052137.
[I 2025-11-20 08:17:38,643] Trial 42 finished with value: 0.0019527412085153628 and parameters: {'n_units': 1000, 'alpha': 0.7000000000000001, 'sigma_in': 0.4, 'rho': 0.4, 'tikh': 0.1, 'option': 4, 'Normalization': 1}. Best is trial 27 with value: 0.0017791116348234936.
[I 2025-11-20 08:20:59,878] Trial 50 finished with value: 4169.6160021781925 and parameters: {'n_units': 1000, 'alpha': 0.1, 'sigma_in': 0.30000000000000004, 'rho': 0.30000000000000004, 'tikh': 0.0001, 'option': 3, 'Normalization': 1}. Best is trial 46 with value: 0.0003887784489052137.
[I 2025-11-20 08:23:44,916] Trial 43 finished with value: 3.8538582483597565 and parameters: {'n_units': 1000, 'alpha': 0.7000000000000001, 'sigma_in': 0.5, 'rho': 0.4, 'tikh': 0.1, 'option': 4, 'Normalization': 1}. Best is trial 27 with value: 0.0017791116348234936.
[I 2025-11-20 08:27:24,323] Trial 51 finished with value: 0.00032730573184380773 and parameters: {'n_units': 1000, 'alpha': 0.1, 'sigma_in': 0.30000000000000004, 'rho': 0.1, 'tikh': 0.1, 'option': 3, 'Normalization': 1}. Best is trial 51 with value: 0.00032730573184380773.
[I 2025-11-20 08:30:13,466] Trial 44 finished with value: 2151.637097454071 and parameters: {'n_units': 1000, 'alpha': 0.6, 'sigma_in': 0.30000000000000004, 'rho': 0.4, 'tikh': 0.001, 'option': 4, 'Normalization': 1}. Best is trial 27 with value: 0.0017791116348234936.
[I 2025-11-20 08:32:22,035] Trial 26 finished with value: 117.06289672851562 and parameters: {'n_units': 3000, 'alpha': 0.30000000000000004, 'sigma_in': 0.9, 'rho': 0.30000000000000004, 'tikh': 0.1, 'option': 5, 'Normalization': 1}. Best is trial 15 with value: 76.16770648956299.
[I 2025-11-20 08:34:00,285] Trial 52 finished with value: 0.002506139103206806 and parameters: {'n_units': 1000, 'alpha': 0.1, 'sigma_in': 0.4, 'rho': 0.30000000000000004, 'tikh': 0.1, 'option': 3, 'Normalization': 1}. Best is trial 51 with value: 0.00032730573184380773.
[I 2025-11-20 08:36:55,401] Trial 45 finished with value: 0.0057324110239278525 and parameters: {'n_units': 1000, 'alpha': 1.0, 'sigma_in': 0.4, 'rho': 0.2, 'tikh': 0.1, 'option': 4, 'Normalization': 1}. Best is trial 27 with value: 0.0017791116348234936.
[I 2025-11-20 08:40:43,471] Trial 53 finished with value: 0.001484698324202327 and parameters: {'n_units': 1000, 'alpha': 0.2, 'sigma_in': 0.5, 'rho': 0.5, 'tikh': 0.1, 'option': 3, 'Normalization': 1}. Best is trial 51 with value: 0.00032730573184380773.
[I 2025-11-20 08:43:37,343] Trial 46 finished with value: 1132.1498011935619 and parameters: {'n_units': 1000, 'alpha': 0.9, 'sigma_in': 0.5, 'rho': 0.30000000000000004, 'tikh': 0.1, 'option': 4, 'Normalization': 1}. Best is trial 27 with value: 0.0017791116348234936.
[I 2025-11-20 08:47:01,419] Trial 54 finished with value: 99.96962269924188 and parameters: {'n_units': 1000, 'alpha': 0.2, 'sigma_in': 0.5, 'rho': 0.7000000000000001, 'tikh': 0.1, 'option': 3, 'Normalization': 1}. Best is trial 51 with value: 0.00032730573184380773.
[I 2025-11-20 08:50:19,600] Trial 47 finished with value: 16.971339075337163 and parameters: {'n_units': 1000, 'alpha': 0.6, 'sigma_in': 0.6, 'rho': 0.4, 'tikh': 0.1, 'option': 4, 'Normalization': 1}. Best is trial 27 with value: 0.0017791116348234936.
[I 2025-11-20 08:53:02,131] Trial 55 finished with value: 36.062443904014074 and parameters: {'n_units': 1000, 'alpha': 0.2, 'sigma_in': 0.6, 'rho': 0.5, 'tikh': 0.1, 'option': 3, 'Normalization': 1}. Best is trial 51 with value: 0.00032730573184380773.
[I 2025-11-20 08:57:05,399] Trial 48 finished with value: 856.7724144935607 and parameters: {'n_units': 1000, 'alpha': 0.8, 'sigma_in': 0.4, 'rho': 0.6, 'tikh': 0.1, 'option': 5, 'Normalization': 1}. Best is trial 27 with value: 0.0017791116348234936.
[I 2025-11-20 08:57:26,159] Trial 27 finished with value: 20832.09116897583 and parameters: {'n_units': 3000, 'alpha': 0.7000000000000001, 'sigma_in': 0.8, 'rho': 0.6, 'tikh': 0.1, 'option': 5, 'Normalization': 1}. Best is trial 15 with value: 76.16770648956299.
[I 2025-11-20 09:03:58,565] Trial 49 finished with value: 130564.9820678711 and parameters: {'n_units': 1000, 'alpha': 0.7000000000000001, 'sigma_in': 0.2, 'rho': 0.4, 'tikh': 0.0001, 'option': 4, 'Normalization': 1}. Best is trial 27 with value: 0.0017791116348234936.
[I 2025-11-20 09:11:02,359] Trial 50 finished with value: 2799.36692237854 and parameters: {'n_units': 1000, 'alpha': 0.9, 'sigma_in': 0.30000000000000004, 'rho': 0.7000000000000001, 'tikh': 0.001, 'option': 4, 'Normalization': 1}. Best is trial 27 with value: 0.0017791116348234936.
[I 2025-11-20 09:16:50,835] Trial 56 finished with value: 32416.244942188263 and parameters: {'n_units': 3000, 'alpha': 0.1, 'sigma_in': 0.5, 'rho': 0.4, 'tikh': 0.01, 'option': 3, 'Normalization': 1}. Best is trial 51 with value: 0.00032730573184380773.
[I 2025-11-20 09:18:20,248] Trial 51 finished with value: 0.0017696887574857102 and parameters: {'n_units': 1000, 'alpha': 0.8, 'sigma_in': 0.4, 'rho': 0.30000000000000004, 'tikh': 0.1, 'option': 4, 'Normalization': 1}. Best is trial 51 with value: 0.0017696887574857102.
[I 2025-11-20 09:22:50,438] Trial 57 finished with value: 421.42875905520634 and parameters: {'n_units': 1000, 'alpha': 0.2, 'sigma_in': 0.7000000000000001, 'rho': 0.6, 'tikh': 0.1, 'option': 3, 'Normalization': 1}. Best is trial 51 with value: 0.00032730573184380773.
[I 2025-11-20 09:24:27,328] Trial 28 finished with value: 58.916779088973996 and parameters: {'n_units': 3000, 'alpha': 0.4, 'sigma_in': 0.9, 'rho': 0.2, 'tikh': 0.001, 'option': 3, 'Normalization': 1}. Best is trial 28 with value: 58.916779088973996.
[I 2025-11-20 09:24:46,942] Trial 52 finished with value: 5.058344797813334 and parameters: {'n_units': 1000, 'alpha': 0.7000000000000001, 'sigma_in': 0.5, 'rho': 0.30000000000000004, 'tikh': 0.1, 'option': 4, 'Normalization': 1}. Best is trial 51 with value: 0.0017696887574857102.
[I 2025-11-20 09:29:54,942] Trial 58 finished with value: 0.0035063079034443946 and parameters: {'n_units': 1000, 'alpha': 0.2, 'sigma_in': 0.4, 'rho': 0.2, 'tikh': 0.1, 'option': 3, 'Normalization': 1}. Best is trial 51 with value: 0.00032730573184380773.
[I 2025-11-20 09:31:41,416] Trial 53 finished with value: 0.002325473181554116 and parameters: {'n_units': 1000, 'alpha': 0.8, 'sigma_in': 0.4, 'rho': 0.30000000000000004, 'tikh': 0.1, 'option': 4, 'Normalization': 1}. Best is trial 51 with value: 0.0017696887574857102.
[I 2025-11-20 09:36:22,779] Trial 59 finished with value: 1081.7556101799012 and parameters: {'n_units': 1000, 'alpha': 0.1, 'sigma_in': 0.30000000000000004, 'rho': 0.5, 'tikh': 0.001, 'option': 3, 'Normalization': 1}. Best is trial 51 with value: 0.00032730573184380773.
[I 2025-11-20 09:38:59,508] Trial 54 finished with value: 3029.1826402783395 and parameters: {'n_units': 1000, 'alpha': 0.8, 'sigma_in': 0.30000000000000004, 'rho': 0.2, 'tikh': 0.01, 'option': 4, 'Normalization': 1}. Best is trial 51 with value: 0.0017696887574857102.
[I 2025-11-20 09:42:47,630] Trial 60 finished with value: 31.71886317753306 and parameters: {'n_units': 1000, 'alpha': 0.1, 'sigma_in': 0.9, 'rho': 0.30000000000000004, 'tikh': 0.1, 'option': 3, 'Normalization': 1}. Best is trial 51 with value: 0.00032730573184380773.
[I 2025-11-20 09:45:47,716] Trial 55 finished with value: 0.0040201613970566544 and parameters: {'n_units': 1000, 'alpha': 0.9, 'sigma_in': 0.4, 'rho': 0.2, 'tikh': 0.1, 'option': 4, 'Normalization': 1}. Best is trial 51 with value: 0.0017696887574857102.
[I 2025-11-20 09:49:35,699] Trial 61 finished with value: 0.006373614052790799 and parameters: {'n_units': 1000, 'alpha': 0.1, 'sigma_in': 0.4, 'rho': 0.7000000000000001, 'tikh': 0.1, 'option': 3, 'Normalization': 1}. Best is trial 51 with value: 0.00032730573184380773.
[I 2025-11-20 09:52:16,061] Trial 29 finished with value: 17770.694656562806 and parameters: {'n_units': 3000, 'alpha': 0.4, 'sigma_in': 1.0, 'rho': 0.30000000000000004, 'tikh': 0.001, 'option': 3, 'Normalization': 1}. Best is trial 28 with value: 58.916779088973996.
[I 2025-11-20 09:52:32,619] Trial 56 finished with value: 46.47412470410345 and parameters: {'n_units': 1000, 'alpha': 0.8, 'sigma_in': 0.5, 'rho': 0.5, 'tikh': 0.1, 'option': 4, 'Normalization': 1}. Best is trial 51 with value: 0.0017696887574857102.
[I 2025-11-20 09:56:09,922] Trial 62 finished with value: 0.0029778471449390053 and parameters: {'n_units': 1000, 'alpha': 0.1, 'sigma_in': 0.4, 'rho': 0.30000000000000004, 'tikh': 0.1, 'option': 3, 'Normalization': 1}. Best is trial 51 with value: 0.00032730573184380773.
[I 2025-11-20 10:02:20,219] Trial 63 finished with value: 0.0013299710961291566 and parameters: {'n_units': 1000, 'alpha': 0.2, 'sigma_in': 0.5, 'rho': 0.2, 'tikh': 0.1, 'option': 3, 'Normalization': 1}. Best is trial 51 with value: 0.00032730573184380773.
[I 2025-11-20 10:08:37,660] Trial 64 finished with value: 0.003057351405732334 and parameters: {'n_units': 1000, 'alpha': 0.2, 'sigma_in': 0.5, 'rho': 0.2, 'tikh': 0.1, 'option': 3, 'Normalization': 1}. Best is trial 51 with value: 0.00032730573184380773.
[I 2025-11-20 10:14:33,136] Trial 65 finished with value: 15119.097482013702 and parameters: {'n_units': 1000, 'alpha': 0.2, 'sigma_in': 0.6, 'rho': 0.2, 'tikh': 1e-05, 'option': 3, 'Normalization': 1}. Best is trial 51 with value: 0.00032730573184380773.
[I 2025-11-20 10:19:25,643] Trial 30 finished with value: 88963.23143463135 and parameters: {'n_units': 3000, 'alpha': 0.2, 'sigma_in': 0.9, 'rho': 1.0, 'tikh': 0.001, 'option': 3, 'Normalization': 1}. Best is trial 28 with value: 58.916779088973996.
[I 2025-11-20 10:19:26,968] Trial 57 finished with value: 20836.847621465102 and parameters: {'n_units': 3000, 'alpha': 1.0, 'sigma_in': 0.6, 'rho': 0.30000000000000004, 'tikh': 0.1, 'option': 4, 'Normalization': 1}. Best is trial 51 with value: 0.0017696887574857102.
[I 2025-11-20 10:20:56,974] Trial 66 finished with value: 0.0030118074617348613 and parameters: {'n_units': 1000, 'alpha': 0.4, 'sigma_in': 0.5, 'rho': 0.1, 'tikh': 0.1, 'option': 3, 'Normalization': 1}. Best is trial 51 with value: 0.00032730573184380773.
[I 2025-11-20 10:26:25,420] Trial 58 finished with value: 43802.068358230594 and parameters: {'n_units': 1000, 'alpha': 0.9, 'sigma_in': 0.30000000000000004, 'rho': 0.4, 'tikh': 1e-05, 'option': 3, 'Normalization': 1}. Best is trial 51 with value: 0.0017696887574857102.
[I 2025-11-20 10:27:27,150] Trial 67 finished with value: 3990.0525688171388 and parameters: {'n_units': 1000, 'alpha': 0.30000000000000004, 'sigma_in': 0.30000000000000004, 'rho': 0.2, 'tikh': 0.0001, 'option': 3, 'Normalization': 1}. Best is trial 51 with value: 0.00032730573184380773.
[I 2025-11-20 10:33:08,345] Trial 59 finished with value: 0.0018908058205852284 and parameters: {'n_units': 1000, 'alpha': 0.8, 'sigma_in': 0.4, 'rho': 0.30000000000000004, 'tikh': 0.1, 'option': 4, 'Normalization': 1}. Best is trial 51 with value: 0.0017696887574857102.
[I 2025-11-20 10:40:00,618] Trial 60 finished with value: 404.2540112614632 and parameters: {'n_units': 1000, 'alpha': 0.8, 'sigma_in': 0.5, 'rho': 0.2, 'tikh': 0.01, 'option': 4, 'Normalization': 1}. Best is trial 51 with value: 0.0017696887574857102.
[I 2025-11-20 10:45:23,955] Trial 31 finished with value: 160.84066034555434 and parameters: {'n_units': 3000, 'alpha': 0.6, 'sigma_in': 0.9, 'rho': 0.2, 'tikh': 0.01, 'option': 3, 'Normalization': 1}. Best is trial 28 with value: 58.916779088973996.
[I 2025-11-20 10:47:01,069] Trial 61 finished with value: 0.0025116011915088166 and parameters: {'n_units': 1000, 'alpha': 0.8, 'sigma_in': 0.4, 'rho': 0.30000000000000004, 'tikh': 0.1, 'option': 4, 'Normalization': 1}. Best is trial 51 with value: 0.0017696887574857102.
[I 2025-11-20 10:52:25,545] Trial 68 finished with value: 13.51793575361371 and parameters: {'n_units': 3000, 'alpha': 0.9, 'sigma_in': 0.5, 'rho': 0.1, 'tikh': 0.1, 'option': 3, 'Normalization': 1}. Best is trial 51 with value: 0.00032730573184380773.
[I 2025-11-20 10:53:50,728] Trial 62 finished with value: 0.0040418288263026625 and parameters: {'n_units': 1000, 'alpha': 0.7000000000000001, 'sigma_in': 0.4, 'rho': 0.30000000000000004, 'tikh': 0.1, 'option': 4, 'Normalization': 1}. Best is trial 51 with value: 0.0017696887574857102.
