[I 2026-07-08 22:55:37,034] Trial 64 finished with value: 0.3899199962615967 and parameters: {'n_units': 3, 'alpha': 0.7000000000000001, 'sigma_in': 0.1, 'rho': 0.2, 'tikh': 0.1, 'bias': 0, 'option': 2, 'tau': 2, 'method': 'Logistic', 'connectivity': 1.0, 'I_type': 1, 'mode': 1, 'block_dim': 1}. Best is trial 31 with value: 0.8387575745582581.
[I 2026-07-08 22:57:17,677] Trial 65 finished with value: 0.769974946975708 and parameters: {'n_units': 3, 'alpha': 0.2, 'sigma_in': 0.9, 'rho': 0.4, 'tikh': 1, 'bias': 0, 'option': 2, 'tau': 2, 'method': 'Logistic', 'connectivity': 1.0, 'I_type': 1, 'mode': 1, 'block_dim': 1}. Best is trial 31 with value: 0.8387575745582581.
[I 2026-07-08 23:00:21,727] Trial 66 finished with value: 0.3902079164981842 and parameters: {'n_units': 5, 'alpha': 0.6, 'sigma_in': 0.5, 'rho': 0.4, 'tikh': 0.1, 'bias': 0, 'option': 2, 'tau': 2, 'method': 'Logistic', 'connectivity': 0.5, 'I_type': 1, 'mode': 1, 'block_dim': 1}. Best is trial 31 with value: 0.8387575745582581.
[I 2026-07-08 23:01:42,513] Trial 67 finished with value: 0.49331241846084595 and parameters: {'n_units': 2, 'alpha': 0.7000000000000001, 'sigma_in': 0.2, 'rho': 0.5, 'tikh': 0.1, 'bias': 0, 'option': 2, 'tau': 2, 'method': 'Logistic', 'connectivity': 1.0, 'I_type': 1, 'mode': 1, 'block_dim': 1}. Best is trial 31 with value: 0.8387575745582581.
[I 2026-07-08 23:03:23,504] Trial 68 finished with value: 0.401089072227478 and parameters: {'n_units': 3, 'alpha': 0.30000000000000004, 'sigma_in': 0.9, 'rho': 0.6, 'tikh': 0.1, 'bias': 0, 'option': 2, 'tau': 2, 'method': 'Logistic', 'connectivity': 1.0, 'I_type': 1, 'mode': 1, 'block_dim': 1}. Best is trial 31 with value: 0.8387575745582581.
[I 2026-07-08 23:04:44,775] Trial 69 finished with value: 0.427239328622818 and parameters: {'n_units': 2, 'alpha': 0.4, 'sigma_in': 0.1, 'rho': 0.2, 'tikh': 0.1, 'bias': 0, 'option': 2, 'tau': 2, 'method': 'Logistic', 'connectivity': 0.5, 'I_type': 1, 'mode': 1, 'block_dim': 1}. Best is trial 31 with value: 0.8387575745582581.
[I 2026-07-08 23:06:05,474] Trial 70 finished with value: 0.7804713845252991 and parameters: {'n_units': 2, 'alpha': 0.4, 'sigma_in': 0.6, 'rho': 0.5, 'tikh': 1, 'bias': 0, 'option': 2, 'tau': 2, 'method': 'Logistic', 'connectivity': 0.5, 'I_type': 1, 'mode': 1, 'block_dim': 1}. Best is trial 31 with value: 0.8387575745582581.
[I 2026-07-08 23:07:46,304] Trial 71 finished with value: 0.7214658260345459 and parameters: {'n_units': 3, 'alpha': 0.8, 'sigma_in': 0.2, 'rho': 0.7000000000000001, 'tikh': 1, 'bias': 0, 'option': 2, 'tau': 2, 'method': 'Logistic', 'connectivity': 0.5, 'I_type': 1, 'mode': 1, 'block_dim': 1}. Best is trial 31 with value: 0.8387575745582581.
[I 2026-07-08 23:09:26,918] Trial 72 finished with value: 0.7481623291969299 and parameters: {'n_units': 3, 'alpha': 0.30000000000000004, 'sigma_in': 0.9, 'rho': 0.9, 'tikh': 1, 'bias': 0, 'option': 2, 'tau': 2, 'method': 'Logistic', 'connectivity': 1.0, 'I_type': 1, 'mode': 1, 'block_dim': 1}. Best is trial 31 with value: 0.8387575745582581.
[I 2026-07-08 23:12:31,320] Trial 73 finished with value: 0.48855990171432495 and parameters: {'n_units': 5, 'alpha': 1.0, 'sigma_in': 1.0, 'rho': 0.8, 'tikh': 0.1, 'bias': 0, 'option': 2, 'tau': 2, 'method': 'Logistic', 'connectivity': 0.5, 'I_type': 1, 'mode': 1, 'block_dim': 1}. Best is trial 31 with value: 0.8387575745582581.
[I 2026-07-08 23:14:45,036] Trial 74 finished with value: 0.426644891500473 and parameters: {'n_units': 4, 'alpha': 0.9, 'sigma_in': 0.8, 'rho': 0.30000000000000004, 'tikh': 0.1, 'bias': 0, 'option': 2, 'tau': 2, 'method': 'Logistic', 'connectivity': 1.0, 'I_type': 1, 'mode': 1, 'block_dim': 1}. Best is trial 31 with value: 0.8387575745582581.
[I 2026-07-08 23:16:25,995] Trial 75 finished with value: 0.6411784291267395 and parameters: {'n_units': 3, 'alpha': 0.5, 'sigma_in': 0.30000000000000004, 'rho': 0.8, 'tikh': 1, 'bias': 0, 'option': 2, 'tau': 2, 'method': 'Logistic', 'connectivity': 0.5, 'I_type': 1, 'mode': 1, 'block_dim': 1}. Best is trial 31 with value: 0.8387575745582581.
[I 2026-07-08 23:18:38,823] Trial 76 finished with value: 0.6562897562980652 and parameters: {'n_units': 4, 'alpha': 0.8, 'sigma_in': 0.2, 'rho': 0.6, 'tikh': 1, 'bias': 0, 'option': 2, 'tau': 2, 'method': 'Logistic', 'connectivity': 0.5, 'I_type': 1, 'mode': 1, 'block_dim': 1}. Best is trial 31 with value: 0.8387575745582581.
[I 2026-07-08 23:20:51,293] Trial 77 finished with value: 0.7479578852653503 and parameters: {'n_units': 4, 'alpha': 0.2, 'sigma_in': 0.6, 'rho': 0.2, 'tikh': 1, 'bias': 0, 'option': 2, 'tau': 2, 'method': 'Logistic', 'connectivity': 0.5, 'I_type': 1, 'mode': 1, 'block_dim': 1}. Best is trial 31 with value: 0.8387575745582581.
[I 2026-07-08 23:24:01,672] Trial 78 finished with value: 0.44703009724617004 and parameters: {'n_units': 4, 'alpha': 0.1, 'sigma_in': 0.5, 'rho': 1.0, 'tikh': 0.1, 'bias': 0, 'option': 2, 'tau': 2, 'method': 'Logistic', 'connectivity': 1.0, 'I_type': 1, 'mode': 1, 'block_dim': 1}. Best is trial 31 with value: 0.8387575745582581.
[I 2026-07-08 23:28:24,358] Trial 79 finished with value: 0.7189324498176575 and parameters: {'n_units': 5, 'alpha': 0.7000000000000001, 'sigma_in': 0.4, 'rho': 0.9, 'tikh': 1, 'bias': 0, 'option': 2, 'tau': 2, 'method': 'Logistic', 'connectivity': 1.0, 'I_type': 1, 'mode': 1, 'block_dim': 1}. Best is trial 31 with value: 0.8387575745582581.
[I 2026-07-08 23:31:58,071] Trial 80 finished with value: 0.6297865509986877 and parameters: {'n_units': 4, 'alpha': 0.4, 'sigma_in': 0.30000000000000004, 'rho': 0.5, 'tikh': 1, 'bias': 0, 'option': 2, 'tau': 2, 'method': 'Logistic', 'connectivity': 0.5, 'I_type': 1, 'mode': 1, 'block_dim': 1}. Best is trial 31 with value: 0.8387575745582581.
[I 2026-07-08 23:34:57,411] Trial 81 finished with value: 0.741165816783905 and parameters: {'n_units': 3, 'alpha': 0.4, 'sigma_in': 1.0, 'rho': 0.30000000000000004, 'tikh': 1, 'bias': 0, 'option': 2, 'tau': 2, 'method': 'Logistic', 'connectivity': 0.5, 'I_type': 1, 'mode': 1, 'block_dim': 1}. Best is trial 31 with value: 0.8387575745582581.
[I 2026-07-08 23:39:08,281] Trial 82 finished with value: 0.7581408619880676 and parameters: {'n_units': 5, 'alpha': 0.7000000000000001, 'sigma_in': 0.4, 'rho': 1.0, 'tikh': 1, 'bias': 0, 'option': 2, 'tau': 2, 'method': 'Logistic', 'connectivity': 0.5, 'I_type': 1, 'mode': 1, 'block_dim': 1}. Best is trial 31 with value: 0.8387575745582581.
[I 2026-07-08 23:42:27,935] Trial 83 finished with value: 0.46589773893356323 and parameters: {'n_units': 4, 'alpha': 0.7000000000000001, 'sigma_in': 0.9, 'rho': 0.2, 'tikh': 0.1, 'bias': 0, 'option': 2, 'tau': 2, 'method': 'Logistic', 'connectivity': 1.0, 'I_type': 1, 'mode': 1, 'block_dim': 1}. Best is trial 31 with value: 0.8387575745582581.
[I 2026-07-08 23:44:47,935] Trial 84 finished with value: 0.845866322517395 and parameters: {'n_units': 2, 'alpha': 1.0, 'sigma_in': 1.0, 'rho': 0.1, 'tikh': 1, 'bias': 0, 'option': 2, 'tau': 2, 'method': 'Logistic', 'connectivity': 1.0, 'I_type': 1, 'mode': 1, 'block_dim': 1}. Best is trial 84 with value: 0.845866322517395.
[I 2026-07-08 23:47:35,917] Trial 85 finished with value: 0.7713096737861633 and parameters: {'n_units': 3, 'alpha': 0.9, 'sigma_in': 0.9, 'rho': 0.4, 'tikh': 1, 'bias': 0, 'option': 2, 'tau': 2, 'method': 'Logistic', 'connectivity': 0.5, 'I_type': 1, 'mode': 1, 'block_dim': 1}. Best is trial 84 with value: 0.845866322517395.
[I 2026-07-08 23:50:16,934] Trial 86 finished with value: 0.44857069849967957 and parameters: {'n_units': 4, 'alpha': 0.2, 'sigma_in': 0.4, 'rho': 1.0, 'tikh': 0.1, 'bias': 0, 'option': 2, 'tau': 2, 'method': 'Logistic', 'connectivity': 0.5, 'I_type': 1, 'mode': 1, 'block_dim': 1}. Best is trial 84 with value: 0.845866322517395.
[I 2026-07-08 23:52:51,116] Trial 87 finished with value: 0.4314548969268799 and parameters: {'n_units': 3, 'alpha': 0.30000000000000004, 'sigma_in': 0.6, 'rho': 0.5, 'tikh': 0.1, 'bias': 0, 'option': 2, 'tau': 2, 'method': 'Logistic', 'connectivity': 0.5, 'I_type': 1, 'mode': 1, 'block_dim': 1}. Best is trial 84 with value: 0.845866322517395.
[I 2026-07-08 23:56:50,590] Trial 88 finished with value: 0.47959738969802856 and parameters: {'n_units': 5, 'alpha': 0.9, 'sigma_in': 1.0, 'rho': 0.5, 'tikh': 0.1, 'bias': 0, 'option': 2, 'tau': 2, 'method': 'Logistic', 'connectivity': 1.0, 'I_type': 1, 'mode': 1, 'block_dim': 1}. Best is trial 84 with value: 0.845866322517395.
[I 2026-07-08 23:59:37,840] Trial 89 finished with value: 0.46514108777046204 and parameters: {'n_units': 4, 'alpha': 0.1, 'sigma_in': 0.5, 'rho': 1.0, 'tikh': 0.1, 'bias': 0, 'option': 2, 'tau': 2, 'method': 'Logistic', 'connectivity': 1.0, 'I_type': 1, 'mode': 1, 'block_dim': 1}. Best is trial 84 with value: 0.845866322517395.
[I 2026-07-09 00:03:22,566] Trial 90 finished with value: 0.5997391939163208 and parameters: {'n_units': 5, 'alpha': 0.5, 'sigma_in': 0.1, 'rho': 0.30000000000000004, 'tikh': 1, 'bias': 0, 'option': 2, 'tau': 2, 'method': 'Logistic', 'connectivity': 1.0, 'I_type': 1, 'mode': 1, 'block_dim': 1}. Best is trial 84 with value: 0.845866322517395.
[I 2026-07-09 00:05:58,717] Trial 91 finished with value: 0.43088698387145996 and parameters: {'n_units': 3, 'alpha': 0.4, 'sigma_in': 0.6, 'rho': 0.1, 'tikh': 0.1, 'bias': 0, 'option': 2, 'tau': 2, 'method': 'Logistic', 'connectivity': 0.5, 'I_type': 1, 'mode': 1, 'block_dim': 1}. Best is trial 84 with value: 0.845866322517395.
[I 2026-07-09 00:08:17,184] Trial 92 finished with value: 0.7325074672698975 and parameters: {'n_units': 2, 'alpha': 0.1, 'sigma_in': 0.9, 'rho': 0.30000000000000004, 'tikh': 1, 'bias': 0, 'option': 2, 'tau': 2, 'method': 'Logistic', 'connectivity': 0.5, 'I_type': 1, 'mode': 1, 'block_dim': 1}. Best is trial 84 with value: 0.845866322517395.
[I 2026-07-09 00:12:08,020] Trial 93 finished with value: 0.43340593576431274 and parameters: {'n_units': 5, 'alpha': 0.2, 'sigma_in': 0.5, 'rho': 0.8, 'tikh': 0.1, 'bias': 0, 'option': 2, 'tau': 2, 'method': 'Logistic', 'connectivity': 0.5, 'I_type': 1, 'mode': 1, 'block_dim': 1}. Best is trial 84 with value: 0.845866322517395.
[I 2026-07-09 00:15:22,980] Trial 94 finished with value: 0.4795309603214264 and parameters: {'n_units': 5, 'alpha': 0.9, 'sigma_in': 0.8, 'rho': 0.6, 'tikh': 0.1, 'bias': 0, 'option': 2, 'tau': 2, 'method': 'Logistic', 'connectivity': 0.5, 'I_type': 1, 'mode': 1, 'block_dim': 1}. Best is trial 84 with value: 0.845866322517395.
[I 2026-07-09 00:18:34,724] Trial 95 finished with value: 0.709097683429718 and parameters: {'n_units': 5, 'alpha': 0.5, 'sigma_in': 0.8, 'rho': 0.4, 'tikh': 1, 'bias': 0, 'option': 2, 'tau': 2, 'method': 'Logistic', 'connectivity': 1.0, 'I_type': 1, 'mode': 1, 'block_dim': 1}. Best is trial 84 with value: 0.845866322517395.
[I 2026-07-09 00:20:22,236] Trial 96 finished with value: 0.7294346690177917 and parameters: {'n_units': 3, 'alpha': 0.30000000000000004, 'sigma_in': 0.7000000000000001, 'rho': 1.0, 'tikh': 1, 'bias': 0, 'option': 2, 'tau': 2, 'method': 'Logistic', 'connectivity': 0.5, 'I_type': 1, 'mode': 1, 'block_dim': 1}. Best is trial 84 with value: 0.845866322517395.
[I 2026-07-09 00:22:36,432] Trial 97 finished with value: 0.7992730736732483 and parameters: {'n_units': 4, 'alpha': 1.0, 'sigma_in': 0.2, 'rho': 0.4, 'tikh': 1, 'bias': 0, 'option': 2, 'tau': 2, 'method': 'Logistic', 'connectivity': 0.5, 'I_type': 1, 'mode': 1, 'block_dim': 1}. Best is trial 84 with value: 0.845866322517395.
[I 2026-07-09 00:24:43,194] Trial 98 finished with value: 0.7356753349304199 and parameters: {'n_units': 4, 'alpha': 0.1, 'sigma_in': 0.9, 'rho': 0.2, 'tikh': 1, 'bias': 0, 'option': 2, 'tau': 2, 'method': 'Logistic', 'connectivity': 1.0, 'I_type': 1, 'mode': 1, 'block_dim': 1}. Best is trial 84 with value: 0.845866322517395.
[I 2026-07-09 00:25:58,362] Trial 99 finished with value: 0.6533786058425903 and parameters: {'n_units': 2, 'alpha': 0.6, 'sigma_in': 0.2, 'rho': 1.0, 'tikh': 1, 'bias': 0, 'option': 2, 'tau': 2, 'method': 'Logistic', 'connectivity': 1.0, 'I_type': 1, 'mode': 1, 'block_dim': 1}. Best is trial 84 with value: 0.845866322517395.
[I 2026-07-09 00:28:06,164] Trial 100 finished with value: 0.43705040216445923 and parameters: {'n_units': 4, 'alpha': 0.2, 'sigma_in': 0.8, 'rho': 0.30000000000000004, 'tikh': 0.1, 'bias': 0, 'option': 2, 'tau': 2, 'method': 'Logistic', 'connectivity': 1.0, 'I_type': 1, 'mode': 1, 'block_dim': 1}. Best is trial 84 with value: 0.845866322517395.
[I 2026-07-09 00:29:21,299] Trial 101 finished with value: 0.6840639710426331 and parameters: {'n_units': 2, 'alpha': 0.2, 'sigma_in': 1.0, 'rho': 0.9, 'tikh': 1, 'bias': 0, 'option': 2, 'tau': 2, 'method': 'Logistic', 'connectivity': 1.0, 'I_type': 1, 'mode': 1, 'block_dim': 1}. Best is trial 84 with value: 0.845866322517395.
[I 2026-07-09 00:30:36,786] Trial 102 finished with value: 0.7127088904380798 and parameters: {'n_units': 2, 'alpha': 1.0, 'sigma_in': 0.6, 'rho': 0.8, 'tikh': 1, 'bias': 0, 'option': 2, 'tau': 2, 'method': 'Logistic', 'connectivity': 0.5, 'I_type': 1, 'mode': 1, 'block_dim': 1}. Best is trial 84 with value: 0.845866322517395.
[I 2026-07-09 00:31:52,165] Trial 103 finished with value: 0.4966868460178375 and parameters: {'n_units': 2, 'alpha': 0.6, 'sigma_in': 0.4, 'rho': 0.4, 'tikh': 0.1, 'bias': 0, 'option': 2, 'tau': 2, 'method': 'Logistic', 'connectivity': 0.5, 'I_type': 1, 'mode': 1, 'block_dim': 1}. Best is trial 84 with value: 0.845866322517395.
[I 2026-07-09 00:33:27,481] Trial 104 finished with value: 0.7334888577461243 and parameters: {'n_units': 3, 'alpha': 0.2, 'sigma_in': 0.8, 'rho': 0.30000000000000004, 'tikh': 1, 'bias': 0, 'option': 2, 'tau': 2, 'method': 'Logistic', 'connectivity': 0.5, 'I_type': 1, 'mode': 1, 'block_dim': 1}. Best is trial 84 with value: 0.845866322517395.
[I 2026-07-09 00:36:25,959] Trial 105 finished with value: 0.4324735105037689 and parameters: {'n_units': 5, 'alpha': 0.5, 'sigma_in': 0.5, 'rho': 0.8, 'tikh': 0.1, 'bias': 0, 'option': 2, 'tau': 2, 'method': 'Logistic', 'connectivity': 0.5, 'I_type': 1, 'mode': 1, 'block_dim': 1}. Best is trial 84 with value: 0.845866322517395.
[I 2026-07-09 00:37:41,154] Trial 106 finished with value: 0.48566728830337524 and parameters: {'n_units': 2, 'alpha': 0.1, 'sigma_in': 0.30000000000000004, 'rho': 0.30000000000000004, 'tikh': 0.1, 'bias': 0, 'option': 2, 'tau': 2, 'method': 'Logistic', 'connectivity': 0.5, 'I_type': 1, 'mode': 1, 'block_dim': 1}. Best is trial 84 with value: 0.845866322517395.
[I 2026-07-09 00:39:48,875] Trial 107 finished with value: 0.4624049961566925 and parameters: {'n_units': 4, 'alpha': 0.7000000000000001, 'sigma_in': 0.9, 'rho': 0.6, 'tikh': 0.1, 'bias': 0, 'option': 2, 'tau': 2, 'method': 'Logistic', 'connectivity': 1.0, 'I_type': 1, 'mode': 1, 'block_dim': 1}. Best is trial 84 with value: 0.845866322517395.
[I 2026-07-09 00:41:04,534] Trial 108 finished with value: 0.501908540725708 and parameters: {'n_units': 2, 'alpha': 0.6, 'sigma_in': 0.30000000000000004, 'rho': 0.5, 'tikh': 0.1, 'bias': 0, 'option': 2, 'tau': 2, 'method': 'Logistic', 'connectivity': 0.5, 'I_type': 1, 'mode': 1, 'block_dim': 1}. Best is trial 84 with value: 0.845866322517395.
[I 2026-07-09 00:44:02,936] Trial 109 finished with value: 0.44545406103134155 and parameters: {'n_units': 5, 'alpha': 0.5, 'sigma_in': 0.5, 'rho': 0.5, 'tikh': 0.1, 'bias': 0, 'option': 2, 'tau': 2, 'method': 'Logistic', 'connectivity': 0.5, 'I_type': 1, 'mode': 1, 'block_dim': 1}. Best is trial 84 with value: 0.845866322517395.
[I 2026-07-09 00:47:01,333] Trial 110 finished with value: 0.3807390332221985 and parameters: {'n_units': 5, 'alpha': 1.0, 'sigma_in': 0.2, 'rho': 0.8, 'tikh': 0.1, 'bias': 0, 'option': 2, 'tau': 2, 'method': 'Logistic', 'connectivity': 1.0, 'I_type': 1, 'mode': 1, 'block_dim': 1}. Best is trial 84 with value: 0.845866322517395.
[I 2026-07-09 00:50:20,391] Trial 111 finished with value: 0.6544309854507446 and parameters: {'n_units': 5, 'alpha': 0.8, 'sigma_in': 0.2, 'rho': 0.5, 'tikh': 1, 'bias': 0, 'option': 2, 'tau': 2, 'method': 'Logistic', 'connectivity': 0.5, 'I_type': 1, 'mode': 1, 'block_dim': 1}. Best is trial 84 with value: 0.845866322517395.
[I 2026-07-09 00:53:43,711] Trial 112 finished with value: 0.7047551870346069 and parameters: {'n_units': 4, 'alpha': 0.2, 'sigma_in': 0.5, 'rho': 0.6, 'tikh': 1, 'bias': 0, 'option': 2, 'tau': 2, 'method': 'Logistic', 'connectivity': 0.5, 'I_type': 1, 'mode': 1, 'block_dim': 1}. Best is trial 84 with value: 0.845866322517395.
[I 2026-07-09 00:57:50,417] Trial 113 finished with value: 0.4084603190422058 and parameters: {'n_units': 5, 'alpha': 0.6, 'sigma_in': 0.4, 'rho': 0.7000000000000001, 'tikh': 0.1, 'bias': 0, 'option': 2, 'tau': 2, 'method': 'Logistic', 'connectivity': 1.0, 'I_type': 1, 'mode': 1, 'block_dim': 1}. Best is trial 84 with value: 0.845866322517395.
[I 2026-07-09 01:01:03,702] Trial 114 finished with value: 0.36617550253868103 and parameters: {'n_units': 4, 'alpha': 0.2, 'sigma_in': 0.2, 'rho': 0.30000000000000004, 'tikh': 0.1, 'bias': 0, 'option': 2, 'tau': 2, 'method': 'Logistic', 'connectivity': 1.0, 'I_type': 1, 'mode': 1, 'block_dim': 1}. Best is trial 84 with value: 0.845866322517395.
[I 2026-07-09 01:05:01,682] Trial 115 finished with value: 0.43414488434791565 and parameters: {'n_units': 5, 'alpha': 0.8, 'sigma_in': 0.4, 'rho': 1.0, 'tikh': 0.1, 'bias': 0, 'option': 2, 'tau': 2, 'method': 'Logistic', 'connectivity': 0.5, 'I_type': 1, 'mode': 1, 'block_dim': 1}. Best is trial 84 with value: 0.845866322517395.
[I 2026-07-09 01:07:34,787] Trial 116 finished with value: 0.716064453125 and parameters: {'n_units': 3, 'alpha': 0.6, 'sigma_in': 0.8, 'rho': 0.6, 'tikh': 1, 'bias': 0, 'option': 2, 'tau': 2, 'method': 'Logistic', 'connectivity': 1.0, 'I_type': 1, 'mode': 1, 'block_dim': 1}. Best is trial 84 with value: 0.845866322517395.
[I 2026-07-09 01:10:13,461] Trial 117 finished with value: 0.6912614703178406 and parameters: {'n_units': 3, 'alpha': 0.1, 'sigma_in': 0.30000000000000004, 'rho': 0.30000000000000004, 'tikh': 1, 'bias': 0, 'option': 2, 'tau': 2, 'method': 'Logistic', 'connectivity': 1.0, 'I_type': 1, 'mode': 1, 'block_dim': 1}. Best is trial 84 with value: 0.845866322517395.
[I 2026-07-09 01:12:16,938] Trial 118 finished with value: 0.756687343120575 and parameters: {'n_units': 2, 'alpha': 1.0, 'sigma_in': 0.1, 'rho': 0.5, 'tikh': 1, 'bias': 0, 'option': 2, 'tau': 2, 'method': 'Logistic', 'connectivity': 1.0, 'I_type': 1, 'mode': 1, 'block_dim': 1}. Best is trial 84 with value: 0.845866322517395.
[I 2026-07-09 01:14:51,741] Trial 119 finished with value: 0.4388132691383362 and parameters: {'n_units': 4, 'alpha': 0.2, 'sigma_in': 1.0, 'rho': 0.4, 'tikh': 0.1, 'bias': 0, 'option': 2, 'tau': 2, 'method': 'Logistic', 'connectivity': 1.0, 'I_type': 1, 'mode': 1, 'block_dim': 1}. Best is trial 84 with value: 0.845866322517395.
[I 2026-07-09 01:18:22,618] Trial 120 finished with value: 0.7252508401870728 and parameters: {'n_units': 5, 'alpha': 0.2, 'sigma_in': 0.9, 'rho': 0.6, 'tikh': 1, 'bias': 0, 'option': 2, 'tau': 2, 'method': 'Logistic', 'connectivity': 1.0, 'I_type': 1, 'mode': 1, 'block_dim': 1}. Best is trial 84 with value: 0.845866322517395.
[I 2026-07-09 01:20:47,096] Trial 121 finished with value: 0.4441584348678589 and parameters: {'n_units': 4, 'alpha': 0.30000000000000004, 'sigma_in': 1.0, 'rho': 0.30000000000000004, 'tikh': 0.1, 'bias': 0, 'option': 2, 'tau': 2, 'method': 'Logistic', 'connectivity': 0.5, 'I_type': 1, 'mode': 1, 'block_dim': 1}. Best is trial 84 with value: 0.845866322517395.
[I 2026-07-09 01:22:36,914] Trial 122 finished with value: 0.48519566655158997 and parameters: {'n_units': 3, 'alpha': 0.4, 'sigma_in': 0.6, 'rho': 0.6, 'tikh': 0.1, 'bias': 0, 'option': 2, 'tau': 2, 'method': 'Logistic', 'connectivity': 0.5, 'I_type': 1, 'mode': 1, 'block_dim': 1}. Best is trial 84 with value: 0.845866322517395.
[I 2026-07-09 01:24:57,965] Trial 123 finished with value: 0.7138258814811707 and parameters: {'n_units': 4, 'alpha': 0.4, 'sigma_in': 0.8, 'rho': 0.4, 'tikh': 1, 'bias': 0, 'option': 2, 'tau': 2, 'method': 'Logistic', 'connectivity': 0.5, 'I_type': 1, 'mode': 1, 'block_dim': 1}. Best is trial 84 with value: 0.845866322517395.
[I 2026-07-09 01:26:26,712] Trial 124 finished with value: 0.5226989388465881 and parameters: {'n_units': 2, 'alpha': 1.0, 'sigma_in': 0.1, 'rho': 0.7000000000000001, 'tikh': 0.1, 'bias': 0, 'option': 2, 'tau': 2, 'method': 'Logistic', 'connectivity': 0.5, 'I_type': 1, 'mode': 1, 'block_dim': 1}. Best is trial 84 with value: 0.845866322517395.
[I 2026-07-09 01:28:15,248] Trial 125 finished with value: 0.5277976989746094 and parameters: {'n_units': 3, 'alpha': 0.8, 'sigma_in': 0.9, 'rho': 0.5, 'tikh': 0.1, 'bias': 0, 'option': 2, 'tau': 2, 'method': 'Logistic', 'connectivity': 1.0, 'I_type': 1, 'mode': 1, 'block_dim': 1}. Best is trial 84 with value: 0.845866322517395.
[I 2026-07-09 01:31:25,224] Trial 126 finished with value: 0.4600871801376343 and parameters: {'n_units': 5, 'alpha': 0.2, 'sigma_in': 0.4, 'rho': 0.6, 'tikh': 0.1, 'bias': 0, 'option': 2, 'tau': 2, 'method': 'Logistic', 'connectivity': 1.0, 'I_type': 1, 'mode': 1, 'block_dim': 1}. Best is trial 84 with value: 0.845866322517395.
[I 2026-07-09 01:33:42,075] Trial 127 finished with value: 0.7473435997962952 and parameters: {'n_units': 4, 'alpha': 0.7000000000000001, 'sigma_in': 1.0, 'rho': 0.6, 'tikh': 1, 'bias': 0, 'option': 2, 'tau': 2, 'method': 'Logistic', 'connectivity': 1.0, 'I_type': 1, 'mode': 1, 'block_dim': 1}. Best is trial 84 with value: 0.845866322517395.
