nohup: ignoring input
[I 2026-07-08 20:30:50,287] A new study created in memory with name: PowerGrid_PIRC
[I 2026-07-08 20:32:37,304] Trial 0 finished with value: 0.7424049377441406 and parameters: {'n_units': 2, 'alpha': 0.4, 'sigma_in': 0.8, 'rho': 0.9, 'tikh': 1, 'bias': 0, 'option': 2, 'tau': 2, 'method': 'Logistic', 'connectivity': 0.5, 'I_type': 1, 'mode': 1, 'block_dim': 1}. Best is trial 0 with value: 0.7424049377441406.
[I 2026-07-08 20:35:05,424] Trial 1 finished with value: 0.4683029055595398 and parameters: {'n_units': 4, 'alpha': 0.6, 'sigma_in': 0.6, 'rho': 0.1, 'tikh': 0.1, 'bias': 0, 'option': 2, 'tau': 2, 'method': 'Logistic', 'connectivity': 1.0, 'I_type': 1, 'mode': 1, 'block_dim': 1}. Best is trial 0 with value: 0.7424049377441406.
[I 2026-07-08 20:36:30,533] Trial 2 finished with value: 0.5774829387664795 and parameters: {'n_units': 2, 'alpha': 0.9, 'sigma_in': 0.8, 'rho': 1.0, 'tikh': 0.1, 'bias': 0, 'option': 2, 'tau': 2, 'method': 'Logistic', 'connectivity': 0.5, 'I_type': 1, 'mode': 1, 'block_dim': 1}. Best is trial 0 with value: 0.7424049377441406.
[I 2026-07-08 20:38:47,225] Trial 3 finished with value: 0.7959302663803101 and parameters: {'n_units': 4, 'alpha': 0.9, 'sigma_in': 1.0, 'rho': 0.30000000000000004, 'tikh': 1, 'bias': 0, 'option': 2, 'tau': 2, 'method': 'Logistic', 'connectivity': 1.0, 'I_type': 1, 'mode': 1, 'block_dim': 1}. Best is trial 3 with value: 0.7959302663803101.
[I 2026-07-08 20:41:54,222] Trial 4 finished with value: 0.6782780885696411 and parameters: {'n_units': 5, 'alpha': 0.9, 'sigma_in': 0.2, 'rho': 0.5, 'tikh': 1, 'bias': 0, 'option': 2, 'tau': 2, 'method': 'Logistic', 'connectivity': 0.5, 'I_type': 1, 'mode': 1, 'block_dim': 1}. Best is trial 3 with value: 0.7959302663803101.
[I 2026-07-08 20:45:07,123] Trial 5 finished with value: 0.4190875291824341 and parameters: {'n_units': 5, 'alpha': 0.5, 'sigma_in': 0.6, 'rho': 0.5, 'tikh': 0.1, 'bias': 0, 'option': 2, 'tau': 2, 'method': 'Logistic', 'connectivity': 1.0, 'I_type': 1, 'mode': 1, 'block_dim': 1}. Best is trial 3 with value: 0.7959302663803101.
[I 2026-07-08 20:46:59,626] Trial 6 finished with value: 0.3612094521522522 and parameters: {'n_units': 3, 'alpha': 0.9, 'sigma_in': 0.1, 'rho': 0.9, 'tikh': 0.1, 'bias': 0, 'option': 2, 'tau': 2, 'method': 'Logistic', 'connectivity': 1.0, 'I_type': 1, 'mode': 1, 'block_dim': 1}. Best is trial 3 with value: 0.7959302663803101.
[I 2026-07-08 20:50:15,104] Trial 7 finished with value: 0.736407458782196 and parameters: {'n_units': 5, 'alpha': 0.8, 'sigma_in': 0.8, 'rho': 0.7000000000000001, 'tikh': 1, 'bias': 0, 'option': 2, 'tau': 2, 'method': 'Logistic', 'connectivity': 1.0, 'I_type': 1, 'mode': 1, 'block_dim': 1}. Best is trial 3 with value: 0.7959302663803101.
[I 2026-07-08 20:53:29,937] Trial 8 finished with value: 0.5911731123924255 and parameters: {'n_units': 5, 'alpha': 0.4, 'sigma_in': 0.1, 'rho': 1.0, 'tikh': 1, 'bias': 0, 'option': 2, 'tau': 2, 'method': 'Logistic', 'connectivity': 0.5, 'I_type': 1, 'mode': 1, 'block_dim': 1}. Best is trial 3 with value: 0.7959302663803101.
[I 2026-07-08 20:56:45,189] Trial 9 finished with value: 0.7203255295753479 and parameters: {'n_units': 5, 'alpha': 0.7000000000000001, 'sigma_in': 0.4, 'rho': 0.4, 'tikh': 1, 'bias': 0, 'option': 2, 'tau': 2, 'method': 'Logistic', 'connectivity': 0.5, 'I_type': 1, 'mode': 1, 'block_dim': 1}. Best is trial 3 with value: 0.7959302663803101.
[I 2026-07-08 20:58:17,636] Trial 10 finished with value: 0.7648487687110901 and parameters: {'n_units': 2, 'alpha': 0.8, 'sigma_in': 1.0, 'rho': 0.1, 'tikh': 1, 'bias': 0, 'option': 2, 'tau': 2, 'method': 'Logistic', 'connectivity': 1.0, 'I_type': 1, 'mode': 1, 'block_dim': 1}. Best is trial 3 with value: 0.7959302663803101.
[I 2026-07-08 21:01:34,328] Trial 11 finished with value: 0.489045113325119 and parameters: {'n_units': 5, 'alpha': 1.0, 'sigma_in': 1.0, 'rho': 0.4, 'tikh': 0.1, 'bias': 0, 'option': 2, 'tau': 2, 'method': 'Logistic', 'connectivity': 0.5, 'I_type': 1, 'mode': 1, 'block_dim': 1}. Best is trial 3 with value: 0.7959302663803101.
[I 2026-07-08 21:03:59,143] Trial 12 finished with value: 0.39758190512657166 and parameters: {'n_units': 4, 'alpha': 0.30000000000000004, 'sigma_in': 0.30000000000000004, 'rho': 0.30000000000000004, 'tikh': 0.1, 'bias': 0, 'option': 2, 'tau': 2, 'method': 'Logistic', 'connectivity': 1.0, 'I_type': 1, 'mode': 1, 'block_dim': 1}. Best is trial 3 with value: 0.7959302663803101.
[I 2026-07-08 21:07:15,213] Trial 13 finished with value: 0.4125874638557434 and parameters: {'n_units': 5, 'alpha': 0.7000000000000001, 'sigma_in': 0.30000000000000004, 'rho': 0.9, 'tikh': 0.1, 'bias': 0, 'option': 2, 'tau': 2, 'method': 'Logistic', 'connectivity': 1.0, 'I_type': 1, 'mode': 1, 'block_dim': 1}. Best is trial 3 with value: 0.7959302663803101.
[I 2026-07-08 21:10:31,242] Trial 14 finished with value: 0.7857182621955872 and parameters: {'n_units': 5, 'alpha': 0.8, 'sigma_in': 0.6, 'rho': 0.1, 'tikh': 1, 'bias': 0, 'option': 2, 'tau': 2, 'method': 'Logistic', 'connectivity': 0.5, 'I_type': 1, 'mode': 1, 'block_dim': 1}. Best is trial 3 with value: 0.7959302663803101.
[I 2026-07-08 21:12:03,181] Trial 15 finished with value: 0.5161345601081848 and parameters: {'n_units': 2, 'alpha': 0.2, 'sigma_in': 0.9, 'rho': 0.4, 'tikh': 0.1, 'bias': 0, 'option': 2, 'tau': 2, 'method': 'Logistic', 'connectivity': 0.5, 'I_type': 1, 'mode': 1, 'block_dim': 1}. Best is trial 3 with value: 0.7959302663803101.
[I 2026-07-08 21:15:18,356] Trial 16 finished with value: 0.4380187392234802 and parameters: {'n_units': 5, 'alpha': 0.7000000000000001, 'sigma_in': 0.9, 'rho': 0.4, 'tikh': 0.1, 'bias': 0, 'option': 2, 'tau': 2, 'method': 'Logistic', 'connectivity': 1.0, 'I_type': 1, 'mode': 1, 'block_dim': 1}. Best is trial 3 with value: 0.7959302663803101.
[I 2026-07-08 21:16:49,225] Trial 17 finished with value: 0.5165417790412903 and parameters: {'n_units': 2, 'alpha': 0.5, 'sigma_in': 0.4, 'rho': 1.0, 'tikh': 0.1, 'bias': 0, 'option': 2, 'tau': 2, 'method': 'Logistic', 'connectivity': 0.5, 'I_type': 1, 'mode': 1, 'block_dim': 1}. Best is trial 3 with value: 0.7959302663803101.
[I 2026-07-08 21:19:14,044] Trial 18 finished with value: 0.43975645303726196 and parameters: {'n_units': 4, 'alpha': 0.6, 'sigma_in': 0.8, 'rho': 0.4, 'tikh': 0.1, 'bias': 0, 'option': 2, 'tau': 2, 'method': 'Logistic', 'connectivity': 0.5, 'I_type': 1, 'mode': 1, 'block_dim': 1}. Best is trial 3 with value: 0.7959302663803101.
[I 2026-07-08 21:22:30,554] Trial 19 finished with value: 0.7398160099983215 and parameters: {'n_units': 5, 'alpha': 0.8, 'sigma_in': 0.5, 'rho': 0.4, 'tikh': 1, 'bias': 0, 'option': 2, 'tau': 2, 'method': 'Logistic', 'connectivity': 1.0, 'I_type': 1, 'mode': 1, 'block_dim': 1}. Best is trial 3 with value: 0.7959302663803101.
[I 2026-07-08 21:25:45,354] Trial 20 finished with value: 0.4365481734275818 and parameters: {'n_units': 5, 'alpha': 0.5, 'sigma_in': 0.30000000000000004, 'rho': 0.4, 'tikh': 0.1, 'bias': 0, 'option': 2, 'tau': 2, 'method': 'Logistic', 'connectivity': 0.5, 'I_type': 1, 'mode': 1, 'block_dim': 1}. Best is trial 3 with value: 0.7959302663803101.
[I 2026-07-08 21:28:58,589] Trial 21 finished with value: 0.42103904485702515 and parameters: {'n_units': 5, 'alpha': 0.30000000000000004, 'sigma_in': 0.2, 'rho': 0.8, 'tikh': 0.1, 'bias': 0, 'option': 2, 'tau': 2, 'method': 'Logistic', 'connectivity': 1.0, 'I_type': 1, 'mode': 1, 'block_dim': 1}. Best is trial 3 with value: 0.7959302663803101.
[I 2026-07-08 21:32:14,158] Trial 22 finished with value: 0.747290849685669 and parameters: {'n_units': 5, 'alpha': 0.2, 'sigma_in': 1.0, 'rho': 0.4, 'tikh': 1, 'bias': 0, 'option': 2, 'tau': 2, 'method': 'Logistic', 'connectivity': 0.5, 'I_type': 1, 'mode': 1, 'block_dim': 1}. Best is trial 3 with value: 0.7959302663803101.
[I 2026-07-08 21:33:44,695] Trial 23 finished with value: 0.42125800251960754 and parameters: {'n_units': 2, 'alpha': 0.2, 'sigma_in': 0.2, 'rho': 0.9, 'tikh': 0.1, 'bias': 0, 'option': 2, 'tau': 2, 'method': 'Logistic', 'connectivity': 0.5, 'I_type': 1, 'mode': 1, 'block_dim': 1}. Best is trial 3 with value: 0.7959302663803101.
[I 2026-07-08 21:36:07,734] Trial 24 finished with value: 0.6848376393318176 and parameters: {'n_units': 4, 'alpha': 0.30000000000000004, 'sigma_in': 0.5, 'rho': 0.6, 'tikh': 1, 'bias': 0, 'option': 2, 'tau': 2, 'method': 'Logistic', 'connectivity': 1.0, 'I_type': 1, 'mode': 1, 'block_dim': 1}. Best is trial 3 with value: 0.7959302663803101.
[I 2026-07-08 21:38:30,641] Trial 25 finished with value: 0.6398131847381592 and parameters: {'n_units': 4, 'alpha': 0.5, 'sigma_in': 0.2, 'rho': 0.7000000000000001, 'tikh': 1, 'bias': 0, 'option': 2, 'tau': 2, 'method': 'Logistic', 'connectivity': 1.0, 'I_type': 1, 'mode': 1, 'block_dim': 1}. Best is trial 3 with value: 0.7959302663803101.
[I 2026-07-08 21:40:22,782] Trial 26 finished with value: 0.4146031439304352 and parameters: {'n_units': 3, 'alpha': 0.30000000000000004, 'sigma_in': 0.4, 'rho': 1.0, 'tikh': 0.1, 'bias': 0, 'option': 2, 'tau': 2, 'method': 'Logistic', 'connectivity': 0.5, 'I_type': 1, 'mode': 1, 'block_dim': 1}. Best is trial 3 with value: 0.7959302663803101.
[I 2026-07-08 21:41:52,987] Trial 27 finished with value: 0.4162767827510834 and parameters: {'n_units': 2, 'alpha': 0.4, 'sigma_in': 0.1, 'rho': 0.8, 'tikh': 0.1, 'bias': 0, 'option': 2, 'tau': 2, 'method': 'Logistic', 'connectivity': 0.5, 'I_type': 1, 'mode': 1, 'block_dim': 1}. Best is trial 3 with value: 0.7959302663803101.
[I 2026-07-08 21:45:08,957] Trial 28 finished with value: 0.6624944806098938 and parameters: {'n_units': 5, 'alpha': 0.9, 'sigma_in': 0.4, 'rho': 0.9, 'tikh': 1, 'bias': 0, 'option': 2, 'tau': 2, 'method': 'Logistic', 'connectivity': 0.5, 'I_type': 1, 'mode': 1, 'block_dim': 1}. Best is trial 3 with value: 0.7959302663803101.
[I 2026-07-08 21:47:32,658] Trial 29 finished with value: 0.6348103284835815 and parameters: {'n_units': 4, 'alpha': 0.30000000000000004, 'sigma_in': 0.30000000000000004, 'rho': 0.4, 'tikh': 1, 'bias': 0, 'option': 2, 'tau': 2, 'method': 'Logistic', 'connectivity': 1.0, 'I_type': 1, 'mode': 1, 'block_dim': 1}. Best is trial 3 with value: 0.7959302663803101.
[I 2026-07-08 21:49:23,574] Trial 30 finished with value: 0.6745159029960632 and parameters: {'n_units': 3, 'alpha': 1.0, 'sigma_in': 0.1, 'rho': 0.5, 'tikh': 1, 'bias': 0, 'option': 2, 'tau': 2, 'method': 'Logistic', 'connectivity': 0.5, 'I_type': 1, 'mode': 1, 'block_dim': 1}. Best is trial 3 with value: 0.7959302663803101.
[I 2026-07-08 21:50:57,935] Trial 31 finished with value: 0.8387575745582581 and parameters: {'n_units': 2, 'alpha': 0.7000000000000001, 'sigma_in': 0.4, 'rho': 0.7000000000000001, 'tikh': 1, 'bias': 0, 'option': 2, 'tau': 2, 'method': 'Logistic', 'connectivity': 1.0, 'I_type': 1, 'mode': 1, 'block_dim': 1}. Best is trial 31 with value: 0.8387575745582581.
[I 2026-07-08 21:52:51,278] Trial 32 finished with value: 0.42613306641578674 and parameters: {'n_units': 3, 'alpha': 0.4, 'sigma_in': 0.8, 'rho': 0.8, 'tikh': 0.1, 'bias': 0, 'option': 2, 'tau': 2, 'method': 'Logistic', 'connectivity': 1.0, 'I_type': 1, 'mode': 1, 'block_dim': 1}. Best is trial 31 with value: 0.8387575745582581.
[I 2026-07-08 21:54:44,335] Trial 33 finished with value: 0.4898914098739624 and parameters: {'n_units': 3, 'alpha': 0.5, 'sigma_in': 1.0, 'rho': 0.1, 'tikh': 0.1, 'bias': 0, 'option': 2, 'tau': 2, 'method': 'Logistic', 'connectivity': 1.0, 'I_type': 1, 'mode': 1, 'block_dim': 1}. Best is trial 31 with value: 0.8387575745582581.
[I 2026-07-08 21:56:39,096] Trial 34 finished with value: 0.7472419738769531 and parameters: {'n_units': 3, 'alpha': 0.7000000000000001, 'sigma_in': 0.4, 'rho': 1.0, 'tikh': 1, 'bias': 0, 'option': 2, 'tau': 2, 'method': 'Logistic', 'connectivity': 0.5, 'I_type': 1, 'mode': 1, 'block_dim': 1}. Best is trial 31 with value: 0.8387575745582581.
[I 2026-07-08 21:58:30,127] Trial 35 finished with value: 0.8082296848297119 and parameters: {'n_units': 3, 'alpha': 0.5, 'sigma_in': 0.7000000000000001, 'rho': 0.5, 'tikh': 1, 'bias': 0, 'option': 2, 'tau': 2, 'method': 'Logistic', 'connectivity': 0.5, 'I_type': 1, 'mode': 1, 'block_dim': 1}. Best is trial 31 with value: 0.8387575745582581.
[I 2026-07-08 22:00:55,674] Trial 36 finished with value: 0.744981050491333 and parameters: {'n_units': 4, 'alpha': 0.8, 'sigma_in': 0.30000000000000004, 'rho': 0.9, 'tikh': 1, 'bias': 0, 'option': 2, 'tau': 2, 'method': 'Logistic', 'connectivity': 0.5, 'I_type': 1, 'mode': 1, 'block_dim': 1}. Best is trial 31 with value: 0.8387575745582581.
[I 2026-07-08 22:02:29,009] Trial 37 finished with value: 0.5046433806419373 and parameters: {'n_units': 2, 'alpha': 0.4, 'sigma_in': 0.4, 'rho': 0.4, 'tikh': 0.1, 'bias': 0, 'option': 2, 'tau': 2, 'method': 'Logistic', 'connectivity': 0.5, 'I_type': 1, 'mode': 1, 'block_dim': 1}. Best is trial 31 with value: 0.8387575745582581.
[I 2026-07-08 22:04:53,957] Trial 38 finished with value: 0.3109422028064728 and parameters: {'n_units': 4, 'alpha': 0.30000000000000004, 'sigma_in': 0.1, 'rho': 0.1, 'tikh': 0.1, 'bias': 0, 'option': 2, 'tau': 2, 'method': 'Logistic', 'connectivity': 0.5, 'I_type': 1, 'mode': 1, 'block_dim': 1}. Best is trial 31 with value: 0.8387575745582581.
[I 2026-07-08 22:06:27,374] Trial 39 finished with value: 0.6460882425308228 and parameters: {'n_units': 2, 'alpha': 0.30000000000000004, 'sigma_in': 0.1, 'rho': 0.5, 'tikh': 1, 'bias': 0, 'option': 2, 'tau': 2, 'method': 'Logistic', 'connectivity': 0.5, 'I_type': 1, 'mode': 1, 'block_dim': 1}. Best is trial 31 with value: 0.8387575745582581.
[I 2026-07-08 22:08:22,204] Trial 40 finished with value: 0.43731144070625305 and parameters: {'n_units': 3, 'alpha': 0.5, 'sigma_in': 0.30000000000000004, 'rho': 0.30000000000000004, 'tikh': 0.1, 'bias': 0, 'option': 2, 'tau': 2, 'method': 'Logistic', 'connectivity': 1.0, 'I_type': 1, 'mode': 1, 'block_dim': 1}. Best is trial 31 with value: 0.8387575745582581.
[I 2026-07-08 22:10:47,343] Trial 41 finished with value: 0.6877133846282959 and parameters: {'n_units': 4, 'alpha': 0.5, 'sigma_in': 0.6, 'rho': 0.4, 'tikh': 1, 'bias': 0, 'option': 2, 'tau': 2, 'method': 'Logistic', 'connectivity': 0.5, 'I_type': 1, 'mode': 1, 'block_dim': 1}. Best is trial 31 with value: 0.8387575745582581.
[I 2026-07-08 22:13:11,867] Trial 42 finished with value: 0.7558432221412659 and parameters: {'n_units': 4, 'alpha': 0.6, 'sigma_in': 0.7000000000000001, 'rho': 0.2, 'tikh': 1, 'bias': 0, 'option': 2, 'tau': 2, 'method': 'Logistic', 'connectivity': 0.5, 'I_type': 1, 'mode': 1, 'block_dim': 1}. Best is trial 31 with value: 0.8387575745582581.
[I 2026-07-08 22:15:01,967] Trial 43 finished with value: 0.4316677451133728 and parameters: {'n_units': 3, 'alpha': 0.5, 'sigma_in': 0.30000000000000004, 'rho': 0.5, 'tikh': 0.1, 'bias': 0, 'option': 2, 'tau': 2, 'method': 'Logistic', 'connectivity': 0.5, 'I_type': 1, 'mode': 1, 'block_dim': 1}. Best is trial 31 with value: 0.8387575745582581.
[I 2026-07-08 22:16:35,843] Trial 44 finished with value: 0.5915741920471191 and parameters: {'n_units': 2, 'alpha': 1.0, 'sigma_in': 0.5, 'rho': 0.4, 'tikh': 0.1, 'bias': 0, 'option': 2, 'tau': 2, 'method': 'Logistic', 'connectivity': 1.0, 'I_type': 1, 'mode': 1, 'block_dim': 1}. Best is trial 31 with value: 0.8387575745582581.
[I 2026-07-08 22:18:08,022] Trial 45 finished with value: 0.7197939157485962 and parameters: {'n_units': 2, 'alpha': 0.5, 'sigma_in': 0.7000000000000001, 'rho': 0.2, 'tikh': 1, 'bias': 0, 'option': 2, 'tau': 2, 'method': 'Logistic', 'connectivity': 1.0, 'I_type': 1, 'mode': 1, 'block_dim': 1}. Best is trial 31 with value: 0.8387575745582581.
[I 2026-07-08 22:20:33,936] Trial 46 finished with value: 0.42990681529045105 and parameters: {'n_units': 4, 'alpha': 0.8, 'sigma_in': 0.6, 'rho': 0.8, 'tikh': 0.1, 'bias': 0, 'option': 2, 'tau': 2, 'method': 'Logistic', 'connectivity': 0.5, 'I_type': 1, 'mode': 1, 'block_dim': 1}. Best is trial 31 with value: 0.8387575745582581.
[I 2026-07-08 22:21:58,271] Trial 47 finished with value: 0.47555771470069885 and parameters: {'n_units': 2, 'alpha': 0.6, 'sigma_in': 0.30000000000000004, 'rho': 0.9, 'tikh': 0.1, 'bias': 0, 'option': 2, 'tau': 2, 'method': 'Logistic', 'connectivity': 0.5, 'I_type': 1, 'mode': 1, 'block_dim': 1}. Best is trial 31 with value: 0.8387575745582581.
[I 2026-07-08 22:23:39,201] Trial 48 finished with value: 0.47880634665489197 and parameters: {'n_units': 3, 'alpha': 0.4, 'sigma_in': 0.9, 'rho': 0.8, 'tikh': 0.1, 'bias': 0, 'option': 2, 'tau': 2, 'method': 'Logistic', 'connectivity': 0.5, 'I_type': 1, 'mode': 1, 'block_dim': 1}. Best is trial 31 with value: 0.8387575745582581.
[I 2026-07-08 22:25:51,650] Trial 49 finished with value: 0.6191193461418152 and parameters: {'n_units': 4, 'alpha': 0.6, 'sigma_in': 0.2, 'rho': 0.6, 'tikh': 1, 'bias': 0, 'option': 2, 'tau': 2, 'method': 'Logistic', 'connectivity': 0.5, 'I_type': 1, 'mode': 1, 'block_dim': 1}. Best is trial 31 with value: 0.8387575745582581.
[I 2026-07-08 22:27:12,323] Trial 50 finished with value: 0.7058295011520386 and parameters: {'n_units': 2, 'alpha': 0.1, 'sigma_in': 0.4, 'rho': 0.6, 'tikh': 1, 'bias': 0, 'option': 2, 'tau': 2, 'method': 'Logistic', 'connectivity': 1.0, 'I_type': 1, 'mode': 1, 'block_dim': 1}. Best is trial 31 with value: 0.8387575745582581.
[I 2026-07-08 22:28:53,033] Trial 51 finished with value: 0.7424406409263611 and parameters: {'n_units': 3, 'alpha': 0.9, 'sigma_in': 0.1, 'rho': 1.0, 'tikh': 1, 'bias': 0, 'option': 2, 'tau': 2, 'method': 'Logistic', 'connectivity': 0.5, 'I_type': 1, 'mode': 1, 'block_dim': 1}. Best is trial 31 with value: 0.8387575745582581.
[I 2026-07-08 22:31:55,234] Trial 52 finished with value: 0.6642724275588989 and parameters: {'n_units': 5, 'alpha': 0.30000000000000004, 'sigma_in': 0.30000000000000004, 'rho': 0.9, 'tikh': 1, 'bias': 0, 'option': 2, 'tau': 2, 'method': 'Logistic', 'connectivity': 0.5, 'I_type': 1, 'mode': 1, 'block_dim': 1}. Best is trial 31 with value: 0.8387575745582581.
[I 2026-07-08 22:34:08,890] Trial 53 finished with value: 0.4154348373413086 and parameters: {'n_units': 4, 'alpha': 0.2, 'sigma_in': 0.8, 'rho': 0.9, 'tikh': 0.1, 'bias': 0, 'option': 2, 'tau': 2, 'method': 'Logistic', 'connectivity': 1.0, 'I_type': 1, 'mode': 1, 'block_dim': 1}. Best is trial 31 with value: 0.8387575745582581.
[I 2026-07-08 22:35:49,962] Trial 54 finished with value: 0.40227818489074707 and parameters: {'n_units': 3, 'alpha': 0.5, 'sigma_in': 0.1, 'rho': 0.1, 'tikh': 0.1, 'bias': 0, 'option': 2, 'tau': 2, 'method': 'Logistic', 'connectivity': 0.5, 'I_type': 1, 'mode': 1, 'block_dim': 1}. Best is trial 31 with value: 0.8387575745582581.
[I 2026-07-08 22:37:30,554] Trial 55 finished with value: 0.7232834100723267 and parameters: {'n_units': 3, 'alpha': 0.6, 'sigma_in': 0.6, 'rho': 0.2, 'tikh': 1, 'bias': 0, 'option': 2, 'tau': 2, 'method': 'Logistic', 'connectivity': 1.0, 'I_type': 1, 'mode': 1, 'block_dim': 1}. Best is trial 31 with value: 0.8387575745582581.
[I 2026-07-08 22:39:43,835] Trial 56 finished with value: 0.44256672263145447 and parameters: {'n_units': 4, 'alpha': 0.1, 'sigma_in': 0.6, 'rho': 0.1, 'tikh': 0.1, 'bias': 0, 'option': 2, 'tau': 2, 'method': 'Logistic', 'connectivity': 1.0, 'I_type': 1, 'mode': 1, 'block_dim': 1}. Best is trial 31 with value: 0.8387575745582581.
[I 2026-07-08 22:42:28,946] Trial 57 finished with value: 0.4779873490333557 and parameters: {'n_units': 3, 'alpha': 1.0, 'sigma_in': 0.6, 'rho': 1.0, 'tikh': 0.1, 'bias': 0, 'option': 2, 'tau': 2, 'method': 'Logistic', 'connectivity': 0.5, 'I_type': 1, 'mode': 1, 'block_dim': 1}. Best is trial 31 with value: 0.8387575745582581.
[I 2026-07-08 22:44:41,772] Trial 58 finished with value: 0.7229200601577759 and parameters: {'n_units': 4, 'alpha': 0.7000000000000001, 'sigma_in': 0.30000000000000004, 'rho': 0.6, 'tikh': 1, 'bias': 0, 'option': 2, 'tau': 2, 'method': 'Logistic', 'connectivity': 1.0, 'I_type': 1, 'mode': 1, 'block_dim': 1}. Best is trial 31 with value: 0.8387575745582581.
[I 2026-07-08 22:46:22,460] Trial 59 finished with value: 0.43104493618011475 and parameters: {'n_units': 3, 'alpha': 0.1, 'sigma_in': 0.5, 'rho': 0.9, 'tikh': 0.1, 'bias': 0, 'option': 2, 'tau': 2, 'method': 'Logistic', 'connectivity': 1.0, 'I_type': 1, 'mode': 1, 'block_dim': 1}. Best is trial 31 with value: 0.8387575745582581.
[I 2026-07-08 22:48:03,445] Trial 60 finished with value: 0.4557608366012573 and parameters: {'n_units': 3, 'alpha': 0.5, 'sigma_in': 0.4, 'rho': 1.0, 'tikh': 0.1, 'bias': 0, 'option': 2, 'tau': 2, 'method': 'Logistic', 'connectivity': 0.5, 'I_type': 1, 'mode': 1, 'block_dim': 1}. Best is trial 31 with value: 0.8387575745582581.
[I 2026-07-08 22:49:44,350] Trial 61 finished with value: 0.7381818294525146 and parameters: {'n_units': 3, 'alpha': 0.2, 'sigma_in': 0.9, 'rho': 0.7000000000000001, 'tikh': 1, 'bias': 0, 'option': 2, 'tau': 2, 'method': 'Logistic', 'connectivity': 1.0, 'I_type': 1, 'mode': 1, 'block_dim': 1}. Best is trial 31 with value: 0.8387575745582581.
[I 2026-07-08 22:51:05,262] Trial 62 finished with value: 0.5360329747200012 and parameters: {'n_units': 2, 'alpha': 0.1, 'sigma_in': 0.4, 'rho': 0.5, 'tikh': 0.1, 'bias': 0, 'option': 2, 'tau': 2, 'method': 'Logistic', 'connectivity': 1.0, 'I_type': 1, 'mode': 1, 'block_dim': 1}. Best is trial 31 with value: 0.8387575745582581.
[I 2026-07-08 22:53:56,013] Trial 63 finished with value: 0.44175270199775696 and parameters: {'n_units': 4, 'alpha': 0.8, 'sigma_in': 0.4, 'rho': 0.8, 'tikh': 0.1, 'bias': 0, 'option': 2, 'tau': 2, 'method': 'Logistic', 'connectivity': 0.5, 'I_type': 1, 'mode': 1, 'block_dim': 1}. Best is trial 31 with value: 0.8387575745582581.
