nohup: ignoring input
[I 2025-10-06 11:33:56,759] A new study created in memory with name: no-name-26bd7357-b063-496d-a045-a9ee480d0da5
[I 2025-10-06 11:34:08,393] Trial 0 finished with value: 14040.205921936034 and parameters: {'n_units': 1000, 'alpha': 0.8, 'sigma_in': 0.30000000000000004, 'rho': 0.6, 'tikh': 1e-05, 'option': 2}. Best is trial 0 with value: 14040.205921936034.
[I 2025-10-06 11:35:24,457] Trial 1 finished with value: 3817.466780090332 and parameters: {'n_units': 4000, 'alpha': 0.30000000000000004, 'sigma_in': 0.5, 'rho': 0.30000000000000004, 'tikh': 0.01, 'option': 1}. Best is trial 1 with value: 3817.466780090332.
[I 2025-10-06 11:35:41,830] Trial 2 finished with value: 478379.3919985235 and parameters: {'n_units': 1000, 'alpha': 0.2, 'sigma_in': 0.1, 'rho': 0.8, 'tikh': 1e-08, 'option': 2}. Best is trial 1 with value: 3817.466780090332.
[I 2025-10-06 11:36:35,986] Trial 3 finished with value: 1145303.5213233079 and parameters: {'n_units': 2000, 'alpha': 0.2, 'sigma_in': 1.0, 'rho': 0.8, 'tikh': 0.0001, 'option': 2}. Best is trial 1 with value: 3817.466780090332.
[I 2025-10-06 11:37:24,871] Trial 4 finished with value: 313811.501940918 and parameters: {'n_units': 3000, 'alpha': 0.7000000000000001, 'sigma_in': 0.5, 'rho': 0.1, 'tikh': 0.01, 'option': 1}. Best is trial 1 with value: 3817.466780090332.
[I 2025-10-06 11:38:10,791] Trial 5 finished with value: 3116082.8053344726 and parameters: {'n_units': 3000, 'alpha': 1.0, 'sigma_in': 0.6, 'rho': 0.5, 'tikh': 0.0001, 'option': 3}. Best is trial 1 with value: 3817.466780090332.
[I 2025-10-06 11:38:24,259] Trial 6 finished with value: 2749833.531640625 and parameters: {'n_units': 1000, 'alpha': 1.0, 'sigma_in': 0.1, 'rho': 0.30000000000000004, 'tikh': 1e-08, 'option': 3}. Best is trial 1 with value: 3817.466780090332.
[I 2025-10-06 11:40:15,363] Trial 7 finished with value: 3546.4492782592774 and parameters: {'n_units': 4000, 'alpha': 0.5, 'sigma_in': 0.7000000000000001, 'rho': 0.4, 'tikh': 1e-08, 'option': 2}. Best is trial 7 with value: 3546.4492782592774.
[I 2025-10-06 11:41:37,412] Trial 8 finished with value: 54.76870053950697 and parameters: {'n_units': 4000, 'alpha': 0.5, 'sigma_in': 1.0, 'rho': 1.0, 'tikh': 0.1, 'option': 2}. Best is trial 8 with value: 54.76870053950697.
[I 2025-10-06 11:43:29,437] Trial 9 finished with value: 881391.1832443237 and parameters: {'n_units': 5000, 'alpha': 0.9, 'sigma_in': 0.7000000000000001, 'rho': 0.9, 'tikh': 0.001, 'option': 2}. Best is trial 8 with value: 54.76870053950697.
[I 2025-10-06 11:44:56,746] Trial 10 finished with value: 9195.757894933224 and parameters: {'n_units': 4000, 'alpha': 0.5, 'sigma_in': 1.0, 'rho': 1.0, 'tikh': 0.1, 'option': 1}. Best is trial 8 with value: 54.76870053950697.
[I 2025-10-06 11:46:24,553] Trial 11 finished with value: 1.3915269899502163 and parameters: {'n_units': 4000, 'alpha': 0.5, 'sigma_in': 0.8, 'rho': 0.6, 'tikh': 0.1, 'option': 2}. Best is trial 11 with value: 1.3915269899502163.
[I 2025-10-06 11:47:51,127] Trial 12 finished with value: 0.4024175828075386 and parameters: {'n_units': 4000, 'alpha': 0.4, 'sigma_in': 0.9, 'rho': 0.7000000000000001, 'tikh': 0.1, 'option': 2}. Best is trial 12 with value: 0.4024175828075386.
[I 2025-10-06 11:49:17,844] Trial 13 finished with value: 21142.11498184204 and parameters: {'n_units': 4000, 'alpha': 0.4, 'sigma_in': 0.8, 'rho': 0.7000000000000001, 'tikh': 1e-06, 'option': 2}. Best is trial 12 with value: 0.4024175828075386.
[I 2025-10-06 11:50:12,858] Trial 14 finished with value: 16.768041723966597 and parameters: {'n_units': 2000, 'alpha': 0.7000000000000001, 'sigma_in': 0.8, 'rho': 0.6, 'tikh': 0.1, 'option': 3}. Best is trial 12 with value: 0.4024175828075386.
[I 2025-10-06 11:52:11,863] Trial 15 finished with value: 1048901.758289671 and parameters: {'n_units': 5000, 'alpha': 0.1, 'sigma_in': 0.9, 'rho': 0.7000000000000001, 'tikh': 1e-07, 'option': 2}. Best is trial 12 with value: 0.4024175828075386.
[I 2025-10-06 11:53:38,124] Trial 16 finished with value: 3.2436270298145247 and parameters: {'n_units': 4000, 'alpha': 0.6, 'sigma_in': 0.8, 'rho': 0.5, 'tikh': 0.1, 'option': 2}. Best is trial 12 with value: 0.4024175828075386.
[I 2025-10-06 11:55:07,428] Trial 17 finished with value: 2.783451556705404 and parameters: {'n_units': 4000, 'alpha': 0.4, 'sigma_in': 0.9, 'rho': 0.7000000000000001, 'tikh': 0.1, 'option': 2}. Best is trial 12 with value: 0.4024175828075386.
[I 2025-10-06 11:56:27,973] Trial 18 finished with value: 10322559.084468078 and parameters: {'n_units': 4000, 'alpha': 0.30000000000000004, 'sigma_in': 0.6, 'rho': 0.4, 'tikh': 1e-06, 'option': 3}. Best is trial 12 with value: 0.4024175828075386.
[I 2025-10-06 11:57:29,094] Trial 19 finished with value: 152850719.928125 and parameters: {'n_units': 2000, 'alpha': 0.6, 'sigma_in': 0.4, 'rho': 0.1, 'tikh': 1e-05, 'option': 1}. Best is trial 12 with value: 0.4024175828075386.
[I 2025-10-06 11:58:24,012] Trial 20 finished with value: 41948.654556274414 and parameters: {'n_units': 3000, 'alpha': 0.4, 'sigma_in': 0.9, 'rho': 0.8, 'tikh': 1e-07, 'option': 2}. Best is trial 12 with value: 0.4024175828075386.
[I 2025-10-06 11:59:44,374] Trial 21 finished with value: 1.2533002014737575 and parameters: {'n_units': 4000, 'alpha': 0.4, 'sigma_in': 0.9, 'rho': 0.7000000000000001, 'tikh': 0.1, 'option': 2}. Best is trial 12 with value: 0.4024175828075386.
[I 2025-10-06 12:01:08,868] Trial 22 finished with value: 1.6673102752087288 and parameters: {'n_units': 4000, 'alpha': 0.30000000000000004, 'sigma_in': 0.7000000000000001, 'rho': 0.6, 'tikh': 0.1, 'option': 2}. Best is trial 12 with value: 0.4024175828075386.
[I 2025-10-06 12:02:38,537] Trial 23 finished with value: 32.90732610679261 and parameters: {'n_units': 4000, 'alpha': 0.4, 'sigma_in': 0.9, 'rho': 0.9, 'tikh': 0.1, 'option': 2}. Best is trial 12 with value: 0.4024175828075386.
[I 2025-10-06 12:04:03,492] Trial 24 finished with value: 1152.5792637825011 and parameters: {'n_units': 4000, 'alpha': 0.6, 'sigma_in': 0.8, 'rho': 0.7000000000000001, 'tikh': 0.001, 'option': 2}. Best is trial 12 with value: 0.4024175828075386.
[I 2025-10-06 12:05:57,780] Trial 25 finished with value: 0.02746415600995533 and parameters: {'n_units': 5000, 'alpha': 0.2, 'sigma_in': 1.0, 'rho': 0.5, 'tikh': 0.1, 'option': 2}. Best is trial 25 with value: 0.02746415600995533.
[I 2025-10-06 12:07:54,341] Trial 26 finished with value: 1.398018235526979 and parameters: {'n_units': 5000, 'alpha': 0.1, 'sigma_in': 1.0, 'rho': 0.4, 'tikh': 0.1, 'option': 2}. Best is trial 25 with value: 0.02746415600995533.
[I 2025-10-06 12:09:50,962] Trial 27 finished with value: 0.2579391946317628 and parameters: {'n_units': 5000, 'alpha': 0.2, 'sigma_in': 0.9, 'rho': 0.5, 'tikh': 0.1, 'option': 2}. Best is trial 25 with value: 0.02746415600995533.
[I 2025-10-06 12:11:47,491] Trial 28 finished with value: 435.1391876608715 and parameters: {'n_units': 5000, 'alpha': 0.2, 'sigma_in': 1.0, 'rho': 0.30000000000000004, 'tikh': 0.1, 'option': 1}. Best is trial 25 with value: 0.02746415600995533.
[I 2025-10-06 12:13:50,789] Trial 29 finished with value: 27.27402237467468 and parameters: {'n_units': 5000, 'alpha': 0.1, 'sigma_in': 0.2, 'rho': 0.5, 'tikh': 0.001, 'option': 3}. Best is trial 25 with value: 0.02746415600995533.
[I 2025-10-06 12:16:27,923] Trial 30 finished with value: 8631.429602849483 and parameters: {'n_units': 5000, 'alpha': 0.2, 'sigma_in': 0.30000000000000004, 'rho': 0.2, 'tikh': 1e-05, 'option': 2}. Best is trial 25 with value: 0.02746415600995533.
[I 2025-10-06 12:19:02,920] Trial 31 finished with value: 0.8512326025389484 and parameters: {'n_units': 5000, 'alpha': 0.30000000000000004, 'sigma_in': 0.9, 'rho': 0.6, 'tikh': 0.1, 'option': 2}. Best is trial 25 with value: 0.02746415600995533.
[I 2025-10-06 12:20:55,272] Trial 32 finished with value: 2444.991031770839 and parameters: {'n_units': 5000, 'alpha': 0.30000000000000004, 'sigma_in': 0.9, 'rho': 0.5, 'tikh': 0.01, 'option': 2}. Best is trial 25 with value: 0.02746415600995533.
[I 2025-10-06 12:22:49,630] Trial 33 finished with value: 0.15791307027684526 and parameters: {'n_units': 5000, 'alpha': 0.2, 'sigma_in': 1.0, 'rho': 0.6, 'tikh': 0.1, 'option': 2}. Best is trial 25 with value: 0.02746415600995533.
[I 2025-10-06 12:24:44,637] Trial 34 finished with value: 25634.165324234964 and parameters: {'n_units': 5000, 'alpha': 0.2, 'sigma_in': 1.0, 'rho': 0.4, 'tikh': 0.0001, 'option': 2}. Best is trial 25 with value: 0.02746415600995533.
[I 2025-10-06 12:25:04,309] Trial 35 finished with value: 0.9364131612703204 and parameters: {'n_units': 1000, 'alpha': 0.1, 'sigma_in': 1.0, 'rho': 0.6, 'tikh': 0.1, 'option': 2}. Best is trial 25 with value: 0.02746415600995533.
[I 2025-10-06 12:26:59,271] Trial 36 finished with value: 6138554.310726643 and parameters: {'n_units': 5000, 'alpha': 0.2, 'sigma_in': 0.7000000000000001, 'rho': 0.8, 'tikh': 0.01, 'option': 1}. Best is trial 25 with value: 0.02746415600995533.
[I 2025-10-06 12:29:15,496] Trial 37 finished with value: 2027.5403999328614 and parameters: {'n_units': 5000, 'alpha': 0.30000000000000004, 'sigma_in': 1.0, 'rho': 0.5, 'tikh': 1e-07, 'option': 2}. Best is trial 25 with value: 0.02746415600995533.
[I 2025-10-06 12:29:35,138] Trial 38 finished with value: 52225.99870109558 and parameters: {'n_units': 1000, 'alpha': 0.2, 'sigma_in': 0.8, 'rho': 0.8, 'tikh': 1e-08, 'option': 2}. Best is trial 25 with value: 0.02746415600995533.
[I 2025-10-06 12:30:30,091] Trial 39 finished with value: 319622.1641443044 and parameters: {'n_units': 3000, 'alpha': 0.1, 'sigma_in': 0.5, 'rho': 0.4, 'tikh': 0.0001, 'option': 3}. Best is trial 25 with value: 0.02746415600995533.
[I 2025-10-06 12:31:22,663] Trial 40 finished with value: 171272.6083343029 and parameters: {'n_units': 2000, 'alpha': 0.30000000000000004, 'sigma_in': 0.6, 'rho': 0.30000000000000004, 'tikh': 1e-06, 'option': 2}. Best is trial 25 with value: 0.02746415600995533.
[I 2025-10-06 12:33:29,722] Trial 41 finished with value: 6.937985077896156 and parameters: {'n_units': 5000, 'alpha': 0.30000000000000004, 'sigma_in': 0.9, 'rho': 0.6, 'tikh': 0.1, 'option': 2}. Best is trial 25 with value: 0.02746415600995533.
[I 2025-10-06 12:35:47,168] Trial 42 finished with value: 0.35292570574674753 and parameters: {'n_units': 5000, 'alpha': 0.2, 'sigma_in': 0.9, 'rho': 0.5, 'tikh': 0.1, 'option': 2}. Best is trial 25 with value: 0.02746415600995533.
[I 2025-10-06 12:37:49,713] Trial 43 finished with value: 0.5385653148405254 and parameters: {'n_units': 5000, 'alpha': 0.2, 'sigma_in': 1.0, 'rho': 0.5, 'tikh': 0.1, 'option': 2}. Best is trial 25 with value: 0.02746415600995533.
[I 2025-10-06 12:40:01,667] Trial 44 finished with value: 0.4762684853747487 and parameters: {'n_units': 5000, 'alpha': 0.2, 'sigma_in': 1.0, 'rho': 0.5, 'tikh': 0.1, 'option': 2}. Best is trial 25 with value: 0.02746415600995533.
[I 2025-10-06 12:42:32,884] Trial 45 finished with value: 0.3483023815730121 and parameters: {'n_units': 5000, 'alpha': 0.1, 'sigma_in': 0.7000000000000001, 'rho': 0.4, 'tikh': 0.1, 'option': 2}. Best is trial 25 with value: 0.02746415600995533.
[I 2025-10-06 12:44:25,419] Trial 46 finished with value: 187194484.85249025 and parameters: {'n_units': 5000, 'alpha': 0.1, 'sigma_in': 0.7000000000000001, 'rho': 0.4, 'tikh': 1e-05, 'option': 1}. Best is trial 25 with value: 0.02746415600995533.
[I 2025-10-06 12:46:25,392] Trial 47 finished with value: 310770.3610766817 and parameters: {'n_units': 5000, 'alpha': 0.1, 'sigma_in': 0.8, 'rho': 0.2, 'tikh': 1e-08, 'option': 2}. Best is trial 25 with value: 0.02746415600995533.
[I 2025-10-06 12:48:38,097] Trial 48 finished with value: 1.4123974171467126 and parameters: {'n_units': 5000, 'alpha': 0.2, 'sigma_in': 0.4, 'rho': 0.4, 'tikh': 0.1, 'option': 2}. Best is trial 25 with value: 0.02746415600995533.
[I 2025-10-06 12:50:38,552] Trial 49 finished with value: 20.931035470217466 and parameters: {'n_units': 5000, 'alpha': 0.9, 'sigma_in': 0.6, 'rho': 0.30000000000000004, 'tikh': 0.1, 'option': 3}. Best is trial 25 with value: 0.02746415600995533.
[I 2025-10-06 12:50:55,906] Trial 50 finished with value: 0.5273264468647539 and parameters: {'n_units': 1000, 'alpha': 0.1, 'sigma_in': 0.8, 'rho': 0.5, 'tikh': 0.01, 'option': 2}. Best is trial 25 with value: 0.02746415600995533.
[I 2025-10-06 12:52:03,625] Trial 51 finished with value: 1.6117760077118874 and parameters: {'n_units': 3000, 'alpha': 0.2, 'sigma_in': 0.9, 'rho': 0.6, 'tikh': 0.1, 'option': 2}. Best is trial 25 with value: 0.02746415600995533.
[I 2025-10-06 12:53:50,678] Trial 52 finished with value: 0.29342293574300127 and parameters: {'n_units': 5000, 'alpha': 0.2, 'sigma_in': 0.9, 'rho': 0.6, 'tikh': 0.1, 'option': 2}. Best is trial 25 with value: 0.02746415600995533.
[I 2025-10-06 12:55:55,113] Trial 53 finished with value: 0.2934857897926122 and parameters: {'n_units': 5000, 'alpha': 0.1, 'sigma_in': 0.9, 'rho': 0.5, 'tikh': 0.1, 'option': 2}. Best is trial 25 with value: 0.02746415600995533.
[I 2025-10-06 12:57:35,390] Trial 54 finished with value: 0.6445060926489532 and parameters: {'n_units': 5000, 'alpha': 0.1, 'sigma_in': 1.0, 'rho': 0.6, 'tikh': 0.1, 'option': 2}. Best is trial 25 with value: 0.02746415600995533.
[I 2025-10-06 12:58:47,414] Trial 55 finished with value: 1.3468875073827804 and parameters: {'n_units': 5000, 'alpha': 0.1, 'sigma_in': 1.0, 'rho': 0.4, 'tikh': 0.1, 'option': 2}. Best is trial 25 with value: 0.02746415600995533.
[I 2025-10-06 12:59:27,077] Trial 56 finished with value: 9162.706237763166 and parameters: {'n_units': 2000, 'alpha': 0.2, 'sigma_in': 0.7000000000000001, 'rho': 0.5, 'tikh': 1e-06, 'option': 2}. Best is trial 25 with value: 0.02746415600995533.
[I 2025-10-06 13:00:35,028] Trial 57 finished with value: 1.2768161521176808 and parameters: {'n_units': 5000, 'alpha': 0.30000000000000004, 'sigma_in': 0.8, 'rho': 0.6, 'tikh': 0.1, 'option': 2}. Best is trial 25 with value: 0.02746415600995533.
[I 2025-10-06 13:01:44,181] Trial 58 finished with value: 532010.1562984765 and parameters: {'n_units': 5000, 'alpha': 0.1, 'sigma_in': 0.9, 'rho': 0.7000000000000001, 'tikh': 0.001, 'option': 1}. Best is trial 25 with value: 0.02746415600995533.
[I 2025-10-06 13:02:54,082] Trial 59 finished with value: 3188.033437013626 and parameters: {'n_units': 5000, 'alpha': 0.2, 'sigma_in': 0.8, 'rho': 0.5, 'tikh': 1e-07, 'option': 2}. Best is trial 25 with value: 0.02746415600995533.
[I 2025-10-06 13:03:59,675] Trial 60 finished with value: 223414.05459594727 and parameters: {'n_units': 5000, 'alpha': 0.8, 'sigma_in': 0.9, 'rho': 0.6, 'tikh': 0.0001, 'option': 3}. Best is trial 25 with value: 0.02746415600995533.
[I 2025-10-06 13:05:00,138] Trial 61 finished with value: 0.5745339984074235 and parameters: {'n_units': 5000, 'alpha': 0.1, 'sigma_in': 0.9, 'rho': 0.5, 'tikh': 0.1, 'option': 2}. Best is trial 25 with value: 0.02746415600995533.
[I 2025-10-06 13:06:03,041] Trial 62 finished with value: 0.6478437875630334 and parameters: {'n_units': 5000, 'alpha': 0.2, 'sigma_in': 1.0, 'rho': 0.4, 'tikh': 0.1, 'option': 2}. Best is trial 25 with value: 0.02746415600995533.
[I 2025-10-06 13:07:15,148] Trial 63 finished with value: 1.1067323027760723 and parameters: {'n_units': 5000, 'alpha': 0.2, 'sigma_in': 0.9, 'rho': 0.5, 'tikh': 0.1, 'option': 2}. Best is trial 25 with value: 0.02746415600995533.
[I 2025-10-06 13:08:23,905] Trial 64 finished with value: 1.6963452881202101 and parameters: {'n_units': 5000, 'alpha': 0.30000000000000004, 'sigma_in': 0.8, 'rho': 0.7000000000000001, 'tikh': 0.1, 'option': 2}. Best is trial 25 with value: 0.02746415600995533.
[I 2025-10-06 13:09:02,828] Trial 65 finished with value: 0.02950167111121118 and parameters: {'n_units': 3000, 'alpha': 0.1, 'sigma_in': 1.0, 'rho': 0.6, 'tikh': 0.1, 'option': 2}. Best is trial 25 with value: 0.02746415600995533.
[I 2025-10-06 13:09:44,458] Trial 66 finished with value: 0.5513408788712695 and parameters: {'n_units': 3000, 'alpha': 0.1, 'sigma_in': 1.0, 'rho': 0.6, 'tikh': 0.1, 'option': 2}. Best is trial 25 with value: 0.02746415600995533.
[I 2025-10-06 13:10:20,843] Trial 67 finished with value: 14411.661851000787 and parameters: {'n_units': 3000, 'alpha': 0.1, 'sigma_in': 1.0, 'rho': 0.7000000000000001, 'tikh': 1e-05, 'option': 2}. Best is trial 25 with value: 0.02746415600995533.
[I 2025-10-06 13:10:52,397] Trial 68 finished with value: 1.224900196841918 and parameters: {'n_units': 3000, 'alpha': 0.1, 'sigma_in': 1.0, 'rho': 0.6, 'tikh': 0.1, 'option': 2}. Best is trial 25 with value: 0.02746415600995533.
[I 2025-10-06 13:11:23,307] Trial 69 finished with value: 45416.06464694291 and parameters: {'n_units': 3000, 'alpha': 0.2, 'sigma_in': 1.0, 'rho': 0.4, 'tikh': 1e-08, 'option': 2}. Best is trial 25 with value: 0.02746415600995533.
[I 2025-10-06 13:11:55,060] Trial 70 finished with value: 853.8989936351776 and parameters: {'n_units': 2000, 'alpha': 0.7000000000000001, 'sigma_in': 0.9, 'rho': 0.6, 'tikh': 0.1, 'option': 1}. Best is trial 25 with value: 0.02746415600995533.
[I 2025-10-06 13:13:06,106] Trial 71 finished with value: 0.12114997376920655 and parameters: {'n_units': 5000, 'alpha': 0.2, 'sigma_in': 0.9, 'rho': 0.5, 'tikh': 0.1, 'option': 2}. Best is trial 25 with value: 0.02746415600995533.
[I 2025-10-06 13:14:13,893] Trial 72 finished with value: 1.7670041917590424 and parameters: {'n_units': 5000, 'alpha': 0.30000000000000004, 'sigma_in': 0.9, 'rho': 0.5, 'tikh': 0.1, 'option': 2}. Best is trial 25 with value: 0.02746415600995533.
[I 2025-10-06 13:14:28,327] Trial 73 finished with value: 0.15079240072518588 and parameters: {'n_units': 1000, 'alpha': 0.1, 'sigma_in': 0.7000000000000001, 'rho': 0.5, 'tikh': 0.1, 'option': 2}. Best is trial 25 with value: 0.02746415600995533.
[I 2025-10-06 13:14:41,772] Trial 74 finished with value: 0.7855245864484459 and parameters: {'n_units': 1000, 'alpha': 0.2, 'sigma_in': 0.9, 'rho': 0.5, 'tikh': 0.1, 'option': 2}. Best is trial 25 with value: 0.02746415600995533.
[I 2025-10-06 13:14:54,368] Trial 75 finished with value: 0.7734161572996527 and parameters: {'n_units': 1000, 'alpha': 0.2, 'sigma_in': 1.0, 'rho': 0.6, 'tikh': 0.1, 'option': 2}. Best is trial 25 with value: 0.02746415600995533.
[I 2025-10-06 13:15:08,224] Trial 76 finished with value: 1195.7870099734514 and parameters: {'n_units': 1000, 'alpha': 0.1, 'sigma_in': 0.8, 'rho': 0.5, 'tikh': 0.001, 'option': 2}. Best is trial 25 with value: 0.02746415600995533.
[I 2025-10-06 13:15:21,893] Trial 77 finished with value: 0.3974360862514004 and parameters: {'n_units': 1000, 'alpha': 0.30000000000000004, 'sigma_in': 0.9, 'rho': 0.6, 'tikh': 0.1, 'option': 2}. Best is trial 25 with value: 0.02746415600995533.
[I 2025-10-06 13:16:04,232] Trial 78 finished with value: 277673.0732971191 and parameters: {'n_units': 3000, 'alpha': 0.2, 'sigma_in': 1.0, 'rho': 0.5, 'tikh': 1e-06, 'option': 3}. Best is trial 25 with value: 0.02746415600995533.
[I 2025-10-06 13:16:17,450] Trial 79 finished with value: 1.2610424689482898 and parameters: {'n_units': 1000, 'alpha': 0.1, 'sigma_in': 0.9, 'rho': 0.6, 'tikh': 0.01, 'option': 2}. Best is trial 25 with value: 0.02746415600995533.
[I 2025-10-06 13:17:27,329] Trial 80 finished with value: 106438030.0142189 and parameters: {'n_units': 5000, 'alpha': 0.4, 'sigma_in': 1.0, 'rho': 0.7000000000000001, 'tikh': 1e-07, 'option': 2}. Best is trial 25 with value: 0.02746415600995533.
[I 2025-10-06 13:18:39,254] Trial 81 finished with value: 0.7080182585865259 and parameters: {'n_units': 5000, 'alpha': 0.1, 'sigma_in': 0.7000000000000001, 'rho': 0.4, 'tikh': 0.1, 'option': 2}. Best is trial 25 with value: 0.02746415600995533.
[I 2025-10-06 13:19:51,176] Trial 82 finished with value: 0.9128735913895071 and parameters: {'n_units': 5000, 'alpha': 0.1, 'sigma_in': 0.5, 'rho': 0.5, 'tikh': 0.1, 'option': 2}. Best is trial 25 with value: 0.02746415600995533.
[I 2025-10-06 13:21:12,996] Trial 83 finished with value: 0.633314298465848 and parameters: {'n_units': 5000, 'alpha': 0.1, 'sigma_in': 0.6, 'rho': 0.30000000000000004, 'tikh': 0.1, 'option': 2}. Best is trial 25 with value: 0.02746415600995533.
[I 2025-10-06 13:22:20,454] Trial 84 finished with value: 1.099944281578064 and parameters: {'n_units': 5000, 'alpha': 0.2, 'sigma_in': 0.1, 'rho': 0.4, 'tikh': 0.1, 'option': 2}. Best is trial 25 with value: 0.02746415600995533.
[I 2025-10-06 13:23:27,557] Trial 85 finished with value: 22383299.11015185 and parameters: {'n_units': 5000, 'alpha': 0.1, 'sigma_in': 0.8, 'rho': 0.5, 'tikh': 0.0001, 'option': 2}. Best is trial 25 with value: 0.02746415600995533.
[I 2025-10-06 13:24:07,179] Trial 86 finished with value: 1.9367847422603517 and parameters: {'n_units': 2000, 'alpha': 0.30000000000000004, 'sigma_in': 0.7000000000000001, 'rho': 0.4, 'tikh': 0.1, 'option': 2}. Best is trial 25 with value: 0.02746415600995533.
[I 2025-10-06 13:25:19,226] Trial 87 finished with value: 0.40899290959350765 and parameters: {'n_units': 5000, 'alpha': 0.2, 'sigma_in': 0.4, 'rho': 0.6, 'tikh': 0.1, 'option': 2}. Best is trial 25 with value: 0.02746415600995533.
[I 2025-10-06 13:25:55,927] Trial 88 finished with value: 45.843608051975025 and parameters: {'n_units': 3000, 'alpha': 0.1, 'sigma_in': 0.9, 'rho': 0.5, 'tikh': 0.1, 'option': 1}. Best is trial 25 with value: 0.02746415600995533.
[I 2025-10-06 13:27:03,535] Trial 89 finished with value: 34556.86114363074 and parameters: {'n_units': 5000, 'alpha': 0.2, 'sigma_in': 0.6, 'rho': 0.30000000000000004, 'tikh': 1e-05, 'option': 2}. Best is trial 25 with value: 0.02746415600995533.
[I 2025-10-06 13:27:18,656] Trial 90 finished with value: 614393.0047119141 and parameters: {'n_units': 1000, 'alpha': 0.5, 'sigma_in': 0.8, 'rho': 0.6, 'tikh': 1e-08, 'option': 2}. Best is trial 25 with value: 0.02746415600995533.
