nohup: ignoring input
[I 2025-10-06 11:34:26,186] A new study created in memory with name: no-name-de9ae7d3-86a0-4709-b288-009374451c7e
[I 2025-10-06 11:35:47,574] Trial 0 finished with value: 2428.2397632598877 and parameters: {'n_units': 4000, 'alpha': 0.8, 'sigma_in': 0.4, 'rho': 0.8, 'tikh': 1e-07, 'option': 3}. Best is trial 0 with value: 2428.2397632598877.
[I 2025-10-06 11:36:45,626] Trial 1 finished with value: 51442938.665698245 and parameters: {'n_units': 3000, 'alpha': 0.4, 'sigma_in': 0.2, 'rho': 0.9, 'tikh': 1e-08, 'option': 1}. Best is trial 0 with value: 2428.2397632598877.
[I 2025-10-06 11:37:04,365] Trial 2 finished with value: 218.81249614829431 and parameters: {'n_units': 1000, 'alpha': 0.5, 'sigma_in': 0.30000000000000004, 'rho': 0.7000000000000001, 'tikh': 0.001, 'option': 2}. Best is trial 2 with value: 218.81249614829431.
[I 2025-10-06 11:37:19,794] Trial 3 finished with value: 1171945.87734375 and parameters: {'n_units': 1000, 'alpha': 0.8, 'sigma_in': 0.4, 'rho': 1.0, 'tikh': 0.0001, 'option': 1}. Best is trial 2 with value: 218.81249614829431.
[I 2025-10-06 11:38:08,463] Trial 4 finished with value: 8655363.747851562 and parameters: {'n_units': 2000, 'alpha': 0.2, 'sigma_in': 0.2, 'rho': 0.7000000000000001, 'tikh': 0.0001, 'option': 1}. Best is trial 2 with value: 218.81249614829431.
[I 2025-10-06 11:38:23,669] Trial 5 finished with value: 48.04887589812279 and parameters: {'n_units': 1000, 'alpha': 0.4, 'sigma_in': 0.1, 'rho': 0.4, 'tikh': 1e-08, 'option': 3}. Best is trial 5 with value: 48.04887589812279.
[I 2025-10-06 11:40:15,048] Trial 6 finished with value: 1554.8668515004217 and parameters: {'n_units': 4000, 'alpha': 0.2, 'sigma_in': 0.5, 'rho': 0.30000000000000004, 'tikh': 1e-08, 'option': 3}. Best is trial 5 with value: 48.04887589812279.
[I 2025-10-06 11:41:18,774] Trial 7 finished with value: 1.863536945695523 and parameters: {'n_units': 2000, 'alpha': 0.1, 'sigma_in': 0.8, 'rho': 0.1, 'tikh': 0.0001, 'option': 3}. Best is trial 7 with value: 1.863536945695523.
[I 2025-10-06 11:42:41,857] Trial 8 finished with value: 4875043780.6 and parameters: {'n_units': 4000, 'alpha': 0.5, 'sigma_in': 0.1, 'rho': 0.5, 'tikh': 1e-08, 'option': 1}. Best is trial 7 with value: 1.863536945695523.
[I 2025-10-06 11:43:37,770] Trial 9 finished with value: 49.688970695436 and parameters: {'n_units': 3000, 'alpha': 0.30000000000000004, 'sigma_in': 0.6, 'rho': 0.30000000000000004, 'tikh': 1e-06, 'option': 3}. Best is trial 7 with value: 1.863536945695523.
[I 2025-10-06 11:44:42,822] Trial 10 finished with value: 3908.485151720047 and parameters: {'n_units': 2000, 'alpha': 1.0, 'sigma_in': 0.9, 'rho': 0.1, 'tikh': 1e-05, 'option': 2}. Best is trial 7 with value: 1.863536945695523.
[I 2025-10-06 11:46:40,681] Trial 11 finished with value: 0.011162619246169925 and parameters: {'n_units': 5000, 'alpha': 0.1, 'sigma_in': 0.9, 'rho': 0.1, 'tikh': 0.1, 'option': 3}. Best is trial 11 with value: 0.011162619246169925.
[I 2025-10-06 11:48:41,395] Trial 12 finished with value: 0.009229792319820263 and parameters: {'n_units': 5000, 'alpha': 0.1, 'sigma_in': 0.9, 'rho': 0.1, 'tikh': 0.1, 'option': 3}. Best is trial 12 with value: 0.009229792319820263.
[I 2025-10-06 11:50:33,475] Trial 13 finished with value: 0.005989219166804105 and parameters: {'n_units': 5000, 'alpha': 0.1, 'sigma_in': 1.0, 'rho': 0.2, 'tikh': 0.1, 'option': 3}. Best is trial 13 with value: 0.005989219166804105.
[I 2025-10-06 11:52:29,236] Trial 14 finished with value: 1146.0213342145084 and parameters: {'n_units': 5000, 'alpha': 0.7000000000000001, 'sigma_in': 1.0, 'rho': 0.30000000000000004, 'tikh': 0.1, 'option': 3}. Best is trial 13 with value: 0.005989219166804105.
[I 2025-10-06 11:54:21,766] Trial 15 finished with value: 7.551456396272988 and parameters: {'n_units': 5000, 'alpha': 0.30000000000000004, 'sigma_in': 0.7000000000000001, 'rho': 0.2, 'tikh': 0.01, 'option': 3}. Best is trial 13 with value: 0.005989219166804105.
[I 2025-10-06 11:56:16,462] Trial 16 finished with value: 0.004588799092744011 and parameters: {'n_units': 5000, 'alpha': 0.1, 'sigma_in': 1.0, 'rho': 0.5, 'tikh': 0.1, 'option': 2}. Best is trial 16 with value: 0.004588799092744011.
[I 2025-10-06 11:58:06,987] Trial 17 finished with value: 0.025087341472453773 and parameters: {'n_units': 5000, 'alpha': 0.30000000000000004, 'sigma_in': 1.0, 'rho': 0.5, 'tikh': 0.1, 'option': 2}. Best is trial 16 with value: 0.004588799092744011.
[I 2025-10-06 11:59:58,892] Trial 18 finished with value: 0.051023074562544936 and parameters: {'n_units': 5000, 'alpha': 0.6, 'sigma_in': 0.7000000000000001, 'rho': 0.6, 'tikh': 0.1, 'option': 2}. Best is trial 16 with value: 0.004588799092744011.
[I 2025-10-06 12:01:55,157] Trial 19 finished with value: 141.0858242552813 and parameters: {'n_units': 5000, 'alpha': 0.2, 'sigma_in': 0.8, 'rho': 0.4, 'tikh': 1e-05, 'option': 2}. Best is trial 16 with value: 0.004588799092744011.
[I 2025-10-06 12:03:43,338] Trial 20 finished with value: 1228919.4003690719 and parameters: {'n_units': 5000, 'alpha': 1.0, 'sigma_in': 1.0, 'rho': 0.6, 'tikh': 0.01, 'option': 2}. Best is trial 16 with value: 0.004588799092744011.
[I 2025-10-06 12:05:31,903] Trial 21 finished with value: 0.024430621799547227 and parameters: {'n_units': 5000, 'alpha': 0.1, 'sigma_in': 0.9, 'rho': 0.2, 'tikh': 0.1, 'option': 3}. Best is trial 16 with value: 0.004588799092744011.
[I 2025-10-06 12:07:28,553] Trial 22 finished with value: 0.010498030786402523 and parameters: {'n_units': 5000, 'alpha': 0.1, 'sigma_in': 0.8, 'rho': 0.2, 'tikh': 0.1, 'option': 3}. Best is trial 16 with value: 0.004588799092744011.
[I 2025-10-06 12:09:21,284] Trial 23 finished with value: 0.038625205885568906 and parameters: {'n_units': 5000, 'alpha': 0.2, 'sigma_in': 1.0, 'rho': 0.4, 'tikh': 0.1, 'option': 2}. Best is trial 16 with value: 0.004588799092744011.
[I 2025-10-06 12:11:15,714] Trial 24 finished with value: 60.17777005750686 and parameters: {'n_units': 5000, 'alpha': 0.1, 'sigma_in': 0.9, 'rho': 0.2, 'tikh': 0.001, 'option': 3}. Best is trial 16 with value: 0.004588799092744011.
[I 2025-10-06 12:12:18,366] Trial 25 finished with value: 39.124828843586144 and parameters: {'n_units': 3000, 'alpha': 0.4, 'sigma_in': 0.7000000000000001, 'rho': 0.1, 'tikh': 1e-06, 'option': 2}. Best is trial 16 with value: 0.004588799092744011.
[I 2025-10-06 12:14:38,770] Trial 26 finished with value: 155.448533731699 and parameters: {'n_units': 5000, 'alpha': 0.2, 'sigma_in': 1.0, 'rho': 0.30000000000000004, 'tikh': 1e-07, 'option': 3}. Best is trial 16 with value: 0.004588799092744011.
[I 2025-10-06 12:17:17,896] Trial 27 finished with value: 0.16113353553810156 and parameters: {'n_units': 5000, 'alpha': 0.30000000000000004, 'sigma_in': 0.8, 'rho': 0.5, 'tikh': 0.1, 'option': 3}. Best is trial 16 with value: 0.004588799092744011.
[I 2025-10-06 12:19:38,699] Trial 28 finished with value: 0.0054095199906441845 and parameters: {'n_units': 5000, 'alpha': 0.1, 'sigma_in': 0.9, 'rho': 0.2, 'tikh': 0.1, 'option': 2}. Best is trial 16 with value: 0.004588799092744011.
[I 2025-10-06 12:21:12,937] Trial 29 finished with value: 81.75949719250202 and parameters: {'n_units': 4000, 'alpha': 0.2, 'sigma_in': 0.6, 'rho': 0.8, 'tikh': 1e-07, 'option': 2}. Best is trial 16 with value: 0.004588799092744011.
[I 2025-10-06 12:21:32,294] Trial 30 finished with value: 0.13475446198426652 and parameters: {'n_units': 1000, 'alpha': 0.6, 'sigma_in': 1.0, 'rho': 0.4, 'tikh': 0.1, 'option': 2}. Best is trial 16 with value: 0.004588799092744011.
[I 2025-10-06 12:23:32,958] Trial 31 finished with value: 0.0048430608010676226 and parameters: {'n_units': 5000, 'alpha': 0.1, 'sigma_in': 0.9, 'rho': 0.2, 'tikh': 0.1, 'option': 2}. Best is trial 16 with value: 0.004588799092744011.
[I 2025-10-06 12:25:23,271] Trial 32 finished with value: 0.0018935946623969357 and parameters: {'n_units': 5000, 'alpha': 0.1, 'sigma_in': 0.9, 'rho': 0.2, 'tikh': 0.1, 'option': 2}. Best is trial 32 with value: 0.0018935946623969357.
[I 2025-10-06 12:26:30,805] Trial 33 finished with value: 0.010397513971474837 and parameters: {'n_units': 3000, 'alpha': 0.30000000000000004, 'sigma_in': 0.8, 'rho': 0.30000000000000004, 'tikh': 0.1, 'option': 2}. Best is trial 32 with value: 0.0018935946623969357.
[I 2025-10-06 12:28:51,107] Trial 34 finished with value: 246.82296353578568 and parameters: {'n_units': 5000, 'alpha': 0.2, 'sigma_in': 0.9, 'rho': 1.0, 'tikh': 0.001, 'option': 2}. Best is trial 32 with value: 0.0018935946623969357.
[I 2025-10-06 12:29:46,949] Trial 35 finished with value: 0.008695340132544516 and parameters: {'n_units': 2000, 'alpha': 0.4, 'sigma_in': 0.4, 'rho': 0.8, 'tikh': 0.1, 'option': 2}. Best is trial 32 with value: 0.0018935946623969357.
[I 2025-10-06 12:30:05,607] Trial 36 finished with value: 24444.951169109343 and parameters: {'n_units': 1000, 'alpha': 0.9, 'sigma_in': 0.7000000000000001, 'rho': 0.7000000000000001, 'tikh': 1e-05, 'option': 2}. Best is trial 32 with value: 0.0018935946623969357.
[I 2025-10-06 12:32:07,674] Trial 37 finished with value: 391465.4036727905 and parameters: {'n_units': 5000, 'alpha': 0.1, 'sigma_in': 0.9, 'rho': 0.9, 'tikh': 1e-06, 'option': 1}. Best is trial 32 with value: 0.0018935946623969357.
[I 2025-10-06 12:33:38,028] Trial 38 finished with value: 316.86755894110536 and parameters: {'n_units': 4000, 'alpha': 0.2, 'sigma_in': 0.5, 'rho': 0.2, 'tikh': 0.0001, 'option': 2}. Best is trial 32 with value: 0.0018935946623969357.
[I 2025-10-06 12:36:01,669] Trial 39 finished with value: 49.246601664938495 and parameters: {'n_units': 5000, 'alpha': 0.5, 'sigma_in': 0.8, 'rho': 0.4, 'tikh': 0.01, 'option': 2}. Best is trial 32 with value: 0.0018935946623969357.
[I 2025-10-06 12:37:13,481] Trial 40 finished with value: 75018295.80351563 and parameters: {'n_units': 3000, 'alpha': 0.2, 'sigma_in': 0.9, 'rho': 0.30000000000000004, 'tikh': 1e-07, 'option': 1}. Best is trial 32 with value: 0.0018935946623969357.
[I 2025-10-06 12:39:12,688] Trial 41 finished with value: 0.0019440239811956417 and parameters: {'n_units': 5000, 'alpha': 0.1, 'sigma_in': 1.0, 'rho': 0.2, 'tikh': 0.1, 'option': 2}. Best is trial 32 with value: 0.0018935946623969357.
[I 2025-10-06 12:41:54,509] Trial 42 finished with value: 0.003083800346212229 and parameters: {'n_units': 5000, 'alpha': 0.1, 'sigma_in': 1.0, 'rho': 0.2, 'tikh': 0.1, 'option': 2}. Best is trial 32 with value: 0.0018935946623969357.
[I 2025-10-06 12:42:56,769] Trial 43 finished with value: 2.786465052329004 and parameters: {'n_units': 2000, 'alpha': 0.1, 'sigma_in': 1.0, 'rho': 0.1, 'tikh': 1e-08, 'option': 2}. Best is trial 32 with value: 0.0018935946623969357.
[I 2025-10-06 12:44:55,883] Trial 44 finished with value: 0.04666915310081095 and parameters: {'n_units': 5000, 'alpha': 0.1, 'sigma_in': 0.30000000000000004, 'rho': 0.30000000000000004, 'tikh': 0.1, 'option': 2}. Best is trial 32 with value: 0.0018935946623969357.
[I 2025-10-06 12:45:14,108] Trial 45 finished with value: 0.00628129791439278 and parameters: {'n_units': 1000, 'alpha': 0.30000000000000004, 'sigma_in': 1.0, 'rho': 0.1, 'tikh': 0.1, 'option': 2}. Best is trial 32 with value: 0.0018935946623969357.
[I 2025-10-06 12:47:36,769] Trial 46 finished with value: 0.005907922452752246 and parameters: {'n_units': 5000, 'alpha': 0.2, 'sigma_in': 0.9, 'rho': 0.2, 'tikh': 0.1, 'option': 2}. Best is trial 32 with value: 0.0018935946623969357.
[I 2025-10-06 12:49:07,608] Trial 47 finished with value: 13038889.458203126 and parameters: {'n_units': 4000, 'alpha': 0.2, 'sigma_in': 1.0, 'rho': 0.30000000000000004, 'tikh': 0.0001, 'option': 1}. Best is trial 32 with value: 0.0018935946623969357.
[I 2025-10-06 12:51:02,262] Trial 48 finished with value: 30.237173565186094 and parameters: {'n_units': 5000, 'alpha': 0.1, 'sigma_in': 0.9, 'rho': 0.1, 'tikh': 0.001, 'option': 2}. Best is trial 32 with value: 0.0018935946623969357.
[I 2025-10-06 12:53:00,512] Trial 49 finished with value: 0.004564692771600676 and parameters: {'n_units': 5000, 'alpha': 0.1, 'sigma_in': 1.0, 'rho': 0.4, 'tikh': 0.1, 'option': 2}. Best is trial 32 with value: 0.0018935946623969357.
[I 2025-10-06 12:53:49,630] Trial 50 finished with value: 24506.799056243897 and parameters: {'n_units': 2000, 'alpha': 0.8, 'sigma_in': 1.0, 'rho': 0.6, 'tikh': 1e-08, 'option': 2}. Best is trial 32 with value: 0.0018935946623969357.
[I 2025-10-06 12:55:50,239] Trial 51 finished with value: 0.002478496272669872 and parameters: {'n_units': 5000, 'alpha': 0.1, 'sigma_in': 1.0, 'rho': 0.5, 'tikh': 0.1, 'option': 2}. Best is trial 32 with value: 0.0018935946623969357.
[I 2025-10-06 12:57:34,323] Trial 52 finished with value: 0.00023772788088081143 and parameters: {'n_units': 5000, 'alpha': 0.2, 'sigma_in': 1.0, 'rho': 0.5, 'tikh': 0.1, 'option': 2}. Best is trial 52 with value: 0.00023772788088081143.
[I 2025-10-06 12:58:46,715] Trial 53 finished with value: 0.013365575242823979 and parameters: {'n_units': 5000, 'alpha': 0.1, 'sigma_in': 1.0, 'rho': 0.5, 'tikh': 0.1, 'option': 2}. Best is trial 52 with value: 0.00023772788088081143.
[I 2025-10-06 13:00:04,273] Trial 54 finished with value: 0.0031285466639019432 and parameters: {'n_units': 5000, 'alpha': 0.30000000000000004, 'sigma_in': 1.0, 'rho': 0.4, 'tikh': 0.1, 'option': 2}. Best is trial 52 with value: 0.00023772788088081143.
[I 2025-10-06 13:01:12,307] Trial 55 finished with value: 0.18648361143041256 and parameters: {'n_units': 5000, 'alpha': 0.30000000000000004, 'sigma_in': 1.0, 'rho': 0.6, 'tikh': 0.1, 'option': 2}. Best is trial 52 with value: 0.00023772788088081143.
[I 2025-10-06 13:02:16,765] Trial 56 finished with value: 6151.157050430775 and parameters: {'n_units': 5000, 'alpha': 0.2, 'sigma_in': 0.9, 'rho': 0.7000000000000001, 'tikh': 1e-05, 'option': 2}. Best is trial 52 with value: 0.00023772788088081143.
[I 2025-10-06 13:03:29,525] Trial 57 finished with value: 84166.84508361816 and parameters: {'n_units': 5000, 'alpha': 0.4, 'sigma_in': 1.0, 'rho': 0.5, 'tikh': 0.1, 'option': 1}. Best is trial 52 with value: 0.00023772788088081143.
[I 2025-10-06 13:04:39,865] Trial 58 finished with value: 30.37491918154992 and parameters: {'n_units': 5000, 'alpha': 0.30000000000000004, 'sigma_in': 0.2, 'rho': 0.4, 'tikh': 1e-06, 'option': 2}. Best is trial 52 with value: 0.00023772788088081143.
[I 2025-10-06 13:05:17,103] Trial 59 finished with value: 0.00404248590930365 and parameters: {'n_units': 3000, 'alpha': 0.2, 'sigma_in': 0.8, 'rho': 0.4, 'tikh': 0.1, 'option': 2}. Best is trial 52 with value: 0.00023772788088081143.
[I 2025-10-06 13:06:23,854] Trial 60 finished with value: 2542.7384235814216 and parameters: {'n_units': 5000, 'alpha': 0.4, 'sigma_in': 1.0, 'rho': 0.6, 'tikh': 0.01, 'option': 2}. Best is trial 52 with value: 0.00023772788088081143.
[I 2025-10-06 13:07:06,813] Trial 61 finished with value: 0.00188297159911599 and parameters: {'n_units': 3000, 'alpha': 0.2, 'sigma_in': 0.8, 'rho': 0.5, 'tikh': 0.1, 'option': 2}. Best is trial 52 with value: 0.00023772788088081143.
[I 2025-10-06 13:07:47,981] Trial 62 finished with value: 0.005379148347503815 and parameters: {'n_units': 3000, 'alpha': 0.2, 'sigma_in': 0.9, 'rho': 0.5, 'tikh': 0.1, 'option': 2}. Best is trial 52 with value: 0.00023772788088081143.
[I 2025-10-06 13:08:27,792] Trial 63 finished with value: 0.005227848165486648 and parameters: {'n_units': 3000, 'alpha': 0.2, 'sigma_in': 0.9, 'rho': 0.5, 'tikh': 0.1, 'option': 2}. Best is trial 52 with value: 0.00023772788088081143.
[I 2025-10-06 13:09:05,634] Trial 64 finished with value: 0.008388118739003404 and parameters: {'n_units': 3000, 'alpha': 0.1, 'sigma_in': 0.8, 'rho': 0.5, 'tikh': 0.1, 'option': 2}. Best is trial 52 with value: 0.00023772788088081143.
[I 2025-10-06 13:10:20,535] Trial 65 finished with value: 0.0021651172210113145 and parameters: {'n_units': 5000, 'alpha': 0.1, 'sigma_in': 1.0, 'rho': 0.6, 'tikh': 0.1, 'option': 2}. Best is trial 52 with value: 0.00023772788088081143.
[I 2025-10-06 13:10:34,903] Trial 66 finished with value: 0.0028828569236793557 and parameters: {'n_units': 1000, 'alpha': 0.1, 'sigma_in': 1.0, 'rho': 0.7000000000000001, 'tikh': 0.1, 'option': 2}. Best is trial 52 with value: 0.00023772788088081143.
[I 2025-10-06 13:10:48,891] Trial 67 finished with value: 2578.787420654297 and parameters: {'n_units': 1000, 'alpha': 0.7000000000000001, 'sigma_in': 0.9, 'rho': 0.7000000000000001, 'tikh': 0.0001, 'option': 2}. Best is trial 52 with value: 0.00023772788088081143.
[I 2025-10-06 13:11:02,803] Trial 68 finished with value: 0.009159867151174695 and parameters: {'n_units': 1000, 'alpha': 0.1, 'sigma_in': 0.6, 'rho': 0.6, 'tikh': 0.1, 'option': 2}. Best is trial 52 with value: 0.00023772788088081143.
[I 2025-10-06 13:11:16,579] Trial 69 finished with value: 458.24408942237494 and parameters: {'n_units': 1000, 'alpha': 0.1, 'sigma_in': 0.9, 'rho': 0.7000000000000001, 'tikh': 1e-07, 'option': 2}. Best is trial 52 with value: 0.00023772788088081143.
[I 2025-10-06 13:11:31,836] Trial 70 finished with value: 29.67452779337764 and parameters: {'n_units': 1000, 'alpha': 0.2, 'sigma_in': 0.8, 'rho': 0.7000000000000001, 'tikh': 0.1, 'option': 1}. Best is trial 52 with value: 0.00023772788088081143.
[I 2025-10-06 13:12:41,594] Trial 71 finished with value: 0.0010549788712523878 and parameters: {'n_units': 5000, 'alpha': 0.1, 'sigma_in': 1.0, 'rho': 0.9, 'tikh': 0.1, 'option': 2}. Best is trial 52 with value: 0.00023772788088081143.
[I 2025-10-06 13:13:35,214] Trial 72 finished with value: 0.004138576041441411 and parameters: {'n_units': 4000, 'alpha': 0.1, 'sigma_in': 1.0, 'rho': 0.9, 'tikh': 0.1, 'option': 2}. Best is trial 52 with value: 0.00023772788088081143.
[I 2025-10-06 13:14:44,413] Trial 73 finished with value: 0.0003348860273035825 and parameters: {'n_units': 5000, 'alpha': 0.1, 'sigma_in': 1.0, 'rho': 0.8, 'tikh': 0.1, 'option': 2}. Best is trial 52 with value: 0.00023772788088081143.
[I 2025-10-06 13:15:51,931] Trial 74 finished with value: 0.5360812317845103 and parameters: {'n_units': 5000, 'alpha': 0.2, 'sigma_in': 1.0, 'rho': 0.9, 'tikh': 0.1, 'option': 2}. Best is trial 52 with value: 0.00023772788088081143.
[I 2025-10-06 13:17:01,717] Trial 75 finished with value: 235.93319236282258 and parameters: {'n_units': 5000, 'alpha': 0.1, 'sigma_in': 0.9, 'rho': 0.9, 'tikh': 0.001, 'option': 2}. Best is trial 52 with value: 0.00023772788088081143.
[I 2025-10-06 13:18:13,301] Trial 76 finished with value: 0.000285723604974919 and parameters: {'n_units': 5000, 'alpha': 0.1, 'sigma_in': 1.0, 'rho': 1.0, 'tikh': 0.1, 'option': 2}. Best is trial 52 with value: 0.00023772788088081143.
[I 2025-10-06 13:19:28,551] Trial 77 finished with value: 10234.20117609799 and parameters: {'n_units': 5000, 'alpha': 0.2, 'sigma_in': 0.30000000000000004, 'rho': 1.0, 'tikh': 1e-08, 'option': 2}. Best is trial 52 with value: 0.00023772788088081143.
[I 2025-10-06 13:20:10,934] Trial 78 finished with value: 92.88365864939988 and parameters: {'n_units': 3000, 'alpha': 0.2, 'sigma_in': 0.9, 'rho': 1.0, 'tikh': 1e-05, 'option': 2}. Best is trial 52 with value: 0.00023772788088081143.
[I 2025-10-06 13:21:35,817] Trial 79 finished with value: 0.000755390545600676 and parameters: {'n_units': 5000, 'alpha': 0.1, 'sigma_in': 1.0, 'rho': 0.8, 'tikh': 0.1, 'option': 2}. Best is trial 52 with value: 0.00023772788088081143.
[I 2025-10-06 13:22:12,527] Trial 80 finished with value: 19.43940294761851 and parameters: {'n_units': 2000, 'alpha': 0.1, 'sigma_in': 0.9, 'rho': 0.8, 'tikh': 1e-06, 'option': 2}. Best is trial 52 with value: 0.00023772788088081143.
[I 2025-10-06 13:23:20,501] Trial 81 finished with value: 0.0008040877418352465 and parameters: {'n_units': 5000, 'alpha': 0.1, 'sigma_in': 1.0, 'rho': 0.8, 'tikh': 0.1, 'option': 2}. Best is trial 52 with value: 0.00023772788088081143.
[I 2025-10-06 13:24:30,431] Trial 82 finished with value: 0.0007061963404339621 and parameters: {'n_units': 5000, 'alpha': 0.1, 'sigma_in': 1.0, 'rho': 0.8, 'tikh': 0.1, 'option': 2}. Best is trial 52 with value: 0.00023772788088081143.
[I 2025-10-06 13:25:34,780] Trial 83 finished with value: 0.002611739329222473 and parameters: {'n_units': 5000, 'alpha': 0.1, 'sigma_in': 1.0, 'rho': 0.8, 'tikh': 0.1, 'option': 2}. Best is trial 52 with value: 0.00023772788088081143.
[I 2025-10-06 13:26:33,135] Trial 84 finished with value: 0.004242567408073228 and parameters: {'n_units': 5000, 'alpha': 0.2, 'sigma_in': 1.0, 'rho': 0.8, 'tikh': 0.1, 'option': 2}. Best is trial 52 with value: 0.00023772788088081143.
[I 2025-10-06 13:27:38,964] Trial 85 finished with value: 192.73966491352766 and parameters: {'n_units': 5000, 'alpha': 0.1, 'sigma_in': 1.0, 'rho': 0.9, 'tikh': 0.01, 'option': 3}. Best is trial 52 with value: 0.00023772788088081143.
[I 2025-10-06 13:28:47,372] Trial 86 finished with value: 0.00076852368292748 and parameters: {'n_units': 5000, 'alpha': 0.1, 'sigma_in': 0.9, 'rho': 0.8, 'tikh': 0.1, 'option': 2}. Best is trial 52 with value: 0.00023772788088081143.
[I 2025-10-06 13:29:58,562] Trial 87 finished with value: 0.0074623516002247925 and parameters: {'n_units': 5000, 'alpha': 0.1, 'sigma_in': 1.0, 'rho': 0.8, 'tikh': 0.1, 'option': 2}. Best is trial 52 with value: 0.00023772788088081143.
[I 2025-10-06 13:31:12,504] Trial 88 finished with value: 0.0035249250158017275 and parameters: {'n_units': 5000, 'alpha': 0.2, 'sigma_in': 0.9, 'rho': 0.8, 'tikh': 0.1, 'option': 2}. Best is trial 52 with value: 0.00023772788088081143.
[I 2025-10-06 13:32:28,772] Trial 89 finished with value: 480611.01883000805 and parameters: {'n_units': 5000, 'alpha': 0.1, 'sigma_in': 1.0, 'rho': 1.0, 'tikh': 0.1, 'option': 1}. Best is trial 52 with value: 0.00023772788088081143.
[I 2025-10-06 13:33:44,783] Trial 90 finished with value: 2421.364811298065 and parameters: {'n_units': 5000, 'alpha': 0.1, 'sigma_in': 0.9, 'rho': 0.9, 'tikh': 1e-07, 'option': 2}. Best is trial 52 with value: 0.00023772788088081143.
