[I 2025-10-06 13:34:58,506] Trial 91 finished with value: 0.0032696646362637694 and parameters: {'n_units': 5000, 'alpha': 0.1, 'sigma_in': 1.0, 'rho': 0.8, 'tikh': 0.1, 'option': 2}. Best is trial 52 with value: 0.00023772788088081143.
[I 2025-10-06 13:36:12,901] Trial 92 finished with value: 0.0007774284978950164 and parameters: {'n_units': 5000, 'alpha': 0.1, 'sigma_in': 0.7000000000000001, 'rho': 0.9, 'tikh': 0.1, 'option': 2}. Best is trial 52 with value: 0.00023772788088081143.
[I 2025-10-06 13:37:23,175] Trial 93 finished with value: 0.001276943276207021 and parameters: {'n_units': 5000, 'alpha': 0.2, 'sigma_in': 0.7000000000000001, 'rho': 0.9, 'tikh': 0.1, 'option': 2}. Best is trial 52 with value: 0.00023772788088081143.
[I 2025-10-06 13:38:31,516] Trial 94 finished with value: 0.002831853496172698 and parameters: {'n_units': 5000, 'alpha': 0.1, 'sigma_in': 0.6, 'rho': 0.9, 'tikh': 0.1, 'option': 2}. Best is trial 52 with value: 0.00023772788088081143.
[I 2025-10-06 13:39:36,753] Trial 95 finished with value: 0.4205810000760721 and parameters: {'n_units': 5000, 'alpha': 0.5, 'sigma_in': 0.7000000000000001, 'rho': 1.0, 'tikh': 0.1, 'option': 2}. Best is trial 52 with value: 0.00023772788088081143.
[I 2025-10-06 13:40:41,606] Trial 96 finished with value: 42.90219677733258 and parameters: {'n_units': 5000, 'alpha': 0.1, 'sigma_in': 0.5, 'rho': 0.9, 'tikh': 0.0001, 'option': 2}. Best is trial 52 with value: 0.00023772788088081143.
[I 2025-10-06 13:41:47,669] Trial 97 finished with value: 0.012645963191607735 and parameters: {'n_units': 5000, 'alpha': 0.2, 'sigma_in': 0.4, 'rho': 0.8, 'tikh': 0.1, 'option': 2}. Best is trial 52 with value: 0.00023772788088081143.
[I 2025-10-06 13:42:51,730] Trial 98 finished with value: 0.22000291077019937 and parameters: {'n_units': 5000, 'alpha': 0.2, 'sigma_in': 0.7000000000000001, 'rho': 0.9, 'tikh': 0.1, 'option': 3}. Best is trial 52 with value: 0.00023772788088081143.
[I 2025-10-06 13:43:41,849] Trial 99 finished with value: 78.8444653137587 and parameters: {'n_units': 4000, 'alpha': 0.1, 'sigma_in': 0.7000000000000001, 'rho': 0.8, 'tikh': 0.001, 'option': 2}. Best is trial 52 with value: 0.00023772788088081143.

Best Hyperparameters: {'n_units': 5000, 'alpha': 0.2, 'sigma_in': 1.0, 'rho': 0.5, 'tikh': 0.1, 'option': 2}
Lowest Loss: 0.00023772788088081143

Best Hyperparameters: {'n_units': 5000, 'alpha': 0.2, 'sigma_in': 1.0, 'rho': 0.5, 'tikh': 0.1, 'option': 2}
Training_Loss with best hyperparameters: 0.0002665797
Test_Loss with best hyperparameters: 0.03892451
