[I 2025-10-06 13:28:22,746] Trial 91 finished with value: 0.9268999360268936 and parameters: {'n_units': 5000, 'alpha': 0.2, 'sigma_in': 0.9, 'rho': 0.5, 'tikh': 0.1, 'option': 2}. Best is trial 25 with value: 0.02746415600995533.
[I 2025-10-06 13:29:31,632] Trial 92 finished with value: 0.6051828402734827 and parameters: {'n_units': 5000, 'alpha': 0.2, 'sigma_in': 1.0, 'rho': 0.5, 'tikh': 0.1, 'option': 2}. Best is trial 25 with value: 0.02746415600995533.
[I 2025-10-06 13:30:43,803] Trial 93 finished with value: 0.3105795983225107 and parameters: {'n_units': 5000, 'alpha': 0.1, 'sigma_in': 0.9, 'rho': 0.4, 'tikh': 0.1, 'option': 2}. Best is trial 25 with value: 0.02746415600995533.
[I 2025-10-06 13:31:57,757] Trial 94 finished with value: 2.4890788048505783 and parameters: {'n_units': 5000, 'alpha': 0.1, 'sigma_in': 0.9, 'rho': 0.4, 'tikh': 0.1, 'option': 2}. Best is trial 25 with value: 0.02746415600995533.
[I 2025-10-06 13:33:14,420] Trial 95 finished with value: 0.03465847792103886 and parameters: {'n_units': 5000, 'alpha': 0.1, 'sigma_in': 1.0, 'rho': 0.4, 'tikh': 0.1, 'option': 2}. Best is trial 25 with value: 0.02746415600995533.
[I 2025-10-06 13:34:29,230] Trial 96 finished with value: 0.9207762982230634 and parameters: {'n_units': 5000, 'alpha': 0.1, 'sigma_in': 1.0, 'rho': 0.2, 'tikh': 0.1, 'option': 3}. Best is trial 25 with value: 0.02746415600995533.
[I 2025-10-06 13:35:44,034] Trial 97 finished with value: 3.3776172465179117 and parameters: {'n_units': 5000, 'alpha': 0.2, 'sigma_in': 1.0, 'rho': 0.5, 'tikh': 0.1, 'option': 2}. Best is trial 25 with value: 0.02746415600995533.
[I 2025-10-06 13:36:41,107] Trial 98 finished with value: 1.0752131120767445 and parameters: {'n_units': 4000, 'alpha': 0.1, 'sigma_in': 0.9, 'rho': 0.4, 'tikh': 0.1, 'option': 2}. Best is trial 25 with value: 0.02746415600995533.
[I 2025-10-06 13:37:53,430] Trial 99 finished with value: 1075.3192561909557 and parameters: {'n_units': 5000, 'alpha': 0.1, 'sigma_in': 1.0, 'rho': 0.6, 'tikh': 0.01, 'option': 2}. Best is trial 25 with value: 0.02746415600995533.

Best Hyperparameters: {'n_units': 5000, 'alpha': 0.2, 'sigma_in': 1.0, 'rho': 0.5, 'tikh': 0.1, 'option': 2}
Lowest Loss: 0.02746415600995533

Best Hyperparameters: {'n_units': 5000, 'alpha': 0.2, 'sigma_in': 1.0, 'rho': 0.5, 'tikh': 0.1, 'option': 2}
Training_Loss with best hyperparameters: 0.0001996951
Test_Loss with best hyperparameters: 0.0054128375
