nohup: ignoring input
[I 2025-10-06 11:34:10,183] A new study created in memory with name: no-name-618e2238-b209-4688-be69-35a9c78330e4
[I 2025-10-06 11:34:41,961] Trial 0 finished with value: 8961881.105119497 and parameters: {'n_units': 2000, 'alpha': 0.1, 'sigma_in': 1.0, 'rho': 0.4, 'tikh': 1e-08, 'option': 1}. Best is trial 0 with value: 8961881.105119497.
[I 2025-10-06 11:35:23,011] Trial 1 finished with value: 535.9422004699707 and parameters: {'n_units': 2000, 'alpha': 0.8, 'sigma_in': 0.4, 'rho': 0.9, 'tikh': 1e-05, 'option': 3}. Best is trial 1 with value: 535.9422004699707.
[I 2025-10-06 11:36:04,778] Trial 2 finished with value: 44644598.7484375 and parameters: {'n_units': 2000, 'alpha': 0.8, 'sigma_in': 0.5, 'rho': 0.7000000000000001, 'tikh': 1e-05, 'option': 1}. Best is trial 1 with value: 535.9422004699707.
[I 2025-10-06 11:37:36,069] Trial 3 finished with value: 31.792453825473785 and parameters: {'n_units': 5000, 'alpha': 0.5, 'sigma_in': 0.5, 'rho': 0.30000000000000004, 'tikh': 1e-08, 'option': 2}. Best is trial 3 with value: 31.792453825473785.
[I 2025-10-06 11:39:21,815] Trial 4 finished with value: 193788265.171875 and parameters: {'n_units': 5000, 'alpha': 0.2, 'sigma_in': 0.4, 'rho': 0.2, 'tikh': 1e-06, 'option': 1}. Best is trial 3 with value: 31.792453825473785.
[I 2025-10-06 11:40:22,099] Trial 5 finished with value: 2451.8712816238403 and parameters: {'n_units': 2000, 'alpha': 0.9, 'sigma_in': 0.2, 'rho': 0.8, 'tikh': 1e-05, 'option': 3}. Best is trial 3 with value: 31.792453825473785.
[I 2025-10-06 11:41:37,996] Trial 6 finished with value: 312518294.3808594 and parameters: {'n_units': 4000, 'alpha': 0.8, 'sigma_in': 0.5, 'rho': 0.9, 'tikh': 1e-06, 'option': 1}. Best is trial 3 with value: 31.792453825473785.
[I 2025-10-06 11:43:22,950] Trial 7 finished with value: 2134947.181604004 and parameters: {'n_units': 5000, 'alpha': 0.2, 'sigma_in': 0.30000000000000004, 'rho': 0.5, 'tikh': 0.0001, 'option': 1}. Best is trial 3 with value: 31.792453825473785.
[I 2025-10-06 11:43:39,748] Trial 8 finished with value: 2850.037991333008 and parameters: {'n_units': 1000, 'alpha': 0.8, 'sigma_in': 0.9, 'rho': 1.0, 'tikh': 0.0001, 'option': 2}. Best is trial 3 with value: 31.792453825473785.
[I 2025-10-06 11:44:37,801] Trial 9 finished with value: 26.09783740406856 and parameters: {'n_units': 2000, 'alpha': 0.30000000000000004, 'sigma_in': 0.5, 'rho': 0.1, 'tikh': 1e-07, 'option': 3}. Best is trial 9 with value: 26.09783740406856.
[I 2025-10-06 11:45:36,037] Trial 10 finished with value: 1882.1163685202598 and parameters: {'n_units': 3000, 'alpha': 0.5, 'sigma_in': 0.7000000000000001, 'rho': 0.1, 'tikh': 1e-07, 'option': 3}. Best is trial 9 with value: 26.09783740406856.
[I 2025-10-06 11:47:23,710] Trial 11 finished with value: 22.246756853390252 and parameters: {'n_units': 5000, 'alpha': 0.5, 'sigma_in': 0.7000000000000001, 'rho': 0.30000000000000004, 'tikh': 0.01, 'option': 2}. Best is trial 11 with value: 22.246756853390252.
[I 2025-10-06 11:48:47,086] Trial 12 finished with value: 901.5804540371871 and parameters: {'n_units': 4000, 'alpha': 0.4, 'sigma_in': 0.7000000000000001, 'rho': 0.1, 'tikh': 0.01, 'option': 2}. Best is trial 11 with value: 22.246756853390252.
[I 2025-10-06 11:49:45,639] Trial 13 finished with value: 9.630839163064957 and parameters: {'n_units': 3000, 'alpha': 0.30000000000000004, 'sigma_in': 0.7000000000000001, 'rho': 0.30000000000000004, 'tikh': 0.001, 'option': 2}. Best is trial 13 with value: 9.630839163064957.
[I 2025-10-06 11:50:40,003] Trial 14 finished with value: 832.9349315404892 and parameters: {'n_units': 3000, 'alpha': 0.6, 'sigma_in': 0.7000000000000001, 'rho': 0.4, 'tikh': 0.001, 'option': 2}. Best is trial 13 with value: 9.630839163064957.
[I 2025-10-06 11:51:38,526] Trial 15 finished with value: 0.07109905674442416 and parameters: {'n_units': 3000, 'alpha': 0.6, 'sigma_in': 0.8, 'rho': 0.6, 'tikh': 0.1, 'option': 2}. Best is trial 15 with value: 0.07109905674442416.
[I 2025-10-06 11:52:29,802] Trial 16 finished with value: 0.3092788150832348 and parameters: {'n_units': 3000, 'alpha': 0.6, 'sigma_in': 0.9, 'rho': 0.6, 'tikh': 0.1, 'option': 2}. Best is trial 15 with value: 0.07109905674442416.
[I 2025-10-06 11:53:24,592] Trial 17 finished with value: 0.20589054116580882 and parameters: {'n_units': 3000, 'alpha': 0.6, 'sigma_in': 0.9, 'rho': 0.6, 'tikh': 0.1, 'option': 2}. Best is trial 15 with value: 0.07109905674442416.
[I 2025-10-06 11:54:22,125] Trial 18 finished with value: 1.813661748886807 and parameters: {'n_units': 3000, 'alpha': 1.0, 'sigma_in': 0.9, 'rho': 0.6, 'tikh': 0.1, 'option': 2}. Best is trial 15 with value: 0.07109905674442416.
[I 2025-10-06 11:54:39,887] Trial 19 finished with value: 0.0568652070913231 and parameters: {'n_units': 1000, 'alpha': 0.6, 'sigma_in': 1.0, 'rho': 0.7000000000000001, 'tikh': 0.1, 'option': 2}. Best is trial 19 with value: 0.0568652070913231.
[I 2025-10-06 11:54:58,742] Trial 20 finished with value: 0.31764083275065785 and parameters: {'n_units': 1000, 'alpha': 0.7000000000000001, 'sigma_in': 1.0, 'rho': 0.7000000000000001, 'tikh': 0.1, 'option': 2}. Best is trial 19 with value: 0.0568652070913231.
[I 2025-10-06 11:55:17,843] Trial 21 finished with value: 0.5715690854180139 and parameters: {'n_units': 1000, 'alpha': 0.7000000000000001, 'sigma_in': 0.8, 'rho': 0.7000000000000001, 'tikh': 0.1, 'option': 2}. Best is trial 19 with value: 0.0568652070913231.
[I 2025-10-06 11:55:36,453] Trial 22 finished with value: 0.09330758237338159 and parameters: {'n_units': 1000, 'alpha': 0.6, 'sigma_in': 1.0, 'rho': 0.5, 'tikh': 0.1, 'option': 2}. Best is trial 19 with value: 0.0568652070913231.
[I 2025-10-06 11:55:53,089] Trial 23 finished with value: 0.2595703396189492 and parameters: {'n_units': 1000, 'alpha': 0.7000000000000001, 'sigma_in': 1.0, 'rho': 0.5, 'tikh': 0.1, 'option': 2}. Best is trial 19 with value: 0.0568652070913231.
[I 2025-10-06 11:56:11,860] Trial 24 finished with value: 0.05202573659771588 and parameters: {'n_units': 1000, 'alpha': 0.4, 'sigma_in': 0.8, 'rho': 0.8, 'tikh': 0.1, 'option': 2}. Best is trial 24 with value: 0.05202573659771588.
[I 2025-10-06 11:56:28,051] Trial 25 finished with value: 0.1211258009483572 and parameters: {'n_units': 1000, 'alpha': 0.30000000000000004, 'sigma_in': 0.8, 'rho': 0.8, 'tikh': 0.1, 'option': 2}. Best is trial 24 with value: 0.05202573659771588.
[I 2025-10-06 11:56:47,081] Trial 26 finished with value: 0.014332003864365107 and parameters: {'n_units': 1000, 'alpha': 0.4, 'sigma_in': 0.8, 'rho': 0.8, 'tikh': 0.1, 'option': 2}. Best is trial 26 with value: 0.014332003864365107.
[I 2025-10-06 11:57:05,163] Trial 27 finished with value: 0.19913175948349818 and parameters: {'n_units': 1000, 'alpha': 0.4, 'sigma_in': 0.6, 'rho': 0.8, 'tikh': 0.1, 'option': 2}. Best is trial 26 with value: 0.014332003864365107.
[I 2025-10-06 11:57:24,419] Trial 28 finished with value: 0.2843615586403757 and parameters: {'n_units': 1000, 'alpha': 0.4, 'sigma_in': 0.1, 'rho': 1.0, 'tikh': 0.1, 'option': 3}. Best is trial 26 with value: 0.014332003864365107.
[I 2025-10-06 11:57:40,613] Trial 29 finished with value: 250242.23969161214 and parameters: {'n_units': 1000, 'alpha': 0.2, 'sigma_in': 0.8, 'rho': 0.9, 'tikh': 1e-08, 'option': 2}. Best is trial 26 with value: 0.014332003864365107.
[I 2025-10-06 11:57:56,972] Trial 30 finished with value: 37.194850719635724 and parameters: {'n_units': 1000, 'alpha': 0.1, 'sigma_in': 0.6, 'rho': 0.8, 'tikh': 0.01, 'option': 1}. Best is trial 26 with value: 0.014332003864365107.
[I 2025-10-06 11:59:14,981] Trial 31 finished with value: 0.13217309701331031 and parameters: {'n_units': 4000, 'alpha': 0.4, 'sigma_in': 0.8, 'rho': 0.7000000000000001, 'tikh': 0.1, 'option': 2}. Best is trial 26 with value: 0.014332003864365107.
[I 2025-10-06 11:59:33,082] Trial 32 finished with value: 0.014966354724310803 and parameters: {'n_units': 1000, 'alpha': 0.5, 'sigma_in': 0.9, 'rho': 0.9, 'tikh': 0.1, 'option': 2}. Best is trial 26 with value: 0.014332003864365107.
[I 2025-10-06 11:59:50,364] Trial 33 finished with value: 0.009884333874197182 and parameters: {'n_units': 1000, 'alpha': 0.5, 'sigma_in': 1.0, 'rho': 0.9, 'tikh': 0.1, 'option': 2}. Best is trial 33 with value: 0.009884333874197182.
[I 2025-10-06 12:00:10,426] Trial 34 finished with value: 48403.37617893219 and parameters: {'n_units': 1000, 'alpha': 0.5, 'sigma_in': 0.9, 'rho': 0.9, 'tikh': 0.0001, 'option': 2}. Best is trial 33 with value: 0.009884333874197182.
[I 2025-10-06 12:00:26,595] Trial 35 finished with value: 353.997265958786 and parameters: {'n_units': 1000, 'alpha': 0.4, 'sigma_in': 1.0, 'rho': 1.0, 'tikh': 1e-08, 'option': 2}. Best is trial 33 with value: 0.009884333874197182.
[I 2025-10-06 12:00:46,039] Trial 36 finished with value: 1606.9587547302247 and parameters: {'n_units': 1000, 'alpha': 0.5, 'sigma_in': 0.9, 'rho': 0.9, 'tikh': 1e-05, 'option': 3}. Best is trial 33 with value: 0.009884333874197182.
[I 2025-10-06 12:01:44,625] Trial 37 finished with value: 645874.884362793 and parameters: {'n_units': 2000, 'alpha': 0.30000000000000004, 'sigma_in': 0.6, 'rho': 0.8, 'tikh': 1e-06, 'option': 1}. Best is trial 33 with value: 0.009884333874197182.
[I 2025-10-06 12:02:02,286] Trial 38 finished with value: 1047.648749923706 and parameters: {'n_units': 1000, 'alpha': 0.5, 'sigma_in': 0.8, 'rho': 1.0, 'tikh': 1e-07, 'option': 2}. Best is trial 33 with value: 0.009884333874197182.
[I 2025-10-06 12:03:48,466] Trial 39 finished with value: 16966348.39277344 and parameters: {'n_units': 5000, 'alpha': 0.4, 'sigma_in': 0.4, 'rho': 0.9, 'tikh': 1e-05, 'option': 1}. Best is trial 33 with value: 0.009884333874197182.
[I 2025-10-06 12:04:06,670] Trial 40 finished with value: 396.2435271978378 and parameters: {'n_units': 1000, 'alpha': 0.30000000000000004, 'sigma_in': 0.9, 'rho': 0.9, 'tikh': 0.001, 'option': 2}. Best is trial 33 with value: 0.009884333874197182.
[I 2025-10-06 12:04:26,930] Trial 41 finished with value: 0.6940774213217992 and parameters: {'n_units': 1000, 'alpha': 0.5, 'sigma_in': 1.0, 'rho': 0.8, 'tikh': 0.1, 'option': 2}. Best is trial 33 with value: 0.009884333874197182.
[I 2025-10-06 12:04:45,297] Trial 42 finished with value: 0.11376548792213725 and parameters: {'n_units': 1000, 'alpha': 0.7000000000000001, 'sigma_in': 1.0, 'rho': 0.7000000000000001, 'tikh': 0.1, 'option': 2}. Best is trial 33 with value: 0.009884333874197182.
[I 2025-10-06 12:05:01,880] Trial 43 finished with value: 0.04185167309160533 and parameters: {'n_units': 1000, 'alpha': 0.4, 'sigma_in': 1.0, 'rho': 0.7000000000000001, 'tikh': 0.1, 'option': 2}. Best is trial 33 with value: 0.009884333874197182.
[I 2025-10-06 12:06:21,043] Trial 44 finished with value: 101.10323038101197 and parameters: {'n_units': 4000, 'alpha': 0.4, 'sigma_in': 0.9, 'rho': 0.8, 'tikh': 1e-06, 'option': 3}. Best is trial 33 with value: 0.009884333874197182.
[I 2025-10-06 12:07:17,008] Trial 45 finished with value: 0.0036024953673404526 and parameters: {'n_units': 2000, 'alpha': 0.2, 'sigma_in': 0.9, 'rho': 0.9, 'tikh': 0.1, 'option': 2}. Best is trial 45 with value: 0.0036024953673404526.
[I 2025-10-06 12:08:12,939] Trial 46 finished with value: 2748.493425986916 and parameters: {'n_units': 2000, 'alpha': 0.1, 'sigma_in': 1.0, 'rho': 1.0, 'tikh': 0.0001, 'option': 2}. Best is trial 45 with value: 0.0036024953673404526.
[I 2025-10-06 12:09:10,331] Trial 47 finished with value: 68.70926780748559 and parameters: {'n_units': 2000, 'alpha': 0.2, 'sigma_in': 0.9, 'rho': 0.9, 'tikh': 0.1, 'option': 1}. Best is trial 45 with value: 0.0036024953673404526.
[I 2025-10-06 12:10:06,577] Trial 48 finished with value: 10699.53522553742 and parameters: {'n_units': 2000, 'alpha': 0.2, 'sigma_in': 1.0, 'rho': 0.9, 'tikh': 1e-08, 'option': 2}. Best is trial 45 with value: 0.0036024953673404526.
[I 2025-10-06 12:11:02,821] Trial 49 finished with value: 38.402547772973776 and parameters: {'n_units': 2000, 'alpha': 0.30000000000000004, 'sigma_in': 0.9, 'rho': 1.0, 'tikh': 1e-07, 'option': 2}. Best is trial 45 with value: 0.0036024953673404526.
[I 2025-10-06 12:12:47,801] Trial 50 finished with value: 148.76787582474645 and parameters: {'n_units': 5000, 'alpha': 0.1, 'sigma_in': 0.7000000000000001, 'rho': 0.9, 'tikh': 0.01, 'option': 3}. Best is trial 45 with value: 0.0036024953673404526.
[I 2025-10-06 12:13:05,584] Trial 51 finished with value: 0.023647595001239096 and parameters: {'n_units': 1000, 'alpha': 0.5, 'sigma_in': 0.8, 'rho': 0.8, 'tikh': 0.1, 'option': 2}. Best is trial 45 with value: 0.0036024953673404526.
[I 2025-10-06 12:13:26,344] Trial 52 finished with value: 0.014435263947962084 and parameters: {'n_units': 1000, 'alpha': 0.5, 'sigma_in': 0.9, 'rho': 0.8, 'tikh': 0.1, 'option': 2}. Best is trial 45 with value: 0.0036024953673404526.
[I 2025-10-06 12:14:35,733] Trial 53 finished with value: 0.04409515485531301 and parameters: {'n_units': 2000, 'alpha': 0.5, 'sigma_in': 0.8, 'rho': 0.8, 'tikh': 0.1, 'option': 2}. Best is trial 45 with value: 0.0036024953673404526.
[I 2025-10-06 12:16:00,605] Trial 54 finished with value: 0.29227898195333635 and parameters: {'n_units': 4000, 'alpha': 0.5, 'sigma_in': 0.9, 'rho': 0.9, 'tikh': 0.1, 'option': 2}. Best is trial 45 with value: 0.0036024953673404526.
[I 2025-10-06 12:16:23,802] Trial 55 finished with value: 0.5286825661762122 and parameters: {'n_units': 1000, 'alpha': 0.6, 'sigma_in': 0.7000000000000001, 'rho': 0.8, 'tikh': 0.1, 'option': 2}. Best is trial 45 with value: 0.0036024953673404526.
[I 2025-10-06 12:16:44,016] Trial 56 finished with value: 297.236726129055 and parameters: {'n_units': 1000, 'alpha': 0.5, 'sigma_in': 0.9, 'rho': 1.0, 'tikh': 0.001, 'option': 2}. Best is trial 45 with value: 0.0036024953673404526.
[I 2025-10-06 12:18:59,268] Trial 57 finished with value: 0.039386867488519786 and parameters: {'n_units': 5000, 'alpha': 0.6, 'sigma_in': 0.8, 'rho': 0.7000000000000001, 'tikh': 0.1, 'option': 2}. Best is trial 45 with value: 0.0036024953673404526.
[I 2025-10-06 12:19:18,178] Trial 58 finished with value: 1.3012040256522597 and parameters: {'n_units': 1000, 'alpha': 0.7000000000000001, 'sigma_in': 0.30000000000000004, 'rho': 0.2, 'tikh': 0.1, 'option': 2}. Best is trial 45 with value: 0.0036024953673404526.
[I 2025-10-06 12:20:14,918] Trial 59 finished with value: 301.8310232400894 and parameters: {'n_units': 2000, 'alpha': 0.5, 'sigma_in': 0.8, 'rho': 0.9, 'tikh': 1e-05, 'option': 2}. Best is trial 45 with value: 0.0036024953673404526.
[I 2025-10-06 12:20:33,182] Trial 60 finished with value: 1295.172492863238 and parameters: {'n_units': 1000, 'alpha': 0.30000000000000004, 'sigma_in': 0.9, 'rho': 0.8, 'tikh': 1e-06, 'option': 2}. Best is trial 45 with value: 0.0036024953673404526.
[I 2025-10-06 12:22:13,312] Trial 61 finished with value: 14.062764823796897 and parameters: {'n_units': 5000, 'alpha': 0.6, 'sigma_in': 0.8, 'rho': 0.7000000000000001, 'tikh': 0.1, 'option': 2}. Best is trial 45 with value: 0.0036024953673404526.
[I 2025-10-06 12:23:58,782] Trial 62 finished with value: 0.003953900484975748 and parameters: {'n_units': 5000, 'alpha': 0.6, 'sigma_in': 0.7000000000000001, 'rho': 0.8, 'tikh': 0.1, 'option': 2}. Best is trial 45 with value: 0.0036024953673404526.
[I 2025-10-06 12:25:42,619] Trial 63 finished with value: 0.322015153875509 and parameters: {'n_units': 5000, 'alpha': 0.6, 'sigma_in': 0.7000000000000001, 'rho': 0.8, 'tikh': 0.1, 'option': 2}. Best is trial 45 with value: 0.0036024953673404526.
[I 2025-10-06 12:27:30,010] Trial 64 finished with value: 0.6438559616697603 and parameters: {'n_units': 5000, 'alpha': 0.8, 'sigma_in': 0.7000000000000001, 'rho': 0.8, 'tikh': 0.1, 'option': 2}. Best is trial 45 with value: 0.0036024953673404526.
[I 2025-10-06 12:27:50,431] Trial 65 finished with value: 0.38422565616801874 and parameters: {'n_units': 1000, 'alpha': 0.5, 'sigma_in': 0.9, 'rho': 0.9, 'tikh': 0.1, 'option': 2}. Best is trial 45 with value: 0.0036024953673404526.
[I 2025-10-06 12:28:48,007] Trial 66 finished with value: 1.4201508387675859 and parameters: {'n_units': 3000, 'alpha': 0.6, 'sigma_in': 0.6, 'rho': 0.6, 'tikh': 0.1, 'option': 2}. Best is trial 45 with value: 0.0036024953673404526.
[I 2025-10-06 12:30:27,156] Trial 67 finished with value: 6433.970417785645 and parameters: {'n_units': 5000, 'alpha': 0.5, 'sigma_in': 0.8, 'rho': 0.4, 'tikh': 0.1, 'option': 1}. Best is trial 45 with value: 0.0036024953673404526.
[I 2025-10-06 12:30:46,552] Trial 68 finished with value: 7111.874922180175 and parameters: {'n_units': 1000, 'alpha': 0.8, 'sigma_in': 0.7000000000000001, 'rho': 0.9, 'tikh': 0.0001, 'option': 2}. Best is trial 45 with value: 0.0036024953673404526.
[I 2025-10-06 12:31:05,358] Trial 69 finished with value: 176.56418199539183 and parameters: {'n_units': 1000, 'alpha': 1.0, 'sigma_in': 0.9, 'rho': 1.0, 'tikh': 0.01, 'option': 3}. Best is trial 45 with value: 0.0036024953673404526.
[I 2025-10-06 12:32:27,965] Trial 70 finished with value: 0.0014298217709438176 and parameters: {'n_units': 4000, 'alpha': 0.4, 'sigma_in': 0.8, 'rho': 0.8, 'tikh': 0.1, 'option': 2}. Best is trial 70 with value: 0.0014298217709438176.
[I 2025-10-06 12:33:46,493] Trial 71 finished with value: 0.07670390635080367 and parameters: {'n_units': 4000, 'alpha': 0.4, 'sigma_in': 0.8, 'rho': 0.8, 'tikh': 0.1, 'option': 2}. Best is trial 70 with value: 0.0014298217709438176.
[I 2025-10-06 12:34:04,760] Trial 72 finished with value: 0.0531514371639787 and parameters: {'n_units': 1000, 'alpha': 0.4, 'sigma_in': 0.8, 'rho': 0.7000000000000001, 'tikh': 0.1, 'option': 2}. Best is trial 70 with value: 0.0014298217709438176.
[I 2025-10-06 12:35:32,063] Trial 73 finished with value: 0.21264865387660165 and parameters: {'n_units': 4000, 'alpha': 0.5, 'sigma_in': 0.9, 'rho': 0.8, 'tikh': 0.1, 'option': 2}. Best is trial 70 with value: 0.0014298217709438176.
[I 2025-10-06 12:36:50,269] Trial 74 finished with value: 453.25076627731323 and parameters: {'n_units': 4000, 'alpha': 0.7000000000000001, 'sigma_in': 0.8, 'rho': 0.9, 'tikh': 1e-07, 'option': 2}. Best is trial 70 with value: 0.0014298217709438176.
[I 2025-10-06 12:38:01,894] Trial 75 finished with value: 0.666569033244923 and parameters: {'n_units': 4000, 'alpha': 0.6, 'sigma_in': 0.9, 'rho': 0.8, 'tikh': 0.1, 'option': 2}. Best is trial 70 with value: 0.0014298217709438176.
[I 2025-10-06 12:38:20,589] Trial 76 finished with value: 0.050727728789706814 and parameters: {'n_units': 1000, 'alpha': 0.4, 'sigma_in': 1.0, 'rho': 0.9, 'tikh': 0.1, 'option': 2}. Best is trial 70 with value: 0.0014298217709438176.
[I 2025-10-06 12:39:18,040] Trial 77 finished with value: 1178.1489015936852 and parameters: {'n_units': 3000, 'alpha': 0.4, 'sigma_in': 0.7000000000000001, 'rho': 0.7000000000000001, 'tikh': 1e-08, 'option': 2}. Best is trial 70 with value: 0.0014298217709438176.
[I 2025-10-06 12:40:46,794] Trial 78 finished with value: 0.010345708912399231 and parameters: {'n_units': 4000, 'alpha': 0.5, 'sigma_in': 1.0, 'rho': 0.8, 'tikh': 0.1, 'option': 2}. Best is trial 70 with value: 0.0014298217709438176.
[I 2025-10-06 12:42:14,803] Trial 79 finished with value: 18356.971630859374 and parameters: {'n_units': 4000, 'alpha': 0.30000000000000004, 'sigma_in': 1.0, 'rho': 0.6, 'tikh': 0.001, 'option': 1}. Best is trial 70 with value: 0.0014298217709438176.
[I 2025-10-06 12:43:36,101] Trial 80 finished with value: 1.9700998860103027 and parameters: {'n_units': 4000, 'alpha': 0.5, 'sigma_in': 1.0, 'rho': 0.9, 'tikh': 0.1, 'option': 2}. Best is trial 70 with value: 0.0014298217709438176.
[I 2025-10-06 12:44:49,192] Trial 81 finished with value: 0.030650129814239334 and parameters: {'n_units': 4000, 'alpha': 0.5, 'sigma_in': 0.9, 'rho': 0.8, 'tikh': 0.1, 'option': 2}. Best is trial 70 with value: 0.0014298217709438176.
[I 2025-10-06 12:46:09,383] Trial 82 finished with value: 2.1462892843476764 and parameters: {'n_units': 4000, 'alpha': 0.5, 'sigma_in': 1.0, 'rho': 0.8, 'tikh': 0.1, 'option': 2}. Best is trial 70 with value: 0.0014298217709438176.
[I 2025-10-06 12:47:12,580] Trial 83 finished with value: 0.036543788015660536 and parameters: {'n_units': 2000, 'alpha': 0.6, 'sigma_in': 0.9, 'rho': 0.9, 'tikh': 0.1, 'option': 2}. Best is trial 70 with value: 0.0014298217709438176.
[I 2025-10-06 12:47:32,639] Trial 84 finished with value: 0.05380723001617298 and parameters: {'n_units': 1000, 'alpha': 0.4, 'sigma_in': 1.0, 'rho': 0.8, 'tikh': 0.1, 'option': 2}. Best is trial 70 with value: 0.0014298217709438176.
[I 2025-10-06 12:47:50,512] Trial 85 finished with value: 0.013155890523921698 and parameters: {'n_units': 1000, 'alpha': 0.2, 'sigma_in': 0.5, 'rho': 0.7000000000000001, 'tikh': 0.1, 'option': 2}. Best is trial 70 with value: 0.0014298217709438176.
[I 2025-10-06 12:49:06,511] Trial 86 finished with value: 29213.569234740735 and parameters: {'n_units': 4000, 'alpha': 0.2, 'sigma_in': 0.5, 'rho': 0.7000000000000001, 'tikh': 1e-05, 'option': 3}. Best is trial 70 with value: 0.0014298217709438176.
[I 2025-10-06 12:50:52,835] Trial 87 finished with value: 0.06318203913542675 and parameters: {'n_units': 5000, 'alpha': 0.2, 'sigma_in': 0.5, 'rho': 0.7000000000000001, 'tikh': 0.1, 'option': 2}. Best is trial 70 with value: 0.0014298217709438176.
[I 2025-10-06 12:51:09,573] Trial 88 finished with value: 2197.785673567653 and parameters: {'n_units': 1000, 'alpha': 0.1, 'sigma_in': 0.5, 'rho': 1.0, 'tikh': 1e-06, 'option': 2}. Best is trial 70 with value: 0.0014298217709438176.
[I 2025-10-06 12:51:53,624] Trial 89 finished with value: 392.54945543631914 and parameters: {'n_units': 2000, 'alpha': 0.30000000000000004, 'sigma_in': 0.4, 'rho': 0.9, 'tikh': 0.0001, 'option': 2}. Best is trial 70 with value: 0.0014298217709438176.
