[I 2025-10-06 12:52:14,882] Trial 90 finished with value: 0.11267251516110263 and parameters: {'n_units': 1000, 'alpha': 0.2, 'sigma_in': 0.6, 'rho': 0.8, 'tikh': 0.1, 'option': 2}. Best is trial 70 with value: 0.0014298217709438176.
[I 2025-10-06 12:52:32,335] Trial 91 finished with value: 0.131163931946503 and parameters: {'n_units': 1000, 'alpha': 0.5, 'sigma_in': 0.8, 'rho': 0.8, 'tikh': 0.1, 'option': 2}. Best is trial 70 with value: 0.0014298217709438176.
[I 2025-10-06 12:52:51,165] Trial 92 finished with value: 0.23814635437884135 and parameters: {'n_units': 1000, 'alpha': 0.5, 'sigma_in': 0.8, 'rho': 0.7000000000000001, 'tikh': 0.1, 'option': 2}. Best is trial 70 with value: 0.0014298217709438176.
[I 2025-10-06 12:53:09,384] Trial 93 finished with value: 0.01568693869630806 and parameters: {'n_units': 1000, 'alpha': 0.6, 'sigma_in': 0.4, 'rho': 0.8, 'tikh': 0.1, 'option': 2}. Best is trial 70 with value: 0.0014298217709438176.
[I 2025-10-06 12:53:27,880] Trial 94 finished with value: 0.756039022607547 and parameters: {'n_units': 1000, 'alpha': 0.7000000000000001, 'sigma_in': 0.4, 'rho': 0.9, 'tikh': 0.1, 'option': 2}. Best is trial 70 with value: 0.0014298217709438176.
[I 2025-10-06 12:53:46,557] Trial 95 finished with value: 1.4014053346487345 and parameters: {'n_units': 1000, 'alpha': 0.6, 'sigma_in': 0.30000000000000004, 'rho': 0.8, 'tikh': 0.01, 'option': 2}. Best is trial 70 with value: 0.0014298217709438176.
[I 2025-10-06 12:54:03,457] Trial 96 finished with value: 0.40554802362639747 and parameters: {'n_units': 1000, 'alpha': 0.6, 'sigma_in': 0.4, 'rho': 0.9, 'tikh': 0.1, 'option': 2}. Best is trial 70 with value: 0.0014298217709438176.
[I 2025-10-06 12:54:54,229] Trial 97 finished with value: 0.22099844189506257 and parameters: {'n_units': 2000, 'alpha': 0.6, 'sigma_in': 0.30000000000000004, 'rho': 0.8, 'tikh': 0.1, 'option': 2}. Best is trial 70 with value: 0.0014298217709438176.
[I 2025-10-06 12:56:50,376] Trial 98 finished with value: 16093073.789611816 and parameters: {'n_units': 5000, 'alpha': 0.30000000000000004, 'sigma_in': 0.6, 'rho': 0.5, 'tikh': 1e-07, 'option': 1}. Best is trial 70 with value: 0.0014298217709438176.
[I 2025-10-06 12:57:09,190] Trial 99 finished with value: 0.24698063375544735 and parameters: {'n_units': 1000, 'alpha': 0.4, 'sigma_in': 0.5, 'rho': 0.7000000000000001, 'tikh': 0.1, 'option': 2}. Best is trial 70 with value: 0.0014298217709438176.

Best Hyperparameters: {'n_units': 4000, 'alpha': 0.4, 'sigma_in': 0.8, 'rho': 0.8, 'tikh': 0.1, 'option': 2}
Lowest Loss: 0.0014298217709438176

Best Hyperparameters: {'n_units': 4000, 'alpha': 0.4, 'sigma_in': 0.8, 'rho': 0.8, 'tikh': 0.1, 'option': 2}
Training_Loss with best hyperparameters: 6.701354e-05
Test_Loss with best hyperparameters: 6.708113e-06
