[I 2025-10-04 02:36:22,234] Trial 90 finished with value: 200296.22502069472 and parameters: {'n_units': 2000, 'alpha': 0.2, 'sigma_in': 0.8, 'rho': 1.0, 'tikh': 0.0001, 'option': 2}. Best is trial 53 with value: 0.00017230797893716954.
[I 2025-10-04 02:37:41,677] Trial 91 finished with value: 0.0004915292076020705 and parameters: {'n_units': 2000, 'alpha': 0.2, 'sigma_in': 0.9, 'rho': 1.0, 'tikh': 0.1, 'option': 2}. Best is trial 53 with value: 0.00017230797893716954.
[I 2025-10-04 02:39:59,008] Trial 92 finished with value: 0.00021131024200258253 and parameters: {'n_units': 2000, 'alpha': 0.2, 'sigma_in': 0.9, 'rho': 1.0, 'tikh': 0.1, 'option': 2}. Best is trial 53 with value: 0.00017230797893716954.
[I 2025-10-04 02:42:41,272] Trial 93 finished with value: 0.001476660025309684 and parameters: {'n_units': 2000, 'alpha': 0.30000000000000004, 'sigma_in': 0.9, 'rho': 1.0, 'tikh': 0.1, 'option': 2}. Best is trial 53 with value: 0.00017230797893716954.
[I 2025-10-04 02:44:53,268] Trial 94 finished with value: 0.00038772420448367483 and parameters: {'n_units': 2000, 'alpha': 0.2, 'sigma_in': 0.8, 'rho': 1.0, 'tikh': 0.1, 'option': 2}. Best is trial 53 with value: 0.00017230797893716954.
[I 2025-10-04 02:46:47,376] Trial 95 finished with value: 0.0002331814237550134 and parameters: {'n_units': 2000, 'alpha': 0.2, 'sigma_in': 0.8, 'rho': 1.0, 'tikh': 0.1, 'option': 2}. Best is trial 53 with value: 0.00017230797893716954.
[I 2025-10-04 02:48:50,579] Trial 96 finished with value: 0.006523656152421608 and parameters: {'n_units': 2000, 'alpha': 0.30000000000000004, 'sigma_in': 0.7000000000000001, 'rho': 0.9, 'tikh': 0.1, 'option': 3}. Best is trial 53 with value: 0.00017230797893716954.
[I 2025-10-04 02:50:42,994] Trial 97 finished with value: 40.96993424126413 and parameters: {'n_units': 2000, 'alpha': 0.2, 'sigma_in': 0.8, 'rho': 1.0, 'tikh': 1e-07, 'option': 2}. Best is trial 53 with value: 0.00017230797893716954.
[I 2025-10-04 02:52:10,298] Trial 98 finished with value: 1986.1388816453516 and parameters: {'n_units': 3000, 'alpha': 0.8, 'sigma_in': 0.8, 'rho': 0.9, 'tikh': 0.01, 'option': 2}. Best is trial 53 with value: 0.00017230797893716954.
[I 2025-10-04 02:53:47,559] Trial 99 finished with value: 0.00040927408863353774 and parameters: {'n_units': 2000, 'alpha': 0.2, 'sigma_in': 0.8, 'rho': 1.0, 'tikh': 0.1, 'option': 2}. Best is trial 53 with value: 0.00017230797893716954.

Best Hyperparameters: {'n_units': 2000, 'alpha': 0.2, 'sigma_in': 0.9, 'rho': 1.0, 'tikh': 0.1, 'option': 2}
Lowest Loss: 0.00017230797893716954

Best Hyperparameters: {'n_units': 2000, 'alpha': 0.2, 'sigma_in': 0.9, 'rho': 1.0, 'tikh': 0.1, 'option': 2}
Training_Loss with best hyperparameters: 2.178108e-06
Test_Loss with best hyperparameters: 0.00028326362
