nohup: ignoring input
[I 2025-10-03 23:42:23,712] A new study created in memory with name: no-name-70ff48ab-50ac-453f-b0dc-563f27ae7fa3
[I 2025-10-03 23:45:10,907] Trial 0 finished with value: 3008.916287326813 and parameters: {'n_units': 2000, 'alpha': 0.30000000000000004, 'sigma_in': 0.5, 'rho': 0.6, 'tikh': 0.001, 'option': 1}. Best is trial 0 with value: 3008.916287326813.
[I 2025-10-03 23:45:49,943] Trial 1 finished with value: 16457.552471923827 and parameters: {'n_units': 1000, 'alpha': 0.9, 'sigma_in': 1.0, 'rho': 0.9, 'tikh': 0.001, 'option': 1}. Best is trial 0 with value: 3008.916287326813.
[I 2025-10-03 23:47:46,935] Trial 2 finished with value: 510955.5635128021 and parameters: {'n_units': 2000, 'alpha': 0.5, 'sigma_in': 0.9, 'rho': 0.30000000000000004, 'tikh': 0.01, 'option': 1}. Best is trial 0 with value: 3008.916287326813.
[I 2025-10-03 23:50:21,193] Trial 3 finished with value: 25515540.604164504 and parameters: {'n_units': 4000, 'alpha': 0.6, 'sigma_in': 0.30000000000000004, 'rho': 0.30000000000000004, 'tikh': 1e-07, 'option': 3}. Best is trial 0 with value: 3008.916287326813.
[I 2025-10-03 23:53:02,810] Trial 4 finished with value: 8882444.878710937 and parameters: {'n_units': 4000, 'alpha': 0.9, 'sigma_in': 0.4, 'rho': 0.5, 'tikh': 1e-05, 'option': 1}. Best is trial 0 with value: 3008.916287326813.
[I 2025-10-03 23:54:48,221] Trial 5 finished with value: 299.31135091652396 and parameters: {'n_units': 3000, 'alpha': 0.4, 'sigma_in': 0.2, 'rho': 0.4, 'tikh': 0.0001, 'option': 3}. Best is trial 5 with value: 299.31135091652396.
[I 2025-10-03 23:56:04,870] Trial 6 finished with value: 351815.8150932312 and parameters: {'n_units': 2000, 'alpha': 0.9, 'sigma_in': 0.5, 'rho': 0.6, 'tikh': 1e-08, 'option': 2}. Best is trial 5 with value: 299.31135091652396.
[I 2025-10-03 23:57:38,482] Trial 7 finished with value: 267340.94807281496 and parameters: {'n_units': 3000, 'alpha': 0.4, 'sigma_in': 0.1, 'rho': 1.0, 'tikh': 0.001, 'option': 1}. Best is trial 5 with value: 299.31135091652396.
[I 2025-10-03 23:59:15,199] Trial 8 finished with value: 22.030896532535554 and parameters: {'n_units': 3000, 'alpha': 0.5, 'sigma_in': 1.0, 'rho': 0.1, 'tikh': 0.1, 'option': 1}. Best is trial 8 with value: 22.030896532535554.
[I 2025-10-04 00:00:47,541] Trial 9 finished with value: 757.6179467916488 and parameters: {'n_units': 3000, 'alpha': 0.6, 'sigma_in': 0.8, 'rho': 0.6, 'tikh': 0.1, 'option': 1}. Best is trial 8 with value: 22.030896532535554.
[I 2025-10-04 00:03:21,227] Trial 10 finished with value: 927.9360355788667 and parameters: {'n_units': 5000, 'alpha': 0.2, 'sigma_in': 0.7000000000000001, 'rho': 0.1, 'tikh': 1e-06, 'option': 2}. Best is trial 8 with value: 22.030896532535554.
[I 2025-10-04 00:04:35,505] Trial 11 finished with value: 0.4156338630244136 and parameters: {'n_units': 3000, 'alpha': 0.1, 'sigma_in': 0.1, 'rho': 0.2, 'tikh': 0.0001, 'option': 3}. Best is trial 11 with value: 0.4156338630244136.
[I 2025-10-04 00:06:00,830] Trial 12 finished with value: 415.7317035377026 and parameters: {'n_units': 3000, 'alpha': 0.1, 'sigma_in': 0.7000000000000001, 'rho': 0.1, 'tikh': 0.0001, 'option': 3}. Best is trial 11 with value: 0.4156338630244136.
[I 2025-10-04 00:07:17,608] Trial 13 finished with value: 1.980483177304268 and parameters: {'n_units': 3000, 'alpha': 0.7000000000000001, 'sigma_in': 0.1, 'rho': 0.2, 'tikh': 0.1, 'option': 3}. Best is trial 11 with value: 0.4156338630244136.
[I 2025-10-04 00:07:55,752] Trial 14 finished with value: 197.73548436448908 and parameters: {'n_units': 1000, 'alpha': 0.7000000000000001, 'sigma_in': 0.1, 'rho': 0.30000000000000004, 'tikh': 0.0001, 'option': 3}. Best is trial 11 with value: 0.4156338630244136.
[I 2025-10-04 00:10:22,586] Trial 15 finished with value: 3.491319000907242 and parameters: {'n_units': 5000, 'alpha': 0.7000000000000001, 'sigma_in': 0.30000000000000004, 'rho': 0.2, 'tikh': 0.1, 'option': 3}. Best is trial 11 with value: 0.4156338630244136.
[I 2025-10-04 00:11:56,701] Trial 16 finished with value: 748.6423474631272 and parameters: {'n_units': 3000, 'alpha': 0.1, 'sigma_in': 0.2, 'rho': 0.4, 'tikh': 1e-08, 'option': 3}. Best is trial 11 with value: 0.4156338630244136.
[I 2025-10-04 00:13:20,834] Trial 17 finished with value: 348627.1869628906 and parameters: {'n_units': 3000, 'alpha': 1.0, 'sigma_in': 0.1, 'rho': 0.8, 'tikh': 1e-07, 'option': 3}. Best is trial 11 with value: 0.4156338630244136.
[I 2025-10-04 00:14:54,669] Trial 18 finished with value: 5077.340799883008 and parameters: {'n_units': 3000, 'alpha': 0.7000000000000001, 'sigma_in': 0.30000000000000004, 'rho': 0.2, 'tikh': 1e-05, 'option': 3}. Best is trial 11 with value: 0.4156338630244136.
[I 2025-10-04 00:15:17,844] Trial 19 finished with value: 53.101653412682936 and parameters: {'n_units': 1000, 'alpha': 0.30000000000000004, 'sigma_in': 0.2, 'rho': 0.4, 'tikh': 1e-06, 'option': 2}. Best is trial 11 with value: 0.4156338630244136.
[I 2025-10-04 00:17:52,686] Trial 20 finished with value: 251363.64352223874 and parameters: {'n_units': 5000, 'alpha': 0.8, 'sigma_in': 0.4, 'rho': 0.7000000000000001, 'tikh': 0.01, 'option': 3}. Best is trial 11 with value: 0.4156338630244136.
[I 2025-10-04 00:20:21,860] Trial 21 finished with value: 1.2543152632191776 and parameters: {'n_units': 5000, 'alpha': 0.7000000000000001, 'sigma_in': 0.30000000000000004, 'rho': 0.2, 'tikh': 0.1, 'option': 3}. Best is trial 11 with value: 0.4156338630244136.
[I 2025-10-04 00:23:20,944] Trial 22 finished with value: 2.244938066229224 and parameters: {'n_units': 5000, 'alpha': 0.8, 'sigma_in': 0.1, 'rho': 0.2, 'tikh': 0.1, 'option': 3}. Best is trial 11 with value: 0.4156338630244136.
[I 2025-10-04 00:27:42,380] Trial 23 finished with value: 0.47306198850274084 and parameters: {'n_units': 5000, 'alpha': 0.6, 'sigma_in': 0.2, 'rho': 0.2, 'tikh': 0.1, 'option': 3}. Best is trial 11 with value: 0.4156338630244136.
[I 2025-10-04 00:30:31,804] Trial 24 finished with value: 502.0266396701336 and parameters: {'n_units': 5000, 'alpha': 0.4, 'sigma_in': 0.4, 'rho': 0.30000000000000004, 'tikh': 0.0001, 'option': 3}. Best is trial 11 with value: 0.4156338630244136.
[I 2025-10-04 00:33:33,695] Trial 25 finished with value: 0.05697404593229294 and parameters: {'n_units': 5000, 'alpha': 0.6, 'sigma_in': 0.2, 'rho': 0.5, 'tikh': 0.1, 'option': 3}. Best is trial 25 with value: 0.05697404593229294.
[I 2025-10-04 00:36:18,579] Trial 26 finished with value: 0.3577732602250762 and parameters: {'n_units': 5000, 'alpha': 0.5, 'sigma_in': 0.2, 'rho': 0.5, 'tikh': 0.1, 'option': 2}. Best is trial 25 with value: 0.05697404593229294.
[I 2025-10-04 00:39:43,544] Trial 27 finished with value: 1103.9099939215928 and parameters: {'n_units': 5000, 'alpha': 0.2, 'sigma_in': 0.6, 'rho': 0.5, 'tikh': 0.0001, 'option': 2}. Best is trial 25 with value: 0.05697404593229294.
[I 2025-10-04 00:42:24,855] Trial 28 finished with value: 0.0329209124436602 and parameters: {'n_units': 4000, 'alpha': 0.30000000000000004, 'sigma_in': 0.2, 'rho': 0.7000000000000001, 'tikh': 0.1, 'option': 2}. Best is trial 28 with value: 0.0329209124436602.
[I 2025-10-04 00:44:21,041] Trial 29 finished with value: 0.003180442421580665 and parameters: {'n_units': 4000, 'alpha': 0.30000000000000004, 'sigma_in': 0.4, 'rho': 0.7000000000000001, 'tikh': 0.1, 'option': 2}. Best is trial 29 with value: 0.003180442421580665.
[I 2025-10-04 00:46:32,594] Trial 30 finished with value: 0.004146979044890031 and parameters: {'n_units': 4000, 'alpha': 0.30000000000000004, 'sigma_in': 0.5, 'rho': 0.7000000000000001, 'tikh': 0.1, 'option': 2}. Best is trial 29 with value: 0.003180442421580665.
[I 2025-10-04 00:49:22,004] Trial 31 finished with value: 0.0018647717042767908 and parameters: {'n_units': 4000, 'alpha': 0.30000000000000004, 'sigma_in': 0.6, 'rho': 0.7000000000000001, 'tikh': 0.1, 'option': 2}. Best is trial 31 with value: 0.0018647717042767908.
[I 2025-10-04 00:52:39,980] Trial 32 finished with value: 0.0027546378332772292 and parameters: {'n_units': 4000, 'alpha': 0.30000000000000004, 'sigma_in': 0.6, 'rho': 0.7000000000000001, 'tikh': 0.1, 'option': 2}. Best is trial 31 with value: 0.0018647717042767908.
[I 2025-10-04 00:55:01,023] Trial 33 finished with value: 0.0006315592449027463 and parameters: {'n_units': 4000, 'alpha': 0.2, 'sigma_in': 0.6, 'rho': 0.8, 'tikh': 0.1, 'option': 2}. Best is trial 33 with value: 0.0006315592449027463.
[I 2025-10-04 00:56:49,221] Trial 34 finished with value: 1035.5269240210182 and parameters: {'n_units': 4000, 'alpha': 0.2, 'sigma_in': 0.6, 'rho': 0.8, 'tikh': 0.001, 'option': 2}. Best is trial 33 with value: 0.0006315592449027463.
[I 2025-10-04 00:59:23,254] Trial 35 finished with value: 2261.649494727049 and parameters: {'n_units': 4000, 'alpha': 0.2, 'sigma_in': 0.7000000000000001, 'rho': 0.8, 'tikh': 0.01, 'option': 2}. Best is trial 33 with value: 0.0006315592449027463.
[I 2025-10-04 01:02:15,344] Trial 36 finished with value: 1130.7678762435912 and parameters: {'n_units': 4000, 'alpha': 0.4, 'sigma_in': 0.6, 'rho': 0.9, 'tikh': 1e-07, 'option': 2}. Best is trial 33 with value: 0.0006315592449027463.
[I 2025-10-04 01:04:11,503] Trial 37 finished with value: 286.6573625087738 and parameters: {'n_units': 4000, 'alpha': 0.30000000000000004, 'sigma_in': 0.5, 'rho': 0.9, 'tikh': 1e-05, 'option': 2}. Best is trial 33 with value: 0.0006315592449027463.
[I 2025-10-04 01:06:44,530] Trial 38 finished with value: 0.0009598770035154303 and parameters: {'n_units': 4000, 'alpha': 0.4, 'sigma_in': 0.8, 'rho': 0.7000000000000001, 'tikh': 0.1, 'option': 2}. Best is trial 33 with value: 0.0006315592449027463.
[I 2025-10-04 01:09:15,538] Trial 39 finished with value: 656.6896438749857 and parameters: {'n_units': 2000, 'alpha': 0.4, 'sigma_in': 0.8, 'rho': 0.6, 'tikh': 1e-08, 'option': 2}. Best is trial 33 with value: 0.0006315592449027463.
[I 2025-10-04 01:11:16,183] Trial 40 finished with value: 0.08097916103579336 and parameters: {'n_units': 4000, 'alpha': 0.5, 'sigma_in': 0.8, 'rho': 1.0, 'tikh': 0.1, 'option': 2}. Best is trial 33 with value: 0.0006315592449027463.
[I 2025-10-04 01:13:33,121] Trial 41 finished with value: 0.008969635648463736 and parameters: {'n_units': 4000, 'alpha': 0.30000000000000004, 'sigma_in': 0.9, 'rho': 0.7000000000000001, 'tikh': 0.1, 'option': 2}. Best is trial 33 with value: 0.0006315592449027463.
[I 2025-10-04 01:15:58,842] Trial 42 finished with value: 0.0011177017091540619 and parameters: {'n_units': 4000, 'alpha': 0.2, 'sigma_in': 0.5, 'rho': 0.8, 'tikh': 0.1, 'option': 2}. Best is trial 33 with value: 0.0006315592449027463.
[I 2025-10-04 01:18:14,724] Trial 43 finished with value: 0.001112293251662777 and parameters: {'n_units': 4000, 'alpha': 0.2, 'sigma_in': 0.6, 'rho': 0.8, 'tikh': 0.1, 'option': 2}. Best is trial 33 with value: 0.0006315592449027463.
[I 2025-10-04 01:20:28,275] Trial 44 finished with value: 148678.9880485773 and parameters: {'n_units': 4000, 'alpha': 0.2, 'sigma_in': 0.7000000000000001, 'rho': 0.8, 'tikh': 0.001, 'option': 2}. Best is trial 33 with value: 0.0006315592449027463.
[I 2025-10-04 01:22:26,441] Trial 45 finished with value: 8693.136320520658 and parameters: {'n_units': 4000, 'alpha': 0.1, 'sigma_in': 0.5, 'rho': 0.9, 'tikh': 1e-06, 'option': 1}. Best is trial 33 with value: 0.0006315592449027463.
[I 2025-10-04 01:23:44,448] Trial 46 finished with value: 0.0014473688523139571 and parameters: {'n_units': 2000, 'alpha': 0.2, 'sigma_in': 0.9, 'rho': 0.8, 'tikh': 0.1, 'option': 2}. Best is trial 33 with value: 0.0006315592449027463.
[I 2025-10-04 01:26:22,836] Trial 47 finished with value: 0.0009974594051527675 and parameters: {'n_units': 2000, 'alpha': 0.2, 'sigma_in': 1.0, 'rho': 0.8, 'tikh': 0.1, 'option': 2}. Best is trial 33 with value: 0.0006315592449027463.
[I 2025-10-04 01:27:55,799] Trial 48 finished with value: 0.0006208183433045634 and parameters: {'n_units': 2000, 'alpha': 0.1, 'sigma_in': 1.0, 'rho': 0.9, 'tikh': 0.1, 'option': 2}. Best is trial 48 with value: 0.0006208183433045634.
[I 2025-10-04 01:29:35,426] Trial 49 finished with value: 4644.979994859546 and parameters: {'n_units': 2000, 'alpha': 0.1, 'sigma_in': 1.0, 'rho': 1.0, 'tikh': 1e-07, 'option': 1}. Best is trial 48 with value: 0.0006208183433045634.
[I 2025-10-04 01:30:27,275] Trial 50 finished with value: 2373.5173662096263 and parameters: {'n_units': 2000, 'alpha': 0.1, 'sigma_in': 1.0, 'rho': 0.9, 'tikh': 0.01, 'option': 2}. Best is trial 48 with value: 0.0006208183433045634.
[I 2025-10-04 01:32:21,957] Trial 51 finished with value: 0.00030025393825781064 and parameters: {'n_units': 2000, 'alpha': 0.2, 'sigma_in': 0.9, 'rho': 0.9, 'tikh': 0.1, 'option': 2}. Best is trial 51 with value: 0.00030025393825781064.
[I 2025-10-04 01:35:00,777] Trial 52 finished with value: 0.001132588801192469 and parameters: {'n_units': 2000, 'alpha': 0.1, 'sigma_in': 0.9, 'rho': 0.9, 'tikh': 0.1, 'option': 2}. Best is trial 51 with value: 0.00030025393825781064.
[I 2025-10-04 01:36:05,545] Trial 53 finished with value: 0.00017230797893716954 and parameters: {'n_units': 2000, 'alpha': 0.2, 'sigma_in': 0.9, 'rho': 1.0, 'tikh': 0.1, 'option': 2}. Best is trial 53 with value: 0.00017230797893716954.
[I 2025-10-04 01:37:39,035] Trial 54 finished with value: 1332.1803405883722 and parameters: {'n_units': 2000, 'alpha': 0.2, 'sigma_in': 0.9, 'rho': 1.0, 'tikh': 1e-05, 'option': 2}. Best is trial 53 with value: 0.00017230797893716954.
[I 2025-10-04 01:40:15,901] Trial 55 finished with value: 3414.758465952659 and parameters: {'n_units': 2000, 'alpha': 0.1, 'sigma_in': 1.0, 'rho': 1.0, 'tikh': 1e-08, 'option': 2}. Best is trial 53 with value: 0.00017230797893716954.
[I 2025-10-04 01:41:35,425] Trial 56 finished with value: 0.0018973983362229774 and parameters: {'n_units': 2000, 'alpha': 0.4, 'sigma_in': 0.8, 'rho': 0.9, 'tikh': 0.1, 'option': 2}. Best is trial 53 with value: 0.00017230797893716954.
[I 2025-10-04 01:43:19,630] Trial 57 finished with value: 67842.46148047448 and parameters: {'n_units': 2000, 'alpha': 0.2, 'sigma_in': 0.9, 'rho': 1.0, 'tikh': 1e-06, 'option': 1}. Best is trial 53 with value: 0.00017230797893716954.
[I 2025-10-04 01:44:12,912] Trial 58 finished with value: 0.000816785389179131 and parameters: {'n_units': 1000, 'alpha': 0.1, 'sigma_in': 1.0, 'rho': 0.9, 'tikh': 0.1, 'option': 2}. Best is trial 53 with value: 0.00017230797893716954.
[I 2025-10-04 01:44:51,324] Trial 59 finished with value: 0.0015798915257619229 and parameters: {'n_units': 1000, 'alpha': 0.1, 'sigma_in': 1.0, 'rho': 0.9, 'tikh': 0.1, 'option': 2}. Best is trial 53 with value: 0.00017230797893716954.
[I 2025-10-04 01:45:34,334] Trial 60 finished with value: 0.0013023694009461906 and parameters: {'n_units': 1000, 'alpha': 0.1, 'sigma_in': 0.8, 'rho': 0.9, 'tikh': 0.1, 'option': 2}. Best is trial 53 with value: 0.00017230797893716954.
[I 2025-10-04 01:46:15,800] Trial 61 finished with value: 0.0014459082467510598 and parameters: {'n_units': 1000, 'alpha': 0.2, 'sigma_in': 1.0, 'rho': 0.8, 'tikh': 0.1, 'option': 2}. Best is trial 53 with value: 0.00017230797893716954.
[I 2025-10-04 01:48:45,376] Trial 62 finished with value: 0.0004719553131508292 and parameters: {'n_units': 2000, 'alpha': 0.1, 'sigma_in': 0.9, 'rho': 1.0, 'tikh': 0.1, 'option': 2}. Best is trial 53 with value: 0.00017230797893716954.
[I 2025-10-04 01:51:01,928] Trial 63 finished with value: 0.0009347611183329718 and parameters: {'n_units': 2000, 'alpha': 0.1, 'sigma_in': 0.9, 'rho': 1.0, 'tikh': 0.1, 'option': 2}. Best is trial 53 with value: 0.00017230797893716954.
[I 2025-10-04 01:52:02,558] Trial 64 finished with value: 107.87101513594389 and parameters: {'n_units': 2000, 'alpha': 0.1, 'sigma_in': 0.9, 'rho': 1.0, 'tikh': 0.001, 'option': 2}. Best is trial 53 with value: 0.00017230797893716954.
[I 2025-10-04 01:54:22,714] Trial 65 finished with value: 0.0003484093576844316 and parameters: {'n_units': 2000, 'alpha': 0.1, 'sigma_in': 0.9, 'rho': 1.0, 'tikh': 0.1, 'option': 2}. Best is trial 53 with value: 0.00017230797893716954.
[I 2025-10-04 01:56:30,373] Trial 66 finished with value: 0.00020300020769354888 and parameters: {'n_units': 2000, 'alpha': 0.1, 'sigma_in': 0.9, 'rho': 1.0, 'tikh': 0.1, 'option': 2}. Best is trial 53 with value: 0.00017230797893716954.
[I 2025-10-04 01:57:52,688] Trial 67 finished with value: 0.07439725276781246 and parameters: {'n_units': 2000, 'alpha': 0.1, 'sigma_in': 0.9, 'rho': 1.0, 'tikh': 0.1, 'option': 1}. Best is trial 53 with value: 0.00017230797893716954.
[I 2025-10-04 02:00:30,383] Trial 68 finished with value: 78.02930583432317 and parameters: {'n_units': 2000, 'alpha': 0.1, 'sigma_in': 0.8, 'rho': 1.0, 'tikh': 1e-07, 'option': 2}. Best is trial 53 with value: 0.00017230797893716954.
[I 2025-10-04 02:02:50,008] Trial 69 finished with value: 0.0015273385162799969 and parameters: {'n_units': 2000, 'alpha': 0.2, 'sigma_in': 0.7000000000000001, 'rho': 1.0, 'tikh': 0.1, 'option': 2}. Best is trial 53 with value: 0.00017230797893716954.
[I 2025-10-04 02:03:48,866] Trial 70 finished with value: 9.627581095194909 and parameters: {'n_units': 2000, 'alpha': 0.1, 'sigma_in': 0.9, 'rho': 0.9, 'tikh': 0.01, 'option': 2}. Best is trial 53 with value: 0.00017230797893716954.
[I 2025-10-04 02:04:32,910] Trial 71 finished with value: 0.0009494284910033457 and parameters: {'n_units': 1000, 'alpha': 0.1, 'sigma_in': 1.0, 'rho': 0.9, 'tikh': 0.1, 'option': 2}. Best is trial 53 with value: 0.00017230797893716954.
[I 2025-10-04 02:05:35,023] Trial 72 finished with value: 0.000283315850992949 and parameters: {'n_units': 2000, 'alpha': 0.1, 'sigma_in': 0.9, 'rho': 1.0, 'tikh': 0.1, 'option': 2}. Best is trial 53 with value: 0.00017230797893716954.
[I 2025-10-04 02:07:26,871] Trial 73 finished with value: 0.00032406144937340285 and parameters: {'n_units': 2000, 'alpha': 0.2, 'sigma_in': 0.8, 'rho': 1.0, 'tikh': 0.1, 'option': 2}. Best is trial 53 with value: 0.00017230797893716954.
[I 2025-10-04 02:09:14,425] Trial 74 finished with value: 1869.15572316763 and parameters: {'n_units': 2000, 'alpha': 0.1, 'sigma_in': 0.9, 'rho': 1.0, 'tikh': 0.0001, 'option': 2}. Best is trial 53 with value: 0.00017230797893716954.
[I 2025-10-04 02:10:57,762] Trial 75 finished with value: 0.0010005583117163042 and parameters: {'n_units': 2000, 'alpha': 0.2, 'sigma_in': 0.8, 'rho': 1.0, 'tikh': 0.1, 'option': 2}. Best is trial 53 with value: 0.00017230797893716954.
[I 2025-10-04 02:12:32,018] Trial 76 finished with value: 1917.5800555876456 and parameters: {'n_units': 2000, 'alpha': 0.1, 'sigma_in': 0.9, 'rho': 1.0, 'tikh': 1e-05, 'option': 2}. Best is trial 53 with value: 0.00017230797893716954.
[I 2025-10-04 02:14:11,318] Trial 77 finished with value: 35077.796668243405 and parameters: {'n_units': 2000, 'alpha': 1.0, 'sigma_in': 0.9, 'rho': 1.0, 'tikh': 1e-08, 'option': 2}. Best is trial 53 with value: 0.00017230797893716954.
[I 2025-10-04 02:15:44,417] Trial 78 finished with value: 0.0008129693325827248 and parameters: {'n_units': 2000, 'alpha': 0.2, 'sigma_in': 0.8, 'rho': 0.9, 'tikh': 0.1, 'option': 2}. Best is trial 53 with value: 0.00017230797893716954.
[I 2025-10-04 02:17:09,446] Trial 79 finished with value: 0.0012165545034804382 and parameters: {'n_units': 2000, 'alpha': 0.30000000000000004, 'sigma_in': 1.0, 'rho': 1.0, 'tikh': 0.1, 'option': 2}. Best is trial 53 with value: 0.00017230797893716954.
[I 2025-10-04 02:18:46,114] Trial 80 finished with value: 0.0003916402327377 and parameters: {'n_units': 2000, 'alpha': 0.1, 'sigma_in': 0.9, 'rho': 1.0, 'tikh': 0.1, 'option': 2}. Best is trial 53 with value: 0.00017230797893716954.
[I 2025-10-04 02:20:24,727] Trial 81 finished with value: 0.000443455374079349 and parameters: {'n_units': 2000, 'alpha': 0.1, 'sigma_in': 0.9, 'rho': 1.0, 'tikh': 0.1, 'option': 2}. Best is trial 53 with value: 0.00017230797893716954.
[I 2025-10-04 02:22:38,916] Trial 82 finished with value: 0.0005465489244670607 and parameters: {'n_units': 2000, 'alpha': 0.1, 'sigma_in': 0.9, 'rho': 1.0, 'tikh': 0.1, 'option': 2}. Best is trial 53 with value: 0.00017230797893716954.
[I 2025-10-04 02:25:28,857] Trial 83 finished with value: 0.00031054970695549856 and parameters: {'n_units': 2000, 'alpha': 0.2, 'sigma_in': 0.8, 'rho': 1.0, 'tikh': 0.1, 'option': 2}. Best is trial 53 with value: 0.00017230797893716954.
[I 2025-10-04 02:27:25,535] Trial 84 finished with value: 1657.2243199795485 and parameters: {'n_units': 2000, 'alpha': 0.2, 'sigma_in': 0.8, 'rho': 1.0, 'tikh': 1e-06, 'option': 2}. Best is trial 53 with value: 0.00017230797893716954.
[I 2025-10-04 02:29:10,836] Trial 85 finished with value: 0.0003230730954783212 and parameters: {'n_units': 2000, 'alpha': 0.2, 'sigma_in': 0.8, 'rho': 1.0, 'tikh': 0.1, 'option': 2}. Best is trial 53 with value: 0.00017230797893716954.
[I 2025-10-04 02:30:44,767] Trial 86 finished with value: 0.0019272417295724154 and parameters: {'n_units': 2000, 'alpha': 0.30000000000000004, 'sigma_in': 0.7000000000000001, 'rho': 1.0, 'tikh': 0.1, 'option': 2}. Best is trial 53 with value: 0.00017230797893716954.
[I 2025-10-04 02:32:08,687] Trial 87 finished with value: 0.11551433451095364 and parameters: {'n_units': 3000, 'alpha': 0.2, 'sigma_in': 0.8, 'rho': 0.9, 'tikh': 0.1, 'option': 1}. Best is trial 53 with value: 0.00017230797893716954.
[I 2025-10-04 02:34:05,672] Trial 88 finished with value: 0.0037846504681510853 and parameters: {'n_units': 2000, 'alpha': 0.2, 'sigma_in': 0.8, 'rho': 1.0, 'tikh': 0.1, 'option': 2}. Best is trial 53 with value: 0.00017230797893716954.
[I 2025-10-04 02:35:13,468] Trial 89 finished with value: 380.2776519730687 and parameters: {'n_units': 2000, 'alpha': 0.30000000000000004, 'sigma_in': 0.7000000000000001, 'rho': 0.9, 'tikh': 0.001, 'option': 2}. Best is trial 53 with value: 0.00017230797893716954.
