[I 2025-10-03 22:56:43,514] Trial 90 finished with value: 584.0311323165894 and parameters: {'n_units': 4000, 'alpha': 0.30000000000000004, 'sigma_in': 0.5, 'rho': 0.9, 'tikh': 0.001, 'option': 2}. Best is trial 83 with value: 5.30612171132816e-05.
[I 2025-10-03 22:57:07,180] Trial 91 finished with value: 0.0006037027931597549 and parameters: {'n_units': 4000, 'alpha': 0.2, 'sigma_in': 0.4, 'rho': 1.0, 'tikh': 0.1, 'option': 2}. Best is trial 83 with value: 5.30612171132816e-05.
[I 2025-10-03 22:57:29,954] Trial 92 finished with value: 0.00029207560910435857 and parameters: {'n_units': 4000, 'alpha': 0.2, 'sigma_in': 0.4, 'rho': 1.0, 'tikh': 0.1, 'option': 2}. Best is trial 83 with value: 5.30612171132816e-05.
[I 2025-10-03 22:57:53,070] Trial 93 finished with value: 0.00013934188737039222 and parameters: {'n_units': 4000, 'alpha': 0.2, 'sigma_in': 0.5, 'rho': 1.0, 'tikh': 0.1, 'option': 2}. Best is trial 83 with value: 5.30612171132816e-05.
[I 2025-10-03 22:58:16,453] Trial 94 finished with value: 0.0004991062195585982 and parameters: {'n_units': 4000, 'alpha': 0.2, 'sigma_in': 0.4, 'rho': 1.0, 'tikh': 0.1, 'option': 2}. Best is trial 83 with value: 5.30612171132816e-05.
[I 2025-10-03 22:58:40,074] Trial 95 finished with value: 0.0003027693077456206 and parameters: {'n_units': 4000, 'alpha': 0.30000000000000004, 'sigma_in': 0.4, 'rho': 1.0, 'tikh': 0.1, 'option': 2}. Best is trial 83 with value: 5.30612171132816e-05.
[I 2025-10-03 22:58:56,013] Trial 96 finished with value: 6024.5663974761965 and parameters: {'n_units': 3000, 'alpha': 0.30000000000000004, 'sigma_in': 0.4, 'rho': 1.0, 'tikh': 0.0001, 'option': 2}. Best is trial 83 with value: 5.30612171132816e-05.
[I 2025-10-03 22:59:16,249] Trial 97 finished with value: 39.32722568511963 and parameters: {'n_units': 4000, 'alpha': 0.30000000000000004, 'sigma_in': 0.30000000000000004, 'rho': 1.0, 'tikh': 1e-07, 'option': 2}. Best is trial 83 with value: 5.30612171132816e-05.
[I 2025-10-03 22:59:36,834] Trial 98 finished with value: 0.0002281916775245918 and parameters: {'n_units': 4000, 'alpha': 0.2, 'sigma_in': 0.4, 'rho': 0.9, 'tikh': 0.1, 'option': 2}. Best is trial 83 with value: 5.30612171132816e-05.
[I 2025-10-03 23:00:05,790] Trial 99 finished with value: 5.172067802966922 and parameters: {'n_units': 5000, 'alpha': 0.2, 'sigma_in': 0.4, 'rho': 1.0, 'tikh': 0.1, 'option': 1}. Best is trial 83 with value: 5.30612171132816e-05.

Best Hyperparameters: {'n_units': 4000, 'alpha': 0.2, 'sigma_in': 0.5, 'rho': 1.0, 'tikh': 0.1, 'option': 2}
Lowest Loss: 5.30612171132816e-05

Best Hyperparameters: {'n_units': 4000, 'alpha': 0.2, 'sigma_in': 0.5, 'rho': 1.0, 'tikh': 0.1, 'option': 2}
Training_Loss with best hyperparameters: 9.2502023e-07
Test_Loss with best hyperparameters: 0.0006986271
