nohup: ignoring input
[I 2025-10-03 22:08:20,796] A new study created in memory with name: no-name-2079f884-2daf-42c1-abbb-c59bc5e50447
[I 2025-10-03 22:11:03,867] Trial 0 finished with value: 16060910.1765625 and parameters: {'n_units': 5000, 'alpha': 0.5, 'sigma_in': 0.2, 'rho': 1.0, 'tikh': 1e-05, 'option': 1}. Best is trial 0 with value: 16060910.1765625.
[I 2025-10-03 22:12:46,795] Trial 1 finished with value: 11.61433732509613 and parameters: {'n_units': 3000, 'alpha': 0.30000000000000004, 'sigma_in': 0.5, 'rho': 0.2, 'tikh': 1e-07, 'option': 2}. Best is trial 1 with value: 11.61433732509613.
[I 2025-10-03 22:15:22,860] Trial 2 finished with value: 507.2742650985718 and parameters: {'n_units': 3000, 'alpha': 0.6, 'sigma_in': 0.9, 'rho': 0.8, 'tikh': 0.01, 'option': 3}. Best is trial 1 with value: 11.61433732509613.
[I 2025-10-03 22:18:19,314] Trial 3 finished with value: 0.460956613579765 and parameters: {'n_units': 3000, 'alpha': 1.0, 'sigma_in': 1.0, 'rho': 0.30000000000000004, 'tikh': 0.1, 'option': 3}. Best is trial 3 with value: 0.460956613579765.
[I 2025-10-03 22:25:17,238] Trial 4 finished with value: 763.8784912109375 and parameters: {'n_units': 5000, 'alpha': 0.7000000000000001, 'sigma_in': 0.4, 'rho': 0.8, 'tikh': 1e-07, 'option': 3}. Best is trial 3 with value: 0.460956613579765.
[I 2025-10-03 22:26:17,662] Trial 5 finished with value: 0.004368023591814563 and parameters: {'n_units': 1000, 'alpha': 0.30000000000000004, 'sigma_in': 0.9, 'rho': 0.8, 'tikh': 0.1, 'option': 2}. Best is trial 5 with value: 0.004368023591814563.
[I 2025-10-03 22:26:59,814] Trial 6 finished with value: 0.25901998123154046 and parameters: {'n_units': 1000, 'alpha': 0.6, 'sigma_in': 0.4, 'rho': 0.1, 'tikh': 0.1, 'option': 3}. Best is trial 5 with value: 0.004368023591814563.
[I 2025-10-03 22:27:43,051] Trial 7 finished with value: 28602.167406032793 and parameters: {'n_units': 1000, 'alpha': 0.30000000000000004, 'sigma_in': 1.0, 'rho': 0.4, 'tikh': 0.001, 'option': 3}. Best is trial 5 with value: 0.004368023591814563.
[I 2025-10-03 22:29:41,829] Trial 8 finished with value: 78723787.05 and parameters: {'n_units': 3000, 'alpha': 0.9, 'sigma_in': 0.30000000000000004, 'rho': 0.1, 'tikh': 0.001, 'option': 1}. Best is trial 5 with value: 0.004368023591814563.
[I 2025-10-03 22:30:38,341] Trial 9 finished with value: 19335031.15 and parameters: {'n_units': 1000, 'alpha': 1.0, 'sigma_in': 0.4, 'rho': 1.0, 'tikh': 0.001, 'option': 1}. Best is trial 5 with value: 0.004368023591814563.
[I 2025-10-03 22:33:42,336] Trial 10 finished with value: 31.814830999076367 and parameters: {'n_units': 4000, 'alpha': 0.1, 'sigma_in': 0.7000000000000001, 'rho': 0.6, 'tikh': 0.0001, 'option': 2}. Best is trial 5 with value: 0.004368023591814563.
[I 2025-10-03 22:33:54,848] Trial 11 finished with value: 0.15649121620226653 and parameters: {'n_units': 2000, 'alpha': 0.4, 'sigma_in': 0.7000000000000001, 'rho': 0.6, 'tikh': 0.1, 'option': 2}. Best is trial 5 with value: 0.004368023591814563.
[I 2025-10-03 22:34:09,589] Trial 12 finished with value: 361.3283016294241 and parameters: {'n_units': 2000, 'alpha': 0.30000000000000004, 'sigma_in': 0.8, 'rho': 0.6, 'tikh': 1e-08, 'option': 2}. Best is trial 5 with value: 0.004368023591814563.
[I 2025-10-03 22:34:24,639] Trial 13 finished with value: 1.2537855884060263 and parameters: {'n_units': 2000, 'alpha': 0.1, 'sigma_in': 0.7000000000000001, 'rho': 0.8, 'tikh': 1e-06, 'option': 2}. Best is trial 5 with value: 0.004368023591814563.
[I 2025-10-03 22:34:35,097] Trial 14 finished with value: 0.008297550529823639 and parameters: {'n_units': 2000, 'alpha': 0.4, 'sigma_in': 0.7000000000000001, 'rho': 0.5, 'tikh': 0.1, 'option': 2}. Best is trial 5 with value: 0.004368023591814563.
[I 2025-10-03 22:34:57,533] Trial 15 finished with value: 0.007413474353961646 and parameters: {'n_units': 4000, 'alpha': 0.2, 'sigma_in': 0.6, 'rho': 0.4, 'tikh': 0.1, 'option': 2}. Best is trial 5 with value: 0.004368023591814563.
[I 2025-10-03 22:35:21,588] Trial 16 finished with value: 0.05591772869229317 and parameters: {'n_units': 4000, 'alpha': 0.2, 'sigma_in': 0.1, 'rho': 0.4, 'tikh': 0.1, 'option': 2}. Best is trial 5 with value: 0.004368023591814563.
[I 2025-10-03 22:35:45,714] Trial 17 finished with value: 722.9883388519287 and parameters: {'n_units': 4000, 'alpha': 0.2, 'sigma_in': 0.6, 'rho': 0.7000000000000001, 'tikh': 1e-05, 'option': 2}. Best is trial 5 with value: 0.004368023591814563.
[I 2025-10-03 22:36:17,441] Trial 18 finished with value: 66.31479997634888 and parameters: {'n_units': 4000, 'alpha': 0.2, 'sigma_in': 0.9, 'rho': 0.9, 'tikh': 1e-08, 'option': 2}. Best is trial 5 with value: 0.004368023591814563.
[I 2025-10-03 22:36:24,048] Trial 19 finished with value: 1363.9645548820495 and parameters: {'n_units': 1000, 'alpha': 0.4, 'sigma_in': 0.6, 'rho': 0.4, 'tikh': 1e-06, 'option': 2}. Best is trial 5 with value: 0.004368023591814563.
[I 2025-10-03 22:36:52,279] Trial 20 finished with value: 3921342.30625 and parameters: {'n_units': 4000, 'alpha': 0.8, 'sigma_in': 0.9, 'rho': 0.7000000000000001, 'tikh': 0.01, 'option': 1}. Best is trial 5 with value: 0.004368023591814563.
[I 2025-10-03 22:37:11,887] Trial 21 finished with value: 0.009115883021149785 and parameters: {'n_units': 2000, 'alpha': 0.4, 'sigma_in': 0.8, 'rho': 0.5, 'tikh': 0.1, 'option': 2}. Best is trial 5 with value: 0.004368023591814563.
[I 2025-10-03 22:37:25,182] Trial 22 finished with value: 0.11298080198466778 and parameters: {'n_units': 2000, 'alpha': 0.5, 'sigma_in': 0.8, 'rho': 0.5, 'tikh': 0.1, 'option': 2}. Best is trial 5 with value: 0.004368023591814563.
[I 2025-10-03 22:37:30,683] Trial 23 finished with value: 0.10789972327183932 and parameters: {'n_units': 1000, 'alpha': 0.30000000000000004, 'sigma_in': 0.6, 'rho': 0.30000000000000004, 'tikh': 0.1, 'option': 2}. Best is trial 5 with value: 0.004368023591814563.
[I 2025-10-03 22:37:59,632] Trial 24 finished with value: 1301.5991814643144 and parameters: {'n_units': 5000, 'alpha': 0.1, 'sigma_in': 0.5, 'rho': 0.30000000000000004, 'tikh': 0.0001, 'option': 2}. Best is trial 5 with value: 0.004368023591814563.
[I 2025-10-03 22:38:04,959] Trial 25 finished with value: 0.16704561985097827 and parameters: {'n_units': 1000, 'alpha': 0.4, 'sigma_in': 0.7000000000000001, 'rho': 0.5, 'tikh': 0.1, 'option': 2}. Best is trial 5 with value: 0.004368023591814563.
[I 2025-10-03 22:38:16,061] Trial 26 finished with value: 0.07691324906772934 and parameters: {'n_units': 2000, 'alpha': 0.2, 'sigma_in': 0.8, 'rho': 0.7000000000000001, 'tikh': 0.1, 'option': 2}. Best is trial 5 with value: 0.004368023591814563.
[I 2025-10-03 22:38:37,742] Trial 27 finished with value: 0.0038366867927834393 and parameters: {'n_units': 4000, 'alpha': 0.5, 'sigma_in': 0.9, 'rho': 0.4, 'tikh': 0.1, 'option': 2}. Best is trial 27 with value: 0.0038366867927834393.
[I 2025-10-03 22:39:03,029] Trial 28 finished with value: 0.050209016725420955 and parameters: {'n_units': 4000, 'alpha': 0.7000000000000001, 'sigma_in': 1.0, 'rho': 0.2, 'tikh': 0.1, 'option': 2}. Best is trial 27 with value: 0.0038366867927834393.
[I 2025-10-03 22:39:20,388] Trial 29 finished with value: 2927235.5517578125 and parameters: {'n_units': 4000, 'alpha': 0.5, 'sigma_in': 0.9, 'rho': 1.0, 'tikh': 1e-05, 'option': 1}. Best is trial 27 with value: 0.0038366867927834393.
[I 2025-10-03 22:39:40,062] Trial 30 finished with value: 56662291635.2 and parameters: {'n_units': 4000, 'alpha': 0.5, 'sigma_in': 0.2, 'rho': 0.4, 'tikh': 1e-06, 'option': 1}. Best is trial 27 with value: 0.0038366867927834393.
[I 2025-10-03 22:40:07,524] Trial 31 finished with value: 0.02369869507383555 and parameters: {'n_units': 5000, 'alpha': 0.4, 'sigma_in': 0.8, 'rho': 0.5, 'tikh': 0.1, 'option': 2}. Best is trial 27 with value: 0.0038366867927834393.
[I 2025-10-03 22:40:28,231] Trial 32 finished with value: 149.25070497989654 and parameters: {'n_units': 4000, 'alpha': 0.30000000000000004, 'sigma_in': 0.5, 'rho': 0.30000000000000004, 'tikh': 1e-07, 'option': 2}. Best is trial 27 with value: 0.0038366867927834393.
[I 2025-10-03 22:40:51,857] Trial 33 finished with value: 0.2646781224058941 and parameters: {'n_units': 4000, 'alpha': 0.6, 'sigma_in': 0.6, 'rho': 0.4, 'tikh': 0.1, 'option': 2}. Best is trial 27 with value: 0.0038366867927834393.
[I 2025-10-03 22:41:08,143] Trial 34 finished with value: 2.92311128154397 and parameters: {'n_units': 3000, 'alpha': 0.5, 'sigma_in': 0.9, 'rho': 0.2, 'tikh': 0.01, 'option': 2}. Best is trial 27 with value: 0.0038366867927834393.
[I 2025-10-03 22:41:21,149] Trial 35 finished with value: 1.4620111248921603 and parameters: {'n_units': 2000, 'alpha': 0.30000000000000004, 'sigma_in': 1.0, 'rho': 0.9, 'tikh': 0.1, 'option': 3}. Best is trial 27 with value: 0.0038366867927834393.
[I 2025-10-03 22:41:27,233] Trial 36 finished with value: 1800.6319122314453 and parameters: {'n_units': 1000, 'alpha': 0.7000000000000001, 'sigma_in': 0.7000000000000001, 'rho': 0.6, 'tikh': 1e-07, 'option': 2}. Best is trial 27 with value: 0.0038366867927834393.
[I 2025-10-03 22:41:57,035] Trial 37 finished with value: 0.4209329484612681 and parameters: {'n_units': 5000, 'alpha': 0.2, 'sigma_in': 0.9, 'rho': 0.30000000000000004, 'tikh': 0.1, 'option': 3}. Best is trial 27 with value: 0.0038366867927834393.
[I 2025-10-03 22:42:13,557] Trial 38 finished with value: 67.932301902771 and parameters: {'n_units': 3000, 'alpha': 0.4, 'sigma_in': 1.0, 'rho': 0.5, 'tikh': 1e-08, 'option': 2}. Best is trial 27 with value: 0.0038366867927834393.
[I 2025-10-03 22:42:19,999] Trial 39 finished with value: 6.478049039840698 and parameters: {'n_units': 1000, 'alpha': 0.6, 'sigma_in': 0.4, 'rho': 0.2, 'tikh': 0.0001, 'option': 3}. Best is trial 27 with value: 0.0038366867927834393.
[I 2025-10-03 22:42:42,278] Trial 40 finished with value: 245.52593631744384 and parameters: {'n_units': 4000, 'alpha': 0.30000000000000004, 'sigma_in': 0.8, 'rho': 0.4, 'tikh': 1e-05, 'option': 2}. Best is trial 27 with value: 0.0038366867927834393.
[I 2025-10-03 22:42:54,696] Trial 41 finished with value: 0.20040217745117844 and parameters: {'n_units': 2000, 'alpha': 0.4, 'sigma_in': 0.8, 'rho': 0.5, 'tikh': 0.1, 'option': 2}. Best is trial 27 with value: 0.0038366867927834393.
[I 2025-10-03 22:43:06,481] Trial 42 finished with value: 0.3123139074072242 and parameters: {'n_units': 2000, 'alpha': 0.4, 'sigma_in': 0.7000000000000001, 'rho': 0.5, 'tikh': 0.1, 'option': 2}. Best is trial 27 with value: 0.0038366867927834393.
[I 2025-10-03 22:43:17,104] Trial 43 finished with value: 0.03587852686177939 and parameters: {'n_units': 2000, 'alpha': 0.5, 'sigma_in': 0.8, 'rho': 0.6, 'tikh': 0.1, 'option': 2}. Best is trial 27 with value: 0.0038366867927834393.
[I 2025-10-03 22:43:28,444] Trial 44 finished with value: 89.86179872751237 and parameters: {'n_units': 2000, 'alpha': 0.30000000000000004, 'sigma_in': 0.9, 'rho': 0.7000000000000001, 'tikh': 0.001, 'option': 2}. Best is trial 27 with value: 0.0038366867927834393.
[I 2025-10-03 22:43:40,325] Trial 45 finished with value: 824.380989074707 and parameters: {'n_units': 2000, 'alpha': 0.5, 'sigma_in': 0.7000000000000001, 'rho': 0.4, 'tikh': 0.1, 'option': 1}. Best is trial 27 with value: 0.0038366867927834393.
[I 2025-10-03 22:43:57,436] Trial 46 finished with value: 0.010283579654060303 and parameters: {'n_units': 3000, 'alpha': 0.2, 'sigma_in': 0.6, 'rho': 0.6, 'tikh': 0.1, 'option': 2}. Best is trial 27 with value: 0.0038366867927834393.
[I 2025-10-03 22:44:03,081] Trial 47 finished with value: 0.004324228219047654 and parameters: {'n_units': 1000, 'alpha': 0.1, 'sigma_in': 1.0, 'rho': 0.8, 'tikh': 0.01, 'option': 2}. Best is trial 27 with value: 0.0038366867927834393.
[I 2025-10-03 22:44:08,473] Trial 48 finished with value: 0.004275327893992653 and parameters: {'n_units': 1000, 'alpha': 0.1, 'sigma_in': 1.0, 'rho': 0.8, 'tikh': 0.01, 'option': 3}. Best is trial 27 with value: 0.0038366867927834393.
[I 2025-10-03 22:44:14,659] Trial 49 finished with value: 0.016766600652772468 and parameters: {'n_units': 1000, 'alpha': 0.1, 'sigma_in': 1.0, 'rho': 0.8, 'tikh': 0.01, 'option': 3}. Best is trial 27 with value: 0.0038366867927834393.
[I 2025-10-03 22:44:20,822] Trial 50 finished with value: 0.09806495136217563 and parameters: {'n_units': 1000, 'alpha': 0.1, 'sigma_in': 1.0, 'rho': 0.9, 'tikh': 0.01, 'option': 3}. Best is trial 27 with value: 0.0038366867927834393.
[I 2025-10-03 22:44:26,894] Trial 51 finished with value: 0.061013408449070994 and parameters: {'n_units': 1000, 'alpha': 0.1, 'sigma_in': 1.0, 'rho': 0.8, 'tikh': 0.01, 'option': 3}. Best is trial 27 with value: 0.0038366867927834393.
[I 2025-10-03 22:44:32,316] Trial 52 finished with value: 3.896872758120298 and parameters: {'n_units': 1000, 'alpha': 0.2, 'sigma_in': 0.9, 'rho': 0.9, 'tikh': 0.01, 'option': 3}. Best is trial 27 with value: 0.0038366867927834393.
[I 2025-10-03 22:44:38,560] Trial 53 finished with value: 3.5859404542366975 and parameters: {'n_units': 1000, 'alpha': 0.2, 'sigma_in': 0.9, 'rho': 0.8, 'tikh': 0.01, 'option': 2}. Best is trial 27 with value: 0.0038366867927834393.
[I 2025-10-03 22:44:44,000] Trial 54 finished with value: 3.2686709862551653 and parameters: {'n_units': 1000, 'alpha': 0.1, 'sigma_in': 1.0, 'rho': 0.7000000000000001, 'tikh': 0.01, 'option': 3}. Best is trial 27 with value: 0.0038366867927834393.
[I 2025-10-03 22:44:50,438] Trial 55 finished with value: 14.715343255922198 and parameters: {'n_units': 1000, 'alpha': 0.30000000000000004, 'sigma_in': 1.0, 'rho': 0.8, 'tikh': 0.001, 'option': 2}. Best is trial 27 with value: 0.0038366867927834393.
[I 2025-10-03 22:45:09,850] Trial 56 finished with value: 36.23208392262459 and parameters: {'n_units': 4000, 'alpha': 0.2, 'sigma_in': 0.9, 'rho': 0.9, 'tikh': 1e-08, 'option': 2}. Best is trial 27 with value: 0.0038366867927834393.
[I 2025-10-03 22:45:15,346] Trial 57 finished with value: 138036928.16816407 and parameters: {'n_units': 1000, 'alpha': 0.1, 'sigma_in': 0.4, 'rho': 0.7000000000000001, 'tikh': 1e-06, 'option': 1}. Best is trial 27 with value: 0.0038366867927834393.
[I 2025-10-03 22:45:34,164] Trial 58 finished with value: 924.9750569015741 and parameters: {'n_units': 4000, 'alpha': 0.1, 'sigma_in': 0.5, 'rho': 0.8, 'tikh': 0.0001, 'option': 2}. Best is trial 27 with value: 0.0038366867927834393.
[I 2025-10-03 22:46:01,867] Trial 59 finished with value: 116.89685479402542 and parameters: {'n_units': 5000, 'alpha': 0.30000000000000004, 'sigma_in': 1.0, 'rho': 1.0, 'tikh': 1e-07, 'option': 2}. Best is trial 27 with value: 0.0038366867927834393.
[I 2025-10-03 22:46:08,210] Trial 60 finished with value: 0.011794461309909821 and parameters: {'n_units': 1000, 'alpha': 0.2, 'sigma_in': 0.9, 'rho': 0.4, 'tikh': 0.01, 'option': 3}. Best is trial 27 with value: 0.0038366867927834393.
[I 2025-10-03 22:46:19,123] Trial 61 finished with value: 0.016086515935603528 and parameters: {'n_units': 2000, 'alpha': 0.4, 'sigma_in': 0.8, 'rho': 0.5, 'tikh': 0.1, 'option': 2}. Best is trial 27 with value: 0.0038366867927834393.
[I 2025-10-03 22:46:31,370] Trial 62 finished with value: 0.07685655131936073 and parameters: {'n_units': 2000, 'alpha': 0.4, 'sigma_in': 0.7000000000000001, 'rho': 0.30000000000000004, 'tikh': 0.1, 'option': 2}. Best is trial 27 with value: 0.0038366867927834393.
[I 2025-10-03 22:46:53,267] Trial 63 finished with value: 0.09639361525769345 and parameters: {'n_units': 4000, 'alpha': 0.6, 'sigma_in': 0.8, 'rho': 0.4, 'tikh': 0.1, 'option': 2}. Best is trial 27 with value: 0.0038366867927834393.
[I 2025-10-03 22:46:59,060] Trial 64 finished with value: 84.77909173965455 and parameters: {'n_units': 1000, 'alpha': 0.30000000000000004, 'sigma_in': 0.7000000000000001, 'rho': 0.6, 'tikh': 1e-05, 'option': 2}. Best is trial 27 with value: 0.0038366867927834393.
[I 2025-10-03 22:47:23,000] Trial 65 finished with value: 0.0012672276236116887 and parameters: {'n_units': 4000, 'alpha': 0.1, 'sigma_in': 0.6, 'rho': 0.5, 'tikh': 0.1, 'option': 2}. Best is trial 65 with value: 0.0012672276236116887.
[I 2025-10-03 22:47:43,165] Trial 66 finished with value: 0.0014302300463896246 and parameters: {'n_units': 4000, 'alpha': 0.1, 'sigma_in': 0.6, 'rho': 0.6, 'tikh': 0.1, 'option': 2}. Best is trial 65 with value: 0.0012672276236116887.
[I 2025-10-03 22:48:03,822] Trial 67 finished with value: 0.0033590468810871243 and parameters: {'n_units': 4000, 'alpha': 0.1, 'sigma_in': 0.30000000000000004, 'rho': 0.7000000000000001, 'tikh': 0.1, 'option': 2}. Best is trial 65 with value: 0.0012672276236116887.
[I 2025-10-03 22:48:22,571] Trial 68 finished with value: 0.01023851940408349 and parameters: {'n_units': 4000, 'alpha': 0.1, 'sigma_in': 0.30000000000000004, 'rho': 0.6, 'tikh': 0.1, 'option': 2}. Best is trial 65 with value: 0.0012672276236116887.
[I 2025-10-03 22:48:42,955] Trial 69 finished with value: 165439.7782584993 and parameters: {'n_units': 4000, 'alpha': 0.1, 'sigma_in': 0.2, 'rho': 0.7000000000000001, 'tikh': 0.01, 'option': 1}. Best is trial 65 with value: 0.0012672276236116887.
[I 2025-10-03 22:49:03,163] Trial 70 finished with value: 13.056953489780426 and parameters: {'n_units': 4000, 'alpha': 0.1, 'sigma_in': 0.1, 'rho': 0.7000000000000001, 'tikh': 1e-06, 'option': 2}. Best is trial 65 with value: 0.0012672276236116887.
[I 2025-10-03 22:49:24,613] Trial 71 finished with value: 0.004803700366755948 and parameters: {'n_units': 4000, 'alpha': 0.2, 'sigma_in': 0.6, 'rho': 0.8, 'tikh': 0.1, 'option': 2}. Best is trial 65 with value: 0.0012672276236116887.
[I 2025-10-03 22:49:46,434] Trial 72 finished with value: 0.42709610677993626 and parameters: {'n_units': 4000, 'alpha': 0.1, 'sigma_in': 0.30000000000000004, 'rho': 0.8, 'tikh': 0.1, 'option': 2}. Best is trial 65 with value: 0.0012672276236116887.
[I 2025-10-03 22:50:08,165] Trial 73 finished with value: 0.003176755167669398 and parameters: {'n_units': 4000, 'alpha': 0.2, 'sigma_in': 0.5, 'rho': 0.8, 'tikh': 0.1, 'option': 2}. Best is trial 65 with value: 0.0012672276236116887.
[I 2025-10-03 22:50:29,902] Trial 74 finished with value: 0.5275387474801392 and parameters: {'n_units': 4000, 'alpha': 0.9, 'sigma_in': 0.5, 'rho': 0.7000000000000001, 'tikh': 0.1, 'option': 2}. Best is trial 65 with value: 0.0012672276236116887.
[I 2025-10-03 22:50:51,952] Trial 75 finished with value: 0.0030374487192602827 and parameters: {'n_units': 4000, 'alpha': 0.1, 'sigma_in': 0.5, 'rho': 0.8, 'tikh': 0.1, 'option': 2}. Best is trial 65 with value: 0.0012672276236116887.
[I 2025-10-03 22:51:14,560] Trial 76 finished with value: 0.000244449962337967 and parameters: {'n_units': 4000, 'alpha': 0.1, 'sigma_in': 0.5, 'rho': 0.8, 'tikh': 0.1, 'option': 2}. Best is trial 76 with value: 0.000244449962337967.
[I 2025-10-03 22:51:39,597] Trial 77 finished with value: 0.0002531040721805766 and parameters: {'n_units': 4000, 'alpha': 0.1, 'sigma_in': 0.5, 'rho': 0.9, 'tikh': 0.1, 'option': 2}. Best is trial 76 with value: 0.000244449962337967.
[I 2025-10-03 22:52:03,247] Trial 78 finished with value: 0.0006495557245216332 and parameters: {'n_units': 4000, 'alpha': 0.1, 'sigma_in': 0.5, 'rho': 0.9, 'tikh': 0.1, 'option': 2}. Best is trial 76 with value: 0.000244449962337967.
[I 2025-10-03 22:52:26,719] Trial 79 finished with value: 0.0011924576137971599 and parameters: {'n_units': 4000, 'alpha': 0.2, 'sigma_in': 0.5, 'rho': 0.9, 'tikh': 0.1, 'option': 2}. Best is trial 76 with value: 0.000244449962337967.
[I 2025-10-03 22:52:49,183] Trial 80 finished with value: 0.001768541368073784 and parameters: {'n_units': 4000, 'alpha': 0.2, 'sigma_in': 0.5, 'rho': 1.0, 'tikh': 0.1, 'option': 2}. Best is trial 76 with value: 0.000244449962337967.
[I 2025-10-03 22:53:12,909] Trial 81 finished with value: 0.0008750399696509703 and parameters: {'n_units': 4000, 'alpha': 0.2, 'sigma_in': 0.5, 'rho': 1.0, 'tikh': 0.1, 'option': 2}. Best is trial 76 with value: 0.000244449962337967.
[I 2025-10-03 22:53:35,925] Trial 82 finished with value: 0.0010086944774229778 and parameters: {'n_units': 4000, 'alpha': 0.2, 'sigma_in': 0.5, 'rho': 1.0, 'tikh': 0.1, 'option': 2}. Best is trial 76 with value: 0.000244449962337967.
[I 2025-10-03 22:53:58,871] Trial 83 finished with value: 5.30612171132816e-05 and parameters: {'n_units': 4000, 'alpha': 0.2, 'sigma_in': 0.5, 'rho': 1.0, 'tikh': 0.1, 'option': 2}. Best is trial 83 with value: 5.30612171132816e-05.
[I 2025-10-03 22:54:22,372] Trial 84 finished with value: 0.0005484834378876258 and parameters: {'n_units': 4000, 'alpha': 0.2, 'sigma_in': 0.4, 'rho': 1.0, 'tikh': 0.1, 'option': 2}. Best is trial 83 with value: 5.30612171132816e-05.
[I 2025-10-03 22:54:45,078] Trial 85 finished with value: 0.018045723081741016 and parameters: {'n_units': 4000, 'alpha': 0.2, 'sigma_in': 0.4, 'rho': 1.0, 'tikh': 0.1, 'option': 2}. Best is trial 83 with value: 5.30612171132816e-05.
[I 2025-10-03 22:55:07,731] Trial 86 finished with value: 0.003426934617709776 and parameters: {'n_units': 4000, 'alpha': 0.2, 'sigma_in': 0.4, 'rho': 1.0, 'tikh': 0.1, 'option': 2}. Best is trial 83 with value: 5.30612171132816e-05.
[I 2025-10-03 22:55:31,021] Trial 87 finished with value: 0.0012528779654530809 and parameters: {'n_units': 4000, 'alpha': 0.2, 'sigma_in': 0.4, 'rho': 0.9, 'tikh': 0.1, 'option': 2}. Best is trial 83 with value: 5.30612171132816e-05.
[I 2025-10-03 22:55:55,695] Trial 88 finished with value: 0.020133666254696436 and parameters: {'n_units': 4000, 'alpha': 0.2, 'sigma_in': 0.4, 'rho': 0.9, 'tikh': 0.1, 'option': 2}. Best is trial 83 with value: 5.30612171132816e-05.
[I 2025-10-03 22:56:19,698] Trial 89 finished with value: 128.3458710670471 and parameters: {'n_units': 4000, 'alpha': 0.2, 'sigma_in': 0.5, 'rho': 1.0, 'tikh': 1e-08, 'option': 2}. Best is trial 83 with value: 5.30612171132816e-05.
